0 0 0.000000 0.197809 0.128035 0.197033 0.127783
0 1 0.476190 0.182644 0.119677 0.183650 0.120336
0 2 0.952381 0.171716 0.113373 0.171902 0.113350
0 3 1.428571 0.164486 0.107463 0.164848 0.108111
0 4 1.904762 0.158311 0.103505 0.159193 0.104009
0 5 2.380952 0.152942 0.101363 0.152574 0.100835
0 6 2.857143 0.149891 0.097681 0.148832 0.096758
0 7 3.333333 0.141470 0.092866 0.138592 0.091288
0 8 3.809524 0.134235 0.087717 0.133376 0.087139
0 9 4.285714 0.131583 0.086029 0.130797 0.085491
0 10 4.761905 0.129783 0.083279 0.130774 0.084280
0 11 5.238095 0.125561 0.082478 0.125562 0.082861
0 12 5.714286 0.127404 0.081911 0.127008 0.081729
0 13 6.190476 0.121105 0.079814 0.121984 0.079856
0 14 6.666667 0.120179 0.078680 0.120679 0.079070
0 15 7.142857 0.118571 0.078061 0.115998 0.076153
0 16 7.619048 0.116422 0.076261 0.116966 0.076902
0 17 8.095238 0.112581 0.074008 0.113048 0.074681
0 18 8.571428 0.110134 0.072559 0.110785 0.073359
0 19 9.047619 0.109775 0.073043 0.109850 0.072957
0 20 9.523809 0.107634 0.070996 0.108685 0.072291
1 0 10.000000 0.109032 0.071240 0.109609 0.071520
1 1 10.476191 0.103951 0.069187 0.105797 0.070313
1 2 10.952381 0.103465 0.068786 0.105083 0.069988
1 3 11.428572 0.103333 0.068323 0.104040 0.068765
1 4 11.904762 0.102540 0.067964 0.101452 0.067392
1 5 12.380953 0.101106 0.066642 0.101845 0.067412
1 6 12.857142 0.100323 0.066615 0.100553 0.066655
1 7 13.333333 0.099890 0.066789 0.100614 0.066640
1 8 13.809524 0.101133 0.066277 0.102739 0.067303
1 9 14.285714 0.098407 0.065346 0.099467 0.066039
1 10 14.761905 0.096530 0.064174 0.096882 0.064471
1 11 15.238095 0.098685 0.064981 0.097516 0.064010
1 12 15.714286 0.097773 0.065200 0.096102 0.063805
1 13 16.190475 0.096451 0.064096 0.096072 0.063940
1 14 16.666666 0.098828 0.066127 0.096654 0.064517
1 15 17.142857 0.095230 0.062821 0.095760 0.062658
1 16 17.619047 0.094905 0.063599 0.094301 0.062885
1 17 18.095238 0.094641 0.063221 0.094835 0.063050
1 18 18.571428 0.096442 0.063220 0.096394 0.063215
1 19 19.047619 0.096126 0.062860 0.097481 0.063693
1 20 19.523809 0.094543 0.062944 0.094042 0.062331
2 0 20.000000 0.093462 0.062223 0.093884 0.062408
2 1 20.476191 0.093862 0.062311 0.094078 0.062552
2 2 20.952381 0.092114 0.061407 0.092585 0.061903
2 3 21.428572 0.091800 0.061724 0.090265 0.060743
2 4 21.904762 0.093228 0.061783 0.092850 0.061659
2 5 22.380953 0.090498 0.060698 0.090545 0.060645
2 6 22.857143 0.092622 0.061507 0.091387 0.060718
2 7 23.333334 0.089852 0.060222 0.091228 0.061291
2 8 23.809525 0.089515 0.060019 0.090431 0.060780
2 9 24.285715 0.089912 0.060398 0.090024 0.060431
2 10 24.761906 0.088829 0.059447 0.090557 0.060754
2 11 25.238094 0.089413 0.059857 0.089777 0.060464
2 12 25.714285 0.088999 0.060047 0.088666 0.059793
2 13 26.190475 0.089182 0.060473 0.088300 0.059627
2 14 26.666666 0.088466 0.059185 0.088391 0.059232
2 15 27.142857 0.087585 0.059316 0.089158 0.060051
2 16 27.619047 0.088210 0.059176 0.088699 0.060078
2 17 28.095238 0.087848 0.058944 0.089277 0.059808
2 18 28.571428 0.089610 0.059714 0.088539 0.058780
2 19 29.047619 0.085754 0.058028 0.087382 0.058679
2 20 29.523809 0.085993 0.057798 0.086195 0.058407
3 0 30.000000 0.088685 0.059217 0.088621 0.059178
3 1 30.476191 0.087063 0.058522 0.086548 0.058108
3 2 30.952381 0.086195 0.058585 0.085006 0.057353
3 3 31.428572 0.085976 0.057834 0.086169 0.057886
3 4 31.904762 0.085674 0.057854 0.085609 0.057866
3 5 32.380951 0.087175 0.058514 0.086927 0.058564
3 6 32.857143 0.086064 0.057618 0.086588 0.057792
3 7 33.333332 0.086410 0.058601 0.084838 0.057226
3 8 33.809525 0.085350 0.057528 0.084898 0.057332
3 9 34.285713 0.086196 0.057345 0.085810 0.057285
3 10 34.761906 0.085474 0.057903 0.084566 0.057038
3 11 35.238094 0.083995 0.056279 0.083942 0.056873
3 12 35.714287 0.084562 0.057685 0.084794 0.057309
3 13 36.190475 0.085099 0.057268 0.085713 0.057567
3 14 36.666668 0.083739 0.056564 0.084159 0.057033
3 15 37.142857 0.084626 0.057587 0.083071 0.056456
3 16 37.619049 0.083330 0.055971 0.084972 0.056550
3 17 38.095238 0.083727 0.056694 0.083503 0.056471
3 18 38.571430 0.082712 0.055643 0.083985 0.056172
3 19 39.047619 0.083601 0.056629 0.083773 0.056481
3 20 39.523811 0.083225 0.056783 0.082512 0.056104
4 0 40.000000 0.084783 0.057617 0.083330 0.056162
4 1 40.476189 0.082856 0.056528 0.082673 0.056259
4 2 40.952381 0.086180 0.057953 0.083629 0.056235
4 3 41.428570 0.082204 0.055585 0.082615 0.056085
4 4 41.904762 0.083704 0.056931 0.082083 0.055707
4 5 42.380951 0.080800 0.054672 0.081357 0.055159
4 6 42.857143 0.082433 0.055514 0.082924 0.055583
4 7 43.333332 0.082532 0.055560 0.082216 0.055789
4 8 43.809525 0.080649 0.054702 0.080001 0.054421
4 9 44.285713 0.080679 0.054795 0.080156 0.054517
4 10 44.761906 0.081304 0.055589 0.081314 0.055697
4 11 45.238094 0.081137 0.055138 0.079255 0.054101
4 12 45.714287 0.080725 0.054803 0.079502 0.054351
4 13 46.190475 0.081235 0.054499 0.081975 0.054718
4 14 46.666668 0.080658 0.054499 0.081255 0.055121
4 15 47.142857 0.080753 0.054896 0.078864 0.053257
4 16 47.619049 0.080758 0.055331 0.080433 0.054835
4 17 48.095238 0.077692 0.052846 0.078762 0.053378
4 18 48.571430 0.079690 0.053992 0.079616 0.054447
4 19 49.047619 0.079413 0.053815 0.079907 0.054013
4 20 49.523811 0.080356 0.054394 0.079605 0.053534
5 0 50.000000 0.078205 0.052766 0.079557 0.053659
5 1 50.476189 0.077166 0.052496 0.078550 0.053438
5 2 50.952381 0.078622 0.052814 0.079764 0.053744
5 3 51.428570 0.076596 0.052065 0.078129 0.053097
5 4 51.904762 0.077253 0.052455 0.077385 0.052800
5 5 52.380951 0.077616 0.052840 0.078809 0.054144
5 6 52.857143 0.077240 0.052767 0.077818 0.052781
5 7 53.333332 0.076448 0.052141 0.075553 0.051351
5 8 53.809525 0.075940 0.051554 0.076748 0.052277
5 9 54.285713 0.075670 0.050999 0.075202 0.051365
5 10 54.761906 0.077127 0.052234 0.078611 0.053319
5 11 55.238094 0.075158 0.051461 0.076194 0.052143
5 12 55.714287 0.074695 0.051384 0.074140 0.050423
5 13 56.190475 0.076627 0.051822 0.076332 0.051641
5 14 56.666668 0.075683 0.051613 0.074514 0.050802
5 15 57.142857 0.077475 0.052458 0.077314 0.052208
5 16 57.619049 0.075817 0.051362 0.076724 0.051865
5 17 58.095238 0.075031 0.050654 0.076260 0.051414
5 18 58.571430 0.073982 0.050665 0.074102 0.050417
5 19 59.047619 0.073295 0.050314 0.073498 0.050198
5 20 59.523811 0.073422 0.049953 0.072434 0.049546
6 0 60.000000 0.072909 0.049712 0.072221 0.049277
6 1 60.476189 0.072349 0.049098 0.071583 0.048802
6 2 60.952381 0.072718 0.049092 0.073410 0.049961
6 3 61.428570 0.072590 0.049422 0.072211 0.049323
6 4 61.904762 0.072498 0.049082 0.072850 0.048767
6 5 62.380951 0.071449 0.048854 0.071078 0.048572
6 6 62.857143 0.073126 0.049810 0.071357 0.048489
6 7 63.333332 0.072553 0.049441 0.070860 0.048122
6 8 63.809525 0.070879 0.048515 0.070744 0.048352
6 9 64.285713 0.072118 0.049069 0.072179 0.049597
6 10 64.761902 0.071817 0.049026 0.071736 0.049124
6 11 65.238098 0.070597 0.048333 0.071018 0.048664
6 12 65.714287 0.070191 0.047911 0.071220 0.048582
6 13 66.190475 0.070849 0.048387 0.071470 0.048998
6 14 66.666664 0.071250 0.048520 0.070587 0.048505
6 15 67.142860 0.070334 0.048585 0.070424 0.048173
6 16 67.619049 0.069739 0.047988 0.068676 0.047070
6 17 68.095238 0.069477 0.047741 0.069281 0.047270
6 18 68.571426 0.070014 0.047902 0.069344 0.047116
6 19 69.047623 0.069876 0.047490 0.069847 0.047358
6 20 69.523811 0.068932 0.047448 0.069182 0.047849
7 0 70.000000 0.070109 0.048260 0.069038 0.047046
7 1 70.476189 0.069787 0.047426 0.070438 0.047948
7 2 70.952377 0.068829 0.047233 0.067594 0.046375
7 3 71.428574 0.069419 0.047402 0.068474 0.046739
7 4 71.904762 0.067303 0.046074 0.068771 0.047665
7 5 72.380951 0.069239 0.047116 0.069974 0.047675
7 6 72.857140 0.069357 0.046941 0.069343 0.047703
7 7 73.333336 0.069340 0.047121 0.068565 0.047139
7 8 73.809525 0.067596 0.046092 0.067192 0.046060
7 9 74.285713 0.066451 0.045761 0.068263 0.047282
7 10 74.761902 0.068932 0.047002 0.067445 0.045868
7 11 75.238098 0.068080 0.046790 0.066715 0.045755
7 12 75.714287 0.069018 0.046702 0.068540 0.046552
7 13 76.190475 0.067394 0.046042 0.067309 0.046579
7 14 76.666664 0.067420 0.046321 0.066695 0.045574
7 15 77.142860 0.067632 0.046679 0.066751 0.045638
7 16 77.619049 0.068232 0.046867 0.067429 0.046404
7 17 78.095238 0.065693 0.045108 0.065472 0.044844
7 18 78.571426 0.065970 0.045469 0.067052 0.045760
7 19 79.047623 0.066587 0.045100 0.067478 0.045869
7 20 79.523811 0.066468 0.045795 0.066365 0.045029
8 0 80.000000 0.065868 0.045381 0.065517 0.044892
8 1 80.476189 0.066364 0.045321 0.066404 0.045333
8 2 80.952377 0.065660 0.045177 0.065455 0.045210
8 3 81.428574 0.066255 0.045194 0.065494 0.045187
8 4 81.904762 0.064714 0.044379 0.064886 0.044797
8 5 82.380951 0.066320 0.045010 0.065565 0.044120
8 6 82.857140 0.063989 0.043697 0.065520 0.045372
8 7 83.333336 0.065572 0.045086 0.064286 0.044094
8 8 83.809525 0.066067 0.044941 0.065575 0.044813
8 9 84.285713 0.065288 0.044784 0.065316 0.044475
8 10 84.761902 0.064690 0.044795 0.065620 0.044732
8 11 85.238098 0.066942 0.045290 0.066736 0.044758
8 12 85.714287 0.064370 0.044221 0.064797 0.044035
8 13 86.190475 0.064740 0.045001 0.063890 0.044148
8 14 86.666664 0.064769 0.044397 0.063811 0.043313
8 15 87.142860 0.063860 0.044133 0.064779 0.044257
8 16 87.619049 0.065099 0.044681 0.064708 0.044434
8 17 88.095238 0.064257 0.044582 0.063480 0.043739
8 18 88.571426 0.064572 0.044242 0.066029 0.045527
8 19 89.047623 0.064749 0.044911 0.064880 0.044779
8 20 89.523811 0.062831 0.043001 0.063103 0.043464
9 0 90.000000 0.063689 0.043755 0.063117 0.043358
9 1 90.476189 0.064314 0.043976 0.064045 0.043941
9 2 90.952377 0.063554 0.043567 0.063799 0.043706
9 3 91.428574 0.063142 0.043120 0.062107 0.042608
9 4 91.904762 0.063732 0.043346 0.063518 0.043186
9 5 92.380951 0.063719 0.043968 0.063408 0.043462
9 6 92.857140 0.062981 0.042509 0.063989 0.043745
9 7 93.333336 0.062896 0.043296 0.063445 0.043568
9 8 93.809525 0.063629 0.044040 0.063429 0.043645
9 9 94.285713 0.061706 0.042477 0.062020 0.042595
9 10 94.761902 0.063698 0.043517 0.063579 0.043124
9 11 95.238098 0.062679 0.043303 0.062496 0.043007
9 12 95.714287 0.062360 0.043028 0.061381 0.042328
9 13 96.190475 0.063279 0.043344 0.061936 0.042317
9 14 96.666664 0.063247 0.043405 0.062708 0.043356
9 15 97.142860 0.061298 0.041915 0.062482 0.043498
9 16 97.619049 0.061657 0.042185 0.061993 0.042571
9 17 98.095238 0.061368 0.042359 0.061785 0.042610
9 18 98.571426 0.062579 0.042911 0.063058 0.043431
9 19 99.047623 0.061537 0.041768 0.061064 0.041814
9 20 99.523811 0.062702 0.042408 0.063164 0.043093
