regression experiment start

training_items_count 86900
testing_items_count  5000
epoch_count          10
batch_size           4096
batches_per_epoch    21
input_shape  [32 16 80]
output_shape [1 1 3]
network_config_file  networks/disc32x16x10/noise_0_5/net_6_single/network_config.json
====================================================================================================




initialising batch with size 4096  required memory 671.137817[MB]
batch init done


initialising network from file networks/disc32x16x10/noise_0_5/net_6_single/network_config.json
network init done
network init result : 
DENSE CONV	[32 16 80]	[3 3 8]	[32 16 88]	[5768 2949120]	
RELU		[32 16 88]	[32 16 88]	[0 90112]	
DENSE CONV	[32 16 88]	[3 3 8]	[32 16 96]	[6344 3244032]	
RELU		[32 16 96]	[32 16 96]	[0 98304]	
DENSE CONV	[32 16 96]	[3 3 8]	[32 16 104]	[6920 3538944]	
RELU		[32 16 104]	[32 16 104]	[0 106496]	
DENSE CONV	[32 16 104]	[3 3 8]	[32 16 112]	[7496 3833856]	
RELU		[32 16 112]	[32 16 112]	[0 114688]	
CONVOLUTION	[32 16 112]	[1 1 16]	[32 16 16]	[1808 917504]	
RELU		[32 16 16]	[32 16 16]	[0 16384]	
DENSE CONV	[32 16 16]	[3 3 8]	[32 16 24]	[1160 589824]	
RELU		[32 16 24]	[32 16 24]	[0 24576]	
DENSE CONV	[32 16 24]	[3 3 8]	[32 16 32]	[1736 884736]	
RELU		[32 16 32]	[32 16 32]	[0 32768]	
DENSE CONV	[32 16 32]	[3 3 8]	[32 16 40]	[2312 1179648]	
RELU		[32 16 40]	[32 16 40]	[0 40960]	
DENSE CONV	[32 16 40]	[3 3 8]	[32 16 48]	[2888 1474560]	
RELU		[32 16 48]	[32 16 48]	[0 49152]	
CONVOLUTION	[32 16 48]	[1 1 16]	[32 16 16]	[784 393216]	
RELU		[32 16 16]	[32 16 16]	[0 16384]	
DENSE CONV	[32 16 16]	[3 3 8]	[32 16 24]	[1160 589824]	
RELU		[32 16 24]	[32 16 24]	[0 24576]	
DENSE CONV	[32 16 24]	[3 3 8]	[32 16 32]	[1736 884736]	
RELU		[32 16 32]	[32 16 32]	[0 32768]	
DENSE CONV	[32 16 32]	[3 3 8]	[32 16 40]	[2312 1179648]	
RELU		[32 16 40]	[32 16 40]	[0 40960]	
DENSE CONV	[32 16 40]	[3 3 8]	[32 16 48]	[2888 1474560]	
RELU		[32 16 48]	[32 16 48]	[0 49152]	
CONVOLUTION	[32 16 48]	[1 1 32]	[32 16 32]	[1568 786432]	
RELU		[32 16 32]	[32 16 32]	[0 32768]	
DROPOUT		[32 16 32]	[32 16 32]	[0 32768]	
FC			[32 16 32]	[1 1 3]	[49155 98310]	


GFLOPS = 0.024822
FLOPS = 24821766
TRAINABLE PARAMETERS = 96035

====================================================================================================






starting training

creating batch 0
training epoch 0 batch id0 done = 0.000000[%]

testing on testing
testing on training
testing error_average_euclidean 0.198985
testing error_std 0.129503
saving new best net with result = 0.198985
====================================================================================================




creating batch 1
training epoch 0 batch id1 done = 0.476190[%]

testing on testing
testing on training
testing error_average_euclidean 0.188255
testing error_std 0.121734
saving new best net with result = 0.188255
====================================================================================================




creating batch 2
training epoch 0 batch id2 done = 0.952381[%]

testing on testing
testing on training
testing error_average_euclidean 0.188417
testing error_std 0.121662
====================================================================================================




creating batch 3
training epoch 0 batch id3 done = 1.428571[%]

testing on testing
testing on training
testing error_average_euclidean 0.181086
testing error_std 0.115522
saving new best net with result = 0.181086
====================================================================================================




creating batch 4
training epoch 0 batch id4 done = 1.904762[%]

testing on testing
testing on training
testing error_average_euclidean 0.176678
testing error_std 0.112425
saving new best net with result = 0.176678
====================================================================================================




creating batch 5
training epoch 0 batch id5 done = 2.380952[%]

testing on testing
testing on training
testing error_average_euclidean 0.160095
testing error_std 0.105169
saving new best net with result = 0.160095
====================================================================================================




creating batch 6
training epoch 0 batch id6 done = 2.857143[%]

testing on testing
testing on training
testing error_average_euclidean 0.158211
testing error_std 0.104012
saving new best net with result = 0.158211
====================================================================================================




creating batch 7
training epoch 0 batch id7 done = 3.333333[%]

testing on testing
testing on training
testing error_average_euclidean 0.154675
testing error_std 0.101336
saving new best net with result = 0.154675
====================================================================================================




creating batch 8
training epoch 0 batch id8 done = 3.809524[%]

testing on testing
testing on training
testing error_average_euclidean 0.145100
testing error_std 0.095653
saving new best net with result = 0.145100
====================================================================================================




creating batch 9
training epoch 0 batch id9 done = 4.285714[%]

testing on testing
testing on training
testing error_average_euclidean 0.137054
testing error_std 0.090476
saving new best net with result = 0.137054
====================================================================================================




creating batch 10
training epoch 0 batch id10 done = 4.761905[%]

testing on testing
testing on training
testing error_average_euclidean 0.135659
testing error_std 0.087713
saving new best net with result = 0.135659
====================================================================================================




creating batch 11
training epoch 0 batch id11 done = 5.238095[%]

testing on testing
testing on training
testing error_average_euclidean 0.132295
testing error_std 0.085699
saving new best net with result = 0.132295
====================================================================================================




creating batch 12
training epoch 0 batch id12 done = 5.714286[%]

testing on testing
testing on training
testing error_average_euclidean 0.130578
testing error_std 0.084005
saving new best net with result = 0.130578
====================================================================================================




creating batch 13
training epoch 0 batch id13 done = 6.190476[%]

testing on testing
testing on training
testing error_average_euclidean 0.125588
testing error_std 0.082712
saving new best net with result = 0.125588
====================================================================================================




creating batch 14
training epoch 0 batch id14 done = 6.666667[%]

testing on testing
testing on training
testing error_average_euclidean 0.126609
testing error_std 0.082084
====================================================================================================




creating batch 15
training epoch 0 batch id15 done = 7.142857[%]

testing on testing
testing on training
testing error_average_euclidean 0.120585
testing error_std 0.079042
saving new best net with result = 0.120585
====================================================================================================




creating batch 16
training epoch 0 batch id16 done = 7.619048[%]

testing on testing
testing on training
testing error_average_euclidean 0.116450
testing error_std 0.076674
saving new best net with result = 0.116450
====================================================================================================




creating batch 17
training epoch 0 batch id17 done = 8.095238[%]

testing on testing
testing on training
testing error_average_euclidean 0.112275
testing error_std 0.074737
saving new best net with result = 0.112275
====================================================================================================




creating batch 18
training epoch 0 batch id18 done = 8.571428[%]

testing on testing
testing on training
testing error_average_euclidean 0.113327
testing error_std 0.073263
====================================================================================================




creating batch 19
training epoch 0 batch id19 done = 9.047619[%]

testing on testing
testing on training
testing error_average_euclidean 0.107238
testing error_std 0.071340
saving new best net with result = 0.107238
====================================================================================================




creating batch 20
training epoch 0 batch id20 done = 9.523809[%]

testing on testing
testing on training
testing error_average_euclidean 0.107813
testing error_std 0.069890
====================================================================================================




creating batch 0
training epoch 1 batch id0 done = 10.000000[%]

testing on testing
testing on training
testing error_average_euclidean 0.104198
testing error_std 0.069047
saving new best net with result = 0.104198
====================================================================================================




creating batch 1
training epoch 1 batch id1 done = 10.476191[%]

testing on testing
testing on training
testing error_average_euclidean 0.101688
testing error_std 0.067629
saving new best net with result = 0.101688
====================================================================================================




creating batch 2
training epoch 1 batch id2 done = 10.952381[%]

testing on testing
testing on training
testing error_average_euclidean 0.100539
testing error_std 0.067239
saving new best net with result = 0.100539
====================================================================================================




creating batch 3
training epoch 1 batch id3 done = 11.428572[%]

testing on testing
testing on training
testing error_average_euclidean 0.100884
testing error_std 0.066384
====================================================================================================




creating batch 4
training epoch 1 batch id4 done = 11.904762[%]

testing on testing
testing on training
testing error_average_euclidean 0.098709
testing error_std 0.065914
saving new best net with result = 0.098709
====================================================================================================




creating batch 5
training epoch 1 batch id5 done = 12.380953[%]

testing on testing
testing on training
testing error_average_euclidean 0.097557
testing error_std 0.065249
saving new best net with result = 0.097557
====================================================================================================




creating batch 6
training epoch 1 batch id6 done = 12.857142[%]

testing on testing
testing on training
testing error_average_euclidean 0.097821
testing error_std 0.065288
====================================================================================================




creating batch 7
training epoch 1 batch id7 done = 13.333333[%]

testing on testing
testing on training
testing error_average_euclidean 0.096521
testing error_std 0.064804
saving new best net with result = 0.096521
====================================================================================================




creating batch 8
training epoch 1 batch id8 done = 13.809524[%]

testing on testing
testing on training
testing error_average_euclidean 0.095461
testing error_std 0.063758
saving new best net with result = 0.095461
====================================================================================================




creating batch 9
training epoch 1 batch id9 done = 14.285714[%]

testing on testing
testing on training
testing error_average_euclidean 0.094774
testing error_std 0.063361
saving new best net with result = 0.094774
====================================================================================================




creating batch 10
training epoch 1 batch id10 done = 14.761905[%]

testing on testing
testing on training
testing error_average_euclidean 0.095125
testing error_std 0.063748
====================================================================================================




creating batch 11
training epoch 1 batch id11 done = 15.238095[%]

testing on testing
testing on training
testing error_average_euclidean 0.093703
testing error_std 0.063030
saving new best net with result = 0.093703
====================================================================================================




creating batch 12
training epoch 1 batch id12 done = 15.714286[%]

testing on testing
testing on training
testing error_average_euclidean 0.092786
testing error_std 0.062486
saving new best net with result = 0.092786
====================================================================================================




creating batch 13
training epoch 1 batch id13 done = 16.190475[%]

testing on testing
testing on training
testing error_average_euclidean 0.091751
testing error_std 0.061746
saving new best net with result = 0.091751
====================================================================================================




creating batch 14
training epoch 1 batch id14 done = 16.666666[%]

testing on testing
testing on training
testing error_average_euclidean 0.091842
testing error_std 0.061923
====================================================================================================




creating batch 15
training epoch 1 batch id15 done = 17.142857[%]

testing on testing
testing on training
testing error_average_euclidean 0.090788
testing error_std 0.061176
saving new best net with result = 0.090788
====================================================================================================




creating batch 16
training epoch 1 batch id16 done = 17.619047[%]

testing on testing
testing on training
testing error_average_euclidean 0.092169
testing error_std 0.062149
====================================================================================================




creating batch 17
training epoch 1 batch id17 done = 18.095238[%]

testing on testing
testing on training
testing error_average_euclidean 0.090327
testing error_std 0.060533
saving new best net with result = 0.090327
====================================================================================================




creating batch 18
training epoch 1 batch id18 done = 18.571428[%]

testing on testing
testing on training
testing error_average_euclidean 0.089206
testing error_std 0.059958
saving new best net with result = 0.089206
====================================================================================================




creating batch 19
training epoch 1 batch id19 done = 19.047619[%]

testing on testing
testing on training
testing error_average_euclidean 0.090523
testing error_std 0.060015
====================================================================================================




creating batch 20
training epoch 1 batch id20 done = 19.523809[%]

testing on testing
testing on training
testing error_average_euclidean 0.089329
testing error_std 0.059993
====================================================================================================




creating batch 0
training epoch 2 batch id0 done = 20.000000[%]

testing on testing
testing on training
testing error_average_euclidean 0.088923
testing error_std 0.059283
saving new best net with result = 0.088923
====================================================================================================




creating batch 1
training epoch 2 batch id1 done = 20.476191[%]

testing on testing
testing on training
testing error_average_euclidean 0.090034
testing error_std 0.059630
====================================================================================================




creating batch 2
training epoch 2 batch id2 done = 20.952381[%]

testing on testing
testing on training
testing error_average_euclidean 0.087834
testing error_std 0.059165
saving new best net with result = 0.087834
====================================================================================================




creating batch 3
training epoch 2 batch id3 done = 21.428572[%]

testing on testing
testing on training
testing error_average_euclidean 0.086147
testing error_std 0.058419
saving new best net with result = 0.086147
====================================================================================================




creating batch 4
training epoch 2 batch id4 done = 21.904762[%]

testing on testing
testing on training
testing error_average_euclidean 0.087604
testing error_std 0.058795
====================================================================================================




creating batch 5
training epoch 2 batch id5 done = 22.380953[%]

testing on testing
testing on training
testing error_average_euclidean 0.085614
testing error_std 0.058196
saving new best net with result = 0.085614
====================================================================================================




creating batch 6
training epoch 2 batch id6 done = 22.857143[%]

testing on testing
testing on training
testing error_average_euclidean 0.085142
testing error_std 0.057833
saving new best net with result = 0.085142
====================================================================================================




creating batch 7
training epoch 2 batch id7 done = 23.333334[%]

testing on testing
testing on training
testing error_average_euclidean 0.086810
testing error_std 0.058682
====================================================================================================




creating batch 8
training epoch 2 batch id8 done = 23.809525[%]

testing on testing
testing on training
testing error_average_euclidean 0.084885
testing error_std 0.057267
saving new best net with result = 0.084885
====================================================================================================




creating batch 9
training epoch 2 batch id9 done = 24.285715[%]

testing on testing
testing on training
testing error_average_euclidean 0.083384
testing error_std 0.056330
saving new best net with result = 0.083384
====================================================================================================




creating batch 10
training epoch 2 batch id10 done = 24.761906[%]

testing on testing
testing on training
testing error_average_euclidean 0.083983
testing error_std 0.057139
====================================================================================================




creating batch 11
training epoch 2 batch id11 done = 25.238094[%]

testing on testing
testing on training
testing error_average_euclidean 0.083330
testing error_std 0.057043
saving new best net with result = 0.083330
====================================================================================================




creating batch 12
training epoch 2 batch id12 done = 25.714285[%]

testing on testing
testing on training
testing error_average_euclidean 0.082054
testing error_std 0.056048
saving new best net with result = 0.082054
====================================================================================================




creating batch 13
training epoch 2 batch id13 done = 26.190475[%]

testing on testing
testing on training
testing error_average_euclidean 0.080846
testing error_std 0.055041
saving new best net with result = 0.080846
====================================================================================================




creating batch 14
training epoch 2 batch id14 done = 26.666666[%]

testing on testing
testing on training
testing error_average_euclidean 0.080701
testing error_std 0.054482
saving new best net with result = 0.080701
====================================================================================================




creating batch 15
training epoch 2 batch id15 done = 27.142857[%]

testing on testing
testing on training
testing error_average_euclidean 0.081161
testing error_std 0.055286
====================================================================================================




creating batch 16
training epoch 2 batch id16 done = 27.619047[%]

testing on testing
testing on training
testing error_average_euclidean 0.079763
testing error_std 0.054579
saving new best net with result = 0.079763
====================================================================================================




creating batch 17
training epoch 2 batch id17 done = 28.095238[%]

testing on testing
testing on training
testing error_average_euclidean 0.081865
testing error_std 0.055227
====================================================================================================




creating batch 18
training epoch 2 batch id18 done = 28.571428[%]

testing on testing
testing on training
testing error_average_euclidean 0.079528
testing error_std 0.054005
saving new best net with result = 0.079528
====================================================================================================




creating batch 19
training epoch 2 batch id19 done = 29.047619[%]

testing on testing
testing on training
testing error_average_euclidean 0.078476
testing error_std 0.053762
saving new best net with result = 0.078476
====================================================================================================




creating batch 20
training epoch 2 batch id20 done = 29.523809[%]

testing on testing
testing on training
testing error_average_euclidean 0.079037
testing error_std 0.053927
====================================================================================================




creating batch 0
training epoch 3 batch id0 done = 30.000000[%]

testing on testing
testing on training
testing error_average_euclidean 0.079756
testing error_std 0.053750
====================================================================================================




creating batch 1
training epoch 3 batch id1 done = 30.476191[%]

testing on testing
testing on training
testing error_average_euclidean 0.079095
testing error_std 0.053904
====================================================================================================




creating batch 2
training epoch 3 batch id2 done = 30.952381[%]

testing on testing
testing on training
testing error_average_euclidean 0.076743
testing error_std 0.052739
saving new best net with result = 0.076743
====================================================================================================




creating batch 3
training epoch 3 batch id3 done = 31.428572[%]

testing on testing
testing on training
testing error_average_euclidean 0.075753
testing error_std 0.051441
saving new best net with result = 0.075753
====================================================================================================




creating batch 4
training epoch 3 batch id4 done = 31.904762[%]

testing on testing
testing on training
testing error_average_euclidean 0.077815
testing error_std 0.052120
====================================================================================================




creating batch 5
training epoch 3 batch id5 done = 32.380951[%]

testing on testing
testing on training
testing error_average_euclidean 0.077806
testing error_std 0.052737
====================================================================================================




creating batch 6
training epoch 3 batch id6 done = 32.857143[%]

testing on testing
testing on training
testing error_average_euclidean 0.077231
testing error_std 0.052815
====================================================================================================




creating batch 7
training epoch 3 batch id7 done = 33.333332[%]

testing on testing
testing on training
testing error_average_euclidean 0.075921
testing error_std 0.051761
====================================================================================================




creating batch 8
training epoch 3 batch id8 done = 33.809525[%]

testing on testing
testing on training
testing error_average_euclidean 0.076894
testing error_std 0.052679
====================================================================================================




creating batch 9
training epoch 3 batch id9 done = 34.285713[%]

testing on testing
testing on training
testing error_average_euclidean 0.074700
testing error_std 0.051452
saving new best net with result = 0.074700
====================================================================================================




creating batch 10
training epoch 3 batch id10 done = 34.761906[%]

testing on testing
testing on training
testing error_average_euclidean 0.074924
testing error_std 0.051295
====================================================================================================




creating batch 11
training epoch 3 batch id11 done = 35.238094[%]

testing on testing
testing on training
testing error_average_euclidean 0.077160
testing error_std 0.052756
====================================================================================================




creating batch 12
training epoch 3 batch id12 done = 35.714287[%]

testing on testing
testing on training
testing error_average_euclidean 0.075272
testing error_std 0.051748
====================================================================================================




creating batch 13
training epoch 3 batch id13 done = 36.190475[%]

testing on testing
testing on training
testing error_average_euclidean 0.074092
testing error_std 0.050889
saving new best net with result = 0.074092
====================================================================================================




creating batch 14
training epoch 3 batch id14 done = 36.666668[%]

testing on testing
testing on training
testing error_average_euclidean 0.075124
testing error_std 0.051080
====================================================================================================




creating batch 15
training epoch 3 batch id15 done = 37.142857[%]

testing on testing
testing on training
testing error_average_euclidean 0.075566
testing error_std 0.051106
====================================================================================================




creating batch 16
training epoch 3 batch id16 done = 37.619049[%]

testing on testing
testing on training
testing error_average_euclidean 0.074178
testing error_std 0.051195
====================================================================================================




creating batch 17
training epoch 3 batch id17 done = 38.095238[%]

testing on testing
testing on training
testing error_average_euclidean 0.073142
testing error_std 0.050703
saving new best net with result = 0.073142
====================================================================================================




creating batch 18
training epoch 3 batch id18 done = 38.571430[%]

testing on testing
testing on training
testing error_average_euclidean 0.073279
testing error_std 0.049574
====================================================================================================




creating batch 19
training epoch 3 batch id19 done = 39.047619[%]

testing on testing
testing on training
testing error_average_euclidean 0.073129
testing error_std 0.050330
saving new best net with result = 0.073129
====================================================================================================




creating batch 20
training epoch 3 batch id20 done = 39.523811[%]

testing on testing
testing on training
testing error_average_euclidean 0.075032
testing error_std 0.051674
====================================================================================================




creating batch 0
training epoch 4 batch id0 done = 40.000000[%]

testing on testing
testing on training
testing error_average_euclidean 0.073347
testing error_std 0.050705
====================================================================================================




creating batch 1
training epoch 4 batch id1 done = 40.476189[%]

testing on testing
testing on training
testing error_average_euclidean 0.072714
testing error_std 0.050228
saving new best net with result = 0.072714
====================================================================================================




creating batch 2
training epoch 4 batch id2 done = 40.952381[%]

testing on testing
testing on training
testing error_average_euclidean 0.070530
testing error_std 0.048991
saving new best net with result = 0.070530
====================================================================================================




creating batch 3
training epoch 4 batch id3 done = 41.428570[%]

testing on testing
testing on training
testing error_average_euclidean 0.073326
testing error_std 0.050474
====================================================================================================




creating batch 4
training epoch 4 batch id4 done = 41.904762[%]

testing on testing
testing on training
testing error_average_euclidean 0.072034
testing error_std 0.050164
====================================================================================================




creating batch 5
training epoch 4 batch id5 done = 42.380951[%]

testing on testing
testing on training
testing error_average_euclidean 0.071020
testing error_std 0.048924
====================================================================================================




creating batch 6
training epoch 4 batch id6 done = 42.857143[%]

testing on testing
testing on training
testing error_average_euclidean 0.070781
testing error_std 0.049020
====================================================================================================




creating batch 7
training epoch 4 batch id7 done = 43.333332[%]

testing on testing
testing on training
testing error_average_euclidean 0.073310
testing error_std 0.049976
====================================================================================================




creating batch 8
training epoch 4 batch id8 done = 43.809525[%]

testing on testing
testing on training
testing error_average_euclidean 0.070452
testing error_std 0.049063
saving new best net with result = 0.070452
====================================================================================================




creating batch 9
training epoch 4 batch id9 done = 44.285713[%]

testing on testing
testing on training
testing error_average_euclidean 0.073800
testing error_std 0.049889
====================================================================================================




creating batch 10
training epoch 4 batch id10 done = 44.761906[%]

testing on testing
testing on training
testing error_average_euclidean 0.072435
testing error_std 0.050193
====================================================================================================




creating batch 11
training epoch 4 batch id11 done = 45.238094[%]

testing on testing
testing on training
testing error_average_euclidean 0.069501
testing error_std 0.048630
saving new best net with result = 0.069501
====================================================================================================




creating batch 12
training epoch 4 batch id12 done = 45.714287[%]

testing on testing
testing on training
testing error_average_euclidean 0.071743
testing error_std 0.049841
====================================================================================================




creating batch 13
training epoch 4 batch id13 done = 46.190475[%]

testing on testing
testing on training
testing error_average_euclidean 0.068690
testing error_std 0.047562
saving new best net with result = 0.068690
====================================================================================================




creating batch 14
training epoch 4 batch id14 done = 46.666668[%]

testing on testing
testing on training
testing error_average_euclidean 0.069833
testing error_std 0.049085
====================================================================================================




creating batch 15
training epoch 4 batch id15 done = 47.142857[%]

testing on testing
testing on training
testing error_average_euclidean 0.071056
testing error_std 0.048910
====================================================================================================




creating batch 16
training epoch 4 batch id16 done = 47.619049[%]

testing on testing
testing on training
testing error_average_euclidean 0.069734
testing error_std 0.048803
====================================================================================================




creating batch 17
training epoch 4 batch id17 done = 48.095238[%]

testing on testing
testing on training
testing error_average_euclidean 0.070732
testing error_std 0.049333
====================================================================================================




creating batch 18
training epoch 4 batch id18 done = 48.571430[%]

testing on testing
testing on training
testing error_average_euclidean 0.068745
testing error_std 0.047938
====================================================================================================




creating batch 19
training epoch 4 batch id19 done = 49.047619[%]

testing on testing
testing on training
testing error_average_euclidean 0.067990
testing error_std 0.048035
saving new best net with result = 0.067990
====================================================================================================




creating batch 20
training epoch 4 batch id20 done = 49.523811[%]

testing on testing
testing on training
testing error_average_euclidean 0.069259
testing error_std 0.048032
====================================================================================================




creating batch 0
training epoch 5 batch id0 done = 50.000000[%]

testing on testing
testing on training
testing error_average_euclidean 0.068196
testing error_std 0.047862
====================================================================================================




creating batch 1
training epoch 5 batch id1 done = 50.476189[%]

testing on testing
testing on training
testing error_average_euclidean 0.069025
testing error_std 0.048053
====================================================================================================




creating batch 2
training epoch 5 batch id2 done = 50.952381[%]

testing on testing
testing on training
testing error_average_euclidean 0.069871
testing error_std 0.048749
====================================================================================================




creating batch 3
training epoch 5 batch id3 done = 51.428570[%]

testing on testing
testing on training
testing error_average_euclidean 0.066611
testing error_std 0.046826
saving new best net with result = 0.066611
====================================================================================================




creating batch 4
training epoch 5 batch id4 done = 51.904762[%]

testing on testing
testing on training
testing error_average_euclidean 0.069395
testing error_std 0.047065
====================================================================================================




creating batch 5
training epoch 5 batch id5 done = 52.380951[%]

testing on testing
testing on training
testing error_average_euclidean 0.067315
testing error_std 0.047510
====================================================================================================




creating batch 6
training epoch 5 batch id6 done = 52.857143[%]

testing on testing
testing on training
testing error_average_euclidean 0.069219
testing error_std 0.048143
====================================================================================================




creating batch 7
training epoch 5 batch id7 done = 53.333332[%]

testing on testing
testing on training
testing error_average_euclidean 0.066687
testing error_std 0.046855
====================================================================================================




creating batch 8
training epoch 5 batch id8 done = 53.809525[%]

testing on testing
testing on training
testing error_average_euclidean 0.067381
testing error_std 0.046706
====================================================================================================




creating batch 9
training epoch 5 batch id9 done = 54.285713[%]

testing on testing
testing on training
testing error_average_euclidean 0.064885
testing error_std 0.045477
saving new best net with result = 0.064885
====================================================================================================




creating batch 10
training epoch 5 batch id10 done = 54.761906[%]

testing on testing
testing on training
testing error_average_euclidean 0.066110
testing error_std 0.046475
====================================================================================================




creating batch 11
training epoch 5 batch id11 done = 55.238094[%]

testing on testing
testing on training
testing error_average_euclidean 0.067303
testing error_std 0.046526
====================================================================================================




creating batch 12
training epoch 5 batch id12 done = 55.714287[%]

testing on testing
testing on training
testing error_average_euclidean 0.066329
testing error_std 0.046432
====================================================================================================




creating batch 13
training epoch 5 batch id13 done = 56.190475[%]

testing on testing
testing on training
testing error_average_euclidean 0.064635
testing error_std 0.045723
saving new best net with result = 0.064635
====================================================================================================




creating batch 14
training epoch 5 batch id14 done = 56.666668[%]

testing on testing
testing on training
testing error_average_euclidean 0.065845
testing error_std 0.046362
====================================================================================================




creating batch 15
training epoch 5 batch id15 done = 57.142857[%]

testing on testing
testing on training
testing error_average_euclidean 0.065421
testing error_std 0.045785
====================================================================================================




creating batch 16
training epoch 5 batch id16 done = 57.619049[%]

testing on testing
testing on training
testing error_average_euclidean 0.067428
testing error_std 0.046841
====================================================================================================




creating batch 17
training epoch 5 batch id17 done = 58.095238[%]

testing on testing
testing on training
testing error_average_euclidean 0.064505
testing error_std 0.044674
saving new best net with result = 0.064505
====================================================================================================




creating batch 18
training epoch 5 batch id18 done = 58.571430[%]

testing on testing
testing on training
testing error_average_euclidean 0.065516
testing error_std 0.045854
====================================================================================================




creating batch 19
training epoch 5 batch id19 done = 59.047619[%]

testing on testing
testing on training
testing error_average_euclidean 0.066327
testing error_std 0.046464
====================================================================================================




creating batch 20
training epoch 5 batch id20 done = 59.523811[%]

testing on testing
testing on training
testing error_average_euclidean 0.066972
testing error_std 0.046262
====================================================================================================




creating batch 0
training epoch 6 batch id0 done = 60.000000[%]

testing on testing
testing on training
testing error_average_euclidean 0.066118
testing error_std 0.046439
====================================================================================================




creating batch 1
training epoch 6 batch id1 done = 60.476189[%]

testing on testing
testing on training
testing error_average_euclidean 0.065768
testing error_std 0.046483
====================================================================================================




creating batch 2
training epoch 6 batch id2 done = 60.952381[%]

testing on testing
testing on training
testing error_average_euclidean 0.065285
testing error_std 0.046057
====================================================================================================




creating batch 3
training epoch 6 batch id3 done = 61.428570[%]

testing on testing
testing on training
testing error_average_euclidean 0.065477
testing error_std 0.046098
====================================================================================================




creating batch 4
training epoch 6 batch id4 done = 61.904762[%]

testing on testing
testing on training
testing error_average_euclidean 0.064568
testing error_std 0.045426
====================================================================================================




creating batch 5
training epoch 6 batch id5 done = 62.380951[%]

testing on testing
testing on training
testing error_average_euclidean 0.064392
testing error_std 0.045036
saving new best net with result = 0.064392
====================================================================================================




creating batch 6
training epoch 6 batch id6 done = 62.857143[%]

testing on testing
testing on training
testing error_average_euclidean 0.064791
testing error_std 0.045497
====================================================================================================




creating batch 7
training epoch 6 batch id7 done = 63.333332[%]

testing on testing
testing on training
testing error_average_euclidean 0.065545
testing error_std 0.045885
====================================================================================================




creating batch 8
training epoch 6 batch id8 done = 63.809525[%]

testing on testing
testing on training
testing error_average_euclidean 0.064822
testing error_std 0.045312
====================================================================================================




creating batch 9
training epoch 6 batch id9 done = 64.285713[%]

testing on testing
testing on training
testing error_average_euclidean 0.063924
testing error_std 0.045308
saving new best net with result = 0.063924
====================================================================================================




creating batch 10
training epoch 6 batch id10 done = 64.761902[%]

testing on testing
testing on training
testing error_average_euclidean 0.064632
testing error_std 0.045816
====================================================================================================




creating batch 11
training epoch 6 batch id11 done = 65.238098[%]

testing on testing
testing on training
testing error_average_euclidean 0.064641
testing error_std 0.045370
====================================================================================================




creating batch 12
training epoch 6 batch id12 done = 65.714287[%]

testing on testing
testing on training
testing error_average_euclidean 0.064461
testing error_std 0.044600
====================================================================================================




creating batch 13
training epoch 6 batch id13 done = 66.190475[%]

testing on testing
testing on training
testing error_average_euclidean 0.062777
testing error_std 0.044286
saving new best net with result = 0.062777
====================================================================================================




creating batch 14
training epoch 6 batch id14 done = 66.666664[%]

testing on testing
testing on training
testing error_average_euclidean 0.065030
testing error_std 0.044884
====================================================================================================




creating batch 15
training epoch 6 batch id15 done = 67.142860[%]

testing on testing
testing on training
testing error_average_euclidean 0.063325
testing error_std 0.044613
====================================================================================================




creating batch 16
training epoch 6 batch id16 done = 67.619049[%]

testing on testing
testing on training
testing error_average_euclidean 0.063199
testing error_std 0.045167
====================================================================================================




creating batch 17
training epoch 6 batch id17 done = 68.095238[%]

testing on testing
testing on training
testing error_average_euclidean 0.064395
testing error_std 0.045318
====================================================================================================




creating batch 18
training epoch 6 batch id18 done = 68.571426[%]

testing on testing
testing on training
testing error_average_euclidean 0.062379
testing error_std 0.044235
saving new best net with result = 0.062379
====================================================================================================




creating batch 19
training epoch 6 batch id19 done = 69.047623[%]

testing on testing
testing on training
testing error_average_euclidean 0.061856
testing error_std 0.043981
saving new best net with result = 0.061856
====================================================================================================




creating batch 20
training epoch 6 batch id20 done = 69.523811[%]

testing on testing
testing on training
testing error_average_euclidean 0.062286
testing error_std 0.043959
====================================================================================================




creating batch 0
training epoch 7 batch id0 done = 70.000000[%]

testing on testing
testing on training
testing error_average_euclidean 0.062395
testing error_std 0.044762
====================================================================================================




creating batch 1
training epoch 7 batch id1 done = 70.476189[%]

testing on testing
testing on training
testing error_average_euclidean 0.062197
testing error_std 0.043926
====================================================================================================




creating batch 2
training epoch 7 batch id2 done = 70.952377[%]

testing on testing
testing on training
testing error_average_euclidean 0.062374
testing error_std 0.044352
====================================================================================================




creating batch 3
training epoch 7 batch id3 done = 71.428574[%]

testing on testing
testing on training
testing error_average_euclidean 0.064055
testing error_std 0.045301
====================================================================================================




creating batch 4
training epoch 7 batch id4 done = 71.904762[%]

testing on testing
testing on training
testing error_average_euclidean 0.062374
testing error_std 0.044234
====================================================================================================




creating batch 5
training epoch 7 batch id5 done = 72.380951[%]

testing on testing
testing on training
testing error_average_euclidean 0.062783
testing error_std 0.044438
====================================================================================================




creating batch 6
training epoch 7 batch id6 done = 72.857140[%]

testing on testing
testing on training
testing error_average_euclidean 0.061990
testing error_std 0.043875
====================================================================================================




creating batch 7
training epoch 7 batch id7 done = 73.333336[%]

testing on testing
testing on training
testing error_average_euclidean 0.061187
testing error_std 0.043531
saving new best net with result = 0.061187
====================================================================================================




creating batch 8
training epoch 7 batch id8 done = 73.809525[%]

testing on testing
testing on training
testing error_average_euclidean 0.061898
testing error_std 0.044308
====================================================================================================




creating batch 9
training epoch 7 batch id9 done = 74.285713[%]

testing on testing
testing on training
testing error_average_euclidean 0.061203
testing error_std 0.043568
====================================================================================================




creating batch 10
training epoch 7 batch id10 done = 74.761902[%]

testing on testing
testing on training
testing error_average_euclidean 0.062502
testing error_std 0.043590
====================================================================================================




creating batch 11
training epoch 7 batch id11 done = 75.238098[%]

testing on testing
testing on training
testing error_average_euclidean 0.062569
testing error_std 0.044463
====================================================================================================




creating batch 12
training epoch 7 batch id12 done = 75.714287[%]

testing on testing
testing on training
testing error_average_euclidean 0.060533
testing error_std 0.042868
saving new best net with result = 0.060533
====================================================================================================




creating batch 13
training epoch 7 batch id13 done = 76.190475[%]

testing on testing
testing on training
testing error_average_euclidean 0.060122
testing error_std 0.043093
saving new best net with result = 0.060122
====================================================================================================




creating batch 14
training epoch 7 batch id14 done = 76.666664[%]

testing on testing
testing on training
testing error_average_euclidean 0.061668
testing error_std 0.043658
====================================================================================================




creating batch 15
training epoch 7 batch id15 done = 77.142860[%]

testing on testing
testing on training
testing error_average_euclidean 0.061451
testing error_std 0.043457
====================================================================================================




creating batch 16
training epoch 7 batch id16 done = 77.619049[%]

testing on testing
testing on training
testing error_average_euclidean 0.060199
testing error_std 0.043244
====================================================================================================




creating batch 17
training epoch 7 batch id17 done = 78.095238[%]

testing on testing
testing on training
testing error_average_euclidean 0.060863
testing error_std 0.043538
====================================================================================================




creating batch 18
training epoch 7 batch id18 done = 78.571426[%]

testing on testing
testing on training
testing error_average_euclidean 0.060535
testing error_std 0.043020
====================================================================================================




creating batch 19
training epoch 7 batch id19 done = 79.047623[%]

testing on testing
testing on training
testing error_average_euclidean 0.060350
testing error_std 0.042861
====================================================================================================




creating batch 20
training epoch 7 batch id20 done = 79.523811[%]

testing on testing
testing on training
testing error_average_euclidean 0.060748
testing error_std 0.042219
====================================================================================================




creating batch 0
training epoch 8 batch id0 done = 80.000000[%]

testing on testing
testing on training
testing error_average_euclidean 0.060140
testing error_std 0.042721
====================================================================================================




creating batch 1
training epoch 8 batch id1 done = 80.476189[%]

testing on testing
testing on training
testing error_average_euclidean 0.059630
testing error_std 0.042350
saving new best net with result = 0.059630
====================================================================================================




creating batch 2
training epoch 8 batch id2 done = 80.952377[%]

testing on testing
testing on training
testing error_average_euclidean 0.060686
testing error_std 0.043398
====================================================================================================




creating batch 3
training epoch 8 batch id3 done = 81.428574[%]

testing on testing
testing on training
testing error_average_euclidean 0.062628
testing error_std 0.042344
====================================================================================================




creating batch 4
training epoch 8 batch id4 done = 81.904762[%]

testing on testing
testing on training
testing error_average_euclidean 0.059411
testing error_std 0.042707
saving new best net with result = 0.059411
====================================================================================================




creating batch 5
training epoch 8 batch id5 done = 82.380951[%]

testing on testing
testing on training
testing error_average_euclidean 0.059703
testing error_std 0.041560
====================================================================================================




creating batch 6
training epoch 8 batch id6 done = 82.857140[%]

testing on testing
testing on training
testing error_average_euclidean 0.059940
testing error_std 0.042711
====================================================================================================




creating batch 7
training epoch 8 batch id7 done = 83.333336[%]

testing on testing
testing on training
testing error_average_euclidean 0.059651
testing error_std 0.042537
====================================================================================================




creating batch 8
training epoch 8 batch id8 done = 83.809525[%]

testing on testing
testing on training
testing error_average_euclidean 0.058277
testing error_std 0.041148
saving new best net with result = 0.058277
====================================================================================================




creating batch 9
training epoch 8 batch id9 done = 84.285713[%]

testing on testing
testing on training
testing error_average_euclidean 0.058599
testing error_std 0.041826
====================================================================================================




creating batch 10
training epoch 8 batch id10 done = 84.761902[%]

testing on testing
testing on training
testing error_average_euclidean 0.058558
testing error_std 0.041185
====================================================================================================




creating batch 11
training epoch 8 batch id11 done = 85.238098[%]

testing on testing
testing on training
testing error_average_euclidean 0.058841
testing error_std 0.041696
====================================================================================================




creating batch 12
training epoch 8 batch id12 done = 85.714287[%]

testing on testing
testing on training
testing error_average_euclidean 0.057690
testing error_std 0.040383
saving new best net with result = 0.057690
====================================================================================================




creating batch 13
training epoch 8 batch id13 done = 86.190475[%]

testing on testing
testing on training
testing error_average_euclidean 0.059006
testing error_std 0.042535
====================================================================================================




creating batch 14
training epoch 8 batch id14 done = 86.666664[%]

testing on testing
testing on training
testing error_average_euclidean 0.058883
testing error_std 0.042176
====================================================================================================




creating batch 15
training epoch 8 batch id15 done = 87.142860[%]

testing on testing
testing on training
testing error_average_euclidean 0.057577
testing error_std 0.041236
saving new best net with result = 0.057577
====================================================================================================




creating batch 16
training epoch 8 batch id16 done = 87.619049[%]

testing on testing
testing on training
testing error_average_euclidean 0.059591
testing error_std 0.041807
====================================================================================================




creating batch 17
training epoch 8 batch id17 done = 88.095238[%]

testing on testing
testing on training
testing error_average_euclidean 0.057889
testing error_std 0.041679
====================================================================================================




creating batch 18
training epoch 8 batch id18 done = 88.571426[%]

testing on testing
testing on training
testing error_average_euclidean 0.058277
testing error_std 0.041269
====================================================================================================




creating batch 19
training epoch 8 batch id19 done = 89.047623[%]

testing on testing
testing on training
testing error_average_euclidean 0.057583
testing error_std 0.040940
====================================================================================================




creating batch 20
training epoch 8 batch id20 done = 89.523811[%]

testing on testing
testing on training
testing error_average_euclidean 0.059685
testing error_std 0.041636
====================================================================================================




creating batch 0
training epoch 9 batch id0 done = 90.000000[%]

testing on testing
testing on training
testing error_average_euclidean 0.059100
testing error_std 0.042352
====================================================================================================




creating batch 1
training epoch 9 batch id1 done = 90.476189[%]

testing on testing
testing on training
testing error_average_euclidean 0.057422
testing error_std 0.041431
saving new best net with result = 0.057422
====================================================================================================




creating batch 2
training epoch 9 batch id2 done = 90.952377[%]

testing on testing
testing on training
testing error_average_euclidean 0.058395
testing error_std 0.041842
====================================================================================================




creating batch 3
training epoch 9 batch id3 done = 91.428574[%]

testing on testing
testing on training
testing error_average_euclidean 0.058158
testing error_std 0.041545
====================================================================================================




creating batch 4
training epoch 9 batch id4 done = 91.904762[%]

testing on testing
testing on training
testing error_average_euclidean 0.058835
testing error_std 0.042266
====================================================================================================




creating batch 5
training epoch 9 batch id5 done = 92.380951[%]

testing on testing
testing on training
testing error_average_euclidean 0.057286
testing error_std 0.041184
saving new best net with result = 0.057286
====================================================================================================




creating batch 6
training epoch 9 batch id6 done = 92.857140[%]

testing on testing
testing on training
testing error_average_euclidean 0.059277
testing error_std 0.041584
====================================================================================================




creating batch 7
training epoch 9 batch id7 done = 93.333336[%]

testing on testing
testing on training
testing error_average_euclidean 0.056589
testing error_std 0.040011
saving new best net with result = 0.056589
====================================================================================================




creating batch 8
training epoch 9 batch id8 done = 93.809525[%]

testing on testing
testing on training
testing error_average_euclidean 0.057017
testing error_std 0.040025
====================================================================================================




creating batch 9
training epoch 9 batch id9 done = 94.285713[%]

testing on testing
testing on training
testing error_average_euclidean 0.058972
testing error_std 0.040773
====================================================================================================




creating batch 10
training epoch 9 batch id10 done = 94.761902[%]

testing on testing
testing on training
testing error_average_euclidean 0.058461
testing error_std 0.042068
====================================================================================================




creating batch 11
training epoch 9 batch id11 done = 95.238098[%]

testing on testing
testing on training
testing error_average_euclidean 0.057448
testing error_std 0.041559
====================================================================================================




creating batch 12
training epoch 9 batch id12 done = 95.714287[%]

testing on testing
testing on training
testing error_average_euclidean 0.055904
testing error_std 0.040375
saving new best net with result = 0.055904
====================================================================================================




creating batch 13
training epoch 9 batch id13 done = 96.190475[%]

testing on testing
testing on training
testing error_average_euclidean 0.056266
testing error_std 0.040232
====================================================================================================




creating batch 14
training epoch 9 batch id14 done = 96.666664[%]

testing on testing
testing on training
testing error_average_euclidean 0.057171
testing error_std 0.041416
====================================================================================================




creating batch 15
training epoch 9 batch id15 done = 97.142860[%]

testing on testing
testing on training
testing error_average_euclidean 0.056810
testing error_std 0.040872
====================================================================================================




creating batch 16
training epoch 9 batch id16 done = 97.619049[%]

testing on testing
testing on training
testing error_average_euclidean 0.056209
testing error_std 0.040161
====================================================================================================




creating batch 17
training epoch 9 batch id17 done = 98.095238[%]

testing on testing
testing on training
testing error_average_euclidean 0.055798
testing error_std 0.040307
saving new best net with result = 0.055798
====================================================================================================




creating batch 18
training epoch 9 batch id18 done = 98.571426[%]

testing on testing
testing on training
testing error_average_euclidean 0.057193
testing error_std 0.041025
====================================================================================================




creating batch 19
training epoch 9 batch id19 done = 99.047623[%]

testing on testing
testing on training
testing error_average_euclidean 0.054982
testing error_std 0.038773
saving new best net with result = 0.054982
====================================================================================================




creating batch 20
training epoch 9 batch id20 done = 99.523811[%]

testing on testing
testing on training
testing error_average_euclidean 0.055520
testing error_std 0.039652
====================================================================================================




training done
