0 0 0.000000 0.198985 0.129503 0.197139 0.127460
0 1 0.476190 0.188255 0.121734 0.190365 0.123615
0 2 0.952381 0.188417 0.121662 0.185941 0.119294
0 3 1.428571 0.181086 0.115522 0.180962 0.116054
0 4 1.904762 0.176678 0.112425 0.174360 0.110501
0 5 2.380952 0.160095 0.105169 0.162751 0.107130
0 6 2.857143 0.158211 0.104012 0.157552 0.103951
0 7 3.333333 0.154675 0.101336 0.153149 0.100741
0 8 3.809524 0.145100 0.095653 0.144111 0.095132
0 9 4.285714 0.137054 0.090476 0.136989 0.089995
0 10 4.761905 0.135659 0.087713 0.134612 0.087604
0 11 5.238095 0.132295 0.085699 0.132025 0.085613
0 12 5.714286 0.130578 0.084005 0.129625 0.083534
0 13 6.190476 0.125588 0.082712 0.125206 0.082252
0 14 6.666667 0.126609 0.082084 0.123577 0.080182
0 15 7.142857 0.120585 0.079042 0.120524 0.079085
0 16 7.619048 0.116450 0.076674 0.118303 0.078019
0 17 8.095238 0.112275 0.074737 0.114450 0.075735
0 18 8.571428 0.113327 0.073263 0.112621 0.073420
0 19 9.047619 0.107238 0.071340 0.105823 0.070678
0 20 9.523809 0.107813 0.069890 0.107762 0.070356
1 0 10.000000 0.104198 0.069047 0.103456 0.068283
1 1 10.476191 0.101688 0.067629 0.103059 0.068500
1 2 10.952381 0.100539 0.067239 0.100937 0.067651
1 3 11.428572 0.100884 0.066384 0.099493 0.065610
1 4 11.904762 0.098709 0.065914 0.100321 0.066915
1 5 12.380953 0.097557 0.065249 0.095952 0.064320
1 6 12.857142 0.097821 0.065288 0.097011 0.064922
1 7 13.333333 0.096521 0.064804 0.098094 0.066029
1 8 13.809524 0.095461 0.063758 0.093782 0.062785
1 9 14.285714 0.094774 0.063361 0.093978 0.063110
1 10 14.761905 0.095125 0.063748 0.094171 0.062951
1 11 15.238095 0.093703 0.063030 0.091889 0.061828
1 12 15.714286 0.092786 0.062486 0.092550 0.062510
1 13 16.190475 0.091751 0.061746 0.093023 0.062499
1 14 16.666666 0.091842 0.061923 0.090559 0.060851
1 15 17.142857 0.090788 0.061176 0.091538 0.061327
1 16 17.619047 0.092169 0.062149 0.091315 0.061107
1 17 18.095238 0.090327 0.060533 0.091543 0.061232
1 18 18.571428 0.089206 0.059958 0.089351 0.060342
1 19 19.047619 0.090523 0.060015 0.089724 0.059191
1 20 19.523809 0.089329 0.059993 0.089472 0.060141
2 0 20.000000 0.088923 0.059283 0.089702 0.059772
2 1 20.476191 0.090034 0.059630 0.090521 0.060291
2 2 20.952381 0.087834 0.059165 0.086565 0.058554
2 3 21.428572 0.086147 0.058419 0.085911 0.058139
2 4 21.904762 0.087604 0.058795 0.087210 0.058381
2 5 22.380953 0.085614 0.058196 0.085194 0.057547
2 6 22.857143 0.085142 0.057833 0.083443 0.056450
2 7 23.333334 0.086810 0.058682 0.084770 0.057347
2 8 23.809525 0.084885 0.057267 0.085952 0.057835
2 9 24.285715 0.083384 0.056330 0.083897 0.056798
2 10 24.761906 0.083983 0.057139 0.083186 0.056349
2 11 25.238094 0.083330 0.057043 0.083011 0.056580
2 12 25.714285 0.082054 0.056048 0.080620 0.054529
2 13 26.190475 0.080846 0.055041 0.082589 0.056169
2 14 26.666666 0.080701 0.054482 0.082280 0.055729
2 15 27.142857 0.081161 0.055286 0.080652 0.054953
2 16 27.619047 0.079763 0.054579 0.080811 0.055172
2 17 28.095238 0.081865 0.055227 0.082067 0.055577
2 18 28.571428 0.079528 0.054005 0.080304 0.054346
2 19 29.047619 0.078476 0.053762 0.079999 0.054827
2 20 29.523809 0.079037 0.053927 0.078272 0.053188
3 0 30.000000 0.079756 0.053750 0.080307 0.054248
3 1 30.476191 0.079095 0.053904 0.079564 0.054597
3 2 30.952381 0.076743 0.052739 0.076680 0.052565
3 3 31.428572 0.075753 0.051441 0.077524 0.052515
3 4 31.904762 0.077815 0.052120 0.078444 0.052888
3 5 32.380951 0.077806 0.052737 0.078369 0.052590
3 6 32.857143 0.077231 0.052815 0.077126 0.052920
3 7 33.333332 0.075921 0.051761 0.075503 0.051288
3 8 33.809525 0.076894 0.052679 0.076669 0.052337
3 9 34.285713 0.074700 0.051452 0.074695 0.051373
3 10 34.761906 0.074924 0.051295 0.074696 0.051178
3 11 35.238094 0.077160 0.052756 0.076145 0.051919
3 12 35.714287 0.075272 0.051748 0.074473 0.050806
3 13 36.190475 0.074092 0.050889 0.076000 0.052176
3 14 36.666668 0.075124 0.051080 0.074178 0.050308
3 15 37.142857 0.075566 0.051106 0.075765 0.051667
3 16 37.619049 0.074178 0.051195 0.074325 0.050957
3 17 38.095238 0.073142 0.050703 0.073304 0.050622
3 18 38.571430 0.073279 0.049574 0.074989 0.051518
3 19 39.047619 0.073129 0.050330 0.073486 0.050476
3 20 39.523811 0.075032 0.051674 0.073510 0.050784
4 0 40.000000 0.073347 0.050705 0.072431 0.050484
4 1 40.476189 0.072714 0.050228 0.072084 0.049798
4 2 40.952381 0.070530 0.048991 0.072209 0.050333
4 3 41.428570 0.073326 0.050474 0.072393 0.049263
4 4 41.904762 0.072034 0.050164 0.071355 0.049326
4 5 42.380951 0.071020 0.048924 0.070175 0.048232
4 6 42.857143 0.070781 0.049020 0.070068 0.048733
4 7 43.333332 0.073310 0.049976 0.073264 0.050029
4 8 43.809525 0.070452 0.049063 0.069986 0.048601
4 9 44.285713 0.073800 0.049889 0.073110 0.049411
4 10 44.761906 0.072435 0.050193 0.072247 0.050057
4 11 45.238094 0.069501 0.048630 0.071245 0.049705
4 12 45.714287 0.071743 0.049841 0.069999 0.048602
4 13 46.190475 0.068690 0.047562 0.069954 0.048391
4 14 46.666668 0.069833 0.049085 0.069348 0.048575
4 15 47.142857 0.071056 0.048910 0.071949 0.049825
4 16 47.619049 0.069734 0.048803 0.067166 0.047118
4 17 48.095238 0.070732 0.049333 0.069627 0.048381
4 18 48.571430 0.068745 0.047938 0.068871 0.047989
4 19 49.047619 0.067990 0.048035 0.068280 0.047566
4 20 49.523811 0.069259 0.048032 0.069640 0.047860
5 0 50.000000 0.068196 0.047862 0.070141 0.049839
5 1 50.476189 0.069025 0.048053 0.067354 0.046884
5 2 50.952381 0.069871 0.048749 0.068129 0.047734
5 3 51.428570 0.066611 0.046826 0.067917 0.047499
5 4 51.904762 0.069395 0.047065 0.070408 0.047669
5 5 52.380951 0.067315 0.047510 0.066202 0.046538
5 6 52.857143 0.069219 0.048143 0.067928 0.046484
5 7 53.333332 0.066687 0.046855 0.068020 0.048448
5 8 53.809525 0.067381 0.046706 0.068092 0.047895
5 9 54.285713 0.064885 0.045477 0.066113 0.046196
5 10 54.761906 0.066110 0.046475 0.066359 0.046375
5 11 55.238094 0.067303 0.046526 0.067826 0.046788
5 12 55.714287 0.066329 0.046432 0.067308 0.047366
5 13 56.190475 0.064635 0.045723 0.066722 0.046979
5 14 56.666668 0.065845 0.046362 0.066021 0.046477
5 15 57.142857 0.065421 0.045785 0.066107 0.046316
5 16 57.619049 0.067428 0.046841 0.065988 0.045832
5 17 58.095238 0.064505 0.044674 0.065725 0.046189
5 18 58.571430 0.065516 0.045854 0.065183 0.045336
5 19 59.047619 0.066327 0.046464 0.066017 0.046181
5 20 59.523811 0.066972 0.046262 0.066830 0.045925
6 0 60.000000 0.066118 0.046439 0.065020 0.045757
6 1 60.476189 0.065768 0.046483 0.066069 0.046612
6 2 60.952381 0.065285 0.046057 0.065390 0.046247
6 3 61.428570 0.065477 0.046098 0.064703 0.045400
6 4 61.904762 0.064568 0.045426 0.065235 0.045884
6 5 62.380951 0.064392 0.045036 0.065347 0.046031
6 6 62.857143 0.064791 0.045497 0.064025 0.044792
6 7 63.333332 0.065545 0.045885 0.065488 0.046107
6 8 63.809525 0.064822 0.045312 0.065301 0.045929
6 9 64.285713 0.063924 0.045308 0.064507 0.045505
6 10 64.761902 0.064632 0.045816 0.062521 0.043795
6 11 65.238098 0.064641 0.045370 0.064578 0.045778
6 12 65.714287 0.064461 0.044600 0.064809 0.045057
6 13 66.190475 0.062777 0.044286 0.063933 0.045167
6 14 66.666664 0.065030 0.044884 0.066023 0.045615
6 15 67.142860 0.063325 0.044613 0.063044 0.044394
6 16 67.619049 0.063199 0.045167 0.063196 0.044987
6 17 68.095238 0.064395 0.045318 0.064232 0.045191
6 18 68.571426 0.062379 0.044235 0.063201 0.044696
6 19 69.047623 0.061856 0.043981 0.062365 0.044495
6 20 69.523811 0.062286 0.043959 0.061976 0.043966
7 0 70.000000 0.062395 0.044762 0.061780 0.044020
7 1 70.476189 0.062197 0.043926 0.061581 0.043444
7 2 70.952377 0.062374 0.044352 0.061780 0.043936
7 3 71.428574 0.064055 0.045301 0.062800 0.044600
7 4 71.904762 0.062374 0.044234 0.062688 0.044560
7 5 72.380951 0.062783 0.044438 0.062535 0.044388
7 6 72.857140 0.061990 0.043875 0.063615 0.044738
7 7 73.333336 0.061187 0.043531 0.061492 0.043785
7 8 73.809525 0.061898 0.044308 0.060996 0.043404
7 9 74.285713 0.061203 0.043568 0.060659 0.043284
7 10 74.761902 0.062502 0.043590 0.063326 0.044425
7 11 75.238098 0.062569 0.044463 0.061959 0.043856
7 12 75.714287 0.060533 0.042868 0.061428 0.043399
7 13 76.190475 0.060122 0.043093 0.061562 0.043965
7 14 76.666664 0.061668 0.043658 0.060538 0.042850
7 15 77.142860 0.061451 0.043457 0.059237 0.041665
7 16 77.619049 0.060199 0.043244 0.060659 0.043266
7 17 78.095238 0.060863 0.043538 0.059923 0.042811
7 18 78.571426 0.060535 0.043020 0.060529 0.043340
7 19 79.047623 0.060350 0.042861 0.061311 0.043252
7 20 79.523811 0.060748 0.042219 0.062143 0.043351
8 0 80.000000 0.060140 0.042721 0.061693 0.044012
8 1 80.476189 0.059630 0.042350 0.060566 0.043663
8 2 80.952377 0.060686 0.043398 0.061299 0.043808
8 3 81.428574 0.062628 0.042344 0.062858 0.042137
8 4 81.904762 0.059411 0.042707 0.059784 0.042577
8 5 82.380951 0.059703 0.041560 0.061077 0.042570
8 6 82.857140 0.059940 0.042711 0.059681 0.042080
8 7 83.333336 0.059651 0.042537 0.059991 0.042998
8 8 83.809525 0.058277 0.041148 0.059058 0.041872
8 9 84.285713 0.058599 0.041826 0.057488 0.041485
8 10 84.761902 0.058558 0.041185 0.060418 0.042764
8 11 85.238098 0.058841 0.041696 0.058944 0.042152
8 12 85.714287 0.057690 0.040383 0.059167 0.041654
8 13 86.190475 0.059006 0.042535 0.058397 0.041177
8 14 86.666664 0.058883 0.042176 0.058869 0.042063
8 15 87.142860 0.057577 0.041236 0.058416 0.042042
8 16 87.619049 0.059591 0.041807 0.059732 0.042189
8 17 88.095238 0.057889 0.041679 0.057736 0.041395
8 18 88.571426 0.058277 0.041269 0.058027 0.041173
8 19 89.047623 0.057583 0.040940 0.058210 0.041316
8 20 89.523811 0.059685 0.041636 0.058721 0.041573
9 0 90.000000 0.059100 0.042352 0.058411 0.041623
9 1 90.476189 0.057422 0.041431 0.056858 0.040748
9 2 90.952377 0.058395 0.041842 0.058227 0.041762
9 3 91.428574 0.058158 0.041545 0.058138 0.041849
9 4 91.904762 0.058835 0.042266 0.058355 0.041680
9 5 92.380951 0.057286 0.041184 0.057454 0.041054
9 6 92.857140 0.059277 0.041584 0.058717 0.041049
9 7 93.333336 0.056589 0.040011 0.056704 0.040657
9 8 93.809525 0.057017 0.040025 0.058099 0.041095
9 9 94.285713 0.058972 0.040773 0.059318 0.041159
9 10 94.761902 0.058461 0.042068 0.057091 0.041635
9 11 95.238098 0.057448 0.041559 0.056989 0.041109
9 12 95.714287 0.055904 0.040375 0.055562 0.040359
9 13 96.190475 0.056266 0.040232 0.057100 0.041024
9 14 96.666664 0.057171 0.041416 0.055605 0.039606
9 15 97.142860 0.056810 0.040872 0.055791 0.039827
9 16 97.619049 0.056209 0.040161 0.056809 0.040751
9 17 98.095238 0.055798 0.040307 0.056086 0.040461
9 18 98.571426 0.057193 0.041025 0.054917 0.039293
9 19 99.047623 0.054982 0.038773 0.056180 0.039977
9 20 99.523811 0.055520 0.039652 0.055978 0.040020
