0 0 0.000000 0.132025 0.088665 0.131945 0.088849
0 1 0.114943 0.097331 0.068719 0.095891 0.067668
0 2 0.229885 0.082599 0.057002 0.082234 0.056532
0 3 0.344828 0.073705 0.050275 0.074121 0.050687
0 4 0.459770 0.069638 0.047718 0.070125 0.048096
0 5 0.574713 0.067120 0.046660 0.067205 0.046567
0 6 0.689655 0.067021 0.046248 0.067407 0.046143
0 7 0.804598 0.066502 0.045324 0.066193 0.044778
0 8 0.919540 0.064787 0.044586 0.063885 0.044154
0 9 1.034483 0.066564 0.043932 0.066755 0.044038
0 10 1.149425 0.063050 0.043317 0.062405 0.043205
0 11 1.264368 0.061504 0.043152 0.060791 0.042743
0 12 1.379310 0.060532 0.042882 0.060611 0.042936
0 13 1.494253 0.062576 0.043987 0.061108 0.042974
0 14 1.609195 0.060306 0.042810 0.060374 0.043334
0 15 1.724138 0.058218 0.041372 0.058861 0.042322
0 16 1.839080 0.058303 0.041314 0.059228 0.042304
0 17 1.954023 0.059187 0.041759 0.058503 0.041775
0 18 2.068965 0.057637 0.041886 0.058728 0.042204
0 19 2.183908 0.059583 0.042368 0.059078 0.042215
0 20 2.298851 0.057095 0.041012 0.057086 0.041088
0 21 2.413793 0.057350 0.042018 0.056032 0.040703
0 22 2.528736 0.058486 0.041788 0.057733 0.041339
0 23 2.643678 0.058059 0.041905 0.058244 0.041748
0 24 2.758621 0.056093 0.041027 0.056962 0.041421
0 25 2.873563 0.057078 0.041004 0.057063 0.040908
0 26 2.988506 0.057368 0.041635 0.058535 0.042188
0 27 3.103448 0.057442 0.040325 0.058809 0.041555
0 28 3.218391 0.056578 0.041160 0.056634 0.040805
0 29 3.333333 0.060037 0.042742 0.059001 0.042577
0 30 3.448276 0.059445 0.041403 0.058975 0.040803
0 31 3.563218 0.057210 0.040905 0.058629 0.041839
0 32 3.678161 0.054838 0.040401 0.055785 0.040964
0 33 3.793103 0.054396 0.040285 0.054402 0.039643
0 34 3.908046 0.054047 0.040363 0.054525 0.040847
0 35 4.022988 0.054650 0.040455 0.055968 0.040992
0 36 4.137931 0.056403 0.041570 0.056660 0.041159
0 37 4.252873 0.058779 0.041406 0.058590 0.041176
0 38 4.367816 0.056257 0.040818 0.056243 0.041044
0 39 4.482759 0.056774 0.041061 0.057155 0.041247
0 40 4.597701 0.056227 0.040887 0.055641 0.040602
0 41 4.712644 0.055343 0.039884 0.055903 0.040178
0 42 4.827586 0.056822 0.041172 0.056874 0.041282
0 43 4.942529 0.056567 0.041190 0.054323 0.039644
0 44 5.057471 0.055750 0.040740 0.055618 0.040880
0 45 5.172414 0.055399 0.040737 0.055464 0.040826
0 46 5.287356 0.057556 0.041041 0.057828 0.040463
0 47 5.402299 0.055796 0.041201 0.055161 0.040274
0 48 5.517241 0.056345 0.040357 0.058310 0.041326
0 49 5.632184 0.055693 0.040950 0.054182 0.040428
0 50 5.747127 0.057887 0.040993 0.058729 0.041628
0 51 5.862069 0.057800 0.041011 0.057070 0.040259
0 52 5.977012 0.056739 0.039928 0.058697 0.041402
0 53 6.091954 0.054364 0.040628 0.054663 0.040658
0 54 6.206897 0.055863 0.040661 0.055486 0.040641
0 55 6.321839 0.053350 0.039820 0.054551 0.040391
0 56 6.436781 0.054901 0.040207 0.055483 0.041091
0 57 6.551724 0.055840 0.041312 0.055240 0.040746
0 58 6.666667 0.055023 0.040969 0.053583 0.040066
0 59 6.781609 0.053498 0.039985 0.054473 0.041242
0 60 6.896552 0.053867 0.040521 0.053347 0.040267
0 61 7.011494 0.052968 0.039978 0.051485 0.038813
0 62 7.126437 0.055746 0.040440 0.055438 0.040390
0 63 7.241379 0.054239 0.040418 0.054604 0.040575
0 64 7.356322 0.054463 0.039700 0.054674 0.039870
0 65 7.471264 0.054180 0.040549 0.052517 0.039327
0 66 7.586207 0.053991 0.040106 0.053929 0.039878
0 67 7.701149 0.054814 0.039700 0.054995 0.039948
0 68 7.816092 0.054488 0.039431 0.054573 0.039724
0 69 7.931035 0.052046 0.039086 0.053102 0.040083
0 70 8.045977 0.053499 0.039679 0.055087 0.040310
0 71 8.160919 0.055428 0.040683 0.055869 0.040906
0 72 8.275862 0.054864 0.040817 0.053455 0.040037
0 73 8.390804 0.052976 0.039032 0.053644 0.039461
0 74 8.505747 0.053138 0.040094 0.052554 0.039601
0 75 8.620689 0.054800 0.040366 0.055637 0.040972
0 76 8.735632 0.053620 0.040107 0.053520 0.040094
0 77 8.850574 0.054529 0.040925 0.053724 0.039644
0 78 8.965517 0.053506 0.040254 0.053161 0.040134
0 79 9.080460 0.052588 0.039896 0.052561 0.039818
0 80 9.195402 0.055435 0.040479 0.055255 0.039797
0 81 9.310345 0.053371 0.039154 0.054089 0.039275
0 82 9.425287 0.053348 0.039326 0.053064 0.039162
0 83 9.540230 0.053851 0.040277 0.053532 0.040025
0 84 9.655172 0.052341 0.039514 0.053177 0.039783
0 85 9.770115 0.053033 0.039765 0.052762 0.039688
0 86 9.885057 0.052887 0.040057 0.051423 0.039313
1 0 10.000000 0.051112 0.039480 0.051255 0.039093
1 1 10.114943 0.052341 0.039648 0.053235 0.040260
1 2 10.229885 0.053311 0.040361 0.052993 0.040039
1 3 10.344828 0.052989 0.040290 0.051482 0.039103
1 4 10.459770 0.054095 0.040045 0.054735 0.040587
1 5 10.574713 0.053869 0.040643 0.053863 0.041129
1 6 10.689655 0.051170 0.039571 0.052036 0.039721
1 7 10.804598 0.053221 0.040340 0.052556 0.039617
1 8 10.919540 0.053561 0.040169 0.052860 0.039208
1 9 11.034483 0.053703 0.040002 0.053530 0.039531
1 10 11.149426 0.053093 0.039918 0.052125 0.039422
1 11 11.264368 0.053303 0.039122 0.053547 0.039686
1 12 11.379311 0.053214 0.040349 0.052368 0.039663
1 13 11.494253 0.052636 0.039739 0.053435 0.040529
1 14 11.609196 0.052685 0.039485 0.052879 0.039555
1 15 11.724138 0.052738 0.039800 0.053195 0.039643
1 16 11.839081 0.053242 0.039641 0.053876 0.040403
1 17 11.954023 0.052719 0.040036 0.052719 0.040089
1 18 12.068966 0.052904 0.039411 0.053063 0.039481
1 19 12.183908 0.052192 0.039127 0.054118 0.040929
1 20 12.298851 0.051476 0.039475 0.052952 0.040176
1 21 12.413794 0.051304 0.037877 0.054126 0.040069
1 22 12.528735 0.051938 0.039695 0.051499 0.039277
1 23 12.643678 0.053137 0.039317 0.053511 0.039522
1 24 12.758620 0.051626 0.039219 0.052050 0.039785
1 25 12.873563 0.053624 0.040074 0.052993 0.039524
1 26 12.988505 0.053294 0.039602 0.052451 0.039131
1 27 13.103448 0.052798 0.039370 0.052923 0.039137
1 28 13.218390 0.052675 0.039530 0.053604 0.040359
1 29 13.333333 0.052495 0.039703 0.053021 0.040286
1 30 13.448276 0.053432 0.040217 0.054601 0.041154
1 31 13.563218 0.054398 0.039778 0.054801 0.040063
1 32 13.678161 0.052122 0.039671 0.052340 0.039485
1 33 13.793103 0.052932 0.038978 0.053547 0.039804
1 34 13.908046 0.052952 0.039481 0.051635 0.038801
1 35 14.022988 0.052011 0.039801 0.052108 0.039874
1 36 14.137931 0.055512 0.041301 0.054524 0.040312
1 37 14.252873 0.053102 0.040102 0.052574 0.039526
1 38 14.367816 0.058643 0.040617 0.057544 0.039841
1 39 14.482759 0.051513 0.039552 0.051497 0.039427
1 40 14.597701 0.052026 0.039118 0.053171 0.040406
1 41 14.712644 0.051290 0.039265 0.051190 0.039303
1 42 14.827586 0.053037 0.039579 0.053337 0.040319
1 43 14.942529 0.053915 0.040016 0.053668 0.039924
1 44 15.057471 0.053236 0.040644 0.052454 0.040199
1 45 15.172414 0.051831 0.039671 0.051175 0.039440
1 46 15.287356 0.052966 0.039826 0.053596 0.040027
1 47 15.402299 0.052649 0.039898 0.052694 0.039589
1 48 15.517241 0.052058 0.039478 0.052808 0.040385
1 49 15.632184 0.050690 0.039099 0.050955 0.039248
1 50 15.747127 0.054659 0.039764 0.054196 0.039430
1 51 15.862069 0.051924 0.039004 0.053421 0.039721
1 52 15.977012 0.052536 0.039505 0.051600 0.038786
1 53 16.091953 0.052374 0.038881 0.053361 0.039148
1 54 16.206896 0.051730 0.039932 0.051086 0.039366
1 55 16.321838 0.051494 0.039286 0.052058 0.039492
1 56 16.436781 0.053746 0.040141 0.052458 0.039166
1 57 16.551723 0.050864 0.039213 0.051055 0.039136
1 58 16.666666 0.052003 0.039223 0.051531 0.039418
1 59 16.781609 0.052489 0.039852 0.051354 0.039109
1 60 16.896551 0.053566 0.039407 0.055611 0.040822
1 61 17.011494 0.051527 0.039500 0.050763 0.038690
1 62 17.126436 0.051246 0.039645 0.051445 0.039627
1 63 17.241379 0.052400 0.039580 0.052476 0.039720
1 64 17.356321 0.054789 0.038754 0.056244 0.039841
1 65 17.471264 0.053509 0.039455 0.054051 0.039748
1 66 17.586206 0.050675 0.038644 0.050902 0.038672
1 67 17.701149 0.052224 0.039583 0.053347 0.040732
1 68 17.816092 0.052377 0.039817 0.051474 0.039128
1 69 17.931034 0.050443 0.039231 0.051437 0.039493
1 70 18.045977 0.056683 0.040660 0.056370 0.040154
1 71 18.160919 0.050699 0.039053 0.050128 0.038596
1 72 18.275862 0.052874 0.039865 0.052901 0.039867
1 73 18.390804 0.053680 0.040548 0.053087 0.039779
1 74 18.505747 0.051930 0.038979 0.051632 0.039010
1 75 18.620689 0.052010 0.039703 0.053131 0.040321
1 76 18.735632 0.051236 0.039224 0.052238 0.039955
1 77 18.850574 0.051160 0.038921 0.051602 0.039277
1 78 18.965517 0.053458 0.040192 0.053819 0.040314
1 79 19.080460 0.054383 0.039668 0.054570 0.039887
1 80 19.195402 0.052160 0.039628 0.051491 0.039342
1 81 19.310345 0.052958 0.039798 0.052756 0.040125
1 82 19.425287 0.052885 0.040428 0.050324 0.038435
1 83 19.540230 0.052256 0.039927 0.051724 0.039369
1 84 19.655172 0.050668 0.039277 0.050737 0.039320
1 85 19.770115 0.050967 0.038640 0.051822 0.038859
1 86 19.885057 0.050732 0.038867 0.051431 0.039646
2 0 20.000000 0.050319 0.038551 0.050054 0.038331
2 1 20.114943 0.049747 0.038202 0.051291 0.039288
2 2 20.229885 0.051551 0.038899 0.051370 0.039126
2 3 20.344828 0.052359 0.039318 0.051944 0.039283
2 4 20.459770 0.052552 0.040342 0.052595 0.040367
2 5 20.574713 0.052424 0.039968 0.051687 0.039459
2 6 20.689655 0.053210 0.040081 0.052898 0.039478
2 7 20.804598 0.052035 0.039478 0.052949 0.039871
2 8 20.919540 0.050529 0.039210 0.050467 0.039227
2 9 21.034483 0.051105 0.039778 0.051946 0.040155
2 10 21.149426 0.052233 0.039676 0.051123 0.038726
2 11 21.264368 0.051478 0.039727 0.051037 0.039268
2 12 21.379311 0.051941 0.040231 0.052399 0.040243
2 13 21.494253 0.051718 0.039660 0.051245 0.039479
2 14 21.609196 0.053169 0.039730 0.053040 0.039671
2 15 21.724138 0.050974 0.039285 0.049924 0.038876
2 16 21.839081 0.051544 0.039421 0.051278 0.039518
2 17 21.954023 0.050689 0.038935 0.049591 0.038455
2 18 22.068966 0.053165 0.039034 0.053807 0.039517
2 19 22.183908 0.051025 0.039276 0.051323 0.039517
2 20 22.298851 0.051329 0.039528 0.050699 0.039350
2 21 22.413794 0.050010 0.038938 0.051693 0.039808
2 22 22.528736 0.051256 0.039295 0.050655 0.038987
2 23 22.643679 0.051120 0.039159 0.051525 0.039578
2 24 22.758621 0.052236 0.039221 0.052339 0.039333
2 25 22.873564 0.053686 0.039350 0.053824 0.039517
2 26 22.988506 0.049302 0.038158 0.051272 0.039896
2 27 23.103449 0.051417 0.039509 0.052418 0.040468
2 28 23.218391 0.050723 0.038988 0.051125 0.039125
2 29 23.333334 0.050662 0.039301 0.050576 0.038788
2 30 23.448277 0.049701 0.038831 0.050119 0.038906
2 31 23.563219 0.051999 0.039808 0.052098 0.039989
2 32 23.678162 0.050782 0.038949 0.051284 0.039414
2 33 23.793104 0.053031 0.040211 0.052006 0.039439
2 34 23.908047 0.052586 0.039677 0.051918 0.039166
2 35 24.022989 0.050284 0.038844 0.051218 0.039388
2 36 24.137932 0.051354 0.039841 0.050323 0.038834
2 37 24.252874 0.049853 0.038447 0.050732 0.039038
2 38 24.367817 0.051864 0.039274 0.052603 0.039492
2 39 24.482759 0.051524 0.039878 0.052074 0.039642
2 40 24.597702 0.053837 0.040235 0.053057 0.039427
2 41 24.712645 0.051222 0.039525 0.050393 0.038575
2 42 24.827587 0.050538 0.038600 0.050716 0.038540
2 43 24.942530 0.050183 0.038962 0.051017 0.039507
2 44 25.057470 0.050572 0.038106 0.051198 0.039149
2 45 25.172413 0.051743 0.040101 0.050620 0.039443
2 46 25.287355 0.054944 0.040775 0.053982 0.040222
2 47 25.402298 0.053142 0.039864 0.051662 0.038742
2 48 25.517241 0.051439 0.039655 0.051101 0.039443
2 49 25.632183 0.052830 0.039423 0.051306 0.038588
2 50 25.747126 0.051109 0.039618 0.050033 0.038947
2 51 25.862068 0.050790 0.038803 0.051425 0.039508
2 52 25.977011 0.051175 0.039205 0.051034 0.038970
2 53 26.091953 0.052809 0.039748 0.051377 0.039314
2 54 26.206896 0.050909 0.039113 0.051260 0.039260
2 55 26.321838 0.052033 0.039361 0.051771 0.039300
2 56 26.436781 0.050212 0.038625 0.050934 0.039076
2 57 26.551723 0.049883 0.038962 0.050777 0.039780
2 58 26.666666 0.051076 0.039318 0.050618 0.039429
2 59 26.781609 0.051136 0.039290 0.051282 0.039119
2 60 26.896551 0.050414 0.039140 0.050385 0.038695
2 61 27.011494 0.051772 0.039402 0.052021 0.039649
2 62 27.126436 0.050292 0.038764 0.051196 0.039626
2 63 27.241379 0.052210 0.040018 0.051286 0.038979
2 64 27.356321 0.050950 0.039161 0.051025 0.039090
2 65 27.471264 0.050652 0.039350 0.050850 0.039468
2 66 27.586206 0.051143 0.039100 0.052409 0.039847
2 67 27.701149 0.050359 0.039368 0.051621 0.039718
2 68 27.816092 0.050472 0.039403 0.048464 0.038129
2 69 27.931034 0.050773 0.038884 0.050923 0.039262
2 70 28.045977 0.050959 0.039188 0.051758 0.039800
2 71 28.160919 0.050174 0.039149 0.051346 0.039519
2 72 28.275862 0.051448 0.039689 0.052523 0.039850
2 73 28.390804 0.052152 0.038691 0.052681 0.039741
2 74 28.505747 0.050404 0.038931 0.049882 0.038807
2 75 28.620689 0.050330 0.038427 0.051615 0.039482
2 76 28.735632 0.051690 0.039356 0.050760 0.038954
2 77 28.850574 0.049763 0.038959 0.050862 0.039512
2 78 28.965517 0.051911 0.039844 0.051504 0.039442
2 79 29.080460 0.050699 0.039210 0.050730 0.039342
2 80 29.195402 0.050209 0.039131 0.050882 0.039285
2 81 29.310345 0.050809 0.038882 0.052554 0.040382
2 82 29.425287 0.050462 0.038775 0.050799 0.039228
2 83 29.540230 0.049966 0.039168 0.049684 0.038724
2 84 29.655172 0.052490 0.039416 0.051431 0.038661
2 85 29.770115 0.051047 0.039011 0.051339 0.039015
2 86 29.885057 0.050930 0.039608 0.050488 0.039081
3 0 30.000000 0.051463 0.039896 0.050241 0.038605
3 1 30.114943 0.051033 0.039069 0.050665 0.039240
3 2 30.229885 0.053927 0.040612 0.053460 0.040289
3 3 30.344828 0.050340 0.038710 0.051136 0.039535
3 4 30.459770 0.050041 0.038689 0.050522 0.039038
3 5 30.574713 0.053681 0.040866 0.051951 0.039599
3 6 30.689655 0.050024 0.039127 0.049386 0.038599
3 7 30.804598 0.052630 0.039091 0.052598 0.039056
3 8 30.919540 0.052356 0.039848 0.051557 0.039230
3 9 31.034483 0.051669 0.039332 0.051059 0.038838
3 10 31.149426 0.049335 0.038596 0.050046 0.038818
3 11 31.264368 0.050293 0.039302 0.050501 0.039140
3 12 31.379311 0.054459 0.039901 0.053626 0.039397
3 13 31.494253 0.052092 0.039698 0.051015 0.038861
3 14 31.609196 0.051493 0.039681 0.051791 0.039822
3 15 31.724138 0.051006 0.038857 0.051337 0.039544
3 16 31.839081 0.051254 0.039784 0.051733 0.040126
3 17 31.954023 0.050253 0.039008 0.050696 0.039181
3 18 32.068966 0.050341 0.038968 0.050142 0.038902
3 19 32.183907 0.049963 0.038958 0.048847 0.038349
3 20 32.298851 0.051301 0.039830 0.051711 0.039948
3 21 32.413792 0.051947 0.039458 0.051886 0.039768
3 22 32.528736 0.050307 0.038536 0.051197 0.039136
3 23 32.643677 0.050804 0.039403 0.050547 0.039047
3 24 32.758621 0.050289 0.039076 0.050536 0.039191
3 25 32.873562 0.049393 0.038858 0.049900 0.038996
3 26 32.988506 0.052736 0.039978 0.051124 0.038601
3 27 33.103447 0.050462 0.039554 0.049533 0.038563
3 28 33.218391 0.051465 0.039557 0.052128 0.039798
3 29 33.333332 0.052055 0.039821 0.052321 0.040088
3 30 33.448277 0.050443 0.038947 0.049508 0.038182
3 31 33.563217 0.050141 0.038971 0.050688 0.039457
3 32 33.678162 0.050156 0.038729 0.050146 0.038755
3 33 33.793102 0.051850 0.039063 0.051734 0.039004
3 34 33.908047 0.050667 0.039581 0.049754 0.038843
3 35 34.022987 0.050820 0.039010 0.051414 0.039404
3 36 34.137932 0.050172 0.038656 0.050321 0.038730
3 37 34.252872 0.052916 0.039544 0.051555 0.038509
3 38 34.367817 0.050026 0.038754 0.050213 0.039163
3 39 34.482758 0.050294 0.038876 0.050115 0.039096
3 40 34.597702 0.051464 0.039780 0.051597 0.039693
3 41 34.712643 0.050809 0.038883 0.051012 0.039119
3 42 34.827587 0.050113 0.038916 0.050143 0.038573
3 43 34.942528 0.050863 0.039171 0.052306 0.039834
3 44 35.057472 0.050482 0.039083 0.050798 0.039260
3 45 35.172413 0.050657 0.039016 0.050807 0.039019
3 46 35.287357 0.050882 0.039072 0.051931 0.039506
3 47 35.402298 0.051156 0.039314 0.051523 0.039866
3 48 35.517242 0.050979 0.039102 0.050301 0.039139
3 49 35.632183 0.049081 0.038048 0.049964 0.038679
3 50 35.747128 0.052004 0.039718 0.051913 0.039598
3 51 35.862068 0.051115 0.039077 0.049974 0.038734
3 52 35.977013 0.051236 0.039431 0.049717 0.038445
3 53 36.091953 0.050436 0.039385 0.050945 0.039790
3 54 36.206898 0.049664 0.038785 0.050026 0.039079
3 55 36.321838 0.051391 0.039695 0.050166 0.038899
3 56 36.436783 0.049215 0.037887 0.049956 0.038811
3 57 36.551723 0.051775 0.039172 0.051886 0.039516
3 58 36.666668 0.049804 0.038849 0.050532 0.039225
3 59 36.781609 0.050519 0.038887 0.052329 0.040287
3 60 36.896553 0.052215 0.040712 0.049443 0.038680
3 61 37.011494 0.050566 0.038696 0.050651 0.038886
3 62 37.126438 0.053705 0.040083 0.053960 0.040147
3 63 37.241379 0.049291 0.038725 0.051943 0.040445
3 64 37.356323 0.050955 0.039642 0.049844 0.039256
3 65 37.471264 0.051004 0.039402 0.050146 0.038279
3 66 37.586208 0.049024 0.038279 0.048835 0.038382
3 67 37.701149 0.051076 0.039516 0.050331 0.038807
3 68 37.816093 0.051451 0.038931 0.052601 0.039677
3 69 37.931034 0.049642 0.038520 0.051851 0.039867
3 70 38.045979 0.049872 0.039132 0.049615 0.038814
3 71 38.160919 0.050830 0.039633 0.049407 0.038561
3 72 38.275864 0.049649 0.039025 0.050835 0.039443
3 73 38.390804 0.052552 0.039675 0.051571 0.038894
3 74 38.505749 0.051787 0.039754 0.051909 0.039538
3 75 38.620689 0.050374 0.039272 0.050597 0.039158
3 76 38.735634 0.050071 0.039154 0.050250 0.039213
3 77 38.850574 0.050183 0.038982 0.050875 0.039434
3 78 38.965519 0.050583 0.039183 0.050585 0.039826
3 79 39.080460 0.050450 0.039466 0.049557 0.039068
3 80 39.195404 0.051258 0.039729 0.051509 0.039913
3 81 39.310345 0.050521 0.039340 0.050894 0.039413
3 82 39.425289 0.050220 0.039278 0.049920 0.039062
3 83 39.540230 0.050524 0.039042 0.050570 0.038613
3 84 39.655174 0.049075 0.038338 0.048875 0.038022
3 85 39.770115 0.050440 0.039052 0.049925 0.038866
3 86 39.885059 0.050393 0.039172 0.051232 0.039838
4 0 40.000000 0.051254 0.039594 0.050135 0.038569
4 1 40.114941 0.050828 0.039328 0.050470 0.039110
4 2 40.229885 0.049901 0.039185 0.049465 0.038683
4 3 40.344826 0.052211 0.039465 0.051393 0.039017
4 4 40.459770 0.050058 0.039079 0.050062 0.038928
4 5 40.574711 0.050838 0.039487 0.050731 0.039509
4 6 40.689655 0.050489 0.038579 0.051158 0.039064
4 7 40.804596 0.050964 0.039118 0.052636 0.040251
4 8 40.919540 0.050368 0.039181 0.050610 0.039623
4 9 41.034481 0.050363 0.039118 0.051199 0.039820
4 10 41.149426 0.052037 0.039993 0.049881 0.038790
4 11 41.264366 0.049626 0.039098 0.051043 0.039886
4 12 41.379311 0.050861 0.039318 0.049793 0.039103
4 13 41.494251 0.049777 0.038651 0.050058 0.039038
4 14 41.609196 0.049278 0.038644 0.049014 0.038464
4 15 41.724136 0.051524 0.039411 0.052349 0.039695
4 16 41.839081 0.049413 0.039095 0.049803 0.039230
4 17 41.954021 0.050890 0.038847 0.052193 0.039908
4 18 42.068966 0.050208 0.038691 0.050471 0.039041
4 19 42.183907 0.050045 0.039112 0.049836 0.039043
4 20 42.298851 0.049466 0.038773 0.050794 0.039537
4 21 42.413792 0.051946 0.039683 0.050889 0.038997
4 22 42.528736 0.049391 0.039021 0.049442 0.038759
4 23 42.643677 0.049352 0.038882 0.050100 0.039133
4 24 42.758621 0.051309 0.039692 0.050136 0.038576
4 25 42.873562 0.049775 0.038885 0.048671 0.038217
4 26 42.988506 0.050159 0.038982 0.050097 0.038520
4 27 43.103447 0.049266 0.039003 0.050836 0.039667
4 28 43.218391 0.050331 0.039366 0.049775 0.039267
4 29 43.333332 0.049453 0.038413 0.050418 0.038937
4 30 43.448277 0.049891 0.038733 0.049798 0.038952
4 31 43.563217 0.050360 0.039373 0.050668 0.039349
4 32 43.678162 0.050958 0.039082 0.050636 0.039279
4 33 43.793102 0.050347 0.039064 0.048790 0.038231
4 34 43.908047 0.050950 0.038702 0.051482 0.039508
4 35 44.022987 0.051103 0.040168 0.050807 0.039557
4 36 44.137932 0.049878 0.039447 0.050848 0.039439
4 37 44.252872 0.050101 0.039116 0.049299 0.038704
4 38 44.367817 0.051596 0.039661 0.051321 0.039858
4 39 44.482758 0.053228 0.039994 0.052934 0.039827
4 40 44.597702 0.049733 0.038546 0.050779 0.039171
4 41 44.712643 0.049965 0.039326 0.050396 0.039345
4 42 44.827587 0.050132 0.038830 0.050020 0.039000
4 43 44.942528 0.050655 0.039318 0.049650 0.038465
4 44 45.057472 0.050973 0.039183 0.049730 0.038372
4 45 45.172413 0.048956 0.038180 0.049407 0.038943
4 46 45.287357 0.050564 0.039201 0.049652 0.038592
4 47 45.402298 0.049993 0.039134 0.051114 0.039866
4 48 45.517242 0.051381 0.039890 0.050698 0.039188
4 49 45.632183 0.050555 0.039400 0.050730 0.039478
4 50 45.747128 0.050026 0.039231 0.050026 0.039376
4 51 45.862068 0.049011 0.038608 0.049203 0.038249
4 52 45.977013 0.051120 0.038936 0.050919 0.039184
4 53 46.091953 0.050303 0.039329 0.050664 0.039875
4 54 46.206898 0.049615 0.039092 0.050111 0.039457
4 55 46.321838 0.049825 0.038877 0.050137 0.039050
4 56 46.436783 0.050476 0.039056 0.050331 0.039162
4 57 46.551723 0.049699 0.038880 0.049601 0.038357
4 58 46.666668 0.051316 0.039225 0.051145 0.039579
4 59 46.781609 0.051418 0.039372 0.050219 0.038649
4 60 46.896553 0.049348 0.038696 0.050046 0.038844
4 61 47.011494 0.049993 0.039160 0.049216 0.038727
4 62 47.126438 0.049350 0.038543 0.050091 0.039253
4 63 47.241379 0.049879 0.039371 0.049962 0.039045
4 64 47.356323 0.050964 0.039484 0.050263 0.038783
4 65 47.471264 0.050051 0.038980 0.050152 0.039217
4 66 47.586208 0.051806 0.040170 0.050144 0.039399
4 67 47.701149 0.051182 0.039726 0.050440 0.038927
4 68 47.816093 0.050966 0.039856 0.050537 0.039570
4 69 47.931034 0.049351 0.038824 0.049278 0.038841
4 70 48.045979 0.049118 0.038569 0.049603 0.038916
4 71 48.160919 0.049158 0.037794 0.049967 0.038280
4 72 48.275864 0.049265 0.038529 0.050984 0.039730
4 73 48.390804 0.050162 0.039176 0.051539 0.040137
4 74 48.505749 0.050304 0.039215 0.049961 0.038608
4 75 48.620689 0.050707 0.039707 0.049667 0.038918
4 76 48.735634 0.049513 0.038275 0.050312 0.038799
4 77 48.850574 0.050844 0.039801 0.050352 0.039129
4 78 48.965519 0.048722 0.038489 0.050049 0.039673
4 79 49.080460 0.049944 0.038975 0.049283 0.038930
4 80 49.195404 0.051725 0.039366 0.052367 0.039717
4 81 49.310345 0.049263 0.038400 0.050204 0.038946
4 82 49.425289 0.050715 0.039211 0.050001 0.038991
4 83 49.540230 0.051645 0.039199 0.051496 0.039302
4 84 49.655174 0.049439 0.038598 0.050072 0.038958
4 85 49.770115 0.050178 0.038920 0.050601 0.039699
4 86 49.885059 0.051132 0.039664 0.050547 0.039254
5 0 50.000000 0.050379 0.039319 0.050272 0.039245
5 1 50.114941 0.050980 0.039358 0.049686 0.038759
5 2 50.229885 0.050272 0.039309 0.049805 0.039258
5 3 50.344826 0.050629 0.039167 0.050287 0.039009
5 4 50.459770 0.050345 0.039080 0.049861 0.038835
5 5 50.574711 0.048899 0.038244 0.050070 0.038649
5 6 50.689655 0.049966 0.039037 0.050669 0.039233
5 7 50.804596 0.049057 0.038496 0.050208 0.039201
5 8 50.919540 0.049900 0.039197 0.050808 0.039436
5 9 51.034481 0.051971 0.040008 0.050388 0.038881
5 10 51.149426 0.048837 0.038215 0.050787 0.039727
5 11 51.264366 0.049860 0.039352 0.049344 0.038796
5 12 51.379311 0.050115 0.039153 0.048351 0.037717
5 13 51.494251 0.049425 0.038841 0.049278 0.038459
5 14 51.609196 0.049804 0.038869 0.050188 0.038830
5 15 51.724136 0.051260 0.039948 0.049123 0.038901
5 16 51.839081 0.050095 0.039299 0.049914 0.038997
5 17 51.954021 0.050418 0.039423 0.051463 0.040211
5 18 52.068966 0.050464 0.039751 0.049041 0.038527
5 19 52.183907 0.050076 0.039276 0.050310 0.039195
5 20 52.298851 0.048932 0.038434 0.049759 0.038847
5 21 52.413792 0.049303 0.038542 0.049038 0.038500
5 22 52.528736 0.050514 0.039102 0.049968 0.039083
5 23 52.643677 0.049549 0.038908 0.049079 0.038389
5 24 52.758621 0.050413 0.039132 0.050485 0.039440
5 25 52.873562 0.050412 0.038746 0.050278 0.038505
5 26 52.988506 0.049869 0.038645 0.049994 0.039038
5 27 53.103447 0.050272 0.039125 0.049453 0.038721
5 28 53.218391 0.049120 0.038725 0.050007 0.039679
5 29 53.333332 0.050557 0.039179 0.051759 0.040442
5 30 53.448277 0.049026 0.038337 0.048710 0.038372
5 31 53.563217 0.049938 0.038826 0.049960 0.038975
5 32 53.678162 0.049580 0.039101 0.048874 0.038300
5 33 53.793102 0.049255 0.038292 0.050354 0.039441
5 34 53.908047 0.051703 0.039851 0.050615 0.039310
5 35 54.022987 0.048628 0.038030 0.049576 0.038829
5 36 54.137932 0.051007 0.039639 0.049218 0.038690
5 37 54.252872 0.051757 0.040122 0.050475 0.039207
5 38 54.367817 0.050730 0.039763 0.049151 0.039031
5 39 54.482758 0.049620 0.038965 0.049601 0.039231
5 40 54.597702 0.050224 0.039071 0.049366 0.038839
5 41 54.712643 0.050348 0.038810 0.050536 0.039327
5 42 54.827587 0.050906 0.039525 0.050793 0.039692
5 43 54.942528 0.051084 0.039522 0.051477 0.039264
5 44 55.057472 0.051173 0.040456 0.049792 0.039033
5 45 55.172413 0.049269 0.038688 0.049971 0.039331
5 46 55.287357 0.049321 0.038380 0.051304 0.039823
5 47 55.402298 0.049751 0.039160 0.049684 0.038796
5 48 55.517242 0.050362 0.039206 0.050212 0.039047
5 49 55.632183 0.051492 0.039743 0.050840 0.039335
5 50 55.747128 0.049913 0.038732 0.049581 0.038647
5 51 55.862068 0.049186 0.039077 0.048817 0.038822
5 52 55.977013 0.050304 0.039642 0.049635 0.038519
5 53 56.091953 0.049623 0.039393 0.050324 0.039307
5 54 56.206898 0.052039 0.040078 0.051325 0.039659
5 55 56.321838 0.049439 0.038646 0.049417 0.038848
5 56 56.436783 0.049534 0.038304 0.049881 0.038971
5 57 56.551723 0.049652 0.038660 0.050910 0.039638
5 58 56.666668 0.050415 0.038831 0.050764 0.039190
5 59 56.781609 0.049908 0.038853 0.049453 0.038545
5 60 56.896553 0.049347 0.038895 0.049656 0.038565
5 61 57.011494 0.050809 0.039178 0.051223 0.039816
5 62 57.126438 0.049032 0.038392 0.049836 0.039129
5 63 57.241379 0.050002 0.039221 0.050580 0.039345
5 64 57.356323 0.050884 0.039992 0.049236 0.038545
5 65 57.471264 0.051237 0.039399 0.050903 0.039955
5 66 57.586208 0.050297 0.039483 0.049368 0.038596
5 67 57.701149 0.048578 0.038228 0.049482 0.038775
5 68 57.816093 0.050429 0.039327 0.049055 0.038335
5 69 57.931034 0.050058 0.039375 0.049259 0.038798
5 70 58.045979 0.050030 0.038742 0.049547 0.038864
5 71 58.160919 0.048742 0.038083 0.050313 0.038975
5 72 58.275864 0.050166 0.039419 0.049563 0.038740
5 73 58.390804 0.049643 0.039003 0.049684 0.038830
5 74 58.505749 0.050146 0.039040 0.048601 0.038442
5 75 58.620689 0.049844 0.039371 0.048852 0.038625
5 76 58.735634 0.050778 0.039929 0.048702 0.038487
5 77 58.850574 0.048846 0.038735 0.049495 0.038823
5 78 58.965519 0.049971 0.038848 0.050568 0.039114
5 79 59.080460 0.048224 0.038147 0.049527 0.038771
5 80 59.195404 0.049336 0.038716 0.049373 0.038401
5 81 59.310345 0.048298 0.038358 0.049998 0.039055
5 82 59.425289 0.051245 0.040442 0.050126 0.039196
5 83 59.540230 0.049289 0.038702 0.049352 0.038635
5 84 59.655174 0.050728 0.039546 0.050142 0.039054
5 85 59.770115 0.048161 0.038043 0.050437 0.039577
5 86 59.885059 0.050591 0.038744 0.050605 0.039052
6 0 60.000000 0.050149 0.039195 0.050428 0.039515
6 1 60.114941 0.050507 0.039503 0.050406 0.039848
6 2 60.229885 0.048961 0.038949 0.050168 0.039210
6 3 60.344826 0.049880 0.039070 0.049837 0.039086
6 4 60.459770 0.050198 0.039193 0.049420 0.039133
6 5 60.574711 0.051041 0.039809 0.049722 0.038688
6 6 60.689655 0.049952 0.038900 0.049378 0.038819
6 7 60.804596 0.051424 0.039469 0.050261 0.038793
6 8 60.919540 0.049048 0.038821 0.050548 0.039405
6 9 61.034481 0.050616 0.038843 0.049811 0.038272
6 10 61.149426 0.049080 0.038640 0.048998 0.038943
6 11 61.264366 0.049701 0.038997 0.048896 0.038128
6 12 61.379311 0.050175 0.039573 0.048873 0.038253
6 13 61.494251 0.049277 0.039039 0.049741 0.038990
6 14 61.609196 0.049954 0.039057 0.051114 0.039697
6 15 61.724136 0.048794 0.038542 0.049728 0.039469
6 16 61.839081 0.051201 0.039961 0.049432 0.038660
6 17 61.954021 0.050183 0.038820 0.050596 0.039009
6 18 62.068966 0.049069 0.038542 0.049886 0.039089
6 19 62.183907 0.048524 0.038662 0.049499 0.038875
6 20 62.298851 0.049397 0.038160 0.049628 0.038511
6 21 62.413792 0.049041 0.038529 0.050322 0.039392
6 22 62.528736 0.049589 0.038715 0.050122 0.039208
6 23 62.643677 0.049551 0.039339 0.049857 0.039072
6 24 62.758621 0.050155 0.039728 0.049091 0.038725
6 25 62.873562 0.050368 0.039293 0.049472 0.039036
6 26 62.988506 0.050992 0.039862 0.048858 0.038181
6 27 63.103447 0.049670 0.038687 0.050770 0.039918
6 28 63.218391 0.049413 0.038548 0.050182 0.039516
6 29 63.333332 0.050064 0.038769 0.051460 0.039134
6 30 63.448277 0.050433 0.039328 0.050501 0.039842
6 31 63.563217 0.050406 0.039476 0.049580 0.038799
6 32 63.678162 0.049484 0.038518 0.050415 0.039430
6 33 63.793102 0.049967 0.039222 0.049355 0.038054
6 34 63.908047 0.049314 0.038569 0.048957 0.038168
6 35 64.022987 0.048436 0.038268 0.049779 0.039141
6 36 64.137932 0.049727 0.038863 0.049059 0.038614
6 37 64.252876 0.051594 0.040322 0.050238 0.039555
6 38 64.367813 0.050093 0.039395 0.049761 0.038659
6 39 64.482758 0.049868 0.039740 0.049261 0.038321
6 40 64.597702 0.050483 0.039114 0.050685 0.039207
6 41 64.712646 0.050780 0.039640 0.050187 0.038902
6 42 64.827583 0.049537 0.039253 0.049849 0.038971
6 43 64.942528 0.049550 0.039152 0.048730 0.038229
6 44 65.057472 0.049312 0.038923 0.050313 0.039633
6 45 65.172417 0.048456 0.037947 0.049703 0.038880
6 46 65.287354 0.048632 0.038190 0.048518 0.038487
6 47 65.402298 0.049595 0.039005 0.048847 0.038963
6 48 65.517242 0.049639 0.039185 0.048896 0.038648
6 49 65.632187 0.049840 0.039425 0.049018 0.038549
6 50 65.747124 0.050298 0.039470 0.049513 0.039124
6 51 65.862068 0.050114 0.039304 0.048727 0.038229
6 52 65.977013 0.048634 0.038694 0.048991 0.038841
6 53 66.091957 0.050285 0.039253 0.050348 0.038859
6 54 66.206894 0.049110 0.038472 0.050048 0.039233
6 55 66.321838 0.048745 0.038527 0.048830 0.038223
6 56 66.436783 0.048191 0.038057 0.049015 0.038827
6 57 66.551727 0.049011 0.038489 0.048677 0.038396
6 58 66.666664 0.049260 0.038822 0.049510 0.039016
6 59 66.781609 0.049657 0.038649 0.049873 0.038948
6 60 66.896553 0.049641 0.038595 0.049183 0.038592
6 61 67.011497 0.051664 0.039568 0.049475 0.038370
6 62 67.126434 0.050753 0.039415 0.050893 0.039254
6 63 67.241379 0.049413 0.038676 0.048735 0.038328
6 64 67.356323 0.050207 0.039497 0.049724 0.039136
6 65 67.471268 0.048705 0.038729 0.049774 0.039398
6 66 67.586205 0.050645 0.039573 0.049009 0.038656
6 67 67.701149 0.050486 0.040027 0.049929 0.038831
6 68 67.816093 0.049943 0.038997 0.049057 0.038442
6 69 67.931038 0.049341 0.038890 0.049302 0.038968
6 70 68.045975 0.050018 0.039477 0.048781 0.038833
6 71 68.160919 0.049601 0.039146 0.048675 0.038479
6 72 68.275864 0.050311 0.039387 0.049847 0.039066
6 73 68.390808 0.050567 0.039747 0.049913 0.039041
6 74 68.505745 0.050641 0.039203 0.049934 0.039087
6 75 68.620689 0.050627 0.039846 0.049563 0.038817
6 76 68.735634 0.050388 0.039226 0.048714 0.038553
6 77 68.850578 0.048291 0.038246 0.049655 0.038840
6 78 68.965515 0.050905 0.039437 0.050479 0.039356
6 79 69.080460 0.049463 0.039036 0.050682 0.039369
6 80 69.195404 0.049544 0.038757 0.050176 0.039709
6 81 69.310349 0.050163 0.038898 0.050505 0.039489
6 82 69.425285 0.050475 0.039432 0.049944 0.038848
6 83 69.540230 0.049599 0.038977 0.049762 0.039373
6 84 69.655174 0.050345 0.039220 0.048939 0.038381
6 85 69.770119 0.050018 0.038907 0.049147 0.038783
6 86 69.885056 0.050237 0.039703 0.050525 0.039368
7 0 70.000000 0.050021 0.039439 0.049131 0.038510
7 1 70.114944 0.049567 0.039117 0.050173 0.039511
7 2 70.229881 0.049901 0.039061 0.050161 0.039197
7 3 70.344826 0.049262 0.038720 0.049850 0.038975
7 4 70.459770 0.049543 0.038442 0.049939 0.038814
7 5 70.574715 0.048306 0.038322 0.049039 0.039091
7 6 70.689651 0.048696 0.038630 0.048613 0.038212
7 7 70.804596 0.050522 0.039165 0.049886 0.039027
7 8 70.919540 0.049670 0.038905 0.048949 0.038972
7 9 71.034485 0.050545 0.039353 0.048295 0.038150
7 10 71.149422 0.049673 0.039050 0.048413 0.038301
7 11 71.264366 0.049277 0.038731 0.050229 0.038874
7 12 71.379311 0.050116 0.039286 0.049784 0.039266
7 13 71.494255 0.048676 0.038495 0.048893 0.038666
7 14 71.609192 0.049618 0.038999 0.049830 0.039035
7 15 71.724136 0.049818 0.039088 0.049558 0.038794
7 16 71.839081 0.049336 0.038945 0.049773 0.039198
7 17 71.954025 0.051574 0.039191 0.050923 0.038473
7 18 72.068962 0.048765 0.038420 0.049065 0.038434
7 19 72.183907 0.049066 0.038659 0.048561 0.038126
7 20 72.298851 0.050184 0.039085 0.048865 0.038331
7 21 72.413795 0.049478 0.038581 0.050757 0.039150
7 22 72.528732 0.047787 0.037857 0.048480 0.037957
7 23 72.643677 0.049911 0.038672 0.050499 0.039369
7 24 72.758621 0.049752 0.039082 0.049035 0.039039
7 25 72.873566 0.049317 0.038307 0.050685 0.039399
7 26 72.988503 0.049857 0.039390 0.049441 0.038635
7 27 73.103447 0.049957 0.039125 0.049836 0.039247
7 28 73.218391 0.049744 0.039251 0.049001 0.038766
7 29 73.333336 0.049664 0.038876 0.049912 0.038772
7 30 73.448273 0.047882 0.037838 0.048809 0.038490
7 31 73.563217 0.050460 0.039683 0.048567 0.038734
7 32 73.678162 0.048152 0.038251 0.049172 0.039014
7 33 73.793106 0.049130 0.038738 0.048682 0.038286
7 34 73.908043 0.050060 0.039480 0.049383 0.038997
7 35 74.022987 0.050121 0.039442 0.050943 0.039653
7 36 74.137932 0.048626 0.038129 0.050708 0.039544
7 37 74.252876 0.049908 0.039243 0.050340 0.039323
7 38 74.367813 0.049924 0.039023 0.049097 0.038222
7 39 74.482758 0.049085 0.038675 0.049305 0.039012
7 40 74.597702 0.049898 0.039111 0.049411 0.038721
7 41 74.712646 0.048374 0.038425 0.049452 0.039073
7 42 74.827583 0.050096 0.039157 0.049954 0.039488
7 43 74.942528 0.049596 0.038743 0.050639 0.039642
7 44 75.057472 0.049667 0.038672 0.049915 0.039263
7 45 75.172417 0.048484 0.038326 0.050510 0.039412
7 46 75.287354 0.050016 0.039506 0.048847 0.038623
7 47 75.402298 0.049321 0.038309 0.050411 0.039514
7 48 75.517242 0.049445 0.039186 0.048882 0.039037
7 49 75.632187 0.049808 0.038788 0.048413 0.037578
7 50 75.747124 0.050116 0.039196 0.050120 0.039729
7 51 75.862068 0.049686 0.038656 0.051052 0.039292
7 52 75.977013 0.050076 0.039259 0.049418 0.038631
7 53 76.091957 0.048956 0.038901 0.049526 0.038797
7 54 76.206894 0.048879 0.038829 0.049113 0.038954
7 55 76.321838 0.050674 0.039342 0.050767 0.039463
7 56 76.436783 0.049180 0.038683 0.050050 0.039601
7 57 76.551727 0.049674 0.038992 0.048296 0.038028
7 58 76.666664 0.049505 0.038707 0.049931 0.039095
7 59 76.781609 0.048941 0.038385 0.049386 0.039017
7 60 76.896553 0.050477 0.039509 0.049519 0.038624
7 61 77.011497 0.050426 0.038869 0.049894 0.038958
7 62 77.126434 0.048630 0.038622 0.049008 0.038852
7 63 77.241379 0.049699 0.039309 0.049303 0.038930
7 64 77.356323 0.049574 0.038848 0.050785 0.039895
7 65 77.471268 0.048430 0.038302 0.049440 0.038981
7 66 77.586205 0.049923 0.038962 0.051268 0.039708
7 67 77.701149 0.048737 0.038864 0.049452 0.038797
7 68 77.816093 0.049840 0.038715 0.050908 0.038920
7 69 77.931038 0.049717 0.039021 0.048012 0.037817
7 70 78.045975 0.050777 0.039348 0.051322 0.039766
7 71 78.160919 0.050202 0.039062 0.049563 0.038724
7 72 78.275864 0.049004 0.038508 0.050816 0.039625
7 73 78.390808 0.051674 0.039937 0.051524 0.039471
7 74 78.505745 0.049198 0.038979 0.049456 0.039126
7 75 78.620689 0.050748 0.039292 0.050196 0.039364
7 76 78.735634 0.050280 0.039546 0.048890 0.038446
7 77 78.850578 0.048786 0.038637 0.048523 0.038521
7 78 78.965515 0.049061 0.038644 0.050279 0.039090
7 79 79.080460 0.049128 0.039318 0.049255 0.038825
7 80 79.195404 0.049447 0.039009 0.049130 0.038970
7 81 79.310349 0.049723 0.039140 0.049463 0.038584
7 82 79.425285 0.048635 0.038474 0.048827 0.038628
7 83 79.540230 0.049633 0.038342 0.050731 0.039075
7 84 79.655174 0.048813 0.038261 0.049552 0.039023
7 85 79.770119 0.050163 0.039242 0.049494 0.039117
7 86 79.885056 0.049425 0.038995 0.049749 0.039171
8 0 80.000000 0.048807 0.038328 0.049068 0.039166
8 1 80.114944 0.047915 0.038397 0.048677 0.038588
8 2 80.229881 0.049504 0.038679 0.050082 0.039196
8 3 80.344826 0.047897 0.037943 0.047392 0.037786
8 4 80.459770 0.050118 0.039288 0.049326 0.039070
8 5 80.574715 0.049490 0.038781 0.049606 0.038650
8 6 80.689651 0.049814 0.039010 0.049286 0.038854
8 7 80.804596 0.050056 0.039214 0.048996 0.038248
8 8 80.919540 0.048538 0.038229 0.049171 0.039214
8 9 81.034485 0.049380 0.039051 0.048914 0.038474
8 10 81.149422 0.049346 0.039089 0.050441 0.039809
8 11 81.264366 0.049463 0.039347 0.049436 0.038756
8 12 81.379311 0.049654 0.039258 0.049226 0.038959
8 13 81.494255 0.049193 0.038186 0.049124 0.038482
8 14 81.609192 0.049265 0.038777 0.051082 0.039505
8 15 81.724136 0.050619 0.039516 0.050052 0.039693
8 16 81.839081 0.050091 0.039428 0.050005 0.039290
8 17 81.954025 0.048912 0.038705 0.050595 0.039578
8 18 82.068962 0.048853 0.038385 0.050605 0.039940
8 19 82.183907 0.049990 0.038682 0.049877 0.038366
8 20 82.298851 0.049523 0.038650 0.050574 0.039634
8 21 82.413795 0.050171 0.039279 0.051059 0.039883
8 22 82.528732 0.049458 0.039054 0.050204 0.039855
8 23 82.643677 0.049671 0.038978 0.049101 0.038657
8 24 82.758621 0.050068 0.039224 0.049418 0.038792
8 25 82.873566 0.049414 0.038724 0.049235 0.038337
8 26 82.988503 0.048856 0.038587 0.049594 0.039210
8 27 83.103447 0.049241 0.038988 0.048522 0.038621
8 28 83.218391 0.049296 0.038624 0.049906 0.038796
8 29 83.333336 0.049144 0.038647 0.049219 0.038727
8 30 83.448273 0.049298 0.038551 0.049299 0.038387
8 31 83.563217 0.049356 0.039171 0.048789 0.038842
8 32 83.678162 0.049806 0.039002 0.049591 0.039030
8 33 83.793106 0.049411 0.038939 0.047813 0.037915
8 34 83.908043 0.049996 0.038848 0.049794 0.038813
8 35 84.022987 0.049386 0.038851 0.048895 0.038766
8 36 84.137932 0.049114 0.038766 0.050088 0.039477
8 37 84.252876 0.048400 0.038643 0.048500 0.038666
8 38 84.367813 0.050653 0.039858 0.049212 0.038769
8 39 84.482758 0.050069 0.039041 0.050632 0.039568
8 40 84.597702 0.050099 0.038765 0.050776 0.039491
8 41 84.712646 0.050411 0.039649 0.049357 0.038775
8 42 84.827583 0.049190 0.038591 0.048825 0.038710
8 43 84.942528 0.048847 0.038332 0.049100 0.038795
8 44 85.057472 0.050376 0.039647 0.048995 0.038496
8 45 85.172417 0.049494 0.038837 0.048813 0.038861
8 46 85.287354 0.050582 0.039310 0.051245 0.039918
8 47 85.402298 0.049494 0.038994 0.049973 0.039415
8 48 85.517242 0.049400 0.039198 0.049875 0.039185
8 49 85.632187 0.049289 0.038943 0.048917 0.038785
8 50 85.747124 0.050211 0.039210 0.050424 0.039182
8 51 85.862068 0.048547 0.038650 0.048673 0.038522
8 52 85.977013 0.049325 0.038675 0.050174 0.039250
8 53 86.091957 0.048341 0.038013 0.048321 0.038138
8 54 86.206894 0.048397 0.038212 0.051465 0.040437
8 55 86.321838 0.049281 0.038670 0.049262 0.038474
8 56 86.436783 0.049057 0.038566 0.049512 0.038978
8 57 86.551727 0.049984 0.038834 0.049292 0.039137
8 58 86.666664 0.049247 0.038619 0.049015 0.038739
8 59 86.781609 0.049737 0.039442 0.049452 0.038446
8 60 86.896553 0.050304 0.038771 0.050478 0.039538
8 61 87.011497 0.049471 0.038816 0.049484 0.038868
8 62 87.126434 0.050141 0.039475 0.049374 0.038629
8 63 87.241379 0.048920 0.038534 0.049313 0.039468
8 64 87.356323 0.048786 0.038676 0.048576 0.038864
8 65 87.471268 0.049981 0.039097 0.050725 0.039827
8 66 87.586205 0.050006 0.039211 0.050237 0.039409
8 67 87.701149 0.049144 0.038619 0.049391 0.038777
8 68 87.816093 0.049802 0.038926 0.049070 0.038311
8 69 87.931038 0.050005 0.039455 0.049178 0.038874
8 70 88.045975 0.048924 0.038681 0.049201 0.038780
8 71 88.160919 0.049189 0.039128 0.049882 0.039391
8 72 88.275864 0.049957 0.039761 0.049729 0.039007
8 73 88.390808 0.049056 0.038779 0.049613 0.038930
8 74 88.505745 0.047736 0.037925 0.049261 0.039138
8 75 88.620689 0.047968 0.037953 0.049057 0.038924
8 76 88.735634 0.048375 0.038192 0.049496 0.039244
8 77 88.850578 0.049902 0.039086 0.049730 0.038536
8 78 88.965515 0.049516 0.038942 0.049406 0.038988
8 79 89.080460 0.048865 0.038737 0.050191 0.039791
8 80 89.195404 0.050006 0.039353 0.048011 0.038197
8 81 89.310349 0.049044 0.038768 0.047775 0.037997
8 82 89.425285 0.050149 0.039365 0.049187 0.038874
8 83 89.540230 0.047953 0.037797 0.048304 0.038111
8 84 89.655174 0.048968 0.039031 0.048732 0.038722
8 85 89.770119 0.049910 0.039717 0.049613 0.039467
8 86 89.885056 0.049414 0.038840 0.049803 0.039361
9 0 90.000000 0.048747 0.038236 0.048707 0.038584
9 1 90.114944 0.048536 0.038464 0.048631 0.038797
9 2 90.229881 0.048993 0.038496 0.049632 0.039384
9 3 90.344826 0.048022 0.037882 0.049863 0.039306
9 4 90.459770 0.048882 0.038457 0.049032 0.038794
9 5 90.574715 0.049287 0.038635 0.050510 0.039647
9 6 90.689651 0.049878 0.039488 0.049312 0.038860
9 7 90.804596 0.050552 0.039828 0.049194 0.038971
9 8 90.919540 0.048729 0.038309 0.049893 0.039336
9 9 91.034485 0.049472 0.038799 0.050043 0.039210
9 10 91.149422 0.049555 0.038843 0.049548 0.038463
9 11 91.264366 0.049845 0.038396 0.050697 0.039359
9 12 91.379311 0.050090 0.039393 0.048826 0.038693
9 13 91.494255 0.049563 0.038987 0.050142 0.039553
9 14 91.609192 0.050486 0.038864 0.049292 0.038039
9 15 91.724136 0.050796 0.039525 0.050278 0.039306
9 16 91.839081 0.048223 0.037883 0.049102 0.038579
9 17 91.954025 0.049881 0.038940 0.048760 0.038404
9 18 92.068962 0.049378 0.039062 0.050154 0.039500
9 19 92.183907 0.049395 0.039261 0.049919 0.039409
9 20 92.298851 0.049743 0.039396 0.050065 0.039108
9 21 92.413795 0.048661 0.038650 0.049509 0.039164
9 22 92.528732 0.049833 0.038810 0.050018 0.038858
9 23 92.643677 0.049675 0.038459 0.049890 0.038476
9 24 92.758621 0.049089 0.039063 0.048836 0.038700
9 25 92.873566 0.049064 0.039228 0.048955 0.038689
9 26 92.988503 0.049436 0.038958 0.049956 0.038887
9 27 93.103447 0.049236 0.039555 0.049640 0.039277
9 28 93.218391 0.049143 0.039302 0.049453 0.038987
9 29 93.333336 0.050274 0.039374 0.048903 0.038603
9 30 93.448273 0.047913 0.038073 0.048650 0.038909
9 31 93.563217 0.049379 0.038836 0.049360 0.038998
9 32 93.678162 0.049438 0.038621 0.049708 0.039346
9 33 93.793106 0.049932 0.038939 0.051118 0.040296
9 34 93.908043 0.050058 0.039552 0.048545 0.038302
9 35 94.022987 0.048839 0.038763 0.049239 0.038821
9 36 94.137932 0.049140 0.038895 0.049254 0.038824
9 37 94.252876 0.049498 0.039190 0.049186 0.038762
9 38 94.367813 0.049183 0.038940 0.049245 0.039191
9 39 94.482758 0.050603 0.039926 0.050135 0.039406
9 40 94.597702 0.049831 0.039339 0.049620 0.038760
9 41 94.712646 0.049342 0.038473 0.049552 0.039263
9 42 94.827583 0.050137 0.039297 0.050801 0.039911
9 43 94.942528 0.048788 0.038817 0.050222 0.039393
9 44 95.057472 0.049327 0.038666 0.050414 0.039294
9 45 95.172417 0.048675 0.038581 0.049906 0.039103
9 46 95.287354 0.049609 0.039272 0.049120 0.038779
9 47 95.402298 0.049280 0.038385 0.049870 0.038893
9 48 95.517242 0.048755 0.038803 0.049766 0.039106
9 49 95.632187 0.048701 0.038324 0.052051 0.040712
9 50 95.747124 0.049700 0.038755 0.050516 0.039787
9 51 95.862068 0.049890 0.039209 0.049338 0.038990
9 52 95.977013 0.049336 0.038715 0.048446 0.038363
9 53 96.091957 0.048533 0.039001 0.048728 0.038945
9 54 96.206894 0.049743 0.039256 0.049196 0.038942
9 55 96.321838 0.048672 0.038738 0.049323 0.039109
9 56 96.436783 0.050232 0.039395 0.049436 0.038702
9 57 96.551727 0.048688 0.038475 0.048057 0.038119
9 58 96.666664 0.047726 0.037907 0.048128 0.038138
9 59 96.781609 0.049658 0.038833 0.049702 0.038876
9 60 96.896553 0.048939 0.038487 0.049748 0.038995
9 61 97.011497 0.049105 0.039042 0.049258 0.038883
9 62 97.126434 0.050085 0.039358 0.050539 0.039153
9 63 97.241379 0.048917 0.038481 0.048945 0.038534
9 64 97.356323 0.048723 0.038493 0.048462 0.038344
9 65 97.471268 0.049238 0.039085 0.049562 0.039140
9 66 97.586205 0.048986 0.038716 0.049909 0.039366
9 67 97.701149 0.049218 0.039062 0.049458 0.039593
9 68 97.816093 0.048321 0.038530 0.049684 0.039166
9 69 97.931038 0.049444 0.038653 0.048598 0.037875
9 70 98.045975 0.048704 0.038428 0.049428 0.038798
9 71 98.160919 0.049573 0.039065 0.048594 0.038264
9 72 98.275864 0.049253 0.039258 0.049993 0.039203
9 73 98.390808 0.049745 0.039226 0.048581 0.038488
9 74 98.505745 0.049087 0.038714 0.049613 0.039383
9 75 98.620689 0.050127 0.038958 0.048180 0.037459
9 76 98.735634 0.049284 0.038901 0.049433 0.039333
9 77 98.850578 0.050295 0.039946 0.049956 0.039293
9 78 98.965515 0.047538 0.037796 0.048997 0.038667
9 79 99.080460 0.048397 0.038312 0.048315 0.038105
9 80 99.195404 0.050322 0.039052 0.050002 0.039337
9 81 99.310349 0.048702 0.038687 0.048667 0.038641
9 82 99.425285 0.051032 0.038724 0.051435 0.039163
9 83 99.540230 0.048771 0.038850 0.049146 0.038605
9 84 99.655174 0.048529 0.038550 0.050134 0.039551
9 85 99.770119 0.049545 0.039130 0.050561 0.040023
9 86 99.885056 0.051388 0.039777 0.050931 0.039682
