0 0 0.000000 0.231497 0.134503 0.232537 0.135052
0 1 0.476190 0.204396 0.133601 0.204549 0.133539
0 2 0.952381 0.205709 0.134326 0.202104 0.132129
0 3 1.428571 0.206510 0.134707 0.202564 0.133109
0 4 1.904762 0.205093 0.133469 0.207537 0.134906
0 5 2.380952 0.206566 0.134791 0.205485 0.133859
0 6 2.857143 0.206024 0.134241 0.204810 0.133375
0 7 3.333333 0.207543 0.135531 0.205392 0.134242
0 8 3.809524 0.204815 0.134050 0.205127 0.134064
0 9 4.285714 0.206875 0.134417 0.206599 0.134373
0 10 4.761905 0.205952 0.134117 0.205026 0.133555
0 11 5.238095 0.207081 0.134826 0.208078 0.135075
0 12 5.714286 0.205165 0.133953 0.205378 0.133876
0 13 6.190476 0.206527 0.134605 0.206211 0.134957
0 14 6.666667 0.202343 0.132421 0.204102 0.133493
0 15 7.142857 0.207573 0.135416 0.202493 0.132324
0 16 7.619048 0.204509 0.133860 0.205957 0.134877
0 17 8.095238 0.206477 0.134981 0.203624 0.133495
0 18 8.571428 0.206101 0.134529 0.204868 0.133841
0 19 9.047619 0.207002 0.135180 0.204210 0.133480
0 20 9.523809 0.205274 0.133533 0.205157 0.133736
1 0 10.000000 0.205608 0.134259 0.206681 0.135307
1 1 10.476191 0.206539 0.135098 0.206059 0.134608
1 2 10.952381 0.204072 0.132921 0.206361 0.134634
1 3 11.428572 0.207160 0.135014 0.204509 0.133602
1 4 11.904762 0.206873 0.134344 0.206498 0.134172
1 5 12.380953 0.203115 0.133007 0.205117 0.134232
1 6 12.857142 0.205234 0.134161 0.206765 0.134419
1 7 13.333333 0.208481 0.135752 0.208336 0.135766
1 8 13.809524 0.203386 0.132629 0.206183 0.134621
1 9 14.285714 0.205560 0.133712 0.205395 0.133681
1 10 14.761905 0.206324 0.134824 0.204538 0.133459
1 11 15.238095 0.206087 0.134540 0.205196 0.133868
1 12 15.714286 0.205152 0.133706 0.206868 0.134981
1 13 16.190475 0.208283 0.135678 0.205621 0.133809
1 14 16.666666 0.207569 0.135082 0.205520 0.134056
1 15 17.142857 0.204014 0.132986 0.207108 0.135111
1 16 17.619047 0.204456 0.133188 0.205585 0.134171
1 17 18.095238 0.204588 0.133983 0.204017 0.133087
1 18 18.571428 0.207589 0.135613 0.206336 0.134486
1 19 19.047619 0.204394 0.133284 0.206948 0.135443
1 20 19.523809 0.205817 0.133904 0.206221 0.134884
2 0 20.000000 0.205142 0.133588 0.205174 0.134108
2 1 20.476191 0.207885 0.135266 0.210364 0.136576
2 2 20.952381 0.207270 0.135096 0.204967 0.133972
2 3 21.428572 0.207906 0.135302 0.203757 0.133738
2 4 21.904762 0.205454 0.134657 0.208819 0.136556
2 5 22.380953 0.203169 0.132609 0.204762 0.133867
2 6 22.857143 0.205022 0.133854 0.205026 0.133786
2 7 23.333334 0.205917 0.134286 0.205029 0.133542
2 8 23.809525 0.203472 0.132696 0.206365 0.134984
2 9 24.285715 0.205142 0.134044 0.205871 0.134166
2 10 24.761906 0.207233 0.135142 0.204858 0.133629
2 11 25.238094 0.205846 0.134268 0.206632 0.134905
2 12 25.714285 0.206861 0.135078 0.203445 0.133212
2 13 26.190475 0.204294 0.133171 0.204585 0.134040
2 14 26.666666 0.204711 0.133794 0.204699 0.133858
2 15 27.142857 0.205450 0.134019 0.202477 0.132420
2 16 27.619047 0.205875 0.133918 0.205726 0.134782
2 17 28.095238 0.205609 0.134254 0.204349 0.132940
2 18 28.571428 0.206689 0.134758 0.205632 0.134251
2 19 29.047619 0.206088 0.134532 0.202267 0.132352
2 20 29.523809 0.206211 0.134937 0.202502 0.132463
3 0 30.000000 0.206569 0.135214 0.204759 0.134045
3 1 30.476191 0.206085 0.134745 0.206539 0.134532
3 2 30.952381 0.205756 0.134241 0.203971 0.132825
3 3 31.428572 0.206423 0.134755 0.204369 0.133045
3 4 31.904762 0.207294 0.135567 0.206518 0.134712
3 5 32.380951 0.204328 0.134004 0.206294 0.134595
3 6 32.857143 0.207005 0.135395 0.207042 0.135584
3 7 33.333332 0.208851 0.136208 0.205923 0.134124
3 8 33.809525 0.206358 0.134673 0.205390 0.134016
3 9 34.285713 0.205483 0.133933 0.206463 0.135311
3 10 34.761906 0.206078 0.134447 0.202472 0.132386
3 11 35.238094 0.205632 0.134195 0.206315 0.134838
3 12 35.714287 0.206889 0.135282 0.208861 0.136016
3 13 36.190475 0.206015 0.134342 0.205593 0.134622
3 14 36.666668 0.204282 0.133367 0.207234 0.135142
3 15 37.142857 0.204037 0.133292 0.202865 0.132411
3 16 37.619049 0.207389 0.135693 0.204740 0.133426
3 17 38.095238 0.207226 0.135225 0.207808 0.135693
3 18 38.571430 0.203448 0.133050 0.203965 0.132759
3 19 39.047619 0.204805 0.133656 0.208465 0.135494
3 20 39.523811 0.207833 0.135686 0.207676 0.135316
4 0 40.000000 0.205344 0.134165 0.206133 0.134655
4 1 40.476189 0.204347 0.133587 0.203702 0.133179
4 2 40.952381 0.206766 0.134466 0.205060 0.133642
4 3 41.428570 0.204203 0.133129 0.204529 0.133338
4 4 41.904762 0.201384 0.131712 0.207893 0.135864
4 5 42.380951 0.204042 0.133552 0.206077 0.134680
4 6 42.857143 0.204631 0.133617 0.207146 0.135297
4 7 43.333332 0.208214 0.135537 0.206215 0.134901
4 8 43.809525 0.206289 0.134860 0.203721 0.132949
4 9 44.285713 0.205810 0.134122 0.205910 0.134617
4 10 44.761906 0.205043 0.134037 0.204727 0.133635
4 11 45.238094 0.204434 0.133074 0.205040 0.134252
4 12 45.714287 0.206053 0.134624 0.206044 0.134183
4 13 46.190475 0.209009 0.135981 0.205580 0.133932
4 14 46.666668 0.203952 0.132697 0.206773 0.134160
4 15 47.142857 0.204701 0.133712 0.205926 0.134781
4 16 47.619049 0.206190 0.135136 0.206715 0.135108
4 17 48.095238 0.202946 0.132382 0.206753 0.135200
4 18 48.571430 0.207651 0.135405 0.207688 0.135455
4 19 49.047619 0.203860 0.132285 0.205735 0.134759
4 20 49.523811 0.205037 0.133558 0.204517 0.133196
5 0 50.000000 0.203775 0.132912 0.205774 0.134407
5 1 50.476189 0.203236 0.132640 0.202882 0.132782
5 2 50.952381 0.205336 0.134197 0.205446 0.134375
5 3 51.428570 0.204541 0.133880 0.207506 0.135582
5 4 51.904762 0.205536 0.134183 0.205274 0.133936
5 5 52.380951 0.208518 0.136269 0.203687 0.132751
5 6 52.857143 0.206875 0.135502 0.206141 0.134828
5 7 53.333332 0.206724 0.134528 0.206035 0.134630
5 8 53.809525 0.209279 0.135626 0.205887 0.134280
5 9 54.285713 0.204860 0.133618 0.203272 0.132589
5 10 54.761906 0.206743 0.134743 0.206004 0.134446
5 11 55.238094 0.208474 0.135857 0.208898 0.136099
5 12 55.714287 0.201797 0.132077 0.202845 0.132441
5 13 56.190475 0.208295 0.135917 0.204118 0.133195
5 14 56.666668 0.204958 0.133574 0.206096 0.133994
5 15 57.142857 0.206003 0.134705 0.203505 0.132705
5 16 57.619049 0.205751 0.134401 0.207045 0.135214
5 17 58.095238 0.204567 0.133460 0.206767 0.135386
5 18 58.571430 0.203709 0.132687 0.207089 0.135396
5 19 59.047619 0.203686 0.133257 0.202560 0.132561
5 20 59.523811 0.207081 0.134688 0.205760 0.134055
6 0 60.000000 0.205955 0.134621 0.203579 0.132743
6 1 60.476189 0.205439 0.134165 0.204268 0.133526
6 2 60.952381 0.205370 0.133854 0.204739 0.134614
6 3 61.428570 0.204942 0.133535 0.206925 0.134587
6 4 61.904762 0.207920 0.135463 0.207623 0.135250
6 5 62.380951 0.205475 0.133978 0.205529 0.133762
6 6 62.857143 0.206078 0.134557 0.206671 0.134567
6 7 63.333332 0.204921 0.133991 0.203214 0.132764
6 8 63.809525 0.206697 0.135127 0.208396 0.136132
6 9 64.285713 0.204040 0.133518 0.202170 0.132406
6 10 64.761902 0.207722 0.135395 0.203914 0.133159
6 11 65.238098 0.203868 0.133733 0.204467 0.133633
6 12 65.714287 0.206140 0.134653 0.205003 0.133690
6 13 66.190475 0.204238 0.133923 0.205448 0.134336
6 14 66.666664 0.205677 0.134277 0.205606 0.134226
6 15 67.142860 0.206967 0.134771 0.204134 0.133170
6 16 67.619049 0.205987 0.134387 0.201585 0.131786
6 17 68.095238 0.205083 0.133767 0.204076 0.133216
6 18 68.571426 0.206583 0.134634 0.205516 0.133690
6 19 69.047623 0.201729 0.131779 0.204465 0.133226
6 20 69.523811 0.204675 0.133821 0.204037 0.133116
7 0 70.000000 0.204221 0.133432 0.204518 0.133282
7 1 70.476189 0.204955 0.133554 0.204067 0.133446
7 2 70.952377 0.209312 0.136666 0.205426 0.133545
7 3 71.428574 0.206738 0.134870 0.205255 0.133546
7 4 71.904762 0.207157 0.135584 0.205783 0.134247
7 5 72.380951 0.205896 0.134318 0.205405 0.134152
7 6 72.857140 0.205083 0.133841 0.201652 0.131304
7 7 73.333336 0.205492 0.134097 0.206648 0.135093
7 8 73.809525 0.204945 0.134588 0.206930 0.135061
7 9 74.285713 0.204851 0.133879 0.204592 0.133796
7 10 74.761902 0.206792 0.134656 0.206023 0.134137
7 11 75.238098 0.205558 0.134365 0.204897 0.133826
7 12 75.714287 0.204788 0.133752 0.208669 0.135756
7 13 76.190475 0.205603 0.133852 0.205804 0.134132
7 14 76.666664 0.206836 0.135116 0.204316 0.134440
7 15 77.142860 0.204684 0.133546 0.205133 0.134467
7 16 77.619049 0.202338 0.132452 0.205026 0.134131
7 17 78.095238 0.206429 0.134318 0.205387 0.134092
7 18 78.571426 0.205095 0.133900 0.206006 0.134332
7 19 79.047623 0.205582 0.133974 0.204170 0.132874
7 20 79.523811 0.203974 0.133542 0.206091 0.134875
8 0 80.000000 0.207190 0.135409 0.204989 0.134196
8 1 80.476189 0.207708 0.135156 0.205806 0.134541
8 2 80.952377 0.205096 0.133755 0.204748 0.133729
8 3 81.428574 0.206726 0.135139 0.206576 0.135274
8 4 81.904762 0.206050 0.134801 0.205632 0.134505
8 5 82.380951 0.205091 0.133957 0.206345 0.134941
8 6 82.857140 0.207801 0.135668 0.206732 0.134783
8 7 83.333336 0.204896 0.133951 0.207268 0.135125
8 8 83.809525 0.205525 0.133824 0.204426 0.133526
8 9 84.285713 0.203021 0.132603 0.202375 0.132512
8 10 84.761902 0.207404 0.135062 0.201910 0.131856
8 11 85.238098 0.206285 0.134750 0.205570 0.134457
8 12 85.714287 0.204246 0.133481 0.206218 0.134313
8 13 86.190475 0.203415 0.132632 0.205340 0.133945
8 14 86.666664 0.206468 0.134438 0.202674 0.132131
8 15 87.142860 0.204577 0.133659 0.204591 0.133638
8 16 87.619049 0.204623 0.133582 0.207226 0.135447
8 17 88.095238 0.204106 0.133262 0.205651 0.134336
8 18 88.571426 0.204638 0.133283 0.204593 0.133692
8 19 89.047623 0.206497 0.134467 0.205572 0.134116
8 20 89.523811 0.206635 0.135011 0.204672 0.133375
9 0 90.000000 0.204891 0.133723 0.205582 0.134183
9 1 90.476189 0.206213 0.134733 0.204536 0.133547
9 2 90.952377 0.206409 0.134882 0.203250 0.133024
9 3 91.428574 0.206726 0.134765 0.202599 0.132125
9 4 91.904762 0.206817 0.134983 0.205772 0.133481
9 5 92.380951 0.206270 0.134357 0.206644 0.134986
9 6 92.857140 0.206934 0.135337 0.206806 0.135191
9 7 93.333336 0.207275 0.135020 0.207558 0.135079
9 8 93.809525 0.203445 0.132987 0.204257 0.133495
9 9 94.285713 0.205249 0.133298 0.207840 0.135451
9 10 94.761902 0.206772 0.134328 0.205716 0.133824
9 11 95.238098 0.204908 0.133057 0.205545 0.133809
9 12 95.714287 0.206363 0.135170 0.203717 0.133143
9 13 96.190475 0.204832 0.133731 0.207114 0.135232
9 14 96.666664 0.205534 0.133713 0.204395 0.133334
9 15 97.142860 0.205679 0.134437 0.205090 0.133798
9 16 97.619049 0.205849 0.134122 0.209332 0.136082
9 17 98.095238 0.205318 0.133495 0.206227 0.133921
9 18 98.571426 0.206465 0.134590 0.204002 0.133190
9 19 99.047623 0.208028 0.136036 0.203473 0.133035
9 20 99.523811 0.206739 0.134828 0.205419 0.133971
