0 0 0.000000 0.220618 0.133606 0.220857 0.133401
0 1 0.476190 0.204401 0.133355 0.205337 0.134101
0 2 0.952381 0.204775 0.133954 0.202914 0.133040
0 3 1.428571 0.205108 0.134479 0.203959 0.133247
0 4 1.904762 0.204682 0.134235 0.202308 0.132049
0 5 2.380952 0.203108 0.132577 0.202583 0.132229
0 6 2.857143 0.204083 0.133539 0.203748 0.133493
0 7 3.333333 0.203524 0.133122 0.203843 0.132960
0 8 3.809524 0.202906 0.133034 0.204378 0.133970
0 9 4.285714 0.204202 0.133493 0.204348 0.133764
0 10 4.761905 0.202946 0.132222 0.207290 0.134802
0 11 5.238095 0.205410 0.134604 0.200684 0.131673
0 12 5.714286 0.205574 0.134380 0.203055 0.132796
0 13 6.190476 0.205245 0.134264 0.201596 0.131670
0 14 6.666667 0.204295 0.132818 0.205589 0.133894
0 15 7.142857 0.202857 0.132232 0.204297 0.133265
0 16 7.619048 0.201150 0.131344 0.203258 0.132771
0 17 8.095238 0.203283 0.132469 0.203035 0.132363
0 18 8.571428 0.203739 0.132543 0.204163 0.132793
0 19 9.047619 0.202307 0.132266 0.202195 0.131944
0 20 9.523809 0.203546 0.133016 0.203678 0.132979
1 0 10.000000 0.202676 0.132030 0.205899 0.134207
1 1 10.476191 0.205219 0.133965 0.205686 0.133900
1 2 10.952381 0.205145 0.133886 0.201199 0.131742
1 3 11.428572 0.207301 0.134715 0.205975 0.134422
1 4 11.904762 0.205752 0.134358 0.203547 0.132867
1 5 12.380953 0.204135 0.133340 0.204171 0.133057
1 6 12.857142 0.204459 0.133578 0.203298 0.132786
1 7 13.333333 0.201822 0.131880 0.203999 0.133501
1 8 13.809524 0.205945 0.134845 0.204105 0.133380
1 9 14.285714 0.206033 0.133858 0.205921 0.134698
1 10 14.761905 0.204248 0.133915 0.203883 0.133628
1 11 15.238095 0.202062 0.131769 0.206861 0.135014
1 12 15.714286 0.204082 0.133546 0.204581 0.133769
1 13 16.190475 0.204583 0.133539 0.202328 0.131990
1 14 16.666666 0.202595 0.132481 0.205106 0.133525
1 15 17.142857 0.200806 0.131337 0.203273 0.132296
1 16 17.619047 0.205250 0.133618 0.204178 0.133318
1 17 18.095238 0.204510 0.133464 0.205389 0.133556
1 18 18.571428 0.205556 0.134204 0.204485 0.134048
1 19 19.047619 0.204907 0.134016 0.203859 0.133390
1 20 19.523809 0.203597 0.133099 0.202911 0.132411
2 0 20.000000 0.205277 0.134292 0.203787 0.133575
2 1 20.476191 0.202675 0.131742 0.202477 0.132554
2 2 20.952381 0.203208 0.133083 0.204320 0.133819
2 3 21.428572 0.203264 0.132613 0.203569 0.132610
2 4 21.904762 0.207435 0.135480 0.203293 0.132550
2 5 22.380953 0.201896 0.131718 0.204111 0.133530
2 6 22.857143 0.204738 0.133657 0.206429 0.134490
2 7 23.333334 0.202113 0.131858 0.203645 0.133223
2 8 23.809525 0.203644 0.132997 0.202527 0.132018
2 9 24.285715 0.207351 0.135623 0.203765 0.133761
2 10 24.761906 0.202912 0.132591 0.205644 0.134053
2 11 25.238094 0.205740 0.134360 0.201871 0.131615
2 12 25.714285 0.203251 0.132784 0.205513 0.134153
2 13 26.190475 0.202387 0.132320 0.204019 0.133478
2 14 26.666666 0.206481 0.134519 0.203791 0.132793
2 15 27.142857 0.205649 0.134080 0.203946 0.133091
2 16 27.619047 0.204785 0.133457 0.203125 0.132207
2 17 28.095238 0.201954 0.132322 0.202546 0.132618
2 18 28.571428 0.206871 0.135375 0.202728 0.132771
2 19 29.047619 0.204850 0.134100 0.202380 0.131939
2 20 29.523809 0.203081 0.132692 0.200929 0.131618
3 0 30.000000 0.204936 0.133968 0.203358 0.132783
3 1 30.476191 0.200669 0.131559 0.202415 0.132718
3 2 30.952381 0.204677 0.133900 0.204374 0.133603
3 3 31.428572 0.203953 0.133606 0.202919 0.132527
3 4 31.904762 0.203584 0.132177 0.204522 0.132454
3 5 32.380951 0.205404 0.134262 0.203388 0.132654
3 6 32.857143 0.202131 0.132363 0.202240 0.132385
3 7 33.333332 0.205180 0.133994 0.203927 0.133210
3 8 33.809525 0.202394 0.132220 0.205183 0.133843
3 9 34.285713 0.203974 0.133424 0.202569 0.132588
3 10 34.761906 0.204001 0.133092 0.203807 0.132903
3 11 35.238094 0.206656 0.134665 0.203028 0.132566
3 12 35.714287 0.205206 0.134667 0.202827 0.133033
3 13 36.190475 0.203544 0.132907 0.203736 0.132740
3 14 36.666668 0.204082 0.132627 0.203697 0.132612
3 15 37.142857 0.202352 0.131894 0.203355 0.133165
3 16 37.619049 0.206185 0.134541 0.202697 0.132780
3 17 38.095238 0.206334 0.134360 0.205306 0.133234
3 18 38.571430 0.205709 0.133926 0.205710 0.134235
3 19 39.047619 0.204654 0.133516 0.205804 0.133987
3 20 39.523811 0.204117 0.133312 0.201591 0.131525
4 0 40.000000 0.203334 0.132463 0.204883 0.133705
4 1 40.476189 0.206590 0.134304 0.205017 0.133832
4 2 40.952381 0.203081 0.132946 0.203473 0.133240
4 3 41.428570 0.206061 0.134285 0.202692 0.132687
4 4 41.904762 0.206979 0.134813 0.204964 0.133426
4 5 42.380951 0.203143 0.132914 0.202653 0.131902
4 6 42.857143 0.204427 0.133355 0.203090 0.132564
4 7 43.333332 0.206091 0.134328 0.203785 0.133166
4 8 43.809525 0.202256 0.132473 0.202583 0.132372
4 9 44.285713 0.202124 0.132654 0.203467 0.132961
4 10 44.761906 0.204492 0.132917 0.205822 0.134335
4 11 45.238094 0.203664 0.133274 0.204031 0.133525
4 12 45.714287 0.204377 0.133316 0.204125 0.132969
4 13 46.190475 0.204300 0.133140 0.202935 0.132175
4 14 46.666668 0.201978 0.131798 0.200811 0.131517
4 15 47.142857 0.203055 0.133096 0.203583 0.132982
4 16 47.619049 0.206073 0.134467 0.202981 0.132528
4 17 48.095238 0.203460 0.132491 0.204511 0.133789
4 18 48.571430 0.205963 0.134450 0.206031 0.134064
4 19 49.047619 0.207339 0.135510 0.204908 0.134049
4 20 49.523811 0.206935 0.134608 0.205229 0.133950
5 0 50.000000 0.202154 0.132144 0.204060 0.133629
5 1 50.476189 0.201148 0.131971 0.204358 0.133635
5 2 50.952381 0.199405 0.130397 0.201645 0.131500
5 3 51.428570 0.203507 0.132466 0.204382 0.133565
5 4 51.904762 0.204585 0.133817 0.207638 0.135736
5 5 52.380951 0.203201 0.132951 0.205798 0.135082
5 6 52.857143 0.204299 0.133615 0.203489 0.132592
5 7 53.333332 0.203316 0.132701 0.202749 0.132493
5 8 53.809525 0.202752 0.132698 0.202648 0.132466
5 9 54.285713 0.204295 0.133242 0.202125 0.132217
5 10 54.761906 0.204562 0.133390 0.202210 0.132312
5 11 55.238094 0.203690 0.133385 0.203663 0.133385
5 12 55.714287 0.203850 0.133428 0.204131 0.133376
5 13 56.190475 0.203221 0.133237 0.204567 0.133441
5 14 56.666668 0.205433 0.133635 0.204335 0.132841
5 15 57.142857 0.205897 0.134211 0.202013 0.132358
5 16 57.619049 0.204346 0.133552 0.205355 0.133972
5 17 58.095238 0.205442 0.134078 0.201070 0.131880
5 18 58.571430 0.204878 0.133786 0.205093 0.133978
5 19 59.047619 0.201461 0.131814 0.205673 0.134255
5 20 59.523811 0.204119 0.133497 0.204424 0.133085
6 0 60.000000 0.204726 0.133694 0.204126 0.133172
6 1 60.476189 0.205317 0.134006 0.204770 0.133783
6 2 60.952381 0.204678 0.133699 0.204632 0.133503
6 3 61.428570 0.205023 0.133521 0.203083 0.132847
6 4 61.904762 0.205007 0.133852 0.206650 0.135162
6 5 62.380951 0.205240 0.134159 0.204528 0.133977
6 6 62.857143 0.204733 0.134224 0.202304 0.132351
6 7 63.333332 0.202826 0.133039 0.202305 0.132458
6 8 63.809525 0.206324 0.134585 0.203479 0.133064
6 9 64.285713 0.204612 0.133365 0.203843 0.133471
6 10 64.761902 0.204075 0.133547 0.204913 0.134171
6 11 65.238098 0.204290 0.132620 0.205418 0.134335
6 12 65.714287 0.205377 0.133728 0.205591 0.134345
6 13 66.190475 0.203827 0.133509 0.205395 0.133919
6 14 66.666664 0.203182 0.132952 0.202051 0.131987
6 15 67.142860 0.204398 0.133378 0.204639 0.133803
6 16 67.619049 0.203183 0.132588 0.202784 0.132385
6 17 68.095238 0.204168 0.133691 0.208222 0.135576
6 18 68.571426 0.204189 0.133338 0.202009 0.132391
6 19 69.047623 0.205076 0.134193 0.203307 0.133106
6 20 69.523811 0.205485 0.134297 0.204237 0.133303
7 0 70.000000 0.204242 0.133423 0.201428 0.131839
7 1 70.476189 0.207653 0.134996 0.205945 0.133797
7 2 70.952377 0.205830 0.134992 0.207693 0.135132
7 3 71.428574 0.204004 0.132993 0.207157 0.135226
7 4 71.904762 0.205663 0.133948 0.201946 0.132017
7 5 72.380951 0.203596 0.133217 0.205779 0.134260
7 6 72.857140 0.204980 0.133547 0.208571 0.135870
7 7 73.333336 0.204696 0.133120 0.204441 0.133222
7 8 73.809525 0.203549 0.132860 0.203535 0.133178
7 9 74.285713 0.205672 0.134047 0.205385 0.133820
7 10 74.761902 0.202882 0.132489 0.204965 0.133253
7 11 75.238098 0.203280 0.132692 0.203636 0.133735
7 12 75.714287 0.203926 0.133580 0.204045 0.133366
7 13 76.190475 0.201096 0.131439 0.203847 0.132923
7 14 76.666664 0.204115 0.133093 0.201808 0.131920
7 15 77.142860 0.205073 0.133469 0.202549 0.132120
7 16 77.619049 0.205018 0.133833 0.202666 0.132280
7 17 78.095238 0.203868 0.132430 0.203629 0.132704
7 18 78.571426 0.203808 0.132404 0.200143 0.130185
7 19 79.047623 0.202708 0.132572 0.204096 0.133473
7 20 79.523811 0.203058 0.132465 0.202700 0.132564
8 0 80.000000 0.201796 0.131347 0.204673 0.133780
8 1 80.476189 0.204940 0.133579 0.205605 0.134209
8 2 80.952377 0.204434 0.133818 0.203824 0.133251
8 3 81.428574 0.203027 0.132949 0.204890 0.134004
8 4 81.904762 0.203922 0.133296 0.206226 0.134688
8 5 82.380951 0.205852 0.134319 0.205249 0.134525
8 6 82.857140 0.200843 0.131625 0.206837 0.135221
8 7 83.333336 0.202592 0.132151 0.203822 0.133557
8 8 83.809525 0.203954 0.133548 0.204219 0.133640
8 9 84.285713 0.203185 0.132751 0.203407 0.132787
8 10 84.761902 0.205237 0.134100 0.204284 0.133056
8 11 85.238098 0.202486 0.132127 0.206701 0.134769
8 12 85.714287 0.204484 0.134155 0.204106 0.133969
8 13 86.190475 0.202473 0.132238 0.203232 0.132956
8 14 86.666664 0.204846 0.133434 0.204754 0.133891
8 15 87.142860 0.202206 0.132395 0.201922 0.133087
8 16 87.619049 0.202333 0.132319 0.203048 0.133050
8 17 88.095238 0.204138 0.133688 0.204658 0.133761
8 18 88.571426 0.207615 0.134912 0.206429 0.134660
8 19 89.047623 0.204843 0.133707 0.202664 0.132020
8 20 89.523811 0.204913 0.134074 0.203336 0.132951
9 0 90.000000 0.204653 0.133852 0.202746 0.132355
9 1 90.476189 0.203568 0.132817 0.202612 0.132319
9 2 90.952377 0.203619 0.133156 0.202258 0.132295
9 3 91.428574 0.202838 0.132190 0.205781 0.134559
9 4 91.904762 0.203278 0.132353 0.205363 0.134057
9 5 92.380951 0.202213 0.132128 0.204854 0.133645
9 6 92.857140 0.204554 0.134198 0.206863 0.135402
9 7 93.333336 0.203363 0.133410 0.204462 0.134116
9 8 93.809525 0.204073 0.133555 0.204264 0.134152
9 9 94.285713 0.203271 0.133115 0.203120 0.132893
9 10 94.761902 0.203820 0.133019 0.203203 0.132423
9 11 95.238098 0.205581 0.134081 0.204766 0.133735
9 12 95.714287 0.203603 0.133758 0.204556 0.133747
9 13 96.190475 0.205934 0.134602 0.202001 0.131836
9 14 96.666664 0.205273 0.133730 0.205559 0.134130
9 15 97.142860 0.203759 0.133462 0.202056 0.131922
9 16 97.619049 0.203378 0.132530 0.203907 0.132807
9 17 98.095238 0.205932 0.133992 0.204586 0.134112
9 18 98.571426 0.204941 0.134357 0.204333 0.133959
9 19 99.047623 0.205378 0.133882 0.204329 0.133268
9 20 99.523811 0.208104 0.136132 0.203866 0.133108
