0 0 0.000000 0.235844 0.136207 0.234409 0.136622
0 1 0.476190 0.203987 0.133523 0.204278 0.133186
0 2 0.952381 0.202842 0.132766 0.204447 0.133429
0 3 1.428571 0.203153 0.133214 0.204258 0.134403
0 4 1.904762 0.202843 0.131863 0.206663 0.134487
0 5 2.380952 0.202066 0.132330 0.207350 0.134826
0 6 2.857143 0.203750 0.133246 0.200111 0.130614
0 7 3.333333 0.202756 0.132483 0.205937 0.134053
0 8 3.809524 0.202021 0.131685 0.205390 0.133679
0 9 4.285714 0.203348 0.133137 0.203298 0.132868
0 10 4.761905 0.204086 0.133268 0.204691 0.133507
0 11 5.238095 0.201801 0.132144 0.205830 0.134414
0 12 5.714286 0.204735 0.133421 0.203806 0.132800
0 13 6.190476 0.206255 0.134542 0.203902 0.132791
0 14 6.666667 0.206144 0.134502 0.206463 0.134613
0 15 7.142857 0.203997 0.133121 0.203045 0.133347
0 16 7.619048 0.203102 0.132667 0.204744 0.133866
0 17 8.095238 0.204933 0.133658 0.204719 0.133386
0 18 8.571428 0.205330 0.134259 0.204397 0.133222
0 19 9.047619 0.205928 0.134381 0.202086 0.132154
0 20 9.523809 0.204796 0.133441 0.201892 0.131840
1 0 10.000000 0.203084 0.133460 0.202383 0.132498
1 1 10.476191 0.202603 0.132476 0.204620 0.133375
1 2 10.952381 0.203027 0.132371 0.204930 0.133288
1 3 11.428572 0.206566 0.135286 0.204309 0.133845
1 4 11.904762 0.202100 0.132288 0.206517 0.134092
1 5 12.380953 0.201737 0.131631 0.201839 0.131334
1 6 12.857142 0.202793 0.131851 0.202426 0.131852
1 7 13.333333 0.204554 0.133510 0.207105 0.135285
1 8 13.809524 0.205506 0.133908 0.205232 0.133836
1 9 14.285714 0.204379 0.133304 0.205561 0.134525
1 10 14.761905 0.203741 0.132767 0.205022 0.134201
1 11 15.238095 0.205275 0.134443 0.201401 0.132033
1 12 15.714286 0.207116 0.135460 0.201686 0.131620
1 13 16.190475 0.204675 0.133609 0.203417 0.133392
1 14 16.666666 0.202118 0.132168 0.205189 0.133712
1 15 17.142857 0.205262 0.134208 0.208193 0.136454
1 16 17.619047 0.203909 0.133116 0.204656 0.134384
1 17 18.095238 0.207098 0.134874 0.205776 0.134003
1 18 18.571428 0.206534 0.135060 0.205288 0.133745
1 19 19.047619 0.204504 0.133292 0.204404 0.133521
1 20 19.523809 0.206668 0.134857 0.205120 0.133633
2 0 20.000000 0.205972 0.135230 0.202072 0.132498
2 1 20.476191 0.206063 0.134676 0.202209 0.132627
2 2 20.952381 0.205850 0.134506 0.205998 0.134541
2 3 21.428572 0.203791 0.132559 0.203765 0.132845
2 4 21.904762 0.204943 0.133545 0.205323 0.134128
2 5 22.380953 0.205484 0.133921 0.205543 0.133874
2 6 22.857143 0.201426 0.130852 0.204560 0.132927
2 7 23.333334 0.204627 0.133876 0.206407 0.134734
2 8 23.809525 0.202537 0.132014 0.201984 0.131805
2 9 24.285715 0.202256 0.132404 0.202014 0.131782
2 10 24.761906 0.203602 0.133078 0.204148 0.133357
2 11 25.238094 0.203331 0.133214 0.202724 0.131990
2 12 25.714285 0.203691 0.132830 0.204148 0.133334
2 13 26.190475 0.204082 0.133509 0.203938 0.133663
2 14 26.666666 0.203324 0.132730 0.204907 0.134014
2 15 27.142857 0.204104 0.133072 0.200735 0.130987
2 16 27.619047 0.203762 0.133100 0.204615 0.134025
2 17 28.095238 0.204196 0.133082 0.204723 0.133590
2 18 28.571428 0.202127 0.132352 0.203375 0.132728
2 19 29.047619 0.203549 0.132490 0.205700 0.134125
2 20 29.523809 0.203030 0.132194 0.202309 0.132693
3 0 30.000000 0.205152 0.133411 0.203804 0.132555
3 1 30.476191 0.205090 0.133415 0.204838 0.133592
3 2 30.952381 0.203264 0.132977 0.203162 0.132419
3 3 31.428572 0.202887 0.132842 0.205695 0.134547
3 4 31.904762 0.206380 0.134798 0.205221 0.133821
3 5 32.380951 0.203612 0.132431 0.203553 0.132612
3 6 32.857143 0.201496 0.131755 0.203661 0.133574
3 7 33.333332 0.206074 0.133705 0.203961 0.133145
3 8 33.809525 0.205249 0.133868 0.201987 0.131598
3 9 34.285713 0.204847 0.133636 0.205811 0.134469
3 10 34.761906 0.204116 0.133398 0.202914 0.132833
3 11 35.238094 0.203769 0.132804 0.202440 0.132388
3 12 35.714287 0.204733 0.134039 0.207417 0.135410
3 13 36.190475 0.204108 0.132486 0.203802 0.132876
3 14 36.666668 0.203997 0.132921 0.205960 0.134306
3 15 37.142857 0.204463 0.133872 0.202718 0.132736
3 16 37.619049 0.203296 0.132533 0.206575 0.134710
3 17 38.095238 0.206000 0.134211 0.201835 0.131792
3 18 38.571430 0.202913 0.132271 0.203320 0.132442
3 19 39.047619 0.205109 0.133751 0.202842 0.132541
3 20 39.523811 0.208597 0.136022 0.203149 0.132148
4 0 40.000000 0.206103 0.135056 0.204122 0.133505
4 1 40.476189 0.202011 0.132711 0.205261 0.133722
4 2 40.952381 0.206084 0.134667 0.205571 0.134710
4 3 41.428570 0.204037 0.133475 0.204283 0.133377
4 4 41.904762 0.205026 0.133826 0.201463 0.132014
4 5 42.380951 0.204240 0.133239 0.202955 0.132569
4 6 42.857143 0.202028 0.132423 0.203049 0.132852
4 7 43.333332 0.202720 0.132855 0.204592 0.133325
4 8 43.809525 0.201965 0.132158 0.204083 0.133748
4 9 44.285713 0.202541 0.132566 0.204609 0.133582
4 10 44.761906 0.203929 0.133233 0.204615 0.133902
4 11 45.238094 0.203579 0.133297 0.206657 0.135303
4 12 45.714287 0.206473 0.135089 0.205453 0.134764
4 13 46.190475 0.205902 0.134671 0.205010 0.133971
4 14 46.666668 0.204370 0.133250 0.205636 0.133909
4 15 47.142857 0.200631 0.131017 0.204435 0.134060
4 16 47.619049 0.205581 0.134668 0.205490 0.134118
4 17 48.095238 0.203021 0.132588 0.205040 0.133962
4 18 48.571430 0.201697 0.132353 0.204921 0.133923
4 19 49.047619 0.202117 0.132317 0.203814 0.133387
4 20 49.523811 0.203067 0.132816 0.206378 0.134940
5 0 50.000000 0.201202 0.131292 0.205875 0.134129
5 1 50.476189 0.202705 0.132974 0.205008 0.134291
5 2 50.952381 0.202192 0.132336 0.203754 0.133055
5 3 51.428570 0.204383 0.134073 0.206744 0.135258
5 4 51.904762 0.205346 0.134427 0.204321 0.133669
5 5 52.380951 0.203610 0.133045 0.204317 0.133335
5 6 52.857143 0.203126 0.133158 0.204905 0.133967
5 7 53.333332 0.203257 0.133026 0.203352 0.132914
5 8 53.809525 0.205502 0.134119 0.204688 0.132822
5 9 54.285713 0.202637 0.132166 0.205722 0.134128
5 10 54.761906 0.205421 0.134340 0.203609 0.133251
5 11 55.238094 0.202762 0.132728 0.204247 0.133714
5 12 55.714287 0.203582 0.133115 0.203031 0.131999
5 13 56.190475 0.204905 0.133586 0.203970 0.133323
5 14 56.666668 0.204563 0.133351 0.203132 0.132701
5 15 57.142857 0.203246 0.132565 0.203040 0.132617
5 16 57.619049 0.203214 0.132810 0.206958 0.135467
5 17 58.095238 0.204874 0.133815 0.203791 0.133030
5 18 58.571430 0.203767 0.132964 0.201954 0.131675
5 19 59.047619 0.204853 0.133220 0.204079 0.132734
5 20 59.523811 0.202868 0.132609 0.204515 0.133484
6 0 60.000000 0.202255 0.132534 0.201894 0.131985
6 1 60.476189 0.201991 0.131793 0.203791 0.133198
6 2 60.952381 0.204694 0.133571 0.204385 0.133423
6 3 61.428570 0.205042 0.133859 0.204378 0.134172
6 4 61.904762 0.205156 0.133956 0.204843 0.133876
6 5 62.380951 0.202676 0.132870 0.203350 0.133165
6 6 62.857143 0.204392 0.133490 0.203809 0.133211
6 7 63.333332 0.205880 0.134321 0.203949 0.133081
6 8 63.809525 0.205039 0.133981 0.201524 0.131608
6 9 64.285713 0.204591 0.133973 0.205114 0.134224
6 10 64.761902 0.203209 0.132323 0.204399 0.132985
6 11 65.238098 0.204339 0.133395 0.204109 0.133283
6 12 65.714287 0.205166 0.133752 0.202095 0.131718
6 13 66.190475 0.204037 0.133390 0.203035 0.132358
6 14 66.666664 0.203308 0.132883 0.204384 0.133114
6 15 67.142860 0.204696 0.133510 0.204447 0.133737
6 16 67.619049 0.205336 0.134082 0.203798 0.133659
6 17 68.095238 0.201895 0.131750 0.201439 0.131569
6 18 68.571426 0.205379 0.134298 0.206449 0.134760
6 19 69.047623 0.204280 0.133452 0.204933 0.133600
6 20 69.523811 0.202050 0.132565 0.202634 0.132454
7 0 70.000000 0.203876 0.133538 0.204654 0.132932
7 1 70.476189 0.203856 0.132869 0.206911 0.134896
7 2 70.952377 0.207813 0.135139 0.206254 0.134411
7 3 71.428574 0.206892 0.134804 0.205802 0.133657
7 4 71.904762 0.203063 0.132917 0.206814 0.134822
7 5 72.380951 0.202796 0.132586 0.204339 0.133666
7 6 72.857140 0.206217 0.134574 0.204547 0.134051
7 7 73.333336 0.203375 0.132931 0.203611 0.133307
7 8 73.809525 0.206434 0.134950 0.204717 0.133591
7 9 74.285713 0.208154 0.135494 0.202015 0.132083
7 10 74.761902 0.204263 0.133911 0.202075 0.132385
7 11 75.238098 0.204586 0.133447 0.205458 0.133878
7 12 75.714287 0.204133 0.133137 0.205101 0.133843
7 13 76.190475 0.203189 0.133071 0.207246 0.135086
7 14 76.666664 0.204306 0.133928 0.202538 0.132223
7 15 77.142860 0.206004 0.134233 0.204753 0.133118
7 16 77.619049 0.203587 0.133366 0.202293 0.132026
7 17 78.095238 0.203224 0.133157 0.204846 0.134196
7 18 78.571426 0.204425 0.133478 0.203696 0.132450
7 19 79.047623 0.205186 0.133823 0.207377 0.135129
7 20 79.523811 0.203361 0.133033 0.204979 0.133529
8 0 80.000000 0.204020 0.133023 0.206354 0.134522
8 1 80.476189 0.205183 0.133649 0.205198 0.133937
8 2 80.952377 0.204182 0.133432 0.202266 0.132338
8 3 81.428574 0.206629 0.135002 0.205096 0.134098
8 4 81.904762 0.203868 0.133046 0.204347 0.133218
8 5 82.380951 0.204317 0.133685 0.205636 0.134432
8 6 82.857140 0.206822 0.135254 0.203214 0.132953
8 7 83.333336 0.204533 0.133552 0.204098 0.133413
8 8 83.809525 0.206072 0.134771 0.203016 0.132806
8 9 84.285713 0.205932 0.134467 0.203410 0.133142
8 10 84.761902 0.202719 0.132484 0.201226 0.131617
8 11 85.238098 0.206955 0.135487 0.207636 0.135136
8 12 85.714287 0.202415 0.132082 0.202875 0.133019
8 13 86.190475 0.204550 0.133489 0.205615 0.133615
8 14 86.666664 0.202679 0.132389 0.203081 0.132517
8 15 87.142860 0.203925 0.133253 0.202366 0.132385
8 16 87.619049 0.205882 0.134257 0.204299 0.133452
8 17 88.095238 0.200451 0.130933 0.204764 0.133704
8 18 88.571426 0.204362 0.133369 0.206628 0.134604
8 19 89.047623 0.204881 0.133951 0.205522 0.134227
8 20 89.523811 0.207447 0.135016 0.202218 0.131504
9 0 90.000000 0.203073 0.132556 0.206418 0.134901
9 1 90.476189 0.205296 0.134188 0.205452 0.133747
9 2 90.952377 0.204130 0.133060 0.204764 0.133250
9 3 91.428574 0.204416 0.133551 0.204182 0.132846
9 4 91.904762 0.203978 0.133621 0.206099 0.134644
9 5 92.380951 0.202609 0.132169 0.203442 0.132553
9 6 92.857140 0.202625 0.132524 0.204625 0.133826
9 7 93.333336 0.204505 0.133279 0.205836 0.134901
9 8 93.809525 0.205792 0.134075 0.202968 0.132495
9 9 94.285713 0.203235 0.132766 0.201658 0.131881
9 10 94.761902 0.206824 0.134992 0.202329 0.132344
9 11 95.238098 0.206255 0.133812 0.206876 0.134803
9 12 95.714287 0.204439 0.133641 0.206891 0.135012
9 13 96.190475 0.204939 0.133773 0.203352 0.132583
9 14 96.666664 0.202230 0.131762 0.203860 0.132987
9 15 97.142860 0.204065 0.133264 0.205295 0.134347
9 16 97.619049 0.206368 0.134007 0.203285 0.132827
9 17 98.095238 0.203643 0.133302 0.202678 0.132413
9 18 98.571426 0.204689 0.133560 0.203818 0.133180
9 19 99.047623 0.206287 0.134712 0.201269 0.131391
9 20 99.523811 0.205954 0.134566 0.206398 0.135396
