initializing
training size    : 95450
testing size     : 1000
epoch count      : 10
sub epoch size   : 5

epoch_learning_rate_decay   : 8
learning_rate_decay         : 0.250000

training



epoch [0 0] from [10 5]
training time per iterations 7.313043[ms]
testing on 1000 items
testing done
average error 0.007104
min error     0.000000
max error     0.972256
saving best net
best net saved to experiments/sim_50/discretisation_64x64x16/window_size_8/gaussian/net_0/trained/, with error 0.007104



epoch [0 1] from [10 5]
training time per iterations 7.368151[ms]
testing on 1000 items
testing done
average error 0.007034
min error     0.000000
max error     1.009873
saving best net
best net saved to experiments/sim_50/discretisation_64x64x16/window_size_8/gaussian/net_0/trained/, with error 0.007034



epoch [0 2] from [10 5]
training time per iterations 7.348298[ms]
testing on 1000 items
testing done
average error 0.004298
min error     0.000000
max error     1.016837
saving best net
best net saved to experiments/sim_50/discretisation_64x64x16/window_size_8/gaussian/net_0/trained/, with error 0.004298



epoch [0 3] from [10 5]
training time per iterations 7.353536[ms]
testing on 1000 items
testing done
average error 0.003151
min error     0.000000
max error     0.981070
saving best net
best net saved to experiments/sim_50/discretisation_64x64x16/window_size_8/gaussian/net_0/trained/, with error 0.003151



epoch [0 4] from [10 5]
training time per iterations 7.363384[ms]
testing on 1000 items
testing done
average error 0.002579
min error     0.000000
max error     0.980687
saving best net
best net saved to experiments/sim_50/discretisation_64x64x16/window_size_8/gaussian/net_0/trained/, with error 0.002579



epoch [1 0] from [10 5]
training time per iterations 7.345102[ms]
testing on 1000 items
testing done
average error 0.002406
min error     0.000000
max error     0.963742
saving best net
best net saved to experiments/sim_50/discretisation_64x64x16/window_size_8/gaussian/net_0/trained/, with error 0.002406



epoch [1 1] from [10 5]
training time per iterations 7.355788[ms]
testing on 1000 items
testing done
average error 0.002212
min error     0.000000
max error     0.988314
saving best net
best net saved to experiments/sim_50/discretisation_64x64x16/window_size_8/gaussian/net_0/trained/, with error 0.002212



epoch [1 2] from [10 5]
training time per iterations 7.381351[ms]
testing on 1000 items
testing done
average error 0.002152
min error     0.000000
max error     0.968493
saving best net
best net saved to experiments/sim_50/discretisation_64x64x16/window_size_8/gaussian/net_0/trained/, with error 0.002152



epoch [1 3] from [10 5]
training time per iterations 7.397014[ms]
testing on 1000 items
testing done
average error 0.002063
min error     0.000000
max error     0.949965
saving best net
best net saved to experiments/sim_50/discretisation_64x64x16/window_size_8/gaussian/net_0/trained/, with error 0.002063



epoch [1 4] from [10 5]
training time per iterations 7.328182[ms]
testing on 1000 items
testing done
average error 0.001967
min error     0.000000
max error     0.953542
saving best net
best net saved to experiments/sim_50/discretisation_64x64x16/window_size_8/gaussian/net_0/trained/, with error 0.001967



epoch [2 0] from [10 5]
training time per iterations 7.404086[ms]
testing on 1000 items
testing done
average error 0.001950
min error     0.000000
max error     0.977943
saving best net
best net saved to experiments/sim_50/discretisation_64x64x16/window_size_8/gaussian/net_0/trained/, with error 0.001950



epoch [2 1] from [10 5]
training time per iterations 7.362598[ms]
testing on 1000 items
testing done
average error 0.001915
min error     0.000000
max error     0.953663
saving best net
best net saved to experiments/sim_50/discretisation_64x64x16/window_size_8/gaussian/net_0/trained/, with error 0.001915



epoch [2 2] from [10 5]
training time per iterations 7.407596[ms]
testing on 1000 items
testing done
average error 0.001841
min error     0.000000
max error     0.941592
saving best net
best net saved to experiments/sim_50/discretisation_64x64x16/window_size_8/gaussian/net_0/trained/, with error 0.001841



epoch [2 3] from [10 5]
training time per iterations 7.409010[ms]
testing on 1000 items
testing done
average error 0.001806
min error     0.000000
max error     0.951090
saving best net
best net saved to experiments/sim_50/discretisation_64x64x16/window_size_8/gaussian/net_0/trained/, with error 0.001806



epoch [2 4] from [10 5]
training time per iterations 7.374489[ms]
testing on 1000 items
testing done
average error 0.001782
min error     0.000000
max error     0.953130
saving best net
best net saved to experiments/sim_50/discretisation_64x64x16/window_size_8/gaussian/net_0/trained/, with error 0.001782



epoch [3 0] from [10 5]
training time per iterations 7.367889[ms]
testing on 1000 items
testing done
average error 0.001765
min error     0.000000
max error     0.944158
saving best net
best net saved to experiments/sim_50/discretisation_64x64x16/window_size_8/gaussian/net_0/trained/, with error 0.001765



epoch [3 1] from [10 5]
training time per iterations 7.351598[ms]
testing on 1000 items
testing done
average error 0.001735
min error     0.000000
max error     0.916323
saving best net
best net saved to experiments/sim_50/discretisation_64x64x16/window_size_8/gaussian/net_0/trained/, with error 0.001735



epoch [3 2] from [10 5]
training time per iterations 7.333473[ms]
testing on 1000 items
testing done
average error 0.001724
min error     0.000000
max error     0.936885
saving best net
best net saved to experiments/sim_50/discretisation_64x64x16/window_size_8/gaussian/net_0/trained/, with error 0.001724



epoch [3 3] from [10 5]
training time per iterations 7.370508[ms]
testing on 1000 items
testing done
average error 0.001745
min error     0.000000
max error     0.926230



epoch [3 4] from [10 5]
training time per iterations 7.367679[ms]
testing on 1000 items
testing done
average error 0.001690
min error     0.000000
max error     0.950989
saving best net
best net saved to experiments/sim_50/discretisation_64x64x16/window_size_8/gaussian/net_0/trained/, with error 0.001690



epoch [4 0] from [10 5]
training time per iterations 7.361812[ms]
testing on 1000 items
testing done
average error 0.001680
min error     0.000000
max error     0.950624
saving best net
best net saved to experiments/sim_50/discretisation_64x64x16/window_size_8/gaussian/net_0/trained/, with error 0.001680



epoch [4 1] from [10 5]
training time per iterations 7.353850[ms]
testing on 1000 items
testing done
average error 0.001665
min error     0.000000
max error     0.908982
saving best net
best net saved to experiments/sim_50/discretisation_64x64x16/window_size_8/gaussian/net_0/trained/, with error 0.001665



epoch [4 2] from [10 5]
training time per iterations 7.382085[ms]
testing on 1000 items
testing done
average error 0.001637
min error     0.000000
max error     0.898032
saving best net
best net saved to experiments/sim_50/discretisation_64x64x16/window_size_8/gaussian/net_0/trained/, with error 0.001637



epoch [4 3] from [10 5]
training time per iterations 7.361812[ms]
testing on 1000 items
testing done
average error 0.001635
min error     0.000000
max error     0.904286
saving best net
best net saved to experiments/sim_50/discretisation_64x64x16/window_size_8/gaussian/net_0/trained/, with error 0.001635



epoch [4 4] from [10 5]
training time per iterations 7.358565[ms]
testing on 1000 items
testing done
average error 0.001679
min error     0.000000
max error     0.907690



epoch [5 0] from [10 5]
training time per iterations 7.369303[ms]
testing on 1000 items
testing done
average error 0.001624
min error     0.000000
max error     0.919618
saving best net
best net saved to experiments/sim_50/discretisation_64x64x16/window_size_8/gaussian/net_0/trained/, with error 0.001624



epoch [5 1] from [10 5]
training time per iterations 7.364851[ms]
testing on 1000 items
testing done
average error 0.001586
min error     0.000000
max error     0.887864
saving best net
best net saved to experiments/sim_50/discretisation_64x64x16/window_size_8/gaussian/net_0/trained/, with error 0.001586



epoch [5 2] from [10 5]
training time per iterations 7.348088[ms]
testing on 1000 items
testing done
average error 0.001595
min error     0.000000
max error     0.896027



epoch [5 3] from [10 5]
training time per iterations 7.367784[ms]
testing on 1000 items
testing done
average error 0.001593
min error     0.000000
max error     0.893988



epoch [5 4] from [10 5]
training time per iterations 7.330644[ms]
testing on 1000 items
testing done
average error 0.001588
min error     0.000000
max error     0.909578



epoch [6 0] from [10 5]
training time per iterations 7.347564[ms]
testing on 1000 items
testing done
average error 0.001572
min error     0.000000
max error     0.912405
saving best net
best net saved to experiments/sim_50/discretisation_64x64x16/window_size_8/gaussian/net_0/trained/, with error 0.001572



epoch [6 1] from [10 5]
training time per iterations 7.357150[ms]
testing on 1000 items
testing done
average error 0.001585
min error     0.000000
max error     0.900241



epoch [6 2] from [10 5]
training time per iterations 7.409324[ms]
testing on 1000 items
testing done
average error 0.001556
min error     0.000000
max error     0.905371
saving best net
best net saved to experiments/sim_50/discretisation_64x64x16/window_size_8/gaussian/net_0/trained/, with error 0.001556



epoch [6 3] from [10 5]
training time per iterations 7.358146[ms]
testing on 1000 items
testing done
average error 0.001543
min error     0.000000
max error     0.901215
saving best net
best net saved to experiments/sim_50/discretisation_64x64x16/window_size_8/gaussian/net_0/trained/, with error 0.001543



epoch [6 4] from [10 5]
training time per iterations 7.371661[ms]
testing on 1000 items
testing done
average error 0.001557
min error     0.000000
max error     0.910510



epoch [7 0] from [10 5]
training time per iterations 7.363855[ms]
testing on 1000 items
testing done
average error 0.001543
min error     0.000000
max error     0.913210
saving best net
best net saved to experiments/sim_50/discretisation_64x64x16/window_size_8/gaussian/net_0/trained/, with error 0.001543



epoch [7 1] from [10 5]
training time per iterations 7.337926[ms]
testing on 1000 items
testing done
average error 0.001550
min error     0.000000
max error     0.871440



epoch [7 2] from [10 5]
training time per iterations 7.329073[ms]
testing on 1000 items
testing done
average error 0.001511
min error     0.000000
max error     0.906998
saving best net
best net saved to experiments/sim_50/discretisation_64x64x16/window_size_8/gaussian/net_0/trained/, with error 0.001511



epoch [7 3] from [10 5]
training time per iterations 7.341435[ms]
testing on 1000 items
testing done
average error 0.001521
min error     0.000000
max error     0.886027



epoch [7 4] from [10 5]
training time per iterations 7.382766[ms]
testing on 1000 items
testing done
average error 0.001515
min error     0.000000
max error     0.900693
setting learning rate to 0.000050



epoch [8 0] from [10 5]
training time per iterations 7.380828[ms]
testing on 1000 items
testing done
average error 0.001506
min error     0.000000
max error     0.898236
saving best net
best net saved to experiments/sim_50/discretisation_64x64x16/window_size_8/gaussian/net_0/trained/, with error 0.001506



epoch [8 1] from [10 5]
training time per iterations 7.371503[ms]
testing on 1000 items
testing done
average error 0.001495
min error     0.000000
max error     0.885499
saving best net
best net saved to experiments/sim_50/discretisation_64x64x16/window_size_8/gaussian/net_0/trained/, with error 0.001495



epoch [8 2] from [10 5]
training time per iterations 7.359089[ms]
testing on 1000 items
testing done
average error 0.001500
min error     0.000000
max error     0.893965



epoch [8 3] from [10 5]
training time per iterations 7.344893[ms]
testing on 1000 items
testing done
average error 0.001486
min error     0.000000
max error     0.877282
saving best net
best net saved to experiments/sim_50/discretisation_64x64x16/window_size_8/gaussian/net_0/trained/, with error 0.001486



epoch [8 4] from [10 5]
training time per iterations 7.365741[ms]
testing on 1000 items
testing done
average error 0.001486
min error     0.000000
max error     0.875943
saving best net
best net saved to experiments/sim_50/discretisation_64x64x16/window_size_8/gaussian/net_0/trained/, with error 0.001486



epoch [9 0] from [10 5]
training time per iterations 7.365898[ms]
testing on 1000 items
testing done
average error 0.001491
min error     0.000000
max error     0.886754



epoch [9 1] from [10 5]
training time per iterations 7.356888[ms]
testing on 1000 items
testing done
average error 0.001488
min error     0.000000
max error     0.899492



epoch [9 2] from [10 5]
training time per iterations 7.350079[ms]
testing on 1000 items
testing done
average error 0.001479
min error     0.000000
max error     0.892647
saving best net
best net saved to experiments/sim_50/discretisation_64x64x16/window_size_8/gaussian/net_0/trained/, with error 0.001479



epoch [9 3] from [10 5]
training time per iterations 7.371870[ms]
testing on 1000 items
testing done
average error 0.001488
min error     0.000000
max error     0.889537



epoch [9 4] from [10 5]
training time per iterations 7.352541[ms]
testing on 1000 items
testing done
average error 0.001486
min error     0.000000
max error     0.884235
training done
