0.000000 0 0 0.007104 0.000000 0.972256 0.006147 0.000000 0.967676
0.200000 0 1 0.007034 0.000000 1.009873 0.006351 0.000000 0.993890
0.400000 0 2 0.004298 0.000000 1.016837 0.004088 0.000000 0.986478
0.600000 0 3 0.003151 0.000000 0.981070 0.003129 0.000000 0.995914
0.800000 0 4 0.002579 0.000000 0.980687 0.002746 0.000000 0.985057
1.000000 1 0 0.002406 0.000000 0.963742 0.002027 0.000000 1.005040
1.200000 1 1 0.002212 0.000000 0.988314 0.002020 0.000000 1.011230
1.400000 1 2 0.002152 0.000000 0.968493 0.002074 0.000000 0.972730
1.600000 1 3 0.002063 0.000000 0.949965 0.003138 0.000000 0.980561
1.800000 1 4 0.001967 0.000000 0.953542 0.001148 0.000000 0.066922
2.000000 2 0 0.001950 0.000000 0.977943 0.001133 0.000000 0.065343
2.200000 2 1 0.001915 0.000000 0.953663 0.002138 0.000000 0.986711
2.400000 2 2 0.001841 0.000000 0.941592 0.001301 0.000000 0.922942
2.600000 2 3 0.001806 0.000000 0.951090 0.000881 0.000000 0.051652
2.800000 2 4 0.001782 0.000000 0.953130 0.001251 0.000000 1.044947
3.000000 3 0 0.001765 0.000000 0.944158 0.002431 0.000000 0.951881
3.200000 3 1 0.001735 0.000000 0.916323 0.002309 0.000000 0.916323
3.400000 3 2 0.001724 0.000000 0.936885 0.001448 0.000000 0.909665
3.600000 3 3 0.001745 0.000000 0.926230 0.001012 0.000000 0.057875
3.800000 3 4 0.001690 0.000000 0.950989 0.001429 0.000000 0.957540
4.000000 4 0 0.001680 0.000000 0.950624 0.001297 0.000000 0.929012
4.200000 4 1 0.001665 0.000000 0.908982 0.001160 0.000000 0.895554
4.400000 4 2 0.001637 0.000000 0.898032 0.001518 0.000000 0.914970
4.600000 4 3 0.001635 0.000000 0.904286 0.002576 0.000000 0.923055
4.800000 4 4 0.001679 0.000000 0.907690 0.001231 0.000000 0.941921
5.000000 5 0 0.001624 0.000000 0.919618 0.001794 0.000000 0.929982
5.200000 5 1 0.001586 0.000000 0.887864 0.001143 0.000000 0.803374
5.400000 5 2 0.001595 0.000000 0.896027 0.001153 0.000000 0.858607
5.600000 5 3 0.001593 0.000000 0.893988 0.002590 0.000000 0.940646
5.800000 5 4 0.001588 0.000000 0.909578 0.001677 0.000000 0.915539
6.000000 6 0 0.001572 0.000000 0.912405 0.001682 0.000000 0.904462
6.200000 6 1 0.001585 0.000000 0.900241 0.001403 0.000000 0.892587
6.400000 6 2 0.001556 0.000000 0.905371 0.001187 0.000000 0.899083
6.600000 6 3 0.001543 0.000000 0.901215 0.001965 0.000000 0.910524
6.800000 6 4 0.001557 0.000000 0.910510 0.001650 0.000000 0.955488
7.000000 7 0 0.001543 0.000000 0.913210 0.002007 0.000000 0.942452
7.200000 7 1 0.001550 0.000000 0.871440 0.001070 0.000000 0.842372
7.400000 7 2 0.001511 0.000000 0.906998 0.001890 0.000000 0.952901
7.600000 7 3 0.001521 0.000000 0.886027 0.001298 0.000000 0.917574
7.800000 7 4 0.001515 0.000000 0.900693 0.001781 0.000000 0.928041
8.000000 8 0 0.001506 0.000000 0.898236 0.000694 0.000000 0.039557
8.200000 8 1 0.001495 0.000000 0.885499 0.000927 0.000000 0.907984
8.400000 8 2 0.001500 0.000000 0.893965 0.002553 0.000000 1.001925
8.600000 8 3 0.001486 0.000000 0.877282 0.001325 0.000000 0.855398
8.800000 8 4 0.001486 0.000000 0.875943 0.000958 0.000000 0.836881
9.000000 9 0 0.001491 0.000000 0.886754 0.001051 0.000000 0.952236
9.200000 9 1 0.001488 0.000000 0.899492 0.000993 0.000000 0.948486
9.400000 9 2 0.001479 0.000000 0.892647 0.001489 0.000000 0.971100
9.600000 9 3 0.001488 0.000000 0.889537 0.001237 0.000000 0.880966
9.800000 9 4 0.001486 0.000000 0.884235 0.001345 0.000000 0.859159
