initializing
training size    : 95450
testing size     : 1000
epoch count      : 10
sub epoch size   : 5

epoch_learning_rate_decay   : 8
learning_rate_decay         : 0.250000

training



epoch [0 0] from [10 5]
training time per iterations 12.335987[ms]
testing on 1000 items
testing done
average error 0.006701
min error     0.000000
max error     0.979045
saving best net
best net saved to experiments/sim_50/discretisation_64x64x16/window_size_8/point/net_0_depth/trained/, with error 0.006701



epoch [0 1] from [10 5]
training time per iterations 12.352226[ms]
testing on 1000 items
testing done
average error 0.006667
min error     0.000000
max error     0.990124
saving best net
best net saved to experiments/sim_50/discretisation_64x64x16/window_size_8/point/net_0_depth/trained/, with error 0.006667



epoch [0 2] from [10 5]
training time per iterations 12.335778[ms]
testing on 1000 items
testing done
average error 0.006676
min error     0.000000
max error     0.975916



epoch [0 3] from [10 5]
training time per iterations 12.328130[ms]
testing on 1000 items
testing done
average error 0.006672
min error     0.000000
max error     0.983347



epoch [0 4] from [10 5]
training time per iterations 12.336092[ms]
testing on 1000 items
testing done
average error 0.006728
min error     0.000000
max error     0.972701



epoch [1 0] from [10 5]
training time per iterations 12.350288[ms]
testing on 1000 items
testing done
average error 0.006633
min error     0.000000
max error     0.980390
saving best net
best net saved to experiments/sim_50/discretisation_64x64x16/window_size_8/point/net_0_depth/trained/, with error 0.006633



epoch [1 1] from [10 5]
training time per iterations 12.336092[ms]
testing on 1000 items
testing done
average error 0.004041
min error     0.000000
max error     0.882786
saving best net
best net saved to experiments/sim_50/discretisation_64x64x16/window_size_8/point/net_0_depth/trained/, with error 0.004041



epoch [1 2] from [10 5]
training time per iterations 12.311577[ms]
testing on 1000 items
testing done
average error 0.002465
min error     0.000000
max error     0.983073
saving best net
best net saved to experiments/sim_50/discretisation_64x64x16/window_size_8/point/net_0_depth/trained/, with error 0.002465



epoch [1 3] from [10 5]
training time per iterations 12.332216[ms]
testing on 1000 items
testing done
average error 0.002309
min error     0.000000
max error     0.959549
saving best net
best net saved to experiments/sim_50/discretisation_64x64x16/window_size_8/point/net_0_depth/trained/, with error 0.002309



epoch [1 4] from [10 5]
training time per iterations 12.320953[ms]
testing on 1000 items
testing done
average error 0.002107
min error     0.000000
max error     0.995678
saving best net
best net saved to experiments/sim_50/discretisation_64x64x16/window_size_8/point/net_0_depth/trained/, with error 0.002107



epoch [2 0] from [10 5]
training time per iterations 12.351493[ms]
testing on 1000 items
testing done
average error 0.002202
min error     0.000000
max error     0.927813



epoch [2 1] from [10 5]
training time per iterations 12.326663[ms]
testing on 1000 items
testing done
average error 0.001913
min error     0.000000
max error     0.984589
saving best net
best net saved to experiments/sim_50/discretisation_64x64x16/window_size_8/point/net_0_depth/trained/, with error 0.001913



epoch [2 2] from [10 5]
training time per iterations 12.317601[ms]
testing on 1000 items
testing done
average error 0.001909
min error     0.000000
max error     0.972375
saving best net
best net saved to experiments/sim_50/discretisation_64x64x16/window_size_8/point/net_0_depth/trained/, with error 0.001909



epoch [2 3] from [10 5]
training time per iterations 12.337664[ms]
testing on 1000 items
testing done
average error 0.001789
min error     0.000000
max error     0.965855
saving best net
best net saved to experiments/sim_50/discretisation_64x64x16/window_size_8/point/net_0_depth/trained/, with error 0.001789



epoch [2 4] from [10 5]
training time per iterations 12.339811[ms]
testing on 1000 items
testing done
average error 0.001753
min error     0.000000
max error     0.967984
saving best net
best net saved to experiments/sim_50/discretisation_64x64x16/window_size_8/point/net_0_depth/trained/, with error 0.001753



epoch [3 0] from [10 5]
training time per iterations 12.338869[ms]
testing on 1000 items
testing done
average error 0.001707
min error     0.000000
max error     0.962890
saving best net
best net saved to experiments/sim_50/discretisation_64x64x16/window_size_8/point/net_0_depth/trained/, with error 0.001707



epoch [3 1] from [10 5]
training time per iterations 12.326820[ms]
testing on 1000 items
testing done
average error 0.001672
min error     0.000000
max error     0.974725
saving best net
best net saved to experiments/sim_50/discretisation_64x64x16/window_size_8/point/net_0_depth/trained/, with error 0.001672



epoch [3 2] from [10 5]
training time per iterations 12.325092[ms]
testing on 1000 items
testing done
average error 0.001670
min error     0.000000
max error     0.960721
saving best net
best net saved to experiments/sim_50/discretisation_64x64x16/window_size_8/point/net_0_depth/trained/, with error 0.001670



epoch [3 3] from [10 5]
training time per iterations 12.333997[ms]
testing on 1000 items
testing done
average error 0.001616
min error     0.000000
max error     0.961674
saving best net
best net saved to experiments/sim_50/discretisation_64x64x16/window_size_8/point/net_0_depth/trained/, with error 0.001616



epoch [3 4] from [10 5]
training time per iterations 12.319277[ms]
testing on 1000 items
testing done
average error 0.001618
min error     0.000000
max error     0.962331



epoch [4 0] from [10 5]
training time per iterations 12.336773[ms]
testing on 1000 items
testing done
average error 0.001614
min error     0.000000
max error     0.936066
saving best net
best net saved to experiments/sim_50/discretisation_64x64x16/window_size_8/point/net_0_depth/trained/, with error 0.001614



epoch [4 1] from [10 5]
training time per iterations 12.332478[ms]
testing on 1000 items
testing done
average error 0.001625
min error     0.000000
max error     0.951179



epoch [4 2] from [10 5]
training time per iterations 12.325930[ms]
testing on 1000 items
testing done
average error 0.001644
min error     0.000000
max error     0.909906



epoch [4 3] from [10 5]
training time per iterations 12.316501[ms]
testing on 1000 items
testing done
average error 0.001565
min error     0.000000
max error     0.928027
saving best net
best net saved to experiments/sim_50/discretisation_64x64x16/window_size_8/point/net_0_depth/trained/, with error 0.001565



epoch [4 4] from [10 5]
training time per iterations 12.325668[ms]
testing on 1000 items
testing done
average error 0.001576
min error     0.000000
max error     0.935775



epoch [5 0] from [10 5]
training time per iterations 12.339392[ms]
testing on 1000 items
testing done
average error 0.001552
min error     0.000000
max error     0.932459
saving best net
best net saved to experiments/sim_50/discretisation_64x64x16/window_size_8/point/net_0_depth/trained/, with error 0.001552



epoch [5 1] from [10 5]
training time per iterations 12.324620[ms]
testing on 1000 items
testing done
average error 0.001556
min error     0.000000
max error     0.967059



epoch [5 2] from [10 5]
training time per iterations 12.344421[ms]
testing on 1000 items
testing done
average error 0.001526
min error     0.000000
max error     0.951930
saving best net
best net saved to experiments/sim_50/discretisation_64x64x16/window_size_8/point/net_0_depth/trained/, with error 0.001526



epoch [5 3] from [10 5]
training time per iterations 12.332216[ms]
testing on 1000 items
testing done
average error 0.001537
min error     0.000000
max error     0.919175



epoch [5 4] from [10 5]
training time per iterations 12.338607[ms]
testing on 1000 items
testing done
average error 0.001566
min error     0.000000
max error     0.935932



epoch [6 0] from [10 5]
training time per iterations 12.336721[ms]
testing on 1000 items
testing done
average error 0.001536
min error     0.000000
max error     0.935576



epoch [6 1] from [10 5]
training time per iterations 12.328444[ms]
testing on 1000 items
testing done
average error 0.001520
min error     0.000000
max error     0.941239
saving best net
best net saved to experiments/sim_50/discretisation_64x64x16/window_size_8/point/net_0_depth/trained/, with error 0.001520



epoch [6 2] from [10 5]
training time per iterations 12.353222[ms]
testing on 1000 items
testing done
average error 0.001507
min error     0.000000
max error     0.949314
saving best net
best net saved to experiments/sim_50/discretisation_64x64x16/window_size_8/point/net_0_depth/trained/, with error 0.001507



epoch [6 3] from [10 5]
training time per iterations 12.339445[ms]
testing on 1000 items
testing done
average error 0.001531
min error     0.000000
max error     0.953969



epoch [6 4] from [10 5]
training time per iterations 12.325354[ms]
testing on 1000 items
testing done
average error 0.001499
min error     0.000000
max error     0.948426
saving best net
best net saved to experiments/sim_50/discretisation_64x64x16/window_size_8/point/net_0_depth/trained/, with error 0.001499



epoch [7 0] from [10 5]
training time per iterations 12.328182[ms]
testing on 1000 items
testing done
average error 0.001508
min error     0.000000
max error     0.951817



epoch [7 1] from [10 5]
training time per iterations 12.340335[ms]
testing on 1000 items
testing done
average error 0.001495
min error     0.000000
max error     0.952948
saving best net
best net saved to experiments/sim_50/discretisation_64x64x16/window_size_8/point/net_0_depth/trained/, with error 0.001495



epoch [7 2] from [10 5]
training time per iterations 12.333002[ms]
testing on 1000 items
testing done
average error 0.001510
min error     0.000000
max error     0.957374



epoch [7 3] from [10 5]
training time per iterations 12.346621[ms]
testing on 1000 items
testing done
average error 0.001471
min error     0.000000
max error     0.945817
saving best net
best net saved to experiments/sim_50/discretisation_64x64x16/window_size_8/point/net_0_depth/trained/, with error 0.001471



epoch [7 4] from [10 5]
training time per iterations 12.327554[ms]
testing on 1000 items
testing done
average error 0.001499
min error     0.000000
max error     0.902376
setting learning rate to 0.000050



epoch [8 0] from [10 5]
training time per iterations 12.322577[ms]
testing on 1000 items
testing done
average error 0.001448
min error     0.000000
max error     0.935667
saving best net
best net saved to experiments/sim_50/discretisation_64x64x16/window_size_8/point/net_0_depth/trained/, with error 0.001448



epoch [8 1] from [10 5]
training time per iterations 12.313043[ms]
testing on 1000 items
testing done
average error 0.001446
min error     0.000000
max error     0.927354
saving best net
best net saved to experiments/sim_50/discretisation_64x64x16/window_size_8/point/net_0_depth/trained/, with error 0.001446



epoch [8 2] from [10 5]
training time per iterations 12.334416[ms]
testing on 1000 items
testing done
average error 0.001450
min error     0.000000
max error     0.913310



epoch [8 3] from [10 5]
training time per iterations 12.319906[ms]
testing on 1000 items
testing done
average error 0.001445
min error     0.000000
max error     0.927787
saving best net
best net saved to experiments/sim_50/discretisation_64x64x16/window_size_8/point/net_0_depth/trained/, with error 0.001445



epoch [8 4] from [10 5]
training time per iterations 12.318649[ms]
testing on 1000 items
testing done
average error 0.001445
min error     0.000000
max error     0.931809
saving best net
best net saved to experiments/sim_50/discretisation_64x64x16/window_size_8/point/net_0_depth/trained/, with error 0.001445



epoch [9 0] from [10 5]
training time per iterations 12.321215[ms]
testing on 1000 items
testing done
average error 0.001440
min error     0.000000
max error     0.930027
saving best net
best net saved to experiments/sim_50/discretisation_64x64x16/window_size_8/point/net_0_depth/trained/, with error 0.001440



epoch [9 1] from [10 5]
training time per iterations 12.320639[ms]
testing on 1000 items
testing done
average error 0.001447
min error     0.000000
max error     0.931000



epoch [9 2] from [10 5]
training time per iterations 12.325773[ms]
testing on 1000 items
testing done
average error 0.001439
min error     0.000000
max error     0.932160
saving best net
best net saved to experiments/sim_50/discretisation_64x64x16/window_size_8/point/net_0_depth/trained/, with error 0.001439



epoch [9 3] from [10 5]
training time per iterations 12.326873[ms]
testing on 1000 items
testing done
average error 0.001434
min error     0.000000
max error     0.940940
saving best net
best net saved to experiments/sim_50/discretisation_64x64x16/window_size_8/point/net_0_depth/trained/, with error 0.001434



epoch [9 4] from [10 5]
training time per iterations 12.317339[ms]
testing on 1000 items
testing done
average error 0.001435
min error     0.000000
max error     0.933709
training done
