0.000000 0 0 0.006701 0.000000 0.979045 0.006718 0.000000 0.979747
0.200000 0 1 0.006667 0.000000 0.990124 0.006746 0.000000 0.985742
0.400000 0 2 0.006676 0.000000 0.975916 0.006342 0.000000 0.970186
0.600000 0 3 0.006672 0.000000 0.983347 0.008728 0.000000 0.983534
0.800000 0 4 0.006728 0.000000 0.972701 0.006599 0.000000 0.964376
1.000000 1 0 0.006633 0.000000 0.980390 0.006232 0.000000 0.986641
1.200000 1 1 0.004041 0.000000 0.882786 0.004331 0.000000 0.918193
1.400000 1 2 0.002465 0.000000 0.983073 0.002860 0.000000 0.980087
1.600000 1 3 0.002309 0.000000 0.959549 0.001965 0.000000 0.925605
1.800000 1 4 0.002107 0.000000 0.995678 0.002014 0.000000 0.963503
2.000000 2 0 0.002202 0.000000 0.927813 0.001375 0.000000 0.111568
2.200000 2 1 0.001913 0.000000 0.984589 0.002394 0.000000 0.989420
2.400000 2 2 0.001909 0.000000 0.972375 0.003123 0.000000 0.963498
2.600000 2 3 0.001789 0.000000 0.965855 0.000982 0.000000 0.054707
2.800000 2 4 0.001753 0.000000 0.967984 0.002465 0.000000 0.942744
3.000000 3 0 0.001707 0.000000 0.962890 0.002406 0.000000 0.947795
3.200000 3 1 0.001672 0.000000 0.974725 0.001905 0.000000 0.972064
3.400000 3 2 0.001670 0.000000 0.960721 0.001973 0.000000 0.923776
3.600000 3 3 0.001616 0.000000 0.961674 0.001429 0.000000 0.928931
3.800000 3 4 0.001618 0.000000 0.962331 0.001530 0.000000 0.938744
4.000000 4 0 0.001614 0.000000 0.936066 0.000946 0.000000 0.198005
4.200000 4 1 0.001625 0.000000 0.951179 0.000871 0.000000 0.048978
4.400000 4 2 0.001644 0.000000 0.909906 0.002397 0.000000 0.898149
4.600000 4 3 0.001565 0.000000 0.928027 0.001444 0.000000 0.897534
4.800000 4 4 0.001576 0.000000 0.935775 0.001433 0.000000 0.915739
5.000000 5 0 0.001552 0.000000 0.932459 0.001114 0.000000 0.906436
5.200000 5 1 0.001556 0.000000 0.967059 0.001757 0.000000 0.934361
5.400000 5 2 0.001526 0.000000 0.951930 0.001422 0.000000 0.929871
5.600000 5 3 0.001537 0.000000 0.919175 0.001159 0.000000 0.851645
5.800000 5 4 0.001566 0.000000 0.935932 0.001865 0.000000 0.921789
6.000000 6 0 0.001536 0.000000 0.935576 0.001803 0.000000 0.904304
6.200000 6 1 0.001520 0.000000 0.941239 0.001781 0.000000 0.930137
6.400000 6 2 0.001507 0.000000 0.949314 0.002385 0.000000 0.931821
6.600000 6 3 0.001531 0.000000 0.953969 0.002959 0.000000 0.953931
6.800000 6 4 0.001499 0.000000 0.948426 0.001442 0.000000 0.909352
7.000000 7 0 0.001508 0.000000 0.951817 0.001116 0.000000 0.878196
7.200000 7 1 0.001495 0.000000 0.952948 0.001423 0.000000 0.957637
7.400000 7 2 0.001510 0.000000 0.957374 0.001023 0.000000 0.869068
7.600000 7 3 0.001471 0.000000 0.945817 0.001456 0.000000 0.922506
7.800000 7 4 0.001499 0.000000 0.902376 0.001946 0.000000 0.868511
8.000000 8 0 0.001448 0.000000 0.935667 0.002298 0.000000 0.908191
8.200000 8 1 0.001446 0.000000 0.927354 0.002275 0.000000 0.920825
8.400000 8 2 0.001450 0.000000 0.913310 0.001440 0.000000 0.918424
8.600000 8 3 0.001445 0.000000 0.927787 0.001656 0.000000 0.950867
8.800000 8 4 0.001445 0.000000 0.931809 0.001370 0.000000 0.914691
9.000000 9 0 0.001440 0.000000 0.930027 0.002551 0.000000 0.949252
9.200000 9 1 0.001447 0.000000 0.931000 0.001126 0.000000 0.860835
9.400000 9 2 0.001439 0.000000 0.932160 0.001678 0.000000 0.907553
9.600000 9 3 0.001434 0.000000 0.940940 0.001400 0.000000 0.912455
9.800000 9 4 0.001435 0.000000 0.933709 0.001366 0.000000 0.941665
