initializing
training size    : 95450
testing size     : 1000
epoch count      : 10
sub epoch size   : 5

epoch_learning_rate_decay   : 8
learning_rate_decay         : 0.250000

training



epoch [0 0] from [10 5]
training time per iterations 12.308800[ms]
testing on 1000 items
testing done
average error 0.008175
min error     0.000000
max error     0.983429
saving best net
best net saved to experiments/sim_50/discretisation_64x64x16/window_size_8/gaussian/net_0_depth/trained/, with error 0.008175



epoch [0 1] from [10 5]
training time per iterations 12.326977[ms]
testing on 1000 items
testing done
average error 0.008180
min error     0.000000
max error     0.983983



epoch [0 2] from [10 5]
training time per iterations 12.317863[ms]
testing on 1000 items
testing done
average error 0.007894
min error     0.000000
max error     1.018798
saving best net
best net saved to experiments/sim_50/discretisation_64x64x16/window_size_8/gaussian/net_0_depth/trained/, with error 0.007894



epoch [0 3] from [10 5]
training time per iterations 12.328444[ms]
testing on 1000 items
testing done
average error 0.004612
min error     0.000000
max error     0.978838
saving best net
best net saved to experiments/sim_50/discretisation_64x64x16/window_size_8/gaussian/net_0_depth/trained/, with error 0.004612



epoch [0 4] from [10 5]
training time per iterations 12.304976[ms]
testing on 1000 items
testing done
average error 0.003601
min error     0.000000
max error     1.001330
saving best net
best net saved to experiments/sim_50/discretisation_64x64x16/window_size_8/gaussian/net_0_depth/trained/, with error 0.003601



epoch [1 0] from [10 5]
training time per iterations 12.307753[ms]
testing on 1000 items
testing done
average error 0.003356
min error     0.000000
max error     0.987804
saving best net
best net saved to experiments/sim_50/discretisation_64x64x16/window_size_8/gaussian/net_0_depth/trained/, with error 0.003356



epoch [1 1] from [10 5]
training time per iterations 12.303824[ms]
testing on 1000 items
testing done
average error 0.003309
min error     0.000000
max error     0.926379
saving best net
best net saved to experiments/sim_50/discretisation_64x64x16/window_size_8/gaussian/net_0_depth/trained/, with error 0.003309



epoch [1 2] from [10 5]
training time per iterations 12.335830[ms]
testing on 1000 items
testing done
average error 0.003158
min error     0.000000
max error     0.974219
saving best net
best net saved to experiments/sim_50/discretisation_64x64x16/window_size_8/gaussian/net_0_depth/trained/, with error 0.003158



epoch [1 3] from [10 5]
training time per iterations 12.296438[ms]
testing on 1000 items
testing done
average error 0.003114
min error     0.000000
max error     0.947896
saving best net
best net saved to experiments/sim_50/discretisation_64x64x16/window_size_8/gaussian/net_0_depth/trained/, with error 0.003114



epoch [1 4] from [10 5]
training time per iterations 12.298219[ms]
testing on 1000 items
testing done
average error 0.003069
min error     0.000000
max error     0.959922
saving best net
best net saved to experiments/sim_50/discretisation_64x64x16/window_size_8/gaussian/net_0_depth/trained/, with error 0.003069



epoch [2 0] from [10 5]
training time per iterations 12.290781[ms]
testing on 1000 items
testing done
average error 0.003059
min error     0.000000
max error     0.979443
saving best net
best net saved to experiments/sim_50/discretisation_64x64x16/window_size_8/gaussian/net_0_depth/trained/, with error 0.003059



epoch [2 1] from [10 5]
training time per iterations 12.301676[ms]
testing on 1000 items
testing done
average error 0.002970
min error     0.000000
max error     0.967914
saving best net
best net saved to experiments/sim_50/discretisation_64x64x16/window_size_8/gaussian/net_0_depth/trained/, with error 0.002970



epoch [2 2] from [10 5]
training time per iterations 12.324725[ms]
testing on 1000 items
testing done
average error 0.002942
min error     0.000000
max error     0.971311
saving best net
best net saved to experiments/sim_50/discretisation_64x64x16/window_size_8/gaussian/net_0_depth/trained/, with error 0.002942



epoch [2 3] from [10 5]
training time per iterations 12.333159[ms]
testing on 1000 items
testing done
average error 0.002944
min error     0.000000
max error     0.992028



epoch [2 4] from [10 5]
training time per iterations 12.300995[ms]
testing on 1000 items
testing done
average error 0.002881
min error     0.000000
max error     0.967808
saving best net
best net saved to experiments/sim_50/discretisation_64x64x16/window_size_8/gaussian/net_0_depth/trained/, with error 0.002881



epoch [3 0] from [10 5]
training time per iterations 12.308381[ms]
testing on 1000 items
testing done
average error 0.002840
min error     0.000000
max error     0.965419
saving best net
best net saved to experiments/sim_50/discretisation_64x64x16/window_size_8/gaussian/net_0_depth/trained/, with error 0.002840



epoch [3 1] from [10 5]
training time per iterations 12.316553[ms]
testing on 1000 items
testing done
average error 0.002849
min error     0.000000
max error     0.972144



epoch [3 2] from [10 5]
training time per iterations 12.301938[ms]
testing on 1000 items
testing done
average error 0.002836
min error     0.000000
max error     0.961117
saving best net
best net saved to experiments/sim_50/discretisation_64x64x16/window_size_8/gaussian/net_0_depth/trained/, with error 0.002836



epoch [3 3] from [10 5]
training time per iterations 12.305553[ms]
testing on 1000 items
testing done
average error 0.002756
min error     0.000000
max error     0.950310
saving best net
best net saved to experiments/sim_50/discretisation_64x64x16/window_size_8/gaussian/net_0_depth/trained/, with error 0.002756



epoch [3 4] from [10 5]
training time per iterations 12.304243[ms]
testing on 1000 items
testing done
average error 0.002781
min error     0.000000
max error     0.965884



epoch [4 0] from [10 5]
training time per iterations 12.285228[ms]
testing on 1000 items
testing done
average error 0.002697
min error     0.000000
max error     0.933670
saving best net
best net saved to experiments/sim_50/discretisation_64x64x16/window_size_8/gaussian/net_0_depth/trained/, with error 0.002697



epoch [4 1] from [10 5]
training time per iterations 12.184809[ms]
testing on 1000 items
testing done
average error 0.002692
min error     0.000000
max error     0.943940
saving best net
best net saved to experiments/sim_50/discretisation_64x64x16/window_size_8/gaussian/net_0_depth/trained/, with error 0.002692



epoch [4 2] from [10 5]
training time per iterations 12.303876[ms]
testing on 1000 items
testing done
average error 0.002690
min error     0.000000
max error     0.932025
saving best net
best net saved to experiments/sim_50/discretisation_64x64x16/window_size_8/gaussian/net_0_depth/trained/, with error 0.002690



epoch [4 3] from [10 5]
training time per iterations 12.307805[ms]
testing on 1000 items
testing done
average error 0.002715
min error     0.000000
max error     0.949588



epoch [4 4] from [10 5]
training time per iterations 12.297014[ms]
testing on 1000 items
testing done
average error 0.002693
min error     0.000000
max error     0.959094



epoch [5 0] from [10 5]
training time per iterations 12.298795[ms]
testing on 1000 items
testing done
average error 0.002641
min error     0.000000
max error     0.918825
saving best net
best net saved to experiments/sim_50/discretisation_64x64x16/window_size_8/gaussian/net_0_depth/trained/, with error 0.002641



epoch [5 1] from [10 5]
training time per iterations 12.272132[ms]
testing on 1000 items
testing done
average error 0.002645
min error     0.000000
max error     0.933150



epoch [5 2] from [10 5]
training time per iterations 12.221582[ms]
testing on 1000 items
testing done
average error 0.002640
min error     0.000000
max error     0.926631
saving best net
best net saved to experiments/sim_50/discretisation_64x64x16/window_size_8/gaussian/net_0_depth/trained/, with error 0.002640



epoch [5 3] from [10 5]
training time per iterations 12.119906[ms]
testing on 1000 items
testing done
average error 0.002612
min error     0.000000
max error     0.932460
saving best net
best net saved to experiments/sim_50/discretisation_64x64x16/window_size_8/gaussian/net_0_depth/trained/, with error 0.002612



epoch [5 4] from [10 5]
training time per iterations 12.124830[ms]
testing on 1000 items
testing done
average error 0.002603
min error     0.000000
max error     0.907199
saving best net
best net saved to experiments/sim_50/discretisation_64x64x16/window_size_8/gaussian/net_0_depth/trained/, with error 0.002603



epoch [6 0] from [10 5]
training time per iterations 12.148402[ms]
testing on 1000 items
testing done
average error 0.002602
min error     0.000000
max error     0.920716
saving best net
best net saved to experiments/sim_50/discretisation_64x64x16/window_size_8/gaussian/net_0_depth/trained/, with error 0.002602



epoch [6 1] from [10 5]
training time per iterations 12.180461[ms]
testing on 1000 items
testing done
average error 0.002628
min error     0.000000
max error     0.940896



epoch [6 2] from [10 5]
training time per iterations 12.222472[ms]
testing on 1000 items
testing done
average error 0.002594
min error     0.000000
max error     0.897261
saving best net
best net saved to experiments/sim_50/discretisation_64x64x16/window_size_8/gaussian/net_0_depth/trained/, with error 0.002594



epoch [6 3] from [10 5]
training time per iterations 12.196124[ms]
testing on 1000 items
testing done
average error 0.002586
min error     0.000000
max error     0.930684
saving best net
best net saved to experiments/sim_50/discretisation_64x64x16/window_size_8/gaussian/net_0_depth/trained/, with error 0.002586



epoch [6 4] from [10 5]
training time per iterations 12.152174[ms]
testing on 1000 items
testing done
average error 0.002576
min error     0.000000
max error     0.929335
saving best net
best net saved to experiments/sim_50/discretisation_64x64x16/window_size_8/gaussian/net_0_depth/trained/, with error 0.002576



epoch [7 0] from [10 5]
training time per iterations 12.173704[ms]
testing on 1000 items
testing done
average error 0.002577
min error     0.000000
max error     0.935928



epoch [7 1] from [10 5]
training time per iterations 12.168151[ms]
testing on 1000 items
testing done
average error 0.002571
min error     0.000000
max error     0.908073
saving best net
best net saved to experiments/sim_50/discretisation_64x64x16/window_size_8/gaussian/net_0_depth/trained/, with error 0.002571



epoch [7 2] from [10 5]
training time per iterations 12.209796[ms]
testing on 1000 items
testing done
average error 0.002551
min error     0.000000
max error     0.937802
saving best net
best net saved to experiments/sim_50/discretisation_64x64x16/window_size_8/gaussian/net_0_depth/trained/, with error 0.002551



epoch [7 3] from [10 5]
training time per iterations 12.158565[ms]
testing on 1000 items
testing done
average error 0.002597
min error     0.000000
max error     0.953537



epoch [7 4] from [10 5]
training time per iterations 12.169041[ms]
testing on 1000 items
testing done
average error 0.002577
min error     0.000000
max error     0.925830
setting learning rate to 0.000050



epoch [8 0] from [10 5]
training time per iterations 12.152803[ms]
testing on 1000 items
testing done
average error 0.002530
min error     0.000000
max error     0.928010
saving best net
best net saved to experiments/sim_50/discretisation_64x64x16/window_size_8/gaussian/net_0_depth/trained/, with error 0.002530



epoch [8 1] from [10 5]
training time per iterations 12.172027[ms]
testing on 1000 items
testing done
average error 0.002532
min error     0.000000
max error     0.933788



epoch [8 2] from [10 5]
training time per iterations 12.172813[ms]
testing on 1000 items
testing done
average error 0.002534
min error     0.000000
max error     0.937246



epoch [8 3] from [10 5]
training time per iterations 12.173546[ms]
testing on 1000 items
testing done
average error 0.002529
min error     0.000000
max error     0.937110
saving best net
best net saved to experiments/sim_50/discretisation_64x64x16/window_size_8/gaussian/net_0_depth/trained/, with error 0.002529



epoch [8 4] from [10 5]
training time per iterations 12.163646[ms]
testing on 1000 items
testing done
average error 0.002518
min error     0.000000
max error     0.931794
saving best net
best net saved to experiments/sim_50/discretisation_64x64x16/window_size_8/gaussian/net_0_depth/trained/, with error 0.002518



epoch [9 0] from [10 5]
training time per iterations 12.169094[ms]
testing on 1000 items
testing done
average error 0.002506
min error     0.000000
max error     0.918071
saving best net
best net saved to experiments/sim_50/discretisation_64x64x16/window_size_8/gaussian/net_0_depth/trained/, with error 0.002506



epoch [9 1] from [10 5]
training time per iterations 12.156469[ms]
testing on 1000 items
testing done
average error 0.002524
min error     0.000000
max error     0.936162



epoch [9 2] from [10 5]
training time per iterations 12.164117[ms]
testing on 1000 items
testing done
average error 0.002528
min error     0.000000
max error     0.936739



epoch [9 3] from [10 5]
training time per iterations 12.176847[ms]
testing on 1000 items
testing done
average error 0.002536
min error     0.000000
max error     0.943503



epoch [9 4] from [10 5]
training time per iterations 12.178994[ms]
testing on 1000 items
testing done
average error 0.002511
min error     0.000000
max error     0.933967
training done
