0.000000 0 0 0.008175 0.000000 0.983429 0.006562 0.000000 0.981007
0.200000 0 1 0.008180 0.000000 0.983983 0.007182 0.000000 0.979136
0.400000 0 2 0.007894 0.000000 1.018798 0.006924 0.000000 0.995232
0.600000 0 3 0.004612 0.000000 0.978838 0.002624 0.000000 0.154956
0.800000 0 4 0.003601 0.000000 1.001330 0.002641 0.000000 0.991698
1.000000 1 0 0.003356 0.000000 0.987804 0.001791 0.000000 0.975009
1.200000 1 1 0.003309 0.000000 0.926379 0.002539 0.000000 0.937359
1.400000 1 2 0.003158 0.000000 0.974219 0.001743 0.000000 0.947700
1.600000 1 3 0.003114 0.000000 0.947896 0.001374 0.000000 0.891276
1.800000 1 4 0.003069 0.000000 0.959922 0.002310 0.000000 0.963576
2.000000 2 0 0.003059 0.000000 0.979443 0.001093 0.000000 0.054513
2.200000 2 1 0.002970 0.000000 0.967914 0.001090 0.000000 0.073643
2.400000 2 2 0.002942 0.000000 0.971311 0.000976 0.000000 0.082854
2.600000 2 3 0.002944 0.000000 0.992028 0.001607 0.000000 0.960800
2.800000 2 4 0.002881 0.000000 0.967808 0.001873 0.000000 0.936041
3.000000 3 0 0.002840 0.000000 0.965419 0.000919 0.000000 0.080374
3.200000 3 1 0.002849 0.000000 0.972144 0.001875 0.000000 0.946641
3.400000 3 2 0.002836 0.000000 0.961117 0.002152 0.000000 0.926456
3.600000 3 3 0.002756 0.000000 0.950310 0.001387 0.000000 0.909771
3.800000 3 4 0.002781 0.000000 0.965884 0.000907 0.000000 0.056755
4.000000 4 0 0.002697 0.000000 0.933670 0.001142 0.000000 0.890384
4.200000 4 1 0.002692 0.000000 0.943940 0.002061 0.000000 0.937583
4.400000 4 2 0.002690 0.000000 0.932025 0.000853 0.000000 0.092154
4.600000 4 3 0.002715 0.000000 0.949588 0.002081 0.000000 0.918550
4.800000 4 4 0.002693 0.000000 0.959094 0.001194 0.000000 0.904898
5.000000 5 0 0.002641 0.000000 0.918825 0.001068 0.000000 0.852960
5.200000 5 1 0.002645 0.000000 0.933150 0.002063 0.000000 0.932312
5.400000 5 2 0.002640 0.000000 0.926631 0.001450 0.000000 0.894273
5.600000 5 3 0.002612 0.000000 0.932460 0.001065 0.000000 0.909480
5.800000 5 4 0.002603 0.000000 0.907199 0.001254 0.000000 0.846656
6.000000 6 0 0.002602 0.000000 0.920716 0.001443 0.000000 0.920715
6.200000 6 1 0.002628 0.000000 0.940896 0.001590 0.000000 0.923052
6.400000 6 2 0.002594 0.000000 0.897261 0.001609 0.000000 0.859633
6.600000 6 3 0.002586 0.000000 0.930684 0.000783 0.000000 0.048635
6.800000 6 4 0.002576 0.000000 0.929335 0.001109 0.000000 0.887387
7.000000 7 0 0.002577 0.000000 0.935928 0.000809 0.000000 0.092850
7.200000 7 1 0.002571 0.000000 0.908073 0.001881 0.000000 0.888061
7.400000 7 2 0.002551 0.000000 0.937802 0.001100 0.000000 0.889246
7.600000 7 3 0.002597 0.000000 0.953537 0.001053 0.000000 0.900595
7.800000 7 4 0.002577 0.000000 0.925830 0.001996 0.000000 0.887263
8.000000 8 0 0.002530 0.000000 0.928010 0.001274 0.000000 0.878628
8.200000 8 1 0.002532 0.000000 0.933788 0.001279 0.000000 0.954008
8.400000 8 2 0.002534 0.000000 0.937246 0.001866 0.000000 0.893105
8.600000 8 3 0.002529 0.000000 0.937110 0.001590 0.000000 0.887349
8.800000 8 4 0.002518 0.000000 0.931794 0.001338 0.000000 0.889936
9.000000 9 0 0.002506 0.000000 0.918071 0.000722 0.000000 0.035223
9.200000 9 1 0.002524 0.000000 0.936162 0.001314 0.000000 0.919552
9.400000 9 2 0.002528 0.000000 0.936739 0.001306 0.000000 0.846995
9.600000 9 3 0.002536 0.000000 0.943503 0.001262 0.000000 0.891489
9.800000 9 4 0.002511 0.000000 0.933967 0.001750 0.000000 0.842487
