network init start

hyperparameters
init_weight_range 0.000000 ,xavier
learning_rate 0.000050
lambda1 0.000000
lambda2 0.000000
dropout 0.020000
minibatch size 32

         CONVOLUTION  [   64    64    24] [    1     1    32] [   64    64    32] [       768         32][   3276800]
                RELU  [   64    64    32] [    1     1     1] [   64    64    32] [         0          0][    262144]
   DENSE CONVOLUTION  [   64    64    32] [    3     3     8] [   64    64    40] [      2304          8][   9469952]
                RELU  [   64    64    40] [    1     1     1] [   64    64    40] [         0          0][    327680]
   DENSE CONVOLUTION  [   64    64    40] [    3     3     8] [   64    64    48] [      2880          8][  11829248]
                RELU  [   64    64    48] [    1     1     1] [   64    64    48] [         0          0][    393216]
   DENSE CONVOLUTION  [   64    64    48] [    3     3     8] [   64    64    56] [      3456          8][  14188544]
                RELU  [   64    64    56] [    1     1     1] [   64    64    56] [         0          0][    458752]
   DENSE CONVOLUTION  [   64    64    56] [    3     3     8] [   64    64    64] [      4032          8][  16547840]
                RELU  [   64    64    64] [    1     1     1] [   64    64    64] [         0          0][    524288]
         CONVOLUTION  [   64    64    64] [    1     1    32] [   64    64    32] [      2048         32][   8519680]
                RELU  [   64    64    32] [    1     1     1] [   64    64    32] [         0          0][    262144]
         MAX POOLING  [   64    64    32] [    2     2     1] [   32    32    32] [         0          0][    262144]
   DENSE CONVOLUTION  [   32    32    32] [    3     3     8] [   32    32    40] [      2304          8][   2367488]
                RELU  [   32    32    40] [    1     1     1] [   32    32    40] [         0          0][     81920]
   DENSE CONVOLUTION  [   32    32    40] [    3     3     8] [   32    32    48] [      2880          8][   2957312]
                RELU  [   32    32    48] [    1     1     1] [   32    32    48] [         0          0][     98304]
   DENSE CONVOLUTION  [   32    32    48] [    3     3     8] [   32    32    56] [      3456          8][   3547136]
                RELU  [   32    32    56] [    1     1     1] [   32    32    56] [         0          0][    114688]
   DENSE CONVOLUTION  [   32    32    56] [    3     3     8] [   32    32    64] [      4032          8][   4136960]
                RELU  [   32    32    64] [    1     1     1] [   32    32    64] [         0          0][    131072]
         CONVOLUTION  [   32    32    64] [    1     1    32] [   32    32    32] [      2048         32][   2129920]
                RELU  [   32    32    32] [    1     1     1] [   32    32    32] [         0          0][     65536]
         MAX POOLING  [   32    32    32] [    2     2     1] [   16    16    32] [         0          0][     65536]
   DENSE CONVOLUTION  [   16    16    32] [    3     3     8] [   16    16    40] [      2304          8][    591872]
                RELU  [   16    16    40] [    1     1     1] [   16    16    40] [         0          0][     20480]
   DENSE CONVOLUTION  [   16    16    40] [    3     3     8] [   16    16    48] [      2880          8][    739328]
                RELU  [   16    16    48] [    1     1     1] [   16    16    48] [         0          0][     24576]
   DENSE CONVOLUTION  [   16    16    48] [    3     3     8] [   16    16    56] [      3456          8][    886784]
                RELU  [   16    16    56] [    1     1     1] [   16    16    56] [         0          0][     28672]
   DENSE CONVOLUTION  [   16    16    56] [    3     3     8] [   16    16    64] [      4032          8][   1034240]
                RELU  [   16    16    64] [    1     1     1] [   16    16    64] [         0          0][     32768]
         CONVOLUTION  [   16    16    64] [    1     1    64] [   16    16    64] [      4096         64][   1064960]
                RELU  [   16    16    64] [    1     1     1] [   16    16    64] [         0          0][     32768]
         MAX POOLING  [   16    16    64] [    2     2     1] [    8     8    64] [         0          0][     32768]
             DROPOUT  [    8     8    64] [    1     1     1] [    8     8    64] [         0          0][      8192]
                  FC  [    8     8    64] [    1     1     3] [    1     1     3] [     12288          3][     24582]

input_geometry  [64 64 24]
output_geometry [1 1 3]
network flops operations 86540296 FLOPS, 0.086540 GFLOPS
init DONE

network destructor done
