0 0 0.000000 0.239991 0.134462 0.236958 0.132986
0 1 0.476190 0.202191 0.132103 0.203031 0.132659
0 2 0.952381 0.202583 0.132688 0.201467 0.132025
0 3 1.428571 0.205724 0.133921 0.203996 0.133163
0 4 1.904762 0.203128 0.132745 0.203605 0.132955
0 5 2.380952 0.203864 0.133531 0.203072 0.132687
0 6 2.857143 0.203867 0.132999 0.205794 0.134125
0 7 3.333333 0.206473 0.134321 0.203511 0.132922
0 8 3.809524 0.203124 0.132923 0.204040 0.133740
0 9 4.285714 0.203106 0.133080 0.204009 0.133554
0 10 4.761905 0.205192 0.133901 0.204296 0.133697
0 11 5.238095 0.202655 0.132468 0.205020 0.133994
0 12 5.714286 0.203211 0.133215 0.203843 0.133394
0 13 6.190476 0.204549 0.133343 0.202848 0.132398
0 14 6.666667 0.205438 0.133290 0.202473 0.132406
0 15 7.142857 0.203896 0.133158 0.205333 0.133907
0 16 7.619048 0.206855 0.134373 0.204863 0.134291
0 17 8.095238 0.203160 0.132658 0.203114 0.132734
0 18 8.571428 0.205402 0.134599 0.204994 0.133912
0 19 9.047619 0.203335 0.132384 0.205673 0.134136
0 20 9.523809 0.206806 0.135495 0.203044 0.133031
1 0 10.000000 0.203903 0.133267 0.201412 0.131805
1 1 10.476191 0.207633 0.135522 0.205608 0.133985
1 2 10.952381 0.206684 0.134888 0.205125 0.134243
1 3 11.428572 0.206379 0.134687 0.205740 0.134188
1 4 11.904762 0.205693 0.134184 0.206080 0.134200
1 5 12.380953 0.206478 0.134375 0.202813 0.132693
1 6 12.857142 0.204036 0.133362 0.203136 0.132802
1 7 13.333333 0.205038 0.134451 0.198769 0.130101
1 8 13.809524 0.204394 0.133416 0.203882 0.133335
1 9 14.285714 0.203982 0.133176 0.206800 0.135120
1 10 14.761905 0.202053 0.131973 0.202116 0.132728
1 11 15.238095 0.204457 0.133111 0.203929 0.133171
1 12 15.714286 0.203976 0.133032 0.202803 0.132913
1 13 16.190475 0.204842 0.134165 0.204482 0.134121
1 14 16.666666 0.204019 0.133124 0.203831 0.133146
1 15 17.142857 0.203423 0.133608 0.205393 0.133899
1 16 17.619047 0.204717 0.133919 0.204098 0.132888
1 17 18.095238 0.204856 0.133671 0.203160 0.132810
1 18 18.571428 0.204719 0.134139 0.206093 0.134967
1 19 19.047619 0.204728 0.133363 0.203470 0.132759
1 20 19.523809 0.204815 0.133626 0.203700 0.133395
2 0 20.000000 0.204387 0.133822 0.201313 0.131624
2 1 20.476191 0.205766 0.134142 0.206061 0.134140
2 2 20.952381 0.205469 0.134428 0.203433 0.132792
2 3 21.428572 0.203779 0.133396 0.202822 0.132442
2 4 21.904762 0.206463 0.134560 0.204495 0.133111
2 5 22.380953 0.203850 0.132565 0.205160 0.133712
2 6 22.857143 0.204792 0.133883 0.205505 0.134583
2 7 23.333334 0.202027 0.132315 0.203491 0.133130
2 8 23.809525 0.202655 0.132407 0.203597 0.132825
2 9 24.285715 0.202977 0.132298 0.204250 0.133336
2 10 24.761906 0.202998 0.132409 0.203220 0.132722
2 11 25.238094 0.203391 0.132901 0.205757 0.134560
2 12 25.714285 0.205019 0.133700 0.205116 0.133416
2 13 26.190475 0.204396 0.133600 0.204017 0.133300
2 14 26.666666 0.203891 0.133088 0.206461 0.134384
2 15 27.142857 0.202243 0.132597 0.201843 0.132172
2 16 27.619047 0.202539 0.131990 0.203065 0.132612
2 17 28.095238 0.205050 0.133604 0.203219 0.133155
2 18 28.571428 0.203413 0.132594 0.204556 0.133649
2 19 29.047619 0.204232 0.133734 0.206724 0.134801
2 20 29.523809 0.203630 0.132796 0.203625 0.132876
3 0 30.000000 0.207082 0.135111 0.205509 0.133937
3 1 30.476191 0.202259 0.132216 0.203853 0.132491
3 2 30.952381 0.202070 0.132061 0.205216 0.134119
3 3 31.428572 0.205788 0.134466 0.203356 0.132962
3 4 31.904762 0.204632 0.133304 0.205462 0.133756
3 5 32.380951 0.206452 0.134907 0.206150 0.134556
3 6 32.857143 0.205064 0.133706 0.204507 0.133828
3 7 33.333332 0.205962 0.134769 0.204946 0.133125
3 8 33.809525 0.203578 0.132889 0.206594 0.134647
3 9 34.285713 0.202865 0.131902 0.204573 0.133335
3 10 34.761906 0.206275 0.134193 0.202053 0.131649
3 11 35.238094 0.204758 0.133322 0.201836 0.132106
3 12 35.714287 0.204415 0.134232 0.203897 0.133248
3 13 36.190475 0.203049 0.133041 0.204990 0.134206
3 14 36.666668 0.204409 0.134048 0.204454 0.133671
3 15 37.142857 0.204897 0.133637 0.205355 0.134082
3 16 37.619049 0.204533 0.133243 0.205188 0.134040
3 17 38.095238 0.203769 0.132511 0.203146 0.132445
3 18 38.571430 0.203762 0.133446 0.202012 0.131960
3 19 39.047619 0.205334 0.134425 0.205448 0.134469
3 20 39.523811 0.202740 0.132578 0.204233 0.133401
4 0 40.000000 0.203629 0.133283 0.201500 0.131773
4 1 40.476189 0.203342 0.132920 0.205317 0.134037
4 2 40.952381 0.206006 0.134895 0.204921 0.133741
4 3 41.428570 0.202744 0.132803 0.204603 0.133801
4 4 41.904762 0.205205 0.134269 0.203772 0.132956
4 5 42.380951 0.204187 0.133157 0.203096 0.132999
4 6 42.857143 0.205999 0.134234 0.202958 0.131840
4 7 43.333332 0.202074 0.132095 0.203294 0.132999
4 8 43.809525 0.203973 0.133629 0.204416 0.133363
4 9 44.285713 0.201715 0.132310 0.202799 0.132337
4 10 44.761906 0.203616 0.133203 0.205549 0.134701
4 11 45.238094 0.202753 0.131836 0.205004 0.133769
4 12 45.714287 0.204401 0.133882 0.204991 0.133999
4 13 46.190475 0.203126 0.132881 0.205011 0.134061
4 14 46.666668 0.203628 0.132697 0.204844 0.133786
4 15 47.142857 0.203565 0.132944 0.203161 0.132676
4 16 47.619049 0.202743 0.132246 0.206750 0.134517
4 17 48.095238 0.202879 0.132931 0.203635 0.133206
4 18 48.571430 0.202656 0.132547 0.204884 0.134384
4 19 49.047619 0.204969 0.134186 0.205875 0.134037
4 20 49.523811 0.203823 0.133221 0.204714 0.133674
5 0 50.000000 0.205099 0.133998 0.203577 0.132806
5 1 50.476189 0.206756 0.135030 0.204974 0.134249
5 2 50.952381 0.202639 0.132025 0.204140 0.132826
5 3 51.428570 0.204952 0.133884 0.204003 0.133227
5 4 51.904762 0.204872 0.133898 0.201760 0.131948
5 5 52.380951 0.203309 0.132032 0.204128 0.133303
5 6 52.857143 0.203834 0.133575 0.204497 0.133580
5 7 53.333332 0.201332 0.131919 0.204196 0.133551
5 8 53.809525 0.203425 0.133112 0.202295 0.131971
5 9 54.285713 0.203329 0.133025 0.201032 0.131356
5 10 54.761906 0.203567 0.133388 0.203956 0.133276
5 11 55.238094 0.203529 0.132835 0.204144 0.133152
5 12 55.714287 0.203198 0.132547 0.202024 0.131648
5 13 56.190475 0.205935 0.134396 0.200698 0.131141
5 14 56.666668 0.205565 0.133904 0.208926 0.135754
5 15 57.142857 0.202946 0.133417 0.203074 0.132515
5 16 57.619049 0.206288 0.135212 0.203077 0.132697
5 17 58.095238 0.204385 0.133877 0.204649 0.133332
5 18 58.571430 0.202672 0.132809 0.206405 0.134844
5 19 59.047619 0.205423 0.134039 0.206772 0.134464
5 20 59.523811 0.203871 0.133600 0.203403 0.133166
6 0 60.000000 0.204610 0.134080 0.205322 0.134513
6 1 60.476189 0.205467 0.134001 0.199690 0.130179
6 2 60.952381 0.199830 0.130315 0.202205 0.131930
6 3 61.428570 0.204075 0.133090 0.203713 0.133444
6 4 61.904762 0.204802 0.134242 0.207192 0.134426
6 5 62.380951 0.201602 0.131425 0.202908 0.132649
6 6 62.857143 0.203574 0.133013 0.204360 0.132906
6 7 63.333332 0.202112 0.132280 0.200862 0.131008
6 8 63.809525 0.204027 0.133250 0.205120 0.133909
6 9 64.285713 0.202801 0.132415 0.203278 0.133122
6 10 64.761902 0.203509 0.133190 0.207245 0.135617
6 11 65.238098 0.203471 0.133004 0.205934 0.134551
6 12 65.714287 0.203821 0.132656 0.205560 0.133892
6 13 66.190475 0.203101 0.132863 0.203037 0.132581
6 14 66.666664 0.203248 0.132265 0.204384 0.133225
6 15 67.142860 0.207623 0.135532 0.203302 0.133221
6 16 67.619049 0.203612 0.132918 0.205538 0.134045
6 17 68.095238 0.204282 0.133837 0.203768 0.133469
6 18 68.571426 0.206475 0.134740 0.201011 0.131338
6 19 69.047623 0.203952 0.133028 0.200381 0.131675
6 20 69.523811 0.205969 0.134492 0.203975 0.133445
7 0 70.000000 0.204455 0.133438 0.202653 0.132316
7 1 70.476189 0.203699 0.132881 0.203125 0.132905
7 2 70.952377 0.203127 0.132597 0.204215 0.133356
7 3 71.428574 0.205601 0.134399 0.204482 0.133750
7 4 71.904762 0.202568 0.132682 0.202801 0.132762
7 5 72.380951 0.203338 0.133026 0.204499 0.133464
7 6 72.857140 0.204150 0.133123 0.203224 0.132664
7 7 73.333336 0.205307 0.133945 0.203513 0.132580
7 8 73.809525 0.203348 0.132802 0.204002 0.133157
7 9 74.285713 0.201665 0.131825 0.205199 0.134126
7 10 74.761902 0.202986 0.132742 0.203281 0.133150
7 11 75.238098 0.201695 0.131712 0.204573 0.133352
7 12 75.714287 0.203085 0.132855 0.203679 0.132530
7 13 76.190475 0.202579 0.132608 0.202478 0.132259
7 14 76.666664 0.206111 0.134244 0.204129 0.133334
7 15 77.142860 0.202444 0.131846 0.205071 0.133715
7 16 77.619049 0.203403 0.132835 0.203999 0.133291
7 17 78.095238 0.205362 0.134336 0.200911 0.131616
7 18 78.571426 0.205857 0.134924 0.201537 0.131738
7 19 79.047623 0.204283 0.133228 0.203825 0.133174
7 20 79.523811 0.201802 0.131333 0.203315 0.132631
8 0 80.000000 0.205827 0.134238 0.202520 0.132707
8 1 80.476189 0.203498 0.133199 0.203905 0.133251
8 2 80.952377 0.205389 0.134794 0.203880 0.133591
8 3 81.428574 0.205505 0.134342 0.201062 0.131654
8 4 81.904762 0.204468 0.133836 0.203823 0.133317
8 5 82.380951 0.202175 0.132190 0.201786 0.132104
8 6 82.857140 0.202166 0.132074 0.205899 0.134863
8 7 83.333336 0.202367 0.132509 0.204436 0.133630
8 8 83.809525 0.203364 0.133313 0.202289 0.132134
8 9 84.285713 0.204449 0.134016 0.203408 0.133089
8 10 84.761902 0.203414 0.132660 0.202009 0.131688
8 11 85.238098 0.201629 0.131838 0.207221 0.134857
8 12 85.714287 0.202893 0.132450 0.201408 0.131718
8 13 86.190475 0.202285 0.132706 0.205978 0.134639
8 14 86.666664 0.205329 0.133807 0.202279 0.131991
8 15 87.142860 0.202182 0.132504 0.202962 0.132627
8 16 87.619049 0.206061 0.134305 0.202409 0.132261
8 17 88.095238 0.203564 0.133570 0.204258 0.133798
8 18 88.571426 0.206174 0.134571 0.204771 0.133765
8 19 89.047623 0.202179 0.132191 0.205493 0.134146
8 20 89.523811 0.206200 0.134858 0.201765 0.131590
9 0 90.000000 0.202391 0.132055 0.204100 0.133182
9 1 90.476189 0.204872 0.133946 0.203186 0.133151
9 2 90.952377 0.203409 0.133063 0.207500 0.135155
9 3 91.428574 0.204450 0.133737 0.204332 0.133724
9 4 91.904762 0.206079 0.134419 0.204322 0.133113
9 5 92.380951 0.205870 0.134684 0.204206 0.132905
9 6 92.857140 0.204537 0.133922 0.205812 0.134074
9 7 93.333336 0.203825 0.132946 0.203996 0.133284
9 8 93.809525 0.205901 0.134618 0.204142 0.133033
9 9 94.285713 0.204337 0.133243 0.200870 0.130914
9 10 94.761902 0.202488 0.132504 0.202378 0.132119
9 11 95.238098 0.203842 0.133078 0.202658 0.132061
9 12 95.714287 0.204975 0.133908 0.204337 0.133502
9 13 96.190475 0.203788 0.133434 0.202086 0.132285
9 14 96.666664 0.203337 0.132384 0.202346 0.132045
9 15 97.142860 0.204104 0.133480 0.202436 0.132256
9 16 97.619049 0.203381 0.133485 0.205585 0.134820
9 17 98.095238 0.205295 0.133487 0.205758 0.133736
9 18 98.571426 0.202861 0.132129 0.203395 0.132441
9 19 99.047623 0.201968 0.132261 0.206714 0.134783
9 20 99.523811 0.205621 0.134404 0.200802 0.131464
