0 0 0.000000 0.232215 0.135857 0.235221 0.137648
0 1 0.476190 0.207733 0.134964 0.207405 0.134997
0 2 0.952381 0.206778 0.134757 0.207544 0.135021
0 3 1.428571 0.207505 0.134948 0.207764 0.134451
0 4 1.904762 0.210716 0.137650 0.205984 0.134451
0 5 2.380952 0.210367 0.137708 0.207171 0.135040
0 6 2.857143 0.205742 0.134064 0.208254 0.135685
0 7 3.333333 0.206848 0.134454 0.207502 0.134704
0 8 3.809524 0.206448 0.134730 0.206726 0.134874
0 9 4.285714 0.209802 0.136369 0.207351 0.135382
0 10 4.761905 0.204491 0.133549 0.207301 0.135158
0 11 5.238095 0.205969 0.133966 0.207363 0.134930
0 12 5.714286 0.206000 0.134660 0.208819 0.136531
0 13 6.190476 0.205322 0.133890 0.207673 0.135186
0 14 6.666667 0.208327 0.135320 0.204906 0.133374
0 15 7.142857 0.209162 0.135707 0.207892 0.135321
0 16 7.619048 0.207574 0.135103 0.207578 0.135777
0 17 8.095238 0.207996 0.135586 0.207131 0.135034
0 18 8.571428 0.209182 0.136343 0.209348 0.136595
0 19 9.047619 0.208630 0.136130 0.205689 0.134849
0 20 9.523809 0.209182 0.136316 0.204266 0.133384
1 0 10.000000 0.207395 0.135420 0.206784 0.134670
1 1 10.476191 0.203832 0.132961 0.205563 0.134211
1 2 10.952381 0.206902 0.135249 0.205259 0.133629
1 3 11.428572 0.206982 0.134820 0.207451 0.135370
1 4 11.904762 0.204680 0.133687 0.206291 0.135077
1 5 12.380953 0.204561 0.133778 0.206330 0.134728
1 6 12.857142 0.207213 0.135615 0.208962 0.136654
1 7 13.333333 0.207249 0.134789 0.206855 0.135260
1 8 13.809524 0.207948 0.135605 0.206773 0.134545
1 9 14.285714 0.206457 0.134143 0.207060 0.135014
1 10 14.761905 0.209003 0.136288 0.206006 0.134412
1 11 15.238095 0.206654 0.135098 0.208628 0.135896
1 12 15.714286 0.208962 0.136447 0.206871 0.135689
1 13 16.190475 0.207920 0.136503 0.207363 0.135385
1 14 16.666666 0.209277 0.136574 0.205222 0.133982
1 15 17.142857 0.208005 0.135690 0.207908 0.135419
1 16 17.619047 0.208736 0.136658 0.205285 0.134130
1 17 18.095238 0.208580 0.136255 0.208465 0.136089
1 18 18.571428 0.204801 0.133482 0.209024 0.136338
1 19 19.047619 0.204842 0.133651 0.205987 0.134704
1 20 19.523809 0.210058 0.136683 0.206131 0.134122
2 0 20.000000 0.207548 0.135189 0.206850 0.134704
2 1 20.476191 0.206542 0.134756 0.208466 0.135904
2 2 20.952381 0.206611 0.134935 0.207400 0.135273
2 3 21.428572 0.207287 0.134852 0.209311 0.136849
2 4 21.904762 0.209264 0.136318 0.205185 0.133614
2 5 22.380953 0.206187 0.133925 0.207385 0.135405
2 6 22.857143 0.207002 0.134258 0.206059 0.133985
2 7 23.333334 0.206619 0.134357 0.207146 0.134801
2 8 23.809525 0.204974 0.133493 0.207492 0.134963
2 9 24.285715 0.207570 0.135443 0.204622 0.133379
2 10 24.761906 0.205378 0.134421 0.206886 0.134846
2 11 25.238094 0.208212 0.136002 0.205470 0.134155
2 12 25.714285 0.208668 0.135808 0.208438 0.135654
2 13 26.190475 0.205366 0.133647 0.208768 0.135819
2 14 26.666666 0.204523 0.133814 0.205090 0.134060
2 15 27.142857 0.204859 0.133375 0.204211 0.132981
2 16 27.619047 0.205715 0.133907 0.206804 0.134920
2 17 28.095238 0.208949 0.136213 0.209467 0.136230
2 18 28.571428 0.205726 0.133849 0.206807 0.134706
2 19 29.047619 0.209199 0.135525 0.209363 0.135663
2 20 29.523809 0.206574 0.134795 0.204712 0.133951
3 0 30.000000 0.205788 0.133993 0.207823 0.135684
3 1 30.476191 0.207650 0.135117 0.206868 0.135017
3 2 30.952381 0.207402 0.135703 0.207459 0.135420
3 3 31.428572 0.207668 0.135522 0.207978 0.135468
3 4 31.904762 0.208792 0.136341 0.204048 0.132955
3 5 32.380951 0.206499 0.134870 0.205809 0.134164
3 6 32.857143 0.205395 0.133697 0.205706 0.133694
3 7 33.333332 0.206364 0.134630 0.206584 0.134984
3 8 33.809525 0.208014 0.135366 0.208186 0.135678
3 9 34.285713 0.211363 0.138415 0.206441 0.134578
3 10 34.761906 0.206599 0.134377 0.207855 0.135294
3 11 35.238094 0.205456 0.134316 0.209456 0.136710
3 12 35.714287 0.210781 0.137402 0.210097 0.136598
3 13 36.190475 0.209044 0.136352 0.208177 0.135512
3 14 36.666668 0.208206 0.135589 0.207657 0.135334
3 15 37.142857 0.206097 0.133925 0.208451 0.135866
3 16 37.619049 0.208258 0.136409 0.204585 0.133159
3 17 38.095238 0.205364 0.134086 0.209104 0.135894
3 18 38.571430 0.208450 0.135989 0.207037 0.134786
3 19 39.047619 0.203900 0.133207 0.207435 0.135271
3 20 39.523811 0.206153 0.134596 0.205059 0.133771
4 0 40.000000 0.204790 0.133516 0.205257 0.134030
4 1 40.476189 0.206122 0.134276 0.207282 0.135107
4 2 40.952381 0.205964 0.134612 0.205982 0.134447
4 3 41.428570 0.205862 0.134122 0.208782 0.136375
4 4 41.904762 0.206459 0.135176 0.207474 0.135754
4 5 42.380951 0.207240 0.135235 0.207962 0.135630
4 6 42.857143 0.206362 0.134325 0.206619 0.134766
4 7 43.333332 0.209502 0.136454 0.208252 0.135588
4 8 43.809525 0.205655 0.133817 0.205696 0.134089
4 9 44.285713 0.208137 0.135625 0.206271 0.134383
4 10 44.761906 0.205813 0.134093 0.206746 0.134891
4 11 45.238094 0.208473 0.136123 0.207304 0.135275
4 12 45.714287 0.207949 0.135734 0.208390 0.135565
4 13 46.190475 0.205502 0.133640 0.206836 0.135075
4 14 46.666668 0.209025 0.135852 0.206488 0.134246
4 15 47.142857 0.210324 0.136937 0.207538 0.135055
4 16 47.619049 0.209629 0.136479 0.205384 0.134092
4 17 48.095238 0.206682 0.134400 0.206895 0.135006
4 18 48.571430 0.208805 0.136159 0.206704 0.134893
4 19 49.047619 0.207622 0.135556 0.207441 0.135370
4 20 49.523811 0.207142 0.134622 0.207939 0.134872
5 0 50.000000 0.206936 0.135032 0.207220 0.135097
5 1 50.476189 0.207961 0.135461 0.206905 0.134715
5 2 50.952381 0.208593 0.135908 0.207136 0.135061
5 3 51.428570 0.208924 0.135646 0.205979 0.133887
5 4 51.904762 0.208275 0.136024 0.205301 0.133760
5 5 52.380951 0.208823 0.136225 0.206932 0.134983
5 6 52.857143 0.207635 0.135097 0.208125 0.135526
5 7 53.333332 0.205491 0.133973 0.208325 0.135761
5 8 53.809525 0.207440 0.134828 0.206489 0.134285
5 9 54.285713 0.205914 0.134373 0.209130 0.136007
5 10 54.761906 0.208674 0.136131 0.207794 0.135343
5 11 55.238094 0.210073 0.137040 0.209943 0.136839
5 12 55.714287 0.208107 0.135834 0.208098 0.135693
5 13 56.190475 0.204998 0.134132 0.206563 0.134773
5 14 56.666668 0.207971 0.135502 0.205731 0.134504
5 15 57.142857 0.206449 0.134566 0.206834 0.134653
5 16 57.619049 0.207793 0.135134 0.203921 0.133314
5 17 58.095238 0.207062 0.134593 0.207477 0.134887
5 18 58.571430 0.204663 0.133744 0.206902 0.134610
5 19 59.047619 0.205581 0.133738 0.207742 0.135218
5 20 59.523811 0.207702 0.135101 0.208983 0.136319
6 0 60.000000 0.206762 0.135117 0.205428 0.134294
6 1 60.476189 0.204939 0.133241 0.206321 0.134395
6 2 60.952381 0.206649 0.134557 0.206461 0.134553
6 3 61.428570 0.208511 0.136130 0.206624 0.134787
6 4 61.904762 0.207902 0.135702 0.208585 0.135402
6 5 62.380951 0.207892 0.135396 0.206878 0.134768
6 6 62.857143 0.208788 0.136192 0.205164 0.133659
6 7 63.333332 0.206938 0.135030 0.205078 0.134251
6 8 63.809525 0.204732 0.133208 0.206218 0.134517
6 9 64.285713 0.206389 0.134046 0.207026 0.134808
6 10 64.761902 0.206747 0.135083 0.207759 0.135449
6 11 65.238098 0.205595 0.133972 0.203491 0.132634
6 12 65.714287 0.207424 0.135417 0.205700 0.133738
6 13 66.190475 0.205745 0.134505 0.207275 0.135546
6 14 66.666664 0.209452 0.136124 0.207153 0.135095
6 15 67.142860 0.207170 0.135009 0.206133 0.134155
6 16 67.619049 0.206782 0.134909 0.206613 0.134937
6 17 68.095238 0.206697 0.135372 0.207412 0.136014
6 18 68.571426 0.206586 0.135121 0.207608 0.135185
6 19 69.047623 0.208119 0.135654 0.207982 0.135711
6 20 69.523811 0.206011 0.134179 0.206803 0.134787
7 0 70.000000 0.207627 0.134667 0.210832 0.136814
7 1 70.476189 0.205852 0.134544 0.207104 0.134848
7 2 70.952377 0.208399 0.135642 0.205779 0.134429
7 3 71.428574 0.205585 0.134299 0.203663 0.132721
7 4 71.904762 0.206414 0.135008 0.208852 0.136098
7 5 72.380951 0.206608 0.134554 0.204638 0.133584
7 6 72.857140 0.207403 0.135886 0.206324 0.135211
7 7 73.333336 0.204548 0.133324 0.205824 0.134265
7 8 73.809525 0.204750 0.133483 0.208961 0.136280
7 9 74.285713 0.205177 0.133578 0.205214 0.133349
7 10 74.761902 0.208008 0.135221 0.206514 0.134847
7 11 75.238098 0.205758 0.134467 0.206586 0.134845
7 12 75.714287 0.208683 0.135431 0.207268 0.134826
7 13 76.190475 0.209544 0.136522 0.208475 0.135586
7 14 76.666664 0.206611 0.134446 0.207734 0.135472
7 15 77.142860 0.207193 0.135045 0.210300 0.136587
7 16 77.619049 0.207348 0.135175 0.207314 0.135303
7 17 78.095238 0.206842 0.134483 0.208284 0.134946
7 18 78.571426 0.206730 0.134325 0.207477 0.135402
7 19 79.047623 0.205882 0.134551 0.207627 0.135009
7 20 79.523811 0.208161 0.135554 0.203669 0.132918
8 0 80.000000 0.206296 0.134322 0.204685 0.132991
8 1 80.476189 0.205601 0.133771 0.209591 0.136464
8 2 80.952377 0.203338 0.133348 0.208221 0.136007
8 3 81.428574 0.205916 0.133786 0.208283 0.135200
8 4 81.904762 0.207796 0.135489 0.208176 0.135534
8 5 82.380951 0.204766 0.133879 0.204024 0.133259
8 6 82.857140 0.207251 0.135131 0.206727 0.134572
8 7 83.333336 0.206239 0.135053 0.207348 0.135165
8 8 83.809525 0.205303 0.134340 0.207451 0.135776
8 9 84.285713 0.206213 0.133901 0.205796 0.134731
8 10 84.761902 0.203368 0.132528 0.205546 0.134590
8 11 85.238098 0.206495 0.135158 0.210240 0.137147
8 12 85.714287 0.208020 0.135801 0.207940 0.135824
8 13 86.190475 0.205485 0.133825 0.207111 0.134879
8 14 86.666664 0.208804 0.136148 0.206182 0.134781
8 15 87.142860 0.206894 0.135086 0.205545 0.134106
8 16 87.619049 0.206636 0.134757 0.207365 0.134852
8 17 88.095238 0.207488 0.135799 0.205142 0.134162
8 18 88.571426 0.206572 0.134587 0.205973 0.133696
8 19 89.047623 0.206132 0.134607 0.207342 0.134680
8 20 89.523811 0.204068 0.132874 0.206770 0.134803
9 0 90.000000 0.205008 0.133846 0.205757 0.133821
9 1 90.476189 0.207781 0.135359 0.206968 0.134705
9 2 90.952377 0.206572 0.135215 0.206685 0.135029
9 3 91.428574 0.207542 0.135716 0.206797 0.134990
9 4 91.904762 0.205798 0.134371 0.206630 0.134847
9 5 92.380951 0.206759 0.135125 0.205490 0.133939
9 6 92.857140 0.204045 0.133234 0.208322 0.135257
9 7 93.333336 0.207202 0.134821 0.209298 0.136417
9 8 93.809525 0.205974 0.134171 0.207087 0.134931
9 9 94.285713 0.205271 0.134247 0.204887 0.133879
9 10 94.761902 0.206360 0.134477 0.205440 0.133635
9 11 95.238098 0.207866 0.135265 0.208545 0.135969
9 12 95.714287 0.206456 0.134415 0.207109 0.134886
9 13 96.190475 0.206527 0.135162 0.205929 0.134434
9 14 96.666664 0.207257 0.135321 0.204940 0.133165
9 15 97.142860 0.204027 0.133065 0.206921 0.134490
9 16 97.619049 0.210210 0.136561 0.207225 0.134559
9 17 98.095238 0.208917 0.135569 0.206502 0.134691
9 18 98.571426 0.205106 0.133818 0.207169 0.135234
9 19 99.047623 0.207442 0.135435 0.208351 0.136160
9 20 99.523811 0.207922 0.135226 0.207255 0.135198
