0 0 0.000000 0.201656 0.130797 0.200239 0.129415
0 1 0.476190 0.189790 0.121478 0.191380 0.122305
0 2 0.952381 0.177928 0.116122 0.177392 0.115638
0 3 1.428571 0.169522 0.110342 0.167344 0.108768
0 4 1.904762 0.161891 0.105897 0.159496 0.104642
0 5 2.380952 0.152968 0.099951 0.151475 0.099478
0 6 2.857143 0.140337 0.092361 0.140645 0.092453
0 7 3.333333 0.131670 0.086512 0.132441 0.086918
0 8 3.809524 0.128185 0.084177 0.126480 0.083403
0 9 4.285714 0.127118 0.083232 0.127019 0.083119
0 10 4.761905 0.123952 0.080802 0.120762 0.079178
0 11 5.238095 0.119021 0.077588 0.120393 0.078461
0 12 5.714286 0.121863 0.078023 0.118472 0.076019
0 13 6.190476 0.114952 0.074735 0.116265 0.075258
0 14 6.666667 0.117022 0.073388 0.116761 0.074099
0 15 7.142857 0.110124 0.072494 0.109548 0.071912
0 16 7.619048 0.109826 0.071424 0.109349 0.071489
0 17 8.095238 0.107584 0.070148 0.108670 0.070433
0 18 8.571428 0.105245 0.068994 0.104695 0.068697
0 19 9.047619 0.102579 0.067683 0.102875 0.067849
0 20 9.523809 0.101231 0.066336 0.100547 0.065889
1 0 10.000000 0.098910 0.065783 0.098389 0.065020
1 1 10.476191 0.097267 0.064000 0.096027 0.063906
1 2 10.952381 0.095489 0.063388 0.094675 0.063104
1 3 11.428572 0.094241 0.062935 0.094417 0.062712
1 4 11.904762 0.092191 0.060839 0.092142 0.060825
1 5 12.380953 0.090833 0.060503 0.091437 0.060779
1 6 12.857142 0.090141 0.059669 0.091155 0.060351
1 7 13.333333 0.091491 0.060594 0.091451 0.060235
1 8 13.809524 0.088898 0.058962 0.087847 0.058621
1 9 14.285714 0.087158 0.058306 0.086906 0.057996
1 10 14.761905 0.086624 0.058209 0.087669 0.058830
1 11 15.238095 0.085755 0.057104 0.084998 0.056618
1 12 15.714286 0.086589 0.057288 0.086345 0.057570
1 13 16.190475 0.084771 0.056469 0.085100 0.056389
1 14 16.666666 0.083491 0.055562 0.082916 0.055283
1 15 17.142857 0.085360 0.055938 0.084665 0.056134
1 16 17.619047 0.084393 0.056378 0.083113 0.055275
1 17 18.095238 0.082654 0.055483 0.080872 0.054330
1 18 18.571428 0.080819 0.054124 0.082935 0.055436
1 19 19.047619 0.079995 0.052733 0.081084 0.053724
1 20 19.523809 0.079277 0.053282 0.080886 0.054459
2 0 20.000000 0.079787 0.053507 0.079033 0.052849
2 1 20.476191 0.080750 0.054151 0.080294 0.053519
2 2 20.952381 0.080319 0.053571 0.079352 0.053237
2 3 21.428572 0.078219 0.052046 0.079381 0.053184
2 4 21.904762 0.076417 0.051420 0.076715 0.051775
2 5 22.380953 0.076231 0.051288 0.077502 0.052016
2 6 22.857143 0.076697 0.051384 0.076405 0.051564
2 7 23.333334 0.077109 0.051652 0.077395 0.051923
2 8 23.809525 0.078092 0.052268 0.076183 0.050512
2 9 24.285715 0.075781 0.051265 0.075428 0.050718
2 10 24.761906 0.074467 0.050179 0.074895 0.050429
2 11 25.238094 0.073824 0.049662 0.075631 0.051060
2 12 25.714285 0.074514 0.050235 0.074471 0.050123
2 13 26.190475 0.073625 0.049815 0.073839 0.049577
2 14 26.666666 0.074505 0.050068 0.074999 0.050533
2 15 27.142857 0.074394 0.049944 0.073687 0.049741
2 16 27.619047 0.071823 0.048676 0.071233 0.047733
2 17 28.095238 0.073212 0.049435 0.072912 0.049019
2 18 28.571428 0.071608 0.048579 0.072017 0.048893
2 19 29.047619 0.072933 0.048357 0.071384 0.046794
2 20 29.523809 0.069937 0.047325 0.069616 0.047220
3 0 30.000000 0.068580 0.046132 0.070267 0.047879
3 1 30.476191 0.070553 0.047473 0.069979 0.047110
3 2 30.952381 0.070779 0.046800 0.070326 0.046312
3 3 31.428572 0.069515 0.046176 0.070162 0.046938
3 4 31.904762 0.066873 0.044841 0.067079 0.045393
3 5 32.380951 0.068414 0.046772 0.067689 0.045766
3 6 32.857143 0.066729 0.045310 0.066981 0.045271
3 7 33.333332 0.065646 0.044396 0.067572 0.046444
3 8 33.809525 0.067640 0.045907 0.065686 0.044101
3 9 34.285713 0.068095 0.046327 0.067218 0.045460
3 10 34.761906 0.066276 0.044566 0.066855 0.045098
3 11 35.238094 0.065085 0.044143 0.064477 0.043515
3 12 35.714287 0.065322 0.044768 0.065070 0.044366
3 13 36.190475 0.064323 0.043366 0.066339 0.045029
3 14 36.666668 0.063533 0.043496 0.064826 0.044620
3 15 37.142857 0.063432 0.042945 0.062878 0.042494
3 16 37.619049 0.062712 0.042775 0.062307 0.042655
3 17 38.095238 0.063431 0.043137 0.063607 0.043530
3 18 38.571430 0.062723 0.043302 0.062679 0.042971
3 19 39.047619 0.063440 0.043496 0.062035 0.041777
3 20 39.523811 0.063288 0.042505 0.063977 0.043219
4 0 40.000000 0.062892 0.042959 0.062094 0.042741
4 1 40.476189 0.061866 0.042935 0.060930 0.041747
4 2 40.952381 0.063094 0.043449 0.061664 0.042062
4 3 41.428570 0.061230 0.041647 0.062209 0.042542
4 4 41.904762 0.060431 0.041478 0.060745 0.041651
4 5 42.380951 0.060910 0.041697 0.060656 0.041486
4 6 42.857143 0.062479 0.042590 0.061454 0.041838
4 7 43.333332 0.059295 0.040688 0.060663 0.041727
4 8 43.809525 0.062044 0.042379 0.060771 0.041090
4 9 44.285713 0.059629 0.041126 0.058516 0.039835
4 10 44.761906 0.060716 0.041018 0.060332 0.040142
4 11 45.238094 0.061823 0.041851 0.060025 0.040116
4 12 45.714287 0.059723 0.040831 0.060341 0.041448
4 13 46.190475 0.059520 0.040588 0.060390 0.041413
4 14 46.666668 0.060275 0.040620 0.060403 0.040447
4 15 47.142857 0.059398 0.040603 0.058973 0.040599
4 16 47.619049 0.058092 0.039953 0.059430 0.040875
4 17 48.095238 0.059544 0.040700 0.060322 0.041513
4 18 48.571430 0.058449 0.039752 0.058741 0.040079
4 19 49.047619 0.057364 0.039740 0.058068 0.040578
4 20 49.523811 0.057872 0.039558 0.058626 0.039897
5 0 50.000000 0.057955 0.039708 0.059433 0.040555
5 1 50.476189 0.057339 0.039391 0.058071 0.039945
5 2 50.952381 0.058471 0.040226 0.056829 0.038839
5 3 51.428570 0.058489 0.040440 0.057093 0.039144
5 4 51.904762 0.059531 0.040184 0.058501 0.039334
5 5 52.380951 0.057356 0.039961 0.058191 0.040228
5 6 52.857143 0.056932 0.039057 0.057198 0.039608
5 7 53.333332 0.055993 0.038585 0.056572 0.039120
5 8 53.809525 0.056628 0.038645 0.057040 0.039183
5 9 54.285713 0.055663 0.038629 0.054996 0.038249
5 10 54.761906 0.056198 0.038848 0.056486 0.039223
5 11 55.238094 0.056858 0.039310 0.056339 0.038934
5 12 55.714287 0.056743 0.038589 0.057560 0.039411
5 13 56.190475 0.055362 0.038776 0.055671 0.038852
5 14 56.666668 0.054787 0.037920 0.055551 0.038440
5 15 57.142857 0.055981 0.038352 0.055599 0.038304
5 16 57.619049 0.055903 0.038280 0.055726 0.038301
5 17 58.095238 0.055551 0.038490 0.055771 0.038359
5 18 58.571430 0.056234 0.038637 0.056129 0.038519
5 19 59.047619 0.056253 0.038191 0.056808 0.038322
5 20 59.523811 0.055000 0.038315 0.054451 0.037649
6 0 60.000000 0.053595 0.036641 0.054549 0.037470
6 1 60.476189 0.054440 0.037751 0.054300 0.037530
6 2 60.952381 0.053789 0.037306 0.053906 0.036975
6 3 61.428570 0.054113 0.036739 0.056300 0.038368
6 4 61.904762 0.054438 0.037757 0.053966 0.037366
6 5 62.380951 0.053941 0.037394 0.053151 0.036733
6 6 62.857143 0.054358 0.037373 0.054045 0.037286
6 7 63.333332 0.054453 0.038198 0.054632 0.037868
6 8 63.809525 0.054614 0.037353 0.054143 0.037159
6 9 64.285713 0.053412 0.036903 0.052811 0.036817
6 10 64.761902 0.053669 0.037559 0.053661 0.037357
6 11 65.238098 0.052084 0.036278 0.051897 0.036127
6 12 65.714287 0.052437 0.036529 0.054023 0.037592
6 13 66.190475 0.054610 0.037527 0.054477 0.037187
6 14 66.666664 0.052981 0.036915 0.053020 0.037003
6 15 67.142860 0.052030 0.035831 0.051457 0.035468
6 16 67.619049 0.053152 0.036918 0.052585 0.036200
6 17 68.095238 0.052635 0.036571 0.053071 0.036984
6 18 68.571426 0.052500 0.036512 0.052131 0.036131
6 19 69.047623 0.052246 0.035678 0.052866 0.036146
6 20 69.523811 0.051853 0.035968 0.052001 0.035842
7 0 70.000000 0.051749 0.035896 0.052192 0.036177
7 1 70.476189 0.051692 0.035793 0.050731 0.035358
7 2 70.952377 0.052432 0.036362 0.052084 0.036112
7 3 71.428574 0.052746 0.036451 0.052282 0.035970
7 4 71.904762 0.051687 0.035959 0.051741 0.036159
7 5 72.380951 0.052409 0.036253 0.051773 0.035688
7 6 72.857140 0.051727 0.035901 0.051436 0.036144
7 7 73.333336 0.051260 0.035489 0.050710 0.035375
7 8 73.809525 0.050449 0.034925 0.050922 0.035128
7 9 74.285713 0.050676 0.035007 0.051275 0.035545
7 10 74.761902 0.050160 0.034377 0.051313 0.035204
7 11 75.238098 0.050224 0.034781 0.051866 0.035890
7 12 75.714287 0.050414 0.034717 0.050028 0.034202
7 13 76.190475 0.049431 0.034480 0.049227 0.034320
7 14 76.666664 0.051110 0.035131 0.051558 0.035706
7 15 77.142860 0.050732 0.035194 0.050249 0.034984
7 16 77.619049 0.050591 0.035158 0.049616 0.034402
7 17 78.095238 0.049836 0.034348 0.049841 0.034615
7 18 78.571426 0.049482 0.034483 0.048930 0.033971
7 19 79.047623 0.049541 0.034152 0.051458 0.035931
7 20 79.523811 0.049728 0.034436 0.050558 0.035133
8 0 80.000000 0.048694 0.034027 0.048781 0.034201
8 1 80.476189 0.048857 0.034052 0.049188 0.034096
8 2 80.952377 0.048438 0.033421 0.048155 0.033727
8 3 81.428574 0.049013 0.034260 0.049032 0.033870
8 4 81.904762 0.048135 0.033242 0.049444 0.034227
8 5 82.380951 0.049793 0.034396 0.050035 0.034543
8 6 82.857140 0.048962 0.034510 0.048323 0.033242
8 7 83.333336 0.049408 0.034207 0.049294 0.034205
8 8 83.809525 0.048193 0.033333 0.048616 0.033666
8 9 84.285713 0.048884 0.033595 0.048498 0.033566
8 10 84.761902 0.048119 0.033017 0.049114 0.033878
8 11 85.238098 0.047740 0.033409 0.047895 0.033455
8 12 85.714287 0.047753 0.032990 0.048258 0.033588
8 13 86.190475 0.048124 0.033291 0.048086 0.033142
8 14 86.666664 0.048319 0.033478 0.048116 0.033409
8 15 87.142860 0.048013 0.033128 0.048261 0.033363
8 16 87.619049 0.047446 0.033097 0.047522 0.033187
8 17 88.095238 0.048271 0.033373 0.049293 0.034010
8 18 88.571426 0.046336 0.031970 0.046960 0.032483
8 19 89.047623 0.047311 0.032756 0.048411 0.033761
8 20 89.523811 0.047332 0.032658 0.047303 0.033034
9 0 90.000000 0.047776 0.033190 0.047667 0.032847
9 1 90.476189 0.046971 0.032620 0.047058 0.032668
9 2 90.952377 0.046873 0.032523 0.046900 0.032518
9 3 91.428574 0.047453 0.032596 0.047640 0.032904
9 4 91.904762 0.047173 0.032852 0.046820 0.032647
9 5 92.380951 0.045843 0.031794 0.045393 0.031635
9 6 92.857140 0.046619 0.031951 0.046714 0.032081
9 7 93.333336 0.046451 0.032573 0.046466 0.032208
9 8 93.809525 0.046203 0.032088 0.046308 0.031949
9 9 94.285713 0.046411 0.031996 0.046226 0.032151
9 10 94.761902 0.045353 0.031429 0.046178 0.032171
9 11 95.238098 0.046550 0.032296 0.045857 0.031524
9 12 95.714287 0.045765 0.031263 0.046117 0.031707
9 13 96.190475 0.045859 0.031809 0.046529 0.032737
9 14 96.666664 0.046047 0.031919 0.045860 0.031634
9 15 97.142860 0.045020 0.030657 0.045455 0.031399
9 16 97.619049 0.046234 0.032082 0.046424 0.032226
9 17 98.095238 0.046097 0.031626 0.045639 0.031505
9 18 98.571426 0.045543 0.031335 0.045210 0.030984
9 19 99.047623 0.046537 0.032425 0.045883 0.031836
9 20 99.523811 0.044600 0.030865 0.045472 0.031980
