0 0 0.000000 0.228465 0.134339 0.231743 0.136423
0 1 0.476190 0.204685 0.133383 0.205150 0.133572
0 2 0.952381 0.205376 0.133915 0.203330 0.132789
0 3 1.428571 0.203381 0.132871 0.202635 0.131981
0 4 1.904762 0.206096 0.135370 0.203115 0.133148
0 5 2.380952 0.202700 0.131755 0.204221 0.132879
0 6 2.857143 0.203592 0.133860 0.203718 0.133269
0 7 3.333333 0.202802 0.132812 0.205730 0.134294
0 8 3.809524 0.209333 0.136104 0.203532 0.132399
0 9 4.285714 0.204234 0.133454 0.205089 0.134010
0 10 4.761905 0.202997 0.132908 0.205268 0.134273
0 11 5.238095 0.203080 0.132504 0.202150 0.132265
0 12 5.714286 0.202723 0.132538 0.204919 0.133625
0 13 6.190476 0.203969 0.133515 0.204831 0.133615
0 14 6.666667 0.203685 0.132989 0.203165 0.132949
0 15 7.142857 0.207141 0.134819 0.205696 0.134007
0 16 7.619048 0.204192 0.133376 0.203878 0.132831
0 17 8.095238 0.202860 0.132919 0.201347 0.131552
0 18 8.571428 0.203954 0.132834 0.207603 0.135359
0 19 9.047619 0.204133 0.133223 0.201353 0.131820
0 20 9.523809 0.201062 0.131677 0.201791 0.131984
1 0 10.000000 0.205227 0.133965 0.203111 0.132443
1 1 10.476191 0.204000 0.133536 0.201354 0.131778
1 2 10.952381 0.206267 0.134549 0.206956 0.134762
1 3 11.428572 0.205431 0.133900 0.203950 0.133055
1 4 11.904762 0.205571 0.133654 0.202462 0.132052
1 5 12.380953 0.203932 0.133158 0.201945 0.131805
1 6 12.857142 0.202958 0.133152 0.203181 0.132873
1 7 13.333333 0.202613 0.132306 0.203397 0.132682
1 8 13.809524 0.204221 0.134600 0.203117 0.132317
1 9 14.285714 0.205711 0.134740 0.204651 0.133901
1 10 14.761905 0.203325 0.132533 0.204869 0.133589
1 11 15.238095 0.206005 0.134096 0.206046 0.134343
1 12 15.714286 0.205082 0.133895 0.205265 0.133663
1 13 16.190475 0.203817 0.133309 0.203147 0.132317
1 14 16.666666 0.205964 0.134395 0.205050 0.133238
1 15 17.142857 0.203453 0.133190 0.205950 0.134383
1 16 17.619047 0.203978 0.132904 0.201324 0.131466
1 17 18.095238 0.202958 0.132818 0.204650 0.133879
1 18 18.571428 0.205146 0.134315 0.204911 0.134459
1 19 19.047619 0.203317 0.132678 0.202222 0.132599
1 20 19.523809 0.203486 0.133059 0.204759 0.133445
2 0 20.000000 0.205587 0.134368 0.203237 0.132460
2 1 20.476191 0.203245 0.133106 0.204070 0.133470
2 2 20.952381 0.204285 0.133230 0.202822 0.132842
2 3 21.428572 0.202907 0.132078 0.206048 0.134130
2 4 21.904762 0.204578 0.133614 0.201861 0.131710
2 5 22.380953 0.203834 0.133263 0.204587 0.134202
2 6 22.857143 0.202398 0.131891 0.203576 0.133060
2 7 23.333334 0.203722 0.133067 0.203666 0.133081
2 8 23.809525 0.206320 0.134715 0.203345 0.132617
2 9 24.285715 0.202809 0.133367 0.202051 0.131942
2 10 24.761906 0.205360 0.134056 0.205740 0.133814
2 11 25.238094 0.204424 0.133380 0.206170 0.134630
2 12 25.714285 0.206245 0.135397 0.202429 0.131674
2 13 26.190475 0.205164 0.134280 0.202618 0.132540
2 14 26.666666 0.205038 0.133573 0.203706 0.133327
2 15 27.142857 0.204783 0.133504 0.203777 0.132876
2 16 27.619047 0.206885 0.135159 0.201621 0.131214
2 17 28.095238 0.202891 0.132564 0.201347 0.131462
2 18 28.571428 0.207329 0.135089 0.205389 0.133898
2 19 29.047619 0.202767 0.132403 0.205339 0.134036
2 20 29.523809 0.205144 0.133533 0.204560 0.133174
3 0 30.000000 0.201518 0.131377 0.202140 0.132441
3 1 30.476191 0.203171 0.132687 0.206297 0.134482
3 2 30.952381 0.205558 0.133921 0.205157 0.134223
3 3 31.428572 0.204496 0.133747 0.203796 0.133184
3 4 31.904762 0.205002 0.134063 0.203174 0.132924
3 5 32.380951 0.203014 0.132073 0.206471 0.134466
3 6 32.857143 0.204282 0.133002 0.204301 0.133170
3 7 33.333332 0.205881 0.134008 0.205615 0.134499
3 8 33.809525 0.205326 0.133889 0.204273 0.133440
3 9 34.285713 0.202388 0.131774 0.201510 0.131270
3 10 34.761906 0.207915 0.135285 0.203575 0.132751
3 11 35.238094 0.203053 0.132279 0.205686 0.134658
3 12 35.714287 0.203960 0.133418 0.204743 0.134166
3 13 36.190475 0.201717 0.131652 0.204929 0.133795
3 14 36.666668 0.203745 0.132563 0.207040 0.134612
3 15 37.142857 0.205424 0.133889 0.201520 0.131671
3 16 37.619049 0.201908 0.131915 0.205798 0.134138
3 17 38.095238 0.204544 0.134291 0.201979 0.131710
3 18 38.571430 0.201981 0.131998 0.202887 0.132432
3 19 39.047619 0.206185 0.133984 0.206833 0.135103
3 20 39.523811 0.201615 0.131612 0.203909 0.133364
4 0 40.000000 0.204076 0.133200 0.206247 0.134484
4 1 40.476189 0.202399 0.132277 0.203311 0.132990
4 2 40.952381 0.205233 0.134418 0.203111 0.132571
4 3 41.428570 0.205016 0.134021 0.203893 0.132789
4 4 41.904762 0.204975 0.133735 0.202076 0.131887
4 5 42.380951 0.207078 0.134765 0.208844 0.136084
4 6 42.857143 0.203916 0.133079 0.202492 0.132726
4 7 43.333332 0.203886 0.132861 0.203713 0.133046
4 8 43.809525 0.201850 0.132296 0.203667 0.132955
4 9 44.285713 0.202352 0.131954 0.204031 0.132970
4 10 44.761906 0.205758 0.134551 0.202868 0.132218
4 11 45.238094 0.205845 0.133911 0.207229 0.135210
4 12 45.714287 0.203997 0.133704 0.204318 0.133692
4 13 46.190475 0.205310 0.134060 0.204986 0.134290
4 14 46.666668 0.202446 0.132434 0.204535 0.133813
4 15 47.142857 0.204446 0.132979 0.203414 0.132576
4 16 47.619049 0.203258 0.132942 0.204097 0.133135
4 17 48.095238 0.207231 0.135035 0.204993 0.133409
4 18 48.571430 0.206571 0.135228 0.206508 0.134530
4 19 49.047619 0.203338 0.132796 0.204792 0.134038
4 20 49.523811 0.204459 0.133358 0.205469 0.134456
5 0 50.000000 0.205992 0.134546 0.203719 0.133243
5 1 50.476189 0.202178 0.131983 0.201891 0.132548
5 2 50.952381 0.205288 0.134297 0.202485 0.132421
5 3 51.428570 0.204202 0.133293 0.204438 0.133462
5 4 51.904762 0.203996 0.133275 0.202398 0.131610
5 5 52.380951 0.204289 0.133151 0.204962 0.133403
5 6 52.857143 0.202648 0.132637 0.203522 0.133256
5 7 53.333332 0.205044 0.133835 0.205808 0.134346
5 8 53.809525 0.203989 0.133045 0.202993 0.132384
5 9 54.285713 0.205197 0.133788 0.201382 0.131744
5 10 54.761906 0.205370 0.133733 0.204990 0.133976
5 11 55.238094 0.202865 0.132207 0.205773 0.134209
5 12 55.714287 0.203432 0.132438 0.204962 0.134110
5 13 56.190475 0.204156 0.133124 0.206705 0.134782
5 14 56.666668 0.204898 0.134257 0.204724 0.133774
5 15 57.142857 0.206792 0.135098 0.204906 0.134227
5 16 57.619049 0.204374 0.133583 0.202961 0.132682
5 17 58.095238 0.203217 0.132549 0.204550 0.134048
5 18 58.571430 0.203490 0.132874 0.202761 0.132321
5 19 59.047619 0.202928 0.132527 0.205686 0.134413
5 20 59.523811 0.204210 0.133584 0.205573 0.134376
6 0 60.000000 0.204550 0.133715 0.201495 0.132162
6 1 60.476189 0.204549 0.133472 0.202620 0.132143
6 2 60.952381 0.204697 0.133567 0.202988 0.132296
6 3 61.428570 0.201314 0.131754 0.204369 0.133377
6 4 61.904762 0.203678 0.132851 0.206192 0.134192
6 5 62.380951 0.203734 0.133563 0.204419 0.133563
6 6 62.857143 0.201602 0.131505 0.205738 0.134456
6 7 63.333332 0.204283 0.132612 0.205216 0.133494
6 8 63.809525 0.205576 0.134569 0.201976 0.132008
6 9 64.285713 0.204009 0.133015 0.201217 0.131741
6 10 64.761902 0.202764 0.132708 0.204597 0.133330
6 11 65.238098 0.205987 0.134036 0.204611 0.133569
6 12 65.714287 0.204052 0.133149 0.203558 0.133201
6 13 66.190475 0.205759 0.134891 0.205682 0.134987
6 14 66.666664 0.201753 0.131916 0.204795 0.133653
6 15 67.142860 0.201868 0.131385 0.205371 0.133600
6 16 67.619049 0.202510 0.131810 0.204125 0.132980
6 17 68.095238 0.205977 0.134629 0.206085 0.134572
6 18 68.571426 0.202482 0.131750 0.200894 0.131654
6 19 69.047623 0.203375 0.132974 0.202459 0.132652
6 20 69.523811 0.203847 0.133548 0.204164 0.133503
7 0 70.000000 0.203353 0.132880 0.203497 0.132843
7 1 70.476189 0.205777 0.134273 0.205107 0.133864
7 2 70.952377 0.203988 0.132854 0.203587 0.132586
7 3 71.428574 0.205805 0.134510 0.205147 0.134187
7 4 71.904762 0.205533 0.133529 0.204384 0.133259
7 5 72.380951 0.204116 0.133130 0.206043 0.134546
7 6 72.857140 0.206015 0.134263 0.203435 0.132723
7 7 73.333336 0.204370 0.133276 0.200977 0.131534
7 8 73.809525 0.203884 0.133317 0.202979 0.132726
7 9 74.285713 0.204433 0.133505 0.206103 0.134334
7 10 74.761902 0.207593 0.134706 0.204747 0.133817
7 11 75.238098 0.203521 0.132742 0.202144 0.132034
7 12 75.714287 0.203504 0.132779 0.205329 0.133745
7 13 76.190475 0.203501 0.132694 0.204320 0.132867
7 14 76.666664 0.203972 0.133139 0.203633 0.133264
7 15 77.142860 0.202950 0.132799 0.203186 0.133176
7 16 77.619049 0.205309 0.133731 0.201619 0.132460
7 17 78.095238 0.206252 0.134280 0.205498 0.133555
7 18 78.571426 0.203355 0.132437 0.203771 0.133126
7 19 79.047623 0.200151 0.130390 0.203214 0.132605
7 20 79.523811 0.204106 0.133184 0.208584 0.136501
8 0 80.000000 0.202843 0.132696 0.204437 0.133792
8 1 80.476189 0.207014 0.135233 0.205362 0.134611
8 2 80.952377 0.203146 0.132653 0.206033 0.134736
8 3 81.428574 0.203515 0.133223 0.204172 0.133626
8 4 81.904762 0.201964 0.131730 0.201155 0.131442
8 5 82.380951 0.202624 0.132249 0.206403 0.135180
8 6 82.857140 0.205658 0.133859 0.203104 0.132809
8 7 83.333336 0.202525 0.132621 0.203362 0.133334
8 8 83.809525 0.203990 0.133228 0.201709 0.131657
8 9 84.285713 0.203197 0.132796 0.203255 0.132971
8 10 84.761902 0.206061 0.134521 0.203956 0.133720
8 11 85.238098 0.205559 0.133438 0.203648 0.132808
8 12 85.714287 0.204831 0.133754 0.203171 0.132381
8 13 86.190475 0.206414 0.135011 0.207975 0.136209
8 14 86.666664 0.204204 0.132517 0.202881 0.131929
8 15 87.142860 0.202521 0.132822 0.203151 0.132199
8 16 87.619049 0.200899 0.131486 0.203729 0.132671
8 17 88.095238 0.203747 0.132908 0.205533 0.133629
8 18 88.571426 0.204801 0.133952 0.205008 0.133673
8 19 89.047623 0.202785 0.133145 0.201160 0.131365
8 20 89.523811 0.204923 0.133776 0.202190 0.132220
9 0 90.000000 0.204444 0.133102 0.205084 0.133727
9 1 90.476189 0.203452 0.132771 0.205220 0.134158
9 2 90.952377 0.206061 0.134545 0.201109 0.131455
9 3 91.428574 0.205140 0.133616 0.204589 0.133111
9 4 91.904762 0.204960 0.134062 0.204410 0.133956
9 5 92.380951 0.204875 0.133796 0.201130 0.131547
9 6 92.857140 0.202584 0.132325 0.207324 0.135320
9 7 93.333336 0.201203 0.132041 0.206145 0.134598
9 8 93.809525 0.204400 0.133071 0.204283 0.133058
9 9 94.285713 0.204559 0.132702 0.201909 0.131296
9 10 94.761902 0.205815 0.134112 0.205842 0.134898
9 11 95.238098 0.202768 0.132809 0.206803 0.134948
9 12 95.714287 0.204404 0.133351 0.204696 0.133316
9 13 96.190475 0.205150 0.134162 0.203155 0.133029
9 14 96.666664 0.203106 0.132474 0.203344 0.133044
9 15 97.142860 0.202939 0.132196 0.203793 0.133186
9 16 97.619049 0.204082 0.133206 0.205514 0.134355
9 17 98.095238 0.202001 0.131894 0.203289 0.132967
9 18 98.571426 0.203834 0.132861 0.205199 0.134081
9 19 99.047623 0.206440 0.134312 0.202690 0.132009
9 20 99.523811 0.203400 0.132856 0.203502 0.133371
