initializing
training size    : 95450
testing size     : 1000
epoch count      : 10
sub epoch size   : 5

epoch_learning_rate_decay   : 8
learning_rate_decay         : 0.250000

training



epoch [0 0] from [10 5]
training time per iterations 13.509429[ms]
testing on 1000 items
testing done
average error 0.006703
min error     0.000000
max error     0.987060
saving best net
best net saved to experiments/sim_50/discretisation_64x64x16/window_size_8/gaussian/net_1/trained/, with error 0.006703



epoch [0 1] from [10 5]
training time per iterations 13.486957[ms]
testing on 1000 items
testing done
average error 0.001960
min error     0.000000
max error     0.966776
saving best net
best net saved to experiments/sim_50/discretisation_64x64x16/window_size_8/gaussian/net_1/trained/, with error 0.001960



epoch [0 2] from [10 5]
training time per iterations 13.473284[ms]
testing on 1000 items
testing done
average error 0.001567
min error     0.000000
max error     0.932036
saving best net
best net saved to experiments/sim_50/discretisation_64x64x16/window_size_8/gaussian/net_1/trained/, with error 0.001567



epoch [0 3] from [10 5]
training time per iterations 13.491881[ms]
testing on 1000 items
testing done
average error 0.001346
min error     0.000000
max error     0.935028
saving best net
best net saved to experiments/sim_50/discretisation_64x64x16/window_size_8/gaussian/net_1/trained/, with error 0.001346



epoch [0 4] from [10 5]
training time per iterations 13.498900[ms]
testing on 1000 items
testing done
average error 0.001319
min error     0.000000
max error     0.963981
saving best net
best net saved to experiments/sim_50/discretisation_64x64x16/window_size_8/gaussian/net_1/trained/, with error 0.001319



epoch [1 0] from [10 5]
training time per iterations 13.473913[ms]
testing on 1000 items
testing done
average error 0.001221
min error     0.000000
max error     0.960769
saving best net
best net saved to experiments/sim_50/discretisation_64x64x16/window_size_8/gaussian/net_1/trained/, with error 0.001221



epoch [1 1] from [10 5]
training time per iterations 13.486328[ms]
testing on 1000 items
testing done
average error 0.001196
min error     0.000000
max error     0.960127
saving best net
best net saved to experiments/sim_50/discretisation_64x64x16/window_size_8/gaussian/net_1/trained/, with error 0.001196



epoch [1 2] from [10 5]
training time per iterations 13.504819[ms]
testing on 1000 items
testing done
average error 0.001170
min error     0.000000
max error     0.971461
saving best net
best net saved to experiments/sim_50/discretisation_64x64x16/window_size_8/gaussian/net_1/trained/, with error 0.001170



epoch [1 3] from [10 5]
training time per iterations 13.488423[ms]
testing on 1000 items
testing done
average error 0.001157
min error     0.000000
max error     0.973330
saving best net
best net saved to experiments/sim_50/discretisation_64x64x16/window_size_8/gaussian/net_1/trained/, with error 0.001157



epoch [1 4] from [10 5]
training time per iterations 13.482347[ms]
testing on 1000 items
testing done
average error 0.001143
min error     0.000000
max error     0.954605
saving best net
best net saved to experiments/sim_50/discretisation_64x64x16/window_size_8/gaussian/net_1/trained/, with error 0.001143



epoch [2 0] from [10 5]
training time per iterations 13.523625[ms]
testing on 1000 items
testing done
average error 0.001121
min error     0.000000
max error     0.965193
saving best net
best net saved to experiments/sim_50/discretisation_64x64x16/window_size_8/gaussian/net_1/trained/, with error 0.001121



epoch [2 1] from [10 5]
training time per iterations 13.507124[ms]
testing on 1000 items
testing done
average error 0.001121
min error     0.000000
max error     0.962938
saving best net
best net saved to experiments/sim_50/discretisation_64x64x16/window_size_8/gaussian/net_1/trained/, with error 0.001121



epoch [2 2] from [10 5]
training time per iterations 13.518544[ms]
testing on 1000 items
testing done
average error 0.001107
min error     0.000000
max error     0.942807
saving best net
best net saved to experiments/sim_50/discretisation_64x64x16/window_size_8/gaussian/net_1/trained/, with error 0.001107



epoch [2 3] from [10 5]
training time per iterations 13.493924[ms]
testing on 1000 items
testing done
average error 0.001105
min error     0.000000
max error     0.924458
saving best net
best net saved to experiments/sim_50/discretisation_64x64x16/window_size_8/gaussian/net_1/trained/, with error 0.001105



epoch [2 4] from [10 5]
training time per iterations 13.505238[ms]
testing on 1000 items
testing done
average error 0.001073
min error     0.000000
max error     0.929881
saving best net
best net saved to experiments/sim_50/discretisation_64x64x16/window_size_8/gaussian/net_1/trained/, with error 0.001073



epoch [3 0] from [10 5]
training time per iterations 13.492300[ms]
testing on 1000 items
testing done
average error 0.001053
min error     0.000000
max error     0.920898
saving best net
best net saved to experiments/sim_50/discretisation_64x64x16/window_size_8/gaussian/net_1/trained/, with error 0.001053



epoch [3 1] from [10 5]
training time per iterations 13.485071[ms]
testing on 1000 items
testing done
average error 0.001077
min error     0.000000
max error     0.936858



epoch [3 2] from [10 5]
training time per iterations 13.499895[ms]
testing on 1000 items
testing done
average error 0.001073
min error     0.000000
max error     0.930310



epoch [3 3] from [10 5]
training time per iterations 13.508277[ms]
testing on 1000 items
testing done
average error 0.001039
min error     0.000000
max error     0.920151
saving best net
best net saved to experiments/sim_50/discretisation_64x64x16/window_size_8/gaussian/net_1/trained/, with error 0.001039



epoch [3 4] from [10 5]
training time per iterations 13.503510[ms]
testing on 1000 items
testing done
average error 0.001036
min error     0.000000
max error     0.921222
saving best net
best net saved to experiments/sim_50/discretisation_64x64x16/window_size_8/gaussian/net_1/trained/, with error 0.001036



epoch [4 0] from [10 5]
training time per iterations 13.522525[ms]
testing on 1000 items
testing done
average error 0.001038
min error     0.000000
max error     0.926658



epoch [4 1] from [10 5]
training time per iterations 13.496281[ms]
testing on 1000 items
testing done
average error 0.001038
min error     0.000000
max error     0.925383



epoch [4 2] from [10 5]
training time per iterations 13.505029[ms]
testing on 1000 items
testing done
average error 0.001015
min error     0.000000
max error     0.927760
saving best net
best net saved to experiments/sim_50/discretisation_64x64x16/window_size_8/gaussian/net_1/trained/, with error 0.001015



epoch [4 3] from [10 5]
training time per iterations 13.517077[ms]
testing on 1000 items
testing done
average error 0.001005
min error     0.000000
max error     0.940791
saving best net
best net saved to experiments/sim_50/discretisation_64x64x16/window_size_8/gaussian/net_1/trained/, with error 0.001005



epoch [4 4] from [10 5]
training time per iterations 13.498743[ms]
testing on 1000 items
testing done
average error 0.000995
min error     0.000000
max error     0.900083
saving best net
best net saved to experiments/sim_50/discretisation_64x64x16/window_size_8/gaussian/net_1/trained/, with error 0.000995



epoch [5 0] from [10 5]
training time per iterations 13.519382[ms]
testing on 1000 items
testing done
average error 0.001031
min error     0.000000
max error     0.905008



epoch [5 1] from [10 5]
training time per iterations 13.481404[ms]
testing on 1000 items
testing done
average error 0.000980
min error     0.000000
max error     0.913019
saving best net
best net saved to experiments/sim_50/discretisation_64x64x16/window_size_8/gaussian/net_1/trained/, with error 0.000980



epoch [5 2] from [10 5]
training time per iterations 13.493924[ms]
testing on 1000 items
testing done
average error 0.000968
min error     0.000000
max error     0.931373
saving best net
best net saved to experiments/sim_50/discretisation_64x64x16/window_size_8/gaussian/net_1/trained/, with error 0.000968



epoch [5 3] from [10 5]
training time per iterations 13.508119[ms]
testing on 1000 items
testing done
average error 0.000961
min error     0.000000
max error     0.924604
saving best net
best net saved to experiments/sim_50/discretisation_64x64x16/window_size_8/gaussian/net_1/trained/, with error 0.000961



epoch [5 4] from [10 5]
training time per iterations 13.498219[ms]
testing on 1000 items
testing done
average error 0.000962
min error     0.000000
max error     0.941728



epoch [6 0] from [10 5]
training time per iterations 13.511262[ms]
testing on 1000 items
testing done
average error 0.000961
min error     0.000000
max error     0.937583



epoch [6 1] from [10 5]
training time per iterations 13.485699[ms]
testing on 1000 items
testing done
average error 0.000959
min error     0.000000
max error     0.902224
saving best net
best net saved to experiments/sim_50/discretisation_64x64x16/window_size_8/gaussian/net_1/trained/, with error 0.000959



epoch [6 2] from [10 5]
training time per iterations 13.502567[ms]
testing on 1000 items
testing done
average error 0.000931
min error     0.000000
max error     0.890884
saving best net
best net saved to experiments/sim_50/discretisation_64x64x16/window_size_8/gaussian/net_1/trained/, with error 0.000931



epoch [6 3] from [10 5]
training time per iterations 13.505762[ms]
testing on 1000 items
testing done
average error 0.000948
min error     0.000000
max error     0.890368



epoch [6 4] from [10 5]
training time per iterations 13.501729[ms]
testing on 1000 items
testing done
average error 0.000919
min error     0.000000
max error     0.895540
saving best net
best net saved to experiments/sim_50/discretisation_64x64x16/window_size_8/gaussian/net_1/trained/, with error 0.000919



epoch [7 0] from [10 5]
training time per iterations 13.492719[ms]
testing on 1000 items
testing done
average error 0.000956
min error     0.000000
max error     0.868248



epoch [7 1] from [10 5]
training time per iterations 13.476742[ms]
testing on 1000 items
testing done
average error 0.000913
min error     0.000000
max error     0.925395
saving best net
best net saved to experiments/sim_50/discretisation_64x64x16/window_size_8/gaussian/net_1/trained/, with error 0.000913



epoch [7 2] from [10 5]
training time per iterations 13.491514[ms]
testing on 1000 items
testing done
average error 0.000914
min error     0.000000
max error     0.945271



epoch [7 3] from [10 5]
training time per iterations 13.487742[ms]
testing on 1000 items
testing done
average error 0.000894
min error     0.000000
max error     0.889267
saving best net
best net saved to experiments/sim_50/discretisation_64x64x16/window_size_8/gaussian/net_1/trained/, with error 0.000894



epoch [7 4] from [10 5]
training time per iterations 13.482923[ms]
testing on 1000 items
testing done
average error 0.000895
min error     0.000000
max error     0.921766
setting learning rate to 0.000050



epoch [8 0] from [10 5]
training time per iterations 13.497748[ms]
testing on 1000 items
testing done
average error 0.000868
min error     0.000000
max error     0.914601
saving best net
best net saved to experiments/sim_50/discretisation_64x64x16/window_size_8/gaussian/net_1/trained/, with error 0.000868



epoch [8 1] from [10 5]
training time per iterations 13.482242[ms]
testing on 1000 items
testing done
average error 0.000871
min error     0.000000
max error     0.906093



epoch [8 2] from [10 5]
training time per iterations 13.519696[ms]
testing on 1000 items
testing done
average error 0.000866
min error     0.000000
max error     0.896089
saving best net
best net saved to experiments/sim_50/discretisation_64x64x16/window_size_8/gaussian/net_1/trained/, with error 0.000866



epoch [8 3] from [10 5]
training time per iterations 13.503091[ms]
testing on 1000 items
testing done
average error 0.000896
min error     0.000000
max error     0.908860



epoch [8 4] from [10 5]
training time per iterations 13.512467[ms]
testing on 1000 items
testing done
average error 0.000873
min error     0.000000
max error     0.906091



epoch [9 0] from [10 5]
training time per iterations 13.485071[ms]
testing on 1000 items
testing done
average error 0.000874
min error     0.000000
max error     0.917231



epoch [9 1] from [10 5]
training time per iterations 13.482032[ms]
testing on 1000 items
testing done
average error 0.000863
min error     0.000000
max error     0.915226
saving best net
best net saved to experiments/sim_50/discretisation_64x64x16/window_size_8/gaussian/net_1/trained/, with error 0.000863



epoch [9 2] from [10 5]
training time per iterations 13.503091[ms]
testing on 1000 items
testing done
average error 0.000869
min error     0.000000
max error     0.908654



epoch [9 3] from [10 5]
training time per iterations 13.525354[ms]
testing on 1000 items
testing done
average error 0.000862
min error     0.000000
max error     0.913315
saving best net
best net saved to experiments/sim_50/discretisation_64x64x16/window_size_8/gaussian/net_1/trained/, with error 0.000862



epoch [9 4] from [10 5]
training time per iterations 13.487428[ms]
testing on 1000 items
testing done
average error 0.000871
min error     0.000000
max error     0.903099
training done
