0.000000 0 0 0.006703 0.000000 0.987060 0.006693 0.000000 0.985418
0.200000 0 1 0.001960 0.000000 0.966776 0.003024 0.000000 0.988434
0.400000 0 2 0.001567 0.000000 0.932036 0.001698 0.000000 0.927715
0.600000 0 3 0.001346 0.000000 0.935028 0.001949 0.000000 0.931409
0.800000 0 4 0.001319 0.000000 0.963981 0.002071 0.000000 0.962843
1.000000 1 0 0.001221 0.000000 0.960769 0.001907 0.000000 0.974409
1.200000 1 1 0.001196 0.000000 0.960127 0.001560 0.000000 0.959070
1.400000 1 2 0.001170 0.000000 0.971461 0.001517 0.000000 0.931794
1.600000 1 3 0.001157 0.000000 0.973330 0.001737 0.000000 0.931827
1.800000 1 4 0.001143 0.000000 0.954605 0.001884 0.000000 0.955694
2.000000 2 0 0.001121 0.000000 0.965193 0.001165 0.000000 0.970650
2.200000 2 1 0.001121 0.000000 0.962938 0.000727 0.000000 0.025177
2.400000 2 2 0.001107 0.000000 0.942807 0.001403 0.000000 0.957016
2.600000 2 3 0.001105 0.000000 0.924458 0.001794 0.000000 0.933752
2.800000 2 4 0.001073 0.000000 0.929881 0.001150 0.000000 0.940280
3.000000 3 0 0.001053 0.000000 0.920898 0.002067 0.000000 0.938674
3.200000 3 1 0.001077 0.000000 0.936858 0.001114 0.000000 0.959019
3.400000 3 2 0.001073 0.000000 0.930310 0.001433 0.000000 0.930310
3.600000 3 3 0.001039 0.000000 0.920151 0.001956 0.000000 0.976691
3.800000 3 4 0.001036 0.000000 0.921222 0.001074 0.000000 0.933117
4.000000 4 0 0.001038 0.000000 0.926658 0.002296 0.000000 0.927672
4.200000 4 1 0.001038 0.000000 0.925383 0.001288 0.000000 0.939320
4.400000 4 2 0.001015 0.000000 0.927760 0.000737 0.000000 0.067525
4.600000 4 3 0.001005 0.000000 0.940791 0.001696 0.000000 0.956931
4.800000 4 4 0.000995 0.000000 0.900083 0.001660 0.000000 0.915008
5.000000 5 0 0.001031 0.000000 0.905008 0.001360 0.000000 0.963176
5.200000 5 1 0.000980 0.000000 0.913019 0.001364 0.000000 0.903781
5.400000 5 2 0.000968 0.000000 0.931373 0.000715 0.000000 0.076983
5.600000 5 3 0.000961 0.000000 0.924604 0.002775 0.000000 0.936687
5.800000 5 4 0.000962 0.000000 0.941728 0.000990 0.000000 0.920687
6.000000 6 0 0.000961 0.000000 0.937583 0.001301 0.000000 0.917110
6.200000 6 1 0.000959 0.000000 0.902224 0.001934 0.000000 0.917208
6.400000 6 2 0.000931 0.000000 0.890884 0.001274 0.000000 0.912126
6.600000 6 3 0.000948 0.000000 0.890368 0.001237 0.000000 0.919752
6.800000 6 4 0.000919 0.000000 0.895540 0.001878 0.000000 0.944560
7.000000 7 0 0.000956 0.000000 0.868248 0.001262 0.000000 0.915199
7.200000 7 1 0.000913 0.000000 0.925395 0.001287 0.000000 0.962764
7.400000 7 2 0.000914 0.000000 0.945271 0.001172 0.000000 0.952888
7.600000 7 3 0.000894 0.000000 0.889267 0.002104 0.000000 0.931398
7.800000 7 4 0.000895 0.000000 0.921766 0.001208 0.000000 0.938565
8.000000 8 0 0.000868 0.000000 0.914601 0.001199 0.000000 0.933776
8.200000 8 1 0.000871 0.000000 0.906093 0.001205 0.000000 0.907769
8.400000 8 2 0.000866 0.000000 0.896089 0.001127 0.000000 0.897898
8.600000 8 3 0.000896 0.000000 0.908860 0.002012 0.000000 0.920135
8.800000 8 4 0.000873 0.000000 0.906091 0.001455 0.000000 0.924895
9.000000 9 0 0.000874 0.000000 0.917231 0.001472 0.000000 0.884640
9.200000 9 1 0.000863 0.000000 0.915226 0.002442 0.000000 0.954877
9.400000 9 2 0.000869 0.000000 0.908654 0.001539 0.000000 0.917724
9.600000 9 3 0.000862 0.000000 0.913315 0.001446 0.000000 0.888519
9.800000 9 4 0.000871 0.000000 0.903099 0.001424 0.000000 0.891661
