0 0 0.000000 0.206842 0.134727 0.204394 0.133200
0 1 0.476190 0.201967 0.131909 0.201156 0.131217
0 2 0.952381 0.205423 0.133766 0.204463 0.132364
0 3 1.428571 0.201602 0.131725 0.201947 0.131618
0 4 1.904762 0.201186 0.131634 0.200269 0.130974
0 5 2.380952 0.201765 0.131853 0.199655 0.130710
0 6 2.857143 0.199609 0.130542 0.195987 0.128262
0 7 3.333333 0.194402 0.127702 0.193692 0.127412
0 8 3.809524 0.193994 0.127286 0.194105 0.127235
0 9 4.285714 0.193798 0.127557 0.193716 0.127619
0 10 4.761905 0.196043 0.128028 0.196345 0.127825
0 11 5.238095 0.192932 0.126510 0.192078 0.126015
0 12 5.714286 0.194345 0.126961 0.191203 0.124722
0 13 6.190476 0.191993 0.126198 0.192891 0.127046
0 14 6.666667 0.190776 0.125339 0.193708 0.127006
0 15 7.142857 0.188885 0.123983 0.187282 0.123397
0 16 7.619048 0.191370 0.125185 0.189021 0.123763
0 17 8.095238 0.187091 0.123249 0.186595 0.123051
0 18 8.571428 0.187170 0.123726 0.187490 0.123818
0 19 9.047619 0.185954 0.122237 0.186057 0.122281
0 20 9.523809 0.186688 0.122427 0.186544 0.122579
1 0 10.000000 0.188385 0.122301 0.187860 0.122098
1 1 10.476191 0.189371 0.123342 0.185541 0.121710
1 2 10.952381 0.184644 0.120808 0.184951 0.121166
1 3 11.428572 0.184234 0.121282 0.182592 0.120132
1 4 11.904762 0.184423 0.121363 0.182191 0.119692
1 5 12.380953 0.184806 0.120905 0.184431 0.120465
1 6 12.857142 0.179547 0.117979 0.183234 0.119972
1 7 13.333333 0.177097 0.116810 0.179769 0.117665
1 8 13.809524 0.182148 0.119053 0.182019 0.118821
1 9 14.285714 0.177627 0.117199 0.177994 0.117367
1 10 14.761905 0.180152 0.118669 0.179244 0.117693
1 11 15.238095 0.177168 0.116825 0.178831 0.117986
1 12 15.714286 0.176380 0.115998 0.177447 0.116498
1 13 16.190475 0.178590 0.116827 0.178067 0.116367
1 14 16.666666 0.175795 0.115601 0.175601 0.116086
1 15 17.142857 0.176385 0.116488 0.174319 0.114847
1 16 17.619047 0.177342 0.114796 0.175910 0.113897
1 17 18.095238 0.174502 0.114888 0.175820 0.115620
1 18 18.571428 0.174379 0.115188 0.173630 0.114377
1 19 19.047619 0.173137 0.114110 0.174332 0.114865
1 20 19.523809 0.175909 0.115066 0.172070 0.112926
2 0 20.000000 0.171113 0.112438 0.170858 0.112568
2 1 20.476191 0.174723 0.114225 0.172656 0.112765
2 2 20.952381 0.169127 0.111413 0.169832 0.111467
2 3 21.428572 0.171238 0.112569 0.171051 0.112215
2 4 21.904762 0.170597 0.112674 0.172155 0.113079
2 5 22.380953 0.166759 0.110578 0.168551 0.111120
2 6 22.857143 0.170277 0.112176 0.166480 0.109772
2 7 23.333334 0.168660 0.111156 0.167080 0.110005
2 8 23.809525 0.166970 0.110181 0.164124 0.108367
2 9 24.285715 0.165863 0.109939 0.168384 0.111165
2 10 24.761906 0.167683 0.110202 0.166820 0.109235
2 11 25.238094 0.164922 0.108355 0.162634 0.106990
2 12 25.714285 0.165565 0.108970 0.165058 0.108646
2 13 26.190475 0.164249 0.108392 0.164020 0.107781
2 14 26.666666 0.162167 0.107065 0.162884 0.107655
2 15 27.142857 0.159845 0.105816 0.161894 0.107008
2 16 27.619047 0.159760 0.106003 0.160258 0.106197
2 17 28.095238 0.159888 0.105862 0.160215 0.106047
2 18 28.571428 0.160529 0.106158 0.161001 0.106272
2 19 29.047619 0.161703 0.105955 0.161814 0.106001
2 20 29.523809 0.157770 0.104408 0.160012 0.106206
3 0 30.000000 0.155322 0.103460 0.157100 0.104171
3 1 30.476191 0.158609 0.104924 0.157691 0.104366
3 2 30.952381 0.155712 0.103794 0.156051 0.103412
3 3 31.428572 0.156267 0.103191 0.155148 0.102189
3 4 31.904762 0.153965 0.102630 0.154557 0.102873
3 5 32.380951 0.153603 0.101286 0.156043 0.103521
3 6 32.857143 0.152980 0.100597 0.155691 0.101699
3 7 33.333332 0.149165 0.099689 0.151191 0.100456
3 8 33.809525 0.154853 0.102119 0.153545 0.101491
3 9 34.285713 0.149145 0.098685 0.151707 0.100272
3 10 34.761906 0.151287 0.099877 0.149859 0.099110
3 11 35.238094 0.150094 0.099597 0.152188 0.100734
3 12 35.714287 0.147399 0.097821 0.150293 0.099785
3 13 36.190475 0.147943 0.097860 0.148097 0.098626
3 14 36.666668 0.148999 0.099371 0.149777 0.099599
3 15 37.142857 0.148282 0.097799 0.148774 0.097867
3 16 37.619049 0.148875 0.098911 0.148345 0.098481
3 17 38.095238 0.146124 0.096913 0.146739 0.096638
3 18 38.571430 0.145304 0.096233 0.143587 0.094923
3 19 39.047619 0.146072 0.096862 0.147056 0.096792
3 20 39.523811 0.143138 0.094627 0.147005 0.097079
4 0 40.000000 0.143489 0.094941 0.143876 0.095470
4 1 40.476189 0.145975 0.096265 0.144877 0.096001
4 2 40.952381 0.145824 0.096906 0.143536 0.095668
4 3 41.428570 0.142476 0.094277 0.142602 0.094484
4 4 41.904762 0.142333 0.094364 0.142950 0.094951
4 5 42.380951 0.140552 0.093923 0.139729 0.092710
4 6 42.857143 0.141752 0.093669 0.138913 0.092140
4 7 43.333332 0.141974 0.094205 0.140877 0.094126
4 8 43.809525 0.141291 0.093471 0.141072 0.093033
4 9 44.285713 0.141083 0.093238 0.141027 0.093361
4 10 44.761906 0.139968 0.092114 0.138810 0.091882
4 11 45.238094 0.140591 0.092932 0.136190 0.090074
4 12 45.714287 0.137703 0.091255 0.138166 0.091679
4 13 46.190475 0.137871 0.091456 0.137086 0.091001
4 14 46.666668 0.137148 0.091050 0.139713 0.093098
4 15 47.142857 0.137153 0.090414 0.136593 0.089662
4 16 47.619049 0.139319 0.092761 0.137088 0.090736
4 17 48.095238 0.137162 0.090825 0.136487 0.090292
4 18 48.571430 0.136317 0.089644 0.136968 0.090289
4 19 49.047619 0.137814 0.090624 0.136113 0.089568
4 20 49.523811 0.133423 0.088519 0.134246 0.089146
5 0 50.000000 0.137621 0.090190 0.136672 0.089173
5 1 50.476189 0.137178 0.090513 0.135719 0.089147
5 2 50.952381 0.134161 0.088856 0.134580 0.089090
5 3 51.428570 0.135667 0.089831 0.134880 0.089303
5 4 51.904762 0.130950 0.086521 0.132966 0.087705
5 5 52.380951 0.131448 0.087299 0.133885 0.088909
5 6 52.857143 0.130749 0.086903 0.131782 0.087863
5 7 53.333332 0.132083 0.087736 0.131591 0.087540
5 8 53.809525 0.131996 0.087084 0.132959 0.087393
5 9 54.285713 0.130002 0.086747 0.131489 0.086916
5 10 54.761906 0.132039 0.087476 0.131539 0.087082
5 11 55.238094 0.131891 0.087435 0.132934 0.088124
5 12 55.714287 0.131677 0.087406 0.132721 0.088110
5 13 56.190475 0.131089 0.087168 0.129576 0.086014
5 14 56.666668 0.130416 0.085997 0.129620 0.085481
5 15 57.142857 0.128394 0.085047 0.126758 0.083316
5 16 57.619049 0.127594 0.084879 0.129980 0.086188
5 17 58.095238 0.129288 0.085423 0.127698 0.084299
5 18 58.571430 0.129733 0.085527 0.126871 0.083677
5 19 59.047619 0.128312 0.085728 0.128155 0.085261
5 20 59.523811 0.129028 0.085425 0.130624 0.086188
6 0 60.000000 0.128889 0.085693 0.126075 0.083934
6 1 60.476189 0.125957 0.083208 0.127189 0.084115
6 2 60.952381 0.125218 0.083265 0.127241 0.084843
6 3 61.428570 0.128049 0.084797 0.126993 0.083828
6 4 61.904762 0.124626 0.082431 0.125389 0.083155
6 5 62.380951 0.126561 0.083480 0.126555 0.083677
6 6 62.857143 0.124803 0.082657 0.124471 0.082235
6 7 63.333332 0.127512 0.084570 0.125430 0.082824
6 8 63.809525 0.123851 0.082183 0.123821 0.082509
6 9 64.285713 0.126770 0.083578 0.126342 0.083439
6 10 64.761902 0.124970 0.082852 0.124286 0.082577
6 11 65.238098 0.125113 0.083401 0.123194 0.082432
6 12 65.714287 0.125312 0.082925 0.121811 0.080534
6 13 66.190475 0.122296 0.081168 0.122868 0.081429
6 14 66.666664 0.123625 0.082337 0.118836 0.078809
6 15 67.142860 0.123225 0.081786 0.122165 0.080973
6 16 67.619049 0.123219 0.081484 0.121474 0.080560
6 17 68.095238 0.123248 0.081236 0.123984 0.082048
6 18 68.571426 0.123640 0.081784 0.121204 0.080714
6 19 69.047623 0.122449 0.081058 0.121419 0.080654
6 20 69.523811 0.121485 0.080091 0.123075 0.081414
7 0 70.000000 0.120526 0.079959 0.121178 0.080696
7 1 70.476189 0.121697 0.080036 0.122556 0.080966
7 2 70.952377 0.119198 0.079015 0.120796 0.079975
7 3 71.428574 0.122251 0.080324 0.121451 0.080051
7 4 71.904762 0.122840 0.080814 0.122063 0.080346
7 5 72.380951 0.119797 0.079134 0.122151 0.080280
7 6 72.857140 0.118504 0.079021 0.117148 0.077642
7 7 73.333336 0.121578 0.080402 0.120417 0.079341
7 8 73.809525 0.120577 0.079845 0.119849 0.078943
7 9 74.285713 0.120781 0.080090 0.118475 0.078469
7 10 74.761902 0.121096 0.079749 0.120307 0.079067
7 11 75.238098 0.119902 0.079312 0.117622 0.077663
7 12 75.714287 0.117832 0.078563 0.116752 0.077802
7 13 76.190475 0.118711 0.078499 0.119462 0.079295
7 14 76.666664 0.117973 0.078346 0.116780 0.077337
7 15 77.142860 0.118796 0.077817 0.119776 0.078393
7 16 77.619049 0.117778 0.078727 0.116539 0.077788
7 17 78.095238 0.118584 0.078367 0.116276 0.077142
7 18 78.571426 0.118212 0.078154 0.117337 0.077424
7 19 79.047623 0.116105 0.077378 0.114018 0.076230
7 20 79.523811 0.115357 0.076334 0.116346 0.077119
8 0 80.000000 0.115545 0.076314 0.114616 0.075780
8 1 80.476189 0.118228 0.078696 0.117011 0.077095
8 2 80.952377 0.116283 0.077204 0.113377 0.075013
8 3 81.428574 0.115807 0.077032 0.114760 0.076511
8 4 81.904762 0.115161 0.076251 0.115261 0.076842
8 5 82.380951 0.115629 0.076784 0.114939 0.076261
8 6 82.857140 0.114354 0.076289 0.116985 0.077898
8 7 83.333336 0.113331 0.075093 0.113833 0.075691
8 8 83.809525 0.113842 0.076039 0.114301 0.076242
8 9 84.285713 0.114933 0.076131 0.113658 0.075673
8 10 84.761902 0.117543 0.077948 0.114330 0.075377
8 11 85.238098 0.113141 0.075191 0.113357 0.075549
8 12 85.714287 0.115385 0.076963 0.113378 0.075220
8 13 86.190475 0.117497 0.077112 0.118163 0.077192
8 14 86.666664 0.114000 0.076051 0.113419 0.075453
8 15 87.142860 0.113493 0.075665 0.114878 0.076544
8 16 87.619049 0.112087 0.074246 0.112526 0.075244
8 17 88.095238 0.113830 0.075429 0.113426 0.075573
8 18 88.571426 0.112608 0.074806 0.112341 0.074315
8 19 89.047623 0.112709 0.074618 0.112589 0.074672
8 20 89.523811 0.111964 0.074108 0.113453 0.075189
9 0 90.000000 0.113876 0.074095 0.114563 0.074366
9 1 90.476189 0.112225 0.074743 0.112170 0.074399
9 2 90.952377 0.109677 0.072703 0.111696 0.074354
9 3 91.428574 0.109718 0.072890 0.111529 0.074242
9 4 91.904762 0.110822 0.073414 0.111282 0.073928
9 5 92.380951 0.112190 0.073639 0.112321 0.074113
9 6 92.857140 0.113138 0.074892 0.109962 0.073032
9 7 93.333336 0.109231 0.072498 0.108139 0.072259
9 8 93.809525 0.110184 0.073359 0.109278 0.072556
9 9 94.285713 0.110027 0.073273 0.111197 0.073985
9 10 94.761902 0.110517 0.073188 0.111355 0.073587
9 11 95.238098 0.113540 0.075128 0.111541 0.074011
9 12 95.714287 0.109851 0.072313 0.109150 0.071960
9 13 96.190475 0.107762 0.071894 0.108186 0.072025
9 14 96.666664 0.111208 0.073270 0.112298 0.074390
9 15 97.142860 0.108563 0.071779 0.109592 0.072284
9 16 97.619049 0.109302 0.072649 0.108579 0.071927
9 17 98.095238 0.111173 0.072726 0.111005 0.072770
9 18 98.571426 0.108121 0.071401 0.109687 0.072587
9 19 99.047623 0.108328 0.071686 0.108189 0.072373
9 20 99.523811 0.110798 0.072296 0.110274 0.071892
