0 0 0.000000 0.195364 0.126583 0.195981 0.126616
0 1 0.476190 0.182456 0.119173 0.182088 0.118996
0 2 0.952381 0.168313 0.111298 0.170929 0.113057
0 3 1.428571 0.161300 0.106956 0.160609 0.106257
0 4 1.904762 0.155991 0.104050 0.155585 0.103905
0 5 2.380952 0.153041 0.101666 0.153816 0.102170
0 6 2.857143 0.152841 0.099260 0.152633 0.099456
0 7 3.333333 0.144044 0.095018 0.144011 0.094903
0 8 3.809524 0.135186 0.088670 0.135050 0.088288
0 9 4.285714 0.128735 0.084744 0.129386 0.084984
0 10 4.761905 0.126777 0.082211 0.126897 0.082231
0 11 5.238095 0.123654 0.080292 0.124231 0.081051
0 12 5.714286 0.120175 0.079153 0.119656 0.078599
0 13 6.190476 0.117318 0.076523 0.117932 0.077206
0 14 6.666667 0.115977 0.076007 0.115584 0.076004
0 15 7.142857 0.113888 0.074379 0.113468 0.074125
0 16 7.619048 0.108415 0.071095 0.108409 0.071350
0 17 8.095238 0.105890 0.070033 0.106554 0.070620
0 18 8.571428 0.104580 0.069044 0.102625 0.067932
0 19 9.047619 0.103644 0.068157 0.103440 0.068320
0 20 9.523809 0.100599 0.067145 0.099842 0.066177
1 0 10.000000 0.098561 0.064533 0.101233 0.065982
1 1 10.476191 0.100103 0.066165 0.099010 0.065248
1 2 10.952381 0.096551 0.064301 0.095631 0.063645
1 3 11.428572 0.095451 0.063077 0.095334 0.062704
1 4 11.904762 0.093971 0.062368 0.093579 0.062189
1 5 12.380953 0.093603 0.062659 0.092168 0.061618
1 6 12.857142 0.093857 0.061687 0.093103 0.061146
1 7 13.333333 0.091905 0.061001 0.091280 0.060504
1 8 13.809524 0.090819 0.059610 0.089935 0.059050
1 9 14.285714 0.090004 0.059784 0.089812 0.059848
1 10 14.761905 0.087728 0.058737 0.087551 0.058377
1 11 15.238095 0.087194 0.058162 0.087289 0.058441
1 12 15.714286 0.087233 0.058166 0.087056 0.058123
1 13 16.190475 0.086620 0.057397 0.088021 0.058375
1 14 16.666666 0.085909 0.057669 0.086925 0.058132
1 15 17.142857 0.086042 0.057450 0.084796 0.056412
1 16 17.619047 0.085039 0.056876 0.086689 0.058048
1 17 18.095238 0.083028 0.055419 0.083515 0.055892
1 18 18.571428 0.083072 0.055300 0.084724 0.056559
1 19 19.047619 0.082175 0.054726 0.082840 0.055018
1 20 19.523809 0.083886 0.056289 0.083165 0.055665
2 0 20.000000 0.081590 0.054840 0.082325 0.055240
2 1 20.476191 0.082438 0.054748 0.082043 0.054596
2 2 20.952381 0.082630 0.055181 0.081071 0.054114
2 3 21.428572 0.079300 0.052930 0.081269 0.054330
2 4 21.904762 0.080074 0.054077 0.079825 0.053506
2 5 22.380953 0.079064 0.052934 0.079687 0.053462
2 6 22.857143 0.079647 0.053204 0.080385 0.053503
2 7 23.333334 0.078873 0.053076 0.078618 0.052725
2 8 23.809525 0.077666 0.052212 0.077530 0.051877
2 9 24.285715 0.076370 0.051340 0.076647 0.051285
2 10 24.761906 0.075562 0.050814 0.076522 0.051537
2 11 25.238094 0.077245 0.052270 0.076307 0.051205
2 12 25.714285 0.075620 0.050606 0.076132 0.051131
2 13 26.190475 0.075383 0.050366 0.075091 0.050278
2 14 26.666666 0.075382 0.050058 0.075189 0.049905
2 15 27.142857 0.073298 0.049560 0.073982 0.050157
2 16 27.619047 0.073857 0.048661 0.073874 0.048605
2 17 28.095238 0.073317 0.049419 0.071993 0.048603
2 18 28.571428 0.072382 0.049371 0.071820 0.048515
2 19 29.047619 0.070957 0.048063 0.071077 0.048028
2 20 29.523809 0.071319 0.048334 0.069706 0.047231
3 0 30.000000 0.069768 0.047438 0.070295 0.047664
3 1 30.476191 0.071010 0.048296 0.070485 0.047811
3 2 30.952381 0.069892 0.046801 0.069936 0.046999
3 3 31.428572 0.070042 0.046604 0.070860 0.047189
3 4 31.904762 0.067999 0.046191 0.069058 0.047192
3 5 32.380951 0.067104 0.045481 0.067978 0.046158
3 6 32.857143 0.067043 0.045702 0.066869 0.045289
3 7 33.333332 0.066539 0.044321 0.067891 0.045497
3 8 33.809525 0.067442 0.045443 0.066127 0.043951
3 9 34.285713 0.066662 0.044998 0.067284 0.045568
3 10 34.761906 0.064799 0.044230 0.065164 0.044162
3 11 35.238094 0.066671 0.044638 0.067305 0.045575
3 12 35.714287 0.065493 0.044786 0.064539 0.044138
3 13 36.190475 0.064980 0.044041 0.065613 0.044833
3 14 36.666668 0.064150 0.043743 0.064696 0.044458
3 15 37.142857 0.063667 0.043439 0.064176 0.043860
3 16 37.619049 0.063828 0.043216 0.063734 0.043079
3 17 38.095238 0.062253 0.042400 0.063083 0.042726
3 18 38.571430 0.063570 0.043041 0.063057 0.042906
3 19 39.047619 0.061948 0.042067 0.063093 0.042944
3 20 39.523811 0.061347 0.042032 0.060815 0.041139
4 0 40.000000 0.061559 0.041868 0.062315 0.042671
4 1 40.476189 0.061661 0.041959 0.061971 0.042760
4 2 40.952381 0.061143 0.041945 0.061315 0.041653
4 3 41.428570 0.061603 0.042310 0.060433 0.041183
4 4 41.904762 0.060759 0.041688 0.060696 0.041588
4 5 42.380951 0.062333 0.043076 0.061049 0.041864
4 6 42.857143 0.060445 0.041422 0.060674 0.041456
4 7 43.333332 0.060868 0.041200 0.061668 0.041865
4 8 43.809525 0.060200 0.040918 0.061826 0.042369
4 9 44.285713 0.061447 0.042080 0.060142 0.041195
4 10 44.761906 0.059220 0.040441 0.058145 0.039631
4 11 45.238094 0.059815 0.040928 0.058881 0.040040
4 12 45.714287 0.059441 0.040440 0.059878 0.040823
4 13 46.190475 0.059335 0.040867 0.057440 0.038685
4 14 46.666668 0.060830 0.041701 0.060021 0.040788
4 15 47.142857 0.057766 0.039828 0.057755 0.040128
4 16 47.619049 0.058506 0.040243 0.057983 0.040012
4 17 48.095238 0.058199 0.040361 0.057849 0.039800
4 18 48.571430 0.057449 0.039401 0.058418 0.040002
4 19 49.047619 0.057460 0.039428 0.057142 0.039073
4 20 49.523811 0.058067 0.040347 0.057106 0.039054
5 0 50.000000 0.057818 0.039327 0.058746 0.040047
5 1 50.476189 0.056951 0.039160 0.057718 0.039519
5 2 50.952381 0.057653 0.039901 0.056320 0.038946
5 3 51.428570 0.057980 0.039012 0.058941 0.039139
5 4 51.904762 0.056614 0.038803 0.056832 0.038946
5 5 52.380951 0.055874 0.038296 0.056055 0.038369
5 6 52.857143 0.057206 0.039149 0.056888 0.038682
5 7 53.333332 0.055895 0.038508 0.056467 0.038605
5 8 53.809525 0.056090 0.038583 0.056806 0.039282
5 9 54.285713 0.055994 0.038454 0.056030 0.038614
5 10 54.761906 0.055650 0.038056 0.055634 0.038114
5 11 55.238094 0.054993 0.037732 0.055678 0.038136
5 12 55.714287 0.054704 0.037623 0.055273 0.037954
5 13 56.190475 0.055211 0.038132 0.055322 0.038447
5 14 56.666668 0.055913 0.038951 0.054885 0.038172
5 15 57.142857 0.053996 0.037096 0.055009 0.037739
5 16 57.619049 0.055688 0.037987 0.056048 0.038313
5 17 58.095238 0.054737 0.037667 0.053910 0.037229
5 18 58.571430 0.053864 0.037218 0.053453 0.036957
5 19 59.047619 0.055184 0.038166 0.054076 0.036872
5 20 59.523811 0.053541 0.037031 0.054111 0.037444
6 0 60.000000 0.053500 0.037083 0.053046 0.036587
6 1 60.476189 0.053499 0.036839 0.055085 0.037756
6 2 60.952381 0.053919 0.037439 0.054510 0.037645
6 3 61.428570 0.053988 0.037572 0.053994 0.037413
6 4 61.904762 0.052823 0.036449 0.053432 0.036856
6 5 62.380951 0.054080 0.036630 0.053693 0.036487
6 6 62.857143 0.053862 0.037163 0.053381 0.036876
6 7 63.333332 0.052968 0.036676 0.052389 0.036037
6 8 63.809525 0.052639 0.036772 0.051503 0.035326
6 9 64.285713 0.053545 0.036994 0.052377 0.036315
6 10 64.761902 0.051740 0.035704 0.052944 0.036732
6 11 65.238098 0.051916 0.035643 0.052399 0.036201
6 12 65.714287 0.052641 0.036596 0.052864 0.036940
6 13 66.190475 0.053733 0.037014 0.052958 0.036341
6 14 66.666664 0.052378 0.036042 0.052996 0.036657
6 15 67.142860 0.052729 0.036469 0.053188 0.036943
6 16 67.619049 0.052158 0.035913 0.053670 0.036797
6 17 68.095238 0.051342 0.035760 0.051510 0.036237
6 18 68.571426 0.053922 0.036418 0.054126 0.036629
6 19 69.047623 0.051021 0.035216 0.050688 0.035154
6 20 69.523811 0.051620 0.035736 0.052552 0.036427
7 0 70.000000 0.050161 0.034792 0.050661 0.035109
7 1 70.476189 0.051878 0.035741 0.051903 0.035792
7 2 70.952377 0.051417 0.035429 0.050235 0.034606
7 3 71.428574 0.049994 0.034365 0.050645 0.034688
7 4 71.904762 0.049106 0.033964 0.050821 0.035280
7 5 72.380951 0.050496 0.035333 0.050038 0.034676
7 6 72.857140 0.051405 0.035713 0.050995 0.035224
7 7 73.333336 0.049034 0.033869 0.050010 0.034927
7 8 73.809525 0.049756 0.034248 0.049081 0.033715
7 9 74.285713 0.049988 0.034627 0.049609 0.034165
7 10 74.761902 0.049518 0.034436 0.049298 0.034068
7 11 75.238098 0.050199 0.034850 0.050250 0.034906
7 12 75.714287 0.049449 0.034201 0.049903 0.034835
7 13 76.190475 0.049155 0.033901 0.049651 0.034221
7 14 76.666664 0.049761 0.034539 0.049124 0.033736
7 15 77.142860 0.049011 0.033890 0.048603 0.033642
7 16 77.619049 0.049195 0.034143 0.048847 0.033443
7 17 78.095238 0.049866 0.034257 0.050261 0.034409
7 18 78.571426 0.048451 0.033575 0.048795 0.034255
7 19 79.047623 0.048349 0.033525 0.049103 0.033722
7 20 79.523811 0.048896 0.034005 0.048321 0.033523
8 0 80.000000 0.048290 0.033352 0.047809 0.032992
8 1 80.476189 0.048678 0.033481 0.048592 0.033611
8 2 80.952377 0.047777 0.032837 0.048121 0.033441
8 3 81.428574 0.048670 0.033570 0.048038 0.033268
8 4 81.904762 0.050307 0.034381 0.050113 0.034136
8 5 82.380951 0.047572 0.032998 0.047480 0.032541
8 6 82.857140 0.047404 0.032905 0.047753 0.033534
8 7 83.333336 0.047614 0.032965 0.048013 0.033172
8 8 83.809525 0.047597 0.033096 0.048053 0.033056
8 9 84.285713 0.047666 0.032856 0.047235 0.032686
8 10 84.761902 0.048167 0.033523 0.047104 0.032428
8 11 85.238098 0.046870 0.032264 0.047433 0.032963
8 12 85.714287 0.047797 0.032828 0.047097 0.032490
8 13 86.190475 0.045896 0.031897 0.046138 0.031951
8 14 86.666664 0.045974 0.031804 0.046332 0.032009
8 15 87.142860 0.047104 0.032263 0.046477 0.031824
8 16 87.619049 0.045904 0.031718 0.045387 0.031788
8 17 88.095238 0.046960 0.032616 0.046088 0.031713
8 18 88.571426 0.046273 0.032333 0.046452 0.032199
8 19 89.047623 0.046226 0.031905 0.045466 0.031490
8 20 89.523811 0.046595 0.032132 0.046076 0.031865
9 0 90.000000 0.045198 0.031402 0.045887 0.031624
9 1 90.476189 0.045185 0.031453 0.045290 0.031249
9 2 90.952377 0.046646 0.032398 0.045729 0.031213
9 3 91.428574 0.046412 0.031736 0.045793 0.031792
9 4 91.904762 0.045522 0.031453 0.045727 0.031669
9 5 92.380951 0.044694 0.031371 0.044519 0.031094
9 6 92.857140 0.044845 0.031120 0.044539 0.031192
9 7 93.333336 0.043465 0.030460 0.044986 0.030995
9 8 93.809525 0.045240 0.031434 0.044310 0.030536
9 9 94.285713 0.044665 0.031170 0.045199 0.031648
9 10 94.761902 0.046838 0.031823 0.046637 0.031627
9 11 95.238098 0.043739 0.030325 0.044333 0.030695
9 12 95.714287 0.045045 0.031434 0.045580 0.031764
9 13 96.190475 0.045103 0.031369 0.045089 0.031193
9 14 96.666664 0.044025 0.030508 0.043910 0.030366
9 15 97.142860 0.043378 0.029957 0.044271 0.030475
9 16 97.619049 0.043827 0.030375 0.044138 0.030532
9 17 98.095238 0.044148 0.030731 0.044087 0.030426
9 18 98.571426 0.044833 0.030660 0.046279 0.031936
9 19 99.047623 0.044028 0.030292 0.044371 0.030084
9 20 99.523811 0.043888 0.030087 0.043274 0.029717
