0 -0.494527 6 0.000018
1 -0.484596 4 0.000012
2 -0.474664 1 0.000003
3 -0.464732 1 0.000003
4 -0.454801 1 0.000003
5 -0.444869 0 0.000000
6 -0.434938 0 0.000000
7 -0.425006 5 0.000015
8 -0.415074 2 0.000006
9 -0.405143 6 0.000018
10 -0.395211 9 0.000027
11 -0.385280 3 0.000009
12 -0.375348 16 0.000049
13 -0.365417 3 0.000009
14 -0.355485 2 0.000006
15 -0.345553 10 0.000030
16 -0.335622 4 0.000012
17 -0.325690 5 0.000015
18 -0.315759 36 0.000109
19 -0.305827 49 0.000149
20 -0.295896 57 0.000173
21 -0.285964 48 0.000146
22 -0.276032 93 0.000283
23 -0.266101 36 0.000109
24 -0.256169 27 0.000082
25 -0.246238 38 0.000115
26 -0.236306 17 0.000052
27 -0.226374 42 0.000128
28 -0.216443 143 0.000434
29 -0.206511 344 0.001045
30 -0.196580 618 0.001878
31 -0.186648 1118 0.003397
32 -0.176717 1264 0.003840
33 -0.166785 1128 0.003427
34 -0.156853 2623 0.007969
35 -0.146922 3594 0.010919
36 -0.136990 5731 0.017411
37 -0.127059 3060 0.009297
38 -0.117127 3282 0.009971
39 -0.107195 4781 0.014525
40 -0.097264 8295 0.025201
41 -0.087332 14897 0.045258
42 -0.077401 11121 0.033786
43 -0.067469 6946 0.021102
44 -0.057538 9259 0.028130
45 -0.047606 15189 0.046145
46 -0.037674 13471 0.040926
47 -0.027743 14890 0.045237
48 -0.017811 37098 0.112706
49 -0.007880 41370 0.125685
50 0.002052 16381 0.049767
51 0.011983 20833 0.063292
52 0.021915 16379 0.049761
53 0.031847 8544 0.025957
54 0.041778 8224 0.024985
55 0.051710 10831 0.032905
56 0.061641 10557 0.032073
57 0.071573 5678 0.017250
58 0.081505 4270 0.012973
59 0.091436 4126 0.012535
60 0.101368 4451 0.013522
61 0.111299 6298 0.019134
62 0.121231 3563 0.010825
63 0.131162 1455 0.004420
64 0.141094 1816 0.005517
65 0.151026 1558 0.004733
66 0.160957 1836 0.005578
67 0.170889 464 0.001410
68 0.180820 308 0.000936
69 0.190752 192 0.000583
70 0.200684 169 0.000513
71 0.210615 84 0.000255
72 0.220547 59 0.000179
73 0.230478 67 0.000204
74 0.240410 11 0.000033
75 0.250341 12 0.000036
76 0.260273 20 0.000061
77 0.270205 41 0.000125
78 0.280136 61 0.000185
79 0.290068 27 0.000082
80 0.299999 22 0.000067
81 0.309931 28 0.000085
82 0.319863 3 0.000009
83 0.329794 7 0.000021
84 0.339726 1 0.000003
85 0.349657 0 0.000000
86 0.359589 2 0.000006
87 0.369520 8 0.000024
88 0.379452 4 0.000012
89 0.389384 14 0.000043
90 0.399315 2 0.000006
91 0.409247 3 0.000009
92 0.419178 0 0.000000
93 0.429110 0 0.000000
94 0.439041 0 0.000000
95 0.448973 0 0.000000
96 0.458905 1 0.000003
97 0.468836 0 0.000000
98 0.478768 3 0.000009
99 0.488699 0 0.000000
