0 -0.085987 13 0.000039
1 -0.084569 7 0.000021
2 -0.083151 8 0.000024
3 -0.081733 3 0.000009
4 -0.080315 5 0.000015
5 -0.078897 4 0.000012
6 -0.077479 4 0.000012
7 -0.076061 3 0.000009
8 -0.074643 16 0.000049
9 -0.073225 28 0.000085
10 -0.071807 22 0.000067
11 -0.070389 19 0.000058
12 -0.068971 11 0.000033
13 -0.067553 13 0.000039
14 -0.066134 11 0.000033
15 -0.064716 11 0.000033
16 -0.063298 24 0.000073
17 -0.061880 29 0.000088
18 -0.060462 35 0.000106
19 -0.059044 61 0.000185
20 -0.057626 39 0.000118
21 -0.056208 38 0.000115
22 -0.054790 63 0.000191
23 -0.053372 56 0.000170
24 -0.051954 107 0.000325
25 -0.050536 148 0.000450
26 -0.049118 132 0.000401
27 -0.047700 154 0.000468
28 -0.046281 198 0.000602
29 -0.044863 215 0.000653
30 -0.043445 319 0.000969
31 -0.042027 378 0.001148
32 -0.040609 433 0.001315
33 -0.039191 436 0.001325
34 -0.037773 560 0.001701
35 -0.036355 649 0.001972
36 -0.034937 804 0.002443
37 -0.033519 1043 0.003169
38 -0.032101 1411 0.004287
39 -0.030683 1510 0.004587
40 -0.029265 1691 0.005137
41 -0.027847 2556 0.007765
42 -0.026428 2511 0.007629
43 -0.025010 2675 0.008127
44 -0.023592 3611 0.010970
45 -0.022174 5383 0.016354
46 -0.020756 6333 0.019240
47 -0.019338 7539 0.022904
48 -0.017920 10522 0.031967
49 -0.016502 12876 0.039118
50 -0.015084 16086 0.048870
51 -0.013666 20717 0.062940
52 -0.012248 26400 0.080205
53 -0.010830 27891 0.084735
54 -0.009412 30830 0.093664
55 -0.007994 27736 0.084264
56 -0.006575 23669 0.071908
57 -0.005157 22071 0.067053
58 -0.003739 16349 0.049669
59 -0.002321 11377 0.034564
60 -0.000903 8403 0.025529
61 0.000515 6192 0.018812
62 0.001933 4958 0.015063
63 0.003351 4461 0.013553
64 0.004769 4038 0.012268
65 0.006187 2705 0.008218
66 0.007605 2319 0.007045
67 0.009023 1801 0.005472
68 0.010441 996 0.003026
69 0.011859 752 0.002285
70 0.013278 744 0.002260
71 0.014696 483 0.001467
72 0.016114 492 0.001495
73 0.017532 542 0.001647
74 0.018950 353 0.001072
75 0.020368 278 0.000845
76 0.021786 276 0.000839
77 0.023204 220 0.000668
78 0.024622 210 0.000638
79 0.026040 128 0.000389
80 0.027458 152 0.000462
81 0.028876 207 0.000629
82 0.030294 93 0.000283
83 0.031712 63 0.000191
84 0.033131 89 0.000270
85 0.034549 81 0.000246
86 0.035967 104 0.000316
87 0.037385 32 0.000097
88 0.038803 33 0.000100
89 0.040221 24 0.000073
90 0.041639 15 0.000046
91 0.043057 12 0.000036
92 0.044475 6 0.000018
93 0.045893 18 0.000055
94 0.047311 14 0.000043
95 0.048729 7 0.000021
96 0.050147 5 0.000015
97 0.051565 5 0.000015
98 0.052984 1 0.000003
99 0.054402 1 0.000003
