0 -0.127210 3 0.000009
1 -0.125216 4 0.000012
2 -0.123222 2 0.000006
3 -0.121228 2 0.000006
4 -0.119234 2 0.000006
5 -0.117240 4 0.000012
6 -0.115246 6 0.000018
7 -0.113252 2 0.000006
8 -0.111258 5 0.000015
9 -0.109264 4 0.000012
10 -0.107270 7 0.000021
11 -0.105276 3 0.000009
12 -0.103282 2 0.000006
13 -0.101288 4 0.000012
14 -0.099294 4 0.000012
15 -0.097300 7 0.000021
16 -0.095306 8 0.000024
17 -0.093312 14 0.000043
18 -0.091318 8 0.000024
19 -0.089324 12 0.000036
20 -0.087330 15 0.000046
21 -0.085336 4 0.000012
22 -0.083341 18 0.000055
23 -0.081347 7 0.000021
24 -0.079353 4 0.000012
25 -0.077359 5 0.000015
26 -0.075365 33 0.000100
27 -0.073371 22 0.000067
28 -0.071377 37 0.000112
29 -0.069383 31 0.000094
30 -0.067389 36 0.000109
31 -0.065395 40 0.000122
32 -0.063401 101 0.000307
33 -0.061407 146 0.000444
34 -0.059413 154 0.000468
35 -0.057419 155 0.000471
36 -0.055425 166 0.000504
37 -0.053431 149 0.000453
38 -0.051437 171 0.000520
39 -0.049443 217 0.000659
40 -0.047449 171 0.000520
41 -0.045455 258 0.000784
42 -0.043461 420 0.001276
43 -0.041467 401 0.001218
44 -0.039473 529 0.001607
45 -0.037479 602 0.001829
46 -0.035485 706 0.002145
47 -0.033491 825 0.002506
48 -0.031497 885 0.002689
49 -0.029503 1166 0.003542
50 -0.027509 1360 0.004132
51 -0.025515 2035 0.006182
52 -0.023520 2584 0.007850
53 -0.021526 3197 0.009713
54 -0.019532 4940 0.015008
55 -0.017538 8204 0.024924
56 -0.015544 13754 0.041786
57 -0.013550 22425 0.068129
58 -0.011556 35224 0.107013
59 -0.009562 51440 0.156278
60 -0.007568 52890 0.160684
61 -0.005574 46184 0.140310
62 -0.003580 28798 0.087490
63 -0.001586 17330 0.052650
64 0.000408 9854 0.029937
65 0.002402 5637 0.017126
66 0.004396 4045 0.012289
67 0.006390 2463 0.007483
68 0.008384 1820 0.005529
69 0.010378 1319 0.004007
70 0.012372 968 0.002941
71 0.014366 829 0.002519
72 0.016360 644 0.001957
73 0.018354 505 0.001534
74 0.020348 531 0.001613
75 0.022342 420 0.001276
76 0.024336 291 0.000884
77 0.026330 239 0.000726
78 0.028324 238 0.000723
79 0.030318 142 0.000431
80 0.032312 127 0.000386
81 0.034306 104 0.000316
82 0.036300 93 0.000283
83 0.038295 135 0.000410
84 0.040289 138 0.000419
85 0.042283 107 0.000325
86 0.044277 59 0.000179
87 0.046271 46 0.000140
88 0.048265 48 0.000146
89 0.050259 45 0.000137
90 0.052253 63 0.000191
91 0.054247 59 0.000179
92 0.056241 36 0.000109
93 0.058235 46 0.000140
94 0.060229 41 0.000125
95 0.062223 21 0.000064
96 0.064217 30 0.000091
97 0.066211 35 0.000106
98 0.068205 35 0.000106
99 0.070199 1 0.000003
