0 -0.494527 6 0.000006
1 -0.484596 4 0.000004
2 -0.474664 1 0.000001
3 -0.464732 1 0.000001
4 -0.454801 1 0.000001
5 -0.444869 0 0.000000
6 -0.434938 0 0.000000
7 -0.425006 5 0.000005
8 -0.415074 2 0.000002
9 -0.405143 6 0.000006
10 -0.395211 9 0.000009
11 -0.385280 3 0.000003
12 -0.375348 16 0.000016
13 -0.365417 3 0.000003
14 -0.355485 2 0.000002
15 -0.345553 10 0.000010
16 -0.335622 4 0.000004
17 -0.325690 5 0.000005
18 -0.315759 36 0.000036
19 -0.305827 49 0.000050
20 -0.295896 57 0.000058
21 -0.285964 48 0.000049
22 -0.276032 93 0.000094
23 -0.266101 36 0.000036
24 -0.256169 27 0.000027
25 -0.246238 38 0.000038
26 -0.236306 17 0.000017
27 -0.226374 42 0.000043
28 -0.216443 143 0.000145
29 -0.206511 344 0.000348
30 -0.196580 618 0.000626
31 -0.186648 1118 0.001132
32 -0.176717 1264 0.001280
33 -0.166785 1128 0.001142
34 -0.156853 2623 0.002656
35 -0.146922 3594 0.003640
36 -0.136990 5732 0.005805
37 -0.127059 3072 0.003111
38 -0.117127 3303 0.003345
39 -0.107195 4801 0.004862
40 -0.097264 8344 0.008450
41 -0.087332 14985 0.015175
42 -0.077401 11351 0.011495
43 -0.067469 7597 0.007693
44 -0.057538 10709 0.010845
45 -0.047606 19051 0.019293
46 -0.037674 25358 0.025680
47 -0.027743 59472 0.060227
48 -0.017811 307436 0.311338
49 -0.007880 317340 0.321367
50 0.002052 53870 0.054554
51 0.011983 28026 0.028382
52 0.021915 19035 0.019277
53 0.031847 9582 0.009704
54 0.041778 8620 0.008729
55 0.051710 11083 0.011224
56 0.061641 10684 0.010820
57 0.071573 5678 0.005750
58 0.081505 4270 0.004324
59 0.091436 4126 0.004178
60 0.101368 4451 0.004507
61 0.111299 6298 0.006378
62 0.121231 3563 0.003608
63 0.131162 1455 0.001473
64 0.141094 1816 0.001839
65 0.151026 1558 0.001578
66 0.160957 1836 0.001859
67 0.170889 464 0.000470
68 0.180820 308 0.000312
69 0.190752 192 0.000194
70 0.200684 169 0.000171
71 0.210615 84 0.000085
72 0.220547 59 0.000060
73 0.230478 67 0.000068
74 0.240410 11 0.000011
75 0.250341 12 0.000012
76 0.260273 20 0.000020
77 0.270205 41 0.000042
78 0.280136 61 0.000062
79 0.290068 27 0.000027
80 0.299999 22 0.000022
81 0.309931 28 0.000028
82 0.319863 3 0.000003
83 0.329794 7 0.000007
84 0.339726 1 0.000001
85 0.349657 0 0.000000
86 0.359589 2 0.000002
87 0.369520 8 0.000008
88 0.379452 4 0.000004
89 0.389384 14 0.000014
90 0.399315 2 0.000002
91 0.409247 3 0.000003
92 0.419178 0 0.000000
93 0.429110 0 0.000000
94 0.439041 0 0.000000
95 0.448973 0 0.000000
96 0.458905 1 0.000001
97 0.468836 0 0.000000
98 0.478768 3 0.000003
99 0.488699 0 0.000000
