0 0.000000 848405 0.859172
1 0.002470 41121 0.041643
2 0.004941 30733 0.031123
3 0.007411 16768 0.016981
4 0.009881 10112 0.010240
5 0.012351 9916 0.010042
6 0.014822 7009 0.007098
7 0.017292 6773 0.006859
8 0.019762 4231 0.004285
9 0.022232 3336 0.003378
10 0.024703 2255 0.002284
11 0.027173 1905 0.001929
12 0.029643 1279 0.001295
13 0.032114 957 0.000969
14 0.034584 706 0.000715
15 0.037054 369 0.000374
16 0.039524 305 0.000309
17 0.041995 242 0.000245
18 0.044465 99 0.000100
19 0.046935 74 0.000075
20 0.049405 44 0.000045
21 0.051876 40 0.000041
22 0.054346 51 0.000052
23 0.056816 36 0.000036
24 0.059287 27 0.000027
25 0.061757 16 0.000016
26 0.064227 15 0.000015
27 0.066697 29 0.000029
28 0.069168 28 0.000028
29 0.071638 57 0.000058
30 0.074108 72 0.000073
31 0.076578 45 0.000046
32 0.079049 39 0.000039
33 0.081519 59 0.000060
34 0.083989 35 0.000035
35 0.086460 29 0.000029
36 0.088930 31 0.000031
37 0.091400 22 0.000022
38 0.093870 30 0.000030
39 0.096341 33 0.000033
40 0.098811 9 0.000009
41 0.101281 5 0.000005
42 0.103751 0 0.000000
43 0.106222 7 0.000007
44 0.108692 5 0.000005
45 0.111162 2 0.000002
46 0.113633 0 0.000000
47 0.116103 10 0.000010
48 0.118573 1 0.000001
49 0.121043 1 0.000001
50 0.123514 1 0.000001
51 0.125984 2 0.000002
52 0.128454 0 0.000000
53 0.130924 1 0.000001
54 0.133395 5 0.000005
55 0.135865 6 0.000006
56 0.138335 12 0.000012
57 0.140806 5 0.000005
58 0.143276 1 0.000001
59 0.145746 1 0.000001
60 0.148216 6 0.000006
61 0.150687 2 0.000002
62 0.153157 9 0.000009
63 0.155627 11 0.000011
64 0.158098 4 0.000004
65 0.160568 2 0.000002
66 0.163038 0 0.000000
67 0.165508 2 0.000002
68 0.167979 0 0.000000
69 0.170449 3 0.000003
70 0.172919 2 0.000002
71 0.175389 3 0.000003
72 0.177860 0 0.000000
73 0.180330 0 0.000000
74 0.182800 0 0.000000
75 0.185271 0 0.000000
76 0.187741 0 0.000000
77 0.190211 0 0.000000
78 0.192681 0 0.000000
79 0.195152 0 0.000000
80 0.197622 1 0.000001
81 0.200092 0 0.000000
82 0.202562 0 0.000000
83 0.205033 0 0.000000
84 0.207503 0 0.000000
85 0.209973 0 0.000000
86 0.212444 0 0.000000
87 0.214914 1 0.000001
88 0.217384 2 0.000002
89 0.219854 0 0.000000
90 0.222325 0 0.000000
91 0.224795 2 0.000002
92 0.227265 2 0.000002
93 0.229735 0 0.000000
94 0.232206 0 0.000000
95 0.234676 0 0.000000
96 0.237146 3 0.000003
97 0.239617 0 0.000000
98 0.242087 5 0.000005
99 0.244557 1 0.000001
