0 0.001706 6 0.000006
1 0.011789 100 0.000101
2 0.021872 182 0.000184
3 0.031954 168 0.000170
4 0.042037 183 0.000185
5 0.052120 234 0.000237
6 0.062203 193 0.000195
7 0.072285 185 0.000187
8 0.082368 239 0.000242
9 0.092451 216 0.000219
10 0.102533 211 0.000214
11 0.112616 182 0.000184
12 0.122699 251 0.000254
13 0.132781 198 0.000201
14 0.142864 226 0.000229
15 0.152947 299 0.000303
16 0.163030 279 0.000283
17 0.173112 281 0.000285
18 0.183195 344 0.000348
19 0.193278 422 0.000427
20 0.203360 588 0.000595
21 0.213443 705 0.000714
22 0.223526 666 0.000674
23 0.233608 529 0.000536
24 0.243691 782 0.000792
25 0.253774 1071 0.001085
26 0.263856 1114 0.001128
27 0.273939 1486 0.001505
28 0.284022 1573 0.001593
29 0.294105 1704 0.001726
30 0.304187 2478 0.002509
31 0.314270 3711 0.003758
32 0.324353 5201 0.005267
33 0.334435 5158 0.005223
34 0.344518 3952 0.004002
35 0.354601 4696 0.004756
36 0.364683 6388 0.006469
37 0.374766 7760 0.007858
38 0.384849 6421 0.006502
39 0.394932 6873 0.006960
40 0.405014 9946 0.010072
41 0.415097 12800 0.012962
42 0.425180 23955 0.024259
43 0.435262 14884 0.015073
44 0.445345 15747 0.015947
45 0.455428 21961 0.022240
46 0.465510 32201 0.032610
47 0.475593 34077 0.034509
48 0.485676 57459 0.058188
49 0.495759 126397 0.128001
50 0.505841 53223 0.053898
51 0.515924 35776 0.036230
52 0.526007 38493 0.038982
53 0.536089 23903 0.024206
54 0.546172 21178 0.021447
55 0.556255 23005 0.023297
56 0.566337 31242 0.031638
57 0.576420 40359 0.040871
58 0.586503 54737 0.055432
59 0.596585 44252 0.044814
60 0.606668 24398 0.024708
61 0.616751 20381 0.020640
62 0.626834 17658 0.017882
63 0.636916 9569 0.009690
64 0.646999 8069 0.008171
65 0.657082 7228 0.007320
66 0.667164 6819 0.006906
67 0.677247 5570 0.005641
68 0.687330 4099 0.004151
69 0.697412 3825 0.003874
70 0.707495 3428 0.003472
71 0.717578 2996 0.003034
72 0.727661 2912 0.002949
73 0.737743 3128 0.003168
74 0.747826 3082 0.003121
75 0.757909 2886 0.002923
76 0.767991 3460 0.003504
77 0.778074 3219 0.003260
78 0.788157 3344 0.003386
79 0.798239 2658 0.002692
80 0.808322 3061 0.003100
81 0.818405 3518 0.003563
82 0.828487 4091 0.004143
83 0.838570 3986 0.004037
84 0.848653 4785 0.004846
85 0.858736 7064 0.007154
86 0.868818 6408 0.006489
87 0.878901 6808 0.006894
88 0.888984 3930 0.003980
89 0.899066 3884 0.003933
90 0.909149 4346 0.004401
91 0.919232 5012 0.005076
92 0.929314 3687 0.003734
93 0.939397 2421 0.002452
94 0.949480 953 0.000965
95 0.959563 748 0.000757
96 0.969645 729 0.000738
97 0.979728 325 0.000329
98 0.989811 132 0.000134
99 0.999893 1 0.000001
