0 0.061039 34 0.000103
1 0.070415 92 0.000280
2 0.079791 107 0.000325
3 0.089167 246 0.000747
4 0.098543 243 0.000738
5 0.107918 204 0.000620
6 0.117294 172 0.000523
7 0.126670 222 0.000674
8 0.136046 172 0.000523
9 0.145422 171 0.000520
10 0.154797 266 0.000808
11 0.164173 273 0.000829
12 0.173549 253 0.000769
13 0.182925 398 0.001209
14 0.192301 301 0.000914
15 0.201677 381 0.001158
16 0.211052 335 0.001018
17 0.220428 467 0.001419
18 0.229804 362 0.001100
19 0.239180 386 0.001173
20 0.248556 520 0.001580
21 0.257932 518 0.001574
22 0.267307 573 0.001741
23 0.276683 563 0.001710
24 0.286059 629 0.001911
25 0.295435 881 0.002677
26 0.304811 904 0.002746
27 0.314186 950 0.002886
28 0.323562 1365 0.004147
29 0.332938 1372 0.004168
30 0.342314 1375 0.004177
31 0.351690 1500 0.004557
32 0.361066 1515 0.004603
33 0.370441 1783 0.005417
34 0.379817 2229 0.006772
35 0.389193 2504 0.007607
36 0.398569 2535 0.007702
37 0.407945 3127 0.009500
38 0.417320 3510 0.010664
39 0.426696 4189 0.012726
40 0.436072 5335 0.016208
41 0.445448 5826 0.017700
42 0.454824 6705 0.020370
43 0.464200 10633 0.032304
44 0.473575 14230 0.043232
45 0.482951 19217 0.058383
46 0.492327 35766 0.108660
47 0.501703 55998 0.170126
48 0.511079 37822 0.114906
49 0.520454 20025 0.060837
50 0.529830 13226 0.040182
51 0.539206 9396 0.028546
52 0.548582 7628 0.023174
53 0.557958 6141 0.018657
54 0.567334 5118 0.015549
55 0.576709 5015 0.015236
56 0.586085 4053 0.012313
57 0.595461 3001 0.009117
58 0.604837 2446 0.007431
59 0.614213 2227 0.006766
60 0.623588 2584 0.007850
61 0.632964 1898 0.005766
62 0.642340 1456 0.004423
63 0.651716 1521 0.004621
64 0.661092 1101 0.003345
65 0.670468 1249 0.003795
66 0.679843 1484 0.004509
67 0.689219 1042 0.003166
68 0.698595 863 0.002622
69 0.707971 830 0.002522
70 0.717347 621 0.001887
71 0.726722 522 0.001586
72 0.736098 455 0.001382
73 0.745474 401 0.001218
74 0.754850 410 0.001246
75 0.764226 411 0.001249
76 0.773602 501 0.001522
77 0.782977 439 0.001334
78 0.792353 487 0.001480
79 0.801729 493 0.001498
80 0.811105 294 0.000893
81 0.820481 191 0.000580
82 0.829857 213 0.000647
83 0.839232 204 0.000620
84 0.848608 206 0.000626
85 0.857984 227 0.000690
86 0.867360 316 0.000960
87 0.876736 188 0.000571
88 0.886111 223 0.000677
89 0.895487 216 0.000656
90 0.904863 153 0.000465
91 0.914239 119 0.000362
92 0.923615 92 0.000280
93 0.932991 56 0.000170
94 0.942366 87 0.000264
95 0.951742 58 0.000176
96 0.961118 37 0.000112
97 0.970494 19 0.000058
98 0.979870 53 0.000161
99 0.989245 1 0.000003
