0 0.011833 34 0.000103
1 0.021605 75 0.000228
2 0.031378 62 0.000188
3 0.041151 83 0.000252
4 0.050924 155 0.000471
5 0.060696 142 0.000431
6 0.070469 118 0.000358
7 0.080242 173 0.000526
8 0.090015 126 0.000383
9 0.099787 156 0.000474
10 0.109560 120 0.000365
11 0.119333 131 0.000398
12 0.129106 173 0.000526
13 0.138878 178 0.000541
14 0.148651 174 0.000529
15 0.158424 257 0.000781
16 0.168197 200 0.000608
17 0.177969 273 0.000829
18 0.187742 299 0.000908
19 0.197515 275 0.000835
20 0.207288 515 0.001565
21 0.217060 453 0.001376
22 0.226833 429 0.001303
23 0.236606 384 0.001167
24 0.246379 450 0.001367
25 0.256151 558 0.001695
26 0.265924 602 0.001829
27 0.275697 901 0.002737
28 0.285470 922 0.002801
29 0.295242 1030 0.003129
30 0.305015 1053 0.003199
31 0.314788 1103 0.003351
32 0.324561 1461 0.004439
33 0.334333 1410 0.004284
34 0.344106 1405 0.004268
35 0.353879 1459 0.004433
36 0.363652 2112 0.006416
37 0.373424 1958 0.005949
38 0.383197 2633 0.007999
39 0.392970 2813 0.008546
40 0.402743 3644 0.011071
41 0.412515 3833 0.011645
42 0.422288 4585 0.013930
43 0.432061 5612 0.017050
44 0.441833 6307 0.019161
45 0.451606 9139 0.027765
46 0.461379 12578 0.038213
47 0.471152 16777 0.050970
48 0.480924 29553 0.089784
49 0.490697 52647 0.159945
50 0.500470 46824 0.142255
51 0.510243 26198 0.079591
52 0.520015 15904 0.048318
53 0.529788 11062 0.033607
54 0.539561 7578 0.023023
55 0.549334 6095 0.018517
56 0.559106 5923 0.017995
57 0.568879 5094 0.015476
58 0.578652 4431 0.013462
59 0.588425 2850 0.008659
60 0.598197 2807 0.008528
61 0.607970 2329 0.007076
62 0.617743 2183 0.006632
63 0.627516 1822 0.005535
64 0.637288 1611 0.004894
65 0.647061 1634 0.004964
66 0.656834 1329 0.004038
67 0.666607 1291 0.003922
68 0.676379 1380 0.004193
69 0.686152 845 0.002567
70 0.695925 696 0.002114
71 0.705698 569 0.001729
72 0.715470 673 0.002045
73 0.725243 494 0.001501
74 0.735016 448 0.001361
75 0.744789 481 0.001461
76 0.754561 407 0.001236
77 0.764334 484 0.001470
78 0.774107 409 0.001243
79 0.783880 430 0.001306
80 0.793652 344 0.001045
81 0.803425 268 0.000814
82 0.813198 285 0.000866
83 0.822971 249 0.000756
84 0.832743 209 0.000635
85 0.842516 240 0.000729
86 0.852289 177 0.000538
87 0.862062 117 0.000355
88 0.871834 117 0.000355
89 0.881607 120 0.000365
90 0.891380 118 0.000358
91 0.901152 169 0.000513
92 0.910925 184 0.000559
93 0.920698 210 0.000638
94 0.930471 228 0.000693
95 0.940243 83 0.000252
96 0.950016 53 0.000161
97 0.959789 72 0.000219
98 0.969562 100 0.000304
99 0.979334 2 0.000006
