0 0.061039 113 0.000114
1 0.070510 214 0.000217
2 0.079981 214 0.000217
3 0.089452 421 0.000426
4 0.098923 355 0.000360
5 0.108394 264 0.000267
6 0.117865 247 0.000250
7 0.127335 295 0.000299
8 0.136806 214 0.000217
9 0.146277 221 0.000224
10 0.155748 343 0.000347
11 0.165219 323 0.000327
12 0.174690 296 0.000300
13 0.184161 466 0.000472
14 0.193632 364 0.000369
15 0.203103 480 0.000486
16 0.212573 460 0.000466
17 0.222044 556 0.000563
18 0.231515 534 0.000541
19 0.240986 601 0.000609
20 0.250457 796 0.000806
21 0.259928 1172 0.001187
22 0.269399 947 0.000959
23 0.278870 959 0.000971
24 0.288341 1147 0.001162
25 0.297811 1431 0.001449
26 0.307282 1507 0.001526
27 0.316753 1609 0.001629
28 0.326224 4249 0.004303
29 0.335695 4720 0.004780
30 0.345166 2505 0.002537
31 0.354637 2145 0.002172
32 0.364108 2018 0.002044
33 0.373579 2124 0.002151
34 0.383049 2773 0.002808
35 0.392520 2761 0.002796
36 0.401991 2941 0.002978
37 0.411462 3787 0.003835
38 0.420933 4057 0.004108
39 0.430404 5274 0.005341
40 0.439875 6127 0.006205
41 0.449346 6679 0.006764
42 0.458817 9033 0.009148
43 0.468287 13415 0.013585
44 0.477758 19800 0.020051
45 0.487229 38585 0.039075
46 0.496700 106767 0.108122
47 0.506171 255517 0.258760
48 0.515642 70999 0.071900
49 0.525113 27626 0.027977
50 0.534584 17173 0.017391
51 0.544055 12639 0.012799
52 0.553525 11864 0.012015
53 0.562996 13036 0.013201
54 0.572467 13714 0.013888
55 0.581938 22805 0.023094
56 0.591409 44630 0.045196
57 0.600880 47309 0.047909
58 0.610351 27762 0.028114
59 0.619822 15063 0.015254
60 0.629293 11496 0.011642
61 0.638763 8936 0.009049
62 0.648234 6686 0.006771
63 0.657705 5394 0.005462
64 0.667176 4968 0.005031
65 0.676647 4696 0.004756
66 0.686118 4242 0.004296
67 0.695589 3539 0.003584
68 0.705060 3391 0.003434
69 0.714531 3125 0.003165
70 0.724001 2850 0.002886
71 0.733472 2646 0.002680
72 0.742943 2789 0.002824
73 0.752414 2753 0.002788
74 0.761885 2688 0.002722
75 0.771356 2691 0.002725
76 0.780827 3113 0.003153
77 0.790298 3021 0.003059
78 0.799769 3145 0.003185
79 0.809239 2999 0.003037
80 0.818710 2518 0.002550
81 0.828181 2755 0.002790
82 0.837652 3906 0.003956
83 0.847123 3731 0.003778
84 0.856594 3919 0.003969
85 0.866065 5181 0.005247
86 0.875536 6224 0.006303
87 0.885006 7068 0.007158
88 0.894477 5910 0.005985
89 0.903948 3349 0.003392
90 0.913419 3036 0.003075
91 0.922890 3874 0.003923
92 0.932361 5215 0.005281
93 0.941832 4239 0.004293
94 0.951303 2210 0.002238
95 0.960774 970 0.000982
96 0.970244 755 0.000765
97 0.979715 779 0.000789
98 0.989186 214 0.000217
99 0.998657 1 0.000001
