0 0.472094 64 0.000194
1 0.473034 81 0.000246
2 0.473974 99 0.000301
3 0.474914 84 0.000255
4 0.475854 129 0.000392
5 0.476794 85 0.000258
6 0.477734 73 0.000222
7 0.478674 135 0.000410
8 0.479613 219 0.000665
9 0.480553 289 0.000878
10 0.481493 147 0.000447
11 0.482433 205 0.000623
12 0.483373 296 0.000899
13 0.484313 254 0.000772
14 0.485253 325 0.000987
15 0.486192 607 0.001844
16 0.487132 786 0.002388
17 0.488072 809 0.002458
18 0.489012 895 0.002719
19 0.489952 1189 0.003612
20 0.490892 1246 0.003785
21 0.491832 1266 0.003846
22 0.492771 1626 0.004940
23 0.493711 1535 0.004663
24 0.494651 1387 0.004214
25 0.495591 2177 0.006614
26 0.496531 2450 0.007443
27 0.497471 2322 0.007054
28 0.498411 2306 0.007006
29 0.499350 2917 0.008862
30 0.500290 4155 0.012623
31 0.501230 5595 0.016998
32 0.502170 6634 0.020155
33 0.503110 7429 0.022570
34 0.504050 8530 0.025915
35 0.504990 9927 0.030159
36 0.505930 13503 0.041023
37 0.506869 16291 0.049493
38 0.507809 22507 0.068378
39 0.508749 26745 0.081253
40 0.509689 27403 0.083252
41 0.510629 27941 0.084887
42 0.511569 24620 0.074797
43 0.512509 18414 0.055943
44 0.513448 15097 0.045866
45 0.514388 11447 0.034777
46 0.515328 8270 0.025125
47 0.516268 6904 0.020975
48 0.517208 6062 0.018417
49 0.518148 3813 0.011584
50 0.519088 3246 0.009862
51 0.520027 3240 0.009843
52 0.520967 3222 0.009789
53 0.521907 3006 0.009132
54 0.522847 2231 0.006778
55 0.523787 2757 0.008376
56 0.524727 2372 0.007206
57 0.525667 1638 0.004976
58 0.526607 1198 0.003640
59 0.527546 1011 0.003071
60 0.528486 789 0.002397
61 0.529426 996 0.003026
62 0.530366 1029 0.003126
63 0.531306 694 0.002108
64 0.532246 347 0.001054
65 0.533186 378 0.001148
66 0.534125 505 0.001534
67 0.535065 630 0.001914
68 0.536005 600 0.001823
69 0.536945 509 0.001546
70 0.537885 362 0.001100
71 0.538825 216 0.000656
72 0.539765 84 0.000255
73 0.540704 39 0.000118
74 0.541644 39 0.000118
75 0.542584 34 0.000103
76 0.543524 26 0.000079
77 0.544464 46 0.000140
78 0.545404 36 0.000109
79 0.546344 47 0.000143
80 0.547284 69 0.000210
81 0.548223 66 0.000201
82 0.549163 90 0.000273
83 0.550103 8 0.000024
84 0.551043 5 0.000015
85 0.551983 9 0.000027
86 0.552923 18 0.000055
87 0.553863 16 0.000049
88 0.554802 13 0.000039
89 0.555742 18 0.000055
90 0.556682 14 0.000043
91 0.557622 13 0.000039
92 0.558562 13 0.000039
93 0.559502 16 0.000049
94 0.560442 25 0.000076
95 0.561381 14 0.000043
96 0.562321 16 0.000049
97 0.563261 27 0.000082
98 0.564201 88 0.000267
99 0.565141 1 0.000003
