0 0.001706 3 0.000009
1 0.011648 2 0.000006
2 0.021590 6 0.000018
3 0.031532 1 0.000003
4 0.041474 1 0.000003
5 0.051416 2 0.000006
6 0.061358 0 0.000000
7 0.071299 0 0.000000
8 0.081241 0 0.000000
9 0.091183 7 0.000021
10 0.101125 3 0.000009
11 0.111067 3 0.000009
12 0.121009 22 0.000067
13 0.130951 8 0.000024
14 0.140892 0 0.000000
15 0.150834 1 0.000003
16 0.160776 0 0.000000
17 0.170718 2 0.000006
18 0.180660 0 0.000000
19 0.190602 8 0.000024
20 0.200544 40 0.000122
21 0.210485 91 0.000276
22 0.220427 140 0.000425
23 0.230369 50 0.000152
24 0.240311 30 0.000091
25 0.250253 12 0.000036
26 0.260195 12 0.000036
27 0.270137 20 0.000061
28 0.280079 18 0.000055
29 0.290020 102 0.000310
30 0.299962 310 0.000942
31 0.309904 642 0.001950
32 0.319846 1090 0.003311
33 0.329788 1348 0.004095
34 0.339730 939 0.002853
35 0.349672 1848 0.005614
36 0.359613 2748 0.008349
37 0.369555 6345 0.019277
38 0.379497 3403 0.010339
39 0.389439 3407 0.010351
40 0.399381 4287 0.013024
41 0.409323 6408 0.019468
42 0.419265 13009 0.039522
43 0.429206 14947 0.045410
44 0.439148 6950 0.021115
45 0.449090 8201 0.024915
46 0.459032 11422 0.034701
47 0.468974 16489 0.050095
48 0.478916 10488 0.031863
49 0.488858 12423 0.037742
50 0.498799 70499 0.214181
51 0.508741 14243 0.043271
52 0.518683 15885 0.048260
53 0.528625 20522 0.062347
54 0.538567 9336 0.028363
55 0.548509 8694 0.026413
56 0.558451 9241 0.028075
57 0.568393 13688 0.041585
58 0.578334 6510 0.019778
59 0.588276 4824 0.014656
60 0.598218 4356 0.013234
61 0.608160 4348 0.013210
62 0.618102 5444 0.016539
63 0.628044 5530 0.016801
64 0.637986 1578 0.004794
65 0.647927 1362 0.004138
66 0.657869 1634 0.004964
67 0.667811 1918 0.005827
68 0.677753 863 0.002622
69 0.687695 389 0.001182
70 0.697637 362 0.001100
71 0.707579 251 0.000763
72 0.717520 24 0.000073
73 0.727462 20 0.000061
74 0.737404 17 0.000052
75 0.747346 7 0.000021
76 0.757288 9 0.000027
77 0.767230 37 0.000112
78 0.777172 39 0.000118
79 0.787113 59 0.000179
80 0.797055 105 0.000319
81 0.806997 29 0.000088
82 0.816939 0 0.000000
83 0.826881 0 0.000000
84 0.836823 0 0.000000
85 0.846765 0 0.000000
86 0.856707 2 0.000006
87 0.866648 6 0.000018
88 0.876590 5 0.000015
89 0.886532 16 0.000049
90 0.896474 12 0.000036
91 0.906416 0 0.000000
92 0.916358 0 0.000000
93 0.926300 0 0.000000
94 0.936241 0 0.000000
95 0.946183 0 0.000000
96 0.956125 0 0.000000
97 0.966067 0 0.000000
98 0.976009 1 0.000003
99 0.985951 3 0.000009
