0 0.067564 175 0.000532
1 0.076969 97 0.000295
2 0.086374 163 0.000495
3 0.095779 107 0.000325
4 0.105184 91 0.000276
5 0.114589 52 0.000158
6 0.123994 72 0.000219
7 0.133399 54 0.000164
8 0.142804 51 0.000155
9 0.152209 56 0.000170
10 0.161614 60 0.000182
11 0.171019 39 0.000118
12 0.180423 52 0.000158
13 0.189828 46 0.000140
14 0.199233 68 0.000207
15 0.208638 102 0.000310
16 0.218043 116 0.000352
17 0.227448 131 0.000398
18 0.236853 162 0.000492
19 0.246258 275 0.000835
20 0.255663 459 0.001394
21 0.265068 471 0.001431
22 0.274473 397 0.001206
23 0.283878 411 0.001249
24 0.293283 458 0.001391
25 0.302688 565 0.001717
26 0.312093 518 0.001574
27 0.321498 931 0.002828
28 0.330903 4418 0.013422
29 0.340308 1762 0.005353
30 0.349713 748 0.002272
31 0.359118 536 0.001628
32 0.368523 364 0.001106
33 0.377928 229 0.000696
34 0.387333 263 0.000799
35 0.396738 285 0.000866
36 0.406143 249 0.000756
37 0.415548 452 0.001373
38 0.424953 399 0.001212
39 0.434358 420 0.001276
40 0.443763 533 0.001619
41 0.453168 637 0.001935
42 0.462573 750 0.002279
43 0.471978 759 0.002306
44 0.481383 1229 0.003734
45 0.490788 1912 0.005809
46 0.500193 1579 0.004797
47 0.509598 1791 0.005441
48 0.519003 2050 0.006228
49 0.528408 1906 0.005791
50 0.537813 3011 0.009148
51 0.547218 4128 0.012541
52 0.556623 5401 0.016409
53 0.566028 7975 0.024229
54 0.575433 10119 0.030742
55 0.584838 25390 0.077137
56 0.594243 43798 0.133062
57 0.603648 40339 0.122553
58 0.613053 20390 0.061946
59 0.622458 10738 0.032623
60 0.631863 9228 0.028035
61 0.641268 6467 0.019647
62 0.650673 4725 0.014355
63 0.660078 3951 0.012003
64 0.669483 3674 0.011162
65 0.678888 3160 0.009600
66 0.688293 2841 0.008631
67 0.697698 2627 0.007981
68 0.707103 2523 0.007665
69 0.716508 2350 0.007139
70 0.725913 2276 0.006915
71 0.735318 2156 0.006550
72 0.744723 2402 0.007297
73 0.754128 2293 0.006966
74 0.763533 2228 0.006769
75 0.772938 2257 0.006857
76 0.782343 2625 0.007975
77 0.791748 2580 0.007838
78 0.801153 2586 0.007856
79 0.810557 2622 0.007966
80 0.819963 2294 0.006969
81 0.829367 2622 0.007966
82 0.838772 3744 0.011375
83 0.848177 3468 0.010536
84 0.857582 3827 0.011627
85 0.866987 4946 0.015026
86 0.876392 5940 0.018046
87 0.885797 6958 0.021139
88 0.895202 5346 0.016242
89 0.904607 3089 0.009385
90 0.914012 2965 0.009008
91 0.923417 3751 0.011396
92 0.932822 5209 0.015825
93 0.942227 4044 0.012286
94 0.951632 2063 0.006268
95 0.961037 916 0.002783
96 0.970442 731 0.002221
97 0.979847 730 0.002218
98 0.989252 202 0.000614
99 0.998657 1 0.000003
