0 0.009172 48 0.000146
1 0.019180 87 0.000264
2 0.029187 98 0.000298
3 0.039194 102 0.000310
4 0.049202 70 0.000213
5 0.059209 50 0.000152
6 0.069216 39 0.000118
7 0.079223 84 0.000255
8 0.089231 69 0.000210
9 0.099238 60 0.000182
10 0.109245 61 0.000185
11 0.119252 45 0.000137
12 0.129260 61 0.000185
13 0.139267 47 0.000143
14 0.149274 50 0.000152
15 0.159282 39 0.000118
16 0.169289 50 0.000152
17 0.179296 36 0.000109
18 0.189303 71 0.000216
19 0.199311 121 0.000368
20 0.209318 84 0.000255
21 0.219325 82 0.000249
22 0.229333 90 0.000273
23 0.239340 172 0.000523
24 0.249347 503 0.001528
25 0.259354 516 0.001568
26 0.269362 455 0.001382
27 0.279369 680 0.002066
28 0.289376 476 0.001446
29 0.299384 507 0.001540
30 0.309391 1832 0.005566
31 0.319398 1181 0.003588
32 0.329405 3248 0.009868
33 0.339413 1831 0.005563
34 0.349420 707 0.002148
35 0.359427 226 0.000687
36 0.369435 313 0.000951
37 0.379442 256 0.000778
38 0.389449 277 0.000842
39 0.399456 359 0.001091
40 0.409464 473 0.001437
41 0.419471 457 0.001388
42 0.429478 451 0.001370
43 0.439486 543 0.001650
44 0.449493 793 0.002409
45 0.459500 829 0.002519
46 0.469507 1108 0.003366
47 0.479515 1424 0.004326
48 0.489522 1836 0.005578
49 0.499529 1967 0.005976
50 0.509537 1955 0.005939
51 0.519544 2720 0.008264
52 0.529551 3315 0.010071
53 0.539558 4367 0.013267
54 0.549566 6238 0.018951
55 0.559573 8547 0.025966
56 0.569580 14630 0.044447
57 0.579588 36729 0.111585
58 0.589595 45708 0.138864
59 0.599602 29040 0.088226
60 0.609609 15520 0.047151
61 0.619617 12806 0.038906
62 0.629624 7993 0.024283
63 0.639631 5636 0.017123
64 0.649638 4750 0.014431
65 0.659646 3952 0.012006
66 0.669653 3513 0.010673
67 0.679660 3124 0.009491
68 0.689668 2885 0.008765
69 0.699675 2565 0.007793
70 0.709682 2480 0.007534
71 0.719689 2338 0.007103
72 0.729697 2479 0.007531
73 0.739704 2634 0.008002
74 0.749711 2456 0.007462
75 0.759719 2509 0.007623
76 0.769726 2948 0.008956
77 0.779733 2700 0.008203
78 0.789740 2712 0.008239
79 0.799748 2387 0.007252
80 0.809755 2728 0.008288
81 0.819762 3514 0.010676
82 0.829770 3626 0.011016
83 0.839777 3708 0.011265
84 0.849784 4828 0.014668
85 0.859791 7085 0.021525
86 0.869799 6015 0.018274
87 0.879806 6418 0.019498
88 0.889813 3873 0.011766
89 0.899821 3631 0.011031
90 0.909828 4199 0.012757
91 0.919835 4777 0.014513
92 0.929842 3369 0.010235
93 0.939850 2170 0.006593
94 0.949857 871 0.002646
95 0.959864 673 0.002045
96 0.969872 624 0.001896
97 0.979879 315 0.000957
98 0.989886 131 0.000398
99 0.999893 1 0.000003
