0.000000 0 0 0.007128 0.000000 1.005542 0.006691 0.000000 1.005903
0.200000 0 1 0.004226 0.000000 1.013176 0.003652 0.000000 0.914517
0.400000 0 2 0.002219 0.000000 0.982532 0.001798 0.000000 0.983564
0.600000 0 3 0.002020 0.000000 0.917675 0.002053 0.000000 0.938645
0.800000 0 4 0.001942 0.000000 0.962156 0.001696 0.000000 0.970473
1.000000 1 0 0.001908 0.000000 0.961700 0.002282 0.000000 0.961945
1.200000 1 1 0.001887 0.000000 0.974478 0.000951 0.000000 0.066834
1.400000 1 2 0.001854 0.000000 0.969205 0.001815 0.000000 0.960497
1.600000 1 3 0.001836 0.000000 0.961499 0.002192 0.000000 0.949110
1.800000 1 4 0.001835 0.000000 0.948445 0.001544 0.000000 0.960450
2.000000 2 0 0.001804 0.000000 0.955003 0.001714 0.000000 0.938380
2.200000 2 1 0.001793 0.000000 0.951947 0.002265 0.000000 0.959884
2.400000 2 2 0.001778 0.000000 0.952890 0.003296 0.000000 0.956463
2.600000 2 3 0.001767 0.000000 0.943118 0.001197 0.000000 0.933257
2.800000 2 4 0.001750 0.000000 0.945370 0.001744 0.000000 0.952790
3.000000 3 0 0.001749 0.000000 0.938218 0.000819 0.000000 0.057515
3.200000 3 1 0.001732 0.000000 0.939618 0.002968 0.000000 0.951205
3.400000 3 2 0.001715 0.000000 0.915117 0.001115 0.000000 0.889060
3.600000 3 3 0.001722 0.000000 0.932360 0.000863 0.000000 0.081844
3.800000 3 4 0.001683 0.000000 0.930442 0.001542 0.000000 0.921763
4.000000 4 0 0.001698 0.000000 0.971161 0.001524 0.000000 0.988428
4.200000 4 1 0.001643 0.000000 0.927432 0.001668 0.000000 0.960017
4.400000 4 2 0.001652 0.000000 0.951834 0.001017 0.000000 0.927429
4.600000 4 3 0.001633 0.000000 0.943961 0.001165 0.000000 0.950238
4.800000 4 4 0.001624 0.000000 0.944858 0.000697 0.000000 0.057508
5.000000 5 0 0.001653 0.000000 0.941512 0.002669 0.000000 0.946554
5.200000 5 1 0.001631 0.000000 0.930190 0.001956 0.000000 0.935731
5.400000 5 2 0.001595 0.000000 0.939071 0.000997 0.000000 0.935166
5.600000 5 3 0.001604 0.000000 0.941557 0.001081 0.000000 0.931998
5.800000 5 4 0.001563 0.000000 0.948685 0.000636 0.000000 0.033845
6.000000 6 0 0.001579 0.000000 0.939857 0.001599 0.000000 0.925842
6.200000 6 1 0.001569 0.000000 0.924660 0.001583 0.000000 0.939522
6.400000 6 2 0.001572 0.000000 0.962213 0.001910 0.000000 0.954272
6.600000 6 3 0.001561 0.000000 0.926713 0.001644 0.000000 0.945843
6.800000 6 4 0.001563 0.000000 0.918734 0.001551 0.000000 0.914802
7.000000 7 0 0.001525 0.000000 0.955650 0.001850 0.000000 0.948828
7.200000 7 1 0.001549 0.000000 0.918821 0.001249 0.000000 0.952138
7.400000 7 2 0.001546 0.000000 0.930907 0.001879 0.000000 0.932853
7.600000 7 3 0.001518 0.000000 0.955279 0.001871 0.000000 0.950930
7.800000 7 4 0.001524 0.000000 0.935629 0.001596 0.000000 0.968270
8.000000 8 0 0.001513 0.000000 0.938944 0.001503 0.000000 0.927910
8.200000 8 1 0.001495 0.000000 0.905087 0.001215 0.000000 0.936874
8.400000 8 2 0.001497 0.000000 0.926633 0.002135 0.000000 0.936681
8.600000 8 3 0.001509 0.000000 0.915153 0.001866 0.000000 0.934324
8.800000 8 4 0.001488 0.000000 0.937296 0.001290 0.000000 0.963131
9.000000 9 0 0.001496 0.000000 0.943258 0.001541 0.000000 0.937507
9.200000 9 1 0.001489 0.000000 0.943404 0.001231 0.000000 0.916434
9.400000 9 2 0.001497 0.000000 0.938075 0.000875 0.000000 0.891640
9.600000 9 3 0.001493 0.000000 0.943991 0.000887 0.000000 0.971943
9.800000 9 4 0.001489 0.000000 0.945836 0.001187 0.000000 0.938908
