0 0 0.000000 0.230303 0.134647 0.229692 0.134504
0 1 0.476190 0.208622 0.136152 0.204378 0.132597
0 2 0.952381 0.203158 0.132929 0.204075 0.132733
0 3 1.428571 0.201030 0.131381 0.203707 0.133464
0 4 1.904762 0.202761 0.131982 0.204737 0.133417
0 5 2.380952 0.202214 0.132308 0.203799 0.133371
0 6 2.857143 0.207153 0.134974 0.201644 0.131779
0 7 3.333333 0.204920 0.134287 0.205435 0.134041
0 8 3.809524 0.200913 0.131481 0.205153 0.133978
0 9 4.285714 0.203449 0.133386 0.204375 0.133546
0 10 4.761905 0.205402 0.134557 0.203577 0.132712
0 11 5.238095 0.204073 0.133442 0.204595 0.133485
0 12 5.714286 0.201949 0.131993 0.203747 0.133094
0 13 6.190476 0.206431 0.134920 0.204558 0.133275
0 14 6.666667 0.205559 0.134755 0.203483 0.132706
0 15 7.142857 0.200440 0.131087 0.203595 0.132934
0 16 7.619048 0.204960 0.133258 0.204443 0.133221
0 17 8.095238 0.200028 0.131060 0.201057 0.132036
0 18 8.571428 0.203431 0.132983 0.203913 0.133563
0 19 9.047619 0.204511 0.133848 0.203015 0.132788
0 20 9.523809 0.202087 0.131876 0.206175 0.134441
1 0 10.000000 0.202660 0.132035 0.204945 0.133899
1 1 10.476191 0.203111 0.132624 0.204411 0.133445
1 2 10.952381 0.205650 0.133845 0.205442 0.133890
1 3 11.428572 0.203532 0.132661 0.205071 0.133655
1 4 11.904762 0.203573 0.133420 0.203728 0.133396
1 5 12.380953 0.203281 0.132949 0.204094 0.133483
1 6 12.857142 0.202911 0.133259 0.204707 0.134005
1 7 13.333333 0.202566 0.132408 0.203571 0.132918
1 8 13.809524 0.203920 0.133357 0.204380 0.133100
1 9 14.285714 0.204752 0.133384 0.202993 0.132227
1 10 14.761905 0.204078 0.132873 0.202715 0.132805
1 11 15.238095 0.204833 0.133484 0.204397 0.133445
1 12 15.714286 0.205263 0.133801 0.203326 0.132985
1 13 16.190475 0.205430 0.133867 0.204074 0.133689
1 14 16.666666 0.205349 0.134302 0.204808 0.134061
1 15 17.142857 0.204844 0.133907 0.201717 0.131851
1 16 17.619047 0.203819 0.133326 0.205650 0.134435
1 17 18.095238 0.205620 0.134463 0.207179 0.134869
1 18 18.571428 0.208101 0.136270 0.203412 0.133375
1 19 19.047619 0.204069 0.133043 0.205169 0.133424
1 20 19.523809 0.205193 0.134394 0.205122 0.133962
2 0 20.000000 0.205108 0.133454 0.204316 0.133540
2 1 20.476191 0.204549 0.133352 0.203044 0.132614
2 2 20.952381 0.207932 0.135494 0.204222 0.133027
2 3 21.428572 0.203725 0.133190 0.204070 0.133468
2 4 21.904762 0.204293 0.133378 0.201678 0.131472
2 5 22.380953 0.203079 0.132800 0.205263 0.133903
2 6 22.857143 0.206160 0.135040 0.204017 0.133110
2 7 23.333334 0.200920 0.131537 0.202669 0.132730
2 8 23.809525 0.203013 0.133078 0.204043 0.133199
2 9 24.285715 0.204252 0.133332 0.201152 0.131702
2 10 24.761906 0.203293 0.132151 0.203142 0.132348
2 11 25.238094 0.207034 0.135193 0.203179 0.132942
2 12 25.714285 0.203554 0.132599 0.202898 0.132571
2 13 26.190475 0.204302 0.133640 0.204199 0.133488
2 14 26.666666 0.202001 0.132039 0.204892 0.134146
2 15 27.142857 0.201491 0.131995 0.202762 0.132350
2 16 27.619047 0.201813 0.131721 0.205607 0.134180
2 17 28.095238 0.199525 0.130518 0.204167 0.133575
2 18 28.571428 0.202544 0.132705 0.202240 0.132543
2 19 29.047619 0.204870 0.133040 0.204496 0.133281
2 20 29.523809 0.205828 0.134376 0.207463 0.135236
3 0 30.000000 0.205998 0.134481 0.205511 0.134270
3 1 30.476191 0.205778 0.134286 0.201600 0.132096
3 2 30.952381 0.204817 0.133739 0.201315 0.131268
3 3 31.428572 0.204386 0.133197 0.203046 0.132652
3 4 31.904762 0.203231 0.132793 0.204828 0.133719
3 5 32.380951 0.205147 0.134436 0.203564 0.133499
3 6 32.857143 0.205231 0.133817 0.205064 0.133919
3 7 33.333332 0.201575 0.131620 0.203264 0.132932
3 8 33.809525 0.204358 0.133287 0.203564 0.132633
3 9 34.285713 0.202618 0.131935 0.203509 0.133646
3 10 34.761906 0.201796 0.131892 0.203771 0.133343
3 11 35.238094 0.202731 0.132215 0.206460 0.134495
3 12 35.714287 0.204500 0.133905 0.203921 0.133352
3 13 36.190475 0.204445 0.133065 0.203430 0.132925
3 14 36.666668 0.201750 0.132108 0.203052 0.133265
3 15 37.142857 0.206734 0.134831 0.205622 0.134073
3 16 37.619049 0.205065 0.133338 0.207464 0.135380
3 17 38.095238 0.203832 0.133027 0.201945 0.132054
3 18 38.571430 0.205158 0.134163 0.201512 0.132859
3 19 39.047619 0.208406 0.136034 0.204361 0.133365
3 20 39.523811 0.204449 0.133818 0.206204 0.134358
4 0 40.000000 0.203651 0.132916 0.204735 0.133529
4 1 40.476189 0.203772 0.133051 0.203860 0.133336
4 2 40.952381 0.205185 0.134247 0.206863 0.135356
4 3 41.428570 0.206935 0.135143 0.203294 0.132571
4 4 41.904762 0.201887 0.131506 0.202741 0.132719
4 5 42.380951 0.203546 0.132743 0.205358 0.133806
4 6 42.857143 0.203558 0.133128 0.200819 0.131337
4 7 43.333332 0.200260 0.130920 0.205302 0.134414
4 8 43.809525 0.203873 0.133271 0.201196 0.131581
4 9 44.285713 0.201627 0.132078 0.204706 0.133709
4 10 44.761906 0.203528 0.133498 0.200429 0.130740
4 11 45.238094 0.206192 0.134383 0.204526 0.133102
4 12 45.714287 0.202458 0.133051 0.202105 0.133005
4 13 46.190475 0.205145 0.133452 0.204698 0.133822
4 14 46.666668 0.204445 0.133424 0.204370 0.133072
4 15 47.142857 0.205628 0.134064 0.204500 0.133100
4 16 47.619049 0.203699 0.132945 0.201870 0.132657
4 17 48.095238 0.204250 0.133557 0.205316 0.134600
4 18 48.571430 0.207997 0.135199 0.205471 0.133734
4 19 49.047619 0.202983 0.133368 0.203400 0.132786
4 20 49.523811 0.204807 0.133179 0.204430 0.132933
5 0 50.000000 0.205988 0.134501 0.204426 0.134002
5 1 50.476189 0.200744 0.131880 0.202412 0.132253
5 2 50.952381 0.204801 0.133652 0.202442 0.132202
5 3 51.428570 0.203365 0.132689 0.204026 0.133044
5 4 51.904762 0.205774 0.134262 0.203733 0.133174
5 5 52.380951 0.206077 0.134284 0.203427 0.132656
5 6 52.857143 0.204569 0.133566 0.204114 0.133718
5 7 53.333332 0.201721 0.131686 0.208447 0.135660
5 8 53.809525 0.205199 0.134170 0.204374 0.133747
5 9 54.285713 0.204905 0.134333 0.203511 0.133331
5 10 54.761906 0.202040 0.132596 0.201610 0.132206
5 11 55.238094 0.204421 0.133479 0.203355 0.133124
5 12 55.714287 0.206060 0.134996 0.203652 0.133596
5 13 56.190475 0.200442 0.130849 0.202742 0.132685
5 14 56.666668 0.206066 0.133999 0.205542 0.134023
5 15 57.142857 0.202034 0.131683 0.205660 0.134147
5 16 57.619049 0.205813 0.134401 0.202631 0.132023
5 17 58.095238 0.202749 0.132237 0.205625 0.133798
5 18 58.571430 0.206871 0.135232 0.207681 0.135586
5 19 59.047619 0.203703 0.133370 0.204699 0.134025
5 20 59.523811 0.203988 0.133607 0.204564 0.133647
6 0 60.000000 0.204332 0.133629 0.201069 0.131668
6 1 60.476189 0.202319 0.132397 0.204876 0.133782
6 2 60.952381 0.205826 0.133647 0.204489 0.133501
6 3 61.428570 0.206566 0.135460 0.203469 0.132603
6 4 61.904762 0.202916 0.132508 0.205810 0.134287
6 5 62.380951 0.207405 0.135974 0.203351 0.133050
6 6 62.857143 0.203980 0.132901 0.202969 0.132288
6 7 63.333332 0.202705 0.132819 0.203683 0.133069
6 8 63.809525 0.203552 0.132664 0.203018 0.132349
6 9 64.285713 0.206018 0.134274 0.205078 0.134021
6 10 64.761902 0.205616 0.133882 0.206641 0.134928
6 11 65.238098 0.204203 0.134090 0.200862 0.131415
6 12 65.714287 0.200510 0.130723 0.205633 0.134168
6 13 66.190475 0.204932 0.133449 0.204649 0.133468
6 14 66.666664 0.206306 0.134722 0.202896 0.132948
6 15 67.142860 0.204666 0.134000 0.205128 0.134249
6 16 67.619049 0.203087 0.132547 0.207669 0.135515
6 17 68.095238 0.201707 0.132151 0.204367 0.133245
6 18 68.571426 0.203548 0.132618 0.206826 0.135067
6 19 69.047623 0.205641 0.134185 0.203947 0.133198
6 20 69.523811 0.204373 0.132924 0.203100 0.132242
7 0 70.000000 0.203825 0.133325 0.204807 0.133821
7 1 70.476189 0.203127 0.132421 0.204427 0.133829
7 2 70.952377 0.204689 0.133876 0.203954 0.132824
7 3 71.428574 0.201918 0.132435 0.204879 0.133937
7 4 71.904762 0.202639 0.132305 0.204067 0.133767
7 5 72.380951 0.206422 0.134802 0.201855 0.131409
7 6 72.857140 0.205592 0.133773 0.204926 0.133528
7 7 73.333336 0.202814 0.132441 0.206129 0.133862
7 8 73.809525 0.204891 0.133060 0.205939 0.133840
7 9 74.285713 0.202935 0.132573 0.203883 0.133137
7 10 74.761902 0.204569 0.133856 0.206271 0.134421
7 11 75.238098 0.204759 0.133491 0.206606 0.134752
7 12 75.714287 0.205802 0.133937 0.205129 0.133697
7 13 76.190475 0.203837 0.133144 0.202482 0.132313
7 14 76.666664 0.203262 0.132569 0.200706 0.131652
7 15 77.142860 0.203101 0.133206 0.202660 0.133003
7 16 77.619049 0.202627 0.132745 0.204514 0.134159
7 17 78.095238 0.206107 0.134737 0.205567 0.133862
7 18 78.571426 0.203985 0.132791 0.205233 0.134013
7 19 79.047623 0.202414 0.132528 0.203309 0.133563
7 20 79.523811 0.202991 0.132231 0.205194 0.133930
8 0 80.000000 0.205903 0.134554 0.203292 0.132723
8 1 80.476189 0.204081 0.133131 0.199811 0.130464
8 2 80.952377 0.203281 0.132336 0.208446 0.135509
8 3 81.428574 0.202814 0.131647 0.202748 0.132572
8 4 81.904762 0.204032 0.133511 0.205309 0.134269
8 5 82.380951 0.203862 0.133482 0.204676 0.133562
8 6 82.857140 0.204723 0.133501 0.203392 0.132805
8 7 83.333336 0.206176 0.134942 0.204156 0.133485
8 8 83.809525 0.205927 0.135061 0.202727 0.132452
8 9 84.285713 0.205898 0.134084 0.203123 0.133050
8 10 84.761902 0.205993 0.134506 0.204082 0.133499
8 11 85.238098 0.199386 0.130569 0.201386 0.131757
8 12 85.714287 0.205682 0.135121 0.202522 0.132539
8 13 86.190475 0.206099 0.134441 0.201844 0.132305
8 14 86.666664 0.203739 0.133364 0.205685 0.134040
8 15 87.142860 0.207017 0.134906 0.205823 0.133784
8 16 87.619049 0.206309 0.134575 0.206135 0.134465
8 17 88.095238 0.202940 0.132644 0.205936 0.134248
8 18 88.571426 0.204356 0.133569 0.203808 0.133519
8 19 89.047623 0.202384 0.132219 0.204907 0.133706
8 20 89.523811 0.203853 0.132831 0.204735 0.134127
9 0 90.000000 0.206309 0.134551 0.205224 0.134253
9 1 90.476189 0.204487 0.133412 0.204484 0.133603
9 2 90.952377 0.205071 0.133811 0.203717 0.133010
9 3 91.428574 0.205515 0.134275 0.204211 0.133546
9 4 91.904762 0.202760 0.132971 0.201338 0.131690
9 5 92.380951 0.206061 0.134324 0.203280 0.132912
9 6 92.857140 0.203475 0.133303 0.200856 0.131375
9 7 93.333336 0.202940 0.132275 0.203492 0.133114
9 8 93.809525 0.201945 0.132561 0.205190 0.134187
9 9 94.285713 0.200864 0.130782 0.201873 0.131993
9 10 94.761902 0.206953 0.135031 0.203779 0.132575
9 11 95.238098 0.202918 0.132608 0.204418 0.133550
9 12 95.714287 0.203275 0.133053 0.204614 0.134847
9 13 96.190475 0.201709 0.132309 0.204333 0.133725
9 14 96.666664 0.204603 0.133691 0.204320 0.133745
9 15 97.142860 0.203256 0.132552 0.205427 0.134005
9 16 97.619049 0.203344 0.132865 0.205416 0.134017
9 17 98.095238 0.201768 0.132204 0.201619 0.131929
9 18 98.571426 0.204924 0.134083 0.205777 0.134362
9 19 99.047623 0.204498 0.133488 0.205497 0.134022
9 20 99.523811 0.203870 0.133571 0.206028 0.134478
