0 0 0.000000 0.241012 0.134923 0.242246 0.134613
0 1 0.476190 0.203324 0.132524 0.203799 0.132975
0 2 0.952381 0.203535 0.132482 0.205128 0.133519
0 3 1.428571 0.204200 0.133647 0.201701 0.132069
0 4 1.904762 0.204416 0.132993 0.203183 0.132529
0 5 2.380952 0.202216 0.132369 0.204779 0.134216
0 6 2.857143 0.205914 0.134158 0.203431 0.133149
0 7 3.333333 0.201811 0.131624 0.203247 0.133312
0 8 3.809524 0.207424 0.135044 0.207478 0.134906
0 9 4.285714 0.200914 0.131887 0.203259 0.133096
0 10 4.761905 0.204327 0.133712 0.205183 0.134004
0 11 5.238095 0.202032 0.131918 0.204017 0.133432
0 12 5.714286 0.204043 0.132948 0.204120 0.133468
0 13 6.190476 0.205057 0.134134 0.204522 0.133698
0 14 6.666667 0.204637 0.133627 0.204261 0.133241
0 15 7.142857 0.206265 0.134538 0.203957 0.133149
0 16 7.619048 0.204454 0.134051 0.203623 0.133333
0 17 8.095238 0.203205 0.132949 0.202422 0.132475
0 18 8.571428 0.204322 0.133569 0.204187 0.133431
0 19 9.047619 0.204586 0.134093 0.203210 0.132726
0 20 9.523809 0.203804 0.133539 0.205539 0.134255
1 0 10.000000 0.203560 0.133492 0.203781 0.132926
1 1 10.476191 0.203691 0.132569 0.202158 0.131476
1 2 10.952381 0.204731 0.133267 0.206393 0.134321
1 3 11.428572 0.205322 0.134436 0.205244 0.133740
1 4 11.904762 0.204911 0.133958 0.201645 0.131822
1 5 12.380953 0.203683 0.133257 0.203466 0.133282
1 6 12.857142 0.204881 0.133743 0.206166 0.134746
1 7 13.333333 0.205159 0.134456 0.201421 0.131752
1 8 13.809524 0.202973 0.132345 0.204687 0.133386
1 9 14.285714 0.201975 0.132647 0.206255 0.135338
1 10 14.761905 0.202279 0.132696 0.202848 0.133104
1 11 15.238095 0.204142 0.133615 0.203655 0.132903
1 12 15.714286 0.205934 0.134533 0.204541 0.133787
1 13 16.190475 0.204643 0.133657 0.204358 0.133678
1 14 16.666666 0.205883 0.134312 0.201772 0.131959
1 15 17.142857 0.205395 0.134353 0.203101 0.132252
1 16 17.619047 0.205110 0.134349 0.204001 0.133663
1 17 18.095238 0.204039 0.133585 0.205309 0.134253
1 18 18.571428 0.203313 0.132723 0.202669 0.132266
1 19 19.047619 0.204406 0.133031 0.207021 0.135158
1 20 19.523809 0.204908 0.133896 0.202953 0.132634
2 0 20.000000 0.206404 0.134634 0.206042 0.134408
2 1 20.476191 0.203750 0.133150 0.203907 0.133391
2 2 20.952381 0.204246 0.133304 0.205873 0.134301
2 3 21.428572 0.203064 0.133384 0.200977 0.131577
2 4 21.904762 0.204243 0.133533 0.204114 0.133004
2 5 22.380953 0.206216 0.134865 0.206555 0.134900
2 6 22.857143 0.202986 0.132517 0.205420 0.133830
2 7 23.333334 0.203748 0.133171 0.203884 0.133091
2 8 23.809525 0.200950 0.131139 0.203942 0.133302
2 9 24.285715 0.204576 0.133576 0.204786 0.134046
2 10 24.761906 0.205004 0.134351 0.202893 0.132485
2 11 25.238094 0.203513 0.133027 0.203093 0.131968
2 12 25.714285 0.205752 0.134261 0.206055 0.135423
2 13 26.190475 0.206010 0.134504 0.203803 0.132998
2 14 26.666666 0.206215 0.134692 0.203714 0.133525
2 15 27.142857 0.202937 0.131839 0.208196 0.136088
2 16 27.619047 0.202583 0.132127 0.203785 0.133229
2 17 28.095238 0.207475 0.135034 0.204720 0.134105
2 18 28.571428 0.204560 0.133119 0.201844 0.132073
2 19 29.047619 0.204953 0.134154 0.203244 0.133151
2 20 29.523809 0.205487 0.133833 0.204385 0.133718
3 0 30.000000 0.202806 0.132028 0.206002 0.133718
3 1 30.476191 0.202954 0.132560 0.202541 0.132173
3 2 30.952381 0.205217 0.133710 0.201756 0.132026
3 3 31.428572 0.204008 0.133278 0.204244 0.133293
3 4 31.904762 0.204967 0.133912 0.204548 0.133640
3 5 32.380951 0.203238 0.132776 0.205193 0.134419
3 6 32.857143 0.206064 0.134309 0.204143 0.133140
3 7 33.333332 0.203419 0.132905 0.202931 0.132431
3 8 33.809525 0.205972 0.134680 0.205417 0.134421
3 9 34.285713 0.202415 0.132450 0.203821 0.133377
3 10 34.761906 0.204747 0.133347 0.204083 0.133323
3 11 35.238094 0.205352 0.133881 0.205222 0.133594
3 12 35.714287 0.203373 0.132840 0.205369 0.134062
3 13 36.190475 0.206949 0.135525 0.203876 0.133143
3 14 36.666668 0.204211 0.133956 0.205193 0.134225
3 15 37.142857 0.203959 0.133183 0.203588 0.133199
3 16 37.619049 0.207128 0.134856 0.205125 0.133480
3 17 38.095238 0.203936 0.133206 0.205301 0.133894
3 18 38.571430 0.202081 0.131693 0.205059 0.134167
3 19 39.047619 0.204333 0.133253 0.203880 0.132642
3 20 39.523811 0.202483 0.131731 0.204931 0.134150
4 0 40.000000 0.205922 0.134915 0.202146 0.132176
4 1 40.476189 0.204178 0.133334 0.208141 0.135938
4 2 40.952381 0.204780 0.133655 0.202395 0.132494
4 3 41.428570 0.205637 0.134157 0.200845 0.130972
4 4 41.904762 0.203727 0.133330 0.203853 0.133651
4 5 42.380951 0.205062 0.134667 0.203310 0.133179
4 6 42.857143 0.205035 0.133382 0.202665 0.132347
4 7 43.333332 0.204186 0.133323 0.203949 0.132561
4 8 43.809525 0.201924 0.132336 0.202054 0.132615
4 9 44.285713 0.204315 0.133814 0.205296 0.134016
4 10 44.761906 0.207641 0.135885 0.205600 0.134414
4 11 45.238094 0.205166 0.133939 0.203390 0.133180
4 12 45.714287 0.204921 0.133741 0.202503 0.131942
4 13 46.190475 0.202951 0.132954 0.203053 0.132935
4 14 46.666668 0.203326 0.132672 0.202801 0.131950
4 15 47.142857 0.204673 0.133661 0.204427 0.133351
4 16 47.619049 0.202510 0.131642 0.206781 0.135137
4 17 48.095238 0.205063 0.134376 0.202417 0.131839
4 18 48.571430 0.205496 0.134501 0.206996 0.134895
4 19 49.047619 0.204140 0.133335 0.200831 0.130829
4 20 49.523811 0.205688 0.134086 0.204745 0.133464
5 0 50.000000 0.205729 0.134234 0.202589 0.132174
5 1 50.476189 0.203630 0.132733 0.202700 0.132339
5 2 50.952381 0.205069 0.133692 0.203711 0.133155
5 3 51.428570 0.203285 0.133477 0.205241 0.134547
5 4 51.904762 0.205387 0.133780 0.205924 0.134309
5 5 52.380951 0.202576 0.131138 0.201701 0.131441
5 6 52.857143 0.204289 0.133338 0.204035 0.132900
5 7 53.333332 0.205120 0.133989 0.205055 0.133859
5 8 53.809525 0.204477 0.133681 0.204659 0.134084
5 9 54.285713 0.202642 0.132421 0.205675 0.134229
5 10 54.761906 0.203742 0.133140 0.202350 0.132137
5 11 55.238094 0.201889 0.132001 0.203154 0.132547
5 12 55.714287 0.207092 0.135357 0.206018 0.133961
5 13 56.190475 0.205899 0.134377 0.202137 0.132255
5 14 56.666668 0.202099 0.132008 0.205078 0.133986
5 15 57.142857 0.202774 0.132512 0.200958 0.131533
5 16 57.619049 0.204369 0.133314 0.203872 0.133651
5 17 58.095238 0.201713 0.131337 0.201909 0.132520
5 18 58.571430 0.205223 0.133397 0.201980 0.131537
5 19 59.047619 0.202946 0.132798 0.203505 0.132534
5 20 59.523811 0.204291 0.133791 0.205032 0.133785
6 0 60.000000 0.204987 0.133960 0.205572 0.134262
6 1 60.476189 0.204677 0.133551 0.204086 0.133301
6 2 60.952381 0.204981 0.133539 0.204351 0.133791
6 3 61.428570 0.205032 0.133795 0.203969 0.133255
6 4 61.904762 0.205055 0.133736 0.203903 0.132836
6 5 62.380951 0.204642 0.133802 0.205342 0.134304
6 6 62.857143 0.205652 0.134219 0.206077 0.134339
6 7 63.333332 0.204378 0.132927 0.205846 0.134076
6 8 63.809525 0.204420 0.133849 0.201774 0.132011
6 9 64.285713 0.201639 0.132126 0.206990 0.134898
6 10 64.761902 0.205048 0.133992 0.204864 0.134171
6 11 65.238098 0.204811 0.133302 0.205867 0.134449
6 12 65.714287 0.206768 0.134706 0.205803 0.134597
6 13 66.190475 0.205866 0.133814 0.205995 0.134487
6 14 66.666664 0.201564 0.131537 0.205293 0.134324
6 15 67.142860 0.204710 0.133265 0.202549 0.132252
6 16 67.619049 0.204889 0.133507 0.203495 0.132958
6 17 68.095238 0.206142 0.134716 0.204438 0.133271
6 18 68.571426 0.205420 0.134083 0.204683 0.133779
6 19 69.047623 0.205542 0.134086 0.203083 0.132521
6 20 69.523811 0.207370 0.135349 0.205259 0.133750
7 0 70.000000 0.203751 0.132341 0.205482 0.134330
7 1 70.476189 0.205922 0.134032 0.202914 0.132871
7 2 70.952377 0.202059 0.131779 0.204391 0.133207
7 3 71.428574 0.207580 0.135918 0.204535 0.133170
7 4 71.904762 0.205433 0.133841 0.202783 0.132203
7 5 72.380951 0.204635 0.133841 0.204597 0.133042
7 6 72.857140 0.205177 0.134016 0.203985 0.133096
7 7 73.333336 0.205725 0.134553 0.203073 0.132790
7 8 73.809525 0.203398 0.133051 0.208122 0.135627
7 9 74.285713 0.203329 0.133016 0.204230 0.133228
7 10 74.761902 0.203457 0.133390 0.202784 0.132684
7 11 75.238098 0.204556 0.133457 0.203268 0.132720
7 12 75.714287 0.203371 0.132501 0.203601 0.132982
7 13 76.190475 0.205277 0.134067 0.205585 0.134284
7 14 76.666664 0.203853 0.133408 0.206449 0.134832
7 15 77.142860 0.203666 0.133423 0.203897 0.133607
7 16 77.619049 0.202789 0.132449 0.206049 0.134788
7 17 78.095238 0.203826 0.133170 0.204107 0.133608
7 18 78.571426 0.206643 0.134722 0.202431 0.132043
7 19 79.047623 0.203100 0.132661 0.204141 0.133010
7 20 79.523811 0.203668 0.133172 0.202907 0.132636
8 0 80.000000 0.205798 0.133994 0.206114 0.134543
8 1 80.476189 0.205134 0.133811 0.204590 0.133213
8 2 80.952377 0.205873 0.134633 0.205525 0.134225
8 3 81.428574 0.205545 0.133795 0.206910 0.134651
8 4 81.904762 0.203430 0.133064 0.202791 0.132849
8 5 82.380951 0.204280 0.133423 0.207387 0.135283
8 6 82.857140 0.203772 0.133403 0.202687 0.132444
8 7 83.333336 0.204416 0.132778 0.205263 0.133939
8 8 83.809525 0.203927 0.132739 0.202500 0.132425
8 9 84.285713 0.203697 0.133105 0.204092 0.132952
8 10 84.761902 0.204696 0.133929 0.204424 0.133637
8 11 85.238098 0.204162 0.134166 0.204283 0.133361
8 12 85.714287 0.206643 0.134688 0.204326 0.133181
8 13 86.190475 0.206651 0.135202 0.203192 0.132552
8 14 86.666664 0.204093 0.133119 0.204276 0.133508
8 15 87.142860 0.205891 0.134402 0.204817 0.133809
8 16 87.619049 0.202850 0.132891 0.204200 0.133908
8 17 88.095238 0.202963 0.132419 0.205683 0.134341
8 18 88.571426 0.204662 0.133361 0.207200 0.134696
8 19 89.047623 0.207016 0.135587 0.203566 0.132630
8 20 89.523811 0.206731 0.134712 0.205644 0.133934
9 0 90.000000 0.202700 0.132533 0.202779 0.132575
9 1 90.476189 0.203571 0.133077 0.202331 0.132197
9 2 90.952377 0.205383 0.133742 0.204632 0.133561
9 3 91.428574 0.202575 0.132419 0.204960 0.134236
9 4 91.904762 0.201028 0.131799 0.202708 0.132777
9 5 92.380951 0.201589 0.131454 0.204427 0.133520
9 6 92.857140 0.205073 0.134428 0.206140 0.135024
9 7 93.333336 0.205995 0.134467 0.205824 0.133997
9 8 93.809525 0.202707 0.132451 0.201949 0.132291
9 9 94.285713 0.203118 0.132159 0.202966 0.132281
9 10 94.761902 0.204725 0.133864 0.207721 0.135815
9 11 95.238098 0.205357 0.133678 0.203799 0.133066
9 12 95.714287 0.203016 0.132271 0.203015 0.133188
9 13 96.190475 0.200764 0.131130 0.204403 0.133307
9 14 96.666664 0.203397 0.133202 0.203878 0.133080
9 15 97.142860 0.204225 0.134137 0.201519 0.132135
9 16 97.619049 0.203614 0.132831 0.205628 0.133919
9 17 98.095238 0.204178 0.133072 0.204401 0.133648
9 18 98.571426 0.209221 0.135872 0.205896 0.134117
9 19 99.047623 0.203583 0.133339 0.204098 0.133018
9 20 99.523811 0.206072 0.134445 0.202058 0.132003
