0 -0.219703 1 0.001000
1 -0.214153 0 0.000000
2 -0.208603 0 0.000000
3 -0.203053 0 0.000000
4 -0.197503 0 0.000000
5 -0.191953 0 0.000000
6 -0.186403 0 0.000000
7 -0.180853 0 0.000000
8 -0.175303 0 0.000000
9 -0.169753 0 0.000000
10 -0.164203 0 0.000000
11 -0.158653 0 0.000000
12 -0.153103 0 0.000000
13 -0.147553 0 0.000000
14 -0.142003 0 0.000000
15 -0.136453 0 0.000000
16 -0.130903 0 0.000000
17 -0.125353 0 0.000000
18 -0.119803 0 0.000000
19 -0.114253 1 0.001000
20 -0.108703 1 0.001000
21 -0.103153 1 0.001000
22 -0.097603 4 0.004000
23 -0.092053 2 0.002000
24 -0.086503 5 0.005000
25 -0.080953 8 0.008000
26 -0.075403 5 0.005000
27 -0.069853 5 0.005000
28 -0.064303 6 0.006000
29 -0.058753 16 0.016000
30 -0.053203 11 0.011000
31 -0.047653 13 0.013000
32 -0.042103 26 0.026000
33 -0.036553 28 0.028000
34 -0.031003 35 0.035000
35 -0.025453 45 0.045000
36 -0.019903 69 0.069000
37 -0.014353 94 0.094000
38 -0.008803 77 0.077000
39 -0.003253 97 0.097000
40 0.002297 90 0.090000
41 0.007847 71 0.071000
42 0.013397 61 0.061000
43 0.018947 62 0.062000
44 0.024497 32 0.032000
45 0.030047 25 0.025000
46 0.035597 21 0.021000
47 0.041147 19 0.019000
48 0.046698 15 0.015000
49 0.052248 6 0.006000
50 0.057798 9 0.009000
51 0.063348 5 0.005000
52 0.068898 7 0.007000
53 0.074448 6 0.006000
54 0.079998 3 0.003000
55 0.085548 1 0.001000
56 0.091098 2 0.002000
57 0.096648 4 0.004000
58 0.102198 0 0.000000
59 0.107748 2 0.002000
60 0.113298 2 0.002000
61 0.118848 2 0.002000
62 0.124398 1 0.001000
63 0.129948 1 0.001000
64 0.135498 0 0.000000
65 0.141048 1 0.001000
66 0.146598 0 0.000000
67 0.152148 0 0.000000
68 0.157698 1 0.001000
69 0.163248 0 0.000000
70 0.168798 0 0.000000
71 0.174348 0 0.000000
72 0.179898 0 0.000000
73 0.185448 0 0.000000
74 0.190998 0 0.000000
75 0.196548 0 0.000000
76 0.202098 0 0.000000
77 0.207648 0 0.000000
78 0.213198 0 0.000000
79 0.218748 0 0.000000
80 0.224298 0 0.000000
81 0.229848 0 0.000000
82 0.235398 0 0.000000
83 0.240948 0 0.000000
84 0.246498 0 0.000000
85 0.252048 0 0.000000
86 0.257598 0 0.000000
87 0.263148 0 0.000000
88 0.268698 0 0.000000
89 0.274248 0 0.000000
90 0.279798 0 0.000000
91 0.285348 0 0.000000
92 0.290898 0 0.000000
93 0.296448 0 0.000000
94 0.301998 0 0.000000
95 0.307548 0 0.000000
96 0.313098 0 0.000000
97 0.318648 0 0.000000
98 0.324198 0 0.000000
99 0.329749 1 0.001000
