0 0.000000 2978 0.992667
1 0.009759 15 0.005000
2 0.019517 3 0.001000
3 0.029276 0 0.000000
4 0.039034 1 0.000333
5 0.048793 0 0.000000
6 0.058551 0 0.000000
7 0.068310 0 0.000000
8 0.078068 0 0.000000
9 0.087827 0 0.000000
10 0.097585 0 0.000000
11 0.107344 1 0.000333
12 0.117102 0 0.000000
13 0.126861 0 0.000000
14 0.136619 0 0.000000
15 0.146378 0 0.000000
16 0.156136 0 0.000000
17 0.165895 0 0.000000
18 0.175654 0 0.000000
19 0.185412 0 0.000000
20 0.195171 0 0.000000
21 0.204929 0 0.000000
22 0.214688 0 0.000000
23 0.224446 0 0.000000
24 0.234205 0 0.000000
25 0.243963 0 0.000000
26 0.253722 0 0.000000
27 0.263480 0 0.000000
28 0.273239 0 0.000000
29 0.282997 0 0.000000
30 0.292756 0 0.000000
31 0.302514 0 0.000000
32 0.312273 0 0.000000
33 0.322031 0 0.000000
34 0.331790 0 0.000000
35 0.341549 0 0.000000
36 0.351307 0 0.000000
37 0.361066 0 0.000000
38 0.370824 0 0.000000
39 0.380583 0 0.000000
40 0.390341 0 0.000000
41 0.400100 0 0.000000
42 0.409858 0 0.000000
43 0.419617 0 0.000000
44 0.429375 0 0.000000
45 0.439134 0 0.000000
46 0.448892 0 0.000000
47 0.458651 0 0.000000
48 0.468409 0 0.000000
49 0.478168 0 0.000000
50 0.487926 0 0.000000
51 0.497685 0 0.000000
52 0.507443 0 0.000000
53 0.517202 0 0.000000
54 0.526961 0 0.000000
55 0.536719 0 0.000000
56 0.546478 0 0.000000
57 0.556236 0 0.000000
58 0.565995 0 0.000000
59 0.575753 0 0.000000
60 0.585512 0 0.000000
61 0.595270 0 0.000000
62 0.605029 0 0.000000
63 0.614787 0 0.000000
64 0.624546 0 0.000000
65 0.634304 0 0.000000
66 0.644063 0 0.000000
67 0.653821 0 0.000000
68 0.663580 0 0.000000
69 0.673338 0 0.000000
70 0.683097 0 0.000000
71 0.692856 0 0.000000
72 0.702614 0 0.000000
73 0.712373 0 0.000000
74 0.722131 0 0.000000
75 0.731890 0 0.000000
76 0.741648 0 0.000000
77 0.751407 0 0.000000
78 0.761165 0 0.000000
79 0.770924 0 0.000000
80 0.780682 0 0.000000
81 0.790441 0 0.000000
82 0.800199 0 0.000000
83 0.809958 0 0.000000
84 0.819716 0 0.000000
85 0.829475 0 0.000000
86 0.839233 0 0.000000
87 0.848992 0 0.000000
88 0.858750 0 0.000000
89 0.868509 1 0.000333
90 0.878268 0 0.000000
91 0.888026 0 0.000000
92 0.897785 0 0.000000
93 0.907543 0 0.000000
94 0.917302 0 0.000000
95 0.927060 0 0.000000
96 0.936819 0 0.000000
97 0.946577 0 0.000000
98 0.956336 0 0.000000
99 0.966094 1 0.000333
