0 -0.982901 1 0.001000
1 -0.972293 0 0.000000
2 -0.961685 0 0.000000
3 -0.951076 0 0.000000
4 -0.940468 1 0.001000
5 -0.929860 0 0.000000
6 -0.919252 0 0.000000
7 -0.908643 0 0.000000
8 -0.898035 0 0.000000
9 -0.887427 0 0.000000
10 -0.876819 0 0.000000
11 -0.866211 0 0.000000
12 -0.855602 0 0.000000
13 -0.844994 0 0.000000
14 -0.834386 0 0.000000
15 -0.823778 0 0.000000
16 -0.813169 0 0.000000
17 -0.802561 0 0.000000
18 -0.791953 0 0.000000
19 -0.781345 0 0.000000
20 -0.770737 0 0.000000
21 -0.760128 0 0.000000
22 -0.749520 0 0.000000
23 -0.738912 0 0.000000
24 -0.728304 0 0.000000
25 -0.717696 0 0.000000
26 -0.707087 0 0.000000
27 -0.696479 0 0.000000
28 -0.685871 0 0.000000
29 -0.675263 0 0.000000
30 -0.664654 0 0.000000
31 -0.654046 0 0.000000
32 -0.643438 0 0.000000
33 -0.632830 0 0.000000
34 -0.622222 0 0.000000
35 -0.611613 0 0.000000
36 -0.601005 0 0.000000
37 -0.590397 0 0.000000
38 -0.579789 0 0.000000
39 -0.569180 0 0.000000
40 -0.558572 0 0.000000
41 -0.547964 0 0.000000
42 -0.537356 0 0.000000
43 -0.526748 0 0.000000
44 -0.516139 0 0.000000
45 -0.505531 0 0.000000
46 -0.494923 0 0.000000
47 -0.484315 0 0.000000
48 -0.473707 0 0.000000
49 -0.463098 0 0.000000
50 -0.452490 0 0.000000
51 -0.441882 0 0.000000
52 -0.431274 0 0.000000
53 -0.420665 0 0.000000
54 -0.410057 0 0.000000
55 -0.399449 0 0.000000
56 -0.388841 0 0.000000
57 -0.378233 0 0.000000
58 -0.367624 0 0.000000
59 -0.357016 0 0.000000
60 -0.346408 0 0.000000
61 -0.335800 0 0.000000
62 -0.325191 0 0.000000
63 -0.314583 0 0.000000
64 -0.303975 0 0.000000
65 -0.293367 0 0.000000
66 -0.282759 0 0.000000
67 -0.272150 0 0.000000
68 -0.261542 0 0.000000
69 -0.250934 0 0.000000
70 -0.240326 0 0.000000
71 -0.229717 0 0.000000
72 -0.219109 0 0.000000
73 -0.208501 0 0.000000
74 -0.197893 0 0.000000
75 -0.187285 0 0.000000
76 -0.176676 0 0.000000
77 -0.166068 0 0.000000
78 -0.155460 0 0.000000
79 -0.144852 0 0.000000
80 -0.134244 0 0.000000
81 -0.123635 0 0.000000
82 -0.113027 0 0.000000
83 -0.102419 0 0.000000
84 -0.091811 0 0.000000
85 -0.081202 0 0.000000
86 -0.070594 0 0.000000
87 -0.059986 0 0.000000
88 -0.049378 0 0.000000
89 -0.038770 0 0.000000
90 -0.028161 1 0.001000
91 -0.017553 51 0.051000
92 -0.006945 815 0.815000
93 0.003663 67 0.067000
94 0.014271 21 0.021000
95 0.024880 11 0.011000
96 0.035488 19 0.019000
97 0.046096 9 0.009000
98 0.056704 3 0.003000
99 0.067313 1 0.001000
