0 -0.982901 1 0.000333
1 -0.969642 0 0.000000
2 -0.956383 0 0.000000
3 -0.943124 1 0.000333
4 -0.929865 0 0.000000
5 -0.916606 0 0.000000
6 -0.903346 0 0.000000
7 -0.890087 0 0.000000
8 -0.876828 0 0.000000
9 -0.863569 0 0.000000
10 -0.850310 0 0.000000
11 -0.837051 0 0.000000
12 -0.823792 0 0.000000
13 -0.810533 0 0.000000
14 -0.797274 0 0.000000
15 -0.784015 0 0.000000
16 -0.770756 0 0.000000
17 -0.757497 0 0.000000
18 -0.744237 0 0.000000
19 -0.730978 0 0.000000
20 -0.717719 0 0.000000
21 -0.704460 0 0.000000
22 -0.691201 0 0.000000
23 -0.677942 0 0.000000
24 -0.664683 0 0.000000
25 -0.651424 0 0.000000
26 -0.638165 0 0.000000
27 -0.624906 0 0.000000
28 -0.611647 0 0.000000
29 -0.598387 0 0.000000
30 -0.585128 0 0.000000
31 -0.571869 0 0.000000
32 -0.558610 0 0.000000
33 -0.545351 0 0.000000
34 -0.532092 0 0.000000
35 -0.518833 0 0.000000
36 -0.505574 0 0.000000
37 -0.492315 0 0.000000
38 -0.479056 0 0.000000
39 -0.465797 0 0.000000
40 -0.452538 0 0.000000
41 -0.439278 0 0.000000
42 -0.426019 0 0.000000
43 -0.412760 0 0.000000
44 -0.399501 0 0.000000
45 -0.386242 0 0.000000
46 -0.372983 0 0.000000
47 -0.359724 0 0.000000
48 -0.346465 0 0.000000
49 -0.333206 0 0.000000
50 -0.319947 0 0.000000
51 -0.306688 0 0.000000
52 -0.293429 0 0.000000
53 -0.280169 0 0.000000
54 -0.266910 0 0.000000
55 -0.253651 0 0.000000
56 -0.240392 0 0.000000
57 -0.227133 1 0.000333
58 -0.213874 0 0.000000
59 -0.200615 0 0.000000
60 -0.187356 0 0.000000
61 -0.174097 0 0.000000
62 -0.160838 0 0.000000
63 -0.147579 0 0.000000
64 -0.134319 0 0.000000
65 -0.121060 2 0.000667
66 -0.107801 3 0.001000
67 -0.094542 10 0.003333
68 -0.081283 22 0.007333
69 -0.068024 36 0.012000
70 -0.054765 51 0.017000
71 -0.041506 107 0.035667
72 -0.028247 244 0.081333
73 -0.014988 861 0.287000
74 -0.001729 1070 0.356667
75 0.011530 288 0.096000
76 0.024790 133 0.044333
77 0.038049 82 0.027333
78 0.051308 35 0.011667
79 0.064567 21 0.007000
80 0.077826 11 0.003667
81 0.091085 7 0.002333
82 0.104344 3 0.001000
83 0.117603 6 0.002000
84 0.130862 1 0.000333
85 0.144121 1 0.000333
86 0.157380 2 0.000667
87 0.170640 0 0.000000
88 0.183899 0 0.000000
89 0.197158 0 0.000000
90 0.210417 0 0.000000
91 0.223676 0 0.000000
92 0.236935 0 0.000000
93 0.250194 0 0.000000
94 0.263453 0 0.000000
95 0.276712 0 0.000000
96 0.289971 0 0.000000
97 0.303230 0 0.000000
98 0.316489 0 0.000000
99 0.329749 1 0.000333
