0 -0.089413 2 0.002000
1 -0.086812 1 0.001000
2 -0.084211 0 0.000000
3 -0.081610 1 0.001000
4 -0.079009 0 0.000000
5 -0.076408 3 0.003000
6 -0.073807 1 0.001000
7 -0.071206 1 0.001000
8 -0.068605 0 0.000000
9 -0.066004 1 0.001000
10 -0.063403 2 0.002000
11 -0.060802 1 0.001000
12 -0.058201 7 0.007000
13 -0.055601 5 0.005000
14 -0.053000 3 0.003000
15 -0.050399 5 0.005000
16 -0.047798 1 0.001000
17 -0.045197 7 0.007000
18 -0.042596 5 0.005000
19 -0.039995 9 0.009000
20 -0.037394 5 0.005000
21 -0.034793 8 0.008000
22 -0.032192 5 0.005000
23 -0.029591 14 0.014000
24 -0.026990 10 0.010000
25 -0.024389 17 0.017000
26 -0.021788 27 0.027000
27 -0.019187 29 0.029000
28 -0.016586 36 0.036000
29 -0.013986 38 0.038000
30 -0.011385 55 0.055000
31 -0.008784 65 0.065000
32 -0.006183 70 0.070000
33 -0.003582 73 0.073000
34 -0.000981 74 0.074000
35 0.001620 64 0.064000
36 0.004221 61 0.061000
37 0.006822 49 0.049000
38 0.009423 43 0.043000
39 0.012024 28 0.028000
40 0.014625 26 0.026000
41 0.017226 23 0.023000
42 0.019827 14 0.014000
43 0.022428 17 0.017000
44 0.025028 12 0.012000
45 0.027629 13 0.013000
46 0.030230 10 0.010000
47 0.032831 4 0.004000
48 0.035432 8 0.008000
49 0.038033 4 0.004000
50 0.040634 5 0.005000
51 0.043235 5 0.005000
52 0.045836 7 0.007000
53 0.048437 2 0.002000
54 0.051038 5 0.005000
55 0.053639 2 0.002000
56 0.056240 3 0.003000
57 0.058841 0 0.000000
58 0.061442 1 0.001000
59 0.064042 2 0.002000
60 0.066643 2 0.002000
61 0.069244 1 0.001000
62 0.071845 1 0.001000
63 0.074446 0 0.000000
64 0.077047 2 0.002000
65 0.079648 1 0.001000
66 0.082249 0 0.000000
67 0.084850 0 0.000000
68 0.087451 0 0.000000
69 0.090052 0 0.000000
70 0.092653 0 0.000000
71 0.095254 0 0.000000
72 0.097855 1 0.001000
73 0.100456 0 0.000000
74 0.103057 0 0.000000
75 0.105657 0 0.000000
76 0.108258 0 0.000000
77 0.110859 1 0.001000
78 0.113460 0 0.000000
79 0.116061 0 0.000000
80 0.118662 1 0.001000
81 0.121263 0 0.000000
82 0.123864 0 0.000000
83 0.126465 0 0.000000
84 0.129066 0 0.000000
85 0.131667 0 0.000000
86 0.134268 0 0.000000
87 0.136869 0 0.000000
88 0.139470 0 0.000000
89 0.142071 0 0.000000
90 0.144671 0 0.000000
91 0.147272 0 0.000000
92 0.149873 0 0.000000
93 0.152474 0 0.000000
94 0.155075 0 0.000000
95 0.157676 0 0.000000
96 0.160277 0 0.000000
97 0.162878 0 0.000000
98 0.165479 1 0.001000
99 0.168080 0 0.000000
