0 0.000531 2 0.002000
1 0.010626 0 0.000000
2 0.020720 0 0.000000
3 0.030815 0 0.000000
4 0.040910 0 0.000000
5 0.051005 0 0.000000
6 0.061100 0 0.000000
7 0.071195 0 0.000000
8 0.081290 0 0.000000
9 0.091384 0 0.000000
10 0.101479 0 0.000000
11 0.111574 0 0.000000
12 0.121669 0 0.000000
13 0.131764 0 0.000000
14 0.141859 0 0.000000
15 0.151954 0 0.000000
16 0.162049 0 0.000000
17 0.172143 0 0.000000
18 0.182238 0 0.000000
19 0.192333 0 0.000000
20 0.202428 0 0.000000
21 0.212523 0 0.000000
22 0.222618 0 0.000000
23 0.232713 0 0.000000
24 0.242807 0 0.000000
25 0.252902 0 0.000000
26 0.262997 0 0.000000
27 0.273092 0 0.000000
28 0.283187 0 0.000000
29 0.293282 0 0.000000
30 0.303377 0 0.000000
31 0.313471 0 0.000000
32 0.323566 0 0.000000
33 0.333661 0 0.000000
34 0.343756 0 0.000000
35 0.353851 0 0.000000
36 0.363946 0 0.000000
37 0.374041 0 0.000000
38 0.384135 0 0.000000
39 0.394230 0 0.000000
40 0.404325 0 0.000000
41 0.414420 0 0.000000
42 0.424515 0 0.000000
43 0.434610 0 0.000000
44 0.444705 0 0.000000
45 0.454799 0 0.000000
46 0.464894 0 0.000000
47 0.474989 0 0.000000
48 0.485084 0 0.000000
49 0.495179 0 0.000000
50 0.505274 0 0.000000
51 0.515369 0 0.000000
52 0.525464 0 0.000000
53 0.535558 0 0.000000
54 0.545653 0 0.000000
55 0.555748 0 0.000000
56 0.565843 0 0.000000
57 0.575938 0 0.000000
58 0.586033 0 0.000000
59 0.596128 0 0.000000
60 0.606222 0 0.000000
61 0.616317 0 0.000000
62 0.626412 0 0.000000
63 0.636507 0 0.000000
64 0.646602 0 0.000000
65 0.656697 0 0.000000
66 0.666792 0 0.000000
67 0.676886 0 0.000000
68 0.686981 0 0.000000
69 0.697076 0 0.000000
70 0.707171 0 0.000000
71 0.717266 0 0.000000
72 0.727361 0 0.000000
73 0.737456 0 0.000000
74 0.747550 0 0.000000
75 0.757645 0 0.000000
76 0.767740 0 0.000000
77 0.777835 0 0.000000
78 0.787930 0 0.000000
79 0.798025 0 0.000000
80 0.808120 0 0.000000
81 0.818214 0 0.000000
82 0.828309 0 0.000000
83 0.838404 0 0.000000
84 0.848499 0 0.000000
85 0.858594 0 0.000000
86 0.868689 0 0.000000
87 0.878784 0 0.000000
88 0.888879 0 0.000000
89 0.898973 0 0.000000
90 0.909068 0 0.000000
91 0.919163 0 0.000000
92 0.929258 0 0.000000
93 0.939353 0 0.000000
94 0.949448 0 0.000000
95 0.959543 0 0.000000
96 0.969637 0 0.000000
97 0.979732 0 0.000000
98 0.989827 998 0.998000
99 0.999922 0 0.000000
