0 0.215752 1 0.001000
1 0.221957 0 0.000000
2 0.228161 0 0.000000
3 0.234366 0 0.000000
4 0.240571 0 0.000000
5 0.246775 0 0.000000
6 0.252980 0 0.000000
7 0.259184 0 0.000000
8 0.265389 0 0.000000
9 0.271593 0 0.000000
10 0.277798 0 0.000000
11 0.284002 0 0.000000
12 0.290207 0 0.000000
13 0.296411 0 0.000000
14 0.302616 0 0.000000
15 0.308820 0 0.000000
16 0.315025 1 0.001000
17 0.321229 0 0.000000
18 0.327434 0 0.000000
19 0.333638 2 0.002000
20 0.339843 4 0.004000
21 0.346047 1 0.001000
22 0.352252 1 0.001000
23 0.358456 4 0.004000
24 0.364661 7 0.007000
25 0.370866 7 0.007000
26 0.377070 4 0.004000
27 0.383275 9 0.009000
28 0.389479 14 0.014000
29 0.395684 10 0.010000
30 0.401888 12 0.012000
31 0.408093 19 0.019000
32 0.414297 16 0.016000
33 0.420502 32 0.032000
34 0.426706 31 0.031000
35 0.432911 38 0.038000
36 0.439115 45 0.045000
37 0.445320 64 0.064000
38 0.451524 59 0.059000
39 0.457729 97 0.097000
40 0.463933 101 0.101000
41 0.470138 81 0.081000
42 0.476342 58 0.058000
43 0.482547 57 0.057000
44 0.488752 38 0.038000
45 0.494956 30 0.030000
46 0.501161 31 0.031000
47 0.507365 21 0.021000
48 0.513570 13 0.013000
49 0.519774 12 0.012000
50 0.525979 14 0.014000
51 0.532183 9 0.009000
52 0.538388 7 0.007000
53 0.544592 9 0.009000
54 0.550797 12 0.012000
55 0.557001 7 0.007000
56 0.563206 5 0.005000
57 0.569410 1 0.001000
58 0.575615 3 0.003000
59 0.581819 2 0.002000
60 0.588024 3 0.003000
61 0.594228 1 0.001000
62 0.600433 1 0.001000
63 0.606638 2 0.002000
64 0.612842 1 0.001000
65 0.619047 1 0.001000
66 0.625251 0 0.000000
67 0.631456 1 0.001000
68 0.637660 0 0.000000
69 0.643865 0 0.000000
70 0.650069 0 0.000000
71 0.656274 0 0.000000
72 0.662478 0 0.000000
73 0.668683 0 0.000000
74 0.674887 0 0.000000
75 0.681092 0 0.000000
76 0.687296 0 0.000000
77 0.693501 0 0.000000
78 0.699705 0 0.000000
79 0.705910 0 0.000000
80 0.712114 0 0.000000
81 0.718319 0 0.000000
82 0.724523 0 0.000000
83 0.730728 0 0.000000
84 0.736933 0 0.000000
85 0.743137 0 0.000000
86 0.749342 0 0.000000
87 0.755546 0 0.000000
88 0.761751 0 0.000000
89 0.767955 0 0.000000
90 0.774160 0 0.000000
91 0.780364 0 0.000000
92 0.786569 0 0.000000
93 0.792773 0 0.000000
94 0.798978 0 0.000000
95 0.805182 0 0.000000
96 0.811387 0 0.000000
97 0.817591 0 0.000000
98 0.823796 0 0.000000
99 0.830000 1 0.001000
