0 0.000531 3 0.001000
1 0.010626 0 0.000000
2 0.020720 0 0.000000
3 0.030815 0 0.000000
4 0.040910 0 0.000000
5 0.051005 1 0.000333
6 0.061100 0 0.000000
7 0.071195 0 0.000000
8 0.081290 1 0.000333
9 0.091384 0 0.000000
10 0.101479 0 0.000000
11 0.111574 0 0.000000
12 0.121669 0 0.000000
13 0.131764 2 0.000667
14 0.141859 1 0.000333
15 0.151954 2 0.000667
16 0.162049 4 0.001333
17 0.172143 5 0.001667
18 0.182238 5 0.001667
19 0.192333 5 0.001667
20 0.202428 4 0.001333
21 0.212523 11 0.003667
22 0.222618 3 0.001000
23 0.232713 7 0.002333
24 0.242807 3 0.001000
25 0.252902 6 0.002000
26 0.262997 4 0.001333
27 0.273092 5 0.001667
28 0.283187 8 0.002667
29 0.293282 8 0.002667
30 0.303377 12 0.004000
31 0.313471 9 0.003000
32 0.323566 8 0.002667
33 0.333661 14 0.004667
34 0.343756 18 0.006000
35 0.353851 18 0.006000
36 0.363946 24 0.008000
37 0.374041 16 0.005333
38 0.384135 45 0.015000
39 0.394230 37 0.012333
40 0.404325 59 0.019667
41 0.414420 67 0.022333
42 0.424515 79 0.026333
43 0.434610 113 0.037667
44 0.444705 155 0.051667
45 0.454799 182 0.060667
46 0.464894 192 0.064000
47 0.474989 162 0.054000
48 0.485084 128 0.042667
49 0.495179 87 0.029000
50 0.505274 74 0.024667
51 0.515369 51 0.017000
52 0.525464 41 0.013667
53 0.535558 40 0.013333
54 0.545653 33 0.011000
55 0.555748 26 0.008667
56 0.565843 30 0.010000
57 0.575938 13 0.004333
58 0.586033 16 0.005333
59 0.596128 10 0.003333
60 0.606222 15 0.005000
61 0.616317 13 0.004333
62 0.626412 8 0.002667
63 0.636507 13 0.004333
64 0.646602 12 0.004000
65 0.656697 11 0.003667
66 0.666792 10 0.003333
67 0.676886 8 0.002667
68 0.686981 6 0.002000
69 0.697076 7 0.002333
70 0.707171 4 0.001333
71 0.717266 5 0.001667
72 0.727361 4 0.001333
73 0.737456 5 0.001667
74 0.747550 5 0.001667
75 0.757645 2 0.000667
76 0.767740 4 0.001333
77 0.777835 2 0.000667
78 0.787930 4 0.001333
79 0.798025 4 0.001333
80 0.808120 1 0.000333
81 0.818214 3 0.001000
82 0.828309 3 0.001000
83 0.838404 1 0.000333
84 0.848499 1 0.000333
85 0.858594 0 0.000000
86 0.868689 1 0.000333
87 0.878784 1 0.000333
88 0.888879 0 0.000000
89 0.898973 1 0.000333
90 0.909068 0 0.000000
91 0.919163 0 0.000000
92 0.929258 0 0.000000
93 0.939353 1 0.000333
94 0.949448 0 0.000000
95 0.959543 0 0.000000
96 0.969637 0 0.000000
97 0.979732 0 0.000000
98 0.989827 998 0.332667
99 0.999922 0 0.000000
