0 0.088867 1 0.000333
1 0.098265 1 0.000333
2 0.107664 1 0.000333
3 0.117062 1 0.000333
4 0.126460 0 0.000000
5 0.135859 2 0.000667
6 0.145257 0 0.000000
7 0.154655 3 0.001000
8 0.164054 2 0.000667
9 0.173452 3 0.001000
10 0.182851 4 0.001333
11 0.192249 2 0.000667
12 0.201647 5 0.001667
13 0.211046 5 0.001667
14 0.220444 1 0.000333
15 0.229843 8 0.002667
16 0.239241 5 0.001667
17 0.248639 6 0.002000
18 0.258038 7 0.002333
19 0.267436 3 0.001000
20 0.276834 7 0.002333
21 0.286233 14 0.004667
22 0.295631 8 0.002667
23 0.305030 5 0.001667
24 0.314428 12 0.004000
25 0.323826 10 0.003333
26 0.333225 7 0.002333
27 0.342623 12 0.004000
28 0.352021 10 0.003333
29 0.361420 8 0.002667
30 0.370818 15 0.005000
31 0.380217 18 0.006000
32 0.389615 22 0.007333
33 0.399013 27 0.009000
34 0.408412 40 0.013333
35 0.417810 46 0.015333
36 0.427208 73 0.024333
37 0.436607 123 0.041000
38 0.446005 184 0.061333
39 0.455404 223 0.074333
40 0.464802 260 0.086667
41 0.474200 165 0.055000
42 0.483599 128 0.042667
43 0.492997 86 0.028667
44 0.502395 69 0.023000
45 0.511794 45 0.015000
46 0.521192 27 0.009000
47 0.530591 32 0.010667
48 0.539989 26 0.008667
49 0.549387 21 0.007000
50 0.558786 19 0.006333
51 0.568184 18 0.006000
52 0.577582 15 0.005000
53 0.586981 14 0.004667
54 0.596379 7 0.002333
55 0.605778 12 0.004000
56 0.615176 14 0.004667
57 0.624574 12 0.004000
58 0.633973 13 0.004333
59 0.643371 8 0.002667
60 0.652770 11 0.003667
61 0.662168 4 0.001333
62 0.671566 12 0.004000
63 0.680965 3 0.001000
64 0.690363 4 0.001333
65 0.699761 7 0.002333
66 0.709160 5 0.001667
67 0.718558 6 0.002000
68 0.727956 3 0.001000
69 0.737355 1 0.000333
70 0.746753 2 0.000667
71 0.756152 4 0.001333
72 0.765550 4 0.001333
73 0.774948 4 0.001333
74 0.784347 2 0.000667
75 0.793745 3 0.001000
76 0.803144 2 0.000667
77 0.812542 3 0.001000
78 0.821940 2 0.000667
79 0.831339 1 0.000333
80 0.840737 0 0.000000
81 0.850135 0 0.000000
82 0.859534 1 0.000333
83 0.868932 1 0.000333
84 0.878331 0 0.000000
85 0.887729 0 0.000000
86 0.897127 0 0.000000
87 0.906526 0 0.000000
88 0.915924 0 0.000000
89 0.925322 2 0.000667
90 0.934721 4 0.001333
91 0.944119 14 0.004667
92 0.953518 14 0.004667
93 0.962916 11 0.003667
94 0.972314 17 0.005667
95 0.981713 40 0.013333
96 0.991111 713 0.237667
97 1.000510 181 0.060333
98 1.009908 3 0.001000
99 1.019306 1 0.000333
