0 0.008587 1 0.001000
1 0.018004 0 0.000000
2 0.027421 0 0.000000
3 0.036838 0 0.000000
4 0.046255 0 0.000000
5 0.055672 1 0.001000
6 0.065089 0 0.000000
7 0.074506 1 0.001000
8 0.083923 0 0.000000
9 0.093340 0 0.000000
10 0.102757 0 0.000000
11 0.112174 0 0.000000
12 0.121591 0 0.000000
13 0.131008 2 0.002000
14 0.140425 1 0.001000
15 0.149842 1 0.001000
16 0.159259 4 0.004000
17 0.168676 5 0.005000
18 0.178093 5 0.005000
19 0.187510 3 0.003000
20 0.196927 6 0.006000
21 0.206344 6 0.006000
22 0.215761 5 0.005000
23 0.225178 4 0.004000
24 0.234595 7 0.007000
25 0.244012 2 0.002000
26 0.253429 6 0.006000
27 0.262846 4 0.004000
28 0.272263 4 0.004000
29 0.281680 7 0.007000
30 0.291097 6 0.006000
31 0.300514 10 0.010000
32 0.309931 8 0.008000
33 0.319348 10 0.010000
34 0.328765 9 0.009000
35 0.338182 8 0.008000
36 0.347599 19 0.019000
37 0.357016 11 0.011000
38 0.366433 9 0.009000
39 0.375850 10 0.010000
40 0.385267 24 0.024000
41 0.394684 18 0.018000
42 0.404101 30 0.030000
43 0.413518 23 0.023000
44 0.422935 30 0.030000
45 0.432352 37 0.037000
46 0.441769 47 0.047000
47 0.451186 49 0.049000
48 0.460603 39 0.039000
49 0.470020 49 0.049000
50 0.479437 51 0.051000
51 0.488854 50 0.050000
52 0.498271 36 0.036000
53 0.507688 37 0.037000
54 0.517105 24 0.024000
55 0.526522 21 0.021000
56 0.535939 26 0.026000
57 0.545356 13 0.013000
58 0.554772 15 0.015000
59 0.564190 21 0.021000
60 0.573606 14 0.014000
61 0.583024 12 0.012000
62 0.592440 7 0.007000
63 0.601858 8 0.008000
64 0.611274 13 0.013000
65 0.620692 7 0.007000
66 0.630108 11 0.011000
67 0.639526 8 0.008000
68 0.648942 15 0.015000
69 0.658360 10 0.010000
70 0.667776 8 0.008000
71 0.677194 7 0.007000
72 0.686610 7 0.007000
73 0.696028 6 0.006000
74 0.705444 3 0.003000
75 0.714862 5 0.005000
76 0.724278 4 0.004000
77 0.733696 5 0.005000
78 0.743112 6 0.006000
79 0.752530 3 0.003000
80 0.761946 0 0.000000
81 0.771363 5 0.005000
82 0.780780 3 0.003000
83 0.790197 2 0.002000
84 0.799614 4 0.004000
85 0.809031 1 0.001000
86 0.818448 2 0.002000
87 0.827865 2 0.002000
88 0.837282 2 0.002000
89 0.846699 1 0.001000
90 0.856116 0 0.000000
91 0.865533 0 0.000000
92 0.874950 2 0.002000
93 0.884367 0 0.000000
94 0.893784 1 0.001000
95 0.903201 0 0.000000
96 0.912619 0 0.000000
97 0.922035 0 0.000000
98 0.931453 0 0.000000
99 0.940869 1 0.001000
