0 0.376654 2 0.002000
1 0.378764 0 0.000000
2 0.380873 0 0.000000
3 0.382983 2 0.002000
4 0.385092 1 0.001000
5 0.387202 0 0.000000
6 0.389311 0 0.000000
7 0.391421 0 0.000000
8 0.393530 0 0.000000
9 0.395640 1 0.001000
10 0.397749 2 0.002000
11 0.399858 1 0.001000
12 0.401968 2 0.002000
13 0.404077 3 0.003000
14 0.406187 1 0.001000
15 0.408296 6 0.006000
16 0.410406 5 0.005000
17 0.412515 3 0.003000
18 0.414625 4 0.004000
19 0.416734 5 0.005000
20 0.418844 1 0.001000
21 0.420953 4 0.004000
22 0.423062 1 0.001000
23 0.425172 7 0.007000
24 0.427281 7 0.007000
25 0.429391 9 0.009000
26 0.431500 14 0.014000
27 0.433610 14 0.014000
28 0.435719 14 0.014000
29 0.437829 18 0.018000
30 0.439938 15 0.015000
31 0.442048 22 0.022000
32 0.444157 18 0.018000
33 0.446266 27 0.027000
34 0.448376 28 0.028000
35 0.450485 41 0.041000
36 0.452595 21 0.021000
37 0.454704 37 0.037000
38 0.456814 35 0.035000
39 0.458923 43 0.043000
40 0.461033 34 0.034000
41 0.463142 50 0.050000
42 0.465252 47 0.047000
43 0.467361 47 0.047000
44 0.469470 58 0.058000
45 0.471580 38 0.038000
46 0.473689 30 0.030000
47 0.475799 30 0.030000
48 0.477908 28 0.028000
49 0.480018 26 0.026000
50 0.482127 25 0.025000
51 0.484237 19 0.019000
52 0.486346 15 0.015000
53 0.488456 13 0.013000
54 0.490565 14 0.014000
55 0.492674 9 0.009000
56 0.494784 9 0.009000
57 0.496893 10 0.010000
58 0.499003 9 0.009000
59 0.501112 7 0.007000
60 0.503222 6 0.006000
61 0.505331 6 0.006000
62 0.507441 5 0.005000
63 0.509550 7 0.007000
64 0.511660 6 0.006000
65 0.513769 5 0.005000
66 0.515878 5 0.005000
67 0.517988 1 0.001000
68 0.520097 3 0.003000
69 0.522207 0 0.000000
70 0.524316 2 0.002000
71 0.526426 2 0.002000
72 0.528535 0 0.000000
73 0.530645 1 0.001000
74 0.532754 2 0.002000
75 0.534864 0 0.000000
76 0.536973 3 0.003000
77 0.539082 3 0.003000
78 0.541192 1 0.001000
79 0.543301 3 0.003000
80 0.545411 0 0.000000
81 0.547520 0 0.000000
82 0.549630 0 0.000000
83 0.551739 0 0.000000
84 0.553849 0 0.000000
85 0.555958 0 0.000000
86 0.558068 0 0.000000
87 0.560177 1 0.001000
88 0.562286 0 0.000000
89 0.564396 1 0.001000
90 0.566505 1 0.001000
91 0.568615 0 0.000000
92 0.570724 0 0.000000
93 0.572834 0 0.000000
94 0.574943 1 0.001000
95 0.577053 1 0.001000
96 0.579162 1 0.001000
97 0.581272 0 0.000000
98 0.583381 0 0.000000
99 0.585490 1 0.001000
