0 0.088867 1 0.001000
1 0.096836 1 0.001000
2 0.104805 0 0.000000
3 0.112774 1 0.001000
4 0.120743 1 0.001000
5 0.128712 0 0.000000
6 0.136681 2 0.002000
7 0.144650 0 0.000000
8 0.152619 2 0.002000
9 0.160588 2 0.002000
10 0.168557 1 0.001000
11 0.176526 3 0.003000
12 0.184495 4 0.004000
13 0.192464 2 0.002000
14 0.200433 3 0.003000
15 0.208402 6 0.006000
16 0.216370 2 0.002000
17 0.224339 1 0.001000
18 0.232308 7 0.007000
19 0.240277 5 0.005000
20 0.248246 4 0.004000
21 0.256215 6 0.006000
22 0.264184 5 0.005000
23 0.272153 4 0.004000
24 0.280122 7 0.007000
25 0.288091 13 0.013000
26 0.296060 5 0.005000
27 0.304029 2 0.002000
28 0.311998 12 0.012000
29 0.319967 10 0.010000
30 0.327936 8 0.008000
31 0.335905 3 0.003000
32 0.343874 11 0.011000
33 0.351843 10 0.010000
34 0.359812 7 0.007000
35 0.367781 10 0.010000
36 0.375750 7 0.007000
37 0.383719 14 0.014000
38 0.391688 19 0.019000
39 0.399657 18 0.018000
40 0.407626 18 0.018000
41 0.415595 18 0.018000
42 0.423564 20 0.020000
43 0.431533 32 0.032000
44 0.439502 34 0.034000
45 0.447471 48 0.048000
46 0.455440 36 0.036000
47 0.463409 54 0.054000
48 0.471378 27 0.027000
49 0.479347 47 0.047000
50 0.487316 43 0.043000
51 0.495285 41 0.041000
52 0.503254 37 0.037000
53 0.511223 20 0.020000
54 0.519192 22 0.022000
55 0.527161 15 0.015000
56 0.535130 26 0.026000
57 0.543099 15 0.015000
58 0.551068 18 0.018000
59 0.559036 13 0.013000
60 0.567005 14 0.014000
61 0.574974 13 0.013000
62 0.582943 8 0.008000
63 0.590912 14 0.014000
64 0.598881 6 0.006000
65 0.606850 10 0.010000
66 0.614819 11 0.011000
67 0.622788 7 0.007000
68 0.630757 18 0.018000
69 0.638726 9 0.009000
70 0.646695 3 0.003000
71 0.654664 10 0.010000
72 0.662633 4 0.004000
73 0.670602 7 0.007000
74 0.678571 7 0.007000
75 0.686540 2 0.002000
76 0.694509 6 0.006000
77 0.702478 4 0.004000
78 0.710447 5 0.005000
79 0.718416 5 0.005000
80 0.726385 2 0.002000
81 0.734354 3 0.003000
82 0.742323 2 0.002000
83 0.750292 0 0.000000
84 0.758261 4 0.004000
85 0.766230 4 0.004000
86 0.774199 3 0.003000
87 0.782168 3 0.003000
88 0.790137 3 0.003000
89 0.798106 2 0.002000
90 0.806075 1 0.001000
91 0.814044 2 0.002000
92 0.822013 1 0.001000
93 0.829982 1 0.001000
94 0.837951 1 0.001000
95 0.845920 0 0.000000
96 0.853889 0 0.000000
97 0.861858 1 0.001000
98 0.869827 0 0.000000
99 0.877796 1 0.001000
