0 0.929742 1 0.001000
1 0.930647 0 0.000000
2 0.931551 0 0.000000
3 0.932456 0 0.000000
4 0.933361 1 0.001000
5 0.934265 0 0.000000
6 0.935170 0 0.000000
7 0.936075 0 0.000000
8 0.936979 1 0.001000
9 0.937884 0 0.000000
10 0.938789 1 0.001000
11 0.939694 1 0.001000
12 0.940598 0 0.000000
13 0.941503 1 0.001000
14 0.942408 0 0.000000
15 0.943312 0 0.000000
16 0.944217 2 0.002000
17 0.945122 0 0.000000
18 0.946026 0 0.000000
19 0.946931 2 0.002000
20 0.947836 0 0.000000
21 0.948740 1 0.001000
22 0.949645 1 0.001000
23 0.950550 4 0.004000
24 0.951455 0 0.000000
25 0.952359 4 0.004000
26 0.953264 1 0.001000
27 0.954169 0 0.000000
28 0.955073 4 0.004000
29 0.955978 1 0.001000
30 0.956883 0 0.000000
31 0.957787 3 0.003000
32 0.958692 1 0.001000
33 0.959597 2 0.002000
34 0.960501 2 0.002000
35 0.961406 0 0.000000
36 0.962311 0 0.000000
37 0.963215 0 0.000000
38 0.964120 1 0.001000
39 0.965025 1 0.001000
40 0.965930 1 0.001000
41 0.966834 1 0.001000
42 0.967739 0 0.000000
43 0.968644 2 0.002000
44 0.969548 2 0.002000
45 0.970453 0 0.000000
46 0.971358 3 0.003000
47 0.972262 3 0.003000
48 0.973167 2 0.002000
49 0.974072 1 0.001000
50 0.974976 1 0.001000
51 0.975881 1 0.001000
52 0.976786 2 0.002000
53 0.977691 0 0.000000
54 0.978595 1 0.001000
55 0.979500 4 0.004000
56 0.980405 1 0.001000
57 0.981309 4 0.004000
58 0.982214 4 0.004000
59 0.983119 2 0.002000
60 0.984023 1 0.001000
61 0.984928 0 0.000000
62 0.985833 4 0.004000
63 0.986737 5 0.005000
64 0.987642 2 0.002000
65 0.988547 6 0.006000
66 0.989451 4 0.004000
67 0.990356 10 0.010000
68 0.991261 15 0.015000
69 0.992166 24 0.024000
70 0.993070 33 0.033000
71 0.993975 47 0.047000
72 0.994880 71 0.071000
73 0.995784 112 0.112000
74 0.996689 98 0.098000
75 0.997594 114 0.114000
76 0.998498 91 0.091000
77 0.999403 91 0.091000
78 1.000308 50 0.050000
79 1.001212 37 0.037000
80 1.002117 40 0.040000
81 1.003022 20 0.020000
82 1.003927 15 0.015000
83 1.004831 13 0.013000
84 1.005736 11 0.011000
85 1.006641 3 0.003000
86 1.007545 3 0.003000
87 1.008450 3 0.003000
88 1.009355 2 0.002000
89 1.010259 1 0.001000
90 1.011164 1 0.001000
91 1.012069 1 0.001000
92 1.012973 0 0.000000
93 1.013878 0 0.000000
94 1.014783 0 0.000000
95 1.015687 0 0.000000
96 1.016592 0 0.000000
97 1.017497 0 0.000000
98 1.018402 0 0.000000
99 1.019306 1 0.001000
