0 0 0.000000 0.211444 0.132558 0.211186 0.131886
0 1 0.476190 0.190557 0.122877 0.189124 0.122702
0 2 0.952381 0.178611 0.117796 0.178252 0.117666
0 3 1.428571 0.177022 0.112001 0.178518 0.112616
0 4 1.904762 0.162698 0.106704 0.166773 0.109841
0 5 2.380952 0.166804 0.106969 0.165767 0.106122
0 6 2.857143 0.156974 0.104314 0.159995 0.106258
0 7 3.333333 0.155014 0.102145 0.155958 0.102953
0 8 3.809524 0.153153 0.100258 0.151296 0.099250
0 9 4.285714 0.141350 0.092361 0.141734 0.092318
0 10 4.761905 0.136777 0.090250 0.138517 0.091087
0 11 5.238095 0.134723 0.088345 0.133222 0.087401
0 12 5.714286 0.132509 0.086707 0.133485 0.087713
0 13 6.190476 0.131316 0.085846 0.130038 0.084941
0 14 6.666667 0.130547 0.084461 0.130095 0.085029
0 15 7.142857 0.129292 0.084660 0.127576 0.083288
0 16 7.619048 0.125871 0.082300 0.126625 0.082896
0 17 8.095238 0.124474 0.082382 0.122557 0.080682
0 18 8.571428 0.122521 0.080150 0.120784 0.079248
0 19 9.047619 0.120724 0.078911 0.119910 0.078599
0 20 9.523809 0.117589 0.077602 0.118513 0.078498
1 0 10.000000 0.118353 0.076494 0.121111 0.078387
1 1 10.476191 0.113792 0.075173 0.113180 0.074717
1 2 10.952381 0.111405 0.073752 0.111663 0.073711
1 3 11.428572 0.110674 0.073128 0.111280 0.073533
1 4 11.904762 0.111979 0.073827 0.109916 0.072771
1 5 12.380953 0.110619 0.071247 0.112105 0.072298
1 6 12.857142 0.104458 0.069918 0.106300 0.070761
1 7 13.333333 0.104049 0.069387 0.104541 0.069773
1 8 13.809524 0.103590 0.069446 0.104360 0.069709
1 9 14.285714 0.104067 0.069875 0.103091 0.068799
1 10 14.761905 0.102441 0.067393 0.103444 0.067977
1 11 15.238095 0.099973 0.067010 0.101245 0.067859
1 12 15.714286 0.098941 0.066618 0.098929 0.066497
1 13 16.190475 0.098046 0.065326 0.099359 0.066056
1 14 16.666666 0.098331 0.065807 0.096929 0.064771
1 15 17.142857 0.097552 0.065188 0.097959 0.065606
1 16 17.619047 0.096533 0.064755 0.095991 0.064538
1 17 18.095238 0.096786 0.064439 0.097584 0.065093
1 18 18.571428 0.094447 0.063857 0.095329 0.064111
1 19 19.047619 0.096342 0.065103 0.092827 0.062424
1 20 19.523809 0.094647 0.063364 0.094104 0.063154
2 0 20.000000 0.093951 0.062974 0.092604 0.062097
2 1 20.476191 0.093879 0.063253 0.093363 0.063037
2 2 20.952381 0.093345 0.063500 0.093685 0.063042
2 3 21.428572 0.091872 0.062429 0.091690 0.062228
2 4 21.904762 0.093414 0.061830 0.094125 0.062484
2 5 22.380953 0.091287 0.061722 0.090362 0.061367
2 6 22.857143 0.092411 0.061906 0.094050 0.063324
2 7 23.333334 0.090683 0.061166 0.088514 0.059866
2 8 23.809525 0.090289 0.060692 0.091880 0.061559
2 9 24.285715 0.092651 0.061660 0.092879 0.061684
2 10 24.761906 0.091269 0.062204 0.089599 0.060865
2 11 25.238094 0.088964 0.060566 0.088828 0.060279
2 12 25.714285 0.090915 0.061177 0.090855 0.061075
2 13 26.190475 0.088592 0.060389 0.090567 0.061853
2 14 26.666666 0.089397 0.060706 0.087450 0.059812
2 15 27.142857 0.090817 0.059357 0.091506 0.059770
2 16 27.619047 0.087664 0.060160 0.087785 0.060100
2 17 28.095238 0.087949 0.059962 0.087291 0.059497
2 18 28.571428 0.088929 0.060409 0.088771 0.060256
2 19 29.047619 0.088404 0.060024 0.088402 0.059803
2 20 29.523809 0.089251 0.060526 0.087282 0.059046
3 0 30.000000 0.086815 0.059559 0.086303 0.059284
3 1 30.476191 0.086337 0.059415 0.085918 0.059289
3 2 30.952381 0.085997 0.059046 0.087010 0.059667
3 3 31.428572 0.085958 0.059298 0.086860 0.059595
3 4 31.904762 0.083983 0.057699 0.085794 0.059387
3 5 32.380951 0.085612 0.059225 0.086083 0.059076
3 6 32.857143 0.086489 0.058454 0.086994 0.058852
3 7 33.333332 0.084403 0.058180 0.085924 0.059154
3 8 33.809525 0.083752 0.057581 0.083659 0.057754
3 9 34.285713 0.084972 0.058480 0.084337 0.058219
3 10 34.761906 0.082784 0.057264 0.083993 0.058108
3 11 35.238094 0.084042 0.057521 0.084952 0.058461
3 12 35.714287 0.085112 0.058447 0.084644 0.058258
3 13 36.190475 0.084051 0.057813 0.082623 0.056506
3 14 36.666668 0.087288 0.057358 0.087532 0.057487
3 15 37.142857 0.083271 0.057462 0.082090 0.056506
3 16 37.619049 0.082010 0.056465 0.081980 0.056919
3 17 38.095238 0.081388 0.056333 0.081751 0.056789
3 18 38.571430 0.080566 0.055589 0.081652 0.056220
3 19 39.047619 0.083101 0.057241 0.082477 0.056903
3 20 39.523811 0.083225 0.056771 0.082486 0.056266
4 0 40.000000 0.083909 0.057941 0.082794 0.057277
4 1 40.476189 0.082022 0.056626 0.081824 0.056163
4 2 40.952381 0.082276 0.056526 0.081138 0.055493
4 3 41.428570 0.080068 0.055474 0.079978 0.055258
4 4 41.904762 0.081998 0.056406 0.080032 0.055095
4 5 42.380951 0.081228 0.056447 0.079209 0.054905
4 6 42.857143 0.078695 0.054549 0.080495 0.055998
4 7 43.333332 0.078812 0.054690 0.080692 0.056558
4 8 43.809525 0.079054 0.054041 0.081323 0.055774
4 9 44.285713 0.080341 0.055058 0.079851 0.055000
4 10 44.761906 0.080130 0.055115 0.080309 0.055111
4 11 45.238094 0.078609 0.054436 0.077855 0.054171
4 12 45.714287 0.077329 0.053763 0.077948 0.054226
4 13 46.190475 0.080125 0.055800 0.078804 0.054778
4 14 46.666668 0.079171 0.053767 0.079820 0.054289
4 15 47.142857 0.077670 0.054017 0.076561 0.053000
4 16 47.619049 0.077453 0.053989 0.076111 0.053303
4 17 48.095238 0.077493 0.053720 0.078400 0.053641
4 18 48.571430 0.075803 0.052727 0.076724 0.053430
4 19 49.047619 0.077051 0.053808 0.076474 0.053611
4 20 49.523811 0.076440 0.053129 0.075354 0.052353
5 0 50.000000 0.076433 0.053603 0.075329 0.052218
5 1 50.476189 0.076913 0.052212 0.076748 0.052316
5 2 50.952381 0.075191 0.052575 0.075206 0.052743
5 3 51.428570 0.075019 0.052793 0.075183 0.052529
5 4 51.904762 0.076331 0.052478 0.077627 0.053380
5 5 52.380951 0.075131 0.052157 0.074816 0.052195
5 6 52.857143 0.075429 0.052229 0.075347 0.052472
5 7 53.333332 0.076244 0.053622 0.073701 0.051954
5 8 53.809525 0.074816 0.051967 0.074259 0.051787
5 9 54.285713 0.074158 0.052486 0.073998 0.052187
5 10 54.761906 0.073523 0.051830 0.073813 0.052044
5 11 55.238094 0.074203 0.051176 0.074179 0.051198
5 12 55.714287 0.073510 0.051573 0.074895 0.052798
5 13 56.190475 0.073595 0.051039 0.073830 0.051612
5 14 56.666668 0.072761 0.050895 0.072211 0.050555
5 15 57.142857 0.073724 0.051931 0.072332 0.050663
5 16 57.619049 0.074703 0.052714 0.072582 0.051479
5 17 58.095238 0.072489 0.050685 0.072416 0.051093
5 18 58.571430 0.070931 0.050182 0.070788 0.049876
5 19 59.047619 0.070292 0.049640 0.071018 0.050407
5 20 59.523811 0.071341 0.049767 0.072772 0.050829
6 0 60.000000 0.072710 0.051032 0.073909 0.052163
6 1 60.476189 0.071103 0.049974 0.070988 0.049672
6 2 60.952381 0.072032 0.050688 0.072347 0.050491
6 3 61.428570 0.071023 0.050499 0.071219 0.050577
6 4 61.904762 0.074034 0.052082 0.073341 0.051186
6 5 62.380951 0.073779 0.050713 0.073613 0.050314
6 6 62.857143 0.071200 0.050505 0.071128 0.050688
6 7 63.333332 0.072758 0.050189 0.073274 0.050646
6 8 63.809525 0.071090 0.049256 0.071976 0.049628
6 9 64.285713 0.070998 0.050339 0.071420 0.050468
6 10 64.761902 0.070249 0.049533 0.070366 0.049408
6 11 65.238098 0.069971 0.048713 0.071504 0.049498
6 12 65.714287 0.069956 0.049714 0.070040 0.049203
6 13 66.190475 0.072756 0.050091 0.071087 0.048699
6 14 66.666664 0.072940 0.049946 0.070997 0.048419
6 15 67.142860 0.071274 0.049526 0.071092 0.049364
6 16 67.619049 0.070046 0.049739 0.068745 0.048665
6 17 68.095238 0.068047 0.048408 0.067652 0.047677
6 18 68.571426 0.068797 0.048805 0.068129 0.048225
6 19 69.047623 0.070504 0.048637 0.071403 0.050044
6 20 69.523811 0.068487 0.048861 0.069768 0.049785
7 0 70.000000 0.070044 0.048862 0.071983 0.050247
7 1 70.476189 0.069823 0.049558 0.068927 0.048777
7 2 70.952377 0.067921 0.048855 0.066979 0.047680
7 3 71.428574 0.070367 0.049168 0.069965 0.049482
7 4 71.904762 0.067911 0.048711 0.067714 0.048445
7 5 72.380951 0.069305 0.049120 0.068873 0.049258
7 6 72.857140 0.069562 0.049522 0.069259 0.049673
7 7 73.333336 0.068418 0.048207 0.067918 0.048186
7 8 73.809525 0.068330 0.048268 0.068423 0.048554
7 9 74.285713 0.068383 0.047609 0.069074 0.048429
7 10 74.761902 0.067216 0.048428 0.067175 0.048086
7 11 75.238098 0.065896 0.046875 0.067364 0.048340
7 12 75.714287 0.066826 0.048128 0.065709 0.047196
7 13 76.190475 0.067909 0.048030 0.068365 0.049130
7 14 76.666664 0.066501 0.048000 0.067267 0.048333
7 15 77.142860 0.065598 0.047192 0.067456 0.048594
7 16 77.619049 0.067791 0.047680 0.068697 0.048498
7 17 78.095238 0.066106 0.047003 0.064691 0.045979
7 18 78.571426 0.067118 0.047882 0.065942 0.047080
7 19 79.047623 0.065506 0.046360 0.067270 0.047160
7 20 79.523811 0.065380 0.047016 0.065857 0.047770
8 0 80.000000 0.067482 0.047249 0.067485 0.047663
8 1 80.476189 0.065749 0.047037 0.066146 0.047489
8 2 80.952377 0.067910 0.048211 0.065461 0.046467
8 3 81.428574 0.065370 0.046628 0.065800 0.046473
8 4 81.904762 0.064081 0.046651 0.064437 0.046661
8 5 82.380951 0.066720 0.047294 0.066347 0.047288
8 6 82.857140 0.064627 0.046121 0.065872 0.047402
8 7 83.333336 0.068985 0.047287 0.069427 0.047388
8 8 83.809525 0.066123 0.047039 0.065674 0.046699
8 9 84.285713 0.065205 0.046996 0.066080 0.047729
8 10 84.761902 0.064757 0.046980 0.062484 0.045133
8 11 85.238098 0.065419 0.046863 0.064977 0.046937
8 12 85.714287 0.064484 0.046377 0.064071 0.045882
8 13 86.190475 0.065978 0.046719 0.066650 0.046813
8 14 86.666664 0.063255 0.045155 0.064021 0.045944
8 15 87.142860 0.062677 0.045388 0.063311 0.045699
8 16 87.619049 0.065560 0.046358 0.066533 0.046896
8 17 88.095238 0.063557 0.045950 0.063846 0.046013
8 18 88.571426 0.064525 0.046313 0.064017 0.045866
8 19 89.047623 0.064055 0.045908 0.064400 0.045924
8 20 89.523811 0.062604 0.045088 0.063467 0.045992
9 0 90.000000 0.062858 0.045235 0.063926 0.046112
9 1 90.476189 0.062968 0.045955 0.062636 0.045537
9 2 90.952377 0.064838 0.046339 0.064107 0.045601
9 3 91.428574 0.062078 0.044572 0.062504 0.044872
9 4 91.904762 0.064497 0.047161 0.062246 0.045639
9 5 92.380951 0.063918 0.045665 0.064252 0.045558
9 6 92.857140 0.063349 0.045812 0.062606 0.045387
9 7 93.333336 0.064117 0.045659 0.063624 0.045394
9 8 93.809525 0.061304 0.044545 0.064088 0.047018
9 9 94.285713 0.062182 0.045206 0.061661 0.045091
9 10 94.761902 0.062876 0.045892 0.062830 0.045947
9 11 95.238098 0.061731 0.044153 0.061726 0.044419
9 12 95.714287 0.062247 0.044828 0.062680 0.044913
9 13 96.190475 0.060786 0.044181 0.061646 0.044784
9 14 96.666664 0.061232 0.044490 0.061511 0.044988
9 15 97.142860 0.064367 0.045213 0.064498 0.045744
9 16 97.619049 0.062156 0.045515 0.060602 0.043758
9 17 98.095238 0.064138 0.044723 0.063936 0.044458
9 18 98.571426 0.062132 0.044751 0.061850 0.044153
9 19 99.047623 0.062959 0.045100 0.061827 0.044319
9 20 99.523811 0.062326 0.044471 0.062360 0.044529
