0 0 0.000000 0.220098 0.134568 0.222505 0.135604
0 1 0.476190 0.205331 0.134380 0.205702 0.134521
0 2 0.952381 0.201845 0.131724 0.203286 0.132675
0 3 1.428571 0.202707 0.133188 0.202913 0.132910
0 4 1.904762 0.205686 0.133984 0.204757 0.133433
0 5 2.380952 0.202090 0.131679 0.203381 0.132897
0 6 2.857143 0.203128 0.132863 0.204622 0.133097
0 7 3.333333 0.201654 0.132571 0.205041 0.134473
0 8 3.809524 0.204481 0.133543 0.202105 0.131940
0 9 4.285714 0.201196 0.131829 0.203838 0.132774
0 10 4.761905 0.204326 0.133137 0.204220 0.133313
0 11 5.238095 0.204553 0.133747 0.201784 0.131751
0 12 5.714286 0.206141 0.134286 0.204301 0.133431
0 13 6.190476 0.203100 0.132676 0.206033 0.134779
0 14 6.666667 0.205069 0.134385 0.204362 0.133973
0 15 7.142857 0.204268 0.133094 0.202742 0.131996
0 16 7.619048 0.203903 0.133613 0.202959 0.132601
0 17 8.095238 0.203362 0.132560 0.203904 0.132641
0 18 8.571428 0.202163 0.132186 0.201631 0.131947
0 19 9.047619 0.205282 0.134283 0.203149 0.132749
0 20 9.523809 0.202193 0.132627 0.203666 0.133108
1 0 10.000000 0.204013 0.132980 0.203295 0.132674
1 1 10.476191 0.204342 0.132969 0.205478 0.133747
1 2 10.952381 0.204433 0.133486 0.201820 0.132025
1 3 11.428572 0.204039 0.133575 0.203578 0.133590
1 4 11.904762 0.204123 0.133576 0.204658 0.133846
1 5 12.380953 0.203502 0.132352 0.206713 0.134759
1 6 12.857142 0.202914 0.132326 0.203477 0.132296
1 7 13.333333 0.203850 0.132894 0.206127 0.134814
1 8 13.809524 0.202981 0.132909 0.201583 0.131838
1 9 14.285714 0.204435 0.133823 0.204646 0.133671
1 10 14.761905 0.203500 0.133310 0.207717 0.135471
1 11 15.238095 0.202228 0.131684 0.205289 0.133988
1 12 15.714286 0.202675 0.132485 0.203485 0.132935
1 13 16.190475 0.204973 0.134001 0.205414 0.134113
1 14 16.666666 0.201393 0.130901 0.204647 0.133464
1 15 17.142857 0.205744 0.134415 0.204946 0.134014
1 16 17.619047 0.204363 0.133063 0.205734 0.134220
1 17 18.095238 0.206743 0.134694 0.204980 0.133360
1 18 18.571428 0.202548 0.132199 0.204511 0.133201
1 19 19.047619 0.203857 0.132794 0.201341 0.131887
1 20 19.523809 0.203161 0.132890 0.206202 0.134473
2 0 20.000000 0.203483 0.132848 0.206342 0.135259
2 1 20.476191 0.203054 0.132441 0.204425 0.133434
2 2 20.952381 0.204246 0.133112 0.204990 0.133909
2 3 21.428572 0.203970 0.133039 0.204691 0.133456
2 4 21.904762 0.207697 0.135039 0.204168 0.132662
2 5 22.380953 0.204447 0.132824 0.204584 0.133305
2 6 22.857143 0.202685 0.132324 0.206024 0.134852
2 7 23.333334 0.206810 0.134766 0.205353 0.134021
2 8 23.809525 0.203145 0.132866 0.205831 0.133984
2 9 24.285715 0.201684 0.132125 0.205094 0.134464
2 10 24.761906 0.204558 0.133391 0.203642 0.132783
2 11 25.238094 0.205239 0.134080 0.204601 0.133759
2 12 25.714285 0.202417 0.131914 0.205700 0.134659
2 13 26.190475 0.203306 0.132974 0.203069 0.132547
2 14 26.666666 0.207309 0.134504 0.203717 0.132469
2 15 27.142857 0.203103 0.132623 0.203751 0.132759
2 16 27.619047 0.204428 0.133969 0.205626 0.133989
2 17 28.095238 0.205923 0.134727 0.202974 0.132706
2 18 28.571428 0.205360 0.133653 0.202424 0.132018
2 19 29.047619 0.204300 0.133870 0.202241 0.132283
2 20 29.523809 0.205883 0.134370 0.205355 0.134019
3 0 30.000000 0.204048 0.132834 0.202952 0.132758
3 1 30.476191 0.202246 0.131857 0.206678 0.134435
3 2 30.952381 0.207088 0.134623 0.204520 0.133318
3 3 31.428572 0.202409 0.132132 0.203982 0.134070
3 4 31.904762 0.203314 0.133081 0.202530 0.132376
3 5 32.380951 0.203767 0.132447 0.202794 0.131799
3 6 32.857143 0.203824 0.133095 0.204524 0.133575
3 7 33.333332 0.203454 0.133143 0.202569 0.132377
3 8 33.809525 0.202021 0.132404 0.203252 0.132970
3 9 34.285713 0.201253 0.131061 0.202783 0.132355
3 10 34.761906 0.202385 0.132256 0.204422 0.133237
3 11 35.238094 0.204899 0.133965 0.204269 0.133740
3 12 35.714287 0.203651 0.132805 0.205430 0.134227
3 13 36.190475 0.203407 0.133139 0.202240 0.132457
3 14 36.666668 0.203544 0.133351 0.202359 0.131977
3 15 37.142857 0.203832 0.133054 0.205829 0.134059
3 16 37.619049 0.202773 0.132285 0.204927 0.134006
3 17 38.095238 0.204130 0.133023 0.204360 0.133576
3 18 38.571430 0.207311 0.134763 0.204176 0.133266
3 19 39.047619 0.202947 0.132671 0.204472 0.134349
3 20 39.523811 0.205720 0.134502 0.204349 0.133062
4 0 40.000000 0.207363 0.135150 0.203392 0.132840
4 1 40.476189 0.203652 0.133254 0.202976 0.132334
4 2 40.952381 0.204661 0.133565 0.202360 0.133001
4 3 41.428570 0.203844 0.133332 0.204193 0.133499
4 4 41.904762 0.204625 0.134218 0.202854 0.132786
4 5 42.380951 0.207211 0.135585 0.203111 0.132718
4 6 42.857143 0.206019 0.134848 0.201865 0.132173
4 7 43.333332 0.203012 0.133016 0.202659 0.133054
4 8 43.809525 0.204822 0.133764 0.200691 0.131198
4 9 44.285713 0.204935 0.134140 0.206493 0.134624
4 10 44.761906 0.205358 0.133453 0.205244 0.134208
4 11 45.238094 0.203614 0.132543 0.205163 0.133672
4 12 45.714287 0.204648 0.133711 0.205161 0.133892
4 13 46.190475 0.205826 0.134487 0.202327 0.132066
4 14 46.666668 0.204064 0.133624 0.203428 0.133480
4 15 47.142857 0.204100 0.133319 0.204873 0.133590
4 16 47.619049 0.207418 0.135148 0.203656 0.132759
4 17 48.095238 0.203890 0.132965 0.203918 0.133533
4 18 48.571430 0.203590 0.132706 0.204271 0.133328
4 19 49.047619 0.202767 0.132806 0.206702 0.134934
4 20 49.523811 0.203446 0.132947 0.206630 0.134908
5 0 50.000000 0.205062 0.134019 0.203753 0.133830
5 1 50.476189 0.207599 0.135799 0.204190 0.133451
5 2 50.952381 0.206109 0.134317 0.204289 0.133193
5 3 51.428570 0.206250 0.134653 0.204199 0.133214
5 4 51.904762 0.204133 0.132784 0.203078 0.132378
5 5 52.380951 0.207243 0.135030 0.206161 0.134196
5 6 52.857143 0.204380 0.133933 0.203647 0.133146
5 7 53.333332 0.205192 0.134104 0.202006 0.132218
5 8 53.809525 0.204085 0.133992 0.204141 0.133658
5 9 54.285713 0.205626 0.133690 0.204353 0.133801
5 10 54.761906 0.203572 0.133155 0.202742 0.132870
5 11 55.238094 0.203695 0.133221 0.204519 0.133176
5 12 55.714287 0.202269 0.132423 0.202535 0.132137
5 13 56.190475 0.201521 0.131655 0.203758 0.133485
5 14 56.666668 0.205605 0.133718 0.205154 0.133856
5 15 57.142857 0.204676 0.133906 0.201900 0.131999
5 16 57.619049 0.202117 0.131697 0.203608 0.133287
5 17 58.095238 0.201938 0.131306 0.203994 0.132913
5 18 58.571430 0.201162 0.131674 0.204705 0.133569
5 19 59.047619 0.203014 0.132405 0.205827 0.134245
5 20 59.523811 0.205172 0.133733 0.202867 0.131729
6 0 60.000000 0.205623 0.134162 0.201830 0.132104
6 1 60.476189 0.201324 0.131409 0.202570 0.132133
6 2 60.952381 0.204342 0.133140 0.203030 0.132301
6 3 61.428570 0.205346 0.134221 0.206219 0.134394
6 4 61.904762 0.204466 0.133621 0.204970 0.134296
6 5 62.380951 0.203030 0.132363 0.204390 0.133299
6 6 62.857143 0.206459 0.134626 0.203924 0.132855
6 7 63.333332 0.202721 0.132387 0.203651 0.133099
6 8 63.809525 0.204345 0.133146 0.204027 0.133203
6 9 64.285713 0.204732 0.134221 0.205639 0.134356
6 10 64.761902 0.204736 0.134088 0.203797 0.133360
6 11 65.238098 0.202126 0.132015 0.202617 0.132063
6 12 65.714287 0.204114 0.133128 0.203386 0.132464
6 13 66.190475 0.204598 0.134220 0.202073 0.131994
6 14 66.666664 0.204012 0.133302 0.202284 0.132035
6 15 67.142860 0.204584 0.133691 0.203418 0.133187
6 16 67.619049 0.206070 0.134478 0.204442 0.133005
6 17 68.095238 0.202424 0.132358 0.200691 0.130858
6 18 68.571426 0.205531 0.134322 0.204457 0.133550
6 19 69.047623 0.203584 0.132886 0.207378 0.135429
6 20 69.523811 0.204358 0.133680 0.203733 0.133301
7 0 70.000000 0.204503 0.133529 0.204198 0.133161
7 1 70.476189 0.203762 0.132941 0.202618 0.132013
7 2 70.952377 0.203947 0.132535 0.202977 0.132732
7 3 71.428574 0.202326 0.132175 0.203081 0.133049
7 4 71.904762 0.205102 0.133532 0.204702 0.133910
7 5 72.380951 0.205656 0.134224 0.202807 0.132288
7 6 72.857140 0.206965 0.134839 0.204855 0.133712
7 7 73.333336 0.206270 0.135066 0.202035 0.132173
7 8 73.809525 0.203718 0.132647 0.203579 0.132962
7 9 74.285713 0.206074 0.135051 0.204510 0.133223
7 10 74.761902 0.204007 0.132905 0.204241 0.133723
7 11 75.238098 0.207112 0.135535 0.203698 0.133211
7 12 75.714287 0.205810 0.134016 0.204573 0.133189
7 13 76.190475 0.202423 0.132168 0.204517 0.133444
7 14 76.666664 0.203420 0.132527 0.203317 0.132790
7 15 77.142860 0.204267 0.133603 0.205103 0.134020
7 16 77.619049 0.202057 0.132301 0.204910 0.134619
7 17 78.095238 0.203995 0.133783 0.204414 0.133506
7 18 78.571426 0.205035 0.133459 0.205199 0.133329
7 19 79.047623 0.205262 0.134071 0.207389 0.135507
7 20 79.523811 0.204614 0.133948 0.204138 0.132766
8 0 80.000000 0.203703 0.133407 0.207670 0.135580
8 1 80.476189 0.203179 0.132341 0.203908 0.133182
8 2 80.952377 0.205971 0.134020 0.206248 0.133920
8 3 81.428574 0.202154 0.132358 0.205720 0.134406
8 4 81.904762 0.204111 0.132677 0.204809 0.133743
8 5 82.380951 0.200900 0.131134 0.204327 0.133462
8 6 82.857140 0.204488 0.133488 0.205498 0.134189
8 7 83.333336 0.201644 0.131886 0.204008 0.132721
8 8 83.809525 0.203499 0.132619 0.206636 0.135213
8 9 84.285713 0.204737 0.133629 0.204349 0.133076
8 10 84.761902 0.202752 0.132632 0.203065 0.133090
8 11 85.238098 0.203582 0.132982 0.201819 0.131964
8 12 85.714287 0.204241 0.133668 0.206488 0.135023
8 13 86.190475 0.204717 0.133330 0.201176 0.131680
8 14 86.666664 0.205424 0.133986 0.204841 0.134118
8 15 87.142860 0.205192 0.134002 0.203262 0.132598
8 16 87.619049 0.203629 0.133147 0.203749 0.133993
8 17 88.095238 0.204611 0.133074 0.205217 0.133911
8 18 88.571426 0.204848 0.133666 0.204062 0.133361
8 19 89.047623 0.204497 0.133414 0.204444 0.133408
8 20 89.523811 0.201901 0.131433 0.204920 0.133850
9 0 90.000000 0.203774 0.133451 0.204635 0.133424
9 1 90.476189 0.203407 0.132664 0.200908 0.131275
9 2 90.952377 0.203574 0.132622 0.202142 0.131707
9 3 91.428574 0.203401 0.133026 0.205292 0.134091
9 4 91.904762 0.201444 0.131555 0.203341 0.132865
9 5 92.380951 0.205223 0.134069 0.206871 0.135108
9 6 92.857140 0.202335 0.131929 0.205347 0.134173
9 7 93.333336 0.204843 0.133610 0.202693 0.131980
9 8 93.809525 0.205379 0.134324 0.202139 0.132007
9 9 94.285713 0.204322 0.133273 0.206184 0.134690
9 10 94.761902 0.203768 0.133093 0.204350 0.132631
9 11 95.238098 0.206565 0.134387 0.206866 0.134994
9 12 95.714287 0.204550 0.133535 0.204625 0.133431
9 13 96.190475 0.201050 0.131661 0.204499 0.134083
9 14 96.666664 0.205652 0.134539 0.204603 0.133481
9 15 97.142860 0.203837 0.133568 0.204302 0.133336
9 16 97.619049 0.204813 0.133627 0.204584 0.133558
9 17 98.095238 0.203561 0.132478 0.203481 0.132166
9 18 98.571426 0.205459 0.134247 0.204635 0.133282
9 19 99.047623 0.203529 0.133011 0.206374 0.134570
9 20 99.523811 0.203418 0.132940 0.203777 0.133225
