0 0 0.000000 0.154800 0.105065 0.151959 0.104231
0 1 0.114943 0.165597 0.106442 0.164199 0.105653
0 2 0.229885 0.153110 0.104987 0.154604 0.106125
0 3 0.344828 0.155438 0.106203 0.156654 0.107437
0 4 0.459770 0.162425 0.108079 0.160243 0.106216
0 5 0.574713 0.155716 0.107188 0.155846 0.107421
0 6 0.689655 0.149806 0.104593 0.152461 0.106278
0 7 0.804598 0.151329 0.106360 0.152955 0.106637
0 8 0.919540 0.163535 0.107085 0.163230 0.107129
0 9 1.034483 0.152626 0.105891 0.155074 0.107795
0 10 1.149425 0.154452 0.106336 0.153490 0.105709
0 11 1.264368 0.157598 0.106159 0.156516 0.105557
0 12 1.379310 0.154356 0.107022 0.151767 0.105874
0 13 1.494253 0.150873 0.105129 0.149041 0.103705
0 14 1.609195 0.154038 0.104166 0.153892 0.104416
0 15 1.724138 0.150484 0.103630 0.151608 0.104237
0 16 1.839080 0.152660 0.105838 0.152781 0.106041
0 17 1.954023 0.157291 0.106137 0.157976 0.107063
0 18 2.068965 0.156211 0.105545 0.156932 0.106002
0 19 2.183908 0.157346 0.105723 0.156338 0.105933
0 20 2.298851 0.155343 0.104741 0.156595 0.105460
0 21 2.413793 0.154081 0.105063 0.155930 0.106721
0 22 2.528736 0.157757 0.107605 0.155809 0.105787
0 23 2.643678 0.151949 0.105536 0.151397 0.104591
0 24 2.758621 0.154908 0.107251 0.153071 0.105355
0 25 2.873563 0.158917 0.107152 0.157190 0.106230
0 26 2.988506 0.159199 0.105416 0.160408 0.106530
0 27 3.103448 0.153700 0.105355 0.152844 0.105097
0 28 3.218391 0.155107 0.104786 0.155924 0.105299
0 29 3.333333 0.156217 0.105453 0.159068 0.106938
0 30 3.448276 0.155600 0.106458 0.152612 0.104403
0 31 3.563218 0.156740 0.107215 0.153033 0.104632
0 32 3.678161 0.155932 0.106322 0.156516 0.106868
0 33 3.793103 0.151381 0.104341 0.153177 0.105909
0 34 3.908046 0.164870 0.106944 0.163242 0.105886
0 35 4.022988 0.157832 0.105202 0.160764 0.107538
0 36 4.137931 0.146532 0.103428 0.153732 0.107978
0 37 4.252873 0.155950 0.103646 0.159436 0.105779
0 38 4.367816 0.151304 0.104331 0.152430 0.104695
0 39 4.482759 0.137264 0.089570 0.134473 0.087733
0 40 4.597701 0.090733 0.063278 0.089144 0.060727
0 41 4.712644 0.075895 0.052407 0.076040 0.052845
0 42 4.827586 0.068542 0.047542 0.070071 0.049032
0 43 4.942529 0.066437 0.046261 0.066923 0.046230
0 44 5.057471 0.062332 0.043904 0.063287 0.044502
0 45 5.172414 0.064733 0.045494 0.064226 0.044743
0 46 5.287356 0.065531 0.043821 0.066701 0.044572
0 47 5.402299 0.061123 0.043271 0.061590 0.043834
0 48 5.517241 0.063897 0.043342 0.063390 0.043501
0 49 5.632184 0.062504 0.043384 0.062099 0.043383
0 50 5.747127 0.059874 0.042837 0.059026 0.042279
0 51 5.862069 0.062474 0.043709 0.062858 0.043380
0 52 5.977012 0.059083 0.042150 0.059726 0.042402
0 53 6.091954 0.059153 0.041656 0.060698 0.042863
0 54 6.206897 0.059621 0.041820 0.060863 0.042594
0 55 6.321839 0.057612 0.041431 0.056925 0.041137
0 56 6.436781 0.057592 0.041651 0.058991 0.042376
0 57 6.551724 0.057862 0.041744 0.057249 0.041661
0 58 6.666667 0.060624 0.043111 0.061060 0.043581
0 59 6.781609 0.059123 0.041999 0.058606 0.041214
0 60 6.896552 0.058553 0.042351 0.057944 0.041595
0 61 7.011494 0.057615 0.041921 0.056612 0.041308
0 62 7.126437 0.058062 0.041819 0.058417 0.042049
0 63 7.241379 0.059734 0.042708 0.059651 0.042483
0 64 7.356322 0.057438 0.041045 0.058328 0.041629
0 65 7.471264 0.057759 0.041084 0.059524 0.042451
0 66 7.586207 0.057515 0.040782 0.057893 0.041345
0 67 7.701149 0.058444 0.041776 0.058951 0.041954
0 68 7.816092 0.056663 0.041120 0.057050 0.041455
0 69 7.931035 0.058067 0.041647 0.058180 0.041825
0 70 8.045977 0.057931 0.041358 0.057772 0.041496
0 71 8.160919 0.057274 0.041206 0.057380 0.041237
0 72 8.275862 0.056897 0.041241 0.056579 0.041572
0 73 8.390804 0.057701 0.041257 0.057409 0.041151
0 74 8.505747 0.057533 0.041302 0.056671 0.040462
0 75 8.620689 0.056625 0.041441 0.056223 0.041470
0 76 8.735632 0.056856 0.041128 0.055983 0.040631
0 77 8.850574 0.055879 0.040575 0.055956 0.040864
0 78 8.965517 0.057093 0.041332 0.057824 0.041463
0 79 9.080460 0.055124 0.040455 0.056283 0.041217
0 80 9.195402 0.055893 0.041099 0.057192 0.042049
0 81 9.310345 0.055580 0.041373 0.055118 0.040873
0 82 9.425287 0.055628 0.040263 0.056121 0.041131
0 83 9.540230 0.056698 0.040306 0.056735 0.040440
0 84 9.655172 0.055141 0.040391 0.056266 0.041040
0 85 9.770115 0.055833 0.041005 0.055348 0.040479
0 86 9.885057 0.056286 0.040998 0.056042 0.040698
1 0 10.000000 0.056483 0.041115 0.055392 0.040779
1 1 10.114943 0.056259 0.041057 0.055354 0.040785
1 2 10.229885 0.055589 0.041234 0.055279 0.040516
1 3 10.344828 0.055478 0.040649 0.054796 0.039861
1 4 10.459770 0.054587 0.040233 0.055482 0.041218
1 5 10.574713 0.056217 0.041069 0.055528 0.040486
1 6 10.689655 0.057586 0.040829 0.057353 0.040754
1 7 10.804598 0.056161 0.040800 0.055189 0.040207
1 8 10.919540 0.056986 0.041035 0.057438 0.041230
1 9 11.034483 0.056465 0.041968 0.054820 0.040154
1 10 11.149426 0.056336 0.040938 0.056864 0.041249
1 11 11.264368 0.055437 0.040640 0.055857 0.040816
1 12 11.379311 0.054986 0.040529 0.056107 0.041061
1 13 11.494253 0.055464 0.040929 0.055367 0.040309
1 14 11.609196 0.058303 0.041367 0.058651 0.041427
1 15 11.724138 0.055621 0.041386 0.055255 0.041003
1 16 11.839081 0.056086 0.040734 0.055572 0.040448
1 17 11.954023 0.054031 0.040029 0.054363 0.040180
1 18 12.068966 0.056528 0.040975 0.057423 0.041708
1 19 12.183908 0.055990 0.041202 0.055458 0.040558
1 20 12.298851 0.055701 0.040990 0.055265 0.040694
1 21 12.413794 0.054997 0.040975 0.054240 0.040356
1 22 12.528735 0.057034 0.041291 0.057463 0.041631
1 23 12.643678 0.054881 0.040303 0.053796 0.039789
1 24 12.758620 0.057600 0.041260 0.057368 0.041033
1 25 12.873563 0.056441 0.040871 0.056917 0.041076
1 26 12.988505 0.055282 0.040751 0.054579 0.040318
1 27 13.103448 0.055545 0.040776 0.054599 0.040008
1 28 13.218390 0.055214 0.040886 0.055926 0.040943
1 29 13.333333 0.056252 0.040736 0.055895 0.040485
1 30 13.448276 0.054208 0.040350 0.053156 0.039881
1 31 13.563218 0.055918 0.040466 0.056018 0.040345
1 32 13.678161 0.053833 0.040145 0.054536 0.040594
1 33 13.793103 0.055107 0.040632 0.054101 0.040246
1 34 13.908046 0.054223 0.040065 0.054346 0.039954
1 35 14.022988 0.054849 0.040656 0.054439 0.040240
1 36 14.137931 0.054211 0.039953 0.053924 0.039844
1 37 14.252873 0.055867 0.041475 0.053997 0.040124
1 38 14.367816 0.056159 0.041111 0.055238 0.040364
1 39 14.482759 0.054113 0.040130 0.055226 0.041053
1 40 14.597701 0.054216 0.039905 0.055868 0.041101
1 41 14.712644 0.055477 0.040598 0.054938 0.040450
1 42 14.827586 0.054205 0.040118 0.054017 0.040404
1 43 14.942529 0.056483 0.041378 0.055696 0.041063
1 44 15.057471 0.053736 0.040046 0.054721 0.040921
1 45 15.172414 0.054654 0.040043 0.055346 0.040561
1 46 15.287356 0.054725 0.040533 0.054912 0.041079
1 47 15.402299 0.054712 0.040645 0.054259 0.040274
1 48 15.517241 0.055263 0.040402 0.054680 0.039684
1 49 15.632184 0.054079 0.040432 0.053736 0.040219
1 50 15.747127 0.053824 0.040135 0.054257 0.040152
1 51 15.862069 0.055009 0.040660 0.055224 0.040940
1 52 15.977012 0.055784 0.041313 0.054130 0.040342
1 53 16.091953 0.055311 0.041081 0.054455 0.040579
1 54 16.206896 0.055369 0.040941 0.054343 0.040019
1 55 16.321838 0.055068 0.041122 0.055561 0.040990
1 56 16.436781 0.052813 0.039368 0.054829 0.040804
1 57 16.551723 0.052827 0.039515 0.053734 0.040173
1 58 16.666666 0.054271 0.040741 0.053908 0.040432
1 59 16.781609 0.054588 0.040608 0.054306 0.040243
1 60 16.896551 0.054018 0.040100 0.055295 0.040890
1 61 17.011494 0.054819 0.040715 0.055166 0.041206
1 62 17.126436 0.055454 0.040633 0.055541 0.040485
1 63 17.241379 0.055597 0.039961 0.055888 0.040100
1 64 17.356321 0.053593 0.039749 0.053246 0.039658
1 65 17.471264 0.052976 0.039130 0.054245 0.040033
1 66 17.586206 0.056765 0.041612 0.056138 0.041407
1 67 17.701149 0.054019 0.039884 0.054350 0.040887
1 68 17.816092 0.055008 0.041132 0.053606 0.040250
1 69 17.931034 0.053237 0.039978 0.052548 0.039361
1 70 18.045977 0.054216 0.041026 0.052899 0.039402
1 71 18.160919 0.054101 0.040098 0.054577 0.040127
1 72 18.275862 0.055801 0.040712 0.054946 0.040159
1 73 18.390804 0.053245 0.040257 0.052427 0.039508
1 74 18.505747 0.053225 0.039942 0.053745 0.040648
1 75 18.620689 0.055025 0.040637 0.054657 0.040177
1 76 18.735632 0.054242 0.040388 0.053159 0.039522
1 77 18.850574 0.053726 0.040179 0.054316 0.040189
1 78 18.965517 0.054217 0.040614 0.053537 0.039774
1 79 19.080460 0.055522 0.041448 0.053136 0.039435
1 80 19.195402 0.056268 0.040782 0.055439 0.040444
1 81 19.310345 0.053399 0.040435 0.053210 0.040437
1 82 19.425287 0.055539 0.041014 0.053666 0.039470
1 83 19.540230 0.053983 0.040382 0.053861 0.039973
1 84 19.655172 0.052422 0.039259 0.053498 0.039910
1 85 19.770115 0.053490 0.040270 0.053884 0.040656
1 86 19.885057 0.054116 0.040576 0.054349 0.040996
2 0 20.000000 0.053673 0.039812 0.052893 0.039566
2 1 20.114943 0.054955 0.040880 0.054530 0.040748
2 2 20.229885 0.053819 0.040483 0.054112 0.040348
2 3 20.344828 0.054359 0.040220 0.054616 0.040484
2 4 20.459770 0.055635 0.040901 0.054257 0.039837
2 5 20.574713 0.054913 0.040572 0.054338 0.039970
2 6 20.689655 0.056426 0.041064 0.055800 0.040120
2 7 20.804598 0.052652 0.039386 0.052697 0.040140
2 8 20.919540 0.052991 0.039978 0.054544 0.040730
2 9 21.034483 0.053994 0.040414 0.053478 0.039782
2 10 21.149426 0.053190 0.039742 0.053506 0.040039
2 11 21.264368 0.053530 0.040387 0.052395 0.039738
2 12 21.379311 0.054230 0.039933 0.053798 0.040442
2 13 21.494253 0.051819 0.039278 0.051346 0.038566
2 14 21.609196 0.053970 0.040540 0.053123 0.039685
2 15 21.724138 0.053531 0.039470 0.053363 0.039965
2 16 21.839081 0.054211 0.040173 0.053756 0.040232
2 17 21.954023 0.053232 0.039757 0.054252 0.039936
2 18 22.068966 0.054414 0.040197 0.054947 0.040650
2 19 22.183908 0.052546 0.039301 0.054231 0.040418
2 20 22.298851 0.053279 0.039829 0.055529 0.041824
2 21 22.413794 0.052809 0.039767 0.052744 0.039904
2 22 22.528736 0.054758 0.040349 0.054266 0.040078
2 23 22.643679 0.055207 0.040808 0.055053 0.040597
2 24 22.758621 0.053892 0.039989 0.053582 0.040257
2 25 22.873564 0.053524 0.040523 0.052427 0.039565
2 26 22.988506 0.055434 0.041431 0.055239 0.041057
2 27 23.103449 0.054199 0.040405 0.053902 0.040226
2 28 23.218391 0.055620 0.040869 0.054920 0.040416
2 29 23.333334 0.054416 0.040102 0.055136 0.040619
2 30 23.448277 0.054019 0.039428 0.054837 0.040211
2 31 23.563219 0.052665 0.039496 0.053132 0.039973
2 32 23.678162 0.053796 0.039820 0.053059 0.039482
2 33 23.793104 0.054915 0.040175 0.055056 0.040409
2 34 23.908047 0.055395 0.040032 0.055655 0.040490
2 35 24.022989 0.053120 0.039971 0.053536 0.039812
2 36 24.137932 0.056339 0.041174 0.055862 0.040841
2 37 24.252874 0.051564 0.038700 0.053162 0.040161
2 38 24.367817 0.054231 0.040621 0.053801 0.040316
2 39 24.482759 0.053097 0.039372 0.052600 0.039284
2 40 24.597702 0.053758 0.039838 0.054224 0.040108
2 41 24.712645 0.054349 0.040620 0.054789 0.041058
2 42 24.827587 0.053841 0.040109 0.052548 0.039227
2 43 24.942530 0.053038 0.039934 0.052288 0.038869
2 44 25.057470 0.054313 0.040034 0.055073 0.040413
2 45 25.172413 0.055126 0.040401 0.055156 0.040429
2 46 25.287355 0.054705 0.040138 0.054621 0.040402
2 47 25.402298 0.054456 0.039957 0.054690 0.040298
2 48 25.517241 0.055312 0.040945 0.054431 0.040021
2 49 25.632183 0.055646 0.040728 0.055428 0.040769
2 50 25.747126 0.054073 0.040237 0.055138 0.040580
2 51 25.862068 0.055188 0.041281 0.054762 0.040794
2 52 25.977011 0.055339 0.040288 0.056698 0.041204
2 53 26.091953 0.058957 0.041826 0.059150 0.041915
2 54 26.206896 0.054895 0.040261 0.055526 0.040659
2 55 26.321838 0.058783 0.041968 0.058658 0.041751
2 56 26.436781 0.058966 0.042254 0.058497 0.042398
2 57 26.551723 0.094758 0.061161 0.096374 0.061681
2 58 26.666666 0.090525 0.061461 0.091981 0.062317
2 59 26.781609 0.097370 0.065990 0.098668 0.066920
2 60 26.896551 0.079851 0.054402 0.080219 0.054810
2 61 27.011494 0.076469 0.052474 0.075447 0.051944
2 62 27.126436 0.070719 0.048554 0.071172 0.048886
2 63 27.241379 0.070717 0.048737 0.071041 0.048744
2 64 27.356321 0.069015 0.047692 0.068995 0.047078
2 65 27.471264 0.096806 0.067808 0.095726 0.066203
2 66 27.586206 0.075358 0.052185 0.076805 0.052853
2 67 27.701149 0.071750 0.049833 0.071800 0.050013
2 68 27.816092 0.069361 0.048181 0.068979 0.047943
2 69 27.931034 0.066305 0.046467 0.065289 0.046155
2 70 28.045977 0.064859 0.045251 0.064871 0.045205
2 71 28.160919 0.064393 0.044722 0.064168 0.044814
2 72 28.275862 0.063181 0.044669 0.062551 0.044150
2 73 28.390804 0.065611 0.045932 0.065248 0.045690
2 74 28.505747 0.062791 0.044199 0.062354 0.043534
2 75 28.620689 0.062471 0.044233 0.062401 0.044028
2 76 28.735632 0.066079 0.046495 0.065848 0.045911
2 77 28.850574 0.062126 0.043839 0.062212 0.043537
2 78 28.965517 0.061093 0.043201 0.061325 0.043496
2 79 29.080460 0.060938 0.043058 0.061711 0.043665
2 80 29.195402 0.060557 0.043021 0.059549 0.042117
2 81 29.310345 0.060621 0.043282 0.061089 0.043976
2 82 29.425287 0.059195 0.042279 0.059373 0.042204
2 83 29.540230 0.060495 0.042404 0.060281 0.042513
2 84 29.655172 0.061688 0.043156 0.061698 0.043201
2 85 29.770115 0.060280 0.042645 0.060067 0.042938
2 86 29.885057 0.061194 0.043483 0.060892 0.043022
3 0 30.000000 0.061389 0.043283 0.060881 0.042879
3 1 30.114943 0.058866 0.042726 0.058891 0.042427
3 2 30.229885 0.058885 0.042195 0.059044 0.042146
3 3 30.344828 0.060521 0.043009 0.059908 0.042383
3 4 30.459770 0.069968 0.048341 0.070902 0.048905
3 5 30.574713 0.071441 0.048933 0.071256 0.048503
3 6 30.689655 0.068582 0.047262 0.069011 0.047674
3 7 30.804598 0.066124 0.045830 0.066535 0.045937
3 8 30.919540 0.064586 0.044635 0.064404 0.044601
3 9 31.034483 0.067676 0.046169 0.066379 0.045765
3 10 31.149426 0.063015 0.043665 0.063348 0.044059
3 11 31.264368 0.063476 0.044856 0.062819 0.044666
3 12 31.379311 0.061316 0.043267 0.061524 0.043894
3 13 31.494253 0.060025 0.042613 0.059956 0.042742
3 14 31.609196 0.062316 0.044277 0.061036 0.042850
3 15 31.724138 0.059548 0.042530 0.060533 0.043593
3 16 31.839081 0.059800 0.042447 0.061872 0.044268
3 17 31.954023 0.062757 0.043939 0.062976 0.044125
3 18 32.068966 0.061608 0.043117 0.060334 0.042626
3 19 32.183907 0.058970 0.042411 0.057964 0.041667
3 20 32.298851 0.059596 0.041912 0.060974 0.043189
3 21 32.413792 0.058719 0.042042 0.058315 0.042086
3 22 32.528736 0.061683 0.043638 0.062215 0.043605
3 23 32.643677 0.060833 0.042911 0.061586 0.043475
3 24 32.758621 0.060755 0.042860 0.060617 0.042662
3 25 32.873562 0.061820 0.043414 0.063048 0.044481
3 26 32.988506 0.062697 0.044056 0.062101 0.043360
3 27 33.103447 0.093411 0.063127 0.091981 0.062260
3 28 33.218391 0.065291 0.045549 0.066468 0.045805
3 29 33.333332 0.062643 0.043657 0.061578 0.043506
3 30 33.448277 0.061210 0.043262 0.060521 0.042553
3 31 33.563217 0.060119 0.042983 0.058774 0.042062
3 32 33.678162 0.061294 0.043667 0.060997 0.043624
3 33 33.793102 0.059585 0.042525 0.059646 0.042211
3 34 33.908047 0.059483 0.043161 0.060015 0.043119
3 35 34.022987 0.062095 0.044070 0.060429 0.042874
3 36 34.137932 0.060056 0.043019 0.060596 0.043287
3 37 34.252872 0.060924 0.043552 0.061961 0.044470
3 38 34.367817 0.064239 0.043835 0.063683 0.043892
3 39 34.482758 0.066657 0.045937 0.066286 0.045890
3 40 34.597702 0.067518 0.046301 0.067972 0.046697
3 41 34.712643 0.061369 0.043369 0.060946 0.043154
3 42 34.827587 0.060864 0.042901 0.061412 0.043161
3 43 34.942528 0.063163 0.044651 0.064379 0.045198
3 44 35.057472 0.063461 0.044712 0.064138 0.044989
3 45 35.172413 0.064589 0.044495 0.063932 0.043932
3 46 35.287357 0.061455 0.043462 0.060870 0.042970
3 47 35.402298 0.064266 0.044785 0.064417 0.044838
3 48 35.517242 0.074353 0.049993 0.074832 0.050443
3 49 35.632183 0.064495 0.044900 0.064858 0.044858
3 50 35.747128 0.061882 0.043255 0.063527 0.044249
3 51 35.862068 0.062138 0.044140 0.061609 0.043545
3 52 35.977013 0.061950 0.042904 0.061549 0.042869
3 53 36.091953 0.059095 0.042020 0.059049 0.042220
3 54 36.206898 0.065213 0.045546 0.063320 0.044407
3 55 36.321838 0.079663 0.054544 0.081250 0.056090
3 56 36.436783 0.065519 0.045101 0.064177 0.044564
3 57 36.551723 0.066346 0.045879 0.065713 0.045827
3 58 36.666668 0.075058 0.051939 0.074490 0.051050
3 59 36.781609 0.074007 0.049349 0.074404 0.049718
3 60 36.896553 0.080233 0.057654 0.080778 0.056009
3 61 37.011494 0.071337 0.048800 0.070397 0.048283
3 62 37.126438 0.069803 0.047426 0.068569 0.046675
3 63 37.241379 0.066817 0.046345 0.066208 0.045875
3 64 37.356323 0.064109 0.045157 0.061944 0.043615
3 65 37.471264 0.062437 0.044232 0.061549 0.043510
3 66 37.586208 0.063533 0.044408 0.062768 0.043777
3 67 37.701149 0.063570 0.044641 0.064394 0.045073
3 68 37.816093 0.064837 0.045497 0.063878 0.044985
3 69 37.931034 0.060964 0.043084 0.062514 0.044681
3 70 38.045979 0.061325 0.042852 0.062153 0.043969
3 71 38.160919 0.060856 0.042608 0.061694 0.043732
3 72 38.275864 0.069883 0.048187 0.069392 0.047851
3 73 38.390804 0.161984 0.106732 0.161206 0.106974
3 74 38.505749 0.151038 0.104597 0.151611 0.104673
3 75 38.620689 0.152260 0.106013 0.149628 0.104297
3 76 38.735634 0.152175 0.106138 0.151668 0.105187
3 77 38.850574 0.154348 0.105576 0.154612 0.106084
3 78 38.965519 0.155874 0.106045 0.153920 0.105092
3 79 39.080460 0.154875 0.105582 0.152055 0.103613
3 80 39.195404 0.152578 0.105035 0.154100 0.105780
3 81 39.310345 0.150845 0.103610 0.153424 0.105853
3 82 39.425289 0.151184 0.104777 0.151331 0.104755
3 83 39.540230 0.141729 0.100637 0.142375 0.100792
3 84 39.655174 0.131591 0.094562 0.134108 0.096858
3 85 39.770115 0.131151 0.093007 0.132144 0.094108
3 86 39.885059 0.146382 0.101342 0.147393 0.101477
4 0 40.000000 0.138570 0.097314 0.138582 0.097616
4 1 40.114941 0.135944 0.097553 0.135063 0.096623
4 2 40.229885 0.132426 0.096371 0.134550 0.098380
4 3 40.344826 0.133244 0.096412 0.133858 0.096235
4 4 40.459770 0.135355 0.097199 0.131843 0.095370
4 5 40.574711 0.133873 0.097370 0.132788 0.096600
4 6 40.689655 0.132278 0.096418 0.132166 0.096906
4 7 40.804596 0.135950 0.097524 0.134209 0.096796
4 8 40.919540 0.131521 0.095629 0.133278 0.097077
4 9 41.034481 0.133653 0.096910 0.132426 0.096356
4 10 41.149426 0.128999 0.095325 0.129465 0.095177
4 11 41.264366 0.133986 0.096572 0.134493 0.096267
4 12 41.379311 0.133941 0.096007 0.134777 0.096726
4 13 41.494251 0.133145 0.095682 0.133335 0.096195
4 14 41.609196 0.132296 0.096518 0.134654 0.097527
4 15 41.724136 0.135588 0.097636 0.134635 0.097533
4 16 41.839081 0.132985 0.096766 0.132572 0.096179
4 17 41.954021 0.131475 0.095695 0.132761 0.096432
4 18 42.068966 0.135894 0.098446 0.132474 0.096375
4 19 42.183907 0.132669 0.095793 0.134169 0.097344
4 20 42.298851 0.131344 0.095222 0.131410 0.096151
4 21 42.413792 0.159928 0.104923 0.157254 0.102987
4 22 42.528736 0.149395 0.101898 0.149785 0.101617
4 23 42.643677 0.151048 0.101610 0.152579 0.102846
4 24 42.758621 0.145433 0.099646 0.146651 0.100609
4 25 42.873562 0.142758 0.099375 0.145607 0.101339
4 26 42.988506 0.141990 0.098801 0.143193 0.099790
4 27 43.103447 0.150141 0.100626 0.147864 0.098828
4 28 43.218391 0.140621 0.097584 0.143489 0.099647
4 29 43.333332 0.138863 0.096866 0.141320 0.098270
4 30 43.448277 0.139495 0.096663 0.140779 0.097730
4 31 43.563217 0.138414 0.096675 0.138278 0.096910
4 32 43.678162 0.140485 0.098020 0.140226 0.098294
4 33 43.793102 0.138684 0.098304 0.136893 0.097063
4 34 43.908047 0.136971 0.096320 0.137960 0.097891
4 35 44.022987 0.133607 0.094529 0.136083 0.095667
4 36 44.137932 0.139462 0.097950 0.136880 0.095857
4 37 44.252872 0.132992 0.093260 0.132714 0.093850
4 38 44.367817 0.134432 0.094670 0.133513 0.093757
4 39 44.482758 0.133499 0.093497 0.132907 0.093130
4 40 44.597702 0.134392 0.094732 0.130805 0.092222
4 41 44.712643 0.133186 0.092465 0.132755 0.091852
4 42 44.827587 0.131181 0.091866 0.130052 0.091525
4 43 44.942528 0.131116 0.091546 0.128784 0.090745
4 44 45.057472 0.128896 0.089357 0.129257 0.090170
4 45 45.172413 0.129483 0.091486 0.126839 0.088958
4 46 45.287357 0.127126 0.089914 0.127497 0.090501
4 47 45.402298 0.129221 0.091179 0.128103 0.090675
4 48 45.517242 0.126651 0.090327 0.129117 0.092386
4 49 45.632183 0.127008 0.090208 0.124250 0.088457
4 50 45.747128 0.125912 0.089173 0.125386 0.088649
4 51 45.862068 0.124881 0.088834 0.124667 0.088719
4 52 45.977013 0.127207 0.089916 0.125466 0.088246
4 53 46.091953 0.124476 0.088725 0.122961 0.087861
4 54 46.206898 0.124855 0.088924 0.124499 0.088562
4 55 46.321838 0.125111 0.089360 0.123230 0.088701
4 56 46.436783 0.123526 0.088048 0.122570 0.086994
4 57 46.551723 0.128292 0.090147 0.125294 0.088028
4 58 46.666668 0.112001 0.080062 0.112409 0.080904
4 59 46.781609 0.113303 0.080771 0.113060 0.079908
4 60 46.896553 0.106794 0.076827 0.109782 0.079053
4 61 47.011494 0.107167 0.077296 0.105520 0.075931
4 62 47.126438 0.107835 0.076539 0.110192 0.078248
4 63 47.241379 0.107970 0.076071 0.109230 0.077436
4 64 47.356323 0.108251 0.076344 0.107790 0.075742
4 65 47.471264 0.109625 0.078610 0.105570 0.075110
4 66 47.586208 0.105435 0.074820 0.106014 0.076179
4 67 47.701149 0.106040 0.074949 0.108326 0.076662
4 68 47.816093 0.105604 0.074544 0.108332 0.076768
4 69 47.931034 0.103571 0.074418 0.104766 0.075122
4 70 48.045979 0.102834 0.073876 0.104286 0.075012
4 71 48.160919 0.102936 0.074096 0.101652 0.072560
4 72 48.275864 0.104427 0.074085 0.103465 0.073378
4 73 48.390804 0.112263 0.079970 0.109565 0.077325
4 74 48.505749 0.110908 0.077963 0.107933 0.075900
4 75 48.620689 0.106360 0.075463 0.106673 0.075970
4 76 48.735634 0.108505 0.075602 0.109503 0.075906
4 77 48.850574 0.104908 0.074846 0.103942 0.073738
4 78 48.965519 0.102691 0.072034 0.102456 0.071323
4 79 49.080460 0.099938 0.071412 0.101271 0.072830
4 80 49.195404 0.104647 0.073434 0.104437 0.073413
4 81 49.310345 0.100692 0.072987 0.100569 0.072425
4 82 49.425289 0.106747 0.075435 0.107632 0.075802
4 83 49.540230 0.107722 0.075397 0.108271 0.075522
4 84 49.655174 0.104105 0.071250 0.105567 0.071993
4 85 49.770115 0.107196 0.075885 0.106792 0.075208
4 86 49.885059 0.101369 0.071571 0.101072 0.071400
5 0 50.000000 0.102879 0.070784 0.102480 0.070071
5 1 50.114941 0.098873 0.070376 0.097642 0.068961
5 2 50.229885 0.094872 0.067221 0.094417 0.067284
5 3 50.344826 0.095876 0.068703 0.094799 0.067529
5 4 50.459770 0.095747 0.068888 0.096345 0.068974
5 5 50.574711 0.097793 0.069053 0.097386 0.068182
5 6 50.689655 0.094595 0.068099 0.093208 0.067119
5 7 50.804596 0.101578 0.070745 0.100659 0.070096
5 8 50.919540 0.095983 0.067551 0.099535 0.071093
5 9 51.034481 0.094531 0.067272 0.096487 0.068992
5 10 51.149426 0.097448 0.069305 0.097309 0.068824
5 11 51.264366 0.098106 0.069156 0.099323 0.070710
5 12 51.379311 0.096271 0.069467 0.097298 0.070220
5 13 51.494251 0.103130 0.072631 0.101099 0.070831
5 14 51.609196 0.152350 0.105874 0.154505 0.106295
5 15 51.724136 0.154121 0.107456 0.151494 0.105777
5 16 51.839081 0.156323 0.105825 0.157978 0.107158
5 17 51.954021 0.154791 0.105880 0.154940 0.106358
5 18 52.068966 0.154106 0.105427 0.155483 0.106476
5 19 52.183907 0.155928 0.105524 0.156955 0.105865
5 20 52.298851 0.155780 0.106335 0.154281 0.105395
5 21 52.413792 0.158139 0.107783 0.154115 0.105332
5 22 52.528736 0.153904 0.104527 0.154198 0.104959
5 23 52.643677 0.153825 0.105957 0.152817 0.105565
5 24 52.758621 0.153925 0.105576 0.154079 0.105620
5 25 52.873562 0.153024 0.105241 0.151656 0.104928
5 26 52.988506 0.152530 0.103825 0.153410 0.104994
5 27 53.103447 0.154249 0.107207 0.153079 0.106207
5 28 53.218391 0.152612 0.105021 0.151125 0.103897
5 29 53.333332 0.150635 0.105224 0.150911 0.105155
5 30 53.448277 0.154694 0.105868 0.154379 0.106207
5 31 53.563217 0.154856 0.105942 0.153420 0.105046
5 32 53.678162 0.151828 0.104223 0.154811 0.105848
5 33 53.793102 0.151769 0.105510 0.152757 0.106373
5 34 53.908047 0.152330 0.104669 0.151240 0.104595
5 35 54.022987 0.152888 0.105031 0.153143 0.104909
5 36 54.137932 0.154139 0.105234 0.156455 0.105945
5 37 54.252872 0.155834 0.104527 0.156012 0.105531
5 38 54.367817 0.154277 0.105462 0.153592 0.104689
5 39 54.482758 0.150928 0.104963 0.152554 0.106110
5 40 54.597702 0.156027 0.105720 0.153992 0.103996
5 41 54.712643 0.155793 0.104830 0.157970 0.107047
5 42 54.827587 0.155983 0.105614 0.153428 0.104312
5 43 54.942528 0.153082 0.105737 0.153469 0.106507
5 44 55.057472 0.153765 0.105115 0.154428 0.105810
5 45 55.172413 0.155232 0.106755 0.153955 0.105615
5 46 55.287357 0.153962 0.106469 0.151639 0.104833
5 47 55.402298 0.150111 0.104716 0.151537 0.105662
5 48 55.517242 0.154253 0.106747 0.152651 0.105655
5 49 55.632183 0.155132 0.106199 0.153624 0.105872
5 50 55.747128 0.152723 0.105963 0.154297 0.106941
5 51 55.862068 0.152407 0.105090 0.152093 0.105041
5 52 55.977013 0.156762 0.105568 0.153369 0.102896
5 53 56.091953 0.153481 0.105729 0.154670 0.106485
5 54 56.206898 0.158586 0.106487 0.158112 0.106313
5 55 56.321838 0.156578 0.107375 0.153745 0.105745
5 56 56.436783 0.154788 0.105597 0.153681 0.105087
5 57 56.551723 0.151828 0.104295 0.152086 0.104712
5 58 56.666668 0.155249 0.105958 0.152620 0.104646
5 59 56.781609 0.152560 0.104006 0.153867 0.105119
5 60 56.896553 0.154012 0.106671 0.151641 0.105068
5 61 57.011494 0.154930 0.105005 0.154438 0.104632
5 62 57.126438 0.150032 0.103702 0.151677 0.104880
5 63 57.241379 0.153329 0.105126 0.154552 0.106699
5 64 57.356323 0.155048 0.105709 0.153225 0.105155
5 65 57.471264 0.154537 0.103906 0.157147 0.106671
5 66 57.586208 0.153171 0.105088 0.152878 0.105113
5 67 57.701149 0.153994 0.105931 0.155562 0.106388
5 68 57.816093 0.152605 0.106168 0.152831 0.105637
5 69 57.931034 0.154285 0.106234 0.152516 0.105032
5 70 58.045979 0.150194 0.104455 0.150459 0.103591
5 71 58.160919 0.150710 0.104514 0.152482 0.106051
5 72 58.275864 0.151895 0.104623 0.154251 0.106513
5 73 58.390804 0.151568 0.105881 0.151911 0.106439
5 74 58.505749 0.158955 0.105220 0.162354 0.107501
5 75 58.620689 0.155970 0.106287 0.153888 0.104867
5 76 58.735634 0.158849 0.107433 0.154663 0.104877
5 77 58.850574 0.154986 0.104107 0.160640 0.107871
5 78 58.965519 0.156864 0.106270 0.154966 0.104987
5 79 59.080460 0.153795 0.106625 0.152541 0.105617
5 80 59.195404 0.154961 0.105839 0.154339 0.104950
5 81 59.310345 0.151690 0.106154 0.151155 0.105995
5 82 59.425289 0.153994 0.104532 0.152995 0.103319
5 83 59.540230 0.156176 0.104845 0.155237 0.104771
5 84 59.655174 0.153087 0.105652 0.151972 0.104590
5 85 59.770115 0.153592 0.106135 0.153882 0.106385
5 86 59.885059 0.155902 0.106081 0.156955 0.107001
6 0 60.000000 0.156311 0.105624 0.153816 0.104218
6 1 60.114941 0.155551 0.105984 0.154666 0.104999
6 2 60.229885 0.153215 0.105202 0.153348 0.105192
6 3 60.344826 0.156513 0.105974 0.155799 0.105202
6 4 60.459770 0.157733 0.105674 0.159071 0.107073
6 5 60.574711 0.153762 0.104849 0.152884 0.104078
6 6 60.689655 0.153857 0.105236 0.153690 0.105024
6 7 60.804596 0.205648 0.122688 0.206249 0.123431
6 8 60.919540 0.153573 0.105936 0.153527 0.105285
6 9 61.034481 0.151572 0.105295 0.152368 0.106013
6 10 61.149426 0.154503 0.104512 0.155344 0.105268
6 11 61.264366 0.154456 0.106333 0.151979 0.104520
6 12 61.379311 0.156516 0.106353 0.155461 0.104633
6 13 61.494251 0.153640 0.107425 0.150023 0.105338
6 14 61.609196 0.151378 0.104863 0.152971 0.105430
6 15 61.724136 0.151598 0.106403 0.151041 0.106564
6 16 61.839081 0.151984 0.105087 0.150714 0.104519
6 17 61.954021 0.152261 0.105176 0.150204 0.103275
6 18 62.068966 0.150607 0.104195 0.152044 0.104751
6 19 62.183907 0.154299 0.106689 0.152997 0.105760
6 20 62.298851 0.150857 0.104803 0.152345 0.105430
6 21 62.413792 0.149634 0.103197 0.151606 0.104452
6 22 62.528736 0.155283 0.105749 0.154640 0.104859
6 23 62.643677 0.156175 0.107001 0.153691 0.105100
6 24 62.758621 0.155255 0.105771 0.155359 0.106357
6 25 62.873562 0.153947 0.104990 0.156347 0.107361
6 26 62.988506 0.155282 0.105643 0.153947 0.105191
6 27 63.103447 0.156177 0.105084 0.157402 0.105552
6 28 63.218391 0.153255 0.104732 0.156545 0.107314
6 29 63.333332 0.149670 0.104740 0.152911 0.106452
6 30 63.448277 0.156523 0.106046 0.154681 0.105291
6 31 63.563217 0.156624 0.106912 0.155224 0.104787
6 32 63.678162 0.153630 0.105323 0.152769 0.104806
6 33 63.793102 0.154255 0.105186 0.152070 0.103667
6 34 63.908047 0.152353 0.104877 0.153114 0.105654
6 35 64.022987 0.156219 0.107315 0.150393 0.103047
6 36 64.137932 0.151320 0.103930 0.151892 0.104632
6 37 64.252876 0.153795 0.104663 0.155303 0.105667
6 38 64.367813 0.154322 0.105900 0.152408 0.105559
6 39 64.482758 0.160089 0.107443 0.157964 0.106110
6 40 64.597702 0.153006 0.104716 0.156227 0.106989
6 41 64.712646 0.153352 0.105634 0.154891 0.106978
6 42 64.827583 0.157078 0.108294 0.155950 0.106975
6 43 64.942528 0.157254 0.105608 0.159711 0.107464
6 44 65.057472 0.158423 0.106408 0.155038 0.104694
6 45 65.172417 0.156506 0.105928 0.155552 0.104529
6 46 65.287354 0.152900 0.104619 0.154703 0.105681
6 47 65.402298 0.159977 0.106414 0.160674 0.107087
6 48 65.517242 0.154482 0.106247 0.152310 0.103511
6 49 65.632187 0.152397 0.105776 0.150593 0.105097
6 50 65.747124 0.151986 0.104769 0.154352 0.106024
6 51 65.862068 0.155671 0.105062 0.156692 0.106570
6 52 65.977013 0.151661 0.104552 0.151817 0.104978
6 53 66.091957 0.152542 0.104838 0.153764 0.106249
6 54 66.206894 0.156208 0.106641 0.152417 0.104092
6 55 66.321838 0.154278 0.106105 0.153768 0.105884
6 56 66.436783 0.156994 0.106205 0.156905 0.106618
6 57 66.551727 0.153569 0.105597 0.151389 0.103584
6 58 66.666664 0.152868 0.105168 0.153428 0.105527
6 59 66.781609 0.156076 0.106810 0.152080 0.103829
6 60 66.896553 0.154236 0.105793 0.154017 0.105730
6 61 67.011497 0.150830 0.104860 0.151698 0.105285
6 62 67.126434 0.154208 0.106255 0.155047 0.106193
6 63 67.241379 0.155192 0.104332 0.154734 0.103946
6 64 67.356323 0.153317 0.105109 0.152306 0.104837
6 65 67.471268 0.154282 0.106405 0.152550 0.105149
6 66 67.586205 0.157004 0.106646 0.154755 0.104811
6 67 67.701149 0.153346 0.105603 0.155237 0.106354
6 68 67.816093 0.156495 0.106683 0.156246 0.106623
6 69 67.931038 0.160958 0.107533 0.159315 0.106134
6 70 68.045975 0.152800 0.105072 0.152660 0.104366
6 71 68.160919 0.155188 0.106375 0.154478 0.105907
6 72 68.275864 0.154360 0.104518 0.154384 0.104072
6 73 68.390808 0.151154 0.103786 0.152428 0.104848
6 74 68.505745 0.155556 0.105423 0.154733 0.105118
6 75 68.620689 0.153249 0.104476 0.157824 0.107699
6 76 68.735634 0.156116 0.106138 0.154869 0.105938
6 77 68.850578 0.151834 0.104945 0.152856 0.105551
6 78 68.965515 0.153781 0.104590 0.158590 0.107993
6 79 69.080460 0.153836 0.105436 0.156999 0.107440
6 80 69.195404 0.151261 0.104066 0.153606 0.106125
6 81 69.310349 0.153641 0.105706 0.153287 0.105355
6 82 69.425285 0.149329 0.103016 0.152502 0.105371
6 83 69.540230 0.155975 0.104669 0.154140 0.103822
6 84 69.655174 0.155041 0.104992 0.157779 0.106487
6 85 69.770119 0.152020 0.104024 0.152863 0.104076
6 86 69.885056 0.158473 0.105621 0.159420 0.106834
7 0 70.000000 0.157262 0.105871 0.155816 0.105030
7 1 70.114944 0.150301 0.104912 0.152487 0.106350
7 2 70.229881 0.151903 0.105160 0.149891 0.104011
7 3 70.344826 0.152611 0.104965 0.154681 0.105497
7 4 70.459770 0.153345 0.104117 0.155791 0.106355
7 5 70.574715 0.155419 0.107054 0.152377 0.104850
7 6 70.689651 0.153767 0.105722 0.155838 0.107235
7 7 70.804596 0.154464 0.105033 0.154783 0.106102
7 8 70.919540 0.155797 0.105813 0.154366 0.104883
7 9 71.034485 0.153699 0.104984 0.156670 0.106783
7 10 71.149422 0.154247 0.106337 0.153702 0.106052
7 11 71.264366 0.152455 0.104535 0.157117 0.107464
7 12 71.379311 0.152826 0.105707 0.153762 0.106797
7 13 71.494255 0.151869 0.104030 0.156320 0.106577
7 14 71.609192 0.156174 0.106130 0.155367 0.104972
7 15 71.724136 0.154209 0.105417 0.152333 0.103468
7 16 71.839081 0.153630 0.105329 0.153088 0.104869
7 17 71.954025 0.155786 0.104802 0.155553 0.104554
7 18 72.068962 0.152429 0.105238 0.152347 0.105716
7 19 72.183907 0.152518 0.105619 0.156121 0.108148
7 20 72.298851 0.153857 0.104970 0.152388 0.103639
7 21 72.413795 0.156025 0.106132 0.155083 0.105284
7 22 72.528732 0.152072 0.104959 0.153125 0.105550
7 23 72.643677 0.154363 0.105398 0.155952 0.106324
7 24 72.758621 0.158481 0.106883 0.155569 0.105157
7 25 72.873566 0.151618 0.104532 0.153469 0.105421
7 26 72.988503 0.153586 0.104818 0.154117 0.105537
7 27 73.103447 0.154867 0.105297 0.157479 0.107066
7 28 73.218391 0.159969 0.107582 0.156348 0.105280
7 29 73.333336 0.152257 0.105444 0.153037 0.107026
7 30 73.448273 0.158514 0.104844 0.160308 0.107000
7 31 73.563217 0.152638 0.104781 0.151604 0.102942
7 32 73.678162 0.157089 0.105485 0.158833 0.106230
7 33 73.793106 0.155429 0.105743 0.153067 0.104150
7 34 73.908043 0.153429 0.105552 0.152796 0.105008
7 35 74.022987 0.155241 0.105305 0.156497 0.106117
7 36 74.137932 0.155516 0.104768 0.156126 0.105267
7 37 74.252876 0.155636 0.104583 0.155638 0.104905
7 38 74.367813 0.158599 0.105257 0.158170 0.104561
7 39 74.482758 0.151337 0.104567 0.152302 0.105847
7 40 74.597702 0.156303 0.105581 0.156284 0.105348
7 41 74.712646 0.158928 0.105022 0.160959 0.105932
7 42 74.827583 0.154286 0.105821 0.154215 0.105400
7 43 74.942528 0.156844 0.105806 0.154677 0.104603
7 44 75.057472 0.156152 0.106095 0.154360 0.104965
7 45 75.172417 0.157569 0.106056 0.156380 0.106050
7 46 75.287354 0.156819 0.106504 0.155567 0.105750
7 47 75.402298 0.154772 0.106687 0.151444 0.104168
7 48 75.517242 0.154917 0.104245 0.155874 0.105718
7 49 75.632187 0.159203 0.106261 0.159753 0.106494
7 50 75.747124 0.152699 0.105134 0.151852 0.105445
7 51 75.862068 0.155661 0.106463 0.154300 0.104785
7 52 75.977013 0.153002 0.104075 0.153522 0.104533
7 53 76.091957 0.157702 0.105896 0.157185 0.105998
7 54 76.206894 0.152836 0.105190 0.155132 0.106536
7 55 76.321838 0.153820 0.105237 0.154150 0.105503
7 56 76.436783 0.147873 0.102888 0.151042 0.104904
7 57 76.551727 0.152072 0.103065 0.155066 0.105318
7 58 76.666664 0.153261 0.105676 0.152797 0.105726
7 59 76.781609 0.155919 0.106527 0.154800 0.105796
7 60 76.896553 0.156719 0.105977 0.156578 0.106041
7 61 77.011497 0.155402 0.106320 0.153730 0.106131
7 62 77.126434 0.153137 0.104672 0.153105 0.104800
7 63 77.241379 0.156278 0.108430 0.152866 0.105736
7 64 77.356323 0.155419 0.107316 0.151515 0.103525
7 65 77.471268 0.153232 0.105451 0.151580 0.103909
7 66 77.586205 0.153407 0.105229 0.152468 0.104487
7 67 77.701149 0.155512 0.105857 0.156883 0.107011
7 68 77.816093 0.159369 0.106043 0.161706 0.107337
7 69 77.931038 0.152934 0.104450 0.155149 0.106003
7 70 78.045975 0.153110 0.105332 0.154214 0.105802
7 71 78.160919 0.153650 0.104122 0.154108 0.104778
7 72 78.275864 0.152708 0.104120 0.154078 0.105745
7 73 78.390808 0.152807 0.104837 0.152743 0.104841
7 74 78.505745 0.158281 0.106065 0.155825 0.104745
7 75 78.620689 0.151587 0.103690 0.153266 0.104682
7 76 78.735634 0.153711 0.105934 0.151644 0.104696
7 77 78.850578 0.154977 0.106019 0.155867 0.106632
7 78 78.965515 0.152295 0.103799 0.153317 0.104331
7 79 79.080460 0.156581 0.105840 0.156860 0.105765
7 80 79.195404 0.153659 0.105348 0.154801 0.106022
7 81 79.310349 0.159069 0.107221 0.156215 0.105540
7 82 79.425285 0.157490 0.106569 0.156481 0.105326
7 83 79.540230 0.155253 0.106453 0.154457 0.106049
7 84 79.655174 0.152030 0.104333 0.154142 0.105312
7 85 79.770119 0.159321 0.107605 0.154529 0.103691
7 86 79.885056 0.151911 0.105368 0.152163 0.105244
8 0 80.000000 0.152748 0.104349 0.155372 0.106417
8 1 80.114944 0.153974 0.105602 0.153551 0.106365
8 2 80.229881 0.155144 0.106063 0.152814 0.103957
8 3 80.344826 0.150628 0.103606 0.151384 0.104769
8 4 80.459770 0.155027 0.105360 0.152885 0.103889
8 5 80.574715 0.157329 0.106037 0.156098 0.105153
8 6 80.689651 0.155177 0.105509 0.154319 0.104778
8 7 80.804596 0.155810 0.105796 0.154089 0.104906
8 8 80.919540 0.153640 0.103911 0.154405 0.104758
8 9 81.034485 0.154237 0.105645 0.155474 0.106864
8 10 81.149422 0.155659 0.106965 0.155212 0.106577
8 11 81.264366 0.152402 0.105163 0.154938 0.107222
8 12 81.379311 0.155577 0.106884 0.156338 0.107420
8 13 81.494255 0.151306 0.104264 0.148453 0.102555
8 14 81.609192 0.150478 0.104512 0.152539 0.105833
8 15 81.724136 0.157285 0.106689 0.156009 0.105127
8 16 81.839081 0.152749 0.106987 0.150967 0.104443
8 17 81.954025 0.153055 0.105521 0.151984 0.104937
8 18 82.068962 0.153065 0.106081 0.151031 0.104782
8 19 82.183907 0.154340 0.106476 0.151504 0.105093
8 20 82.298851 0.155886 0.106610 0.155690 0.106027
8 21 82.413795 0.155518 0.107310 0.153708 0.106057
8 22 82.528732 0.153141 0.105484 0.154693 0.106855
8 23 82.643677 0.155678 0.105591 0.155665 0.106010
8 24 82.758621 0.154036 0.106260 0.152735 0.105125
8 25 82.873566 0.152871 0.104927 0.151773 0.104503
8 26 82.988503 0.153723 0.104932 0.156112 0.106202
8 27 83.103447 0.158569 0.107077 0.156545 0.105400
8 28 83.218391 0.150810 0.104009 0.153656 0.106859
8 29 83.333336 0.156025 0.105806 0.159221 0.107963
8 30 83.448273 0.151554 0.103836 0.154591 0.105299
8 31 83.563217 0.156265 0.107136 0.152662 0.104670
8 32 83.678162 0.152716 0.104956 0.153348 0.105221
8 33 83.793106 0.155767 0.105913 0.151938 0.103171
8 34 83.908043 0.154691 0.105553 0.155349 0.105314
8 35 84.022987 0.148477 0.102644 0.150667 0.104308
8 36 84.137932 0.155536 0.106169 0.154604 0.105816
8 37 84.252876 0.154076 0.104474 0.156214 0.105821
8 38 84.367813 0.153618 0.104963 0.158335 0.106999
8 39 84.482758 0.157218 0.106156 0.158562 0.106904
8 40 84.597702 0.152872 0.105503 0.152572 0.105037
8 41 84.712646 0.153124 0.104769 0.152899 0.104544
8 42 84.827583 0.152892 0.105784 0.152774 0.105319
8 43 84.942528 0.153925 0.106732 0.152910 0.106098
8 44 85.057472 0.148868 0.104379 0.153050 0.107089
8 45 85.172417 0.153868 0.104883 0.153807 0.104928
8 46 85.287354 0.153924 0.105346 0.154646 0.105815
8 47 85.402298 0.157960 0.105564 0.157235 0.104773
8 48 85.517242 0.155582 0.104691 0.156205 0.105079
8 49 85.632187 0.156380 0.105051 0.156720 0.105664
8 50 85.747124 0.152904 0.106210 0.152863 0.106404
8 51 85.862068 0.156677 0.105479 0.157899 0.106842
8 52 85.977013 0.153089 0.105723 0.152225 0.104876
8 53 86.091957 0.152701 0.106169 0.153091 0.106317
8 54 86.206894 0.152185 0.104614 0.150453 0.104053
8 55 86.321838 0.152001 0.105527 0.151874 0.105178
8 56 86.436783 0.154192 0.104994 0.153629 0.104715
8 57 86.551727 0.155405 0.105138 0.154503 0.105160
8 58 86.666664 0.155247 0.104833 0.155149 0.105021
8 59 86.781609 0.154481 0.104885 0.153557 0.104216
8 60 86.896553 0.154270 0.107510 0.155678 0.107963
8 61 87.011497 0.150468 0.104662 0.151513 0.105885
8 62 87.126434 0.153141 0.106101 0.152163 0.105668
8 63 87.241379 0.152446 0.105441 0.153191 0.105424
8 64 87.356323 0.154523 0.104642 0.156186 0.105742
8 65 87.471268 0.151020 0.104804 0.150715 0.104871
8 66 87.586205 0.152394 0.106224 0.151312 0.106204
8 67 87.701149 0.154871 0.105275 0.155158 0.106054
8 68 87.816093 0.149802 0.104423 0.153000 0.106314
8 69 87.931038 0.153887 0.105359 0.154102 0.105902
8 70 88.045975 0.152257 0.105537 0.151591 0.104886
8 71 88.160919 0.152349 0.105250 0.152973 0.106644
8 72 88.275864 0.154056 0.104096 0.155133 0.104838
8 73 88.390808 0.156547 0.104435 0.157465 0.105728
8 74 88.505745 0.152766 0.102537 0.156032 0.106089
8 75 88.620689 0.152523 0.104759 0.153642 0.105048
8 76 88.735634 0.153416 0.105906 0.153263 0.105805
8 77 88.850578 0.152783 0.104883 0.154014 0.106557
8 78 88.965515 0.154664 0.104745 0.155655 0.105805
8 79 89.080460 0.152169 0.105212 0.153143 0.105498
8 80 89.195404 0.150607 0.105125 0.149780 0.105369
8 81 89.310349 0.151901 0.104955 0.151530 0.104341
8 82 89.425285 0.151210 0.104423 0.151586 0.104896
8 83 89.540230 0.153733 0.105594 0.155503 0.106690
8 84 89.655174 0.152326 0.105917 0.152189 0.105900
8 85 89.770119 0.156693 0.105801 0.158025 0.106317
8 86 89.885056 0.153826 0.104396 0.153838 0.104869
9 0 90.000000 0.152323 0.104351 0.150908 0.103886
9 1 90.114944 0.152349 0.104677 0.152399 0.104763
9 2 90.229881 0.151480 0.104904 0.151536 0.105334
9 3 90.344826 0.151667 0.104001 0.154987 0.106513
9 4 90.459770 0.152188 0.106254 0.154266 0.107190
9 5 90.574715 0.156649 0.106260 0.155164 0.105193
9 6 90.689651 0.152708 0.104523 0.155925 0.105931
9 7 90.804596 0.153961 0.105031 0.154246 0.104791
9 8 90.919540 0.153038 0.106066 0.155034 0.107219
9 9 91.034485 0.155329 0.106516 0.149026 0.101863
9 10 91.149422 0.152381 0.105579 0.151067 0.105122
9 11 91.264366 0.154649 0.106531 0.151750 0.104630
9 12 91.379311 0.152609 0.103481 0.154220 0.104780
9 13 91.494255 0.153065 0.105715 0.152201 0.105764
9 14 91.609192 0.153107 0.105274 0.149883 0.103123
9 15 91.724136 0.154459 0.105846 0.153779 0.105631
9 16 91.839081 0.153886 0.106018 0.151520 0.104176
9 17 91.954025 0.155894 0.105883 0.155084 0.105100
9 18 92.068962 0.152046 0.105470 0.153449 0.107100
9 19 92.183907 0.155260 0.105719 0.157541 0.107427
9 20 92.298851 0.154233 0.104015 0.155108 0.104821
9 21 92.413795 0.154016 0.104942 0.154378 0.105306
9 22 92.528732 0.155627 0.105904 0.153268 0.104263
9 23 92.643677 0.159100 0.107124 0.156569 0.105531
9 24 92.758621 0.154701 0.106852 0.153977 0.105631
9 25 92.873566 0.155504 0.107114 0.151901 0.105264
9 26 92.988503 0.158216 0.106757 0.157352 0.106476
9 27 93.103447 0.154008 0.106224 0.152383 0.104298
9 28 93.218391 0.155312 0.104818 0.153026 0.103293
9 29 93.333336 0.155309 0.106236 0.154553 0.105329
9 30 93.448273 0.153832 0.106015 0.150924 0.103661
9 31 93.563217 0.154341 0.105439 0.154938 0.106507
9 32 93.678162 0.153400 0.105821 0.154595 0.106218
9 33 93.793106 0.151631 0.105983 0.151489 0.106033
9 34 93.908043 0.148869 0.103989 0.151981 0.105710
9 35 94.022987 0.157655 0.107329 0.157345 0.107629
9 36 94.137932 0.152693 0.105003 0.151687 0.104350
9 37 94.252876 0.151413 0.104427 0.152617 0.105432
9 38 94.367813 0.151640 0.104285 0.152607 0.105223
9 39 94.482758 0.153134 0.105341 0.155417 0.106079
9 40 94.597702 0.151568 0.105450 0.151685 0.105721
9 41 94.712646 0.154109 0.104322 0.154675 0.104944
9 42 94.827583 0.155682 0.104914 0.157022 0.105956
9 43 94.942528 0.154166 0.106765 0.155538 0.107460
9 44 95.057472 0.155956 0.106885 0.151960 0.104172
9 45 95.172417 0.153600 0.106002 0.152277 0.105025
9 46 95.287354 0.156100 0.105532 0.158150 0.107110
9 47 95.402298 0.155305 0.107444 0.151741 0.105043
9 48 95.517242 0.152040 0.105010 0.154949 0.106753
9 49 95.632187 0.156536 0.106852 0.153836 0.105048
9 50 95.747124 0.154733 0.105009 0.153350 0.104070
9 51 95.862068 0.152165 0.103905 0.152347 0.104282
9 52 95.977013 0.151375 0.106535 0.149744 0.105142
9 53 96.091957 0.151445 0.104208 0.150838 0.104060
9 54 96.206894 0.153220 0.104846 0.152642 0.104772
9 55 96.321838 0.154738 0.105220 0.156135 0.106160
9 56 96.436783 0.160999 0.108285 0.157078 0.105685
9 57 96.551727 0.153912 0.104709 0.152516 0.104512
9 58 96.666664 0.150886 0.104449 0.150226 0.103782
9 59 96.781609 0.154217 0.105738 0.152229 0.104799
9 60 96.896553 0.152174 0.104882 0.152752 0.104856
9 61 97.011497 0.153802 0.105935 0.154318 0.106087
9 62 97.126434 0.156161 0.105920 0.156947 0.106162
9 63 97.241379 0.155586 0.106351 0.153328 0.103953
9 64 97.356323 0.150685 0.103618 0.150911 0.104081
9 65 97.471268 0.155646 0.103742 0.159921 0.106500
9 66 97.586205 0.153893 0.105339 0.153968 0.105616
9 67 97.701149 0.153359 0.105461 0.155285 0.106885
9 68 97.816093 0.154648 0.105536 0.155862 0.106414
9 69 97.931038 0.156148 0.106270 0.155830 0.105203
9 70 98.045975 0.150508 0.104214 0.153442 0.106933
9 71 98.160919 0.154211 0.104858 0.154137 0.104160
9 72 98.275864 0.153474 0.104643 0.153710 0.105280
9 73 98.390808 0.154822 0.105159 0.157922 0.107616
9 74 98.505745 0.155247 0.104883 0.156447 0.105506
9 75 98.620689 0.156922 0.106147 0.158837 0.107032
9 76 98.735634 0.153683 0.106529 0.152414 0.105802
9 77 98.850578 0.152936 0.106495 0.155190 0.107402
9 78 98.965515 0.155561 0.106147 0.153878 0.105226
9 79 99.080460 0.154189 0.104887 0.154072 0.105070
9 80 99.195404 0.152212 0.103569 0.155587 0.105258
9 81 99.310349 0.154661 0.106817 0.152823 0.105078
9 82 99.425285 0.160185 0.107025 0.156679 0.104260
9 83 99.540230 0.156167 0.105568 0.157805 0.107181
9 84 99.655174 0.152625 0.103309 0.155073 0.104955
9 85 99.770119 0.153675 0.106530 0.153585 0.106388
9 86 99.885056 0.154813 0.105448 0.155419 0.105860
