initializing
training size    : 95450
testing size     : 1000
epoch count      : 10
sub epoch size   : 5

epoch_learning_rate_decay   : 8
learning_rate_decay         : 0.250000

training



epoch [0 0] from [10 5]
training time per iterations 7.345102[ms]
testing on 1000 items
testing done
average error 0.006294
min error     0.000000
max error     0.970828
saving best net
best net saved to experiments/sim_50/discretisation_64x64x16/window_size_8/point/net_0/trained/, with error 0.006294



epoch [0 1] from [10 5]
training time per iterations 7.356888[ms]
testing on 1000 items
testing done
average error 0.006414
min error     0.000000
max error     0.950015



epoch [0 2] from [10 5]
training time per iterations 7.367156[ms]
testing on 1000 items
testing done
average error 0.006233
min error     0.000000
max error     0.972546
saving best net
best net saved to experiments/sim_50/discretisation_64x64x16/window_size_8/point/net_0/trained/, with error 0.006233



epoch [0 3] from [10 5]
training time per iterations 7.411524[ms]
testing on 1000 items
testing done
average error 0.006173
min error     0.000000
max error     0.961107
saving best net
best net saved to experiments/sim_50/discretisation_64x64x16/window_size_8/point/net_0/trained/, with error 0.006173



epoch [0 4] from [10 5]
training time per iterations 7.385595[ms]
testing on 1000 items
testing done
average error 0.002911
min error     0.000000
max error     0.970614
saving best net
best net saved to experiments/sim_50/discretisation_64x64x16/window_size_8/point/net_0/trained/, with error 0.002911



epoch [1 0] from [10 5]
training time per iterations 7.385018[ms]
testing on 1000 items
testing done
average error 0.002176
min error     0.000000
max error     0.961563
saving best net
best net saved to experiments/sim_50/discretisation_64x64x16/window_size_8/point/net_0/trained/, with error 0.002176



epoch [1 1] from [10 5]
training time per iterations 7.358408[ms]
testing on 1000 items
testing done
average error 0.001887
min error     0.000000
max error     0.964442
saving best net
best net saved to experiments/sim_50/discretisation_64x64x16/window_size_8/point/net_0/trained/, with error 0.001887



epoch [1 2] from [10 5]
training time per iterations 7.371975[ms]
testing on 1000 items
testing done
average error 0.001777
min error     0.000000
max error     0.930200
saving best net
best net saved to experiments/sim_50/discretisation_64x64x16/window_size_8/point/net_0/trained/, with error 0.001777



epoch [1 3] from [10 5]
training time per iterations 7.394185[ms]
testing on 1000 items
testing done
average error 0.001674
min error     0.000000
max error     0.961971
saving best net
best net saved to experiments/sim_50/discretisation_64x64x16/window_size_8/point/net_0/trained/, with error 0.001674



epoch [1 4] from [10 5]
training time per iterations 7.376689[ms]
testing on 1000 items
testing done
average error 0.001594
min error     0.000000
max error     0.913001
saving best net
best net saved to experiments/sim_50/discretisation_64x64x16/window_size_8/point/net_0/trained/, with error 0.001594



epoch [2 0] from [10 5]
training time per iterations 7.373442[ms]
testing on 1000 items
testing done
average error 0.001530
min error     0.000000
max error     0.946460
saving best net
best net saved to experiments/sim_50/discretisation_64x64x16/window_size_8/point/net_0/trained/, with error 0.001530



epoch [2 1] from [10 5]
training time per iterations 7.364798[ms]
testing on 1000 items
testing done
average error 0.001499
min error     0.000000
max error     0.942688
saving best net
best net saved to experiments/sim_50/discretisation_64x64x16/window_size_8/point/net_0/trained/, with error 0.001499



epoch [2 2] from [10 5]
training time per iterations 7.378785[ms]
testing on 1000 items
testing done
average error 0.001426
min error     0.000000
max error     0.939629
saving best net
best net saved to experiments/sim_50/discretisation_64x64x16/window_size_8/point/net_0/trained/, with error 0.001426



epoch [2 3] from [10 5]
training time per iterations 7.378208[ms]
testing on 1000 items
testing done
average error 0.001369
min error     0.000000
max error     0.944415
saving best net
best net saved to experiments/sim_50/discretisation_64x64x16/window_size_8/point/net_0/trained/, with error 0.001369



epoch [2 4] from [10 5]
training time per iterations 7.367365[ms]
testing on 1000 items
testing done
average error 0.001354
min error     0.000000
max error     0.948120
saving best net
best net saved to experiments/sim_50/discretisation_64x64x16/window_size_8/point/net_0/trained/, with error 0.001354



epoch [3 0] from [10 5]
training time per iterations 7.383080[ms]
testing on 1000 items
testing done
average error 0.001318
min error     0.000000
max error     0.941158
saving best net
best net saved to experiments/sim_50/discretisation_64x64x16/window_size_8/point/net_0/trained/, with error 0.001318



epoch [3 1] from [10 5]
training time per iterations 7.350917[ms]
testing on 1000 items
testing done
average error 0.001289
min error     0.000000
max error     0.916603
saving best net
best net saved to experiments/sim_50/discretisation_64x64x16/window_size_8/point/net_0/trained/, with error 0.001289



epoch [3 2] from [10 5]
training time per iterations 7.345678[ms]
testing on 1000 items
testing done
average error 0.001270
min error     0.000000
max error     0.946088
saving best net
best net saved to experiments/sim_50/discretisation_64x64x16/window_size_8/point/net_0/trained/, with error 0.001270



epoch [3 3] from [10 5]
training time per iterations 7.378313[ms]
testing on 1000 items
testing done
average error 0.001262
min error     0.000000
max error     0.933312
saving best net
best net saved to experiments/sim_50/discretisation_64x64x16/window_size_8/point/net_0/trained/, with error 0.001262



epoch [3 4] from [10 5]
training time per iterations 7.344474[ms]
testing on 1000 items
testing done
average error 0.001266
min error     0.000000
max error     0.951333



epoch [4 0] from [10 5]
training time per iterations 7.361970[ms]
testing on 1000 items
testing done
average error 0.001240
min error     0.000000
max error     0.924225
saving best net
best net saved to experiments/sim_50/discretisation_64x64x16/window_size_8/point/net_0/trained/, with error 0.001240



epoch [4 1] from [10 5]
training time per iterations 7.379466[ms]
testing on 1000 items
testing done
average error 0.001193
min error     0.000000
max error     0.931264
saving best net
best net saved to experiments/sim_50/discretisation_64x64x16/window_size_8/point/net_0/trained/, with error 0.001193



epoch [4 2] from [10 5]
training time per iterations 7.362022[ms]
testing on 1000 items
testing done
average error 0.001207
min error     0.000000
max error     0.916874



epoch [4 3] from [10 5]
training time per iterations 7.369618[ms]
testing on 1000 items
testing done
average error 0.001199
min error     0.000000
max error     0.921826



epoch [4 4] from [10 5]
training time per iterations 7.409219[ms]
testing on 1000 items
testing done
average error 0.001177
min error     0.000000
max error     0.897416
saving best net
best net saved to experiments/sim_50/discretisation_64x64x16/window_size_8/point/net_0/trained/, with error 0.001177



epoch [5 0] from [10 5]
training time per iterations 7.414301[ms]
testing on 1000 items
testing done
average error 0.001163
min error     0.000000
max error     0.921802
saving best net
best net saved to experiments/sim_50/discretisation_64x64x16/window_size_8/point/net_0/trained/, with error 0.001163



epoch [5 1] from [10 5]
training time per iterations 7.384285[ms]
testing on 1000 items
testing done
average error 0.001160
min error     0.000000
max error     0.894530
saving best net
best net saved to experiments/sim_50/discretisation_64x64x16/window_size_8/point/net_0/trained/, with error 0.001160



epoch [5 2] from [10 5]
training time per iterations 7.361865[ms]
testing on 1000 items
testing done
average error 0.001175
min error     0.000000
max error     0.895986



epoch [5 3] from [10 5]
training time per iterations 7.377266[ms]
testing on 1000 items
testing done
average error 0.001142
min error     0.000000
max error     0.900192
saving best net
best net saved to experiments/sim_50/discretisation_64x64x16/window_size_8/point/net_0/trained/, with error 0.001142



epoch [5 4] from [10 5]
training time per iterations 7.339602[ms]
testing on 1000 items
testing done
average error 0.001144
min error     0.000000
max error     0.920398



epoch [6 0] from [10 5]
training time per iterations 7.402567[ms]
testing on 1000 items
testing done
average error 0.001152
min error     0.000000
max error     0.925676



epoch [6 1] from [10 5]
training time per iterations 7.362389[ms]
testing on 1000 items
testing done
average error 0.001141
min error     0.000000
max error     0.914612
saving best net
best net saved to experiments/sim_50/discretisation_64x64x16/window_size_8/point/net_0/trained/, with error 0.001141



epoch [6 2] from [10 5]
training time per iterations 7.359508[ms]
testing on 1000 items
testing done
average error 0.001139
min error     0.000000
max error     0.925393
saving best net
best net saved to experiments/sim_50/discretisation_64x64x16/window_size_8/point/net_0/trained/, with error 0.001139



epoch [6 3] from [10 5]
training time per iterations 7.374489[ms]
testing on 1000 items
testing done
average error 0.001116
min error     0.000000
max error     0.899780
saving best net
best net saved to experiments/sim_50/discretisation_64x64x16/window_size_8/point/net_0/trained/, with error 0.001116



epoch [6 4] from [10 5]
training time per iterations 7.348664[ms]
testing on 1000 items
testing done
average error 0.001147
min error     0.000000
max error     0.888762



epoch [7 0] from [10 5]
training time per iterations 7.342221[ms]
testing on 1000 items
testing done
average error 0.001116
min error     0.000000
max error     0.908664



epoch [7 1] from [10 5]
training time per iterations 7.359036[ms]
testing on 1000 items
testing done
average error 0.001119
min error     0.000000
max error     0.911971



epoch [7 2] from [10 5]
training time per iterations 7.370561[ms]
testing on 1000 items
testing done
average error 0.001120
min error     0.000000
max error     0.915727



epoch [7 3] from [10 5]
training time per iterations 7.375589[ms]
testing on 1000 items
testing done
average error 0.001152
min error     0.000000
max error     0.882781



epoch [7 4] from [10 5]
training time per iterations 7.359717[ms]
testing on 1000 items
testing done
average error 0.001155
min error     0.000000
max error     0.886130
setting learning rate to 0.000050



epoch [8 0] from [10 5]
training time per iterations 7.361760[ms]
testing on 1000 items
testing done
average error 0.001104
min error     0.000000
max error     0.892271
saving best net
best net saved to experiments/sim_50/discretisation_64x64x16/window_size_8/point/net_0/trained/, with error 0.001104



epoch [8 1] from [10 5]
training time per iterations 7.376375[ms]
testing on 1000 items
testing done
average error 0.001102
min error     0.000000
max error     0.875524
saving best net
best net saved to experiments/sim_50/discretisation_64x64x16/window_size_8/point/net_0/trained/, with error 0.001102



epoch [8 2] from [10 5]
training time per iterations 7.411315[ms]
testing on 1000 items
testing done
average error 0.001088
min error     0.000000
max error     0.895003
saving best net
best net saved to experiments/sim_50/discretisation_64x64x16/window_size_8/point/net_0/trained/, with error 0.001088



epoch [8 3] from [10 5]
training time per iterations 7.354950[ms]
testing on 1000 items
testing done
average error 0.001085
min error     0.000000
max error     0.897051
saving best net
best net saved to experiments/sim_50/discretisation_64x64x16/window_size_8/point/net_0/trained/, with error 0.001085



epoch [8 4] from [10 5]
training time per iterations 7.371661[ms]
testing on 1000 items
testing done
average error 0.001091
min error     0.000000
max error     0.894103



epoch [9 0] from [10 5]
training time per iterations 7.344945[ms]
testing on 1000 items
testing done
average error 0.001088
min error     0.000000
max error     0.895505



epoch [9 1] from [10 5]
training time per iterations 7.373756[ms]
testing on 1000 items
testing done
average error 0.001078
min error     0.000000
max error     0.907751
saving best net
best net saved to experiments/sim_50/discretisation_64x64x16/window_size_8/point/net_0/trained/, with error 0.001078



epoch [9 2] from [10 5]
training time per iterations 7.349136[ms]
testing on 1000 items
testing done
average error 0.001084
min error     0.000000
max error     0.905662



epoch [9 3] from [10 5]
training time per iterations 7.328706[ms]
testing on 1000 items
testing done
average error 0.001084
min error     0.000000
max error     0.912764



epoch [9 4] from [10 5]
training time per iterations 7.351650[ms]
testing on 1000 items
testing done
average error 0.001085
min error     0.000000
max error     0.891381
training done
