0.000000 0 0 0.006294 0.000000 0.970828 0.006739 0.000000 0.970845
0.200000 0 1 0.006414 0.000000 0.950015 0.006531 0.000000 0.952602
0.400000 0 2 0.006233 0.000000 0.972546 0.007539 0.000000 0.979546
0.600000 0 3 0.006173 0.000000 0.961107 0.007090 0.000000 0.963185
0.800000 0 4 0.002911 0.000000 0.970614 0.003506 0.000000 0.986040
1.000000 1 0 0.002176 0.000000 0.961563 0.002136 0.000000 0.925816
1.200000 1 1 0.001887 0.000000 0.964442 0.001977 0.000000 0.950272
1.400000 1 2 0.001777 0.000000 0.930200 0.001887 0.000000 0.934235
1.600000 1 3 0.001674 0.000000 0.961971 0.002711 0.000000 0.975729
1.800000 1 4 0.001594 0.000000 0.913001 0.003075 0.000000 0.970031
2.000000 2 0 0.001530 0.000000 0.946460 0.002262 0.000000 0.955911
2.200000 2 1 0.001499 0.000000 0.942688 0.001851 0.000000 0.959749
2.400000 2 2 0.001426 0.000000 0.939629 0.001710 0.000000 0.951693
2.600000 2 3 0.001369 0.000000 0.944415 0.001485 0.000000 0.954351
2.800000 2 4 0.001354 0.000000 0.948120 0.003299 0.000000 0.961460
3.000000 3 0 0.001318 0.000000 0.941158 0.001551 0.000000 0.960784
3.200000 3 1 0.001289 0.000000 0.916603 0.001951 0.000000 0.931599
3.400000 3 2 0.001270 0.000000 0.946088 0.002292 0.000000 0.956786
3.600000 3 3 0.001262 0.000000 0.933312 0.001893 0.000000 0.945289
3.800000 3 4 0.001266 0.000000 0.951333 0.001292 0.000000 0.917986
4.000000 4 0 0.001240 0.000000 0.924225 0.002772 0.000000 0.948496
4.200000 4 1 0.001193 0.000000 0.931264 0.001379 0.000000 0.917506
4.400000 4 2 0.001207 0.000000 0.916874 0.001099 0.000000 0.915797
4.600000 4 3 0.001199 0.000000 0.921826 0.002043 0.000000 0.936229
4.800000 4 4 0.001177 0.000000 0.897416 0.000805 0.000000 0.076506
5.000000 5 0 0.001163 0.000000 0.921802 0.002755 0.000000 0.960674
5.200000 5 1 0.001160 0.000000 0.894530 0.001341 0.000000 0.936408
5.400000 5 2 0.001175 0.000000 0.895986 0.000845 0.000000 0.041119
5.600000 5 3 0.001142 0.000000 0.900192 0.002298 0.000000 0.929278
5.800000 5 4 0.001144 0.000000 0.920398 0.001145 0.000000 0.897552
6.000000 6 0 0.001152 0.000000 0.925676 0.002109 0.000000 0.932882
6.200000 6 1 0.001141 0.000000 0.914612 0.001506 0.000000 0.924403
6.400000 6 2 0.001139 0.000000 0.925393 0.001677 0.000000 0.949067
6.600000 6 3 0.001116 0.000000 0.899780 0.002689 0.000000 0.951625
6.800000 6 4 0.001147 0.000000 0.888762 0.001795 0.000000 0.920669
7.000000 7 0 0.001116 0.000000 0.908664 0.001932 0.000000 0.929286
7.200000 7 1 0.001119 0.000000 0.911971 0.001028 0.000000 0.914474
7.400000 7 2 0.001120 0.000000 0.915727 0.001695 0.000000 0.932980
7.600000 7 3 0.001152 0.000000 0.882781 0.001397 0.000000 0.900371
7.800000 7 4 0.001155 0.000000 0.886130 0.002561 0.000000 0.896336
8.000000 8 0 0.001104 0.000000 0.892271 0.000856 0.000000 0.046302
8.200000 8 1 0.001102 0.000000 0.875524 0.000726 0.000000 0.033182
8.400000 8 2 0.001088 0.000000 0.895003 0.001693 0.000000 0.914173
8.600000 8 3 0.001085 0.000000 0.897051 0.001128 0.000000 0.879446
8.800000 8 4 0.001091 0.000000 0.894103 0.001648 0.000000 0.893571
9.000000 9 0 0.001088 0.000000 0.895505 0.002514 0.000000 0.913457
9.200000 9 1 0.001078 0.000000 0.907751 0.002528 0.000000 0.930003
9.400000 9 2 0.001084 0.000000 0.905662 0.001344 0.000000 0.918074
9.600000 9 3 0.001084 0.000000 0.912764 0.002299 0.000000 0.930286
9.800000 9 4 0.001085 0.000000 0.891381 0.000998 0.000000 0.883328
