initializing
training size    : 329156
testing size     : 329156
epoch count      : 10
sub epoch size   : 5

epoch_learning_rate_decay   : 8
learning_rate_decay         : 0.250000

training



epoch [0 0] from [10 5]
training time per iterations 0.836187[ms]
testing on 329156 items
testing done
average error 0.002895
min error     0.000000
max error     0.253218
saving best net
best net saved to experiment_12/trained/, with error 0.002895



epoch [0 1] from [10 5]
training time per iterations 0.836171[ms]
testing on 329156 items
testing done
average error 0.002453
min error     0.000000
max error     0.251070
saving best net
best net saved to experiment_12/trained/, with error 0.002453



epoch [0 2] from [10 5]
training time per iterations 0.836156[ms]
testing on 329156 items
testing done
average error 0.002238
min error     0.000000
max error     0.247804
saving best net
best net saved to experiment_12/trained/, with error 0.002238



epoch [0 3] from [10 5]
training time per iterations 0.828986[ms]
testing on 329156 items
testing done
average error 0.002105
min error     0.000000
max error     0.251667
saving best net
best net saved to experiment_12/trained/, with error 0.002105



epoch [0 4] from [10 5]
training time per iterations 0.839073[ms]
testing on 329156 items
testing done
average error 0.002168
min error     0.000000
max error     0.252802



epoch [1 0] from [10 5]
training time per iterations 0.837204[ms]
testing on 329156 items
testing done
average error 0.002016
min error     0.000000
max error     0.265404
saving best net
best net saved to experiment_12/trained/, with error 0.002016



epoch [1 1] from [10 5]
training time per iterations 0.835852[ms]
testing on 329156 items
testing done
average error 0.001932
min error     0.000000
max error     0.266465
saving best net
best net saved to experiment_12/trained/, with error 0.001932



epoch [1 2] from [10 5]
training time per iterations 0.836141[ms]
testing on 329156 items
testing done
average error 0.002141
min error     0.000000
max error     0.251631



epoch [1 3] from [10 5]
training time per iterations 0.833483[ms]
testing on 329156 items
testing done
average error 0.001974
min error     0.000000
max error     0.250446



epoch [1 4] from [10 5]
training time per iterations 0.834166[ms]
testing on 329156 items
testing done
average error 0.001928
min error     0.000000
max error     0.254315
saving best net
best net saved to experiment_12/trained/, with error 0.001928



epoch [2 0] from [10 5]
training time per iterations 0.836597[ms]
testing on 329156 items
testing done
average error 0.001849
min error     0.000000
max error     0.254456
saving best net
best net saved to experiment_12/trained/, with error 0.001849



epoch [2 1] from [10 5]
training time per iterations 0.838328[ms]
testing on 329156 items
testing done
average error 0.001880
min error     0.000000
max error     0.250428



epoch [2 2] from [10 5]
training time per iterations 0.837189[ms]
testing on 329156 items
testing done
average error 0.001826
min error     0.000000
max error     0.245983
saving best net
best net saved to experiment_12/trained/, with error 0.001826



epoch [2 3] from [10 5]
training time per iterations 0.835776[ms]
testing on 329156 items
testing done
average error 0.001854
min error     0.000000
max error     0.244088



epoch [2 4] from [10 5]
training time per iterations 0.837858[ms]
testing on 329156 items
testing done
average error 0.001874
min error     0.000000
max error     0.241124



epoch [3 0] from [10 5]
training time per iterations 0.835138[ms]
testing on 329156 items
testing done
average error 0.001850
min error     0.000000
max error     0.255220



epoch [3 1] from [10 5]
training time per iterations 0.834698[ms]
testing on 329156 items
testing done
average error 0.001923
min error     0.000000
max error     0.241000



epoch [3 2] from [10 5]
training time per iterations 0.838617[ms]
testing on 329156 items
testing done
average error 0.001777
min error     0.000000
max error     0.240697
saving best net
best net saved to experiment_12/trained/, with error 0.001777



epoch [3 3] from [10 5]
training time per iterations 0.834531[ms]
testing on 329156 items
testing done
average error 0.001783
min error     0.000000
max error     0.253866



epoch [3 4] from [10 5]
training time per iterations 0.835184[ms]
testing on 329156 items
testing done
average error 0.001813
min error     0.000000
max error     0.256895



epoch [4 0] from [10 5]
training time per iterations 0.835047[ms]
testing on 329156 items
testing done
average error 0.001805
min error     0.000000
max error     0.245439



epoch [4 1] from [10 5]
training time per iterations 0.831386[ms]
testing on 329156 items
testing done
average error 0.001807
min error     0.000000
max error     0.256955



epoch [4 2] from [10 5]
training time per iterations 0.835989[ms]
testing on 329156 items
testing done
average error 0.001787
min error     0.000000
max error     0.251481



epoch [4 3] from [10 5]
training time per iterations 0.822409[ms]
testing on 329156 items
testing done
average error 0.001750
min error     0.000000
max error     0.239929
saving best net
best net saved to experiment_12/trained/, with error 0.001750



epoch [4 4] from [10 5]
training time per iterations 0.836733[ms]
testing on 329156 items
testing done
average error 0.001791
min error     0.000000
max error     0.245576



epoch [5 0] from [10 5]
training time per iterations 0.834865[ms]
testing on 329156 items
testing done
average error 0.001710
min error     0.000000
max error     0.254518
saving best net
best net saved to experiment_12/trained/, with error 0.001710



epoch [5 1] from [10 5]
training time per iterations 0.833862[ms]
testing on 329156 items
testing done
average error 0.001722
min error     0.000000
max error     0.246991



epoch [5 2] from [10 5]
training time per iterations 0.835989[ms]
testing on 329156 items
testing done
average error 0.001750
min error     0.000000
max error     0.241124



epoch [5 3] from [10 5]
training time per iterations 0.832359[ms]
testing on 329156 items
testing done
average error 0.001706
min error     0.000000
max error     0.241093
saving best net
best net saved to experiment_12/trained/, with error 0.001706



epoch [5 4] from [10 5]
training time per iterations 0.835685[ms]
testing on 329156 items
testing done
average error 0.001691
min error     0.000000
max error     0.241973
saving best net
best net saved to experiment_12/trained/, with error 0.001691



epoch [6 0] from [10 5]
training time per iterations 0.834379[ms]
testing on 329156 items
testing done
average error 0.001784
min error     0.000000
max error     0.246686



epoch [6 1] from [10 5]
training time per iterations 0.833407[ms]
testing on 329156 items
testing done
average error 0.001791
min error     0.000000
max error     0.257028



epoch [6 2] from [10 5]
training time per iterations 0.832359[ms]
testing on 329156 items
testing done
average error 0.001716
min error     0.000000
max error     0.248113



epoch [6 3] from [10 5]
training time per iterations 0.833604[ms]
testing on 329156 items
testing done
average error 0.001903
min error     0.000000
max error     0.243795



epoch [6 4] from [10 5]
training time per iterations 0.835412[ms]
testing on 329156 items
testing done
average error 0.001766
min error     0.000000
max error     0.246377



epoch [7 0] from [10 5]
training time per iterations 0.835154[ms]
testing on 329156 items
testing done
average error 0.001784
min error     0.000000
max error     0.249869



epoch [7 1] from [10 5]
training time per iterations 0.831356[ms]
testing on 329156 items
testing done
average error 0.001731
min error     0.000000
max error     0.255945



epoch [7 2] from [10 5]
training time per iterations 0.833118[ms]
testing on 329156 items
testing done
average error 0.001810
min error     0.000000
max error     0.242408



epoch [7 3] from [10 5]
training time per iterations 0.833817[ms]
testing on 329156 items
testing done
average error 0.001771
min error     0.000000
max error     0.251255



epoch [7 4] from [10 5]
training time per iterations 0.835716[ms]
testing on 329156 items
testing done
average error 0.001780
min error     0.000000
max error     0.247100
setting learning rate to 0.000050



epoch [8 0] from [10 5]
training time per iterations 0.834759[ms]
testing on 329156 items
testing done
average error 0.001719
min error     0.000000
max error     0.241867



epoch [8 1] from [10 5]
training time per iterations 0.835078[ms]
testing on 329156 items
testing done
average error 0.001703
min error     0.000000
max error     0.240705



epoch [8 2] from [10 5]
training time per iterations 0.833893[ms]
testing on 329156 items
testing done
average error 0.001731
min error     0.000000
max error     0.243196



epoch [8 3] from [10 5]
training time per iterations 0.835761[ms]
testing on 329156 items
testing done
average error 0.001718
min error     0.000000
max error     0.247564



epoch [8 4] from [10 5]
training time per iterations 0.833938[ms]
testing on 329156 items
testing done
average error 0.001701
min error     0.000000
max error     0.247324



epoch [9 0] from [10 5]
training time per iterations 0.834500[ms]
testing on 329156 items
testing done
average error 0.001729
min error     0.000000
max error     0.247741



epoch [9 1] from [10 5]
training time per iterations 0.833604[ms]
testing on 329156 items
testing done
average error 0.001695
min error     0.000000
max error     0.247742



epoch [9 2] from [10 5]
training time per iterations 0.835883[ms]
testing on 329156 items
testing done
average error 0.001696
min error     0.000000
max error     0.247882



epoch [9 3] from [10 5]
training time per iterations 0.832374[ms]
testing on 329156 items
testing done
average error 0.001679
min error     0.000000
max error     0.249471
saving best net
best net saved to experiment_12/trained/, with error 0.001679



epoch [9 4] from [10 5]
training time per iterations 0.836703[ms]
testing on 329156 items
testing done
average error 0.001751
min error     0.000000
max error     0.248930
training done
