network init start

hyperparameters
init_weight_range 0.000000 ,xavier
learning_rate 0.000200
lambda1 0.000001
lambda2 0.000001
dropout 0.020000
minibatch size 32

   DENSE CONVOLUTION  [   16     8     8] [    3     3     8] [   16     8    16] [       576          8][     74752]
                RELU  [   16     8    16] [    1     1     1] [   16     8    16] [         0          0][      4096]
   DENSE CONVOLUTION  [   16     8    16] [    3     3     8] [   16     8    24] [      1152          8][    148480]
                RELU  [   16     8    24] [    1     1     1] [   16     8    24] [         0          0][      6144]
   DENSE CONVOLUTION  [   16     8    24] [    3     3     8] [   16     8    32] [      1728          8][    222208]
                RELU  [   16     8    32] [    1     1     1] [   16     8    32] [         0          0][      8192]
   DENSE CONVOLUTION  [   16     8    32] [    3     3     8] [   16     8    40] [      2304          8][    295936]
                RELU  [   16     8    40] [    1     1     1] [   16     8    40] [         0          0][     10240]
         CONVOLUTION  [   16     8    40] [    1     1    32] [   16     8    32] [      1280         32][    167936]
                RELU  [   16     8    32] [    1     1     1] [   16     8    32] [         0          0][      8192]
             DROPOUT  [   16     8    32] [    1     1     1] [   16     8    32] [         0          0][      8192]
                  FC  [   16     8    32] [    1     1     3] [    1     1     3] [     12288          3][     24582]

input_geometry  [16 8 8]
output_geometry [1 1 3]
network flops operations 978950 FLOPS, 0.000979 GFLOPS
init DONE

network destructor done
