0.000000 0 0 0.002895 0.000000 0.253218 0.002905 0.000000 0.251499
0.200000 0 1 0.002453 0.000000 0.251070 0.002447 0.000000 0.243414
0.400000 0 2 0.002238 0.000000 0.247804 0.002229 0.000000 0.247804
0.600000 0 3 0.002105 0.000000 0.251667 0.002112 0.000000 0.249583
0.800000 0 4 0.002168 0.000000 0.252802 0.002172 0.000000 0.249131
1.000000 1 0 0.002016 0.000000 0.265404 0.002018 0.000000 0.265404
1.200000 1 1 0.001932 0.000000 0.266465 0.001933 0.000000 0.257974
1.400000 1 2 0.002141 0.000000 0.251631 0.002137 0.000000 0.251631
1.600000 1 3 0.001974 0.000000 0.250446 0.001968 0.000000 0.250446
1.800000 1 4 0.001928 0.000000 0.254315 0.001928 0.000000 0.254315
2.000000 2 0 0.001849 0.000000 0.254456 0.001854 0.000000 0.254457
2.200000 2 1 0.001880 0.000000 0.250428 0.001876 0.000000 0.250428
2.400000 2 2 0.001826 0.000000 0.245983 0.001829 0.000000 0.238753
2.600000 2 3 0.001854 0.000000 0.244088 0.001852 0.000000 0.244088
2.800000 2 4 0.001874 0.000000 0.241124 0.001885 0.000000 0.241124
3.000000 3 0 0.001850 0.000000 0.255220 0.001854 0.000000 0.255220
3.200000 3 1 0.001923 0.000000 0.241000 0.001918 0.000000 0.236984
3.400000 3 2 0.001777 0.000000 0.240697 0.001771 0.000000 0.240697
3.600000 3 3 0.001783 0.000000 0.253866 0.001784 0.000000 0.250211
3.800000 3 4 0.001813 0.000000 0.256895 0.001806 0.000000 0.256895
4.000000 4 0 0.001805 0.000000 0.245439 0.001802 0.000000 0.233264
4.200000 4 1 0.001807 0.000000 0.256955 0.001793 0.000000 0.250217
4.400000 4 2 0.001787 0.000000 0.251481 0.001785 0.000000 0.251481
4.600000 4 3 0.001750 0.000000 0.239929 0.001760 0.000000 0.238272
4.800000 4 4 0.001791 0.000000 0.245576 0.001779 0.000000 0.245576
5.000000 5 0 0.001710 0.000000 0.254518 0.001698 0.000000 0.254518
5.200000 5 1 0.001722 0.000000 0.246991 0.001727 0.000000 0.246991
5.400000 5 2 0.001750 0.000000 0.241124 0.001752 0.000000 0.241124
5.600000 5 3 0.001706 0.000000 0.241093 0.001704 0.000000 0.240307
5.800000 5 4 0.001691 0.000000 0.241973 0.001692 0.000000 0.241973
6.000000 6 0 0.001784 0.000000 0.246686 0.001786 0.000000 0.246686
6.200000 6 1 0.001791 0.000000 0.257028 0.001786 0.000000 0.257028
6.400000 6 2 0.001716 0.000000 0.248113 0.001708 0.000000 0.248113
6.600000 6 3 0.001903 0.000000 0.243795 0.001907 0.000000 0.240207
6.800000 6 4 0.001766 0.000000 0.246377 0.001771 0.000000 0.242532
7.000000 7 0 0.001784 0.000000 0.249869 0.001787 0.000000 0.249869
7.200000 7 1 0.001731 0.000000 0.255945 0.001735 0.000000 0.231865
7.400000 7 2 0.001810 0.000000 0.242408 0.001813 0.000000 0.242408
7.600000 7 3 0.001771 0.000000 0.251255 0.001778 0.000000 0.248919
7.800000 7 4 0.001780 0.000000 0.247100 0.001780 0.000000 0.236438
8.000000 8 0 0.001719 0.000000 0.241867 0.001718 0.000000 0.237362
8.200000 8 1 0.001703 0.000000 0.240705 0.001701 0.000000 0.240705
8.400000 8 2 0.001731 0.000000 0.243196 0.001727 0.000000 0.243196
8.600000 8 3 0.001718 0.000000 0.247564 0.001712 0.000000 0.239481
8.800000 8 4 0.001701 0.000000 0.247324 0.001700 0.000000 0.233883
9.000000 9 0 0.001729 0.000000 0.247741 0.001731 0.000000 0.247741
9.200000 9 1 0.001695 0.000000 0.247742 0.001691 0.000000 0.247742
9.400000 9 2 0.001696 0.000000 0.247882 0.001702 0.000000 0.247882
9.600000 9 3 0.001679 0.000000 0.249471 0.001674 0.000000 0.244557
9.800000 9 4 0.001751 0.000000 0.248930 0.001754 0.000000 0.246726
