0.000000 0 0 0.006159 0.000000 0.185766 0.006782 0.000000 0.988590
0.200000 0 1 0.005682 0.000000 0.153266 0.006598 0.000000 0.967891
0.400000 0 2 0.001500 0.000000 0.089077 0.001813 0.000000 0.944965
0.600000 0 3 0.001178 0.000000 0.084859 0.001382 0.000000 0.960617
0.800000 0 4 0.001101 0.000000 0.076938 0.002330 0.000000 0.950202
1.000000 1 0 0.001043 0.000000 0.079071 0.001264 0.000000 0.957433
1.200000 1 1 0.001022 0.000000 0.077252 0.001932 0.000000 0.950769
1.400000 1 2 0.000977 0.000000 0.073751 0.001613 0.000000 0.941883
1.600000 1 3 0.001033 0.000000 0.069451 0.002388 0.000000 0.930500
1.800000 1 4 0.000961 0.000000 0.065092 0.001158 0.000000 0.913674
2.000000 2 0 0.000920 0.000000 0.066756 0.002076 0.000000 0.949294
2.200000 2 1 0.000928 0.000000 0.062264 0.002393 0.000000 0.941257
2.400000 2 2 0.000932 0.000000 0.063733 0.001167 0.000000 0.889133
2.600000 2 3 0.000900 0.000000 0.062987 0.001644 0.000000 0.940901
2.800000 2 4 0.000900 0.000000 0.065701 0.001121 0.000000 0.903489
3.000000 3 0 0.000873 0.000000 0.063362 0.001063 0.000000 0.937150
3.200000 3 1 0.000848 0.000000 0.065209 0.001992 0.000000 0.953522
3.400000 3 2 0.000867 0.000000 0.059727 0.001804 0.000000 0.918542
3.600000 3 3 0.000863 0.000000 0.061841 0.001762 0.000000 0.930292
3.800000 3 4 0.000870 0.000000 0.056666 0.001416 0.000000 0.906378
4.000000 4 0 0.000905 0.000000 0.055476 0.001724 0.000000 0.898164
4.200000 4 1 0.000823 0.000000 0.056959 0.001303 0.000000 0.917487
4.400000 4 2 0.000806 0.000000 0.063326 0.002654 0.000000 0.957623
4.600000 4 3 0.000811 0.000000 0.057547 0.001486 0.000000 0.965109
4.800000 4 4 0.000818 0.000000 0.056198 0.001362 0.000000 0.924764
5.000000 5 0 0.000776 0.000000 0.058486 0.002326 0.000000 0.966399
5.200000 5 1 0.000819 0.000000 0.056174 0.001061 0.000000 0.895410
5.400000 5 2 0.000782 0.000000 0.056341 0.000967 0.000000 0.908726
5.600000 5 3 0.000799 0.000000 0.059297 0.001929 0.000000 0.943154
5.800000 5 4 0.000781 0.000000 0.051581 0.001030 0.000000 0.885709
6.000000 6 0 0.000733 0.000000 0.055496 0.002859 0.000000 0.989995
6.200000 6 1 0.000726 0.000000 0.055881 0.000951 0.000000 0.916021
6.400000 6 2 0.000728 0.000000 0.055567 0.001198 0.000000 0.913296
6.600000 6 3 0.000705 0.000000 0.052910 0.000634 0.000000 0.116380
6.800000 6 4 0.000702 0.000000 0.055258 0.001526 0.000000 0.954756
7.000000 7 0 0.000696 0.000000 0.057351 0.001213 0.000000 0.942159
7.200000 7 1 0.000663 0.000000 0.055834 0.001852 0.000000 0.933804
7.400000 7 2 0.000702 0.000000 0.051474 0.001244 0.000000 0.889257
7.600000 7 3 0.000672 0.000000 0.053404 0.001799 0.000000 0.941835
7.800000 7 4 0.000666 0.000000 0.055735 0.000851 0.000000 0.857042
8.000000 8 0 0.000643 0.000000 0.055194 0.001810 0.000000 0.892385
8.200000 8 1 0.000629 0.000000 0.054728 0.000879 0.000000 0.931372
8.400000 8 2 0.000642 0.000000 0.053113 0.000814 0.000000 0.862094
8.600000 8 3 0.000630 0.000000 0.055279 0.001737 0.000000 0.947033
8.800000 8 4 0.000633 0.000000 0.056799 0.001306 0.000000 0.939442
9.000000 9 0 0.000621 0.000000 0.054346 0.000825 0.000000 0.899910
9.200000 9 1 0.000616 0.000000 0.056263 0.001211 0.000000 0.956115
9.400000 9 2 0.000628 0.000000 0.054262 0.001214 0.000000 0.906534
9.600000 9 3 0.000627 0.000000 0.057822 0.000561 0.000000 0.026642
9.800000 9 4 0.000612 0.000000 0.056465 0.001421 0.000000 0.910612
