0 0 0.000000 0.229145 0.137224 0.226931 0.135728
0 1 0.476190 0.204935 0.133282 0.205454 0.134372
0 2 0.952381 0.207063 0.134905 0.204292 0.133518
0 3 1.428571 0.207845 0.135248 0.204945 0.133406
0 4 1.904762 0.208169 0.135278 0.207988 0.135301
0 5 2.380952 0.207696 0.135462 0.207168 0.134760
0 6 2.857143 0.207787 0.135503 0.205888 0.134210
0 7 3.333333 0.207022 0.134949 0.210067 0.136888
0 8 3.809524 0.208810 0.135648 0.207501 0.134972
0 9 4.285714 0.207299 0.134923 0.204631 0.133507
0 10 4.761905 0.209194 0.136235 0.206126 0.134438
0 11 5.238095 0.207830 0.135721 0.206265 0.135012
0 12 5.714286 0.207936 0.135917 0.206144 0.134163
0 13 6.190476 0.208683 0.136357 0.205964 0.134048
0 14 6.666667 0.206307 0.134511 0.208765 0.135873
0 15 7.142857 0.207168 0.135092 0.207361 0.135244
0 16 7.619048 0.207267 0.135517 0.206669 0.134733
0 17 8.095238 0.210327 0.137265 0.207967 0.135907
0 18 8.571428 0.206583 0.134926 0.206148 0.134360
0 19 9.047619 0.207204 0.134894 0.206502 0.134351
0 20 9.523809 0.208375 0.136190 0.210399 0.136585
1 0 10.000000 0.205850 0.134469 0.205825 0.134544
1 1 10.476191 0.206858 0.134791 0.210349 0.137160
1 2 10.952381 0.208908 0.137104 0.206543 0.135122
1 3 11.428572 0.206372 0.134431 0.207619 0.135340
1 4 11.904762 0.206954 0.135518 0.207702 0.135259
1 5 12.380953 0.207269 0.135221 0.207446 0.135120
1 6 12.857142 0.207981 0.135390 0.207945 0.135547
1 7 13.333333 0.205847 0.134864 0.207011 0.135418
1 8 13.809524 0.209401 0.136963 0.205431 0.134287
1 9 14.285714 0.207281 0.135086 0.204322 0.133257
1 10 14.761905 0.206873 0.135213 0.210376 0.137345
1 11 15.238095 0.205975 0.134342 0.205949 0.134519
1 12 15.714286 0.204279 0.133783 0.207688 0.135168
1 13 16.190475 0.204683 0.133447 0.208528 0.135776
1 14 16.666666 0.206103 0.134600 0.206160 0.134366
1 15 17.142857 0.206822 0.134767 0.207349 0.135044
1 16 17.619047 0.206174 0.134447 0.209201 0.136226
1 17 18.095238 0.205121 0.133853 0.207088 0.134954
1 18 18.571428 0.205849 0.134105 0.208352 0.135542
1 19 19.047619 0.206837 0.134849 0.210091 0.136128
1 20 19.523809 0.206960 0.134493 0.206949 0.135488
2 0 20.000000 0.209184 0.136018 0.206951 0.134981
2 1 20.476191 0.207179 0.135226 0.207731 0.135946
2 2 20.952381 0.204418 0.133179 0.206962 0.134972
2 3 21.428572 0.206933 0.134966 0.206177 0.134765
2 4 21.904762 0.205773 0.133725 0.209103 0.135955
2 5 22.380953 0.208186 0.135940 0.209494 0.136099
2 6 22.857143 0.206953 0.135370 0.207356 0.135143
2 7 23.333334 0.206809 0.134911 0.204797 0.133754
2 8 23.809525 0.206564 0.134907 0.205618 0.133722
2 9 24.285715 0.206592 0.134476 0.207266 0.135177
2 10 24.761906 0.205441 0.134011 0.209511 0.136663
2 11 25.238094 0.207379 0.134696 0.206326 0.134679
2 12 25.714285 0.205483 0.133980 0.208416 0.135641
2 13 26.190475 0.210157 0.136707 0.208806 0.136285
2 14 26.666666 0.206380 0.134406 0.206700 0.134722
2 15 27.142857 0.209247 0.136080 0.207371 0.134435
2 16 27.619047 0.206286 0.134290 0.207733 0.135479
2 17 28.095238 0.206536 0.134823 0.205043 0.133276
2 18 28.571428 0.207167 0.134861 0.208429 0.136074
2 19 29.047619 0.208430 0.135767 0.207415 0.135247
2 20 29.523809 0.207504 0.135082 0.206428 0.134562
3 0 30.000000 0.206195 0.134366 0.203630 0.133027
3 1 30.476191 0.205909 0.135070 0.205471 0.134113
3 2 30.952381 0.208825 0.136191 0.208054 0.135944
3 3 31.428572 0.206154 0.134108 0.205885 0.134409
3 4 31.904762 0.209034 0.136231 0.207870 0.135685
3 5 32.380951 0.206889 0.135127 0.207312 0.135238
3 6 32.857143 0.207420 0.135079 0.205179 0.134233
3 7 33.333332 0.206794 0.134498 0.204986 0.133837
3 8 33.809525 0.205940 0.134237 0.206074 0.134310
3 9 34.285713 0.207109 0.135119 0.207935 0.136066
3 10 34.761906 0.207607 0.135980 0.205782 0.134718
3 11 35.238094 0.209176 0.136428 0.202689 0.132338
3 12 35.714287 0.206465 0.134469 0.207807 0.135094
3 13 36.190475 0.206080 0.134141 0.206424 0.134220
3 14 36.666668 0.207807 0.135526 0.209982 0.136402
3 15 37.142857 0.206289 0.134680 0.206751 0.135245
3 16 37.619049 0.207390 0.135448 0.206684 0.135042
3 17 38.095238 0.206218 0.134872 0.202973 0.132952
3 18 38.571430 0.206925 0.134526 0.206365 0.134683
3 19 39.047619 0.208167 0.136292 0.205481 0.134077
3 20 39.523811 0.205027 0.133962 0.206629 0.135030
4 0 40.000000 0.205691 0.134338 0.206623 0.135025
4 1 40.476189 0.204754 0.133847 0.205127 0.133739
4 2 40.952381 0.204311 0.133018 0.207134 0.135017
4 3 41.428570 0.207831 0.134843 0.209489 0.136071
4 4 41.904762 0.207183 0.134695 0.206060 0.134387
4 5 42.380951 0.206446 0.134615 0.209753 0.136866
4 6 42.857143 0.207576 0.135127 0.206258 0.134501
4 7 43.333332 0.206838 0.134510 0.209668 0.136188
4 8 43.809525 0.208356 0.135845 0.207508 0.135152
4 9 44.285713 0.209359 0.136709 0.208703 0.136494
4 10 44.761906 0.207954 0.134777 0.207563 0.135335
4 11 45.238094 0.207088 0.134504 0.206113 0.134607
4 12 45.714287 0.207005 0.135137 0.208495 0.135465
4 13 46.190475 0.206733 0.134845 0.208695 0.136024
4 14 46.666668 0.208241 0.135648 0.207462 0.134932
4 15 47.142857 0.210019 0.136748 0.207935 0.135798
4 16 47.619049 0.206302 0.134773 0.209032 0.136333
4 17 48.095238 0.206595 0.135208 0.207165 0.135185
4 18 48.571430 0.207554 0.135028 0.206148 0.135166
4 19 49.047619 0.207323 0.135621 0.205277 0.134413
4 20 49.523811 0.207147 0.135271 0.208589 0.135911
5 0 50.000000 0.204713 0.132936 0.207342 0.134666
5 1 50.476189 0.204095 0.133259 0.206066 0.134566
5 2 50.952381 0.206268 0.134474 0.206352 0.134338
5 3 51.428570 0.204674 0.133490 0.206796 0.134696
5 4 51.904762 0.209428 0.135662 0.207705 0.134975
5 5 52.380951 0.207168 0.135277 0.207261 0.135258
5 6 52.857143 0.207014 0.134939 0.210565 0.137716
5 7 53.333332 0.205046 0.133708 0.206842 0.134898
5 8 53.809525 0.207905 0.135114 0.206415 0.134625
5 9 54.285713 0.208886 0.136107 0.208700 0.135048
5 10 54.761906 0.206792 0.134654 0.205245 0.133964
5 11 55.238094 0.206126 0.134276 0.207922 0.135808
5 12 55.714287 0.206110 0.134320 0.206366 0.134701
5 13 56.190475 0.207137 0.134803 0.207523 0.135397
5 14 56.666668 0.206933 0.134215 0.207621 0.135365
5 15 57.142857 0.207266 0.134948 0.208014 0.135481
5 16 57.619049 0.206450 0.134490 0.206498 0.134449
5 17 58.095238 0.205906 0.134476 0.206454 0.134304
5 18 58.571430 0.206565 0.134722 0.207559 0.135152
5 19 59.047619 0.205838 0.134283 0.205022 0.133663
5 20 59.523811 0.204561 0.133789 0.205438 0.133840
6 0 60.000000 0.205230 0.133772 0.206267 0.134572
6 1 60.476189 0.207239 0.135207 0.206069 0.134131
6 2 60.952381 0.206064 0.133929 0.205352 0.133824
6 3 61.428570 0.208397 0.136636 0.207100 0.134854
6 4 61.904762 0.210046 0.136431 0.207003 0.135254
6 5 62.380951 0.208015 0.135246 0.207342 0.135011
6 6 62.857143 0.210795 0.136831 0.208384 0.135429
6 7 63.333332 0.207164 0.134612 0.210006 0.136857
6 8 63.809525 0.206374 0.135119 0.205685 0.134436
6 9 64.285713 0.205714 0.134451 0.208163 0.135695
6 10 64.761902 0.207536 0.135536 0.206730 0.134589
6 11 65.238098 0.208848 0.135993 0.206089 0.134013
6 12 65.714287 0.205843 0.134453 0.206597 0.134798
6 13 66.190475 0.204521 0.134186 0.206286 0.135327
6 14 66.666664 0.206749 0.134504 0.207947 0.135684
6 15 67.142860 0.207397 0.134956 0.206984 0.134999
6 16 67.619049 0.208521 0.135686 0.208176 0.135446
6 17 68.095238 0.206828 0.134987 0.207198 0.134894
6 18 68.571426 0.207160 0.135368 0.208055 0.135402
6 19 69.047623 0.204552 0.133548 0.205184 0.134416
6 20 69.523811 0.204695 0.134131 0.208533 0.135804
7 0 70.000000 0.207253 0.135044 0.208805 0.136314
7 1 70.476189 0.205380 0.133713 0.207174 0.134901
7 2 70.952377 0.208183 0.135537 0.207711 0.135305
7 3 71.428574 0.203569 0.133225 0.205188 0.133992
7 4 71.904762 0.208729 0.136233 0.206239 0.134870
7 5 72.380951 0.209983 0.137207 0.202254 0.132548
7 6 72.857140 0.206582 0.135587 0.206217 0.134478
7 7 73.333336 0.204030 0.133164 0.206066 0.133997
7 8 73.809525 0.207267 0.135370 0.206582 0.134764
7 9 74.285713 0.207397 0.135134 0.206868 0.134775
7 10 74.761902 0.205712 0.133909 0.206418 0.134701
7 11 75.238098 0.204335 0.133486 0.207878 0.135468
7 12 75.714287 0.207896 0.135858 0.206243 0.134383
7 13 76.190475 0.207825 0.135913 0.207293 0.135297
7 14 76.666664 0.207642 0.135284 0.207146 0.135033
7 15 77.142860 0.206710 0.134557 0.203039 0.132200
7 16 77.619049 0.206308 0.134786 0.209507 0.136210
7 17 78.095238 0.208875 0.135913 0.205763 0.133322
7 18 78.571426 0.206374 0.134994 0.205845 0.134477
7 19 79.047623 0.207793 0.135946 0.208037 0.135870
7 20 79.523811 0.206608 0.134921 0.204347 0.132800
8 0 80.000000 0.207095 0.135250 0.206240 0.134477
8 1 80.476189 0.205858 0.133885 0.206489 0.134541
8 2 80.952377 0.207782 0.135509 0.203307 0.132440
8 3 81.428574 0.207782 0.135450 0.209850 0.136623
8 4 81.904762 0.207412 0.135994 0.206272 0.134859
8 5 82.380951 0.208634 0.135398 0.206887 0.134490
8 6 82.857140 0.207066 0.134535 0.207021 0.134655
8 7 83.333336 0.210091 0.136875 0.206691 0.135059
8 8 83.809525 0.206284 0.134320 0.205980 0.134398
8 9 84.285713 0.210087 0.136699 0.205730 0.134333
8 10 84.761902 0.205021 0.133793 0.208981 0.136683
8 11 85.238098 0.209295 0.136453 0.209043 0.135800
8 12 85.714287 0.206587 0.134620 0.204338 0.134004
8 13 86.190475 0.207169 0.134806 0.209619 0.136198
8 14 86.666664 0.207655 0.135250 0.205223 0.133471
8 15 87.142860 0.205411 0.134347 0.205632 0.133774
8 16 87.619049 0.204926 0.133501 0.207654 0.135385
8 17 88.095238 0.208112 0.135286 0.207431 0.134837
8 18 88.571426 0.206530 0.135217 0.205941 0.134209
8 19 89.047623 0.208162 0.135491 0.208012 0.135386
8 20 89.523811 0.206268 0.134137 0.207699 0.135016
9 0 90.000000 0.205988 0.134623 0.208551 0.135988
9 1 90.476189 0.209637 0.137044 0.207096 0.135164
9 2 90.952377 0.208220 0.135831 0.206276 0.134303
9 3 91.428574 0.207215 0.135308 0.209014 0.136296
9 4 91.904762 0.210079 0.136845 0.206024 0.134989
9 5 92.380951 0.205198 0.133790 0.208839 0.136064
9 6 92.857140 0.206946 0.134852 0.205210 0.134056
9 7 93.333336 0.203094 0.132531 0.206833 0.134922
9 8 93.809525 0.206398 0.133884 0.203470 0.132972
9 9 94.285713 0.205080 0.133854 0.208768 0.135698
9 10 94.761902 0.204529 0.133716 0.203654 0.132664
9 11 95.238098 0.206586 0.134569 0.205320 0.133951
9 12 95.714287 0.209234 0.136131 0.207682 0.135195
9 13 96.190475 0.207369 0.134759 0.207274 0.135227
9 14 96.666664 0.207541 0.135881 0.204059 0.132770
9 15 97.142860 0.206985 0.135151 0.206484 0.134606
9 16 97.619049 0.207134 0.135415 0.206912 0.135447
9 17 98.095238 0.207554 0.135448 0.206159 0.134190
9 18 98.571426 0.206694 0.134883 0.206707 0.134289
9 19 99.047623 0.207613 0.134900 0.207115 0.134619
9 20 99.523811 0.208278 0.135666 0.207692 0.135518
