0 -0.974529 19 0.001267
1 -0.962628 5 0.000333
2 -0.950727 0 0.000000
3 -0.938826 0 0.000000
4 -0.926924 0 0.000000
5 -0.915023 0 0.000000
6 -0.903122 0 0.000000
7 -0.891221 0 0.000000
8 -0.879320 0 0.000000
9 -0.867419 0 0.000000
10 -0.855517 0 0.000000
11 -0.843616 0 0.000000
12 -0.831715 0 0.000000
13 -0.819814 0 0.000000
14 -0.807913 0 0.000000
15 -0.796011 0 0.000000
16 -0.784110 0 0.000000
17 -0.772209 0 0.000000
18 -0.760308 0 0.000000
19 -0.748407 0 0.000000
20 -0.736505 0 0.000000
21 -0.724604 0 0.000000
22 -0.712703 0 0.000000
23 -0.700802 0 0.000000
24 -0.688901 0 0.000000
25 -0.676999 0 0.000000
26 -0.665098 0 0.000000
27 -0.653197 0 0.000000
28 -0.641296 0 0.000000
29 -0.629395 0 0.000000
30 -0.617494 0 0.000000
31 -0.605592 0 0.000000
32 -0.593691 0 0.000000
33 -0.581790 0 0.000000
34 -0.569889 0 0.000000
35 -0.557988 0 0.000000
36 -0.546086 0 0.000000
37 -0.534185 0 0.000000
38 -0.522284 0 0.000000
39 -0.510383 0 0.000000
40 -0.498482 0 0.000000
41 -0.486580 0 0.000000
42 -0.474679 0 0.000000
43 -0.462778 0 0.000000
44 -0.450877 0 0.000000
45 -0.438976 0 0.000000
46 -0.427074 0 0.000000
47 -0.415173 0 0.000000
48 -0.403272 0 0.000000
49 -0.391371 0 0.000000
50 -0.379470 0 0.000000
51 -0.367569 0 0.000000
52 -0.355667 0 0.000000
53 -0.343766 0 0.000000
54 -0.331865 0 0.000000
55 -0.319964 0 0.000000
56 -0.308063 0 0.000000
57 -0.296161 1 0.000067
58 -0.284260 0 0.000000
59 -0.272359 0 0.000000
60 -0.260458 1 0.000067
61 -0.248557 0 0.000000
62 -0.236655 0 0.000000
63 -0.224754 0 0.000000
64 -0.212853 2 0.000133
65 -0.200952 1 0.000067
66 -0.189051 2 0.000133
67 -0.177150 4 0.000267
68 -0.165248 1 0.000067
69 -0.153347 8 0.000533
70 -0.141446 13 0.000867
71 -0.129545 16 0.001067
72 -0.117644 14 0.000933
73 -0.105742 24 0.001600
74 -0.093841 30 0.002000
75 -0.081940 75 0.005000
76 -0.070039 112 0.007467
77 -0.058138 160 0.010667
78 -0.046236 307 0.020467
79 -0.034335 604 0.040267
80 -0.022434 1314 0.087600
81 -0.010533 5663 0.377533
82 0.001368 3910 0.260667
83 0.013270 1300 0.086667
84 0.025171 686 0.045733
85 0.037072 297 0.019800
86 0.048973 142 0.009467
87 0.060874 91 0.006067
88 0.072775 66 0.004400
89 0.084677 52 0.003467
90 0.096578 24 0.001600
91 0.108479 19 0.001267
92 0.120380 17 0.001133
93 0.132281 8 0.000533
94 0.144183 4 0.000267
95 0.156084 4 0.000267
96 0.167985 2 0.000133
97 0.179886 1 0.000067
98 0.191787 1 0.000067
99 0.203689 0 0.000000
