0 -0.295336 1 0.000200
1 -0.290296 0 0.000000
2 -0.285255 0 0.000000
3 -0.280214 0 0.000000
4 -0.275174 0 0.000000
5 -0.270133 0 0.000000
6 -0.265092 0 0.000000
7 -0.260052 0 0.000000
8 -0.255011 1 0.000200
9 -0.249970 0 0.000000
10 -0.244930 0 0.000000
11 -0.239889 0 0.000000
12 -0.234848 0 0.000000
13 -0.229808 0 0.000000
14 -0.224767 0 0.000000
15 -0.219726 0 0.000000
16 -0.214686 0 0.000000
17 -0.209645 2 0.000400
18 -0.204604 0 0.000000
19 -0.199564 0 0.000000
20 -0.194523 0 0.000000
21 -0.189483 2 0.000400
22 -0.184442 0 0.000000
23 -0.179401 2 0.000400
24 -0.174361 0 0.000000
25 -0.169320 2 0.000400
26 -0.164279 1 0.000200
27 -0.159239 0 0.000000
28 -0.154198 3 0.000600
29 -0.149157 3 0.000600
30 -0.144117 3 0.000600
31 -0.139076 6 0.001200
32 -0.134035 3 0.000600
33 -0.128995 6 0.001200
34 -0.123954 7 0.001400
35 -0.118913 6 0.001200
36 -0.113873 6 0.001200
37 -0.108832 6 0.001200
38 -0.103791 7 0.001400
39 -0.098751 7 0.001400
40 -0.093710 8 0.001600
41 -0.088669 12 0.002400
42 -0.083629 24 0.004800
43 -0.078588 23 0.004600
44 -0.073547 26 0.005200
45 -0.068507 42 0.008400
46 -0.063466 42 0.008400
47 -0.058425 33 0.006600
48 -0.053385 52 0.010400
49 -0.048344 71 0.014200
50 -0.043304 95 0.019000
51 -0.038263 110 0.022000
52 -0.033222 160 0.032000
53 -0.028182 217 0.043400
54 -0.023141 242 0.048400
55 -0.018100 325 0.065000
56 -0.013060 342 0.068400
57 -0.008019 393 0.078600
58 -0.002978 430 0.086000
59 0.002062 410 0.082000
60 0.007103 370 0.074000
61 0.012144 281 0.056200
62 0.017184 239 0.047800
63 0.022225 182 0.036400
64 0.027266 166 0.033200
65 0.032306 109 0.021800
66 0.037347 105 0.021000
67 0.042388 80 0.016000
68 0.047428 51 0.010200
69 0.052469 41 0.008200
70 0.057510 29 0.005800
71 0.062550 34 0.006800
72 0.067591 25 0.005000
73 0.072632 30 0.006000
74 0.077672 19 0.003800
75 0.082713 17 0.003400
76 0.087754 17 0.003400
77 0.092794 14 0.002800
78 0.097835 6 0.001200
79 0.102875 5 0.001000
80 0.107916 13 0.002600
81 0.112957 4 0.000800
82 0.117997 9 0.001800
83 0.123038 6 0.001200
84 0.128079 1 0.000200
85 0.133119 3 0.000600
86 0.138160 3 0.000600
87 0.143201 1 0.000200
88 0.148241 2 0.000400
89 0.153282 1 0.000200
90 0.158323 1 0.000200
91 0.163363 1 0.000200
92 0.168404 1 0.000200
93 0.173445 1 0.000200
94 0.178485 0 0.000000
95 0.183526 1 0.000200
96 0.188567 0 0.000000
97 0.193607 0 0.000000
98 0.198648 0 0.000000
99 0.203689 1 0.000200
