0 -0.198952 1 0.000200
1 -0.195358 0 0.000000
2 -0.191763 0 0.000000
3 -0.188169 0 0.000000
4 -0.184575 0 0.000000
5 -0.180981 0 0.000000
6 -0.177387 0 0.000000
7 -0.173793 0 0.000000
8 -0.170199 0 0.000000
9 -0.166605 0 0.000000
10 -0.163011 0 0.000000
11 -0.159417 0 0.000000
12 -0.155823 0 0.000000
13 -0.152229 0 0.000000
14 -0.148634 0 0.000000
15 -0.145040 2 0.000400
16 -0.141446 0 0.000000
17 -0.137852 0 0.000000
18 -0.134258 0 0.000000
19 -0.130664 1 0.000200
20 -0.127070 1 0.000200
21 -0.123476 0 0.000000
22 -0.119882 1 0.000200
23 -0.116288 0 0.000000
24 -0.112694 1 0.000200
25 -0.109100 1 0.000200
26 -0.105505 1 0.000200
27 -0.101911 2 0.000400
28 -0.098317 2 0.000400
29 -0.094723 1 0.000200
30 -0.091129 1 0.000200
31 -0.087535 3 0.000600
32 -0.083941 3 0.000600
33 -0.080347 3 0.000600
34 -0.076753 6 0.001200
35 -0.073159 5 0.001000
36 -0.069565 4 0.000800
37 -0.065971 4 0.000800
38 -0.062376 7 0.001400
39 -0.058782 9 0.001800
40 -0.055188 18 0.003600
41 -0.051594 18 0.003600
42 -0.048000 14 0.002800
43 -0.044406 24 0.004800
44 -0.040812 29 0.005800
45 -0.037218 30 0.006000
46 -0.033624 39 0.007800
47 -0.030030 51 0.010200
48 -0.026436 65 0.013000
49 -0.022842 86 0.017200
50 -0.019247 129 0.025800
51 -0.015653 196 0.039200
52 -0.012059 242 0.048400
53 -0.008465 338 0.067600
54 -0.004871 504 0.100800
55 -0.001277 598 0.119600
56 0.002317 627 0.125400
57 0.005911 507 0.101400
58 0.009505 373 0.074600
59 0.013099 270 0.054000
60 0.016693 175 0.035000
61 0.020287 128 0.025600
62 0.023882 113 0.022600
63 0.027476 85 0.017000
64 0.031070 60 0.012000
65 0.034664 39 0.007800
66 0.038258 32 0.006400
67 0.041852 25 0.005000
68 0.045446 15 0.003000
69 0.049040 20 0.004000
70 0.052634 12 0.002400
71 0.056228 12 0.002400
72 0.059822 10 0.002000
73 0.063416 9 0.001800
74 0.067011 2 0.000400
75 0.070605 7 0.001400
76 0.074199 5 0.001000
77 0.077793 2 0.000400
78 0.081387 4 0.000800
79 0.084981 3 0.000600
80 0.088575 4 0.000800
81 0.092169 2 0.000400
82 0.095763 3 0.000600
83 0.099357 2 0.000400
84 0.102951 3 0.000600
85 0.106545 1 0.000200
86 0.110140 0 0.000000
87 0.113734 1 0.000200
88 0.117328 1 0.000200
89 0.120922 2 0.000400
90 0.124516 2 0.000400
91 0.128110 1 0.000200
92 0.131704 1 0.000200
93 0.135298 0 0.000000
94 0.138892 0 0.000000
95 0.142486 0 0.000000
96 0.146080 0 0.000000
97 0.149674 1 0.000200
98 0.153269 0 0.000000
99 0.156863 1 0.000200
