0 0.001288 739 0.147800
1 0.011121 1270 0.254000
2 0.020954 1013 0.202600
3 0.030787 708 0.141600
4 0.040620 405 0.081000
5 0.050453 239 0.047800
6 0.060286 154 0.030800
7 0.070119 130 0.026000
8 0.079953 87 0.017400
9 0.089786 65 0.013000
10 0.099619 24 0.004800
11 0.109452 35 0.007000
12 0.119285 32 0.006400
13 0.129118 21 0.004200
14 0.138951 19 0.003800
15 0.148784 11 0.002200
16 0.158617 6 0.001200
17 0.168450 6 0.001200
18 0.178283 3 0.000600
19 0.188117 1 0.000200
20 0.197950 4 0.000800
21 0.207783 1 0.000200
22 0.217616 1 0.000200
23 0.227449 0 0.000000
24 0.237282 0 0.000000
25 0.247115 1 0.000200
26 0.256948 0 0.000000
27 0.266781 0 0.000000
28 0.276614 0 0.000000
29 0.286447 0 0.000000
30 0.296280 0 0.000000
31 0.306114 1 0.000200
32 0.315947 0 0.000000
33 0.325780 0 0.000000
34 0.335613 0 0.000000
35 0.345446 0 0.000000
36 0.355279 0 0.000000
37 0.365112 0 0.000000
38 0.374945 0 0.000000
39 0.384778 0 0.000000
40 0.394611 0 0.000000
41 0.404444 0 0.000000
42 0.414278 0 0.000000
43 0.424111 0 0.000000
44 0.433944 0 0.000000
45 0.443777 0 0.000000
46 0.453610 0 0.000000
47 0.463443 0 0.000000
48 0.473276 0 0.000000
49 0.483109 0 0.000000
50 0.492942 0 0.000000
51 0.502775 0 0.000000
52 0.512608 0 0.000000
53 0.522442 0 0.000000
54 0.532275 0 0.000000
55 0.542108 0 0.000000
56 0.551941 0 0.000000
57 0.561774 0 0.000000
58 0.571607 0 0.000000
59 0.581440 0 0.000000
60 0.591273 0 0.000000
61 0.601106 0 0.000000
62 0.610939 0 0.000000
63 0.620772 0 0.000000
64 0.630605 0 0.000000
65 0.640439 0 0.000000
66 0.650272 0 0.000000
67 0.660105 0 0.000000
68 0.669938 0 0.000000
69 0.679771 0 0.000000
70 0.689604 0 0.000000
71 0.699437 0 0.000000
72 0.709270 0 0.000000
73 0.719103 0 0.000000
74 0.728936 0 0.000000
75 0.738769 0 0.000000
76 0.748603 0 0.000000
77 0.758436 0 0.000000
78 0.768269 0 0.000000
79 0.778102 0 0.000000
80 0.787935 0 0.000000
81 0.797768 0 0.000000
82 0.807601 0 0.000000
83 0.817434 0 0.000000
84 0.827267 0 0.000000
85 0.837100 0 0.000000
86 0.846933 0 0.000000
87 0.856766 0 0.000000
88 0.866600 0 0.000000
89 0.876433 0 0.000000
90 0.886266 0 0.000000
91 0.896099 0 0.000000
92 0.905932 0 0.000000
93 0.915765 0 0.000000
94 0.925598 0 0.000000
95 0.935431 0 0.000000
96 0.945264 0 0.000000
97 0.955097 7 0.001400
98 0.964930 16 0.003200
99 0.974764 1 0.000200
