0 -0.974529 18 0.003600
1 -0.964240 6 0.001200
2 -0.953952 0 0.000000
3 -0.943663 0 0.000000
4 -0.933374 0 0.000000
5 -0.923085 0 0.000000
6 -0.912796 0 0.000000
7 -0.902507 0 0.000000
8 -0.892219 0 0.000000
9 -0.881930 0 0.000000
10 -0.871641 0 0.000000
11 -0.861352 0 0.000000
12 -0.851063 0 0.000000
13 -0.840775 0 0.000000
14 -0.830486 0 0.000000
15 -0.820197 0 0.000000
16 -0.809908 0 0.000000
17 -0.799619 0 0.000000
18 -0.789331 0 0.000000
19 -0.779042 0 0.000000
20 -0.768753 0 0.000000
21 -0.758464 0 0.000000
22 -0.748175 0 0.000000
23 -0.737886 0 0.000000
24 -0.727598 0 0.000000
25 -0.717309 0 0.000000
26 -0.707020 0 0.000000
27 -0.696731 0 0.000000
28 -0.686442 0 0.000000
29 -0.676154 0 0.000000
30 -0.665865 0 0.000000
31 -0.655576 0 0.000000
32 -0.645287 0 0.000000
33 -0.634998 0 0.000000
34 -0.624709 0 0.000000
35 -0.614421 0 0.000000
36 -0.604132 0 0.000000
37 -0.593843 0 0.000000
38 -0.583554 0 0.000000
39 -0.573265 0 0.000000
40 -0.562977 0 0.000000
41 -0.552688 0 0.000000
42 -0.542399 0 0.000000
43 -0.532110 0 0.000000
44 -0.521821 0 0.000000
45 -0.511533 0 0.000000
46 -0.501244 0 0.000000
47 -0.490955 0 0.000000
48 -0.480666 0 0.000000
49 -0.470377 0 0.000000
50 -0.460088 0 0.000000
51 -0.449800 0 0.000000
52 -0.439511 0 0.000000
53 -0.429222 0 0.000000
54 -0.418933 0 0.000000
55 -0.408644 0 0.000000
56 -0.398356 0 0.000000
57 -0.388067 0 0.000000
58 -0.377778 0 0.000000
59 -0.367489 0 0.000000
60 -0.357200 0 0.000000
61 -0.346912 0 0.000000
62 -0.336623 0 0.000000
63 -0.326334 0 0.000000
64 -0.316045 0 0.000000
65 -0.305756 0 0.000000
66 -0.295467 0 0.000000
67 -0.285179 0 0.000000
68 -0.274890 0 0.000000
69 -0.264601 0 0.000000
70 -0.254312 0 0.000000
71 -0.244023 0 0.000000
72 -0.233735 0 0.000000
73 -0.223446 0 0.000000
74 -0.213157 0 0.000000
75 -0.202868 0 0.000000
76 -0.192579 0 0.000000
77 -0.182290 0 0.000000
78 -0.172002 0 0.000000
79 -0.161713 0 0.000000
80 -0.151424 0 0.000000
81 -0.141135 0 0.000000
82 -0.130846 0 0.000000
83 -0.120558 0 0.000000
84 -0.110269 0 0.000000
85 -0.099980 0 0.000000
86 -0.089691 0 0.000000
87 -0.079402 0 0.000000
88 -0.069114 0 0.000000
89 -0.058825 0 0.000000
90 -0.048536 0 0.000000
91 -0.038247 1 0.000200
92 -0.027958 7 0.001400
93 -0.017669 367 0.073400
94 -0.007381 3533 0.706600
95 0.002908 797 0.159400
96 0.013197 131 0.026200
97 0.023486 114 0.022800
98 0.033775 26 0.005200
99 0.044063 0 0.000000
