0 0.345753 1 0.000200
1 0.348085 2 0.000400
2 0.350418 0 0.000000
3 0.352751 0 0.000000
4 0.355084 0 0.000000
5 0.357416 0 0.000000
6 0.359749 0 0.000000
7 0.362082 0 0.000000
8 0.364415 1 0.000200
9 0.366748 0 0.000000
10 0.369080 0 0.000000
11 0.371413 2 0.000400
12 0.373746 1 0.000200
13 0.376079 2 0.000400
14 0.378412 1 0.000200
15 0.380744 3 0.000600
16 0.383077 1 0.000200
17 0.385410 1 0.000200
18 0.387743 1 0.000200
19 0.390075 2 0.000400
20 0.392408 3 0.000600
21 0.394741 4 0.000800
22 0.397074 1 0.000200
23 0.399407 2 0.000400
24 0.401739 3 0.000600
25 0.404072 7 0.001400
26 0.406405 4 0.000800
27 0.408738 5 0.001000
28 0.411071 6 0.001200
29 0.413403 17 0.003400
30 0.415736 6 0.001200
31 0.418069 11 0.002200
32 0.420402 13 0.002600
33 0.422734 17 0.003400
34 0.425067 25 0.005000
35 0.427400 22 0.004400
36 0.429733 34 0.006800
37 0.432066 25 0.005000
38 0.434398 51 0.010200
39 0.436731 62 0.012400
40 0.439064 81 0.016200
41 0.441397 93 0.018600
42 0.443730 102 0.020400
43 0.446062 127 0.025400
44 0.448395 139 0.027800
45 0.450728 164 0.032800
46 0.453061 201 0.040200
47 0.455393 224 0.044800
48 0.457726 243 0.048600
49 0.460059 262 0.052400
50 0.462392 322 0.064400
51 0.464725 307 0.061400
52 0.467057 292 0.058400
53 0.469390 306 0.061200
54 0.471723 274 0.054800
55 0.474056 240 0.048000
56 0.476389 217 0.043400
57 0.478721 147 0.029400
58 0.481054 107 0.021400
59 0.483387 120 0.024000
60 0.485720 93 0.018600
61 0.488052 85 0.017000
62 0.490385 46 0.009200
63 0.492718 64 0.012800
64 0.495051 58 0.011600
65 0.497384 38 0.007600
66 0.499716 36 0.007200
67 0.502049 35 0.007000
68 0.504382 31 0.006200
69 0.506715 23 0.004600
70 0.509048 21 0.004200
71 0.511380 16 0.003200
72 0.513713 27 0.005400
73 0.516046 19 0.003800
74 0.518379 10 0.002000
75 0.520711 8 0.001600
76 0.523044 17 0.003400
77 0.525377 11 0.002200
78 0.527710 15 0.003000
79 0.530043 7 0.001400
80 0.532375 1 0.000200
81 0.534708 7 0.001400
82 0.537041 9 0.001800
83 0.539374 7 0.001400
84 0.541707 2 0.000400
85 0.544039 1 0.000200
86 0.546372 1 0.000200
87 0.548705 0 0.000000
88 0.551038 1 0.000200
89 0.553370 0 0.000000
90 0.555703 0 0.000000
91 0.558036 1 0.000200
92 0.560369 0 0.000000
93 0.562702 2 0.000400
94 0.565034 0 0.000000
95 0.567367 2 0.000400
96 0.569700 1 0.000200
97 0.572033 0 0.000000
98 0.574366 0 0.000000
99 0.576698 1 0.000200
