0 0.000432 25 0.001667
1 0.010528 2 0.000133
2 0.020625 3 0.000200
3 0.030721 1 0.000067
4 0.040818 1 0.000067
5 0.050914 0 0.000000
6 0.061011 0 0.000000
7 0.071107 3 0.000200
8 0.081204 4 0.000267
9 0.091300 4 0.000267
10 0.101397 4 0.000267
11 0.111493 3 0.000200
12 0.121590 7 0.000467
13 0.131686 4 0.000267
14 0.141783 10 0.000667
15 0.151879 13 0.000867
16 0.161976 16 0.001067
17 0.172072 20 0.001333
18 0.182169 20 0.001333
19 0.192265 27 0.001800
20 0.202362 18 0.001200
21 0.212458 21 0.001400
22 0.222554 26 0.001733
23 0.232651 32 0.002133
24 0.242747 37 0.002467
25 0.252844 40 0.002667
26 0.262940 30 0.002000
27 0.273037 37 0.002467
28 0.283133 31 0.002067
29 0.293230 50 0.003333
30 0.303326 41 0.002733
31 0.313423 56 0.003733
32 0.323519 60 0.004000
33 0.333616 67 0.004467
34 0.343712 72 0.004800
35 0.353809 81 0.005400
36 0.363905 76 0.005067
37 0.374002 133 0.008867
38 0.384098 156 0.010400
39 0.394195 171 0.011400
40 0.404291 229 0.015267
41 0.414388 313 0.020867
42 0.424484 432 0.028800
43 0.434581 552 0.036800
44 0.444677 818 0.054533
45 0.454774 992 0.066133
46 0.464870 1076 0.071733
47 0.474967 817 0.054467
48 0.485063 650 0.043333
49 0.495160 476 0.031733
50 0.505256 368 0.024533
51 0.515352 272 0.018133
52 0.525449 210 0.014000
53 0.535545 150 0.010000
54 0.545642 141 0.009400
55 0.555738 150 0.010000
56 0.565835 95 0.006333
57 0.575931 89 0.005933
58 0.586028 89 0.005933
59 0.596124 55 0.003667
60 0.606221 60 0.004000
61 0.616317 52 0.003467
62 0.626414 50 0.003333
63 0.636510 54 0.003600
64 0.646607 39 0.002600
65 0.656703 39 0.002600
66 0.666800 27 0.001800
67 0.676896 34 0.002267
68 0.686993 29 0.001933
69 0.697089 34 0.002267
70 0.707186 30 0.002000
71 0.717282 21 0.001400
72 0.727379 29 0.001933
73 0.737475 24 0.001600
74 0.747572 18 0.001200
75 0.757668 16 0.001067
76 0.767765 11 0.000733
77 0.777861 18 0.001200
78 0.787958 8 0.000533
79 0.798054 11 0.000733
80 0.808151 7 0.000467
81 0.818247 6 0.000400
82 0.828344 10 0.000667
83 0.838440 5 0.000333
84 0.848536 2 0.000133
85 0.858633 2 0.000133
86 0.868729 4 0.000267
87 0.878826 3 0.000200
88 0.888922 1 0.000067
89 0.899019 2 0.000133
90 0.909115 1 0.000067
91 0.919212 0 0.000000
92 0.929308 0 0.000000
93 0.939405 1 0.000067
94 0.949501 0 0.000000
95 0.959598 0 0.000000
96 0.969694 0 0.000000
97 0.979791 0 0.000000
98 0.989887 4975 0.331667
99 0.999984 1 0.000067
