0 0.001484 1 0.000200
1 0.010989 2 0.000400
2 0.020494 2 0.000400
3 0.029998 2 0.000400
4 0.039503 1 0.000200
5 0.049008 0 0.000000
6 0.058512 0 0.000000
7 0.068017 1 0.000200
8 0.077521 3 0.000600
9 0.087026 4 0.000800
10 0.096531 3 0.000600
11 0.106035 5 0.001000
12 0.115540 3 0.000600
13 0.125045 7 0.001400
14 0.134549 4 0.000800
15 0.144054 11 0.002200
16 0.153558 11 0.002200
17 0.163063 15 0.003000
18 0.172568 20 0.004000
19 0.182072 17 0.003400
20 0.191577 29 0.005800
21 0.201082 16 0.003200
22 0.210586 16 0.003200
23 0.220091 23 0.004600
24 0.229595 29 0.005800
25 0.239100 32 0.006400
26 0.248605 36 0.007200
27 0.258109 32 0.006400
28 0.267614 33 0.006600
29 0.277119 28 0.005600
30 0.286623 30 0.006000
31 0.296128 38 0.007600
32 0.305632 39 0.007800
33 0.315137 50 0.010000
34 0.324642 48 0.009600
35 0.334146 51 0.010200
36 0.343651 52 0.010400
37 0.353156 50 0.010000
38 0.362660 61 0.012200
39 0.372165 80 0.016000
40 0.381669 87 0.017400
41 0.391174 104 0.020800
42 0.400679 85 0.017000
43 0.410183 103 0.020600
44 0.419688 128 0.025600
45 0.429193 178 0.035600
46 0.438697 227 0.045400
47 0.448202 310 0.062000
48 0.457706 283 0.056600
49 0.467211 261 0.052200
50 0.476716 252 0.050400
51 0.486220 274 0.054800
52 0.495725 209 0.041800
53 0.505229 182 0.036400
54 0.514734 140 0.028000
55 0.524239 124 0.024800
56 0.533743 99 0.019800
57 0.543248 77 0.015400
58 0.552753 98 0.019600
59 0.562257 60 0.012000
60 0.571762 71 0.014200
61 0.581267 58 0.011600
62 0.590771 54 0.010800
63 0.600276 50 0.010000
64 0.609780 53 0.010600
65 0.619285 43 0.008600
66 0.628790 39 0.007800
67 0.638294 46 0.009200
68 0.647799 36 0.007200
69 0.657303 32 0.006400
70 0.666808 27 0.005400
71 0.676313 31 0.006200
72 0.685817 24 0.004800
73 0.695322 32 0.006400
74 0.704827 33 0.006600
75 0.714331 17 0.003400
76 0.723836 26 0.005200
77 0.733340 24 0.004800
78 0.742845 20 0.004000
79 0.752350 19 0.003800
80 0.761854 13 0.002600
81 0.771359 13 0.002600
82 0.780864 12 0.002400
83 0.790368 11 0.002200
84 0.799873 6 0.001200
85 0.809377 7 0.001400
86 0.818882 6 0.001200
87 0.828387 8 0.001600
88 0.837891 6 0.001200
89 0.847396 2 0.000400
90 0.856901 3 0.000600
91 0.866405 3 0.000600
92 0.875910 4 0.000800
93 0.885414 1 0.000200
94 0.894919 1 0.000200
95 0.904424 2 0.000400
96 0.913928 0 0.000000
97 0.923433 0 0.000000
98 0.932938 1 0.000200
99 0.942442 0 0.000000
