0 0.012446 1 0.000067
1 0.022677 0 0.000000
2 0.032907 0 0.000000
3 0.043138 0 0.000000
4 0.053369 1 0.000067
5 0.063600 1 0.000067
6 0.073831 4 0.000267
7 0.084062 3 0.000200
8 0.094293 6 0.000400
9 0.104524 3 0.000200
10 0.114754 5 0.000333
11 0.124985 2 0.000133
12 0.135216 5 0.000333
13 0.145447 7 0.000467
14 0.155678 14 0.000933
15 0.165909 16 0.001067
16 0.176140 19 0.001267
17 0.186371 36 0.002400
18 0.196601 18 0.001200
19 0.206832 27 0.001800
20 0.217063 24 0.001600
21 0.227294 35 0.002333
22 0.237525 32 0.002133
23 0.247756 33 0.002200
24 0.257987 40 0.002667
25 0.268218 36 0.002400
26 0.278448 30 0.002000
27 0.288679 50 0.003333
28 0.298910 36 0.002400
29 0.309141 48 0.003200
30 0.319372 48 0.003200
31 0.329603 62 0.004133
32 0.339834 51 0.003400
33 0.350065 41 0.002733
34 0.360296 79 0.005267
35 0.370526 95 0.006333
36 0.380757 104 0.006933
37 0.390988 100 0.006667
38 0.401219 120 0.008000
39 0.411450 155 0.010333
40 0.421681 272 0.018133
41 0.431912 444 0.029600
42 0.442143 830 0.055333
43 0.452373 1351 0.090067
44 0.462604 1626 0.108400
45 0.472835 1182 0.078800
46 0.483066 655 0.043667
47 0.493297 432 0.028800
48 0.503528 266 0.017733
49 0.513759 213 0.014200
50 0.523990 166 0.011067
51 0.534220 128 0.008533
52 0.544451 107 0.007133
53 0.554682 93 0.006200
54 0.564913 91 0.006067
55 0.575144 73 0.004867
56 0.585375 51 0.003400
57 0.595606 47 0.003133
58 0.605837 51 0.003400
59 0.616067 46 0.003067
60 0.626298 43 0.002867
61 0.636529 37 0.002467
62 0.646760 43 0.002867
63 0.656991 41 0.002733
64 0.667222 36 0.002400
65 0.677453 28 0.001867
66 0.687684 32 0.002133
67 0.697914 24 0.001600
68 0.708145 30 0.002000
69 0.718376 22 0.001467
70 0.728607 16 0.001067
71 0.738838 23 0.001533
72 0.749069 24 0.001600
73 0.759300 22 0.001467
74 0.769531 7 0.000467
75 0.779761 14 0.000933
76 0.789992 6 0.000400
77 0.800223 9 0.000600
78 0.810454 8 0.000533
79 0.820685 9 0.000600
80 0.830916 3 0.000200
81 0.841147 4 0.000267
82 0.851378 3 0.000200
83 0.861609 3 0.000200
84 0.871839 1 0.000067
85 0.882070 0 0.000000
86 0.892301 1 0.000067
87 0.902532 0 0.000000
88 0.912763 0 0.000000
89 0.922994 0 0.000000
90 0.933225 0 0.000000
91 0.943456 1 0.000067
92 0.953686 30 0.002000
93 0.963917 143 0.009533
94 0.974148 137 0.009133
95 0.984379 1011 0.067400
96 0.994610 3365 0.224333
97 1.004841 307 0.020467
98 1.015072 5 0.000333
99 1.025303 1 0.000067
