0 0.157846 1 0.000200
1 0.163448 0 0.000000
2 0.169049 0 0.000000
3 0.174651 0 0.000000
4 0.180253 0 0.000000
5 0.185854 0 0.000000
6 0.191456 1 0.000200
7 0.197057 0 0.000000
8 0.202659 0 0.000000
9 0.208261 0 0.000000
10 0.213862 1 0.000200
11 0.219464 0 0.000000
12 0.225066 0 0.000000
13 0.230667 0 0.000000
14 0.236269 0 0.000000
15 0.241871 2 0.000400
16 0.247472 0 0.000000
17 0.253074 0 0.000000
18 0.258675 1 0.000200
19 0.264277 2 0.000400
20 0.269879 2 0.000400
21 0.275480 1 0.000200
22 0.281082 2 0.000400
23 0.286684 1 0.000200
24 0.292285 1 0.000200
25 0.297887 2 0.000400
26 0.303489 3 0.000600
27 0.309090 1 0.000200
28 0.314692 2 0.000400
29 0.320293 4 0.000800
30 0.325895 7 0.001400
31 0.331497 6 0.001200
32 0.337098 5 0.001000
33 0.342700 10 0.002000
34 0.348302 9 0.001800
35 0.353903 7 0.001400
36 0.359505 16 0.003200
37 0.365107 13 0.002600
38 0.370708 15 0.003000
39 0.376310 26 0.005200
40 0.381911 24 0.004800
41 0.387513 30 0.006000
42 0.393115 34 0.006800
43 0.398716 47 0.009400
44 0.404318 63 0.012600
45 0.409920 75 0.015000
46 0.415521 110 0.022000
47 0.421123 120 0.024000
48 0.426725 146 0.029200
49 0.432326 177 0.035400
50 0.437928 189 0.037800
51 0.443529 233 0.046600
52 0.449131 340 0.068000
53 0.454733 317 0.063400
54 0.460334 461 0.092200
55 0.465936 428 0.085600
56 0.471538 376 0.075200
57 0.477139 316 0.063200
58 0.482741 229 0.045800
59 0.488343 199 0.039800
60 0.493944 166 0.033200
61 0.499546 124 0.024800
62 0.505147 122 0.024400
63 0.510749 78 0.015600
64 0.516351 62 0.012400
65 0.521952 53 0.010600
66 0.527554 48 0.009600
67 0.533156 45 0.009000
68 0.538757 27 0.005400
69 0.544359 31 0.006200
70 0.549961 30 0.006000
71 0.555562 27 0.005400
72 0.561164 25 0.005000
73 0.566766 18 0.003600
74 0.572367 17 0.003400
75 0.577969 13 0.002600
76 0.583570 11 0.002200
77 0.589172 11 0.002200
78 0.594774 4 0.000800
79 0.600375 6 0.001200
80 0.605977 2 0.000400
81 0.611579 3 0.000600
82 0.617180 6 0.001200
83 0.622782 2 0.000400
84 0.628384 3 0.000600
85 0.633985 0 0.000000
86 0.639587 1 0.000200
87 0.645188 3 0.000600
88 0.650790 2 0.000400
89 0.656392 3 0.000600
90 0.661993 0 0.000000
91 0.667595 0 0.000000
92 0.673197 0 0.000000
93 0.678798 1 0.000200
94 0.684400 0 0.000000
95 0.690001 0 0.000000
96 0.695603 0 0.000000
97 0.701205 0 0.000000
98 0.706806 0 0.000000
99 0.712408 1 0.000200
