0 0.012446 1 0.000200
1 0.021337 0 0.000000
2 0.030228 0 0.000000
3 0.039120 0 0.000000
4 0.048011 0 0.000000
5 0.056903 2 0.000400
6 0.065794 0 0.000000
7 0.074685 4 0.000800
8 0.083577 1 0.000200
9 0.092468 6 0.001200
10 0.101360 3 0.000600
11 0.110251 4 0.000800
12 0.119142 3 0.000600
13 0.128034 3 0.000600
14 0.136925 4 0.000800
15 0.145817 6 0.001200
16 0.154708 10 0.002000
17 0.163599 15 0.003000
18 0.172491 16 0.003200
19 0.181382 18 0.003600
20 0.190273 31 0.006200
21 0.199165 17 0.003400
22 0.208056 24 0.004800
23 0.216948 16 0.003200
24 0.225839 30 0.006000
25 0.234730 27 0.005400
26 0.243622 30 0.006000
27 0.252513 34 0.006800
28 0.261405 35 0.007000
29 0.270296 32 0.006400
30 0.279187 24 0.004800
31 0.288079 40 0.008000
32 0.296970 38 0.007600
33 0.305861 36 0.007200
34 0.314753 41 0.008200
35 0.323644 46 0.009200
36 0.332536 51 0.010200
37 0.341427 44 0.008800
38 0.350318 36 0.007200
39 0.359210 64 0.012800
40 0.368101 67 0.013400
41 0.376993 83 0.016600
42 0.385884 85 0.017000
43 0.394775 84 0.016800
44 0.403667 85 0.017000
45 0.412558 94 0.018800
46 0.421450 141 0.028200
47 0.430341 176 0.035200
48 0.439232 204 0.040800
49 0.448124 305 0.061000
50 0.457015 254 0.050800
51 0.465906 259 0.051800
52 0.474798 318 0.063600
53 0.483689 240 0.048000
54 0.492581 200 0.040000
55 0.501472 151 0.030200
56 0.510363 145 0.029000
57 0.519255 110 0.022000
58 0.528146 93 0.018600
59 0.537038 88 0.017600
60 0.545929 93 0.018600
61 0.554820 80 0.016000
62 0.563712 72 0.014400
63 0.572603 67 0.013400
64 0.581495 54 0.010800
65 0.590386 48 0.009600
66 0.599277 38 0.007600
67 0.608169 42 0.008400
68 0.617060 42 0.008400
69 0.625951 36 0.007200
70 0.634843 36 0.007200
71 0.643734 33 0.006600
72 0.652626 34 0.006800
73 0.661517 37 0.007400
74 0.670408 29 0.005800
75 0.679300 26 0.005200
76 0.688191 24 0.004800
77 0.697083 25 0.005000
78 0.705974 25 0.005000
79 0.714865 21 0.004200
80 0.723757 22 0.004400
81 0.732648 14 0.002800
82 0.741539 17 0.003400
83 0.750431 21 0.004200
84 0.759322 21 0.004200
85 0.768214 8 0.001600
86 0.777105 10 0.002000
87 0.785996 7 0.001400
88 0.794888 9 0.001800
89 0.803779 5 0.001000
90 0.812671 8 0.001600
91 0.821562 7 0.001400
92 0.830453 3 0.000600
93 0.839345 3 0.000600
94 0.848236 3 0.000600
95 0.857128 2 0.000400
96 0.866019 2 0.000400
97 0.874910 1 0.000200
98 0.883802 1 0.000200
99 0.892693 0 0.000000
