0 0.953447 1 0.000200
1 0.954173 3 0.000600
2 0.954899 1 0.000200
3 0.955625 2 0.000400
4 0.956351 0 0.000000
5 0.957076 0 0.000000
6 0.957802 0 0.000000
7 0.958528 1 0.000200
8 0.959254 1 0.000200
9 0.959980 6 0.001200
10 0.960705 4 0.000800
11 0.961431 2 0.000400
12 0.962157 4 0.000800
13 0.962883 5 0.001000
14 0.963609 3 0.000600
15 0.964334 3 0.000600
16 0.965060 8 0.001600
17 0.965786 11 0.002200
18 0.966512 8 0.001600
19 0.967238 10 0.002000
20 0.967964 15 0.003000
21 0.968689 9 0.001800
22 0.969415 8 0.001600
23 0.970141 14 0.002800
24 0.970867 9 0.001800
25 0.971593 17 0.003400
26 0.972318 13 0.002600
27 0.973044 14 0.002800
28 0.973770 6 0.001200
29 0.974496 21 0.004200
30 0.975222 15 0.003000
31 0.975947 10 0.002000
32 0.976673 7 0.001400
33 0.977399 4 0.000800
34 0.978125 9 0.001800
35 0.978851 3 0.000600
36 0.979576 6 0.001200
37 0.980302 7 0.001400
38 0.981028 9 0.001800
39 0.981754 11 0.002200
40 0.982480 10 0.002000
41 0.983205 13 0.002600
42 0.983931 12 0.002400
43 0.984657 17 0.003400
44 0.985383 17 0.003400
45 0.986109 13 0.002600
46 0.986835 20 0.004000
47 0.987560 16 0.003200
48 0.988286 26 0.005200
49 0.989012 38 0.007600
50 0.989738 52 0.010400
51 0.990464 75 0.015000
52 0.991189 99 0.019800
53 0.991915 137 0.027400
54 0.992641 154 0.030800
55 0.993367 194 0.038800
56 0.994093 224 0.044800
57 0.994819 256 0.051200
58 0.995544 256 0.051200
59 0.996270 301 0.060200
60 0.996996 299 0.059800
61 0.997722 344 0.068800
62 0.998448 282 0.056400
63 0.999173 296 0.059200
64 0.999899 282 0.056400
65 1.000625 253 0.050600
66 1.001351 209 0.041800
67 1.002077 171 0.034200
68 1.002802 152 0.030400
69 1.003528 113 0.022600
70 1.004254 93 0.018600
71 1.004980 63 0.012600
72 1.005706 61 0.012200
73 1.006431 37 0.007400
74 1.007157 30 0.006000
75 1.007883 17 0.003400
76 1.008609 22 0.004400
77 1.009335 11 0.002200
78 1.010061 17 0.003400
79 1.010786 12 0.002400
80 1.011512 4 0.000800
81 1.012238 7 0.001400
82 1.012964 7 0.001400
83 1.013690 1 0.000200
84 1.014415 1 0.000200
85 1.015141 1 0.000200
86 1.015867 0 0.000000
87 1.016593 0 0.000000
88 1.017319 3 0.000600
89 1.018044 0 0.000000
90 1.018770 1 0.000200
91 1.019496 0 0.000000
92 1.020222 0 0.000000
93 1.020948 0 0.000000
94 1.021673 0 0.000000
95 1.022399 0 0.000000
96 1.023125 0 0.000000
97 1.023851 0 0.000000
98 1.024577 0 0.000000
99 1.025303 1 0.000200
