0 0.000432 24 0.004800
1 0.010528 0 0.000000
2 0.020625 0 0.000000
3 0.030721 0 0.000000
4 0.040818 0 0.000000
5 0.050914 0 0.000000
6 0.061011 0 0.000000
7 0.071107 0 0.000000
8 0.081204 0 0.000000
9 0.091300 0 0.000000
10 0.101397 0 0.000000
11 0.111493 0 0.000000
12 0.121590 0 0.000000
13 0.131686 0 0.000000
14 0.141783 0 0.000000
15 0.151879 0 0.000000
16 0.161976 0 0.000000
17 0.172072 0 0.000000
18 0.182169 0 0.000000
19 0.192265 0 0.000000
20 0.202362 0 0.000000
21 0.212458 0 0.000000
22 0.222554 0 0.000000
23 0.232651 0 0.000000
24 0.242747 0 0.000000
25 0.252844 0 0.000000
26 0.262940 0 0.000000
27 0.273037 0 0.000000
28 0.283133 0 0.000000
29 0.293230 0 0.000000
30 0.303326 0 0.000000
31 0.313423 0 0.000000
32 0.323519 0 0.000000
33 0.333616 0 0.000000
34 0.343712 0 0.000000
35 0.353809 0 0.000000
36 0.363905 0 0.000000
37 0.374002 0 0.000000
38 0.384098 0 0.000000
39 0.394195 0 0.000000
40 0.404291 0 0.000000
41 0.414388 0 0.000000
42 0.424484 0 0.000000
43 0.434581 0 0.000000
44 0.444677 0 0.000000
45 0.454774 0 0.000000
46 0.464870 0 0.000000
47 0.474967 0 0.000000
48 0.485063 0 0.000000
49 0.495160 0 0.000000
50 0.505256 0 0.000000
51 0.515352 0 0.000000
52 0.525449 0 0.000000
53 0.535545 0 0.000000
54 0.545642 0 0.000000
55 0.555738 0 0.000000
56 0.565835 0 0.000000
57 0.575931 0 0.000000
58 0.586028 0 0.000000
59 0.596124 0 0.000000
60 0.606221 0 0.000000
61 0.616317 0 0.000000
62 0.626414 0 0.000000
63 0.636510 0 0.000000
64 0.646607 0 0.000000
65 0.656703 0 0.000000
66 0.666800 0 0.000000
67 0.676896 0 0.000000
68 0.686993 0 0.000000
69 0.697089 0 0.000000
70 0.707186 0 0.000000
71 0.717282 0 0.000000
72 0.727379 0 0.000000
73 0.737475 0 0.000000
74 0.747572 0 0.000000
75 0.757668 0 0.000000
76 0.767765 0 0.000000
77 0.777861 0 0.000000
78 0.787958 0 0.000000
79 0.798054 0 0.000000
80 0.808151 0 0.000000
81 0.818247 0 0.000000
82 0.828344 0 0.000000
83 0.838440 0 0.000000
84 0.848536 0 0.000000
85 0.858633 0 0.000000
86 0.868729 0 0.000000
87 0.878826 0 0.000000
88 0.888922 0 0.000000
89 0.899019 0 0.000000
90 0.909115 0 0.000000
91 0.919212 0 0.000000
92 0.929308 0 0.000000
93 0.939405 0 0.000000
94 0.949501 0 0.000000
95 0.959598 0 0.000000
96 0.969694 0 0.000000
97 0.979791 0 0.000000
98 0.989887 4975 0.995000
99 0.999984 1 0.000200
