0 0 0.000000 0.231415 0.136642 0.230571 0.137111
0 1 0.476190 0.205929 0.134836 0.204084 0.133133
0 2 0.952381 0.200030 0.131639 0.204604 0.133819
0 3 1.428571 0.203430 0.132631 0.201358 0.131198
0 4 1.904762 0.204882 0.134151 0.206779 0.135072
0 5 2.380952 0.203745 0.133370 0.201445 0.131748
0 6 2.857143 0.204941 0.133725 0.205475 0.134297
0 7 3.333333 0.202886 0.132309 0.206011 0.134360
0 8 3.809524 0.202706 0.132741 0.203531 0.132722
0 9 4.285714 0.205862 0.134614 0.202895 0.132607
0 10 4.761905 0.203699 0.133195 0.203792 0.133417
0 11 5.238095 0.202889 0.132811 0.204379 0.133795
0 12 5.714286 0.205490 0.134517 0.203193 0.132837
0 13 6.190476 0.201269 0.131353 0.205180 0.134214
0 14 6.666667 0.205544 0.133853 0.205549 0.134183
0 15 7.142857 0.205770 0.134084 0.204070 0.133604
0 16 7.619048 0.205274 0.133860 0.203326 0.132838
0 17 8.095238 0.201126 0.131231 0.204266 0.133329
0 18 8.571428 0.204955 0.133877 0.204486 0.133529
0 19 9.047619 0.204354 0.132969 0.206644 0.135111
0 20 9.523809 0.203316 0.132835 0.204765 0.133939
1 0 10.000000 0.203833 0.132495 0.204500 0.132986
1 1 10.476191 0.203553 0.132647 0.205685 0.134138
1 2 10.952381 0.202535 0.132162 0.202386 0.131978
1 3 11.428572 0.205940 0.134717 0.202493 0.132184
1 4 11.904762 0.203938 0.132338 0.204564 0.133507
1 5 12.380953 0.205311 0.134234 0.204199 0.133410
1 6 12.857142 0.206937 0.134749 0.204659 0.133086
1 7 13.333333 0.201770 0.131802 0.204957 0.134019
1 8 13.809524 0.203135 0.133114 0.204213 0.133537
1 9 14.285714 0.207970 0.136065 0.203605 0.133136
1 10 14.761905 0.204263 0.133765 0.203124 0.132755
1 11 15.238095 0.204943 0.133720 0.202612 0.132480
1 12 15.714286 0.205063 0.133871 0.205509 0.134062
1 13 16.190475 0.204065 0.133485 0.204998 0.134083
1 14 16.666666 0.204481 0.133761 0.202145 0.132250
1 15 17.142857 0.206648 0.135206 0.206022 0.134073
1 16 17.619047 0.203895 0.133479 0.204405 0.133916
1 17 18.095238 0.203775 0.133068 0.204834 0.133885
1 18 18.571428 0.204552 0.133670 0.203845 0.133088
1 19 19.047619 0.202477 0.132289 0.204259 0.133085
1 20 19.523809 0.202232 0.132322 0.204168 0.133882
2 0 20.000000 0.204068 0.133566 0.200999 0.130997
2 1 20.476191 0.206198 0.135205 0.203034 0.132336
2 2 20.952381 0.204840 0.134044 0.202360 0.132172
2 3 21.428572 0.203900 0.133768 0.206149 0.135509
2 4 21.904762 0.203198 0.132607 0.206616 0.134341
2 5 22.380953 0.207555 0.135309 0.202506 0.132652
2 6 22.857143 0.204080 0.133945 0.205323 0.134162
2 7 23.333334 0.206196 0.134501 0.203355 0.133015
2 8 23.809525 0.201273 0.131499 0.200852 0.131089
2 9 24.285715 0.202329 0.132039 0.204906 0.133919
2 10 24.761906 0.202059 0.131820 0.201176 0.131312
2 11 25.238094 0.200100 0.131070 0.200341 0.131186
2 12 25.714285 0.202544 0.132255 0.200198 0.130992
2 13 26.190475 0.202221 0.131949 0.203681 0.133384
2 14 26.666666 0.203200 0.132874 0.201113 0.131272
2 15 27.142857 0.205724 0.134058 0.204970 0.133913
2 16 27.619047 0.201860 0.132100 0.206381 0.134421
2 17 28.095238 0.203845 0.133365 0.203987 0.133611
2 18 28.571428 0.204132 0.133043 0.202006 0.131986
2 19 29.047619 0.202730 0.132941 0.200052 0.130960
2 20 29.523809 0.203551 0.133091 0.201454 0.131605
3 0 30.000000 0.203649 0.133476 0.206316 0.134656
3 1 30.476191 0.202618 0.132273 0.204967 0.133325
3 2 30.952381 0.204479 0.133103 0.201477 0.130855
3 3 31.428572 0.204909 0.133598 0.201865 0.131715
3 4 31.904762 0.204556 0.134074 0.205846 0.134676
3 5 32.380951 0.205141 0.134381 0.204500 0.133686
3 6 32.857143 0.202200 0.132001 0.206905 0.134953
3 7 33.333332 0.203771 0.132498 0.203601 0.132682
3 8 33.809525 0.202757 0.132511 0.205793 0.134425
3 9 34.285713 0.205833 0.134683 0.204125 0.133355
3 10 34.761906 0.203368 0.132881 0.202574 0.131903
3 11 35.238094 0.206201 0.134571 0.206644 0.134194
3 12 35.714287 0.203727 0.132997 0.204478 0.133624
3 13 36.190475 0.201757 0.132182 0.204020 0.133139
3 14 36.666668 0.203277 0.132419 0.205049 0.133279
3 15 37.142857 0.204942 0.133643 0.206186 0.134070
3 16 37.619049 0.205936 0.134119 0.201589 0.131444
3 17 38.095238 0.204773 0.133616 0.205437 0.134143
3 18 38.571430 0.205975 0.134326 0.203724 0.133064
3 19 39.047619 0.206001 0.134399 0.205607 0.134509
3 20 39.523811 0.202852 0.132080 0.206115 0.134241
4 0 40.000000 0.203330 0.132798 0.201902 0.132214
4 1 40.476189 0.203737 0.132719 0.203808 0.133393
4 2 40.952381 0.203775 0.132830 0.204087 0.133104
4 3 41.428570 0.204864 0.134088 0.204474 0.133888
4 4 41.904762 0.205708 0.134459 0.204843 0.133454
4 5 42.380951 0.201725 0.131863 0.203434 0.133053
4 6 42.857143 0.205598 0.134123 0.203761 0.132163
4 7 43.333332 0.203694 0.133774 0.205266 0.134445
4 8 43.809525 0.203361 0.132436 0.201055 0.131553
4 9 44.285713 0.204002 0.133190 0.203273 0.132522
4 10 44.761906 0.204622 0.133180 0.205473 0.134048
4 11 45.238094 0.203227 0.133069 0.203419 0.133133
4 12 45.714287 0.204445 0.133914 0.203129 0.133102
4 13 46.190475 0.202522 0.132446 0.205258 0.134127
4 14 46.666668 0.203607 0.132412 0.206058 0.134305
4 15 47.142857 0.201948 0.131917 0.205590 0.134115
4 16 47.619049 0.203043 0.132751 0.203552 0.132991
4 17 48.095238 0.202577 0.132509 0.204499 0.133433
4 18 48.571430 0.206359 0.135049 0.204079 0.132999
4 19 49.047619 0.202950 0.132169 0.204579 0.133829
4 20 49.523811 0.204700 0.133718 0.204245 0.134111
5 0 50.000000 0.204887 0.133657 0.202514 0.132217
5 1 50.476189 0.205081 0.133250 0.205277 0.133838
5 2 50.952381 0.202995 0.132748 0.204312 0.133651
5 3 51.428570 0.206036 0.134257 0.204888 0.133610
5 4 51.904762 0.207117 0.135614 0.205476 0.134215
5 5 52.380951 0.203912 0.133547 0.203331 0.132564
5 6 52.857143 0.202709 0.132371 0.203078 0.132938
5 7 53.333332 0.206646 0.135093 0.202163 0.132537
5 8 53.809525 0.205575 0.133779 0.204147 0.133106
5 9 54.285713 0.204385 0.133770 0.201584 0.131905
5 10 54.761906 0.206734 0.134951 0.203184 0.132445
5 11 55.238094 0.205424 0.133890 0.208517 0.135555
5 12 55.714287 0.203737 0.133096 0.202648 0.132214
5 13 56.190475 0.200312 0.130928 0.204057 0.132930
5 14 56.666668 0.202966 0.133113 0.202600 0.132580
5 15 57.142857 0.205118 0.134249 0.203826 0.133435
5 16 57.619049 0.201870 0.132228 0.204280 0.133739
5 17 58.095238 0.201718 0.131776 0.203971 0.132938
5 18 58.571430 0.203396 0.132969 0.202841 0.132600
5 19 59.047619 0.206367 0.134822 0.204685 0.133608
5 20 59.523811 0.202983 0.132647 0.204670 0.134090
6 0 60.000000 0.202467 0.132081 0.201402 0.131334
6 1 60.476189 0.205002 0.134098 0.203834 0.133000
6 2 60.952381 0.204036 0.133160 0.203311 0.132698
6 3 61.428570 0.205943 0.134348 0.205172 0.134191
6 4 61.904762 0.204744 0.133427 0.202978 0.131955
6 5 62.380951 0.204673 0.133781 0.201158 0.131800
6 6 62.857143 0.204454 0.133733 0.205092 0.134120
6 7 63.333332 0.207496 0.135352 0.205176 0.134495
6 8 63.809525 0.201182 0.131583 0.204412 0.133618
6 9 64.285713 0.202085 0.131976 0.203430 0.132474
6 10 64.761902 0.204110 0.133307 0.204651 0.133490
6 11 65.238098 0.203006 0.132801 0.203172 0.132614
6 12 65.714287 0.207511 0.135464 0.205519 0.134177
6 13 66.190475 0.202099 0.131873 0.204506 0.133405
6 14 66.666664 0.203875 0.132972 0.202454 0.132489
6 15 67.142860 0.201543 0.131727 0.206015 0.134570
6 16 67.619049 0.206052 0.134327 0.201464 0.132056
6 17 68.095238 0.204782 0.133497 0.203582 0.132381
6 18 68.571426 0.204452 0.133549 0.203207 0.132750
6 19 69.047623 0.204158 0.133436 0.203212 0.133070
6 20 69.523811 0.202940 0.132581 0.205609 0.134122
7 0 70.000000 0.203064 0.132384 0.203511 0.133026
7 1 70.476189 0.203535 0.133078 0.204129 0.133618
7 2 70.952377 0.202768 0.132484 0.201157 0.131258
7 3 71.428574 0.206072 0.134220 0.203915 0.133094
7 4 71.904762 0.206668 0.134972 0.203454 0.133044
7 5 72.380951 0.202889 0.132690 0.204609 0.133593
7 6 72.857140 0.203515 0.132973 0.205477 0.134226
7 7 73.333336 0.204315 0.133370 0.204512 0.133263
7 8 73.809525 0.204245 0.133180 0.204750 0.133853
7 9 74.285713 0.205905 0.134107 0.205021 0.133520
7 10 74.761902 0.204802 0.133797 0.204251 0.133575
7 11 75.238098 0.204314 0.133310 0.205702 0.134101
7 12 75.714287 0.205864 0.134163 0.204687 0.133183
7 13 76.190475 0.204631 0.133469 0.204013 0.132551
7 14 76.666664 0.205985 0.134505 0.204687 0.134008
7 15 77.142860 0.204147 0.133164 0.203417 0.132787
7 16 77.619049 0.202199 0.132218 0.201434 0.131514
7 17 78.095238 0.203086 0.132384 0.201636 0.131846
7 18 78.571426 0.200627 0.131349 0.203910 0.133200
7 19 79.047623 0.206153 0.134575 0.205693 0.134343
7 20 79.523811 0.205622 0.133417 0.205317 0.133740
8 0 80.000000 0.204963 0.134110 0.201386 0.131917
8 1 80.476189 0.203931 0.132999 0.205622 0.133930
8 2 80.952377 0.202852 0.132594 0.202257 0.132082
8 3 81.428574 0.203066 0.132776 0.204174 0.133277
8 4 81.904762 0.202910 0.132900 0.202491 0.132264
8 5 82.380951 0.202907 0.132133 0.205107 0.134176
8 6 82.857140 0.205306 0.134179 0.204622 0.134587
8 7 83.333336 0.204705 0.133837 0.206855 0.135053
8 8 83.809525 0.205133 0.134040 0.203991 0.133328
8 9 84.285713 0.204738 0.133466 0.204443 0.133166
8 10 84.761902 0.203451 0.133168 0.202615 0.132726
8 11 85.238098 0.204212 0.133111 0.207152 0.135036
8 12 85.714287 0.203516 0.133169 0.203710 0.133574
8 13 86.190475 0.202784 0.132107 0.204515 0.133780
8 14 86.666664 0.206231 0.134276 0.204394 0.133502
8 15 87.142860 0.200953 0.131457 0.203981 0.133160
8 16 87.619049 0.203339 0.132685 0.203263 0.132853
8 17 88.095238 0.203334 0.132180 0.203037 0.132542
8 18 88.571426 0.201831 0.131941 0.203545 0.132999
8 19 89.047623 0.204736 0.133778 0.204387 0.133685
8 20 89.523811 0.205640 0.134491 0.205323 0.134381
9 0 90.000000 0.202332 0.132203 0.204255 0.133137
9 1 90.476189 0.203590 0.132322 0.204343 0.133135
9 2 90.952377 0.203883 0.133591 0.203659 0.133526
9 3 91.428574 0.205251 0.134648 0.204681 0.133585
9 4 91.904762 0.208619 0.136082 0.206817 0.135021
9 5 92.380951 0.202862 0.132551 0.205967 0.134428
9 6 92.857140 0.205327 0.133834 0.202207 0.131794
9 7 93.333336 0.202396 0.131902 0.204980 0.133842
9 8 93.809525 0.203552 0.132986 0.201686 0.131706
9 9 94.285713 0.203664 0.133172 0.204635 0.133398
9 10 94.761902 0.204874 0.133523 0.205648 0.133844
9 11 95.238098 0.204765 0.133490 0.203474 0.132519
9 12 95.714287 0.206907 0.135224 0.202971 0.132701
9 13 96.190475 0.205830 0.134031 0.206601 0.134643
9 14 96.666664 0.204774 0.134038 0.204085 0.133629
9 15 97.142860 0.202247 0.132717 0.206221 0.134440
9 16 97.619049 0.206814 0.134995 0.202603 0.132449
9 17 98.095238 0.205006 0.133821 0.202161 0.132431
9 18 98.571426 0.203899 0.133326 0.202823 0.132321
9 19 99.047623 0.205979 0.134140 0.203319 0.132720
9 20 99.523811 0.205302 0.134016 0.204950 0.133884
