regression experiment start

training_items_count 86900
testing_items_count  5000
epoch_count          10
batch_size           4096
batches_per_epoch    21
input_shape  [32 16 160]
output_shape [1 1 3]
network_config_file  networks/disc32x16x10/noise_0_10/net_2_all/network_config.json
====================================================================================================




initialising batch with size 4096  required memory 1342.226440[MB]
batch init done


initialising network from file networks/disc32x16x10/noise_0_10/net_2_all/network_config.json
network init done
network init result : 
CONVOLUTION	[32 16 160]	[3 3 32]	[32 16 32]	[46112 23592960]	
ELU		[32 16 32]	[32 16 32]	[0 32768]	
S ATTENTION		[32 16 32]	[32 16 32]	[33 180224]	
MAX POOLING	[32 16 32]	[16 8 32]	[0 32768]	
CONVOLUTION	[16 8 32]	[3 3 32]	[16 8 32]	[9248 1179648]	
ELU		[16 8 32]	[16 8 32]	[0 8192]	
S ATTENTION		[16 8 32]	[16 8 32]	[33 45056]	
MAX POOLING	[16 8 32]	[8 4 32]	[0 8192]	
CONVOLUTION	[8 4 32]	[3 3 64]	[8 4 64]	[18496 589824]	
ELU		[8 4 64]	[8 4 64]	[0 4096]	
S ATTENTION		[8 4 64]	[8 4 64]	[65 22528]	
MAX POOLING	[8 4 64]	[4 2 64]	[0 4096]	
CONVOLUTION	[4 2 64]	[3 3 64]	[4 2 64]	[36928 294912]	
ELU		[4 2 64]	[4 2 64]	[0 1024]	
S ATTENTION		[4 2 64]	[4 2 64]	[65 5632]	
MAX POOLING	[4 2 64]	[2 1 64]	[0 1024]	
DROPOUT		[2 1 64]	[2 1 64]	[0 256]	
FC			[2 1 64]	[1 1 256]	[33024 66048]	
ELU		[1 1 256]	[1 1 256]	[0 512]	
FC			[1 1 256]	[1 1 3]	[771 1542]	


GFLOPS = 0.026071
FLOPS = 26071302
TRAINABLE PARAMETERS = 144775

====================================================================================================






starting training

creating batch 0
training epoch 0 batch id0 done = 0.000000[%]

testing on testing
testing on training
testing error_average_euclidean 0.233810
testing error_std 0.136572
saving new best net with result = 0.233810
====================================================================================================




creating batch 1
training epoch 0 batch id1 done = 0.476190[%]

testing on testing
testing on training
testing error_average_euclidean 0.209188
testing error_std 0.136150
saving new best net with result = 0.209188
====================================================================================================




creating batch 2
training epoch 0 batch id2 done = 0.952381[%]

testing on testing
testing on training
testing error_average_euclidean 0.206227
testing error_std 0.134371
saving new best net with result = 0.206227
====================================================================================================




creating batch 3
training epoch 0 batch id3 done = 1.428571[%]

testing on testing
testing on training
testing error_average_euclidean 0.206608
testing error_std 0.134747
====================================================================================================




creating batch 4
training epoch 0 batch id4 done = 1.904762[%]

testing on testing
testing on training
testing error_average_euclidean 0.204231
testing error_std 0.133304
saving new best net with result = 0.204231
====================================================================================================




creating batch 5
training epoch 0 batch id5 done = 2.380952[%]

testing on testing
testing on training
testing error_average_euclidean 0.205407
testing error_std 0.133778
====================================================================================================




creating batch 6
training epoch 0 batch id6 done = 2.857143[%]

testing on testing
testing on training
testing error_average_euclidean 0.206416
testing error_std 0.134466
====================================================================================================




creating batch 7
training epoch 0 batch id7 done = 3.333333[%]

testing on testing
testing on training
testing error_average_euclidean 0.207915
testing error_std 0.135193
====================================================================================================




creating batch 8
training epoch 0 batch id8 done = 3.809524[%]

testing on testing
testing on training
testing error_average_euclidean 0.208956
testing error_std 0.136403
====================================================================================================




creating batch 9
training epoch 0 batch id9 done = 4.285714[%]

testing on testing
testing on training
testing error_average_euclidean 0.206618
testing error_std 0.134666
====================================================================================================




creating batch 10
training epoch 0 batch id10 done = 4.761905[%]

testing on testing
testing on training
testing error_average_euclidean 0.207499
testing error_std 0.135524
====================================================================================================




creating batch 11
training epoch 0 batch id11 done = 5.238095[%]

testing on testing
testing on training
testing error_average_euclidean 0.207813
testing error_std 0.135803
====================================================================================================




creating batch 12
training epoch 0 batch id12 done = 5.714286[%]

testing on testing
testing on training
testing error_average_euclidean 0.208721
testing error_std 0.135946
====================================================================================================




creating batch 13
training epoch 0 batch id13 done = 6.190476[%]

testing on testing
testing on training
testing error_average_euclidean 0.207074
testing error_std 0.134612
====================================================================================================




creating batch 14
training epoch 0 batch id14 done = 6.666667[%]

testing on testing
testing on training
testing error_average_euclidean 0.207163
testing error_std 0.135205
====================================================================================================




creating batch 15
training epoch 0 batch id15 done = 7.142857[%]

testing on testing
testing on training
testing error_average_euclidean 0.207240
testing error_std 0.135220
====================================================================================================




creating batch 16
training epoch 0 batch id16 done = 7.619048[%]

testing on testing
testing on training
testing error_average_euclidean 0.206278
testing error_std 0.134629
====================================================================================================




creating batch 17
training epoch 0 batch id17 done = 8.095238[%]

testing on testing
testing on training
testing error_average_euclidean 0.209940
testing error_std 0.136251
====================================================================================================




creating batch 18
training epoch 0 batch id18 done = 8.571428[%]

testing on testing
testing on training
testing error_average_euclidean 0.207507
testing error_std 0.134819
====================================================================================================




creating batch 19
training epoch 0 batch id19 done = 9.047619[%]

testing on testing
testing on training
testing error_average_euclidean 0.209276
testing error_std 0.136650
====================================================================================================




creating batch 20
training epoch 0 batch id20 done = 9.523809[%]

testing on testing
testing on training
testing error_average_euclidean 0.206648
testing error_std 0.134855
====================================================================================================




creating batch 0
training epoch 1 batch id0 done = 10.000000[%]

testing on testing
testing on training
testing error_average_euclidean 0.208553
testing error_std 0.135774
====================================================================================================




creating batch 1
training epoch 1 batch id1 done = 10.476191[%]

testing on testing
testing on training
testing error_average_euclidean 0.205172
testing error_std 0.133462
====================================================================================================




creating batch 2
training epoch 1 batch id2 done = 10.952381[%]

testing on testing
testing on training
testing error_average_euclidean 0.204717
testing error_std 0.133675
====================================================================================================




creating batch 3
training epoch 1 batch id3 done = 11.428572[%]

testing on testing
testing on training
testing error_average_euclidean 0.204054
testing error_std 0.132904
saving new best net with result = 0.204054
====================================================================================================




creating batch 4
training epoch 1 batch id4 done = 11.904762[%]

testing on testing
testing on training
testing error_average_euclidean 0.206495
testing error_std 0.134381
====================================================================================================




creating batch 5
training epoch 1 batch id5 done = 12.380953[%]

testing on testing
testing on training
testing error_average_euclidean 0.206969
testing error_std 0.134843
====================================================================================================




creating batch 6
training epoch 1 batch id6 done = 12.857142[%]

testing on testing
testing on training
testing error_average_euclidean 0.207008
testing error_std 0.134399
====================================================================================================




creating batch 7
training epoch 1 batch id7 done = 13.333333[%]

testing on testing
testing on training
testing error_average_euclidean 0.205544
testing error_std 0.134317
====================================================================================================




creating batch 8
training epoch 1 batch id8 done = 13.809524[%]

testing on testing
testing on training
testing error_average_euclidean 0.209483
testing error_std 0.136577
====================================================================================================




creating batch 9
training epoch 1 batch id9 done = 14.285714[%]

testing on testing
testing on training
testing error_average_euclidean 0.206196
testing error_std 0.134703
====================================================================================================




creating batch 10
training epoch 1 batch id10 done = 14.761905[%]

testing on testing
testing on training
testing error_average_euclidean 0.207319
testing error_std 0.135296
====================================================================================================




creating batch 11
training epoch 1 batch id11 done = 15.238095[%]

testing on testing
testing on training
testing error_average_euclidean 0.207601
testing error_std 0.135433
====================================================================================================




creating batch 12
training epoch 1 batch id12 done = 15.714286[%]

testing on testing
testing on training
testing error_average_euclidean 0.204774
testing error_std 0.133636
====================================================================================================




creating batch 13
training epoch 1 batch id13 done = 16.190475[%]

testing on testing
testing on training
testing error_average_euclidean 0.205408
testing error_std 0.133760
====================================================================================================




creating batch 14
training epoch 1 batch id14 done = 16.666666[%]

testing on testing
testing on training
testing error_average_euclidean 0.204755
testing error_std 0.133159
====================================================================================================




creating batch 15
training epoch 1 batch id15 done = 17.142857[%]

testing on testing
testing on training
testing error_average_euclidean 0.208250
testing error_std 0.135606
====================================================================================================




creating batch 16
training epoch 1 batch id16 done = 17.619047[%]

testing on testing
testing on training
testing error_average_euclidean 0.208954
testing error_std 0.136100
====================================================================================================




creating batch 17
training epoch 1 batch id17 done = 18.095238[%]

testing on testing
testing on training
testing error_average_euclidean 0.206998
testing error_std 0.135064
====================================================================================================




creating batch 18
training epoch 1 batch id18 done = 18.571428[%]

testing on testing
testing on training
testing error_average_euclidean 0.207510
testing error_std 0.135803
====================================================================================================




creating batch 19
training epoch 1 batch id19 done = 19.047619[%]

testing on testing
testing on training
testing error_average_euclidean 0.205804
testing error_std 0.134530
====================================================================================================




creating batch 20
training epoch 1 batch id20 done = 19.523809[%]

testing on testing
testing on training
testing error_average_euclidean 0.208325
testing error_std 0.135762
====================================================================================================




creating batch 0
training epoch 2 batch id0 done = 20.000000[%]

testing on testing
testing on training
testing error_average_euclidean 0.207390
testing error_std 0.135144
====================================================================================================




creating batch 1
training epoch 2 batch id1 done = 20.476191[%]

testing on testing
testing on training
testing error_average_euclidean 0.203565
testing error_std 0.133252
saving new best net with result = 0.203565
====================================================================================================




creating batch 2
training epoch 2 batch id2 done = 20.952381[%]

testing on testing
testing on training
testing error_average_euclidean 0.207925
testing error_std 0.135181
====================================================================================================




creating batch 3
training epoch 2 batch id3 done = 21.428572[%]

testing on testing
testing on training
testing error_average_euclidean 0.205257
testing error_std 0.133390
====================================================================================================




creating batch 4
training epoch 2 batch id4 done = 21.904762[%]

testing on testing
testing on training
testing error_average_euclidean 0.206245
testing error_std 0.134197
====================================================================================================




creating batch 5
training epoch 2 batch id5 done = 22.380953[%]

testing on testing
testing on training
testing error_average_euclidean 0.206822
testing error_std 0.135090
====================================================================================================




creating batch 6
training epoch 2 batch id6 done = 22.857143[%]

testing on testing
testing on training
testing error_average_euclidean 0.207211
testing error_std 0.134870
====================================================================================================




creating batch 7
training epoch 2 batch id7 done = 23.333334[%]

testing on testing
testing on training
testing error_average_euclidean 0.210427
testing error_std 0.137253
====================================================================================================




creating batch 8
training epoch 2 batch id8 done = 23.809525[%]

testing on testing
testing on training
testing error_average_euclidean 0.206840
testing error_std 0.135086
====================================================================================================




creating batch 9
training epoch 2 batch id9 done = 24.285715[%]

testing on testing
testing on training
testing error_average_euclidean 0.206955
testing error_std 0.135078
====================================================================================================




creating batch 10
training epoch 2 batch id10 done = 24.761906[%]

testing on testing
testing on training
testing error_average_euclidean 0.207310
testing error_std 0.134674
====================================================================================================




creating batch 11
training epoch 2 batch id11 done = 25.238094[%]

testing on testing
testing on training
testing error_average_euclidean 0.208136
testing error_std 0.135728
====================================================================================================




creating batch 12
training epoch 2 batch id12 done = 25.714285[%]

testing on testing
testing on training
testing error_average_euclidean 0.205570
testing error_std 0.133734
====================================================================================================




creating batch 13
training epoch 2 batch id13 done = 26.190475[%]

testing on testing
testing on training
testing error_average_euclidean 0.205547
testing error_std 0.134147
====================================================================================================




creating batch 14
training epoch 2 batch id14 done = 26.666666[%]

testing on testing
testing on training
testing error_average_euclidean 0.205304
testing error_std 0.134147
====================================================================================================




creating batch 15
training epoch 2 batch id15 done = 27.142857[%]

testing on testing
testing on training
testing error_average_euclidean 0.204953
testing error_std 0.133635
====================================================================================================




creating batch 16
training epoch 2 batch id16 done = 27.619047[%]

testing on testing
testing on training
testing error_average_euclidean 0.207402
testing error_std 0.135491
====================================================================================================




creating batch 17
training epoch 2 batch id17 done = 28.095238[%]

testing on testing
testing on training
testing error_average_euclidean 0.205828
testing error_std 0.133997
====================================================================================================




creating batch 18
training epoch 2 batch id18 done = 28.571428[%]

testing on testing
testing on training
testing error_average_euclidean 0.207058
testing error_std 0.135228
====================================================================================================




creating batch 19
training epoch 2 batch id19 done = 29.047619[%]

testing on testing
testing on training
testing error_average_euclidean 0.208229
testing error_std 0.135640
====================================================================================================




creating batch 20
training epoch 2 batch id20 done = 29.523809[%]

testing on testing
testing on training
testing error_average_euclidean 0.204058
testing error_std 0.133351
====================================================================================================




creating batch 0
training epoch 3 batch id0 done = 30.000000[%]

testing on testing
testing on training
testing error_average_euclidean 0.206399
testing error_std 0.134857
====================================================================================================




creating batch 1
training epoch 3 batch id1 done = 30.476191[%]

testing on testing
testing on training
testing error_average_euclidean 0.207316
testing error_std 0.134550
====================================================================================================




creating batch 2
training epoch 3 batch id2 done = 30.952381[%]

testing on testing
testing on training
testing error_average_euclidean 0.208711
testing error_std 0.135684
====================================================================================================




creating batch 3
training epoch 3 batch id3 done = 31.428572[%]

testing on testing
testing on training
testing error_average_euclidean 0.206444
testing error_std 0.134465
====================================================================================================




creating batch 4
training epoch 3 batch id4 done = 31.904762[%]

testing on testing
testing on training
testing error_average_euclidean 0.209489
testing error_std 0.136508
====================================================================================================




creating batch 5
training epoch 3 batch id5 done = 32.380951[%]

testing on testing
testing on training
testing error_average_euclidean 0.206695
testing error_std 0.135139
====================================================================================================




creating batch 6
training epoch 3 batch id6 done = 32.857143[%]

testing on testing
testing on training
testing error_average_euclidean 0.207116
testing error_std 0.134729
====================================================================================================




creating batch 7
training epoch 3 batch id7 done = 33.333332[%]

testing on testing
testing on training
testing error_average_euclidean 0.207312
testing error_std 0.135240
====================================================================================================




creating batch 8
training epoch 3 batch id8 done = 33.809525[%]

testing on testing
testing on training
testing error_average_euclidean 0.204572
testing error_std 0.133350
====================================================================================================




creating batch 9
training epoch 3 batch id9 done = 34.285713[%]

testing on testing
testing on training
testing error_average_euclidean 0.205383
testing error_std 0.133827
====================================================================================================




creating batch 10
training epoch 3 batch id10 done = 34.761906[%]

testing on testing
testing on training
testing error_average_euclidean 0.205904
testing error_std 0.134332
====================================================================================================




creating batch 11
training epoch 3 batch id11 done = 35.238094[%]

testing on testing
testing on training
testing error_average_euclidean 0.209855
testing error_std 0.136115
====================================================================================================




creating batch 12
training epoch 3 batch id12 done = 35.714287[%]

testing on testing
testing on training
testing error_average_euclidean 0.205727
testing error_std 0.133933
====================================================================================================




creating batch 13
training epoch 3 batch id13 done = 36.190475[%]

testing on testing
testing on training
testing error_average_euclidean 0.206499
testing error_std 0.134990
====================================================================================================




creating batch 14
training epoch 3 batch id14 done = 36.666668[%]

testing on testing
testing on training
testing error_average_euclidean 0.206876
testing error_std 0.134915
====================================================================================================




creating batch 15
training epoch 3 batch id15 done = 37.142857[%]

testing on testing
testing on training
testing error_average_euclidean 0.205347
testing error_std 0.134168
====================================================================================================




creating batch 16
training epoch 3 batch id16 done = 37.619049[%]

testing on testing
testing on training
testing error_average_euclidean 0.209069
testing error_std 0.136688
====================================================================================================




creating batch 17
training epoch 3 batch id17 done = 38.095238[%]

testing on testing
testing on training
testing error_average_euclidean 0.208013
testing error_std 0.135678
====================================================================================================




creating batch 18
training epoch 3 batch id18 done = 38.571430[%]

testing on testing
testing on training
testing error_average_euclidean 0.205276
testing error_std 0.134072
====================================================================================================




creating batch 19
training epoch 3 batch id19 done = 39.047619[%]

testing on testing
testing on training
testing error_average_euclidean 0.205910
testing error_std 0.133740
====================================================================================================




creating batch 20
training epoch 3 batch id20 done = 39.523811[%]

testing on testing
testing on training
testing error_average_euclidean 0.206697
testing error_std 0.134397
====================================================================================================




creating batch 0
training epoch 4 batch id0 done = 40.000000[%]

testing on testing
testing on training
testing error_average_euclidean 0.204371
testing error_std 0.133395
====================================================================================================




creating batch 1
training epoch 4 batch id1 done = 40.476189[%]

testing on testing
testing on training
testing error_average_euclidean 0.209287
testing error_std 0.136481
====================================================================================================




creating batch 2
training epoch 4 batch id2 done = 40.952381[%]

testing on testing
testing on training
testing error_average_euclidean 0.206271
testing error_std 0.134522
====================================================================================================




creating batch 3
training epoch 4 batch id3 done = 41.428570[%]

testing on testing
testing on training
testing error_average_euclidean 0.206337
testing error_std 0.134274
====================================================================================================




creating batch 4
training epoch 4 batch id4 done = 41.904762[%]

testing on testing
testing on training
testing error_average_euclidean 0.207318
testing error_std 0.134929
====================================================================================================




creating batch 5
training epoch 4 batch id5 done = 42.380951[%]

testing on testing
testing on training
testing error_average_euclidean 0.207225
testing error_std 0.134996
====================================================================================================




creating batch 6
training epoch 4 batch id6 done = 42.857143[%]

testing on testing
testing on training
testing error_average_euclidean 0.208139
testing error_std 0.135369
====================================================================================================




creating batch 7
training epoch 4 batch id7 done = 43.333332[%]

testing on testing
testing on training
testing error_average_euclidean 0.206634
testing error_std 0.134762
====================================================================================================




creating batch 8
training epoch 4 batch id8 done = 43.809525[%]

testing on testing
testing on training
testing error_average_euclidean 0.207770
testing error_std 0.135387
====================================================================================================




creating batch 9
training epoch 4 batch id9 done = 44.285713[%]

testing on testing
testing on training
testing error_average_euclidean 0.207080
testing error_std 0.134663
====================================================================================================




creating batch 10
training epoch 4 batch id10 done = 44.761906[%]

testing on testing
testing on training
testing error_average_euclidean 0.205501
testing error_std 0.133796
====================================================================================================




creating batch 11
training epoch 4 batch id11 done = 45.238094[%]

testing on testing
testing on training
testing error_average_euclidean 0.205128
testing error_std 0.134057
====================================================================================================




creating batch 12
training epoch 4 batch id12 done = 45.714287[%]

testing on testing
testing on training
testing error_average_euclidean 0.208957
testing error_std 0.136176
====================================================================================================




creating batch 13
training epoch 4 batch id13 done = 46.190475[%]

testing on testing
testing on training
testing error_average_euclidean 0.205308
testing error_std 0.133325
====================================================================================================




creating batch 14
training epoch 4 batch id14 done = 46.666668[%]

testing on testing
testing on training
testing error_average_euclidean 0.204284
testing error_std 0.133079
====================================================================================================




creating batch 15
training epoch 4 batch id15 done = 47.142857[%]

testing on testing
testing on training
testing error_average_euclidean 0.204252
testing error_std 0.133161
====================================================================================================




creating batch 16
training epoch 4 batch id16 done = 47.619049[%]

testing on testing
testing on training
testing error_average_euclidean 0.206912
testing error_std 0.134994
====================================================================================================




creating batch 17
training epoch 4 batch id17 done = 48.095238[%]

testing on testing
testing on training
testing error_average_euclidean 0.207644
testing error_std 0.134927
====================================================================================================




creating batch 18
training epoch 4 batch id18 done = 48.571430[%]

testing on testing
testing on training
testing error_average_euclidean 0.205778
testing error_std 0.134472
====================================================================================================




creating batch 19
training epoch 4 batch id19 done = 49.047619[%]

testing on testing
testing on training
testing error_average_euclidean 0.207307
testing error_std 0.135208
====================================================================================================




creating batch 20
training epoch 4 batch id20 done = 49.523811[%]

testing on testing
testing on training
testing error_average_euclidean 0.204831
testing error_std 0.133358
====================================================================================================




creating batch 0
training epoch 5 batch id0 done = 50.000000[%]

testing on testing
testing on training
testing error_average_euclidean 0.208810
testing error_std 0.135764
====================================================================================================




creating batch 1
training epoch 5 batch id1 done = 50.476189[%]

testing on testing
testing on training
testing error_average_euclidean 0.207662
testing error_std 0.135082
====================================================================================================




creating batch 2
training epoch 5 batch id2 done = 50.952381[%]

testing on testing
testing on training
testing error_average_euclidean 0.209054
testing error_std 0.136727
====================================================================================================




creating batch 3
training epoch 5 batch id3 done = 51.428570[%]

testing on testing
testing on training
testing error_average_euclidean 0.208515
testing error_std 0.135731
====================================================================================================




creating batch 4
training epoch 5 batch id4 done = 51.904762[%]

testing on testing
testing on training
testing error_average_euclidean 0.208990
testing error_std 0.136431
====================================================================================================




creating batch 5
training epoch 5 batch id5 done = 52.380951[%]

testing on testing
testing on training
testing error_average_euclidean 0.205526
testing error_std 0.134574
====================================================================================================




creating batch 6
training epoch 5 batch id6 done = 52.857143[%]

testing on testing
testing on training
testing error_average_euclidean 0.208644
testing error_std 0.136004
====================================================================================================




creating batch 7
training epoch 5 batch id7 done = 53.333332[%]

testing on testing
testing on training
testing error_average_euclidean 0.207405
testing error_std 0.134941
====================================================================================================




creating batch 8
training epoch 5 batch id8 done = 53.809525[%]

testing on testing
testing on training
testing error_average_euclidean 0.206821
testing error_std 0.134761
====================================================================================================




creating batch 9
training epoch 5 batch id9 done = 54.285713[%]

testing on testing
testing on training
testing error_average_euclidean 0.205389
testing error_std 0.134366
====================================================================================================




creating batch 10
training epoch 5 batch id10 done = 54.761906[%]

testing on testing
testing on training
testing error_average_euclidean 0.203551
testing error_std 0.132789
saving new best net with result = 0.203551
====================================================================================================




creating batch 11
training epoch 5 batch id11 done = 55.238094[%]

testing on testing
testing on training
testing error_average_euclidean 0.208861
testing error_std 0.135747
====================================================================================================




creating batch 12
training epoch 5 batch id12 done = 55.714287[%]

testing on testing
testing on training
testing error_average_euclidean 0.206780
testing error_std 0.135058
====================================================================================================




creating batch 13
training epoch 5 batch id13 done = 56.190475[%]

testing on testing
testing on training
testing error_average_euclidean 0.207059
testing error_std 0.134753
====================================================================================================




creating batch 14
training epoch 5 batch id14 done = 56.666668[%]

testing on testing
testing on training
testing error_average_euclidean 0.204803
testing error_std 0.133520
====================================================================================================




creating batch 15
training epoch 5 batch id15 done = 57.142857[%]

testing on testing
testing on training
testing error_average_euclidean 0.208757
testing error_std 0.135467
====================================================================================================




creating batch 16
training epoch 5 batch id16 done = 57.619049[%]

testing on testing
testing on training
testing error_average_euclidean 0.206102
testing error_std 0.134396
====================================================================================================




creating batch 17
training epoch 5 batch id17 done = 58.095238[%]

testing on testing
testing on training
testing error_average_euclidean 0.207479
testing error_std 0.135169
====================================================================================================




creating batch 18
training epoch 5 batch id18 done = 58.571430[%]

testing on testing
testing on training
testing error_average_euclidean 0.208494
testing error_std 0.136237
====================================================================================================




creating batch 19
training epoch 5 batch id19 done = 59.047619[%]

testing on testing
testing on training
testing error_average_euclidean 0.208825
testing error_std 0.135882
====================================================================================================




creating batch 20
training epoch 5 batch id20 done = 59.523811[%]

testing on testing
testing on training
testing error_average_euclidean 0.205383
testing error_std 0.134144
====================================================================================================




creating batch 0
training epoch 6 batch id0 done = 60.000000[%]

testing on testing
testing on training
testing error_average_euclidean 0.208209
testing error_std 0.135560
====================================================================================================




creating batch 1
training epoch 6 batch id1 done = 60.476189[%]

testing on testing
testing on training
testing error_average_euclidean 0.204258
testing error_std 0.132940
====================================================================================================




creating batch 2
training epoch 6 batch id2 done = 60.952381[%]

testing on testing
testing on training
testing error_average_euclidean 0.207102
testing error_std 0.135303
====================================================================================================




creating batch 3
training epoch 6 batch id3 done = 61.428570[%]

testing on testing
testing on training
testing error_average_euclidean 0.208897
testing error_std 0.135702
====================================================================================================




creating batch 4
training epoch 6 batch id4 done = 61.904762[%]

testing on testing
testing on training
testing error_average_euclidean 0.205193
testing error_std 0.133949
====================================================================================================




creating batch 5
training epoch 6 batch id5 done = 62.380951[%]

testing on testing
testing on training
testing error_average_euclidean 0.206718
testing error_std 0.134661
====================================================================================================




creating batch 6
training epoch 6 batch id6 done = 62.857143[%]

testing on testing
testing on training
testing error_average_euclidean 0.207646
testing error_std 0.135756
====================================================================================================




creating batch 7
training epoch 6 batch id7 done = 63.333332[%]

testing on testing
testing on training
testing error_average_euclidean 0.208357
testing error_std 0.135297
====================================================================================================




creating batch 8
training epoch 6 batch id8 done = 63.809525[%]

testing on testing
testing on training
testing error_average_euclidean 0.208824
testing error_std 0.136327
====================================================================================================




creating batch 9
training epoch 6 batch id9 done = 64.285713[%]

testing on testing
testing on training
testing error_average_euclidean 0.206961
testing error_std 0.134887
====================================================================================================




creating batch 10
training epoch 6 batch id10 done = 64.761902[%]

testing on testing
testing on training
testing error_average_euclidean 0.206640
testing error_std 0.134723
====================================================================================================




creating batch 11
training epoch 6 batch id11 done = 65.238098[%]

testing on testing
testing on training
testing error_average_euclidean 0.208573
testing error_std 0.135611
====================================================================================================




creating batch 12
training epoch 6 batch id12 done = 65.714287[%]

testing on testing
testing on training
testing error_average_euclidean 0.208622
testing error_std 0.136206
====================================================================================================




creating batch 13
training epoch 6 batch id13 done = 66.190475[%]

testing on testing
testing on training
testing error_average_euclidean 0.207544
testing error_std 0.135529
====================================================================================================




creating batch 14
training epoch 6 batch id14 done = 66.666664[%]

testing on testing
testing on training
testing error_average_euclidean 0.206140
testing error_std 0.134431
====================================================================================================




creating batch 15
training epoch 6 batch id15 done = 67.142860[%]

testing on testing
testing on training
testing error_average_euclidean 0.208607
testing error_std 0.135686
====================================================================================================




creating batch 16
training epoch 6 batch id16 done = 67.619049[%]

testing on testing
testing on training
testing error_average_euclidean 0.205720
testing error_std 0.134177
====================================================================================================




creating batch 17
training epoch 6 batch id17 done = 68.095238[%]

testing on testing
testing on training
testing error_average_euclidean 0.209800
testing error_std 0.136464
====================================================================================================




creating batch 18
training epoch 6 batch id18 done = 68.571426[%]

testing on testing
testing on training
testing error_average_euclidean 0.205224
testing error_std 0.134800
====================================================================================================




creating batch 19
training epoch 6 batch id19 done = 69.047623[%]

testing on testing
testing on training
testing error_average_euclidean 0.208572
testing error_std 0.136016
====================================================================================================




creating batch 20
training epoch 6 batch id20 done = 69.523811[%]

testing on testing
testing on training
testing error_average_euclidean 0.209946
testing error_std 0.136574
====================================================================================================




creating batch 0
training epoch 7 batch id0 done = 70.000000[%]

testing on testing
testing on training
testing error_average_euclidean 0.206365
testing error_std 0.134661
====================================================================================================




creating batch 1
training epoch 7 batch id1 done = 70.476189[%]

testing on testing
testing on training
testing error_average_euclidean 0.204967
testing error_std 0.133820
====================================================================================================




creating batch 2
training epoch 7 batch id2 done = 70.952377[%]

testing on testing
testing on training
testing error_average_euclidean 0.207509
testing error_std 0.135499
====================================================================================================




creating batch 3
training epoch 7 batch id3 done = 71.428574[%]

testing on testing
testing on training
testing error_average_euclidean 0.207125
testing error_std 0.135037
====================================================================================================




creating batch 4
training epoch 7 batch id4 done = 71.904762[%]

testing on testing
testing on training
testing error_average_euclidean 0.206930
testing error_std 0.135097
====================================================================================================




creating batch 5
training epoch 7 batch id5 done = 72.380951[%]

testing on testing
testing on training
testing error_average_euclidean 0.206706
testing error_std 0.134372
====================================================================================================




creating batch 6
training epoch 7 batch id6 done = 72.857140[%]

testing on testing
testing on training
testing error_average_euclidean 0.211842
testing error_std 0.138371
====================================================================================================




creating batch 7
training epoch 7 batch id7 done = 73.333336[%]

testing on testing
testing on training
testing error_average_euclidean 0.208794
testing error_std 0.136508
====================================================================================================




creating batch 8
training epoch 7 batch id8 done = 73.809525[%]

testing on testing
testing on training
testing error_average_euclidean 0.207160
testing error_std 0.134820
====================================================================================================




creating batch 9
training epoch 7 batch id9 done = 74.285713[%]

testing on testing
testing on training
testing error_average_euclidean 0.204849
testing error_std 0.133598
====================================================================================================




creating batch 10
training epoch 7 batch id10 done = 74.761902[%]

testing on testing
testing on training
testing error_average_euclidean 0.206768
testing error_std 0.134974
====================================================================================================




creating batch 11
training epoch 7 batch id11 done = 75.238098[%]

testing on testing
testing on training
testing error_average_euclidean 0.210017
testing error_std 0.136994
====================================================================================================




creating batch 12
training epoch 7 batch id12 done = 75.714287[%]

testing on testing
testing on training
testing error_average_euclidean 0.205560
testing error_std 0.134627
====================================================================================================




creating batch 13
training epoch 7 batch id13 done = 76.190475[%]

testing on testing
testing on training
testing error_average_euclidean 0.205090
testing error_std 0.134043
====================================================================================================




creating batch 14
training epoch 7 batch id14 done = 76.666664[%]

testing on testing
testing on training
testing error_average_euclidean 0.208035
testing error_std 0.135129
====================================================================================================




creating batch 15
training epoch 7 batch id15 done = 77.142860[%]

testing on testing
testing on training
testing error_average_euclidean 0.208065
testing error_std 0.135711
====================================================================================================




creating batch 16
training epoch 7 batch id16 done = 77.619049[%]

testing on testing
testing on training
testing error_average_euclidean 0.206368
testing error_std 0.135121
====================================================================================================




creating batch 17
training epoch 7 batch id17 done = 78.095238[%]

testing on testing
testing on training
testing error_average_euclidean 0.207543
testing error_std 0.135101
====================================================================================================




creating batch 18
training epoch 7 batch id18 done = 78.571426[%]

testing on testing
testing on training
testing error_average_euclidean 0.206117
testing error_std 0.133935
====================================================================================================




creating batch 19
training epoch 7 batch id19 done = 79.047623[%]

testing on testing
testing on training
testing error_average_euclidean 0.207718
testing error_std 0.134665
====================================================================================================




creating batch 20
training epoch 7 batch id20 done = 79.523811[%]

testing on testing
testing on training
testing error_average_euclidean 0.210326
testing error_std 0.136676
====================================================================================================




creating batch 0
training epoch 8 batch id0 done = 80.000000[%]

testing on testing
testing on training
testing error_average_euclidean 0.204637
testing error_std 0.133701
====================================================================================================




creating batch 1
training epoch 8 batch id1 done = 80.476189[%]

testing on testing
testing on training
testing error_average_euclidean 0.207089
testing error_std 0.135218
====================================================================================================




creating batch 2
training epoch 8 batch id2 done = 80.952377[%]

testing on testing
testing on training
testing error_average_euclidean 0.207340
testing error_std 0.135778
====================================================================================================




creating batch 3
training epoch 8 batch id3 done = 81.428574[%]

testing on testing
testing on training
testing error_average_euclidean 0.206104
testing error_std 0.134560
====================================================================================================




creating batch 4
training epoch 8 batch id4 done = 81.904762[%]

testing on testing
testing on training
testing error_average_euclidean 0.205589
testing error_std 0.134346
====================================================================================================




creating batch 5
training epoch 8 batch id5 done = 82.380951[%]

testing on testing
testing on training
testing error_average_euclidean 0.207605
testing error_std 0.135418
====================================================================================================




creating batch 6
training epoch 8 batch id6 done = 82.857140[%]

testing on testing
testing on training
testing error_average_euclidean 0.204409
testing error_std 0.133317
====================================================================================================




creating batch 7
training epoch 8 batch id7 done = 83.333336[%]

testing on testing
testing on training
testing error_average_euclidean 0.209025
testing error_std 0.136180
====================================================================================================




creating batch 8
training epoch 8 batch id8 done = 83.809525[%]

testing on testing
testing on training
testing error_average_euclidean 0.207367
testing error_std 0.134372
====================================================================================================




creating batch 9
training epoch 8 batch id9 done = 84.285713[%]

testing on testing
testing on training
testing error_average_euclidean 0.208070
testing error_std 0.135452
====================================================================================================




creating batch 10
training epoch 8 batch id10 done = 84.761902[%]

testing on testing
testing on training
testing error_average_euclidean 0.208223
testing error_std 0.135784
====================================================================================================




creating batch 11
training epoch 8 batch id11 done = 85.238098[%]

testing on testing
testing on training
testing error_average_euclidean 0.202985
testing error_std 0.132452
saving new best net with result = 0.202985
====================================================================================================




creating batch 12
training epoch 8 batch id12 done = 85.714287[%]

testing on testing
testing on training
testing error_average_euclidean 0.207345
testing error_std 0.135101
====================================================================================================




creating batch 13
training epoch 8 batch id13 done = 86.190475[%]

testing on testing
testing on training
testing error_average_euclidean 0.205208
testing error_std 0.134139
====================================================================================================




creating batch 14
training epoch 8 batch id14 done = 86.666664[%]

testing on testing
testing on training
testing error_average_euclidean 0.205636
testing error_std 0.133795
====================================================================================================




creating batch 15
training epoch 8 batch id15 done = 87.142860[%]

testing on testing
testing on training
testing error_average_euclidean 0.207368
testing error_std 0.135146
====================================================================================================




creating batch 16
training epoch 8 batch id16 done = 87.619049[%]

testing on testing
testing on training
testing error_average_euclidean 0.208567
testing error_std 0.135471
====================================================================================================




creating batch 17
training epoch 8 batch id17 done = 88.095238[%]

testing on testing
testing on training
testing error_average_euclidean 0.206610
testing error_std 0.134962
====================================================================================================




creating batch 18
training epoch 8 batch id18 done = 88.571426[%]

testing on testing
testing on training
testing error_average_euclidean 0.206349
testing error_std 0.134874
====================================================================================================




creating batch 19
training epoch 8 batch id19 done = 89.047623[%]

testing on testing
testing on training
testing error_average_euclidean 0.211802
testing error_std 0.137683
====================================================================================================




creating batch 20
training epoch 8 batch id20 done = 89.523811[%]

testing on testing
testing on training
testing error_average_euclidean 0.208670
testing error_std 0.135930
====================================================================================================




creating batch 0
training epoch 9 batch id0 done = 90.000000[%]

testing on testing
testing on training
testing error_average_euclidean 0.207309
testing error_std 0.135479
====================================================================================================




creating batch 1
training epoch 9 batch id1 done = 90.476189[%]

testing on testing
testing on training
testing error_average_euclidean 0.206533
testing error_std 0.134145
====================================================================================================




creating batch 2
training epoch 9 batch id2 done = 90.952377[%]

testing on testing
testing on training
testing error_average_euclidean 0.205084
testing error_std 0.133900
====================================================================================================




creating batch 3
training epoch 9 batch id3 done = 91.428574[%]

testing on testing
testing on training
testing error_average_euclidean 0.207997
testing error_std 0.135548
====================================================================================================




creating batch 4
training epoch 9 batch id4 done = 91.904762[%]

testing on testing
testing on training
testing error_average_euclidean 0.207275
testing error_std 0.135436
====================================================================================================




creating batch 5
training epoch 9 batch id5 done = 92.380951[%]

testing on testing
testing on training
testing error_average_euclidean 0.207360
testing error_std 0.135080
====================================================================================================




creating batch 6
training epoch 9 batch id6 done = 92.857140[%]

testing on testing
testing on training
testing error_average_euclidean 0.205111
testing error_std 0.134091
====================================================================================================




creating batch 7
training epoch 9 batch id7 done = 93.333336[%]

testing on testing
testing on training
testing error_average_euclidean 0.210365
testing error_std 0.136769
====================================================================================================




creating batch 8
training epoch 9 batch id8 done = 93.809525[%]

testing on testing
testing on training
testing error_average_euclidean 0.204883
testing error_std 0.133743
====================================================================================================




creating batch 9
training epoch 9 batch id9 done = 94.285713[%]

testing on testing
testing on training
testing error_average_euclidean 0.207908
testing error_std 0.135462
====================================================================================================




creating batch 10
training epoch 9 batch id10 done = 94.761902[%]

testing on testing
testing on training
testing error_average_euclidean 0.206460
testing error_std 0.134841
====================================================================================================




creating batch 11
training epoch 9 batch id11 done = 95.238098[%]

testing on testing
testing on training
testing error_average_euclidean 0.206694
testing error_std 0.134365
====================================================================================================




creating batch 12
training epoch 9 batch id12 done = 95.714287[%]

testing on testing
testing on training
testing error_average_euclidean 0.207591
testing error_std 0.135324
====================================================================================================




creating batch 13
training epoch 9 batch id13 done = 96.190475[%]

testing on testing
testing on training
testing error_average_euclidean 0.208190
testing error_std 0.136140
====================================================================================================




creating batch 14
training epoch 9 batch id14 done = 96.666664[%]

testing on testing
testing on training
testing error_average_euclidean 0.204931
testing error_std 0.134128
====================================================================================================




creating batch 15
training epoch 9 batch id15 done = 97.142860[%]

testing on testing
testing on training
testing error_average_euclidean 0.206308
testing error_std 0.134465
====================================================================================================




creating batch 16
training epoch 9 batch id16 done = 97.619049[%]

testing on testing
testing on training
testing error_average_euclidean 0.204161
testing error_std 0.133564
====================================================================================================




creating batch 17
training epoch 9 batch id17 done = 98.095238[%]

testing on testing
testing on training
testing error_average_euclidean 0.207109
testing error_std 0.135119
====================================================================================================




creating batch 18
training epoch 9 batch id18 done = 98.571426[%]

testing on testing
testing on training
testing error_average_euclidean 0.204795
testing error_std 0.133364
====================================================================================================




creating batch 19
training epoch 9 batch id19 done = 99.047623[%]

testing on testing
testing on training
testing error_average_euclidean 0.205508
testing error_std 0.133363
====================================================================================================




creating batch 20
training epoch 9 batch id20 done = 99.523811[%]

testing on testing
testing on training
testing error_average_euclidean 0.209269
testing error_std 0.136403
====================================================================================================




training done
