0 0 0.000000 0.233810 0.136572 0.238263 0.137736
0 1 0.476190 0.209188 0.136150 0.205844 0.134091
0 2 0.952381 0.206227 0.134371 0.208075 0.135646
0 3 1.428571 0.206608 0.134747 0.207323 0.135198
0 4 1.904762 0.204231 0.133304 0.205746 0.134362
0 5 2.380952 0.205407 0.133778 0.206056 0.134152
0 6 2.857143 0.206416 0.134466 0.208400 0.135314
0 7 3.333333 0.207915 0.135193 0.209544 0.136259
0 8 3.809524 0.208956 0.136403 0.208219 0.135125
0 9 4.285714 0.206618 0.134666 0.207586 0.136281
0 10 4.761905 0.207499 0.135524 0.207449 0.135171
0 11 5.238095 0.207813 0.135803 0.208166 0.135946
0 12 5.714286 0.208721 0.135946 0.204329 0.134027
0 13 6.190476 0.207074 0.134612 0.204811 0.132856
0 14 6.666667 0.207163 0.135205 0.206088 0.134759
0 15 7.142857 0.207240 0.135220 0.208177 0.135643
0 16 7.619048 0.206278 0.134629 0.207480 0.135224
0 17 8.095238 0.209940 0.136251 0.206963 0.134615
0 18 8.571428 0.207507 0.134819 0.207566 0.134852
0 19 9.047619 0.209276 0.136650 0.206206 0.134412
0 20 9.523809 0.206648 0.134855 0.208474 0.136096
1 0 10.000000 0.208553 0.135774 0.204977 0.134398
1 1 10.476191 0.205172 0.133462 0.210822 0.137461
1 2 10.952381 0.204717 0.133675 0.205909 0.134493
1 3 11.428572 0.204054 0.132904 0.208908 0.136067
1 4 11.904762 0.206495 0.134381 0.207871 0.134804
1 5 12.380953 0.206969 0.134843 0.207582 0.135317
1 6 12.857142 0.207008 0.134399 0.210343 0.136813
1 7 13.333333 0.205544 0.134317 0.204938 0.133892
1 8 13.809524 0.209483 0.136577 0.208320 0.135669
1 9 14.285714 0.206196 0.134703 0.206350 0.134434
1 10 14.761905 0.207319 0.135296 0.206674 0.134744
1 11 15.238095 0.207601 0.135433 0.210458 0.136813
1 12 15.714286 0.204774 0.133636 0.209488 0.136497
1 13 16.190475 0.205408 0.133760 0.209043 0.135893
1 14 16.666666 0.204755 0.133159 0.207847 0.135808
1 15 17.142857 0.208250 0.135606 0.207585 0.135737
1 16 17.619047 0.208954 0.136100 0.208513 0.136515
1 17 18.095238 0.206998 0.135064 0.206190 0.134268
1 18 18.571428 0.207510 0.135803 0.206221 0.134062
1 19 19.047619 0.205804 0.134530 0.207310 0.135797
1 20 19.523809 0.208325 0.135762 0.210045 0.136928
2 0 20.000000 0.207390 0.135144 0.207135 0.134863
2 1 20.476191 0.203565 0.133252 0.210942 0.137705
2 2 20.952381 0.207925 0.135181 0.208132 0.135677
2 3 21.428572 0.205257 0.133390 0.206622 0.134424
2 4 21.904762 0.206245 0.134197 0.204889 0.133654
2 5 22.380953 0.206822 0.135090 0.204701 0.133746
2 6 22.857143 0.207211 0.134870 0.207818 0.135148
2 7 23.333334 0.210427 0.137253 0.204887 0.134127
2 8 23.809525 0.206840 0.135086 0.206952 0.135198
2 9 24.285715 0.206955 0.135078 0.205184 0.134014
2 10 24.761906 0.207310 0.134674 0.206478 0.134457
2 11 25.238094 0.208136 0.135728 0.206325 0.134000
2 12 25.714285 0.205570 0.133734 0.209068 0.136173
2 13 26.190475 0.205547 0.134147 0.209017 0.136084
2 14 26.666666 0.205304 0.134147 0.205801 0.134524
2 15 27.142857 0.204953 0.133635 0.207362 0.134996
2 16 27.619047 0.207402 0.135491 0.206954 0.135249
2 17 28.095238 0.205828 0.133997 0.204483 0.133289
2 18 28.571428 0.207058 0.135228 0.208398 0.135239
2 19 29.047619 0.208229 0.135640 0.207779 0.135564
2 20 29.523809 0.204058 0.133351 0.207574 0.135025
3 0 30.000000 0.206399 0.134857 0.206963 0.134678
3 1 30.476191 0.207316 0.134550 0.208200 0.135732
3 2 30.952381 0.208711 0.135684 0.207091 0.134860
3 3 31.428572 0.206444 0.134465 0.208151 0.135646
3 4 31.904762 0.209489 0.136508 0.206804 0.135039
3 5 32.380951 0.206695 0.135139 0.208558 0.135758
3 6 32.857143 0.207116 0.134729 0.206419 0.134109
3 7 33.333332 0.207312 0.135240 0.206159 0.134506
3 8 33.809525 0.204572 0.133350 0.208034 0.135708
3 9 34.285713 0.205383 0.133827 0.207800 0.135604
3 10 34.761906 0.205904 0.134332 0.205367 0.133812
3 11 35.238094 0.209855 0.136115 0.208999 0.135631
3 12 35.714287 0.205727 0.133933 0.205867 0.134316
3 13 36.190475 0.206499 0.134990 0.205943 0.133859
3 14 36.666668 0.206876 0.134915 0.209073 0.136055
3 15 37.142857 0.205347 0.134168 0.209931 0.136662
3 16 37.619049 0.209069 0.136688 0.205639 0.134148
3 17 38.095238 0.208013 0.135678 0.208493 0.135674
3 18 38.571430 0.205276 0.134072 0.205510 0.134372
3 19 39.047619 0.205910 0.133740 0.206503 0.134188
3 20 39.523811 0.206697 0.134397 0.210265 0.137087
4 0 40.000000 0.204371 0.133395 0.208857 0.135941
4 1 40.476189 0.209287 0.136481 0.207588 0.135549
4 2 40.952381 0.206271 0.134522 0.208074 0.135445
4 3 41.428570 0.206337 0.134274 0.206346 0.134698
4 4 41.904762 0.207318 0.134929 0.207709 0.135515
4 5 42.380951 0.207225 0.134996 0.206547 0.134749
4 6 42.857143 0.208139 0.135369 0.207417 0.135231
4 7 43.333332 0.206634 0.134762 0.205547 0.134079
4 8 43.809525 0.207770 0.135387 0.204165 0.132932
4 9 44.285713 0.207080 0.134663 0.205269 0.133830
4 10 44.761906 0.205501 0.133796 0.206698 0.134968
4 11 45.238094 0.205128 0.134057 0.206413 0.134956
4 12 45.714287 0.208957 0.136176 0.207522 0.135334
4 13 46.190475 0.205308 0.133325 0.208329 0.135839
4 14 46.666668 0.204284 0.133079 0.208876 0.135917
4 15 47.142857 0.204252 0.133161 0.206911 0.134978
4 16 47.619049 0.206912 0.134994 0.207321 0.134869
4 17 48.095238 0.207644 0.134927 0.205210 0.133736
4 18 48.571430 0.205778 0.134472 0.206681 0.134270
4 19 49.047619 0.207307 0.135208 0.203574 0.132575
4 20 49.523811 0.204831 0.133358 0.203457 0.132818
5 0 50.000000 0.208810 0.135764 0.207578 0.135350
5 1 50.476189 0.207662 0.135082 0.206929 0.134771
5 2 50.952381 0.209054 0.136727 0.208354 0.135400
5 3 51.428570 0.208515 0.135731 0.205455 0.133978
5 4 51.904762 0.208990 0.136431 0.206935 0.134983
5 5 52.380951 0.205526 0.134574 0.207543 0.135162
5 6 52.857143 0.208644 0.136004 0.208520 0.135480
5 7 53.333332 0.207405 0.134941 0.206721 0.134581
5 8 53.809525 0.206821 0.134761 0.208697 0.136003
5 9 54.285713 0.205389 0.134366 0.205082 0.133576
5 10 54.761906 0.203551 0.132789 0.208197 0.135209
5 11 55.238094 0.208861 0.135747 0.208994 0.135970
5 12 55.714287 0.206780 0.135058 0.208381 0.136420
5 13 56.190475 0.207059 0.134753 0.207833 0.134943
5 14 56.666668 0.204803 0.133520 0.207274 0.135466
5 15 57.142857 0.208757 0.135467 0.210655 0.136872
5 16 57.619049 0.206102 0.134396 0.207459 0.134852
5 17 58.095238 0.207479 0.135169 0.207891 0.135470
5 18 58.571430 0.208494 0.136237 0.204864 0.133314
5 19 59.047619 0.208825 0.135882 0.209849 0.136549
5 20 59.523811 0.205383 0.134144 0.210209 0.136881
6 0 60.000000 0.208209 0.135560 0.205697 0.134539
6 1 60.476189 0.204258 0.132940 0.207310 0.134947
6 2 60.952381 0.207102 0.135303 0.210148 0.136579
6 3 61.428570 0.208897 0.135702 0.206811 0.135222
6 4 61.904762 0.205193 0.133949 0.207787 0.135747
6 5 62.380951 0.206718 0.134661 0.208875 0.136073
6 6 62.857143 0.207646 0.135756 0.205536 0.134164
6 7 63.333332 0.208357 0.135297 0.206773 0.134826
6 8 63.809525 0.208824 0.136327 0.205826 0.134049
6 9 64.285713 0.206961 0.134887 0.207493 0.135473
6 10 64.761902 0.206640 0.134723 0.206700 0.134642
6 11 65.238098 0.208573 0.135611 0.207443 0.135049
6 12 65.714287 0.208622 0.136206 0.210421 0.137442
6 13 66.190475 0.207544 0.135529 0.207297 0.135302
6 14 66.666664 0.206140 0.134431 0.206123 0.134471
6 15 67.142860 0.208607 0.135686 0.207837 0.135548
6 16 67.619049 0.205720 0.134177 0.207867 0.135466
6 17 68.095238 0.209800 0.136464 0.207201 0.135343
6 18 68.571426 0.205224 0.134800 0.208985 0.136068
6 19 69.047623 0.208572 0.136016 0.208929 0.136411
6 20 69.523811 0.209946 0.136574 0.208402 0.135866
7 0 70.000000 0.206365 0.134661 0.206804 0.134861
7 1 70.476189 0.204967 0.133820 0.207966 0.135764
7 2 70.952377 0.207509 0.135499 0.207862 0.135966
7 3 71.428574 0.207125 0.135037 0.208916 0.135559
7 4 71.904762 0.206930 0.135097 0.208890 0.136039
7 5 72.380951 0.206706 0.134372 0.207976 0.135569
7 6 72.857140 0.211842 0.138371 0.208470 0.135613
7 7 73.333336 0.208794 0.136508 0.207070 0.134356
7 8 73.809525 0.207160 0.134820 0.206822 0.135232
7 9 74.285713 0.204849 0.133598 0.208739 0.136390
7 10 74.761902 0.206768 0.134974 0.205943 0.134794
7 11 75.238098 0.210017 0.136994 0.207683 0.135785
7 12 75.714287 0.205560 0.134627 0.202965 0.132520
7 13 76.190475 0.205090 0.134043 0.208092 0.136138
7 14 76.666664 0.208035 0.135129 0.207023 0.135081
7 15 77.142860 0.208065 0.135711 0.207020 0.135380
7 16 77.619049 0.206368 0.135121 0.206801 0.134605
7 17 78.095238 0.207543 0.135101 0.209532 0.136367
7 18 78.571426 0.206117 0.133935 0.209607 0.136419
7 19 79.047623 0.207718 0.134665 0.208543 0.135735
7 20 79.523811 0.210326 0.136676 0.206377 0.134391
8 0 80.000000 0.204637 0.133701 0.206768 0.135417
8 1 80.476189 0.207089 0.135218 0.205934 0.133882
8 2 80.952377 0.207340 0.135778 0.205309 0.133999
8 3 81.428574 0.206104 0.134560 0.205737 0.133969
8 4 81.904762 0.205589 0.134346 0.207869 0.135656
8 5 82.380951 0.207605 0.135418 0.207896 0.135558
8 6 82.857140 0.204409 0.133317 0.206668 0.134613
8 7 83.333336 0.209025 0.136180 0.208334 0.135927
8 8 83.809525 0.207367 0.134372 0.208754 0.135559
8 9 84.285713 0.208070 0.135452 0.205893 0.134047
8 10 84.761902 0.208223 0.135784 0.205901 0.134985
8 11 85.238098 0.202985 0.132452 0.208315 0.136173
8 12 85.714287 0.207345 0.135101 0.206157 0.134288
8 13 86.190475 0.205208 0.134139 0.204897 0.133397
8 14 86.666664 0.205636 0.133795 0.209338 0.136089
8 15 87.142860 0.207368 0.135146 0.209127 0.136154
8 16 87.619049 0.208567 0.135471 0.209728 0.136268
8 17 88.095238 0.206610 0.134962 0.205995 0.134462
8 18 88.571426 0.206349 0.134874 0.210402 0.136709
8 19 89.047623 0.211802 0.137683 0.207424 0.134667
8 20 89.523811 0.208670 0.135930 0.208362 0.135863
9 0 90.000000 0.207309 0.135479 0.207651 0.135551
9 1 90.476189 0.206533 0.134145 0.203652 0.132910
9 2 90.952377 0.205084 0.133900 0.206087 0.134797
9 3 91.428574 0.207997 0.135548 0.206462 0.134891
9 4 91.904762 0.207275 0.135436 0.206099 0.134957
9 5 92.380951 0.207360 0.135080 0.206584 0.134272
9 6 92.857140 0.205111 0.134091 0.206501 0.135168
9 7 93.333336 0.210365 0.136769 0.209153 0.135898
9 8 93.809525 0.204883 0.133743 0.207605 0.134516
9 9 94.285713 0.207908 0.135462 0.204452 0.133441
9 10 94.761902 0.206460 0.134841 0.208552 0.136290
9 11 95.238098 0.206694 0.134365 0.209457 0.136285
9 12 95.714287 0.207591 0.135324 0.205535 0.133930
9 13 96.190475 0.208190 0.136140 0.208761 0.136046
9 14 96.666664 0.204931 0.134128 0.208613 0.136018
9 15 97.142860 0.206308 0.134465 0.206242 0.134387
9 16 97.619049 0.204161 0.133564 0.205546 0.134283
9 17 98.095238 0.207109 0.135119 0.206638 0.134894
9 18 98.571426 0.204795 0.133364 0.205128 0.133854
9 19 99.047623 0.205508 0.133363 0.206454 0.134147
9 20 99.523811 0.209269 0.136403 0.207989 0.135871
