0 0 0.000000 0.206808 0.134429 0.204894 0.133412
0 1 0.476190 0.199098 0.130202 0.198591 0.129673
0 2 0.952381 0.197502 0.130221 0.197083 0.129550
0 3 1.428571 0.195437 0.128583 0.194673 0.128384
0 4 1.904762 0.194361 0.127739 0.194355 0.127384
0 5 2.380952 0.194613 0.127336 0.197963 0.129743
0 6 2.857143 0.194906 0.127894 0.196929 0.129394
0 7 3.333333 0.193180 0.126559 0.194970 0.128099
0 8 3.809524 0.197888 0.128108 0.197456 0.127724
0 9 4.285714 0.191872 0.126185 0.189877 0.124739
0 10 4.761905 0.187133 0.123883 0.191202 0.126362
0 11 5.238095 0.192367 0.125951 0.191165 0.125081
0 12 5.714286 0.189738 0.124151 0.190395 0.124651
0 13 6.190476 0.188691 0.123073 0.191594 0.125223
0 14 6.666667 0.187456 0.123154 0.188357 0.123134
0 15 7.142857 0.188538 0.123741 0.188382 0.123517
0 16 7.619048 0.187970 0.123735 0.184547 0.121951
0 17 8.095238 0.186295 0.122821 0.184291 0.121378
0 18 8.571428 0.181486 0.118820 0.186140 0.121703
0 19 9.047619 0.183747 0.120575 0.181659 0.119643
0 20 9.523809 0.181497 0.119843 0.182769 0.120064
1 0 10.000000 0.180492 0.119257 0.180982 0.119568
1 1 10.476191 0.182455 0.119799 0.183139 0.119875
1 2 10.952381 0.180686 0.118989 0.181548 0.119801
1 3 11.428572 0.179024 0.117498 0.180846 0.118977
1 4 11.904762 0.177440 0.116769 0.180029 0.117765
1 5 12.380953 0.179138 0.117535 0.178262 0.116926
1 6 12.857142 0.177171 0.117089 0.179819 0.117952
1 7 13.333333 0.177056 0.116090 0.177807 0.117083
1 8 13.809524 0.176945 0.116095 0.175880 0.115777
1 9 14.285714 0.177808 0.116434 0.176298 0.115917
1 10 14.761905 0.174473 0.114576 0.177864 0.116495
1 11 15.238095 0.176204 0.115690 0.175115 0.115174
1 12 15.714286 0.173580 0.114672 0.175599 0.115474
1 13 16.190475 0.174739 0.114772 0.173577 0.114326
1 14 16.666666 0.174286 0.114276 0.171789 0.112964
1 15 17.142857 0.172348 0.113880 0.170924 0.112929
1 16 17.619047 0.170623 0.112346 0.171766 0.113065
1 17 18.095238 0.172256 0.113511 0.171216 0.112305
1 18 18.571428 0.167674 0.111036 0.171580 0.113621
1 19 19.047619 0.168934 0.111220 0.167442 0.110336
1 20 19.523809 0.170171 0.112429 0.168059 0.110992
2 0 20.000000 0.168888 0.111604 0.164763 0.109006
2 1 20.476191 0.164582 0.109006 0.164381 0.108758
2 2 20.952381 0.163900 0.108689 0.166406 0.110646
2 3 21.428572 0.163042 0.108422 0.162741 0.107754
2 4 21.904762 0.161451 0.106976 0.164517 0.109334
2 5 22.380953 0.161032 0.107495 0.163011 0.108428
2 6 22.857143 0.158832 0.105880 0.161099 0.107694
2 7 23.333334 0.161412 0.107133 0.161769 0.107398
2 8 23.809525 0.159472 0.106178 0.160052 0.106381
2 9 24.285715 0.159972 0.106210 0.157338 0.104545
2 10 24.761906 0.158644 0.105448 0.158387 0.105391
2 11 25.238094 0.156902 0.104612 0.155694 0.104126
2 12 25.714285 0.154234 0.103620 0.155627 0.104338
2 13 26.190475 0.153111 0.102340 0.153392 0.102555
2 14 26.666666 0.151355 0.101868 0.154678 0.103012
2 15 27.142857 0.150336 0.100436 0.150020 0.099968
2 16 27.619047 0.153569 0.102192 0.151812 0.101225
2 17 28.095238 0.150286 0.099958 0.151374 0.100255
2 18 28.571428 0.148392 0.098698 0.147651 0.098454
2 19 29.047619 0.147107 0.098463 0.148358 0.099126
2 20 29.523809 0.145857 0.098129 0.146607 0.098450
3 0 30.000000 0.149251 0.099058 0.147933 0.098347
3 1 30.476191 0.146718 0.097532 0.145536 0.096477
3 2 30.952381 0.148564 0.098598 0.146299 0.097325
3 3 31.428572 0.143976 0.096192 0.140370 0.093600
3 4 31.904762 0.144734 0.094981 0.145038 0.095526
3 5 32.380951 0.141107 0.092919 0.144733 0.095988
3 6 32.857143 0.141152 0.094439 0.136989 0.091845
3 7 33.333332 0.138141 0.092578 0.138886 0.092879
3 8 33.809525 0.139074 0.093076 0.137491 0.092570
3 9 34.285713 0.139527 0.092799 0.137691 0.091154
3 10 34.761906 0.137052 0.092233 0.137490 0.092312
3 11 35.238094 0.134486 0.089649 0.136226 0.090645
3 12 35.714287 0.132200 0.088512 0.133693 0.089684
3 13 36.190475 0.133135 0.088861 0.131909 0.087528
3 14 36.666668 0.133806 0.088580 0.132813 0.087589
3 15 37.142857 0.133661 0.089438 0.132177 0.087968
3 16 37.619049 0.132949 0.089103 0.130156 0.087166
3 17 38.095238 0.132687 0.088708 0.131603 0.087750
3 18 38.571430 0.129487 0.086168 0.130488 0.087370
3 19 39.047619 0.129659 0.086738 0.129110 0.086209
3 20 39.523811 0.129316 0.086390 0.128373 0.085897
4 0 40.000000 0.129221 0.085989 0.128353 0.085656
4 1 40.476189 0.129722 0.085794 0.128417 0.085292
4 2 40.952381 0.127519 0.084382 0.127957 0.084679
4 3 41.428570 0.128307 0.085049 0.125599 0.083570
4 4 41.904762 0.125681 0.082883 0.126394 0.083354
4 5 42.380951 0.129309 0.084842 0.129117 0.084979
4 6 42.857143 0.123001 0.082233 0.124891 0.083635
4 7 43.333332 0.125688 0.083747 0.127383 0.084638
4 8 43.809525 0.124222 0.083127 0.125029 0.083509
4 9 44.285713 0.125578 0.082749 0.123240 0.081393
4 10 44.761906 0.125954 0.082908 0.126254 0.082982
4 11 45.238094 0.123113 0.081484 0.123055 0.081939
4 12 45.714287 0.124197 0.081634 0.122976 0.081179
4 13 46.190475 0.121858 0.080907 0.121102 0.080591
4 14 46.666668 0.123549 0.081670 0.123702 0.081952
4 15 47.142857 0.121147 0.080007 0.119974 0.079533
4 16 47.619049 0.121101 0.080240 0.122273 0.081722
4 17 48.095238 0.120754 0.079761 0.121983 0.081314
4 18 48.571430 0.120571 0.080080 0.118875 0.078971
4 19 49.047619 0.120900 0.080709 0.118734 0.078994
4 20 49.523811 0.117333 0.077244 0.120419 0.079521
5 0 50.000000 0.118586 0.078648 0.118643 0.078062
5 1 50.476189 0.117310 0.077637 0.118941 0.079210
5 2 50.952381 0.116646 0.077299 0.117028 0.077662
5 3 51.428570 0.118125 0.077213 0.119359 0.078514
5 4 51.904762 0.115213 0.077045 0.116826 0.077478
5 5 52.380951 0.118796 0.078709 0.117611 0.077458
5 6 52.857143 0.115695 0.076859 0.115675 0.076453
5 7 53.333332 0.117260 0.078269 0.117092 0.077904
5 8 53.809525 0.117356 0.076962 0.117198 0.076859
5 9 54.285713 0.115848 0.076598 0.116706 0.077129
5 10 54.761906 0.115749 0.077127 0.116019 0.077437
5 11 55.238094 0.114384 0.076154 0.113503 0.074987
5 12 55.714287 0.112733 0.075005 0.112803 0.075373
5 13 56.190475 0.114526 0.074978 0.116212 0.075885
5 14 56.666668 0.113779 0.074427 0.116635 0.075961
5 15 57.142857 0.114197 0.075727 0.111854 0.074379
5 16 57.619049 0.111802 0.073893 0.111575 0.074051
5 17 58.095238 0.110511 0.073738 0.112702 0.075224
5 18 58.571430 0.111870 0.073983 0.111565 0.073454
5 19 59.047619 0.112773 0.075044 0.110776 0.073967
5 20 59.523811 0.112174 0.074471 0.111764 0.073927
6 0 60.000000 0.110642 0.073210 0.110173 0.073230
6 1 60.476189 0.112080 0.073857 0.112258 0.073953
6 2 60.952381 0.111077 0.073524 0.110376 0.073206
6 3 61.428570 0.107676 0.071359 0.107785 0.071298
6 4 61.904762 0.108173 0.071227 0.111169 0.073216
6 5 62.380951 0.107029 0.070813 0.108721 0.072224
6 6 62.857143 0.107469 0.071322 0.108700 0.071638
6 7 63.333332 0.107237 0.071021 0.109673 0.073229
6 8 63.809525 0.108283 0.071794 0.106605 0.070291
6 9 64.285713 0.109359 0.072579 0.107921 0.070886
6 10 64.761902 0.108626 0.071940 0.108644 0.071737
6 11 65.238098 0.108549 0.072188 0.110496 0.073361
6 12 65.714287 0.108470 0.072074 0.107573 0.071301
6 13 66.190475 0.106533 0.070434 0.105727 0.070478
6 14 66.666664 0.107593 0.070979 0.107755 0.071254
6 15 67.142860 0.107190 0.070711 0.107268 0.070992
6 16 67.619049 0.105224 0.070050 0.105208 0.069877
6 17 68.095238 0.105642 0.069932 0.103901 0.068665
6 18 68.571426 0.106830 0.070675 0.106564 0.070814
6 19 69.047623 0.105754 0.070330 0.105645 0.069913
6 20 69.523811 0.102418 0.067793 0.104015 0.069715
7 0 70.000000 0.105364 0.070372 0.103170 0.068710
7 1 70.476189 0.105201 0.069963 0.103612 0.069094
7 2 70.952377 0.102998 0.068487 0.103357 0.068553
7 3 71.428574 0.104677 0.069417 0.105117 0.069798
7 4 71.904762 0.103525 0.068831 0.102863 0.068441
7 5 72.380951 0.103581 0.068869 0.102566 0.067931
7 6 72.857140 0.102460 0.068053 0.103092 0.068428
7 7 73.333336 0.102488 0.068107 0.102699 0.067643
7 8 73.809525 0.102658 0.068118 0.102024 0.067717
7 9 74.285713 0.105275 0.069462 0.103362 0.068541
7 10 74.761902 0.103429 0.068364 0.104590 0.069352
7 11 75.238098 0.102984 0.068391 0.103131 0.068289
7 12 75.714287 0.103216 0.068226 0.103269 0.068596
7 13 76.190475 0.103177 0.068770 0.102266 0.068181
7 14 76.666664 0.105070 0.068754 0.103952 0.068058
7 15 77.142860 0.101743 0.067910 0.101688 0.067301
7 16 77.619049 0.103539 0.068750 0.099476 0.065846
7 17 78.095238 0.103033 0.068356 0.100933 0.066710
7 18 78.571426 0.101567 0.066978 0.101205 0.067192
7 19 79.047623 0.103802 0.066814 0.104687 0.067329
7 20 79.523811 0.102249 0.067251 0.101312 0.066569
8 0 80.000000 0.100565 0.066541 0.101143 0.067039
8 1 80.476189 0.098565 0.065255 0.101471 0.067261
8 2 80.952377 0.101720 0.067266 0.099311 0.065965
8 3 81.428574 0.101026 0.067059 0.102168 0.067568
8 4 81.904762 0.099801 0.066474 0.098840 0.065393
8 5 82.380951 0.099940 0.066079 0.098972 0.065665
8 6 82.857140 0.101511 0.066457 0.102301 0.067116
8 7 83.333336 0.099752 0.065987 0.098279 0.065033
8 8 83.809525 0.097987 0.065213 0.097086 0.064376
8 9 84.285713 0.096624 0.064396 0.098650 0.065581
8 10 84.761902 0.097179 0.064455 0.098791 0.065690
8 11 85.238098 0.096380 0.063754 0.098232 0.065331
8 12 85.714287 0.099493 0.065203 0.096831 0.063576
8 13 86.190475 0.095584 0.063717 0.095566 0.063843
8 14 86.666664 0.096395 0.063882 0.097172 0.064122
8 15 87.142860 0.098973 0.065685 0.098565 0.065577
8 16 87.619049 0.096371 0.064071 0.096789 0.063921
8 17 88.095238 0.095945 0.063564 0.097254 0.064470
8 18 88.571426 0.097241 0.064197 0.096676 0.063989
8 19 89.047623 0.095750 0.063225 0.096165 0.063598
8 20 89.523811 0.097353 0.064689 0.096782 0.064269
9 0 90.000000 0.096282 0.063286 0.095913 0.063009
9 1 90.476189 0.094190 0.062660 0.094603 0.063093
9 2 90.952377 0.095481 0.063441 0.094738 0.062434
9 3 91.428574 0.094520 0.062502 0.096487 0.064012
9 4 91.904762 0.095985 0.063487 0.095941 0.063531
9 5 92.380951 0.095085 0.063336 0.096228 0.064443
9 6 92.857140 0.094462 0.062752 0.093546 0.062053
9 7 93.333336 0.095625 0.063317 0.095525 0.063189
9 8 93.809525 0.094330 0.062492 0.095408 0.063472
9 9 94.285713 0.096572 0.063724 0.093672 0.061895
9 10 94.761902 0.094871 0.063005 0.094767 0.062752
9 11 95.238098 0.093290 0.062470 0.093234 0.062089
9 12 95.714287 0.094537 0.062201 0.093893 0.062006
9 13 96.190475 0.095846 0.063175 0.094698 0.062691
9 14 96.666664 0.092433 0.061547 0.095053 0.063265
9 15 97.142860 0.090470 0.060357 0.092816 0.061968
9 16 97.619049 0.093966 0.062289 0.094843 0.062729
9 17 98.095238 0.093172 0.062014 0.094999 0.063172
9 18 98.571426 0.093410 0.061951 0.095075 0.063136
9 19 99.047623 0.092632 0.061506 0.094080 0.062403
9 20 99.523811 0.092947 0.062030 0.092403 0.061384
