regression experiment start

training_items_count 86900
testing_items_count  5000
epoch_count          10
batch_size           4096
batches_per_epoch    21
input_shape  [32 16 80]
output_shape [1 1 3]
network_config_file  networks/disc32x16x10/noise_5_0/net_6_single/network_config.json
====================================================================================================




initialising batch with size 4096  required memory 671.137817[MB]
batch init done


initialising network from file networks/disc32x16x10/noise_5_0/net_6_single/network_config.json
network init done
network init result : 
DENSE CONV	[32 16 80]	[3 3 8]	[32 16 88]	[5768 2949120]	
RELU		[32 16 88]	[32 16 88]	[0 90112]	
DENSE CONV	[32 16 88]	[3 3 8]	[32 16 96]	[6344 3244032]	
RELU		[32 16 96]	[32 16 96]	[0 98304]	
DENSE CONV	[32 16 96]	[3 3 8]	[32 16 104]	[6920 3538944]	
RELU		[32 16 104]	[32 16 104]	[0 106496]	
DENSE CONV	[32 16 104]	[3 3 8]	[32 16 112]	[7496 3833856]	
RELU		[32 16 112]	[32 16 112]	[0 114688]	
CONVOLUTION	[32 16 112]	[1 1 16]	[32 16 16]	[1808 917504]	
RELU		[32 16 16]	[32 16 16]	[0 16384]	
DENSE CONV	[32 16 16]	[3 3 8]	[32 16 24]	[1160 589824]	
RELU		[32 16 24]	[32 16 24]	[0 24576]	
DENSE CONV	[32 16 24]	[3 3 8]	[32 16 32]	[1736 884736]	
RELU		[32 16 32]	[32 16 32]	[0 32768]	
DENSE CONV	[32 16 32]	[3 3 8]	[32 16 40]	[2312 1179648]	
RELU		[32 16 40]	[32 16 40]	[0 40960]	
DENSE CONV	[32 16 40]	[3 3 8]	[32 16 48]	[2888 1474560]	
RELU		[32 16 48]	[32 16 48]	[0 49152]	
CONVOLUTION	[32 16 48]	[1 1 16]	[32 16 16]	[784 393216]	
RELU		[32 16 16]	[32 16 16]	[0 16384]	
DENSE CONV	[32 16 16]	[3 3 8]	[32 16 24]	[1160 589824]	
RELU		[32 16 24]	[32 16 24]	[0 24576]	
DENSE CONV	[32 16 24]	[3 3 8]	[32 16 32]	[1736 884736]	
RELU		[32 16 32]	[32 16 32]	[0 32768]	
DENSE CONV	[32 16 32]	[3 3 8]	[32 16 40]	[2312 1179648]	
RELU		[32 16 40]	[32 16 40]	[0 40960]	
DENSE CONV	[32 16 40]	[3 3 8]	[32 16 48]	[2888 1474560]	
RELU		[32 16 48]	[32 16 48]	[0 49152]	
CONVOLUTION	[32 16 48]	[1 1 32]	[32 16 32]	[1568 786432]	
RELU		[32 16 32]	[32 16 32]	[0 32768]	
DROPOUT		[32 16 32]	[32 16 32]	[0 32768]	
FC			[32 16 32]	[1 1 3]	[49155 98310]	


GFLOPS = 0.024822
FLOPS = 24821766
TRAINABLE PARAMETERS = 96035

====================================================================================================






starting training

creating batch 0
training epoch 0 batch id0 done = 0.000000[%]

testing on testing
testing on training
testing error_average_euclidean 0.208256
testing error_std 0.132803
saving new best net with result = 0.208256
====================================================================================================




creating batch 1
training epoch 0 batch id1 done = 0.476190[%]

testing on testing
testing on training
testing error_average_euclidean 0.187280
testing error_std 0.121973
saving new best net with result = 0.187280
====================================================================================================




creating batch 2
training epoch 0 batch id2 done = 0.952381[%]

testing on testing
testing on training
testing error_average_euclidean 0.175423
testing error_std 0.115967
saving new best net with result = 0.175423
====================================================================================================




creating batch 3
training epoch 0 batch id3 done = 1.428571[%]

testing on testing
testing on training
testing error_average_euclidean 0.170935
testing error_std 0.112935
saving new best net with result = 0.170935
====================================================================================================




creating batch 4
training epoch 0 batch id4 done = 1.904762[%]

testing on testing
testing on training
testing error_average_euclidean 0.164521
testing error_std 0.108961
saving new best net with result = 0.164521
====================================================================================================




creating batch 5
training epoch 0 batch id5 done = 2.380952[%]

testing on testing
testing on training
testing error_average_euclidean 0.156160
testing error_std 0.102819
saving new best net with result = 0.156160
====================================================================================================




creating batch 6
training epoch 0 batch id6 done = 2.857143[%]

testing on testing
testing on training
testing error_average_euclidean 0.160120
testing error_std 0.103589
====================================================================================================




creating batch 7
training epoch 0 batch id7 done = 3.333333[%]

testing on testing
testing on training
testing error_average_euclidean 0.153115
testing error_std 0.100569
saving new best net with result = 0.153115
====================================================================================================




creating batch 8
training epoch 0 batch id8 done = 3.809524[%]

testing on testing
testing on training
testing error_average_euclidean 0.140090
testing error_std 0.091767
saving new best net with result = 0.140090
====================================================================================================




creating batch 9
training epoch 0 batch id9 done = 4.285714[%]

testing on testing
testing on training
testing error_average_euclidean 0.136815
testing error_std 0.087889
saving new best net with result = 0.136815
====================================================================================================




creating batch 10
training epoch 0 batch id10 done = 4.761905[%]

testing on testing
testing on training
testing error_average_euclidean 0.131663
testing error_std 0.086677
saving new best net with result = 0.131663
====================================================================================================




creating batch 11
training epoch 0 batch id11 done = 5.238095[%]

testing on testing
testing on training
testing error_average_euclidean 0.127410
testing error_std 0.083048
saving new best net with result = 0.127410
====================================================================================================




creating batch 12
training epoch 0 batch id12 done = 5.714286[%]

testing on testing
testing on training
testing error_average_euclidean 0.129075
testing error_std 0.083442
====================================================================================================




creating batch 13
training epoch 0 batch id13 done = 6.190476[%]

testing on testing
testing on training
testing error_average_euclidean 0.128676
testing error_std 0.083744
====================================================================================================




creating batch 14
training epoch 0 batch id14 done = 6.666667[%]

testing on testing
testing on training
testing error_average_euclidean 0.124445
testing error_std 0.081834
saving new best net with result = 0.124445
====================================================================================================




creating batch 15
training epoch 0 batch id15 done = 7.142857[%]

testing on testing
testing on training
testing error_average_euclidean 0.123120
testing error_std 0.081057
saving new best net with result = 0.123120
====================================================================================================




creating batch 16
training epoch 0 batch id16 done = 7.619048[%]

testing on testing
testing on training
testing error_average_euclidean 0.122147
testing error_std 0.079929
saving new best net with result = 0.122147
====================================================================================================




creating batch 17
training epoch 0 batch id17 done = 8.095238[%]

testing on testing
testing on training
testing error_average_euclidean 0.122227
testing error_std 0.079915
====================================================================================================




creating batch 18
training epoch 0 batch id18 done = 8.571428[%]

testing on testing
testing on training
testing error_average_euclidean 0.119604
testing error_std 0.077466
saving new best net with result = 0.119604
====================================================================================================




creating batch 19
training epoch 0 batch id19 done = 9.047619[%]

testing on testing
testing on training
testing error_average_euclidean 0.118844
testing error_std 0.078007
saving new best net with result = 0.118844
====================================================================================================




creating batch 20
training epoch 0 batch id20 done = 9.523809[%]

testing on testing
testing on training
testing error_average_euclidean 0.115578
testing error_std 0.075780
saving new best net with result = 0.115578
====================================================================================================




creating batch 0
training epoch 1 batch id0 done = 10.000000[%]

testing on testing
testing on training
testing error_average_euclidean 0.112895
testing error_std 0.074129
saving new best net with result = 0.112895
====================================================================================================




creating batch 1
training epoch 1 batch id1 done = 10.476191[%]

testing on testing
testing on training
testing error_average_euclidean 0.113429
testing error_std 0.073935
====================================================================================================




creating batch 2
training epoch 1 batch id2 done = 10.952381[%]

testing on testing
testing on training
testing error_average_euclidean 0.109138
testing error_std 0.071128
saving new best net with result = 0.109138
====================================================================================================




creating batch 3
training epoch 1 batch id3 done = 11.428572[%]

testing on testing
testing on training
testing error_average_euclidean 0.108517
testing error_std 0.071731
saving new best net with result = 0.108517
====================================================================================================




creating batch 4
training epoch 1 batch id4 done = 11.904762[%]

testing on testing
testing on training
testing error_average_euclidean 0.107505
testing error_std 0.069593
saving new best net with result = 0.107505
====================================================================================================




creating batch 5
training epoch 1 batch id5 done = 12.380953[%]

testing on testing
testing on training
testing error_average_euclidean 0.104202
testing error_std 0.068874
saving new best net with result = 0.104202
====================================================================================================




creating batch 6
training epoch 1 batch id6 done = 12.857142[%]

testing on testing
testing on training
testing error_average_euclidean 0.100353
testing error_std 0.066356
saving new best net with result = 0.100353
====================================================================================================




creating batch 7
training epoch 1 batch id7 done = 13.333333[%]

testing on testing
testing on training
testing error_average_euclidean 0.101363
testing error_std 0.066999
====================================================================================================




creating batch 8
training epoch 1 batch id8 done = 13.809524[%]

testing on testing
testing on training
testing error_average_euclidean 0.100555
testing error_std 0.067042
====================================================================================================




creating batch 9
training epoch 1 batch id9 done = 14.285714[%]

testing on testing
testing on training
testing error_average_euclidean 0.098740
testing error_std 0.065452
saving new best net with result = 0.098740
====================================================================================================




creating batch 10
training epoch 1 batch id10 done = 14.761905[%]

testing on testing
testing on training
testing error_average_euclidean 0.101316
testing error_std 0.067328
====================================================================================================




creating batch 11
training epoch 1 batch id11 done = 15.238095[%]

testing on testing
testing on training
testing error_average_euclidean 0.095704
testing error_std 0.064157
saving new best net with result = 0.095704
====================================================================================================




creating batch 12
training epoch 1 batch id12 done = 15.714286[%]

testing on testing
testing on training
testing error_average_euclidean 0.095429
testing error_std 0.063776
saving new best net with result = 0.095429
====================================================================================================




creating batch 13
training epoch 1 batch id13 done = 16.190475[%]

testing on testing
testing on training
testing error_average_euclidean 0.097118
testing error_std 0.063973
====================================================================================================




creating batch 14
training epoch 1 batch id14 done = 16.666666[%]

testing on testing
testing on training
testing error_average_euclidean 0.094720
testing error_std 0.063175
saving new best net with result = 0.094720
====================================================================================================




creating batch 15
training epoch 1 batch id15 done = 17.142857[%]

testing on testing
testing on training
testing error_average_euclidean 0.094089
testing error_std 0.063175
saving new best net with result = 0.094089
====================================================================================================




creating batch 16
training epoch 1 batch id16 done = 17.619047[%]

testing on testing
testing on training
testing error_average_euclidean 0.093474
testing error_std 0.062239
saving new best net with result = 0.093474
====================================================================================================




creating batch 17
training epoch 1 batch id17 done = 18.095238[%]

testing on testing
testing on training
testing error_average_euclidean 0.094909
testing error_std 0.062072
====================================================================================================




creating batch 18
training epoch 1 batch id18 done = 18.571428[%]

testing on testing
testing on training
testing error_average_euclidean 0.092420
testing error_std 0.062021
saving new best net with result = 0.092420
====================================================================================================




creating batch 19
training epoch 1 batch id19 done = 19.047619[%]

testing on testing
testing on training
testing error_average_euclidean 0.093998
testing error_std 0.061738
====================================================================================================




creating batch 20
training epoch 1 batch id20 done = 19.523809[%]

testing on testing
testing on training
testing error_average_euclidean 0.090802
testing error_std 0.060871
saving new best net with result = 0.090802
====================================================================================================




creating batch 0
training epoch 2 batch id0 done = 20.000000[%]

testing on testing
testing on training
testing error_average_euclidean 0.090695
testing error_std 0.061150
saving new best net with result = 0.090695
====================================================================================================




creating batch 1
training epoch 2 batch id1 done = 20.476191[%]

testing on testing
testing on training
testing error_average_euclidean 0.091486
testing error_std 0.061225
====================================================================================================




creating batch 2
training epoch 2 batch id2 done = 20.952381[%]

testing on testing
testing on training
testing error_average_euclidean 0.091224
testing error_std 0.060928
====================================================================================================




creating batch 3
training epoch 2 batch id3 done = 21.428572[%]

testing on testing
testing on training
testing error_average_euclidean 0.088954
testing error_std 0.059355
saving new best net with result = 0.088954
====================================================================================================




creating batch 4
training epoch 2 batch id4 done = 21.904762[%]

testing on testing
testing on training
testing error_average_euclidean 0.089161
testing error_std 0.060238
====================================================================================================




creating batch 5
training epoch 2 batch id5 done = 22.380953[%]

testing on testing
testing on training
testing error_average_euclidean 0.089114
testing error_std 0.059914
====================================================================================================




creating batch 6
training epoch 2 batch id6 done = 22.857143[%]

testing on testing
testing on training
testing error_average_euclidean 0.088879
testing error_std 0.059585
saving new best net with result = 0.088879
====================================================================================================




creating batch 7
training epoch 2 batch id7 done = 23.333334[%]

testing on testing
testing on training
testing error_average_euclidean 0.087166
testing error_std 0.058402
saving new best net with result = 0.087166
====================================================================================================




creating batch 8
training epoch 2 batch id8 done = 23.809525[%]

testing on testing
testing on training
testing error_average_euclidean 0.086814
testing error_std 0.058442
saving new best net with result = 0.086814
====================================================================================================




creating batch 9
training epoch 2 batch id9 done = 24.285715[%]

testing on testing
testing on training
testing error_average_euclidean 0.085549
testing error_std 0.057454
saving new best net with result = 0.085549
====================================================================================================




creating batch 10
training epoch 2 batch id10 done = 24.761906[%]

testing on testing
testing on training
testing error_average_euclidean 0.087816
testing error_std 0.058290
====================================================================================================




creating batch 11
training epoch 2 batch id11 done = 25.238094[%]

testing on testing
testing on training
testing error_average_euclidean 0.086864
testing error_std 0.058439
====================================================================================================




creating batch 12
training epoch 2 batch id12 done = 25.714285[%]

testing on testing
testing on training
testing error_average_euclidean 0.085477
testing error_std 0.057873
saving new best net with result = 0.085477
====================================================================================================




creating batch 13
training epoch 2 batch id13 done = 26.190475[%]

testing on testing
testing on training
testing error_average_euclidean 0.083625
testing error_std 0.056466
saving new best net with result = 0.083625
====================================================================================================




creating batch 14
training epoch 2 batch id14 done = 26.666666[%]

testing on testing
testing on training
testing error_average_euclidean 0.083362
testing error_std 0.056715
saving new best net with result = 0.083362
====================================================================================================




creating batch 15
training epoch 2 batch id15 done = 27.142857[%]

testing on testing
testing on training
testing error_average_euclidean 0.083796
testing error_std 0.055953
====================================================================================================




creating batch 16
training epoch 2 batch id16 done = 27.619047[%]

testing on testing
testing on training
testing error_average_euclidean 0.082235
testing error_std 0.055724
saving new best net with result = 0.082235
====================================================================================================




creating batch 17
training epoch 2 batch id17 done = 28.095238[%]

testing on testing
testing on training
testing error_average_euclidean 0.082894
testing error_std 0.055890
====================================================================================================




creating batch 18
training epoch 2 batch id18 done = 28.571428[%]

testing on testing
testing on training
testing error_average_euclidean 0.082572
testing error_std 0.055784
====================================================================================================




creating batch 19
training epoch 2 batch id19 done = 29.047619[%]

testing on testing
testing on training
testing error_average_euclidean 0.081773
testing error_std 0.055159
saving new best net with result = 0.081773
====================================================================================================




creating batch 20
training epoch 2 batch id20 done = 29.523809[%]

testing on testing
testing on training
testing error_average_euclidean 0.081080
testing error_std 0.054879
saving new best net with result = 0.081080
====================================================================================================




creating batch 0
training epoch 3 batch id0 done = 30.000000[%]

testing on testing
testing on training
testing error_average_euclidean 0.080716
testing error_std 0.054927
saving new best net with result = 0.080716
====================================================================================================




creating batch 1
training epoch 3 batch id1 done = 30.476191[%]

testing on testing
testing on training
testing error_average_euclidean 0.079241
testing error_std 0.054135
saving new best net with result = 0.079241
====================================================================================================




creating batch 2
training epoch 3 batch id2 done = 30.952381[%]

testing on testing
testing on training
testing error_average_euclidean 0.078486
testing error_std 0.052873
saving new best net with result = 0.078486
====================================================================================================




creating batch 3
training epoch 3 batch id3 done = 31.428572[%]

testing on testing
testing on training
testing error_average_euclidean 0.079368
testing error_std 0.054165
====================================================================================================




creating batch 4
training epoch 3 batch id4 done = 31.904762[%]

testing on testing
testing on training
testing error_average_euclidean 0.079283
testing error_std 0.053505
====================================================================================================




creating batch 5
training epoch 3 batch id5 done = 32.380951[%]

testing on testing
testing on training
testing error_average_euclidean 0.080526
testing error_std 0.054155
====================================================================================================




creating batch 6
training epoch 3 batch id6 done = 32.857143[%]

testing on testing
testing on training
testing error_average_euclidean 0.077720
testing error_std 0.052738
saving new best net with result = 0.077720
====================================================================================================




creating batch 7
training epoch 3 batch id7 done = 33.333332[%]

testing on testing
testing on training
testing error_average_euclidean 0.077754
testing error_std 0.053007
====================================================================================================




creating batch 8
training epoch 3 batch id8 done = 33.809525[%]

testing on testing
testing on training
testing error_average_euclidean 0.075983
testing error_std 0.051697
saving new best net with result = 0.075983
====================================================================================================




creating batch 9
training epoch 3 batch id9 done = 34.285713[%]

testing on testing
testing on training
testing error_average_euclidean 0.077810
testing error_std 0.052865
====================================================================================================




creating batch 10
training epoch 3 batch id10 done = 34.761906[%]

testing on testing
testing on training
testing error_average_euclidean 0.075922
testing error_std 0.051553
saving new best net with result = 0.075922
====================================================================================================




creating batch 11
training epoch 3 batch id11 done = 35.238094[%]

testing on testing
testing on training
testing error_average_euclidean 0.075596
testing error_std 0.051539
saving new best net with result = 0.075596
====================================================================================================




creating batch 12
training epoch 3 batch id12 done = 35.714287[%]

testing on testing
testing on training
testing error_average_euclidean 0.074786
testing error_std 0.051130
saving new best net with result = 0.074786
====================================================================================================




creating batch 13
training epoch 3 batch id13 done = 36.190475[%]

testing on testing
testing on training
testing error_average_euclidean 0.075263
testing error_std 0.051464
====================================================================================================




creating batch 14
training epoch 3 batch id14 done = 36.666668[%]

testing on testing
testing on training
testing error_average_euclidean 0.076252
testing error_std 0.050959
====================================================================================================




creating batch 15
training epoch 3 batch id15 done = 37.142857[%]

testing on testing
testing on training
testing error_average_euclidean 0.073334
testing error_std 0.049967
saving new best net with result = 0.073334
====================================================================================================




creating batch 16
training epoch 3 batch id16 done = 37.619049[%]

testing on testing
testing on training
testing error_average_euclidean 0.075138
testing error_std 0.051550
====================================================================================================




creating batch 17
training epoch 3 batch id17 done = 38.095238[%]

testing on testing
testing on training
testing error_average_euclidean 0.074952
testing error_std 0.050712
====================================================================================================




creating batch 18
training epoch 3 batch id18 done = 38.571430[%]

testing on testing
testing on training
testing error_average_euclidean 0.074292
testing error_std 0.050410
====================================================================================================




creating batch 19
training epoch 3 batch id19 done = 39.047619[%]

testing on testing
testing on training
testing error_average_euclidean 0.074517
testing error_std 0.050277
====================================================================================================




creating batch 20
training epoch 3 batch id20 done = 39.523811[%]

testing on testing
testing on training
testing error_average_euclidean 0.072504
testing error_std 0.049691
saving new best net with result = 0.072504
====================================================================================================




creating batch 0
training epoch 4 batch id0 done = 40.000000[%]

testing on testing
testing on training
testing error_average_euclidean 0.073981
testing error_std 0.050121
====================================================================================================




creating batch 1
training epoch 4 batch id1 done = 40.476189[%]

testing on testing
testing on training
testing error_average_euclidean 0.072808
testing error_std 0.049507
====================================================================================================




creating batch 2
training epoch 4 batch id2 done = 40.952381[%]

testing on testing
testing on training
testing error_average_euclidean 0.072251
testing error_std 0.049269
saving new best net with result = 0.072251
====================================================================================================




creating batch 3
training epoch 4 batch id3 done = 41.428570[%]

testing on testing
testing on training
testing error_average_euclidean 0.071956
testing error_std 0.048487
saving new best net with result = 0.071956
====================================================================================================




creating batch 4
training epoch 4 batch id4 done = 41.904762[%]

testing on testing
testing on training
testing error_average_euclidean 0.071800
testing error_std 0.049272
saving new best net with result = 0.071800
====================================================================================================




creating batch 5
training epoch 4 batch id5 done = 42.380951[%]

testing on testing
testing on training
testing error_average_euclidean 0.071091
testing error_std 0.048588
saving new best net with result = 0.071091
====================================================================================================




creating batch 6
training epoch 4 batch id6 done = 42.857143[%]

testing on testing
testing on training
testing error_average_euclidean 0.070663
testing error_std 0.048400
saving new best net with result = 0.070663
====================================================================================================




creating batch 7
training epoch 4 batch id7 done = 43.333332[%]

testing on testing
testing on training
testing error_average_euclidean 0.070627
testing error_std 0.048516
saving new best net with result = 0.070627
====================================================================================================




creating batch 8
training epoch 4 batch id8 done = 43.809525[%]

testing on testing
testing on training
testing error_average_euclidean 0.070647
testing error_std 0.048387
====================================================================================================




creating batch 9
training epoch 4 batch id9 done = 44.285713[%]

testing on testing
testing on training
testing error_average_euclidean 0.069910
testing error_std 0.047691
saving new best net with result = 0.069910
====================================================================================================




creating batch 10
training epoch 4 batch id10 done = 44.761906[%]

testing on testing
testing on training
testing error_average_euclidean 0.071899
testing error_std 0.049382
====================================================================================================




creating batch 11
training epoch 4 batch id11 done = 45.238094[%]

testing on testing
testing on training
testing error_average_euclidean 0.071543
testing error_std 0.048869
====================================================================================================




creating batch 12
training epoch 4 batch id12 done = 45.714287[%]

testing on testing
testing on training
testing error_average_euclidean 0.070909
testing error_std 0.048870
====================================================================================================




creating batch 13
training epoch 4 batch id13 done = 46.190475[%]

testing on testing
testing on training
testing error_average_euclidean 0.070824
testing error_std 0.048459
====================================================================================================




creating batch 14
training epoch 4 batch id14 done = 46.666668[%]

testing on testing
testing on training
testing error_average_euclidean 0.068376
testing error_std 0.047203
saving new best net with result = 0.068376
====================================================================================================




creating batch 15
training epoch 4 batch id15 done = 47.142857[%]

testing on testing
testing on training
testing error_average_euclidean 0.071351
testing error_std 0.048640
====================================================================================================




creating batch 16
training epoch 4 batch id16 done = 47.619049[%]

testing on testing
testing on training
testing error_average_euclidean 0.067861
testing error_std 0.046314
saving new best net with result = 0.067861
====================================================================================================




creating batch 17
training epoch 4 batch id17 done = 48.095238[%]

testing on testing
testing on training
testing error_average_euclidean 0.068888
testing error_std 0.047127
====================================================================================================




creating batch 18
training epoch 4 batch id18 done = 48.571430[%]

testing on testing
testing on training
testing error_average_euclidean 0.068843
testing error_std 0.047137
====================================================================================================




creating batch 19
training epoch 4 batch id19 done = 49.047619[%]

testing on testing
testing on training
testing error_average_euclidean 0.067794
testing error_std 0.046361
saving new best net with result = 0.067794
====================================================================================================




creating batch 20
training epoch 4 batch id20 done = 49.523811[%]

testing on testing
testing on training
testing error_average_euclidean 0.067180
testing error_std 0.046404
saving new best net with result = 0.067180
====================================================================================================




creating batch 0
training epoch 5 batch id0 done = 50.000000[%]

testing on testing
testing on training
testing error_average_euclidean 0.067515
testing error_std 0.046234
====================================================================================================




creating batch 1
training epoch 5 batch id1 done = 50.476189[%]

testing on testing
testing on training
testing error_average_euclidean 0.067627
testing error_std 0.045647
====================================================================================================




creating batch 2
training epoch 5 batch id2 done = 50.952381[%]

testing on testing
testing on training
testing error_average_euclidean 0.067176
testing error_std 0.046549
saving new best net with result = 0.067176
====================================================================================================




creating batch 3
training epoch 5 batch id3 done = 51.428570[%]

testing on testing
testing on training
testing error_average_euclidean 0.066981
testing error_std 0.045857
saving new best net with result = 0.066981
====================================================================================================




creating batch 4
training epoch 5 batch id4 done = 51.904762[%]

testing on testing
testing on training
testing error_average_euclidean 0.067673
testing error_std 0.046251
====================================================================================================




creating batch 5
training epoch 5 batch id5 done = 52.380951[%]

testing on testing
testing on training
testing error_average_euclidean 0.067367
testing error_std 0.045870
====================================================================================================




creating batch 6
training epoch 5 batch id6 done = 52.857143[%]

testing on testing
testing on training
testing error_average_euclidean 0.066969
testing error_std 0.045904
saving new best net with result = 0.066969
====================================================================================================




creating batch 7
training epoch 5 batch id7 done = 53.333332[%]

testing on testing
testing on training
testing error_average_euclidean 0.066747
testing error_std 0.045859
saving new best net with result = 0.066747
====================================================================================================




creating batch 8
training epoch 5 batch id8 done = 53.809525[%]

testing on testing
testing on training
testing error_average_euclidean 0.067364
testing error_std 0.046418
====================================================================================================




creating batch 9
training epoch 5 batch id9 done = 54.285713[%]

testing on testing
testing on training
testing error_average_euclidean 0.066967
testing error_std 0.047079
====================================================================================================




creating batch 10
training epoch 5 batch id10 done = 54.761906[%]

testing on testing
testing on training
testing error_average_euclidean 0.066533
testing error_std 0.044782
saving new best net with result = 0.066533
====================================================================================================




creating batch 11
training epoch 5 batch id11 done = 55.238094[%]

testing on testing
testing on training
testing error_average_euclidean 0.063973
testing error_std 0.043495
saving new best net with result = 0.063973
====================================================================================================




creating batch 12
training epoch 5 batch id12 done = 55.714287[%]

testing on testing
testing on training
testing error_average_euclidean 0.065586
testing error_std 0.045160
====================================================================================================




creating batch 13
training epoch 5 batch id13 done = 56.190475[%]

testing on testing
testing on training
testing error_average_euclidean 0.065721
testing error_std 0.045067
====================================================================================================




creating batch 14
training epoch 5 batch id14 done = 56.666668[%]

testing on testing
testing on training
testing error_average_euclidean 0.065292
testing error_std 0.044898
====================================================================================================




creating batch 15
training epoch 5 batch id15 done = 57.142857[%]

testing on testing
testing on training
testing error_average_euclidean 0.066456
testing error_std 0.045392
====================================================================================================




creating batch 16
training epoch 5 batch id16 done = 57.619049[%]

testing on testing
testing on training
testing error_average_euclidean 0.064435
testing error_std 0.044181
====================================================================================================




creating batch 17
training epoch 5 batch id17 done = 58.095238[%]

testing on testing
testing on training
testing error_average_euclidean 0.065866
testing error_std 0.045194
====================================================================================================




creating batch 18
training epoch 5 batch id18 done = 58.571430[%]

testing on testing
testing on training
testing error_average_euclidean 0.065427
testing error_std 0.044392
====================================================================================================




creating batch 19
training epoch 5 batch id19 done = 59.047619[%]

testing on testing
testing on training
testing error_average_euclidean 0.064812
testing error_std 0.044614
====================================================================================================




creating batch 20
training epoch 5 batch id20 done = 59.523811[%]

testing on testing
testing on training
testing error_average_euclidean 0.065816
testing error_std 0.044981
====================================================================================================




creating batch 0
training epoch 6 batch id0 done = 60.000000[%]

testing on testing
testing on training
testing error_average_euclidean 0.063965
testing error_std 0.044113
saving new best net with result = 0.063965
====================================================================================================




creating batch 1
training epoch 6 batch id1 done = 60.476189[%]

testing on testing
testing on training
testing error_average_euclidean 0.062845
testing error_std 0.043009
saving new best net with result = 0.062845
====================================================================================================




creating batch 2
training epoch 6 batch id2 done = 60.952381[%]

testing on testing
testing on training
testing error_average_euclidean 0.063318
testing error_std 0.043640
====================================================================================================




creating batch 3
training epoch 6 batch id3 done = 61.428570[%]

testing on testing
testing on training
testing error_average_euclidean 0.063227
testing error_std 0.043597
====================================================================================================




creating batch 4
training epoch 6 batch id4 done = 61.904762[%]

testing on testing
testing on training
testing error_average_euclidean 0.063196
testing error_std 0.043430
====================================================================================================




creating batch 5
training epoch 6 batch id5 done = 62.380951[%]

testing on testing
testing on training
testing error_average_euclidean 0.063527
testing error_std 0.043968
====================================================================================================




creating batch 6
training epoch 6 batch id6 done = 62.857143[%]

testing on testing
testing on training
testing error_average_euclidean 0.062887
testing error_std 0.043604
====================================================================================================




creating batch 7
training epoch 6 batch id7 done = 63.333332[%]

testing on testing
testing on training
testing error_average_euclidean 0.065390
testing error_std 0.044573
====================================================================================================




creating batch 8
training epoch 6 batch id8 done = 63.809525[%]

testing on testing
testing on training
testing error_average_euclidean 0.062502
testing error_std 0.043010
saving new best net with result = 0.062502
====================================================================================================




creating batch 9
training epoch 6 batch id9 done = 64.285713[%]

testing on testing
testing on training
testing error_average_euclidean 0.063110
testing error_std 0.043218
====================================================================================================




creating batch 10
training epoch 6 batch id10 done = 64.761902[%]

testing on testing
testing on training
testing error_average_euclidean 0.062735
testing error_std 0.043146
====================================================================================================




creating batch 11
training epoch 6 batch id11 done = 65.238098[%]

testing on testing
testing on training
testing error_average_euclidean 0.062736
testing error_std 0.043499
====================================================================================================




creating batch 12
training epoch 6 batch id12 done = 65.714287[%]

testing on testing
testing on training
testing error_average_euclidean 0.062620
testing error_std 0.043353
====================================================================================================




creating batch 13
training epoch 6 batch id13 done = 66.190475[%]

testing on testing
testing on training
testing error_average_euclidean 0.061870
testing error_std 0.042921
saving new best net with result = 0.061870
====================================================================================================




creating batch 14
training epoch 6 batch id14 done = 66.666664[%]

testing on testing
testing on training
testing error_average_euclidean 0.061395
testing error_std 0.042153
saving new best net with result = 0.061395
====================================================================================================




creating batch 15
training epoch 6 batch id15 done = 67.142860[%]

testing on testing
testing on training
testing error_average_euclidean 0.060949
testing error_std 0.042043
saving new best net with result = 0.060949
====================================================================================================




creating batch 16
training epoch 6 batch id16 done = 67.619049[%]

testing on testing
testing on training
testing error_average_euclidean 0.061669
testing error_std 0.042768
====================================================================================================




creating batch 17
training epoch 6 batch id17 done = 68.095238[%]

testing on testing
testing on training
testing error_average_euclidean 0.060973
testing error_std 0.042161
====================================================================================================




creating batch 18
training epoch 6 batch id18 done = 68.571426[%]

testing on testing
testing on training
testing error_average_euclidean 0.061527
testing error_std 0.042299
====================================================================================================




creating batch 19
training epoch 6 batch id19 done = 69.047623[%]

testing on testing
testing on training
testing error_average_euclidean 0.061553
testing error_std 0.042345
====================================================================================================




creating batch 20
training epoch 6 batch id20 done = 69.523811[%]

testing on testing
testing on training
testing error_average_euclidean 0.061281
testing error_std 0.042031
====================================================================================================




creating batch 0
training epoch 7 batch id0 done = 70.000000[%]

testing on testing
testing on training
testing error_average_euclidean 0.061170
testing error_std 0.042246
====================================================================================================




creating batch 1
training epoch 7 batch id1 done = 70.476189[%]

testing on testing
testing on training
testing error_average_euclidean 0.060382
testing error_std 0.041799
saving new best net with result = 0.060382
====================================================================================================




creating batch 2
training epoch 7 batch id2 done = 70.952377[%]

testing on testing
testing on training
testing error_average_euclidean 0.059759
testing error_std 0.040934
saving new best net with result = 0.059759
====================================================================================================




creating batch 3
training epoch 7 batch id3 done = 71.428574[%]

testing on testing
testing on training
testing error_average_euclidean 0.059382
testing error_std 0.040969
saving new best net with result = 0.059382
====================================================================================================




creating batch 4
training epoch 7 batch id4 done = 71.904762[%]

testing on testing
testing on training
testing error_average_euclidean 0.059454
testing error_std 0.041037
====================================================================================================




creating batch 5
training epoch 7 batch id5 done = 72.380951[%]

testing on testing
testing on training
testing error_average_euclidean 0.059739
testing error_std 0.041210
====================================================================================================




creating batch 6
training epoch 7 batch id6 done = 72.857140[%]

testing on testing
testing on training
testing error_average_euclidean 0.059619
testing error_std 0.040558
====================================================================================================




creating batch 7
training epoch 7 batch id7 done = 73.333336[%]

testing on testing
testing on training
testing error_average_euclidean 0.060914
testing error_std 0.041531
====================================================================================================




creating batch 8
training epoch 7 batch id8 done = 73.809525[%]

testing on testing
testing on training
testing error_average_euclidean 0.060568
testing error_std 0.041822
====================================================================================================




creating batch 9
training epoch 7 batch id9 done = 74.285713[%]

testing on testing
testing on training
testing error_average_euclidean 0.060257
testing error_std 0.041315
====================================================================================================




creating batch 10
training epoch 7 batch id10 done = 74.761902[%]

testing on testing
testing on training
testing error_average_euclidean 0.058309
testing error_std 0.040066
saving new best net with result = 0.058309
====================================================================================================




creating batch 11
training epoch 7 batch id11 done = 75.238098[%]

testing on testing
testing on training
testing error_average_euclidean 0.060954
testing error_std 0.042024
====================================================================================================




creating batch 12
training epoch 7 batch id12 done = 75.714287[%]

testing on testing
testing on training
testing error_average_euclidean 0.058993
testing error_std 0.040752
====================================================================================================




creating batch 13
training epoch 7 batch id13 done = 76.190475[%]

testing on testing
testing on training
testing error_average_euclidean 0.058410
testing error_std 0.040311
====================================================================================================




creating batch 14
training epoch 7 batch id14 done = 76.666664[%]

testing on testing
testing on training
testing error_average_euclidean 0.059092
testing error_std 0.041148
====================================================================================================




creating batch 15
training epoch 7 batch id15 done = 77.142860[%]

testing on testing
testing on training
testing error_average_euclidean 0.057449
testing error_std 0.039578
saving new best net with result = 0.057449
====================================================================================================




creating batch 16
training epoch 7 batch id16 done = 77.619049[%]

testing on testing
testing on training
testing error_average_euclidean 0.059154
testing error_std 0.041028
====================================================================================================




creating batch 17
training epoch 7 batch id17 done = 78.095238[%]

testing on testing
testing on training
testing error_average_euclidean 0.059005
testing error_std 0.040933
====================================================================================================




creating batch 18
training epoch 7 batch id18 done = 78.571426[%]

testing on testing
testing on training
testing error_average_euclidean 0.059585
testing error_std 0.040707
====================================================================================================




creating batch 19
training epoch 7 batch id19 done = 79.047623[%]

testing on testing
testing on training
testing error_average_euclidean 0.058945
testing error_std 0.040498
====================================================================================================




creating batch 20
training epoch 7 batch id20 done = 79.523811[%]

testing on testing
testing on training
testing error_average_euclidean 0.058304
testing error_std 0.040344
====================================================================================================




creating batch 0
training epoch 8 batch id0 done = 80.000000[%]

testing on testing
testing on training
testing error_average_euclidean 0.057258
testing error_std 0.039757
saving new best net with result = 0.057258
====================================================================================================




creating batch 1
training epoch 8 batch id1 done = 80.476189[%]

testing on testing
testing on training
testing error_average_euclidean 0.057368
testing error_std 0.039558
====================================================================================================




creating batch 2
training epoch 8 batch id2 done = 80.952377[%]

testing on testing
testing on training
testing error_average_euclidean 0.057550
testing error_std 0.039923
====================================================================================================




creating batch 3
training epoch 8 batch id3 done = 81.428574[%]

testing on testing
testing on training
testing error_average_euclidean 0.057028
testing error_std 0.039321
saving new best net with result = 0.057028
====================================================================================================




creating batch 4
training epoch 8 batch id4 done = 81.904762[%]

testing on testing
testing on training
testing error_average_euclidean 0.056659
testing error_std 0.039460
saving new best net with result = 0.056659
====================================================================================================




creating batch 5
training epoch 8 batch id5 done = 82.380951[%]

testing on testing
testing on training
testing error_average_euclidean 0.056976
testing error_std 0.038856
====================================================================================================




creating batch 6
training epoch 8 batch id6 done = 82.857140[%]

testing on testing
testing on training
testing error_average_euclidean 0.057381
testing error_std 0.039820
====================================================================================================




creating batch 7
training epoch 8 batch id7 done = 83.333336[%]

testing on testing
testing on training
testing error_average_euclidean 0.057377
testing error_std 0.039718
====================================================================================================




creating batch 8
training epoch 8 batch id8 done = 83.809525[%]

testing on testing
testing on training
testing error_average_euclidean 0.056502
testing error_std 0.039091
saving new best net with result = 0.056502
====================================================================================================




creating batch 9
training epoch 8 batch id9 done = 84.285713[%]

testing on testing
testing on training
testing error_average_euclidean 0.056824
testing error_std 0.038926
====================================================================================================




creating batch 10
training epoch 8 batch id10 done = 84.761902[%]

testing on testing
testing on training
testing error_average_euclidean 0.056357
testing error_std 0.039143
saving new best net with result = 0.056357
====================================================================================================




creating batch 11
training epoch 8 batch id11 done = 85.238098[%]

testing on testing
testing on training
testing error_average_euclidean 0.056740
testing error_std 0.038940
====================================================================================================




creating batch 12
training epoch 8 batch id12 done = 85.714287[%]

testing on testing
testing on training
testing error_average_euclidean 0.055698
testing error_std 0.038899
saving new best net with result = 0.055698
====================================================================================================




creating batch 13
training epoch 8 batch id13 done = 86.190475[%]

testing on testing
testing on training
testing error_average_euclidean 0.056254
testing error_std 0.038208
====================================================================================================




creating batch 14
training epoch 8 batch id14 done = 86.666664[%]

testing on testing
testing on training
testing error_average_euclidean 0.056506
testing error_std 0.038904
====================================================================================================




creating batch 15
training epoch 8 batch id15 done = 87.142860[%]

testing on testing
testing on training
testing error_average_euclidean 0.055177
testing error_std 0.037931
saving new best net with result = 0.055177
====================================================================================================




creating batch 16
training epoch 8 batch id16 done = 87.619049[%]

testing on testing
testing on training
testing error_average_euclidean 0.056092
testing error_std 0.038710
====================================================================================================




creating batch 17
training epoch 8 batch id17 done = 88.095238[%]

testing on testing
testing on training
testing error_average_euclidean 0.056167
testing error_std 0.038307
====================================================================================================




creating batch 18
training epoch 8 batch id18 done = 88.571426[%]

testing on testing
testing on training
testing error_average_euclidean 0.055059
testing error_std 0.038218
saving new best net with result = 0.055059
====================================================================================================




creating batch 19
training epoch 8 batch id19 done = 89.047623[%]

testing on testing
testing on training
testing error_average_euclidean 0.057659
testing error_std 0.039595
====================================================================================================




creating batch 20
training epoch 8 batch id20 done = 89.523811[%]

testing on testing
testing on training
testing error_average_euclidean 0.056208
testing error_std 0.038252
====================================================================================================




creating batch 0
training epoch 9 batch id0 done = 90.000000[%]

testing on testing
testing on training
testing error_average_euclidean 0.054243
testing error_std 0.037344
saving new best net with result = 0.054243
====================================================================================================




creating batch 1
training epoch 9 batch id1 done = 90.476189[%]

testing on testing
testing on training
testing error_average_euclidean 0.057491
testing error_std 0.038814
====================================================================================================




creating batch 2
training epoch 9 batch id2 done = 90.952377[%]

testing on testing
testing on training
testing error_average_euclidean 0.054030
testing error_std 0.037020
saving new best net with result = 0.054030
====================================================================================================




creating batch 3
training epoch 9 batch id3 done = 91.428574[%]

testing on testing
testing on training
testing error_average_euclidean 0.054491
testing error_std 0.037301
====================================================================================================




creating batch 4
training epoch 9 batch id4 done = 91.904762[%]

testing on testing
testing on training
testing error_average_euclidean 0.055006
testing error_std 0.037530
====================================================================================================




creating batch 5
training epoch 9 batch id5 done = 92.380951[%]

testing on testing
testing on training
testing error_average_euclidean 0.054256
testing error_std 0.037808
====================================================================================================




creating batch 6
training epoch 9 batch id6 done = 92.857140[%]

testing on testing
testing on training
testing error_average_euclidean 0.056325
testing error_std 0.038794
====================================================================================================




creating batch 7
training epoch 9 batch id7 done = 93.333336[%]

testing on testing
testing on training
testing error_average_euclidean 0.054470
testing error_std 0.037571
====================================================================================================




creating batch 8
training epoch 9 batch id8 done = 93.809525[%]

testing on testing
testing on training
testing error_average_euclidean 0.054513
testing error_std 0.037764
====================================================================================================




creating batch 9
training epoch 9 batch id9 done = 94.285713[%]

testing on testing
testing on training
testing error_average_euclidean 0.054616
testing error_std 0.037604
====================================================================================================




creating batch 10
training epoch 9 batch id10 done = 94.761902[%]

testing on testing
testing on training
testing error_average_euclidean 0.054108
testing error_std 0.037274
====================================================================================================




creating batch 11
training epoch 9 batch id11 done = 95.238098[%]

testing on testing
testing on training
testing error_average_euclidean 0.053131
testing error_std 0.036661
saving new best net with result = 0.053131
====================================================================================================




creating batch 12
training epoch 9 batch id12 done = 95.714287[%]

testing on testing
testing on training
testing error_average_euclidean 0.054163
testing error_std 0.037560
====================================================================================================




creating batch 13
training epoch 9 batch id13 done = 96.190475[%]

testing on testing
testing on training
testing error_average_euclidean 0.053410
testing error_std 0.036957
====================================================================================================




creating batch 14
training epoch 9 batch id14 done = 96.666664[%]

testing on testing
testing on training
testing error_average_euclidean 0.053036
testing error_std 0.036860
saving new best net with result = 0.053036
====================================================================================================




creating batch 15
training epoch 9 batch id15 done = 97.142860[%]

testing on testing
testing on training
testing error_average_euclidean 0.053706
testing error_std 0.036831
====================================================================================================




creating batch 16
training epoch 9 batch id16 done = 97.619049[%]

testing on testing
testing on training
testing error_average_euclidean 0.053320
testing error_std 0.037125
====================================================================================================




creating batch 17
training epoch 9 batch id17 done = 98.095238[%]

testing on testing
testing on training
testing error_average_euclidean 0.053165
testing error_std 0.036948
====================================================================================================




creating batch 18
training epoch 9 batch id18 done = 98.571426[%]

testing on testing
testing on training
testing error_average_euclidean 0.053141
testing error_std 0.037404
====================================================================================================




creating batch 19
training epoch 9 batch id19 done = 99.047623[%]

testing on testing
testing on training
testing error_average_euclidean 0.054034
testing error_std 0.037691
====================================================================================================




creating batch 20
training epoch 9 batch id20 done = 99.523811[%]

testing on testing
testing on training
testing error_average_euclidean 0.053008
testing error_std 0.036816
saving new best net with result = 0.053008
====================================================================================================




training done
