0 0 0.000000 0.208256 0.132803 0.207276 0.131974
0 1 0.476190 0.187280 0.121973 0.186159 0.121304
0 2 0.952381 0.175423 0.115967 0.175658 0.115811
0 3 1.428571 0.170935 0.112935 0.168380 0.111001
0 4 1.904762 0.164521 0.108961 0.160078 0.105931
0 5 2.380952 0.156160 0.102819 0.158908 0.104637
0 6 2.857143 0.160120 0.103589 0.157297 0.102013
0 7 3.333333 0.153115 0.100569 0.153564 0.100758
0 8 3.809524 0.140090 0.091767 0.138154 0.090798
0 9 4.285714 0.136815 0.087889 0.137207 0.087851
0 10 4.761905 0.131663 0.086677 0.130480 0.085260
0 11 5.238095 0.127410 0.083048 0.129273 0.084231
0 12 5.714286 0.129075 0.083442 0.131012 0.084310
0 13 6.190476 0.128676 0.083744 0.127605 0.082869
0 14 6.666667 0.124445 0.081834 0.124035 0.081377
0 15 7.142857 0.123120 0.081057 0.122052 0.079772
0 16 7.619048 0.122147 0.079929 0.118805 0.077732
0 17 8.095238 0.122227 0.079915 0.122166 0.079964
0 18 8.571428 0.119604 0.077466 0.119705 0.077328
0 19 9.047619 0.118844 0.078007 0.118312 0.077671
0 20 9.523809 0.115578 0.075780 0.117481 0.076919
1 0 10.000000 0.112895 0.074129 0.114500 0.075265
1 1 10.476191 0.113429 0.073935 0.114346 0.074487
1 2 10.952381 0.109138 0.071128 0.109396 0.071470
1 3 11.428572 0.108517 0.071731 0.108073 0.070751
1 4 11.904762 0.107505 0.069593 0.107753 0.070316
1 5 12.380953 0.104202 0.068874 0.104151 0.069025
1 6 12.857142 0.100353 0.066356 0.101669 0.067380
1 7 13.333333 0.101363 0.066999 0.100710 0.066797
1 8 13.809524 0.100555 0.067042 0.099509 0.066300
1 9 14.285714 0.098740 0.065452 0.097596 0.064473
1 10 14.761905 0.101316 0.067328 0.098950 0.065632
1 11 15.238095 0.095704 0.064157 0.096259 0.064296
1 12 15.714286 0.095429 0.063776 0.094666 0.062993
1 13 16.190475 0.097118 0.063973 0.096016 0.063346
1 14 16.666666 0.094720 0.063175 0.095236 0.062939
1 15 17.142857 0.094089 0.063175 0.094209 0.062801
1 16 17.619047 0.093474 0.062239 0.094035 0.062177
1 17 18.095238 0.094909 0.062072 0.095052 0.062103
1 18 18.571428 0.092420 0.062021 0.091312 0.061589
1 19 19.047619 0.093998 0.061738 0.093125 0.061324
1 20 19.523809 0.090802 0.060871 0.091971 0.061966
2 0 20.000000 0.090695 0.061150 0.091499 0.061409
2 1 20.476191 0.091486 0.061225 0.089297 0.059791
2 2 20.952381 0.091224 0.060928 0.091342 0.061095
2 3 21.428572 0.088954 0.059355 0.090388 0.060478
2 4 21.904762 0.089161 0.060238 0.088272 0.059336
2 5 22.380953 0.089114 0.059914 0.089552 0.060098
2 6 22.857143 0.088879 0.059585 0.087104 0.058771
2 7 23.333334 0.087166 0.058402 0.087068 0.058301
2 8 23.809525 0.086814 0.058442 0.084726 0.056885
2 9 24.285715 0.085549 0.057454 0.086288 0.057952
2 10 24.761906 0.087816 0.058290 0.087229 0.058286
2 11 25.238094 0.086864 0.058439 0.085344 0.057555
2 12 25.714285 0.085477 0.057873 0.084143 0.056822
2 13 26.190475 0.083625 0.056466 0.083460 0.056307
2 14 26.666666 0.083362 0.056715 0.083791 0.057032
2 15 27.142857 0.083796 0.055953 0.084238 0.056427
2 16 27.619047 0.082235 0.055724 0.083432 0.056799
2 17 28.095238 0.082894 0.055890 0.082891 0.056294
2 18 28.571428 0.082572 0.055784 0.083044 0.056292
2 19 29.047619 0.081773 0.055159 0.081628 0.055370
2 20 29.523809 0.081080 0.054879 0.080899 0.054877
3 0 30.000000 0.080716 0.054927 0.080670 0.054807
3 1 30.476191 0.079241 0.054135 0.080710 0.054963
3 2 30.952381 0.078486 0.052873 0.079372 0.053793
3 3 31.428572 0.079368 0.054165 0.077990 0.053128
3 4 31.904762 0.079283 0.053505 0.080374 0.054045
3 5 32.380951 0.080526 0.054155 0.079565 0.053526
3 6 32.857143 0.077720 0.052738 0.078986 0.053855
3 7 33.333332 0.077754 0.053007 0.077008 0.052780
3 8 33.809525 0.075983 0.051697 0.076202 0.052385
3 9 34.285713 0.077810 0.052865 0.077531 0.052568
3 10 34.761906 0.075922 0.051553 0.076783 0.052191
3 11 35.238094 0.075596 0.051539 0.075824 0.051492
3 12 35.714287 0.074786 0.051130 0.074274 0.051116
3 13 36.190475 0.075263 0.051464 0.076524 0.052646
3 14 36.666668 0.076252 0.050959 0.076963 0.051471
3 15 37.142857 0.073334 0.049967 0.074243 0.050864
3 16 37.619049 0.075138 0.051550 0.074884 0.051114
3 17 38.095238 0.074952 0.050712 0.074989 0.050545
3 18 38.571430 0.074292 0.050410 0.074590 0.050288
3 19 39.047619 0.074517 0.050277 0.073593 0.049940
3 20 39.523811 0.072504 0.049691 0.070909 0.048068
4 0 40.000000 0.073981 0.050121 0.072130 0.048869
4 1 40.476189 0.072808 0.049507 0.072498 0.049633
4 2 40.952381 0.072251 0.049269 0.072841 0.049591
4 3 41.428570 0.071956 0.048487 0.071871 0.048470
4 4 41.904762 0.071800 0.049272 0.070520 0.047885
4 5 42.380951 0.071091 0.048588 0.071718 0.049119
4 6 42.857143 0.070663 0.048400 0.071089 0.049093
4 7 43.333332 0.070627 0.048516 0.070503 0.047993
4 8 43.809525 0.070647 0.048387 0.071090 0.048301
4 9 44.285713 0.069910 0.047691 0.071208 0.048757
4 10 44.761906 0.071899 0.049382 0.069788 0.047889
4 11 45.238094 0.071543 0.048869 0.070536 0.048059
4 12 45.714287 0.070909 0.048870 0.068728 0.046970
4 13 46.190475 0.070824 0.048459 0.068636 0.046569
4 14 46.666668 0.068376 0.047203 0.068623 0.046991
4 15 47.142857 0.071351 0.048640 0.070519 0.047806
4 16 47.619049 0.067861 0.046314 0.068157 0.046974
4 17 48.095238 0.068888 0.047127 0.068743 0.046873
4 18 48.571430 0.068843 0.047137 0.067465 0.046274
4 19 49.047619 0.067794 0.046361 0.067388 0.045924
4 20 49.523811 0.067180 0.046404 0.068499 0.047083
5 0 50.000000 0.067515 0.046234 0.068447 0.046869
5 1 50.476189 0.067627 0.045647 0.067805 0.046040
5 2 50.952381 0.067176 0.046549 0.065982 0.045354
5 3 51.428570 0.066981 0.045857 0.067224 0.046278
5 4 51.904762 0.067673 0.046251 0.067293 0.045364
5 5 52.380951 0.067367 0.045870 0.067225 0.045466
5 6 52.857143 0.066969 0.045904 0.068076 0.047120
5 7 53.333332 0.066747 0.045859 0.066561 0.045883
5 8 53.809525 0.067364 0.046418 0.067188 0.046232
5 9 54.285713 0.066967 0.047079 0.066496 0.045813
5 10 54.761906 0.066533 0.044782 0.067385 0.045939
5 11 55.238094 0.063973 0.043495 0.064894 0.044784
5 12 55.714287 0.065586 0.045160 0.065421 0.045155
5 13 56.190475 0.065721 0.045067 0.065233 0.044955
5 14 56.666668 0.065292 0.044898 0.064757 0.044644
5 15 57.142857 0.066456 0.045392 0.065805 0.044670
5 16 57.619049 0.064435 0.044181 0.065293 0.045009
5 17 58.095238 0.065866 0.045194 0.064919 0.044749
5 18 58.571430 0.065427 0.044392 0.065819 0.044521
5 19 59.047619 0.064812 0.044614 0.064927 0.044545
5 20 59.523811 0.065816 0.044981 0.064486 0.044253
6 0 60.000000 0.063965 0.044113 0.063056 0.043386
6 1 60.476189 0.062845 0.043009 0.065124 0.044649
6 2 60.952381 0.063318 0.043640 0.062193 0.042263
6 3 61.428570 0.063227 0.043597 0.063712 0.044239
6 4 61.904762 0.063196 0.043430 0.064619 0.044748
6 5 62.380951 0.063527 0.043968 0.063371 0.043882
6 6 62.857143 0.062887 0.043604 0.063045 0.043487
6 7 63.333332 0.065390 0.044573 0.065011 0.044379
6 8 63.809525 0.062502 0.043010 0.061998 0.042773
6 9 64.285713 0.063110 0.043218 0.062571 0.043194
6 10 64.761902 0.062735 0.043146 0.063360 0.043381
6 11 65.238098 0.062736 0.043499 0.062440 0.043359
6 12 65.714287 0.062620 0.043353 0.061788 0.042947
6 13 66.190475 0.061870 0.042921 0.060781 0.041922
6 14 66.666664 0.061395 0.042153 0.062152 0.042768
6 15 67.142860 0.060949 0.042043 0.062019 0.042855
6 16 67.619049 0.061669 0.042768 0.061190 0.041845
6 17 68.095238 0.060973 0.042161 0.060489 0.041856
6 18 68.571426 0.061527 0.042299 0.061579 0.042221
6 19 69.047623 0.061553 0.042345 0.060365 0.041242
6 20 69.523811 0.061281 0.042031 0.060001 0.041336
7 0 70.000000 0.061170 0.042246 0.060898 0.042370
7 1 70.476189 0.060382 0.041799 0.060148 0.041434
7 2 70.952377 0.059759 0.040934 0.060719 0.041969
7 3 71.428574 0.059382 0.040969 0.059877 0.040971
7 4 71.904762 0.059454 0.041037 0.059602 0.041247
7 5 72.380951 0.059739 0.041210 0.061346 0.042424
7 6 72.857140 0.059619 0.040558 0.060572 0.041825
7 7 73.333336 0.060914 0.041531 0.061571 0.042443
7 8 73.809525 0.060568 0.041822 0.059778 0.041148
7 9 74.285713 0.060257 0.041315 0.058766 0.040060
7 10 74.761902 0.058309 0.040066 0.058717 0.040211
7 11 75.238098 0.060954 0.042024 0.060048 0.041454
7 12 75.714287 0.058993 0.040752 0.059360 0.041269
7 13 76.190475 0.058410 0.040311 0.058231 0.040433
7 14 76.666664 0.059092 0.041148 0.057818 0.039950
7 15 77.142860 0.057449 0.039578 0.058852 0.040945
7 16 77.619049 0.059154 0.041028 0.059905 0.041657
7 17 78.095238 0.059005 0.040933 0.058601 0.040484
7 18 78.571426 0.059585 0.040707 0.060294 0.040794
7 19 79.047623 0.058945 0.040498 0.058764 0.039992
7 20 79.523811 0.058304 0.040344 0.058314 0.040335
8 0 80.000000 0.057258 0.039757 0.058196 0.040371
8 1 80.476189 0.057368 0.039558 0.057719 0.040179
8 2 80.952377 0.057550 0.039923 0.057951 0.040365
8 3 81.428574 0.057028 0.039321 0.058108 0.040081
8 4 81.904762 0.056659 0.039460 0.057062 0.039314
8 5 82.380951 0.056976 0.038856 0.057472 0.039635
8 6 82.857140 0.057381 0.039820 0.057097 0.039525
8 7 83.333336 0.057377 0.039718 0.056105 0.038977
8 8 83.809525 0.056502 0.039091 0.056744 0.038977
8 9 84.285713 0.056824 0.038926 0.057840 0.039410
8 10 84.761902 0.056357 0.039143 0.056506 0.038855
8 11 85.238098 0.056740 0.038940 0.057032 0.039657
8 12 85.714287 0.055698 0.038899 0.055627 0.038485
8 13 86.190475 0.056254 0.038208 0.056332 0.038692
8 14 86.666664 0.056506 0.038904 0.056046 0.038981
8 15 87.142860 0.055177 0.037931 0.055684 0.038388
8 16 87.619049 0.056092 0.038710 0.056219 0.038783
8 17 88.095238 0.056167 0.038307 0.056141 0.038238
8 18 88.571426 0.055059 0.038218 0.055779 0.038425
8 19 89.047623 0.057659 0.039595 0.057666 0.039467
8 20 89.523811 0.056208 0.038252 0.056381 0.038801
9 0 90.000000 0.054243 0.037344 0.054765 0.037836
9 1 90.476189 0.057491 0.038814 0.057018 0.038331
9 2 90.952377 0.054030 0.037020 0.054837 0.037843
9 3 91.428574 0.054491 0.037301 0.055711 0.038338
9 4 91.904762 0.055006 0.037530 0.055545 0.037655
9 5 92.380951 0.054256 0.037808 0.054223 0.037606
9 6 92.857140 0.056325 0.038794 0.056148 0.038890
9 7 93.333336 0.054470 0.037571 0.055726 0.038612
9 8 93.809525 0.054513 0.037764 0.054710 0.037585
9 9 94.285713 0.054616 0.037604 0.054635 0.037297
9 10 94.761902 0.054108 0.037274 0.054425 0.037370
9 11 95.238098 0.053131 0.036661 0.054672 0.037783
9 12 95.714287 0.054163 0.037560 0.053958 0.037037
9 13 96.190475 0.053410 0.036957 0.054356 0.037902
9 14 96.666664 0.053036 0.036860 0.054060 0.037672
9 15 97.142860 0.053706 0.036831 0.053838 0.037110
9 16 97.619049 0.053320 0.037125 0.052891 0.036614
9 17 98.095238 0.053165 0.036948 0.052827 0.036582
9 18 98.571426 0.053141 0.037404 0.053423 0.037185
9 19 99.047623 0.054034 0.037691 0.054347 0.037633
9 20 99.523811 0.053008 0.036816 0.052908 0.037031
