0 0 0.000000 0.227916 0.133114 0.228966 0.134240
0 1 0.476190 0.206282 0.134549 0.205629 0.134287
0 2 0.952381 0.204612 0.133680 0.204558 0.133911
0 3 1.428571 0.206005 0.134734 0.207827 0.135614
0 4 1.904762 0.202894 0.132268 0.202236 0.132367
0 5 2.380952 0.208418 0.135469 0.203904 0.132697
0 6 2.857143 0.204312 0.133586 0.205661 0.134306
0 7 3.333333 0.208415 0.136002 0.207231 0.135185
0 8 3.809524 0.204838 0.134572 0.204082 0.132742
0 9 4.285714 0.205582 0.133859 0.205900 0.133988
0 10 4.761905 0.205338 0.134216 0.205743 0.134661
0 11 5.238095 0.208262 0.135934 0.206099 0.133804
0 12 5.714286 0.203887 0.132654 0.205883 0.134601
0 13 6.190476 0.208821 0.136115 0.205148 0.134304
0 14 6.666667 0.205480 0.134158 0.206818 0.135180
0 15 7.142857 0.206129 0.134026 0.206777 0.134683
0 16 7.619048 0.204346 0.133492 0.204899 0.133767
0 17 8.095238 0.204746 0.133619 0.204597 0.133540
0 18 8.571428 0.203357 0.132628 0.205212 0.133556
0 19 9.047619 0.206537 0.134708 0.203462 0.133138
0 20 9.523809 0.205236 0.134262 0.205215 0.134039
1 0 10.000000 0.206821 0.134849 0.207674 0.135425
1 1 10.476191 0.206136 0.134821 0.202778 0.132789
1 2 10.952381 0.207777 0.135515 0.207425 0.135717
1 3 11.428572 0.208130 0.136195 0.204907 0.133737
1 4 11.904762 0.202552 0.132073 0.208160 0.135929
1 5 12.380953 0.206398 0.134585 0.208347 0.136211
1 6 12.857142 0.205808 0.134457 0.206807 0.135125
1 7 13.333333 0.208235 0.135789 0.206025 0.134519
1 8 13.809524 0.204518 0.133606 0.203183 0.132706
1 9 14.285714 0.207262 0.135414 0.205242 0.133593
1 10 14.761905 0.205210 0.133323 0.205801 0.133705
1 11 15.238095 0.206295 0.135217 0.205195 0.134209
1 12 15.714286 0.205081 0.134146 0.204110 0.133347
1 13 16.190475 0.205021 0.134034 0.205850 0.133681
1 14 16.666666 0.206304 0.134320 0.203475 0.132239
1 15 17.142857 0.206256 0.134894 0.203067 0.132151
1 16 17.619047 0.204870 0.134084 0.204600 0.133655
1 17 18.095238 0.204850 0.133952 0.205157 0.134703
1 18 18.571428 0.204878 0.134239 0.207113 0.134860
1 19 19.047619 0.208452 0.136022 0.207171 0.135289
1 20 19.523809 0.206137 0.134332 0.204644 0.133294
2 0 20.000000 0.204789 0.133626 0.206915 0.134986
2 1 20.476191 0.206847 0.134747 0.206201 0.134587
2 2 20.952381 0.205012 0.134086 0.203720 0.133065
2 3 21.428572 0.205370 0.133847 0.208716 0.135873
2 4 21.904762 0.206660 0.134407 0.207141 0.134692
2 5 22.380953 0.204940 0.133837 0.203544 0.132832
2 6 22.857143 0.202738 0.131433 0.207104 0.135059
2 7 23.333334 0.205018 0.133481 0.206586 0.134680
2 8 23.809525 0.204760 0.133269 0.205892 0.134396
2 9 24.285715 0.205632 0.134645 0.206292 0.134588
2 10 24.761906 0.205723 0.134850 0.206759 0.135220
2 11 25.238094 0.204087 0.133368 0.205339 0.133911
2 12 25.714285 0.205758 0.133817 0.206152 0.134541
2 13 26.190475 0.202855 0.132948 0.203881 0.133552
2 14 26.666666 0.206496 0.134762 0.205437 0.134330
2 15 27.142857 0.206281 0.134099 0.207155 0.135152
2 16 27.619047 0.207122 0.135453 0.206616 0.134811
2 17 28.095238 0.203509 0.132374 0.203309 0.133030
2 18 28.571428 0.205680 0.134530 0.203842 0.132528
2 19 29.047619 0.203218 0.132789 0.205040 0.133540
2 20 29.523809 0.208328 0.135355 0.205897 0.133795
3 0 30.000000 0.206156 0.134523 0.201674 0.131676
3 1 30.476191 0.205663 0.134498 0.204015 0.133026
3 2 30.952381 0.205768 0.134192 0.204344 0.133613
3 3 31.428572 0.204859 0.133572 0.205487 0.134122
3 4 31.904762 0.203770 0.133041 0.203223 0.132497
3 5 32.380951 0.202989 0.132854 0.204173 0.133725
3 6 32.857143 0.204030 0.133133 0.205933 0.134221
3 7 33.333332 0.206609 0.134343 0.202716 0.132114
3 8 33.809525 0.206044 0.133989 0.202428 0.132065
3 9 34.285713 0.205652 0.134233 0.205565 0.133838
3 10 34.761906 0.203772 0.132624 0.204153 0.132894
3 11 35.238094 0.205688 0.133742 0.206782 0.134217
3 12 35.714287 0.207052 0.135334 0.205865 0.134138
3 13 36.190475 0.205667 0.134498 0.201411 0.131364
3 14 36.666668 0.205260 0.133965 0.207790 0.135538
3 15 37.142857 0.205428 0.134564 0.202900 0.132103
3 16 37.619049 0.205173 0.133385 0.204883 0.134038
3 17 38.095238 0.209271 0.136277 0.207387 0.134720
3 18 38.571430 0.206796 0.134915 0.203792 0.133060
3 19 39.047619 0.205774 0.133872 0.205821 0.134508
3 20 39.523811 0.207794 0.135900 0.207712 0.135196
4 0 40.000000 0.203142 0.132757 0.208154 0.136154
4 1 40.476189 0.206204 0.134303 0.204326 0.133144
4 2 40.952381 0.206818 0.134354 0.206617 0.134417
4 3 41.428570 0.205179 0.134196 0.207032 0.135121
4 4 41.904762 0.205214 0.134305 0.202444 0.132570
4 5 42.380951 0.202620 0.131947 0.208466 0.135910
4 6 42.857143 0.205915 0.134090 0.207809 0.135239
4 7 43.333332 0.202606 0.132303 0.207390 0.135073
4 8 43.809525 0.204386 0.133251 0.206506 0.134804
4 9 44.285713 0.203990 0.133483 0.203419 0.132718
4 10 44.761906 0.205012 0.134025 0.207340 0.135151
4 11 45.238094 0.206694 0.134950 0.206133 0.134210
4 12 45.714287 0.206449 0.135083 0.204839 0.134158
4 13 46.190475 0.204151 0.133255 0.203521 0.132787
4 14 46.666668 0.205299 0.134237 0.203158 0.132661
4 15 47.142857 0.203965 0.133314 0.205738 0.134121
4 16 47.619049 0.205807 0.133984 0.207184 0.135026
4 17 48.095238 0.205188 0.133690 0.206298 0.134454
4 18 48.571430 0.204506 0.133404 0.207802 0.135469
4 19 49.047619 0.208267 0.135982 0.205784 0.134746
4 20 49.523811 0.203263 0.133091 0.206108 0.134710
5 0 50.000000 0.203613 0.132821 0.207324 0.135510
5 1 50.476189 0.205192 0.133468 0.205722 0.133748
5 2 50.952381 0.206229 0.134638 0.205593 0.133764
5 3 51.428570 0.205451 0.133673 0.205323 0.133661
5 4 51.904762 0.205217 0.134393 0.204082 0.133007
5 5 52.380951 0.207500 0.134852 0.203911 0.133180
5 6 52.857143 0.207058 0.134909 0.205373 0.134337
5 7 53.333332 0.205691 0.133852 0.206176 0.134656
5 8 53.809525 0.204481 0.133691 0.205610 0.134035
5 9 54.285713 0.207882 0.135452 0.207520 0.134801
5 10 54.761906 0.205964 0.133511 0.207201 0.134884
5 11 55.238094 0.206124 0.134642 0.206666 0.135283
5 12 55.714287 0.202896 0.132752 0.203970 0.133083
5 13 56.190475 0.207411 0.135362 0.206310 0.134617
5 14 56.666668 0.204374 0.133350 0.204788 0.133711
5 15 57.142857 0.201252 0.131488 0.205910 0.133659
5 16 57.619049 0.206611 0.134926 0.205941 0.134199
5 17 58.095238 0.206431 0.134879 0.207848 0.135375
5 18 58.571430 0.205976 0.134246 0.208516 0.135746
5 19 59.047619 0.203875 0.133031 0.204975 0.133949
5 20 59.523811 0.204460 0.133571 0.206860 0.134866
6 0 60.000000 0.206440 0.134707 0.205248 0.133420
6 1 60.476189 0.206216 0.134603 0.204859 0.133545
6 2 60.952381 0.202992 0.132463 0.207504 0.135083
6 3 61.428570 0.207773 0.135946 0.203538 0.133281
6 4 61.904762 0.203863 0.133091 0.206668 0.134499
6 5 62.380951 0.205558 0.134527 0.206773 0.134563
6 6 62.857143 0.208894 0.136141 0.207286 0.134804
6 7 63.333332 0.206074 0.134798 0.205882 0.133561
6 8 63.809525 0.207261 0.135267 0.206442 0.134298
6 9 64.285713 0.201875 0.132135 0.204567 0.133403
6 10 64.761902 0.205447 0.134333 0.205210 0.134318
6 11 65.238098 0.206492 0.134460 0.204334 0.133547
6 12 65.714287 0.206329 0.135018 0.205356 0.133898
6 13 66.190475 0.203413 0.132456 0.204927 0.133797
6 14 66.666664 0.208083 0.135706 0.205253 0.133524
6 15 67.142860 0.203486 0.132713 0.207148 0.134940
6 16 67.619049 0.207061 0.135139 0.208186 0.136099
6 17 68.095238 0.204805 0.133826 0.207426 0.135206
6 18 68.571426 0.205461 0.134097 0.205302 0.134089
6 19 69.047623 0.204579 0.133210 0.206216 0.134594
6 20 69.523811 0.208731 0.135655 0.205639 0.134468
7 0 70.000000 0.206029 0.134839 0.204474 0.133430
7 1 70.476189 0.203879 0.133259 0.207677 0.135641
7 2 70.952377 0.204755 0.133202 0.206551 0.134104
7 3 71.428574 0.206016 0.134775 0.204418 0.133469
7 4 71.904762 0.204318 0.133759 0.204877 0.133561
7 5 72.380951 0.206461 0.134568 0.205654 0.134802
7 6 72.857140 0.205743 0.134584 0.203841 0.133737
7 7 73.333336 0.206600 0.134946 0.205066 0.134015
7 8 73.809525 0.203608 0.132820 0.205760 0.134461
7 9 74.285713 0.207528 0.135301 0.207971 0.135803
7 10 74.761902 0.209491 0.136470 0.206490 0.134469
7 11 75.238098 0.207025 0.135209 0.205145 0.133440
7 12 75.714287 0.205273 0.133584 0.206226 0.134064
7 13 76.190475 0.207397 0.135402 0.207437 0.135108
7 14 76.666664 0.201789 0.131894 0.205077 0.133847
7 15 77.142860 0.208171 0.135289 0.205700 0.134200
7 16 77.619049 0.206088 0.134425 0.206661 0.135131
7 17 78.095238 0.204650 0.133616 0.207038 0.135320
7 18 78.571426 0.204680 0.132957 0.206643 0.135015
7 19 79.047623 0.205813 0.134114 0.205050 0.133311
7 20 79.523811 0.206494 0.135062 0.202584 0.132925
8 0 80.000000 0.205349 0.133788 0.205751 0.133607
8 1 80.476189 0.206424 0.135055 0.204543 0.133565
8 2 80.952377 0.205207 0.134377 0.208121 0.135661
8 3 81.428574 0.206299 0.134437 0.206198 0.134441
8 4 81.904762 0.206860 0.134882 0.206160 0.134786
8 5 82.380951 0.204278 0.133528 0.204518 0.133496
8 6 82.857140 0.205411 0.134111 0.205868 0.134472
8 7 83.333336 0.203724 0.133025 0.206307 0.134621
8 8 83.809525 0.206100 0.134349 0.202475 0.132333
8 9 84.285713 0.204493 0.133602 0.207121 0.134760
8 10 84.761902 0.205155 0.133907 0.206485 0.134698
8 11 85.238098 0.204002 0.133095 0.205769 0.134438
8 12 85.714287 0.203241 0.132626 0.206589 0.135336
8 13 86.190475 0.205585 0.134181 0.203927 0.133199
8 14 86.666664 0.205329 0.133507 0.206706 0.134478
8 15 87.142860 0.205399 0.133926 0.203666 0.133199
8 16 87.619049 0.206597 0.134834 0.206600 0.134746
8 17 88.095238 0.205709 0.134223 0.205108 0.134248
8 18 88.571426 0.205248 0.134013 0.205992 0.134239
8 19 89.047623 0.205233 0.133466 0.205810 0.134766
8 20 89.523811 0.205582 0.134128 0.203021 0.132693
9 0 90.000000 0.203261 0.133165 0.205668 0.133971
9 1 90.476189 0.205457 0.133837 0.203328 0.132625
9 2 90.952377 0.203904 0.133214 0.201628 0.132081
9 3 91.428574 0.205457 0.134581 0.206703 0.135167
9 4 91.904762 0.204834 0.134056 0.205726 0.135036
9 5 92.380951 0.205923 0.133951 0.205886 0.134160
9 6 92.857140 0.207107 0.135357 0.202582 0.132360
9 7 93.333336 0.204172 0.133886 0.206014 0.133947
9 8 93.809525 0.209340 0.136068 0.205580 0.134108
9 9 94.285713 0.204152 0.133697 0.207184 0.135246
9 10 94.761902 0.205309 0.134520 0.204608 0.134554
9 11 95.238098 0.205657 0.134054 0.205488 0.134251
9 12 95.714287 0.207824 0.135434 0.204812 0.133362
9 13 96.190475 0.199930 0.130350 0.206181 0.134332
9 14 96.666664 0.205568 0.134854 0.203475 0.132617
9 15 97.142860 0.208856 0.136469 0.204956 0.133950
9 16 97.619049 0.206202 0.135224 0.205694 0.135122
9 17 98.095238 0.207273 0.135359 0.205386 0.133654
9 18 98.571426 0.206780 0.134511 0.204854 0.133669
9 19 99.047623 0.206544 0.134171 0.209318 0.136253
9 20 99.523811 0.205474 0.134024 0.206223 0.134170
