0 0 0.000000 0.206605 0.135095 0.205591 0.134649
0 1 0.476190 0.203090 0.133150 0.205852 0.134867
0 2 0.952381 0.200745 0.131742 0.203664 0.133240
0 3 1.428571 0.200874 0.131434 0.200951 0.131925
0 4 1.904762 0.201040 0.131734 0.201861 0.131972
0 5 2.380952 0.199068 0.130725 0.200393 0.131581
0 6 2.857143 0.200044 0.130031 0.200323 0.130651
0 7 3.333333 0.198152 0.130233 0.196233 0.129172
0 8 3.809524 0.195805 0.127573 0.201776 0.131341
0 9 4.285714 0.201286 0.131106 0.196990 0.128832
0 10 4.761905 0.196751 0.129248 0.193773 0.127250
0 11 5.238095 0.199264 0.130108 0.194768 0.127381
0 12 5.714286 0.197051 0.127817 0.199890 0.129750
0 13 6.190476 0.196039 0.127097 0.198861 0.129195
0 14 6.666667 0.195588 0.128331 0.194865 0.127998
0 15 7.142857 0.192241 0.126255 0.192091 0.126105
0 16 7.619048 0.192642 0.126276 0.193149 0.125749
0 17 8.095238 0.191893 0.126836 0.193235 0.126932
0 18 8.571428 0.192214 0.125141 0.192170 0.125015
0 19 9.047619 0.191183 0.125578 0.188761 0.123968
0 20 9.523809 0.187856 0.122764 0.188592 0.123718
1 0 10.000000 0.189099 0.122957 0.185681 0.121256
1 1 10.476191 0.184353 0.121190 0.185308 0.122305
1 2 10.952381 0.185908 0.121977 0.184203 0.120944
1 3 11.428572 0.185022 0.120914 0.184531 0.121252
1 4 11.904762 0.185048 0.121124 0.184753 0.120561
1 5 12.380953 0.179560 0.117868 0.181836 0.119791
1 6 12.857142 0.179738 0.118454 0.178929 0.118281
1 7 13.333333 0.180889 0.117850 0.183497 0.119548
1 8 13.809524 0.177443 0.116910 0.178896 0.117143
1 9 14.285714 0.179553 0.116970 0.178087 0.116306
1 10 14.761905 0.177262 0.116357 0.173899 0.114737
1 11 15.238095 0.174753 0.114735 0.174847 0.114762
1 12 15.714286 0.172650 0.114670 0.170932 0.113250
1 13 16.190475 0.175769 0.115567 0.176853 0.116260
1 14 16.666666 0.173237 0.114235 0.170524 0.112941
1 15 17.142857 0.170949 0.113335 0.170608 0.113444
1 16 17.619047 0.171620 0.113229 0.169776 0.111579
1 17 18.095238 0.172211 0.112094 0.171661 0.111613
1 18 18.571428 0.164980 0.109677 0.169716 0.112885
1 19 19.047619 0.168128 0.111467 0.168373 0.111081
1 20 19.523809 0.167497 0.108913 0.169401 0.110615
2 0 20.000000 0.166017 0.108997 0.166872 0.109502
2 1 20.476191 0.163935 0.108427 0.164496 0.109242
2 2 20.952381 0.162652 0.108142 0.163672 0.109086
2 3 21.428572 0.163930 0.106884 0.165294 0.107803
2 4 21.904762 0.164766 0.108251 0.162714 0.107293
2 5 22.380953 0.162527 0.106678 0.162728 0.107267
2 6 22.857143 0.160397 0.105779 0.160239 0.105986
2 7 23.333334 0.159688 0.105076 0.160315 0.105306
2 8 23.809525 0.157579 0.104570 0.156902 0.103601
2 9 24.285715 0.156409 0.103129 0.159735 0.105004
2 10 24.761906 0.157061 0.103996 0.157434 0.104115
2 11 25.238094 0.156170 0.103269 0.157323 0.104267
2 12 25.714285 0.155635 0.102132 0.156394 0.102495
2 13 26.190475 0.154881 0.102140 0.155719 0.103068
2 14 26.666666 0.155878 0.102602 0.153399 0.101903
2 15 27.142857 0.154465 0.101492 0.151303 0.099863
2 16 27.619047 0.153592 0.100956 0.153420 0.101062
2 17 28.095238 0.152069 0.100098 0.155639 0.102268
2 18 28.571428 0.150759 0.099514 0.151922 0.100187
2 19 29.047619 0.151219 0.099318 0.151156 0.099957
2 20 29.523809 0.150168 0.099763 0.148995 0.099103
3 0 30.000000 0.148385 0.098209 0.148543 0.098344
3 1 30.476191 0.147043 0.097531 0.147775 0.097804
3 2 30.952381 0.146591 0.095977 0.148276 0.096595
3 3 31.428572 0.145319 0.096430 0.147458 0.097712
3 4 31.904762 0.146089 0.096471 0.146872 0.096829
3 5 32.380951 0.144778 0.096088 0.145165 0.096310
3 6 32.857143 0.148983 0.097067 0.149849 0.097630
3 7 33.333332 0.142820 0.094188 0.142682 0.094320
3 8 33.809525 0.143426 0.094231 0.145287 0.095092
3 9 34.285713 0.144205 0.094493 0.143814 0.094524
3 10 34.761906 0.143179 0.093603 0.144435 0.094905
3 11 35.238094 0.142238 0.093537 0.140127 0.092257
3 12 35.714287 0.139727 0.092885 0.139135 0.092036
3 13 36.190475 0.140139 0.093191 0.139951 0.093403
3 14 36.666668 0.142713 0.093673 0.141159 0.092877
3 15 37.142857 0.135876 0.089806 0.139087 0.092222
3 16 37.619049 0.135631 0.089568 0.137014 0.090748
3 17 38.095238 0.138272 0.091142 0.136484 0.089513
3 18 38.571430 0.136405 0.090237 0.136474 0.090371
3 19 39.047619 0.138971 0.090873 0.139220 0.091034
3 20 39.523811 0.139524 0.091517 0.135685 0.089075
4 0 40.000000 0.137008 0.090186 0.136001 0.089629
4 1 40.476189 0.135814 0.089376 0.135306 0.089355
4 2 40.952381 0.135127 0.089621 0.132414 0.087660
4 3 41.428570 0.134832 0.089330 0.135254 0.089392
4 4 41.904762 0.132831 0.087825 0.135252 0.089439
4 5 42.380951 0.133489 0.088113 0.132075 0.087531
4 6 42.857143 0.133817 0.087922 0.133190 0.088162
4 7 43.333332 0.133837 0.087826 0.132062 0.086910
4 8 43.809525 0.133434 0.087706 0.134693 0.088375
4 9 44.285713 0.134366 0.088632 0.135023 0.089111
4 10 44.761906 0.132914 0.086505 0.132034 0.085711
4 11 45.238094 0.129124 0.084918 0.129971 0.085712
4 12 45.714287 0.130022 0.086011 0.128329 0.084776
4 13 46.190475 0.129713 0.085838 0.127379 0.084217
4 14 46.666668 0.129299 0.085120 0.130056 0.085915
4 15 47.142857 0.127370 0.083978 0.129303 0.085490
4 16 47.619049 0.130855 0.086148 0.128569 0.084979
4 17 48.095238 0.127648 0.084314 0.127426 0.084213
4 18 48.571430 0.127841 0.084447 0.128632 0.085235
4 19 49.047619 0.128844 0.085600 0.125313 0.083259
4 20 49.523811 0.126279 0.083518 0.128753 0.084631
5 0 50.000000 0.125867 0.083278 0.125525 0.083133
5 1 50.476189 0.126493 0.084286 0.127594 0.084966
5 2 50.952381 0.127319 0.084034 0.124093 0.081475
5 3 51.428570 0.125074 0.082473 0.125884 0.083083
5 4 51.904762 0.125588 0.082670 0.125038 0.082453
5 5 52.380951 0.122959 0.080888 0.123775 0.081446
5 6 52.857143 0.125777 0.082718 0.125423 0.082391
5 7 53.333332 0.123468 0.081911 0.122539 0.080861
5 8 53.809525 0.123719 0.081656 0.122650 0.080623
5 9 54.285713 0.122882 0.081056 0.122830 0.081053
5 10 54.761906 0.121495 0.080372 0.123379 0.081870
5 11 55.238094 0.123008 0.081480 0.121997 0.080483
5 12 55.714287 0.121847 0.080201 0.120353 0.079407
5 13 56.190475 0.121036 0.079517 0.122931 0.081208
5 14 56.666668 0.121766 0.079746 0.121890 0.080306
5 15 57.142857 0.122465 0.080386 0.122982 0.080824
5 16 57.619049 0.120125 0.079275 0.121078 0.080086
5 17 58.095238 0.120422 0.080148 0.121214 0.080466
5 18 58.571430 0.119235 0.078683 0.119097 0.078482
5 19 59.047619 0.120788 0.079215 0.120648 0.079276
5 20 59.523811 0.120424 0.079359 0.118842 0.078317
6 0 60.000000 0.119820 0.078798 0.119591 0.078435
6 1 60.476189 0.120621 0.079361 0.120975 0.078933
6 2 60.952381 0.119555 0.079109 0.118540 0.079050
6 3 61.428570 0.120027 0.078474 0.119400 0.078007
6 4 61.904762 0.117019 0.076935 0.118928 0.077939
6 5 62.380951 0.118534 0.077741 0.118035 0.077268
6 6 62.857143 0.117927 0.078080 0.117558 0.077894
6 7 63.333332 0.117123 0.076767 0.116889 0.076744
6 8 63.809525 0.116681 0.076957 0.118507 0.078267
6 9 64.285713 0.117230 0.077028 0.117756 0.077376
6 10 64.761902 0.114721 0.075588 0.117562 0.077753
6 11 65.238098 0.116111 0.076846 0.117122 0.077891
6 12 65.714287 0.116216 0.076368 0.116428 0.076507
6 13 66.190475 0.117945 0.077159 0.118649 0.077764
6 14 66.666664 0.117324 0.077004 0.118366 0.077928
6 15 67.142860 0.117878 0.077255 0.116571 0.076361
6 16 67.619049 0.112455 0.074499 0.114039 0.075930
6 17 68.095238 0.115996 0.076227 0.116291 0.076299
6 18 68.571426 0.114078 0.075001 0.115224 0.075500
6 19 69.047623 0.117255 0.076793 0.117423 0.076745
6 20 69.523811 0.114210 0.075257 0.113827 0.075042
7 0 70.000000 0.114032 0.075502 0.113383 0.075120
7 1 70.476189 0.114457 0.075365 0.113548 0.074593
7 2 70.952377 0.114044 0.075233 0.113603 0.074652
7 3 71.428574 0.115519 0.075856 0.114103 0.074970
7 4 71.904762 0.112244 0.074425 0.112434 0.074774
7 5 72.380951 0.111899 0.073916 0.115143 0.075856
7 6 72.857140 0.113099 0.074869 0.111759 0.074114
7 7 73.333336 0.110411 0.073223 0.111033 0.073305
7 8 73.809525 0.111234 0.074022 0.112594 0.074879
7 9 74.285713 0.110951 0.073383 0.112367 0.074566
7 10 74.761902 0.110943 0.073140 0.112513 0.073976
7 11 75.238098 0.109407 0.072124 0.110708 0.073458
7 12 75.714287 0.111316 0.073717 0.111572 0.074098
7 13 76.190475 0.110336 0.072633 0.112518 0.074071
7 14 76.666664 0.111882 0.073716 0.111563 0.073806
7 15 77.142860 0.109627 0.072682 0.107370 0.071539
7 16 77.619049 0.111809 0.073960 0.111211 0.073283
7 17 78.095238 0.111685 0.073731 0.111572 0.073599
7 18 78.571426 0.111502 0.073285 0.111152 0.072866
7 19 79.047623 0.111064 0.073178 0.108600 0.071605
7 20 79.523811 0.108067 0.071669 0.108595 0.072243
8 0 80.000000 0.108142 0.071535 0.111358 0.074175
8 1 80.476189 0.109023 0.072230 0.109448 0.072507
8 2 80.952377 0.109380 0.072135 0.108844 0.071576
8 3 81.428574 0.110747 0.073225 0.111458 0.073894
8 4 81.904762 0.109371 0.071872 0.109755 0.072361
8 5 82.380951 0.112173 0.073612 0.111129 0.072994
8 6 82.857140 0.109127 0.072536 0.108366 0.071762
8 7 83.333336 0.112973 0.073117 0.113142 0.073283
8 8 83.809525 0.108311 0.071305 0.108138 0.071238
8 9 84.285713 0.107817 0.070799 0.107317 0.070617
8 10 84.761902 0.106857 0.070825 0.109008 0.072388
8 11 85.238098 0.106834 0.070437 0.108536 0.071805
8 12 85.714287 0.105827 0.070549 0.108018 0.071549
8 13 86.190475 0.106940 0.070729 0.108087 0.071616
8 14 86.666664 0.106470 0.070768 0.107159 0.071170
8 15 87.142860 0.105445 0.070096 0.105200 0.070058
8 16 87.619049 0.108838 0.071790 0.108713 0.071665
8 17 88.095238 0.105884 0.070655 0.105973 0.070624
8 18 88.571426 0.107714 0.070805 0.106026 0.069398
8 19 89.047623 0.105469 0.069889 0.106791 0.070276
8 20 89.523811 0.105222 0.070073 0.106992 0.071121
9 0 90.000000 0.107239 0.070119 0.108282 0.070686
9 1 90.476189 0.107096 0.070673 0.107006 0.070848
9 2 90.952377 0.105873 0.070098 0.106847 0.070893
9 3 91.428574 0.104772 0.069511 0.104975 0.069843
9 4 91.904762 0.104933 0.069265 0.107157 0.070966
9 5 92.380951 0.105881 0.070028 0.106912 0.071150
9 6 92.857140 0.105638 0.070086 0.103981 0.068799
9 7 93.333336 0.103449 0.068938 0.105275 0.070001
9 8 93.809525 0.105747 0.069759 0.105902 0.069845
9 9 94.285713 0.104324 0.069585 0.104233 0.069706
9 10 94.761902 0.105334 0.070026 0.103972 0.069077
9 11 95.238098 0.103703 0.069002 0.103528 0.068958
9 12 95.714287 0.108341 0.071189 0.108658 0.071241
9 13 96.190475 0.103872 0.068824 0.104943 0.070116
9 14 96.666664 0.104639 0.068492 0.103827 0.068005
9 15 97.142860 0.102254 0.068103 0.103260 0.069008
9 16 97.619049 0.103979 0.069169 0.105105 0.069894
9 17 98.095238 0.103444 0.068634 0.103891 0.069085
9 18 98.571426 0.104570 0.069398 0.104666 0.069743
9 19 99.047623 0.102956 0.068323 0.104395 0.069324
9 20 99.523811 0.103203 0.068483 0.103904 0.068730
