regression experiment start

training_items_count 86900
testing_items_count  5000
epoch_count          10
batch_size           4096
batches_per_epoch    21
input_shape  [32 16 160]
output_shape [1 1 3]
network_config_file  networks/disc32x16x10/noise_10_0/net_6_all/network_config.json
====================================================================================================




initialising batch with size 4096  required memory 1342.226440[MB]
batch init done


initialising network from file networks/disc32x16x10/noise_10_0/net_6_all/network_config.json
network init done
network init result : 
DENSE CONV	[32 16 160]	[3 3 8]	[32 16 168]	[11528 5898240]	
RELU		[32 16 168]	[32 16 168]	[0 172032]	
DENSE CONV	[32 16 168]	[3 3 8]	[32 16 176]	[12104 6193152]	
RELU		[32 16 176]	[32 16 176]	[0 180224]	
DENSE CONV	[32 16 176]	[3 3 8]	[32 16 184]	[12680 6488064]	
RELU		[32 16 184]	[32 16 184]	[0 188416]	
DENSE CONV	[32 16 184]	[3 3 8]	[32 16 192]	[13256 6782976]	
RELU		[32 16 192]	[32 16 192]	[0 196608]	
CONVOLUTION	[32 16 192]	[1 1 16]	[32 16 16]	[3088 1572864]	
RELU		[32 16 16]	[32 16 16]	[0 16384]	
DENSE CONV	[32 16 16]	[3 3 8]	[32 16 24]	[1160 589824]	
RELU		[32 16 24]	[32 16 24]	[0 24576]	
DENSE CONV	[32 16 24]	[3 3 8]	[32 16 32]	[1736 884736]	
RELU		[32 16 32]	[32 16 32]	[0 32768]	
DENSE CONV	[32 16 32]	[3 3 8]	[32 16 40]	[2312 1179648]	
RELU		[32 16 40]	[32 16 40]	[0 40960]	
DENSE CONV	[32 16 40]	[3 3 8]	[32 16 48]	[2888 1474560]	
RELU		[32 16 48]	[32 16 48]	[0 49152]	
CONVOLUTION	[32 16 48]	[1 1 16]	[32 16 16]	[784 393216]	
RELU		[32 16 16]	[32 16 16]	[0 16384]	
DENSE CONV	[32 16 16]	[3 3 8]	[32 16 24]	[1160 589824]	
RELU		[32 16 24]	[32 16 24]	[0 24576]	
DENSE CONV	[32 16 24]	[3 3 8]	[32 16 32]	[1736 884736]	
RELU		[32 16 32]	[32 16 32]	[0 32768]	
DENSE CONV	[32 16 32]	[3 3 8]	[32 16 40]	[2312 1179648]	
RELU		[32 16 40]	[32 16 40]	[0 40960]	
DENSE CONV	[32 16 40]	[3 3 8]	[32 16 48]	[2888 1474560]	
RELU		[32 16 48]	[32 16 48]	[0 49152]	
CONVOLUTION	[32 16 48]	[1 1 32]	[32 16 32]	[1568 786432]	
RELU		[32 16 32]	[32 16 32]	[0 32768]	
DROPOUT		[32 16 32]	[32 16 32]	[0 32768]	
FC			[32 16 32]	[1 1 3]	[49155 98310]	


GFLOPS = 0.037601
FLOPS = 37601286
TRAINABLE PARAMETERS = 120355

====================================================================================================






starting training

creating batch 0
training epoch 0 batch id0 done = 0.000000[%]

testing on testing
testing on training
testing error_average_euclidean 0.206234
testing error_std 0.133521
saving new best net with result = 0.206234
====================================================================================================




creating batch 1
training epoch 0 batch id1 done = 0.476190[%]

testing on testing
testing on training
testing error_average_euclidean 0.185126
testing error_std 0.120930
saving new best net with result = 0.185126
====================================================================================================




creating batch 2
training epoch 0 batch id2 done = 0.952381[%]

testing on testing
testing on training
testing error_average_euclidean 0.177895
testing error_std 0.116267
saving new best net with result = 0.177895
====================================================================================================




creating batch 3
training epoch 0 batch id3 done = 1.428571[%]

testing on testing
testing on training
testing error_average_euclidean 0.171504
testing error_std 0.114488
saving new best net with result = 0.171504
====================================================================================================




creating batch 4
training epoch 0 batch id4 done = 1.904762[%]

testing on testing
testing on training
testing error_average_euclidean 0.168936
testing error_std 0.110676
saving new best net with result = 0.168936
====================================================================================================




creating batch 5
training epoch 0 batch id5 done = 2.380952[%]

testing on testing
testing on training
testing error_average_euclidean 0.163642
testing error_std 0.107437
saving new best net with result = 0.163642
====================================================================================================




creating batch 6
training epoch 0 batch id6 done = 2.857143[%]

testing on testing
testing on training
testing error_average_euclidean 0.157646
testing error_std 0.104623
saving new best net with result = 0.157646
====================================================================================================




creating batch 7
training epoch 0 batch id7 done = 3.333333[%]

testing on testing
testing on training
testing error_average_euclidean 0.154557
testing error_std 0.102281
saving new best net with result = 0.154557
====================================================================================================




creating batch 8
training epoch 0 batch id8 done = 3.809524[%]

testing on testing
testing on training
testing error_average_euclidean 0.158112
testing error_std 0.101027
====================================================================================================




creating batch 9
training epoch 0 batch id9 done = 4.285714[%]

testing on testing
testing on training
testing error_average_euclidean 0.149402
testing error_std 0.098474
saving new best net with result = 0.149402
====================================================================================================




creating batch 10
training epoch 0 batch id10 done = 4.761905[%]

testing on testing
testing on training
testing error_average_euclidean 0.146050
testing error_std 0.096229
saving new best net with result = 0.146050
====================================================================================================




creating batch 11
training epoch 0 batch id11 done = 5.238095[%]

testing on testing
testing on training
testing error_average_euclidean 0.142918
testing error_std 0.092820
saving new best net with result = 0.142918
====================================================================================================




creating batch 12
training epoch 0 batch id12 done = 5.714286[%]

testing on testing
testing on training
testing error_average_euclidean 0.135012
testing error_std 0.089392
saving new best net with result = 0.135012
====================================================================================================




creating batch 13
training epoch 0 batch id13 done = 6.190476[%]

testing on testing
testing on training
testing error_average_euclidean 0.134165
testing error_std 0.086319
saving new best net with result = 0.134165
====================================================================================================




creating batch 14
training epoch 0 batch id14 done = 6.666667[%]

testing on testing
testing on training
testing error_average_euclidean 0.129295
testing error_std 0.084447
saving new best net with result = 0.129295
====================================================================================================




creating batch 15
training epoch 0 batch id15 done = 7.142857[%]

testing on testing
testing on training
testing error_average_euclidean 0.128292
testing error_std 0.083808
saving new best net with result = 0.128292
====================================================================================================




creating batch 16
training epoch 0 batch id16 done = 7.619048[%]

testing on testing
testing on training
testing error_average_euclidean 0.127337
testing error_std 0.083673
saving new best net with result = 0.127337
====================================================================================================




creating batch 17
training epoch 0 batch id17 done = 8.095238[%]

testing on testing
testing on training
testing error_average_euclidean 0.129498
testing error_std 0.083202
====================================================================================================




creating batch 18
training epoch 0 batch id18 done = 8.571428[%]

testing on testing
testing on training
testing error_average_euclidean 0.126368
testing error_std 0.081649
saving new best net with result = 0.126368
====================================================================================================




creating batch 19
training epoch 0 batch id19 done = 9.047619[%]

testing on testing
testing on training
testing error_average_euclidean 0.123136
testing error_std 0.080716
saving new best net with result = 0.123136
====================================================================================================




creating batch 20
training epoch 0 batch id20 done = 9.523809[%]

testing on testing
testing on training
testing error_average_euclidean 0.122430
testing error_std 0.079673
saving new best net with result = 0.122430
====================================================================================================




creating batch 0
training epoch 1 batch id0 done = 10.000000[%]

testing on testing
testing on training
testing error_average_euclidean 0.119974
testing error_std 0.078055
saving new best net with result = 0.119974
====================================================================================================




creating batch 1
training epoch 1 batch id1 done = 10.476191[%]

testing on testing
testing on training
testing error_average_euclidean 0.116133
testing error_std 0.076633
saving new best net with result = 0.116133
====================================================================================================




creating batch 2
training epoch 1 batch id2 done = 10.952381[%]

testing on testing
testing on training
testing error_average_euclidean 0.115043
testing error_std 0.075341
saving new best net with result = 0.115043
====================================================================================================




creating batch 3
training epoch 1 batch id3 done = 11.428572[%]

testing on testing
testing on training
testing error_average_euclidean 0.111154
testing error_std 0.073133
saving new best net with result = 0.111154
====================================================================================================




creating batch 4
training epoch 1 batch id4 done = 11.904762[%]

testing on testing
testing on training
testing error_average_euclidean 0.109978
testing error_std 0.072823
saving new best net with result = 0.109978
====================================================================================================




creating batch 5
training epoch 1 batch id5 done = 12.380953[%]

testing on testing
testing on training
testing error_average_euclidean 0.107969
testing error_std 0.070670
saving new best net with result = 0.107969
====================================================================================================




creating batch 6
training epoch 1 batch id6 done = 12.857142[%]

testing on testing
testing on training
testing error_average_euclidean 0.105122
testing error_std 0.069547
saving new best net with result = 0.105122
====================================================================================================




creating batch 7
training epoch 1 batch id7 done = 13.333333[%]

testing on testing
testing on training
testing error_average_euclidean 0.106348
testing error_std 0.070452
====================================================================================================




creating batch 8
training epoch 1 batch id8 done = 13.809524[%]

testing on testing
testing on training
testing error_average_euclidean 0.104397
testing error_std 0.069546
saving new best net with result = 0.104397
====================================================================================================




creating batch 9
training epoch 1 batch id9 done = 14.285714[%]

testing on testing
testing on training
testing error_average_euclidean 0.103449
testing error_std 0.068867
saving new best net with result = 0.103449
====================================================================================================




creating batch 10
training epoch 1 batch id10 done = 14.761905[%]

testing on testing
testing on training
testing error_average_euclidean 0.103862
testing error_std 0.068824
====================================================================================================




creating batch 11
training epoch 1 batch id11 done = 15.238095[%]

testing on testing
testing on training
testing error_average_euclidean 0.101841
testing error_std 0.067749
saving new best net with result = 0.101841
====================================================================================================




creating batch 12
training epoch 1 batch id12 done = 15.714286[%]

testing on testing
testing on training
testing error_average_euclidean 0.100696
testing error_std 0.066229
saving new best net with result = 0.100696
====================================================================================================




creating batch 13
training epoch 1 batch id13 done = 16.190475[%]

testing on testing
testing on training
testing error_average_euclidean 0.101276
testing error_std 0.067025
====================================================================================================




creating batch 14
training epoch 1 batch id14 done = 16.666666[%]

testing on testing
testing on training
testing error_average_euclidean 0.099771
testing error_std 0.066492
saving new best net with result = 0.099771
====================================================================================================




creating batch 15
training epoch 1 batch id15 done = 17.142857[%]

testing on testing
testing on training
testing error_average_euclidean 0.099795
testing error_std 0.066191
====================================================================================================




creating batch 16
training epoch 1 batch id16 done = 17.619047[%]

testing on testing
testing on training
testing error_average_euclidean 0.099465
testing error_std 0.066053
saving new best net with result = 0.099465
====================================================================================================




creating batch 17
training epoch 1 batch id17 done = 18.095238[%]

testing on testing
testing on training
testing error_average_euclidean 0.100139
testing error_std 0.066354
====================================================================================================




creating batch 18
training epoch 1 batch id18 done = 18.571428[%]

testing on testing
testing on training
testing error_average_euclidean 0.096014
testing error_std 0.063610
saving new best net with result = 0.096014
====================================================================================================




creating batch 19
training epoch 1 batch id19 done = 19.047619[%]

testing on testing
testing on training
testing error_average_euclidean 0.097266
testing error_std 0.064693
====================================================================================================




creating batch 20
training epoch 1 batch id20 done = 19.523809[%]

testing on testing
testing on training
testing error_average_euclidean 0.097367
testing error_std 0.064794
====================================================================================================




creating batch 0
training epoch 2 batch id0 done = 20.000000[%]

testing on testing
testing on training
testing error_average_euclidean 0.098558
testing error_std 0.064428
====================================================================================================




creating batch 1
training epoch 2 batch id1 done = 20.476191[%]

testing on testing
testing on training
testing error_average_euclidean 0.095318
testing error_std 0.063882
saving new best net with result = 0.095318
====================================================================================================




creating batch 2
training epoch 2 batch id2 done = 20.952381[%]

testing on testing
testing on training
testing error_average_euclidean 0.096710
testing error_std 0.064379
====================================================================================================




creating batch 3
training epoch 2 batch id3 done = 21.428572[%]

testing on testing
testing on training
testing error_average_euclidean 0.095549
testing error_std 0.063244
====================================================================================================




creating batch 4
training epoch 2 batch id4 done = 21.904762[%]

testing on testing
testing on training
testing error_average_euclidean 0.095513
testing error_std 0.063051
====================================================================================================




creating batch 5
training epoch 2 batch id5 done = 22.380953[%]

testing on testing
testing on training
testing error_average_euclidean 0.093257
testing error_std 0.062140
saving new best net with result = 0.093257
====================================================================================================




creating batch 6
training epoch 2 batch id6 done = 22.857143[%]

testing on testing
testing on training
testing error_average_euclidean 0.095635
testing error_std 0.063055
====================================================================================================




creating batch 7
training epoch 2 batch id7 done = 23.333334[%]

testing on testing
testing on training
testing error_average_euclidean 0.092768
testing error_std 0.062019
saving new best net with result = 0.092768
====================================================================================================




creating batch 8
training epoch 2 batch id8 done = 23.809525[%]

testing on testing
testing on training
testing error_average_euclidean 0.094784
testing error_std 0.063005
====================================================================================================




creating batch 9
training epoch 2 batch id9 done = 24.285715[%]

testing on testing
testing on training
testing error_average_euclidean 0.093218
testing error_std 0.061677
====================================================================================================




creating batch 10
training epoch 2 batch id10 done = 24.761906[%]

testing on testing
testing on training
testing error_average_euclidean 0.091946
testing error_std 0.061428
saving new best net with result = 0.091946
====================================================================================================




creating batch 11
training epoch 2 batch id11 done = 25.238094[%]

testing on testing
testing on training
testing error_average_euclidean 0.093152
testing error_std 0.061501
====================================================================================================




creating batch 12
training epoch 2 batch id12 done = 25.714285[%]

testing on testing
testing on training
testing error_average_euclidean 0.091214
testing error_std 0.060703
saving new best net with result = 0.091214
====================================================================================================




creating batch 13
training epoch 2 batch id13 done = 26.190475[%]

testing on testing
testing on training
testing error_average_euclidean 0.092141
testing error_std 0.061635
====================================================================================================




creating batch 14
training epoch 2 batch id14 done = 26.666666[%]

testing on testing
testing on training
testing error_average_euclidean 0.089660
testing error_std 0.060062
saving new best net with result = 0.089660
====================================================================================================




creating batch 15
training epoch 2 batch id15 done = 27.142857[%]

testing on testing
testing on training
testing error_average_euclidean 0.090788
testing error_std 0.060377
====================================================================================================




creating batch 16
training epoch 2 batch id16 done = 27.619047[%]

testing on testing
testing on training
testing error_average_euclidean 0.090361
testing error_std 0.060359
====================================================================================================




creating batch 17
training epoch 2 batch id17 done = 28.095238[%]

testing on testing
testing on training
testing error_average_euclidean 0.093529
testing error_std 0.061210
====================================================================================================




creating batch 18
training epoch 2 batch id18 done = 28.571428[%]

testing on testing
testing on training
testing error_average_euclidean 0.089046
testing error_std 0.059623
saving new best net with result = 0.089046
====================================================================================================




creating batch 19
training epoch 2 batch id19 done = 29.047619[%]

testing on testing
testing on training
testing error_average_euclidean 0.089907
testing error_std 0.060334
====================================================================================================




creating batch 20
training epoch 2 batch id20 done = 29.523809[%]

testing on testing
testing on training
testing error_average_euclidean 0.088073
testing error_std 0.059389
saving new best net with result = 0.088073
====================================================================================================




creating batch 0
training epoch 3 batch id0 done = 30.000000[%]

testing on testing
testing on training
testing error_average_euclidean 0.088229
testing error_std 0.059012
====================================================================================================




creating batch 1
training epoch 3 batch id1 done = 30.476191[%]

testing on testing
testing on training
testing error_average_euclidean 0.090459
testing error_std 0.060599
====================================================================================================




creating batch 2
training epoch 3 batch id2 done = 30.952381[%]

testing on testing
testing on training
testing error_average_euclidean 0.088730
testing error_std 0.058375
====================================================================================================




creating batch 3
training epoch 3 batch id3 done = 31.428572[%]

testing on testing
testing on training
testing error_average_euclidean 0.086870
testing error_std 0.058686
saving new best net with result = 0.086870
====================================================================================================




creating batch 4
training epoch 3 batch id4 done = 31.904762[%]

testing on testing
testing on training
testing error_average_euclidean 0.087725
testing error_std 0.058811
====================================================================================================




creating batch 5
training epoch 3 batch id5 done = 32.380951[%]

testing on testing
testing on training
testing error_average_euclidean 0.087959
testing error_std 0.059347
====================================================================================================




creating batch 6
training epoch 3 batch id6 done = 32.857143[%]

testing on testing
testing on training
testing error_average_euclidean 0.088252
testing error_std 0.058741
====================================================================================================




creating batch 7
training epoch 3 batch id7 done = 33.333332[%]

testing on testing
testing on training
testing error_average_euclidean 0.088348
testing error_std 0.058542
====================================================================================================




creating batch 8
training epoch 3 batch id8 done = 33.809525[%]

testing on testing
testing on training
testing error_average_euclidean 0.085859
testing error_std 0.057824
saving new best net with result = 0.085859
====================================================================================================




creating batch 9
training epoch 3 batch id9 done = 34.285713[%]

testing on testing
testing on training
testing error_average_euclidean 0.086492
testing error_std 0.058083
====================================================================================================




creating batch 10
training epoch 3 batch id10 done = 34.761906[%]

testing on testing
testing on training
testing error_average_euclidean 0.089336
testing error_std 0.059290
====================================================================================================




creating batch 11
training epoch 3 batch id11 done = 35.238094[%]

testing on testing
testing on training
testing error_average_euclidean 0.084873
testing error_std 0.056981
saving new best net with result = 0.084873
====================================================================================================




creating batch 12
training epoch 3 batch id12 done = 35.714287[%]

testing on testing
testing on training
testing error_average_euclidean 0.085085
testing error_std 0.057297
====================================================================================================




creating batch 13
training epoch 3 batch id13 done = 36.190475[%]

testing on testing
testing on training
testing error_average_euclidean 0.083558
testing error_std 0.056171
saving new best net with result = 0.083558
====================================================================================================




creating batch 14
training epoch 3 batch id14 done = 36.666668[%]

testing on testing
testing on training
testing error_average_euclidean 0.085874
testing error_std 0.056877
====================================================================================================




creating batch 15
training epoch 3 batch id15 done = 37.142857[%]

testing on testing
testing on training
testing error_average_euclidean 0.083839
testing error_std 0.055798
====================================================================================================




creating batch 16
training epoch 3 batch id16 done = 37.619049[%]

testing on testing
testing on training
testing error_average_euclidean 0.084162
testing error_std 0.056746
====================================================================================================




creating batch 17
training epoch 3 batch id17 done = 38.095238[%]

testing on testing
testing on training
testing error_average_euclidean 0.084431
testing error_std 0.056691
====================================================================================================




creating batch 18
training epoch 3 batch id18 done = 38.571430[%]

testing on testing
testing on training
testing error_average_euclidean 0.084707
testing error_std 0.056835
====================================================================================================




creating batch 19
training epoch 3 batch id19 done = 39.047619[%]

testing on testing
testing on training
testing error_average_euclidean 0.084443
testing error_std 0.057079
====================================================================================================




creating batch 20
training epoch 3 batch id20 done = 39.523811[%]

testing on testing
testing on training
testing error_average_euclidean 0.083122
testing error_std 0.056419
saving new best net with result = 0.083122
====================================================================================================




creating batch 0
training epoch 4 batch id0 done = 40.000000[%]

testing on testing
testing on training
testing error_average_euclidean 0.082156
testing error_std 0.055603
saving new best net with result = 0.082156
====================================================================================================




creating batch 1
training epoch 4 batch id1 done = 40.476189[%]

testing on testing
testing on training
testing error_average_euclidean 0.085060
testing error_std 0.057332
====================================================================================================




creating batch 2
training epoch 4 batch id2 done = 40.952381[%]

testing on testing
testing on training
testing error_average_euclidean 0.082388
testing error_std 0.056025
====================================================================================================




creating batch 3
training epoch 4 batch id3 done = 41.428570[%]

testing on testing
testing on training
testing error_average_euclidean 0.082623
testing error_std 0.055792
====================================================================================================




creating batch 4
training epoch 4 batch id4 done = 41.904762[%]

testing on testing
testing on training
testing error_average_euclidean 0.081924
testing error_std 0.055239
saving new best net with result = 0.081924
====================================================================================================




creating batch 5
training epoch 4 batch id5 done = 42.380951[%]

testing on testing
testing on training
testing error_average_euclidean 0.081753
testing error_std 0.055283
saving new best net with result = 0.081753
====================================================================================================




creating batch 6
training epoch 4 batch id6 done = 42.857143[%]

testing on testing
testing on training
testing error_average_euclidean 0.083992
testing error_std 0.056246
====================================================================================================




creating batch 7
training epoch 4 batch id7 done = 43.333332[%]

testing on testing
testing on training
testing error_average_euclidean 0.080351
testing error_std 0.053981
saving new best net with result = 0.080351
====================================================================================================




creating batch 8
training epoch 4 batch id8 done = 43.809525[%]

testing on testing
testing on training
testing error_average_euclidean 0.081128
testing error_std 0.054276
====================================================================================================




creating batch 9
training epoch 4 batch id9 done = 44.285713[%]

testing on testing
testing on training
testing error_average_euclidean 0.080820
testing error_std 0.054749
====================================================================================================




creating batch 10
training epoch 4 batch id10 done = 44.761906[%]

testing on testing
testing on training
testing error_average_euclidean 0.078781
testing error_std 0.053146
saving new best net with result = 0.078781
====================================================================================================




creating batch 11
training epoch 4 batch id11 done = 45.238094[%]

testing on testing
testing on training
testing error_average_euclidean 0.081837
testing error_std 0.055289
====================================================================================================




creating batch 12
training epoch 4 batch id12 done = 45.714287[%]

testing on testing
testing on training
testing error_average_euclidean 0.080984
testing error_std 0.055164
====================================================================================================




creating batch 13
training epoch 4 batch id13 done = 46.190475[%]

testing on testing
testing on training
testing error_average_euclidean 0.079787
testing error_std 0.053678
====================================================================================================




creating batch 14
training epoch 4 batch id14 done = 46.666668[%]

testing on testing
testing on training
testing error_average_euclidean 0.079559
testing error_std 0.053635
====================================================================================================




creating batch 15
training epoch 4 batch id15 done = 47.142857[%]

testing on testing
testing on training
testing error_average_euclidean 0.078004
testing error_std 0.052476
saving new best net with result = 0.078004
====================================================================================================




creating batch 16
training epoch 4 batch id16 done = 47.619049[%]

testing on testing
testing on training
testing error_average_euclidean 0.078829
testing error_std 0.053505
====================================================================================================




creating batch 17
training epoch 4 batch id17 done = 48.095238[%]

testing on testing
testing on training
testing error_average_euclidean 0.080925
testing error_std 0.054551
====================================================================================================




creating batch 18
training epoch 4 batch id18 done = 48.571430[%]

testing on testing
testing on training
testing error_average_euclidean 0.078428
testing error_std 0.053161
====================================================================================================




creating batch 19
training epoch 4 batch id19 done = 49.047619[%]

testing on testing
testing on training
testing error_average_euclidean 0.078577
testing error_std 0.053051
====================================================================================================




creating batch 20
training epoch 4 batch id20 done = 49.523811[%]

testing on testing
testing on training
testing error_average_euclidean 0.077775
testing error_std 0.052919
saving new best net with result = 0.077775
====================================================================================================




creating batch 0
training epoch 5 batch id0 done = 50.000000[%]

testing on testing
testing on training
testing error_average_euclidean 0.078246
testing error_std 0.052997
====================================================================================================




creating batch 1
training epoch 5 batch id1 done = 50.476189[%]

testing on testing
testing on training
testing error_average_euclidean 0.078149
testing error_std 0.052646
====================================================================================================




creating batch 2
training epoch 5 batch id2 done = 50.952381[%]

testing on testing
testing on training
testing error_average_euclidean 0.076181
testing error_std 0.051685
saving new best net with result = 0.076181
====================================================================================================




creating batch 3
training epoch 5 batch id3 done = 51.428570[%]

testing on testing
testing on training
testing error_average_euclidean 0.076324
testing error_std 0.051427
====================================================================================================




creating batch 4
training epoch 5 batch id4 done = 51.904762[%]

testing on testing
testing on training
testing error_average_euclidean 0.076855
testing error_std 0.052171
====================================================================================================




creating batch 5
training epoch 5 batch id5 done = 52.380951[%]

testing on testing
testing on training
testing error_average_euclidean 0.077243
testing error_std 0.051761
====================================================================================================




creating batch 6
training epoch 5 batch id6 done = 52.857143[%]

testing on testing
testing on training
testing error_average_euclidean 0.076919
testing error_std 0.051934
====================================================================================================




creating batch 7
training epoch 5 batch id7 done = 53.333332[%]

testing on testing
testing on training
testing error_average_euclidean 0.076846
testing error_std 0.052114
====================================================================================================




creating batch 8
training epoch 5 batch id8 done = 53.809525[%]

testing on testing
testing on training
testing error_average_euclidean 0.075704
testing error_std 0.051510
saving new best net with result = 0.075704
====================================================================================================




creating batch 9
training epoch 5 batch id9 done = 54.285713[%]

testing on testing
testing on training
testing error_average_euclidean 0.074549
testing error_std 0.050473
saving new best net with result = 0.074549
====================================================================================================




creating batch 10
training epoch 5 batch id10 done = 54.761906[%]

testing on testing
testing on training
testing error_average_euclidean 0.074323
testing error_std 0.050507
saving new best net with result = 0.074323
====================================================================================================




creating batch 11
training epoch 5 batch id11 done = 55.238094[%]

testing on testing
testing on training
testing error_average_euclidean 0.077165
testing error_std 0.051951
====================================================================================================




creating batch 12
training epoch 5 batch id12 done = 55.714287[%]

testing on testing
testing on training
testing error_average_euclidean 0.074686
testing error_std 0.050715
====================================================================================================




creating batch 13
training epoch 5 batch id13 done = 56.190475[%]

testing on testing
testing on training
testing error_average_euclidean 0.075885
testing error_std 0.051128
====================================================================================================




creating batch 14
training epoch 5 batch id14 done = 56.666668[%]

testing on testing
testing on training
testing error_average_euclidean 0.075067
testing error_std 0.050303
====================================================================================================




creating batch 15
training epoch 5 batch id15 done = 57.142857[%]

testing on testing
testing on training
testing error_average_euclidean 0.073910
testing error_std 0.050148
saving new best net with result = 0.073910
====================================================================================================




creating batch 16
training epoch 5 batch id16 done = 57.619049[%]

testing on testing
testing on training
testing error_average_euclidean 0.074321
testing error_std 0.050532
====================================================================================================




creating batch 17
training epoch 5 batch id17 done = 58.095238[%]

testing on testing
testing on training
testing error_average_euclidean 0.075695
testing error_std 0.051262
====================================================================================================




creating batch 18
training epoch 5 batch id18 done = 58.571430[%]

testing on testing
testing on training
testing error_average_euclidean 0.072516
testing error_std 0.049484
saving new best net with result = 0.072516
====================================================================================================




creating batch 19
training epoch 5 batch id19 done = 59.047619[%]

testing on testing
testing on training
testing error_average_euclidean 0.075624
testing error_std 0.051276
====================================================================================================




creating batch 20
training epoch 5 batch id20 done = 59.523811[%]

testing on testing
testing on training
testing error_average_euclidean 0.073631
testing error_std 0.050019
====================================================================================================




creating batch 0
training epoch 6 batch id0 done = 60.000000[%]

testing on testing
testing on training
testing error_average_euclidean 0.074249
testing error_std 0.050457
====================================================================================================




creating batch 1
training epoch 6 batch id1 done = 60.476189[%]

testing on testing
testing on training
testing error_average_euclidean 0.072928
testing error_std 0.049772
====================================================================================================




creating batch 2
training epoch 6 batch id2 done = 60.952381[%]

testing on testing
testing on training
testing error_average_euclidean 0.072958
testing error_std 0.049564
====================================================================================================




creating batch 3
training epoch 6 batch id3 done = 61.428570[%]

testing on testing
testing on training
testing error_average_euclidean 0.074261
testing error_std 0.050370
====================================================================================================




creating batch 4
training epoch 6 batch id4 done = 61.904762[%]

testing on testing
testing on training
testing error_average_euclidean 0.071693
testing error_std 0.048669
saving new best net with result = 0.071693
====================================================================================================




creating batch 5
training epoch 6 batch id5 done = 62.380951[%]

testing on testing
testing on training
testing error_average_euclidean 0.072364
testing error_std 0.048948
====================================================================================================




creating batch 6
training epoch 6 batch id6 done = 62.857143[%]

testing on testing
testing on training
testing error_average_euclidean 0.072782
testing error_std 0.049458
====================================================================================================




creating batch 7
training epoch 6 batch id7 done = 63.333332[%]

testing on testing
testing on training
testing error_average_euclidean 0.073125
testing error_std 0.049391
====================================================================================================




creating batch 8
training epoch 6 batch id8 done = 63.809525[%]

testing on testing
testing on training
testing error_average_euclidean 0.072707
testing error_std 0.048891
====================================================================================================




creating batch 9
training epoch 6 batch id9 done = 64.285713[%]

testing on testing
testing on training
testing error_average_euclidean 0.070417
testing error_std 0.047721
saving new best net with result = 0.070417
====================================================================================================




creating batch 10
training epoch 6 batch id10 done = 64.761902[%]

testing on testing
testing on training
testing error_average_euclidean 0.071886
testing error_std 0.048933
====================================================================================================




creating batch 11
training epoch 6 batch id11 done = 65.238098[%]

testing on testing
testing on training
testing error_average_euclidean 0.073452
testing error_std 0.048678
====================================================================================================




creating batch 12
training epoch 6 batch id12 done = 65.714287[%]

testing on testing
testing on training
testing error_average_euclidean 0.070319
testing error_std 0.047885
saving new best net with result = 0.070319
====================================================================================================




creating batch 13
training epoch 6 batch id13 done = 66.190475[%]

testing on testing
testing on training
testing error_average_euclidean 0.071046
testing error_std 0.048617
====================================================================================================




creating batch 14
training epoch 6 batch id14 done = 66.666664[%]

testing on testing
testing on training
testing error_average_euclidean 0.070928
testing error_std 0.048576
====================================================================================================




creating batch 15
training epoch 6 batch id15 done = 67.142860[%]

testing on testing
testing on training
testing error_average_euclidean 0.070136
testing error_std 0.048232
saving new best net with result = 0.070136
====================================================================================================




creating batch 16
training epoch 6 batch id16 done = 67.619049[%]

testing on testing
testing on training
testing error_average_euclidean 0.071063
testing error_std 0.048308
====================================================================================================




creating batch 17
training epoch 6 batch id17 done = 68.095238[%]

testing on testing
testing on training
testing error_average_euclidean 0.072022
testing error_std 0.048639
====================================================================================================




creating batch 18
training epoch 6 batch id18 done = 68.571426[%]

testing on testing
testing on training
testing error_average_euclidean 0.069978
testing error_std 0.047620
saving new best net with result = 0.069978
====================================================================================================




creating batch 19
training epoch 6 batch id19 done = 69.047623[%]

testing on testing
testing on training
testing error_average_euclidean 0.068638
testing error_std 0.046717
saving new best net with result = 0.068638
====================================================================================================




creating batch 20
training epoch 6 batch id20 done = 69.523811[%]

testing on testing
testing on training
testing error_average_euclidean 0.069884
testing error_std 0.047275
====================================================================================================




creating batch 0
training epoch 7 batch id0 done = 70.000000[%]

testing on testing
testing on training
testing error_average_euclidean 0.069807
testing error_std 0.047337
====================================================================================================




creating batch 1
training epoch 7 batch id1 done = 70.476189[%]

testing on testing
testing on training
testing error_average_euclidean 0.070266
testing error_std 0.047716
====================================================================================================




creating batch 2
training epoch 7 batch id2 done = 70.952377[%]

testing on testing
testing on training
testing error_average_euclidean 0.072441
testing error_std 0.048145
====================================================================================================




creating batch 3
training epoch 7 batch id3 done = 71.428574[%]

testing on testing
testing on training
testing error_average_euclidean 0.068347
testing error_std 0.046164
saving new best net with result = 0.068347
====================================================================================================




creating batch 4
training epoch 7 batch id4 done = 71.904762[%]

testing on testing
testing on training
testing error_average_euclidean 0.069204
testing error_std 0.047113
====================================================================================================




creating batch 5
training epoch 7 batch id5 done = 72.380951[%]

testing on testing
testing on training
testing error_average_euclidean 0.068291
testing error_std 0.046674
saving new best net with result = 0.068291
====================================================================================================




creating batch 6
training epoch 7 batch id6 done = 72.857140[%]

testing on testing
testing on training
testing error_average_euclidean 0.068946
testing error_std 0.046815
====================================================================================================




creating batch 7
training epoch 7 batch id7 done = 73.333336[%]

testing on testing
testing on training
testing error_average_euclidean 0.070323
testing error_std 0.047490
====================================================================================================




creating batch 8
training epoch 7 batch id8 done = 73.809525[%]

testing on testing
testing on training
testing error_average_euclidean 0.069994
testing error_std 0.046780
====================================================================================================




creating batch 9
training epoch 7 batch id9 done = 74.285713[%]

testing on testing
testing on training
testing error_average_euclidean 0.068043
testing error_std 0.046349
saving new best net with result = 0.068043
====================================================================================================




creating batch 10
training epoch 7 batch id10 done = 74.761902[%]

testing on testing
testing on training
testing error_average_euclidean 0.070368
testing error_std 0.047844
====================================================================================================




creating batch 11
training epoch 7 batch id11 done = 75.238098[%]

testing on testing
testing on training
testing error_average_euclidean 0.068401
testing error_std 0.046181
====================================================================================================




creating batch 12
training epoch 7 batch id12 done = 75.714287[%]

testing on testing
testing on training
testing error_average_euclidean 0.067896
testing error_std 0.045911
saving new best net with result = 0.067896
====================================================================================================




creating batch 13
training epoch 7 batch id13 done = 76.190475[%]

testing on testing
testing on training
testing error_average_euclidean 0.066360
testing error_std 0.045237
saving new best net with result = 0.066360
====================================================================================================




creating batch 14
training epoch 7 batch id14 done = 76.666664[%]

testing on testing
testing on training
testing error_average_euclidean 0.067700
testing error_std 0.046401
====================================================================================================




creating batch 15
training epoch 7 batch id15 done = 77.142860[%]

testing on testing
testing on training
testing error_average_euclidean 0.066893
testing error_std 0.046213
====================================================================================================




creating batch 16
training epoch 7 batch id16 done = 77.619049[%]

testing on testing
testing on training
testing error_average_euclidean 0.067144
testing error_std 0.045928
====================================================================================================




creating batch 17
training epoch 7 batch id17 done = 78.095238[%]

testing on testing
testing on training
testing error_average_euclidean 0.068228
testing error_std 0.046554
====================================================================================================




creating batch 18
training epoch 7 batch id18 done = 78.571426[%]

testing on testing
testing on training
testing error_average_euclidean 0.066621
testing error_std 0.045841
====================================================================================================




creating batch 19
training epoch 7 batch id19 done = 79.047623[%]

testing on testing
testing on training
testing error_average_euclidean 0.067902
testing error_std 0.046203
====================================================================================================




creating batch 20
training epoch 7 batch id20 done = 79.523811[%]

testing on testing
testing on training
testing error_average_euclidean 0.066420
testing error_std 0.045721
====================================================================================================




creating batch 0
training epoch 8 batch id0 done = 80.000000[%]

testing on testing
testing on training
testing error_average_euclidean 0.066661
testing error_std 0.045287
====================================================================================================




creating batch 1
training epoch 8 batch id1 done = 80.476189[%]

testing on testing
testing on training
testing error_average_euclidean 0.065757
testing error_std 0.044346
saving new best net with result = 0.065757
====================================================================================================




creating batch 2
training epoch 8 batch id2 done = 80.952377[%]

testing on testing
testing on training
testing error_average_euclidean 0.066277
testing error_std 0.045029
====================================================================================================




creating batch 3
training epoch 8 batch id3 done = 81.428574[%]

testing on testing
testing on training
testing error_average_euclidean 0.065250
testing error_std 0.044093
saving new best net with result = 0.065250
====================================================================================================




creating batch 4
training epoch 8 batch id4 done = 81.904762[%]

testing on testing
testing on training
testing error_average_euclidean 0.066293
testing error_std 0.045266
====================================================================================================




creating batch 5
training epoch 8 batch id5 done = 82.380951[%]

testing on testing
testing on training
testing error_average_euclidean 0.066558
testing error_std 0.045588
====================================================================================================




creating batch 6
training epoch 8 batch id6 done = 82.857140[%]

testing on testing
testing on training
testing error_average_euclidean 0.066426
testing error_std 0.045080
====================================================================================================




creating batch 7
training epoch 8 batch id7 done = 83.333336[%]

testing on testing
testing on training
testing error_average_euclidean 0.065404
testing error_std 0.044633
====================================================================================================




creating batch 8
training epoch 8 batch id8 done = 83.809525[%]

testing on testing
testing on training
testing error_average_euclidean 0.066640
testing error_std 0.045584
====================================================================================================




creating batch 9
training epoch 8 batch id9 done = 84.285713[%]

testing on testing
testing on training
testing error_average_euclidean 0.065817
testing error_std 0.044862
====================================================================================================




creating batch 10
training epoch 8 batch id10 done = 84.761902[%]

testing on testing
testing on training
testing error_average_euclidean 0.065947
testing error_std 0.044355
====================================================================================================




creating batch 11
training epoch 8 batch id11 done = 85.238098[%]

testing on testing
testing on training
testing error_average_euclidean 0.064091
testing error_std 0.043909
saving new best net with result = 0.064091
====================================================================================================




creating batch 12
training epoch 8 batch id12 done = 85.714287[%]

testing on testing
testing on training
testing error_average_euclidean 0.064641
testing error_std 0.043850
====================================================================================================




creating batch 13
training epoch 8 batch id13 done = 86.190475[%]

testing on testing
testing on training
testing error_average_euclidean 0.065901
testing error_std 0.045351
====================================================================================================




creating batch 14
training epoch 8 batch id14 done = 86.666664[%]

testing on testing
testing on training
testing error_average_euclidean 0.064854
testing error_std 0.044327
====================================================================================================




creating batch 15
training epoch 8 batch id15 done = 87.142860[%]

testing on testing
testing on training
testing error_average_euclidean 0.064059
testing error_std 0.044204
saving new best net with result = 0.064059
====================================================================================================




creating batch 16
training epoch 8 batch id16 done = 87.619049[%]

testing on testing
testing on training
testing error_average_euclidean 0.063963
testing error_std 0.044393
saving new best net with result = 0.063963
====================================================================================================




creating batch 17
training epoch 8 batch id17 done = 88.095238[%]

testing on testing
testing on training
testing error_average_euclidean 0.065380
testing error_std 0.044839
====================================================================================================




creating batch 18
training epoch 8 batch id18 done = 88.571426[%]

testing on testing
testing on training
testing error_average_euclidean 0.063491
testing error_std 0.043202
saving new best net with result = 0.063491
====================================================================================================




creating batch 19
training epoch 8 batch id19 done = 89.047623[%]

testing on testing
testing on training
testing error_average_euclidean 0.063718
testing error_std 0.043974
====================================================================================================




creating batch 20
training epoch 8 batch id20 done = 89.523811[%]

testing on testing
testing on training
testing error_average_euclidean 0.065601
testing error_std 0.044080
====================================================================================================




creating batch 0
training epoch 9 batch id0 done = 90.000000[%]

testing on testing
testing on training
testing error_average_euclidean 0.065005
testing error_std 0.044895
====================================================================================================




creating batch 1
training epoch 9 batch id1 done = 90.476189[%]

testing on testing
testing on training
testing error_average_euclidean 0.065216
testing error_std 0.043949
====================================================================================================




creating batch 2
training epoch 9 batch id2 done = 90.952377[%]

testing on testing
testing on training
testing error_average_euclidean 0.064279
testing error_std 0.043991
====================================================================================================




creating batch 3
training epoch 9 batch id3 done = 91.428574[%]

testing on testing
testing on training
testing error_average_euclidean 0.062455
testing error_std 0.042990
saving new best net with result = 0.062455
====================================================================================================




creating batch 4
training epoch 9 batch id4 done = 91.904762[%]

testing on testing
testing on training
testing error_average_euclidean 0.063052
testing error_std 0.043294
====================================================================================================




creating batch 5
training epoch 9 batch id5 done = 92.380951[%]

testing on testing
testing on training
testing error_average_euclidean 0.062466
testing error_std 0.042913
====================================================================================================




creating batch 6
training epoch 9 batch id6 done = 92.857140[%]

testing on testing
testing on training
testing error_average_euclidean 0.063214
testing error_std 0.043192
====================================================================================================




creating batch 7
training epoch 9 batch id7 done = 93.333336[%]

testing on testing
testing on training
testing error_average_euclidean 0.064873
testing error_std 0.044140
====================================================================================================




creating batch 8
training epoch 9 batch id8 done = 93.809525[%]

testing on testing
testing on training
testing error_average_euclidean 0.062692
testing error_std 0.042901
====================================================================================================




creating batch 9
training epoch 9 batch id9 done = 94.285713[%]

testing on testing
testing on training
testing error_average_euclidean 0.063253
testing error_std 0.043392
====================================================================================================




creating batch 10
training epoch 9 batch id10 done = 94.761902[%]

testing on testing
testing on training
testing error_average_euclidean 0.063690
testing error_std 0.043254
====================================================================================================




creating batch 11
training epoch 9 batch id11 done = 95.238098[%]

testing on testing
testing on training
testing error_average_euclidean 0.064099
testing error_std 0.043824
====================================================================================================




creating batch 12
training epoch 9 batch id12 done = 95.714287[%]

testing on testing
testing on training
testing error_average_euclidean 0.062767
testing error_std 0.042857
====================================================================================================




creating batch 13
training epoch 9 batch id13 done = 96.190475[%]

testing on testing
testing on training
testing error_average_euclidean 0.062313
testing error_std 0.042701
saving new best net with result = 0.062313
====================================================================================================




creating batch 14
training epoch 9 batch id14 done = 96.666664[%]

testing on testing
testing on training
testing error_average_euclidean 0.061816
testing error_std 0.042392
saving new best net with result = 0.061816
====================================================================================================




creating batch 15
training epoch 9 batch id15 done = 97.142860[%]

testing on testing
testing on training
testing error_average_euclidean 0.062132
testing error_std 0.042247
====================================================================================================




creating batch 16
training epoch 9 batch id16 done = 97.619049[%]

testing on testing
testing on training
testing error_average_euclidean 0.063444
testing error_std 0.043145
====================================================================================================




creating batch 17
training epoch 9 batch id17 done = 98.095238[%]

testing on testing
testing on training
testing error_average_euclidean 0.062598
testing error_std 0.041992
====================================================================================================




creating batch 18
training epoch 9 batch id18 done = 98.571426[%]

testing on testing
testing on training
testing error_average_euclidean 0.062739
testing error_std 0.042769
====================================================================================================




creating batch 19
training epoch 9 batch id19 done = 99.047623[%]

testing on testing
testing on training
testing error_average_euclidean 0.061008
testing error_std 0.041905
saving new best net with result = 0.061008
====================================================================================================




creating batch 20
training epoch 9 batch id20 done = 99.523811[%]

testing on testing
testing on training
testing error_average_euclidean 0.061482
testing error_std 0.041965
====================================================================================================




training done
