0 0 0.000000 0.206234 0.133521 0.203409 0.132219
0 1 0.476190 0.185126 0.120930 0.184814 0.120790
0 2 0.952381 0.177895 0.116267 0.181923 0.118658
0 3 1.428571 0.171504 0.114488 0.172182 0.114798
0 4 1.904762 0.168936 0.110676 0.168147 0.110433
0 5 2.380952 0.163642 0.107437 0.159842 0.105249
0 6 2.857143 0.157646 0.104623 0.154790 0.102857
0 7 3.333333 0.154557 0.102281 0.154919 0.102531
0 8 3.809524 0.158112 0.101027 0.155409 0.099842
0 9 4.285714 0.149402 0.098474 0.151056 0.099085
0 10 4.761905 0.146050 0.096229 0.148608 0.097579
0 11 5.238095 0.142918 0.092820 0.142977 0.093029
0 12 5.714286 0.135012 0.089392 0.135433 0.089524
0 13 6.190476 0.134165 0.086319 0.133440 0.086397
0 14 6.666667 0.129295 0.084447 0.130298 0.085101
0 15 7.142857 0.128292 0.083808 0.127919 0.083661
0 16 7.619048 0.127337 0.083673 0.126917 0.083472
0 17 8.095238 0.129498 0.083202 0.126898 0.081341
0 18 8.571428 0.126368 0.081649 0.125615 0.081211
0 19 9.047619 0.123136 0.080716 0.123698 0.080698
0 20 9.523809 0.122430 0.079673 0.123027 0.080122
1 0 10.000000 0.119974 0.078055 0.119575 0.077814
1 1 10.476191 0.116133 0.076633 0.115885 0.076975
1 2 10.952381 0.115043 0.075341 0.115139 0.075206
1 3 11.428572 0.111154 0.073133 0.111777 0.073459
1 4 11.904762 0.109978 0.072823 0.109473 0.071884
1 5 12.380953 0.107969 0.070670 0.108307 0.070781
1 6 12.857142 0.105122 0.069547 0.104732 0.069313
1 7 13.333333 0.106348 0.070452 0.105266 0.069641
1 8 13.809524 0.104397 0.069546 0.103964 0.068938
1 9 14.285714 0.103449 0.068867 0.102306 0.068010
1 10 14.761905 0.103862 0.068824 0.101699 0.067631
1 11 15.238095 0.101841 0.067749 0.102981 0.068292
1 12 15.714286 0.100696 0.066229 0.101748 0.067218
1 13 16.190475 0.101276 0.067025 0.100693 0.066979
1 14 16.666666 0.099771 0.066492 0.098788 0.065381
1 15 17.142857 0.099795 0.066191 0.099267 0.065781
1 16 17.619047 0.099465 0.066053 0.097959 0.065032
1 17 18.095238 0.100139 0.066354 0.097754 0.064930
1 18 18.571428 0.096014 0.063610 0.098463 0.065701
1 19 19.047619 0.097266 0.064693 0.097813 0.064972
1 20 19.523809 0.097367 0.064794 0.094183 0.062754
2 0 20.000000 0.098558 0.064428 0.098551 0.064141
2 1 20.476191 0.095318 0.063882 0.094489 0.062798
2 2 20.952381 0.096710 0.064379 0.093716 0.062736
2 3 21.428572 0.095549 0.063244 0.095848 0.063790
2 4 21.904762 0.095513 0.063051 0.096053 0.063568
2 5 22.380953 0.093257 0.062140 0.091899 0.060656
2 6 22.857143 0.095635 0.063055 0.096495 0.063453
2 7 23.333334 0.092768 0.062019 0.092451 0.061814
2 8 23.809525 0.094784 0.063005 0.093916 0.062369
2 9 24.285715 0.093218 0.061677 0.093375 0.062085
2 10 24.761906 0.091946 0.061428 0.091313 0.061219
2 11 25.238094 0.093152 0.061501 0.092705 0.061449
2 12 25.714285 0.091214 0.060703 0.091810 0.061020
2 13 26.190475 0.092141 0.061635 0.093668 0.062873
2 14 26.666666 0.089660 0.060062 0.091504 0.061252
2 15 27.142857 0.090788 0.060377 0.091789 0.060823
2 16 27.619047 0.090361 0.060359 0.091078 0.061245
2 17 28.095238 0.093529 0.061210 0.092863 0.060785
2 18 28.571428 0.089046 0.059623 0.089143 0.059871
2 19 29.047619 0.089907 0.060334 0.089538 0.059770
2 20 29.523809 0.088073 0.059389 0.089997 0.060275
3 0 30.000000 0.088229 0.059012 0.089040 0.059831
3 1 30.476191 0.090459 0.060599 0.090905 0.060692
3 2 30.952381 0.088730 0.058375 0.091064 0.060120
3 3 31.428572 0.086870 0.058686 0.087856 0.059031
3 4 31.904762 0.087725 0.058811 0.087635 0.058669
3 5 32.380951 0.087959 0.059347 0.087319 0.058990
3 6 32.857143 0.088252 0.058741 0.087979 0.059248
3 7 33.333332 0.088348 0.058542 0.088749 0.058583
3 8 33.809525 0.085859 0.057824 0.086165 0.057989
3 9 34.285713 0.086492 0.058083 0.085981 0.057976
3 10 34.761906 0.089336 0.059290 0.088638 0.059017
3 11 35.238094 0.084873 0.056981 0.085472 0.057344
3 12 35.714287 0.085085 0.057297 0.084449 0.056980
3 13 36.190475 0.083558 0.056171 0.085980 0.057668
3 14 36.666668 0.085874 0.056877 0.087148 0.057622
3 15 37.142857 0.083839 0.055798 0.085582 0.056771
3 16 37.619049 0.084162 0.056746 0.084432 0.057372
3 17 38.095238 0.084431 0.056691 0.084847 0.057105
3 18 38.571430 0.084707 0.056835 0.084019 0.056311
3 19 39.047619 0.084443 0.057079 0.085916 0.058162
3 20 39.523811 0.083122 0.056419 0.084224 0.056713
4 0 40.000000 0.082156 0.055603 0.082577 0.055638
4 1 40.476189 0.085060 0.057332 0.083863 0.056804
4 2 40.952381 0.082388 0.056025 0.082020 0.055441
4 3 41.428570 0.082623 0.055792 0.081682 0.055108
4 4 41.904762 0.081924 0.055239 0.083026 0.055749
4 5 42.380951 0.081753 0.055283 0.081818 0.055085
4 6 42.857143 0.083992 0.056246 0.082975 0.055708
4 7 43.333332 0.080351 0.053981 0.081696 0.055082
4 8 43.809525 0.081128 0.054276 0.082683 0.055621
4 9 44.285713 0.080820 0.054749 0.080647 0.054376
4 10 44.761906 0.078781 0.053146 0.079937 0.054118
4 11 45.238094 0.081837 0.055289 0.080655 0.054642
4 12 45.714287 0.080984 0.055164 0.080635 0.054526
4 13 46.190475 0.079787 0.053678 0.080330 0.054484
4 14 46.666668 0.079559 0.053635 0.079889 0.054204
4 15 47.142857 0.078004 0.052476 0.079887 0.054195
4 16 47.619049 0.078829 0.053505 0.078136 0.053035
4 17 48.095238 0.080925 0.054551 0.080524 0.054309
4 18 48.571430 0.078428 0.053161 0.078520 0.053009
4 19 49.047619 0.078577 0.053051 0.078761 0.053309
4 20 49.523811 0.077775 0.052919 0.077810 0.052383
5 0 50.000000 0.078246 0.052997 0.077888 0.052764
5 1 50.476189 0.078149 0.052646 0.078235 0.052689
5 2 50.952381 0.076181 0.051685 0.076714 0.052130
5 3 51.428570 0.076324 0.051427 0.077667 0.052645
5 4 51.904762 0.076855 0.052171 0.077692 0.052861
5 5 52.380951 0.077243 0.051761 0.078921 0.053432
5 6 52.857143 0.076919 0.051934 0.076760 0.052087
5 7 53.333332 0.076846 0.052114 0.077167 0.051794
5 8 53.809525 0.075704 0.051510 0.075058 0.050987
5 9 54.285713 0.074549 0.050473 0.074236 0.050583
5 10 54.761906 0.074323 0.050507 0.075650 0.050886
5 11 55.238094 0.077165 0.051951 0.075032 0.050619
5 12 55.714287 0.074686 0.050715 0.073864 0.050249
5 13 56.190475 0.075885 0.051128 0.075427 0.050848
5 14 56.666668 0.075067 0.050303 0.075583 0.051047
5 15 57.142857 0.073910 0.050148 0.074861 0.051203
5 16 57.619049 0.074321 0.050532 0.074131 0.050096
5 17 58.095238 0.075695 0.051262 0.074256 0.049987
5 18 58.571430 0.072516 0.049484 0.073174 0.049680
5 19 59.047619 0.075624 0.051276 0.074879 0.050835
5 20 59.523811 0.073631 0.050019 0.074528 0.050744
6 0 60.000000 0.074249 0.050457 0.074448 0.050914
6 1 60.476189 0.072928 0.049772 0.071854 0.048854
6 2 60.952381 0.072958 0.049564 0.071356 0.048418
6 3 61.428570 0.074261 0.050370 0.074310 0.049887
6 4 61.904762 0.071693 0.048669 0.073474 0.050020
6 5 62.380951 0.072364 0.048948 0.072108 0.048980
6 6 62.857143 0.072782 0.049458 0.072163 0.049015
6 7 63.333332 0.073125 0.049391 0.072726 0.049514
6 8 63.809525 0.072707 0.048891 0.071788 0.048484
6 9 64.285713 0.070417 0.047721 0.071887 0.049227
6 10 64.761902 0.071886 0.048933 0.071634 0.048705
6 11 65.238098 0.073452 0.048678 0.071256 0.047303
6 12 65.714287 0.070319 0.047885 0.071125 0.048776
6 13 66.190475 0.071046 0.048617 0.070507 0.048416
6 14 66.666664 0.070928 0.048576 0.070587 0.048055
6 15 67.142860 0.070136 0.048232 0.068847 0.046800
6 16 67.619049 0.071063 0.048308 0.070361 0.047604
6 17 68.095238 0.072022 0.048639 0.072146 0.048913
6 18 68.571426 0.069978 0.047620 0.071082 0.048506
6 19 69.047623 0.068638 0.046717 0.069240 0.047467
6 20 69.523811 0.069884 0.047275 0.071333 0.048194
7 0 70.000000 0.069807 0.047337 0.069581 0.047035
7 1 70.476189 0.070266 0.047716 0.069461 0.047410
7 2 70.952377 0.072441 0.048145 0.072048 0.047807
7 3 71.428574 0.068347 0.046164 0.068876 0.046693
7 4 71.904762 0.069204 0.047113 0.070778 0.048263
7 5 72.380951 0.068291 0.046674 0.068987 0.046977
7 6 72.857140 0.068946 0.046815 0.069211 0.047097
7 7 73.333336 0.070323 0.047490 0.070272 0.047196
7 8 73.809525 0.069994 0.046780 0.071001 0.047553
7 9 74.285713 0.068043 0.046349 0.067754 0.046709
7 10 74.761902 0.070368 0.047844 0.068622 0.046234
7 11 75.238098 0.068401 0.046181 0.068637 0.046804
7 12 75.714287 0.067896 0.045911 0.067654 0.046290
7 13 76.190475 0.066360 0.045237 0.068813 0.047220
7 14 76.666664 0.067700 0.046401 0.067355 0.045772
7 15 77.142860 0.066893 0.046213 0.068271 0.046715
7 16 77.619049 0.067144 0.045928 0.068167 0.046311
7 17 78.095238 0.068228 0.046554 0.067867 0.046079
7 18 78.571426 0.066621 0.045841 0.066628 0.046053
7 19 79.047623 0.067902 0.046203 0.065237 0.044955
7 20 79.523811 0.066420 0.045721 0.065858 0.045027
8 0 80.000000 0.066661 0.045287 0.067631 0.045632
8 1 80.476189 0.065757 0.044346 0.066620 0.045044
8 2 80.952377 0.066277 0.045029 0.066588 0.045156
8 3 81.428574 0.065250 0.044093 0.066148 0.045311
8 4 81.904762 0.066293 0.045266 0.065431 0.044795
8 5 82.380951 0.066558 0.045588 0.067002 0.045907
8 6 82.857140 0.066426 0.045080 0.065963 0.045215
8 7 83.333336 0.065404 0.044633 0.065932 0.045239
8 8 83.809525 0.066640 0.045584 0.064708 0.044474
8 9 84.285713 0.065817 0.044862 0.066618 0.045864
8 10 84.761902 0.065947 0.044355 0.066499 0.045054
8 11 85.238098 0.064091 0.043909 0.064784 0.044258
8 12 85.714287 0.064641 0.043850 0.064355 0.044516
8 13 86.190475 0.065901 0.045351 0.064968 0.044556
8 14 86.666664 0.064854 0.044327 0.066509 0.045449
8 15 87.142860 0.064059 0.044204 0.065025 0.044652
8 16 87.619049 0.063963 0.044393 0.064549 0.044516
8 17 88.095238 0.065380 0.044839 0.063389 0.043272
8 18 88.571426 0.063491 0.043202 0.065514 0.044809
8 19 89.047623 0.063718 0.043974 0.063640 0.043855
8 20 89.523811 0.065601 0.044080 0.065906 0.044739
9 0 90.000000 0.065005 0.044895 0.064309 0.044126
9 1 90.476189 0.065216 0.043949 0.065071 0.043943
9 2 90.952377 0.064279 0.043991 0.064845 0.044012
9 3 91.428574 0.062455 0.042990 0.062520 0.042895
9 4 91.904762 0.063052 0.043294 0.062983 0.042885
9 5 92.380951 0.062466 0.042913 0.063275 0.043276
9 6 92.857140 0.063214 0.043192 0.063285 0.043674
9 7 93.333336 0.064873 0.044140 0.062672 0.042380
9 8 93.809525 0.062692 0.042901 0.063078 0.043245
9 9 94.285713 0.063253 0.043392 0.062075 0.042877
9 10 94.761902 0.063690 0.043254 0.063668 0.043294
9 11 95.238098 0.064099 0.043824 0.064431 0.043855
9 12 95.714287 0.062767 0.042857 0.063909 0.043398
9 13 96.190475 0.062313 0.042701 0.062094 0.042379
9 14 96.666664 0.061816 0.042392 0.062578 0.042989
9 15 97.142860 0.062132 0.042247 0.060948 0.041637
9 16 97.619049 0.063444 0.043145 0.065191 0.044423
9 17 98.095238 0.062598 0.041992 0.063559 0.042233
9 18 98.571426 0.062739 0.042769 0.061406 0.041734
9 19 99.047623 0.061008 0.041905 0.060594 0.041636
9 20 99.523811 0.061482 0.041965 0.061820 0.042211
