0 0 0.000000 0.229837 0.135994 0.231158 0.137158
0 1 0.476190 0.206820 0.134781 0.203361 0.132717
0 2 0.952381 0.205233 0.133807 0.205611 0.134650
0 3 1.428571 0.203426 0.133080 0.204030 0.133244
0 4 1.904762 0.204317 0.133427 0.206238 0.134322
0 5 2.380952 0.203723 0.132690 0.204015 0.133097
0 6 2.857143 0.204745 0.133539 0.206398 0.134916
0 7 3.333333 0.203333 0.132602 0.203366 0.132691
0 8 3.809524 0.203308 0.132687 0.203840 0.133344
0 9 4.285714 0.204721 0.133728 0.202228 0.132175
0 10 4.761905 0.203338 0.133261 0.201337 0.131759
0 11 5.238095 0.206054 0.134478 0.201565 0.131525
0 12 5.714286 0.202138 0.132778 0.205758 0.134307
0 13 6.190476 0.204089 0.132924 0.203714 0.133333
0 14 6.666667 0.203351 0.132791 0.203992 0.133179
0 15 7.142857 0.202895 0.132137 0.203166 0.132801
0 16 7.619048 0.204417 0.132984 0.204373 0.133459
0 17 8.095238 0.204042 0.133688 0.206695 0.135325
0 18 8.571428 0.203680 0.133369 0.205279 0.133867
0 19 9.047619 0.202877 0.132219 0.206191 0.133898
0 20 9.523809 0.205009 0.134087 0.204111 0.133455
1 0 10.000000 0.203433 0.132933 0.204640 0.134296
1 1 10.476191 0.203825 0.133090 0.203908 0.133033
1 2 10.952381 0.206541 0.135012 0.200662 0.131274
1 3 11.428572 0.201757 0.132091 0.203382 0.132967
1 4 11.904762 0.202757 0.132267 0.203586 0.132844
1 5 12.380953 0.204352 0.133743 0.204708 0.133482
1 6 12.857142 0.204137 0.133606 0.205316 0.134370
1 7 13.333333 0.202251 0.132375 0.204903 0.134023
1 8 13.809524 0.203744 0.133261 0.202838 0.132704
1 9 14.285714 0.205067 0.133665 0.204768 0.133754
1 10 14.761905 0.207509 0.135193 0.201369 0.131607
1 11 15.238095 0.204145 0.133374 0.202227 0.132431
1 12 15.714286 0.201421 0.131767 0.202733 0.132782
1 13 16.190475 0.203543 0.132539 0.203896 0.133180
1 14 16.666666 0.206011 0.133995 0.202909 0.132412
1 15 17.142857 0.204783 0.133110 0.205753 0.134170
1 16 17.619047 0.204291 0.133556 0.205097 0.134153
1 17 18.095238 0.203081 0.133447 0.203642 0.133764
1 18 18.571428 0.203915 0.133501 0.202017 0.132161
1 19 19.047619 0.203403 0.133265 0.204255 0.132932
1 20 19.523809 0.204474 0.134016 0.205511 0.134802
2 0 20.000000 0.202556 0.132478 0.204208 0.133533
2 1 20.476191 0.202679 0.132687 0.204687 0.134157
2 2 20.952381 0.204370 0.133715 0.204276 0.133416
2 3 21.428572 0.204750 0.133342 0.203239 0.132430
2 4 21.904762 0.200744 0.131219 0.205641 0.134788
2 5 22.380953 0.204696 0.133315 0.205965 0.134540
2 6 22.857143 0.204918 0.133466 0.203660 0.133061
2 7 23.333334 0.204490 0.133388 0.202500 0.132479
2 8 23.809525 0.204958 0.133897 0.207057 0.134816
2 9 24.285715 0.203196 0.132478 0.203561 0.132520
2 10 24.761906 0.205874 0.134642 0.204871 0.133631
2 11 25.238094 0.204104 0.133001 0.206478 0.135163
2 12 25.714285 0.205318 0.133741 0.205417 0.134184
2 13 26.190475 0.204556 0.133347 0.204999 0.133632
2 14 26.666666 0.202724 0.132035 0.205327 0.134112
2 15 27.142857 0.204454 0.133198 0.204851 0.133331
2 16 27.619047 0.201380 0.131836 0.204985 0.133913
2 17 28.095238 0.203991 0.134100 0.204839 0.133339
2 18 28.571428 0.203393 0.132709 0.200795 0.131155
2 19 29.047619 0.204282 0.133777 0.203518 0.133591
2 20 29.523809 0.204785 0.133949 0.203739 0.133052
3 0 30.000000 0.203800 0.133416 0.204548 0.133284
3 1 30.476191 0.204373 0.133446 0.201996 0.131479
3 2 30.952381 0.205629 0.134062 0.204410 0.133652
3 3 31.428572 0.203835 0.133245 0.205626 0.134215
3 4 31.904762 0.203309 0.132699 0.204173 0.133704
3 5 32.380951 0.204395 0.133536 0.204548 0.133656
3 6 32.857143 0.205029 0.134153 0.204032 0.132824
3 7 33.333332 0.204885 0.133576 0.206131 0.134711
3 8 33.809525 0.204956 0.133161 0.205603 0.134325
3 9 34.285713 0.201559 0.131999 0.202967 0.132562
3 10 34.761906 0.204265 0.133209 0.207396 0.135222
3 11 35.238094 0.203657 0.132565 0.203114 0.132330
3 12 35.714287 0.203002 0.131591 0.205416 0.134081
3 13 36.190475 0.201227 0.131410 0.203118 0.132496
3 14 36.666668 0.204040 0.133179 0.205530 0.133935
3 15 37.142857 0.203071 0.132879 0.203924 0.132793
3 16 37.619049 0.204067 0.133166 0.203992 0.132741
3 17 38.095238 0.204761 0.133255 0.203775 0.132992
3 18 38.571430 0.203072 0.132370 0.205534 0.133817
3 19 39.047619 0.206012 0.135137 0.204395 0.133457
3 20 39.523811 0.205712 0.133940 0.204883 0.134012
4 0 40.000000 0.202633 0.132370 0.207666 0.135554
4 1 40.476189 0.205424 0.134423 0.203906 0.133069
4 2 40.952381 0.206189 0.134644 0.204123 0.133106
4 3 41.428570 0.206892 0.134909 0.203312 0.132704
4 4 41.904762 0.205083 0.134273 0.205736 0.134374
4 5 42.380951 0.204851 0.133781 0.203395 0.132588
4 6 42.857143 0.203389 0.132944 0.205402 0.133704
4 7 43.333332 0.203156 0.133364 0.202388 0.131983
4 8 43.809525 0.203262 0.132940 0.204345 0.133548
4 9 44.285713 0.203337 0.132660 0.205448 0.133657
4 10 44.761906 0.202676 0.132645 0.201557 0.131978
4 11 45.238094 0.203136 0.132796 0.200221 0.130868
4 12 45.714287 0.207332 0.135301 0.203207 0.133025
4 13 46.190475 0.205147 0.134223 0.202838 0.133102
4 14 46.666668 0.204461 0.133217 0.204489 0.133634
4 15 47.142857 0.204396 0.132846 0.204490 0.133059
4 16 47.619049 0.207699 0.135208 0.205852 0.134202
4 17 48.095238 0.205739 0.133711 0.203174 0.132370
4 18 48.571430 0.204085 0.133329 0.202862 0.132560
4 19 49.047619 0.205128 0.133804 0.206015 0.134692
4 20 49.523811 0.202973 0.132710 0.203534 0.132490
5 0 50.000000 0.207062 0.135710 0.204375 0.133838
5 1 50.476189 0.206775 0.134773 0.203969 0.133264
5 2 50.952381 0.204335 0.133626 0.202435 0.132138
5 3 51.428570 0.204769 0.133399 0.205942 0.133900
5 4 51.904762 0.204430 0.133375 0.203080 0.132507
5 5 52.380951 0.204696 0.133230 0.204139 0.132912
5 6 52.857143 0.200903 0.131266 0.200135 0.130826
5 7 53.333332 0.201346 0.131769 0.203974 0.133315
5 8 53.809525 0.203230 0.132483 0.201878 0.131918
5 9 54.285713 0.203312 0.133233 0.202453 0.132057
5 10 54.761906 0.202210 0.132322 0.204844 0.133597
5 11 55.238094 0.203667 0.133505 0.205930 0.134614
5 12 55.714287 0.200914 0.131617 0.201963 0.132212
5 13 56.190475 0.205611 0.134058 0.202860 0.132370
5 14 56.666668 0.204288 0.133548 0.202581 0.132804
5 15 57.142857 0.203131 0.132785 0.204489 0.133819
5 16 57.619049 0.204148 0.133286 0.207164 0.134785
5 17 58.095238 0.203826 0.133633 0.204497 0.134360
5 18 58.571430 0.202971 0.132588 0.202035 0.132390
5 19 59.047619 0.203160 0.132558 0.206187 0.134549
5 20 59.523811 0.205949 0.134357 0.203090 0.132668
6 0 60.000000 0.204086 0.133136 0.204052 0.132981
6 1 60.476189 0.202517 0.132465 0.203554 0.133214
6 2 60.952381 0.203580 0.132958 0.202380 0.132019
6 3 61.428570 0.205127 0.134242 0.205939 0.134566
6 4 61.904762 0.203449 0.132489 0.202618 0.132015
6 5 62.380951 0.203865 0.133209 0.206484 0.134658
6 6 62.857143 0.203611 0.132813 0.205225 0.134221
6 7 63.333332 0.202781 0.131960 0.203438 0.132760
6 8 63.809525 0.204742 0.133617 0.204502 0.133571
6 9 64.285713 0.203415 0.132560 0.206265 0.133914
6 10 64.761902 0.207284 0.135176 0.204254 0.132929
6 11 65.238098 0.204006 0.132956 0.205980 0.134185
6 12 65.714287 0.204858 0.133412 0.205166 0.134215
6 13 66.190475 0.205290 0.134174 0.202979 0.132327
6 14 66.666664 0.202441 0.132597 0.204310 0.133170
6 15 67.142860 0.205115 0.134462 0.203633 0.133289
6 16 67.619049 0.205371 0.134459 0.202630 0.132544
6 17 68.095238 0.208948 0.136341 0.205180 0.133880
6 18 68.571426 0.206201 0.134172 0.204242 0.133149
6 19 69.047623 0.201800 0.132372 0.203453 0.132698
6 20 69.523811 0.203297 0.132845 0.205591 0.133830
7 0 70.000000 0.204408 0.133802 0.202694 0.132209
7 1 70.476189 0.204658 0.133984 0.205413 0.133618
7 2 70.952377 0.202357 0.132349 0.207247 0.135534
7 3 71.428574 0.201825 0.132230 0.205444 0.134252
7 4 71.904762 0.205368 0.133708 0.202837 0.132615
7 5 72.380951 0.205778 0.134856 0.203316 0.132461
7 6 72.857140 0.206803 0.135103 0.200831 0.131938
7 7 73.333336 0.204150 0.133411 0.207899 0.135526
7 8 73.809525 0.204955 0.134050 0.202931 0.132731
7 9 74.285713 0.205681 0.134369 0.206578 0.134998
7 10 74.761902 0.204537 0.133978 0.200129 0.130362
7 11 75.238098 0.205107 0.134160 0.207605 0.135673
7 12 75.714287 0.204452 0.133621 0.204215 0.133350
7 13 76.190475 0.203705 0.133207 0.203553 0.132599
7 14 76.666664 0.206456 0.135075 0.204803 0.133683
7 15 77.142860 0.202952 0.132629 0.206304 0.135086
7 16 77.619049 0.206369 0.134931 0.205271 0.134078
7 17 78.095238 0.201788 0.131814 0.204479 0.133272
7 18 78.571426 0.203342 0.132380 0.202674 0.132122
7 19 79.047623 0.206176 0.134703 0.200876 0.131122
7 20 79.523811 0.203812 0.132676 0.205384 0.134281
8 0 80.000000 0.207123 0.135082 0.201518 0.132141
8 1 80.476189 0.206020 0.134275 0.205768 0.134092
8 2 80.952377 0.202754 0.132877 0.205260 0.133954
8 3 81.428574 0.203288 0.132413 0.206016 0.134323
8 4 81.904762 0.202535 0.132692 0.201659 0.132343
8 5 82.380951 0.202980 0.132955 0.206007 0.134519
8 6 82.857140 0.203009 0.132525 0.204058 0.132791
8 7 83.333336 0.206553 0.134559 0.203089 0.132814
8 8 83.809525 0.203308 0.132545 0.201519 0.131439
8 9 84.285713 0.202684 0.132476 0.204391 0.133852
8 10 84.761902 0.203576 0.133096 0.204928 0.134055
8 11 85.238098 0.205261 0.134136 0.203773 0.133449
8 12 85.714287 0.203329 0.133013 0.203830 0.133446
8 13 86.190475 0.205715 0.134035 0.207443 0.135574
8 14 86.666664 0.205169 0.134038 0.203959 0.133052
8 15 87.142860 0.203955 0.132977 0.205491 0.133887
8 16 87.619049 0.202037 0.132504 0.202337 0.132537
8 17 88.095238 0.205064 0.134130 0.204472 0.132882
8 18 88.571426 0.202645 0.132890 0.205233 0.134566
8 19 89.047623 0.204085 0.133123 0.204537 0.133725
8 20 89.523811 0.204238 0.133391 0.206340 0.134411
9 0 90.000000 0.203195 0.132606 0.203289 0.132888
9 1 90.476189 0.203875 0.133216 0.203495 0.133249
9 2 90.952377 0.206131 0.134565 0.202410 0.132076
9 3 91.428574 0.203229 0.132458 0.204486 0.133564
9 4 91.904762 0.205267 0.133697 0.203278 0.132742
9 5 92.380951 0.204791 0.133873 0.204218 0.133635
9 6 92.857140 0.203298 0.132958 0.201480 0.131860
9 7 93.333336 0.200112 0.130684 0.202591 0.132906
9 8 93.809525 0.201173 0.131590 0.205919 0.134802
9 9 94.285713 0.202536 0.132192 0.203796 0.133050
9 10 94.761902 0.204447 0.133354 0.203757 0.133050
9 11 95.238098 0.203010 0.132557 0.204131 0.133572
9 12 95.714287 0.204822 0.133822 0.201725 0.131928
9 13 96.190475 0.204542 0.133469 0.203652 0.132915
9 14 96.666664 0.202836 0.132606 0.205187 0.133358
9 15 97.142860 0.205021 0.133589 0.204414 0.133570
9 16 97.619049 0.202379 0.132469 0.205677 0.134334
9 17 98.095238 0.206291 0.134808 0.205116 0.134666
9 18 98.571426 0.204658 0.133223 0.201274 0.131587
9 19 99.047623 0.202166 0.131691 0.206048 0.134484
9 20 99.523811 0.202705 0.132051 0.199361 0.130450
