regression experiment start

training_items_count 86900
testing_items_count  5000
epoch_count          10
batch_size           4096
batches_per_epoch    21
input_shape  [32 16 160]
output_shape [1 1 3]
network_config_file  networks/disc32x16x10/noise_10_0/net_0_all/network_config.json
====================================================================================================




initialising batch with size 4096  required memory 1342.226440[MB]
batch init done


initialising network from file networks/disc32x16x10/noise_10_0/net_0_all/network_config.json
network init done
network init result : 
CONVOLUTION	[32 16 160]	[3 3 32]	[32 16 32]	[46112 23592960]	
ELU		[32 16 32]	[32 16 32]	[0 32768]	
MAX POOLING	[32 16 32]	[16 8 32]	[0 32768]	
CONVOLUTION	[16 8 32]	[3 3 32]	[16 8 32]	[9248 1179648]	
ELU		[16 8 32]	[16 8 32]	[0 8192]	
MAX POOLING	[16 8 32]	[8 4 32]	[0 8192]	
CONVOLUTION	[8 4 32]	[3 3 64]	[8 4 64]	[18496 589824]	
ELU		[8 4 64]	[8 4 64]	[0 4096]	
MAX POOLING	[8 4 64]	[4 2 64]	[0 4096]	
CONVOLUTION	[4 2 64]	[3 3 64]	[4 2 64]	[36928 294912]	
ELU		[4 2 64]	[4 2 64]	[0 1024]	
MAX POOLING	[4 2 64]	[2 1 64]	[0 1024]	
DROPOUT		[2 1 64]	[2 1 64]	[0 256]	
FC			[2 1 64]	[1 1 256]	[33024 66048]	
ELU		[1 1 256]	[1 1 256]	[0 512]	
FC			[1 1 256]	[1 1 3]	[771 1542]	


GFLOPS = 0.025818
FLOPS = 25817862
TRAINABLE PARAMETERS = 144579

====================================================================================================






starting training

creating batch 0
training epoch 0 batch id0 done = 0.000000[%]

testing on testing
testing on training
testing error_average_euclidean 0.223585
testing error_std 0.134007
saving new best net with result = 0.223585
====================================================================================================




creating batch 1
training epoch 0 batch id1 done = 0.476190[%]

testing on testing
testing on training
testing error_average_euclidean 0.204134
testing error_std 0.133380
saving new best net with result = 0.204134
====================================================================================================




creating batch 2
training epoch 0 batch id2 done = 0.952381[%]

testing on testing
testing on training
testing error_average_euclidean 0.201652
testing error_std 0.131426
saving new best net with result = 0.201652
====================================================================================================




creating batch 3
training epoch 0 batch id3 done = 1.428571[%]

testing on testing
testing on training
testing error_average_euclidean 0.204782
testing error_std 0.133077
====================================================================================================




creating batch 4
training epoch 0 batch id4 done = 1.904762[%]

testing on testing
testing on training
testing error_average_euclidean 0.202776
testing error_std 0.132437
====================================================================================================




creating batch 5
training epoch 0 batch id5 done = 2.380952[%]

testing on testing
testing on training
testing error_average_euclidean 0.203245
testing error_std 0.132995
====================================================================================================




creating batch 6
training epoch 0 batch id6 done = 2.857143[%]

testing on testing
testing on training
testing error_average_euclidean 0.206178
testing error_std 0.134885
====================================================================================================




creating batch 7
training epoch 0 batch id7 done = 3.333333[%]

testing on testing
testing on training
testing error_average_euclidean 0.206282
testing error_std 0.134454
====================================================================================================




creating batch 8
training epoch 0 batch id8 done = 3.809524[%]

testing on testing
testing on training
testing error_average_euclidean 0.203736
testing error_std 0.132919
====================================================================================================




creating batch 9
training epoch 0 batch id9 done = 4.285714[%]

testing on testing
testing on training
testing error_average_euclidean 0.204664
testing error_std 0.133776
====================================================================================================




creating batch 10
training epoch 0 batch id10 done = 4.761905[%]

testing on testing
testing on training
testing error_average_euclidean 0.202961
testing error_std 0.133279
====================================================================================================




creating batch 11
training epoch 0 batch id11 done = 5.238095[%]

testing on testing
testing on training
testing error_average_euclidean 0.207093
testing error_std 0.135349
====================================================================================================




creating batch 12
training epoch 0 batch id12 done = 5.714286[%]

testing on testing
testing on training
testing error_average_euclidean 0.204234
testing error_std 0.133840
====================================================================================================




creating batch 13
training epoch 0 batch id13 done = 6.190476[%]

testing on testing
testing on training
testing error_average_euclidean 0.206106
testing error_std 0.135024
====================================================================================================




creating batch 14
training epoch 0 batch id14 done = 6.666667[%]

testing on testing
testing on training
testing error_average_euclidean 0.205412
testing error_std 0.133814
====================================================================================================




creating batch 15
training epoch 0 batch id15 done = 7.142857[%]

testing on testing
testing on training
testing error_average_euclidean 0.206296
testing error_std 0.134677
====================================================================================================




creating batch 16
training epoch 0 batch id16 done = 7.619048[%]

testing on testing
testing on training
testing error_average_euclidean 0.202942
testing error_std 0.132366
====================================================================================================




creating batch 17
training epoch 0 batch id17 done = 8.095238[%]

testing on testing
testing on training
testing error_average_euclidean 0.204830
testing error_std 0.134137
====================================================================================================




creating batch 18
training epoch 0 batch id18 done = 8.571428[%]

testing on testing
testing on training
testing error_average_euclidean 0.200847
testing error_std 0.130991
saving new best net with result = 0.200847
====================================================================================================




creating batch 19
training epoch 0 batch id19 done = 9.047619[%]

testing on testing
testing on training
testing error_average_euclidean 0.203660
testing error_std 0.133059
====================================================================================================




creating batch 20
training epoch 0 batch id20 done = 9.523809[%]

testing on testing
testing on training
testing error_average_euclidean 0.201529
testing error_std 0.131625
====================================================================================================




creating batch 0
training epoch 1 batch id0 done = 10.000000[%]

testing on testing
testing on training
testing error_average_euclidean 0.204343
testing error_std 0.133478
====================================================================================================




creating batch 1
training epoch 1 batch id1 done = 10.476191[%]

testing on testing
testing on training
testing error_average_euclidean 0.202294
testing error_std 0.132339
====================================================================================================




creating batch 2
training epoch 1 batch id2 done = 10.952381[%]

testing on testing
testing on training
testing error_average_euclidean 0.204572
testing error_std 0.133171
====================================================================================================




creating batch 3
training epoch 1 batch id3 done = 11.428572[%]

testing on testing
testing on training
testing error_average_euclidean 0.204413
testing error_std 0.133415
====================================================================================================




creating batch 4
training epoch 1 batch id4 done = 11.904762[%]

testing on testing
testing on training
testing error_average_euclidean 0.203925
testing error_std 0.133588
====================================================================================================




creating batch 5
training epoch 1 batch id5 done = 12.380953[%]

testing on testing
testing on training
testing error_average_euclidean 0.203553
testing error_std 0.133491
====================================================================================================




creating batch 6
training epoch 1 batch id6 done = 12.857142[%]

testing on testing
testing on training
testing error_average_euclidean 0.203727
testing error_std 0.132884
====================================================================================================




creating batch 7
training epoch 1 batch id7 done = 13.333333[%]

testing on testing
testing on training
testing error_average_euclidean 0.204081
testing error_std 0.133674
====================================================================================================




creating batch 8
training epoch 1 batch id8 done = 13.809524[%]

testing on testing
testing on training
testing error_average_euclidean 0.205341
testing error_std 0.134790
====================================================================================================




creating batch 9
training epoch 1 batch id9 done = 14.285714[%]

testing on testing
testing on training
testing error_average_euclidean 0.203282
testing error_std 0.133061
====================================================================================================




creating batch 10
training epoch 1 batch id10 done = 14.761905[%]

testing on testing
testing on training
testing error_average_euclidean 0.203271
testing error_std 0.132873
====================================================================================================




creating batch 11
training epoch 1 batch id11 done = 15.238095[%]

testing on testing
testing on training
testing error_average_euclidean 0.206638
testing error_std 0.135002
====================================================================================================




creating batch 12
training epoch 1 batch id12 done = 15.714286[%]

testing on testing
testing on training
testing error_average_euclidean 0.203799
testing error_std 0.133193
====================================================================================================




creating batch 13
training epoch 1 batch id13 done = 16.190475[%]

testing on testing
testing on training
testing error_average_euclidean 0.205098
testing error_std 0.133498
====================================================================================================




creating batch 14
training epoch 1 batch id14 done = 16.666666[%]

testing on testing
testing on training
testing error_average_euclidean 0.201346
testing error_std 0.131603
====================================================================================================




creating batch 15
training epoch 1 batch id15 done = 17.142857[%]

testing on testing
testing on training
testing error_average_euclidean 0.205990
testing error_std 0.134419
====================================================================================================




creating batch 16
training epoch 1 batch id16 done = 17.619047[%]

testing on testing
testing on training
testing error_average_euclidean 0.204143
testing error_std 0.133024
====================================================================================================




creating batch 17
training epoch 1 batch id17 done = 18.095238[%]

testing on testing
testing on training
testing error_average_euclidean 0.204252
testing error_std 0.133450
====================================================================================================




creating batch 18
training epoch 1 batch id18 done = 18.571428[%]

testing on testing
testing on training
testing error_average_euclidean 0.204369
testing error_std 0.133937
====================================================================================================




creating batch 19
training epoch 1 batch id19 done = 19.047619[%]

testing on testing
testing on training
testing error_average_euclidean 0.204018
testing error_std 0.132956
====================================================================================================




creating batch 20
training epoch 1 batch id20 done = 19.523809[%]

testing on testing
testing on training
testing error_average_euclidean 0.205869
testing error_std 0.134063
====================================================================================================




creating batch 0
training epoch 2 batch id0 done = 20.000000[%]

testing on testing
testing on training
testing error_average_euclidean 0.206792
testing error_std 0.135645
====================================================================================================




creating batch 1
training epoch 2 batch id1 done = 20.476191[%]

testing on testing
testing on training
testing error_average_euclidean 0.206704
testing error_std 0.135026
====================================================================================================




creating batch 2
training epoch 2 batch id2 done = 20.952381[%]

testing on testing
testing on training
testing error_average_euclidean 0.205022
testing error_std 0.134351
====================================================================================================




creating batch 3
training epoch 2 batch id3 done = 21.428572[%]

testing on testing
testing on training
testing error_average_euclidean 0.204614
testing error_std 0.133348
====================================================================================================




creating batch 4
training epoch 2 batch id4 done = 21.904762[%]

testing on testing
testing on training
testing error_average_euclidean 0.202035
testing error_std 0.132195
====================================================================================================




creating batch 5
training epoch 2 batch id5 done = 22.380953[%]

testing on testing
testing on training
testing error_average_euclidean 0.204463
testing error_std 0.133379
====================================================================================================




creating batch 6
training epoch 2 batch id6 done = 22.857143[%]

testing on testing
testing on training
testing error_average_euclidean 0.202126
testing error_std 0.131775
====================================================================================================




creating batch 7
training epoch 2 batch id7 done = 23.333334[%]

testing on testing
testing on training
testing error_average_euclidean 0.202843
testing error_std 0.132242
====================================================================================================




creating batch 8
training epoch 2 batch id8 done = 23.809525[%]

testing on testing
testing on training
testing error_average_euclidean 0.201493
testing error_std 0.132345
====================================================================================================




creating batch 9
training epoch 2 batch id9 done = 24.285715[%]

testing on testing
testing on training
testing error_average_euclidean 0.204342
testing error_std 0.133077
====================================================================================================




creating batch 10
training epoch 2 batch id10 done = 24.761906[%]

testing on testing
testing on training
testing error_average_euclidean 0.203637
testing error_std 0.132481
====================================================================================================




creating batch 11
training epoch 2 batch id11 done = 25.238094[%]

testing on testing
testing on training
testing error_average_euclidean 0.201658
testing error_std 0.131688
====================================================================================================




creating batch 12
training epoch 2 batch id12 done = 25.714285[%]

testing on testing
testing on training
testing error_average_euclidean 0.203208
testing error_std 0.132974
====================================================================================================




creating batch 13
training epoch 2 batch id13 done = 26.190475[%]

testing on testing
testing on training
testing error_average_euclidean 0.206786
testing error_std 0.134530
====================================================================================================




creating batch 14
training epoch 2 batch id14 done = 26.666666[%]

testing on testing
testing on training
testing error_average_euclidean 0.203739
testing error_std 0.133255
====================================================================================================




creating batch 15
training epoch 2 batch id15 done = 27.142857[%]

testing on testing
testing on training
testing error_average_euclidean 0.202994
testing error_std 0.132831
====================================================================================================




creating batch 16
training epoch 2 batch id16 done = 27.619047[%]

testing on testing
testing on training
testing error_average_euclidean 0.204081
testing error_std 0.133008
====================================================================================================




creating batch 17
training epoch 2 batch id17 done = 28.095238[%]

testing on testing
testing on training
testing error_average_euclidean 0.205928
testing error_std 0.133745
====================================================================================================




creating batch 18
training epoch 2 batch id18 done = 28.571428[%]

testing on testing
testing on training
testing error_average_euclidean 0.202794
testing error_std 0.132366
====================================================================================================




creating batch 19
training epoch 2 batch id19 done = 29.047619[%]

testing on testing
testing on training
testing error_average_euclidean 0.206910
testing error_std 0.134527
====================================================================================================




creating batch 20
training epoch 2 batch id20 done = 29.523809[%]

testing on testing
testing on training
testing error_average_euclidean 0.202790
testing error_std 0.132833
====================================================================================================




creating batch 0
training epoch 3 batch id0 done = 30.000000[%]

testing on testing
testing on training
testing error_average_euclidean 0.201270
testing error_std 0.131650
====================================================================================================




creating batch 1
training epoch 3 batch id1 done = 30.476191[%]

testing on testing
testing on training
testing error_average_euclidean 0.204728
testing error_std 0.133376
====================================================================================================




creating batch 2
training epoch 3 batch id2 done = 30.952381[%]

testing on testing
testing on training
testing error_average_euclidean 0.206063
testing error_std 0.134857
====================================================================================================




creating batch 3
training epoch 3 batch id3 done = 31.428572[%]

testing on testing
testing on training
testing error_average_euclidean 0.201650
testing error_std 0.131810
====================================================================================================




creating batch 4
training epoch 3 batch id4 done = 31.904762[%]

testing on testing
testing on training
testing error_average_euclidean 0.203499
testing error_std 0.132900
====================================================================================================




creating batch 5
training epoch 3 batch id5 done = 32.380951[%]

testing on testing
testing on training
testing error_average_euclidean 0.203176
testing error_std 0.133182
====================================================================================================




creating batch 6
training epoch 3 batch id6 done = 32.857143[%]

testing on testing
testing on training
testing error_average_euclidean 0.204431
testing error_std 0.133217
====================================================================================================




creating batch 7
training epoch 3 batch id7 done = 33.333332[%]

testing on testing
testing on training
testing error_average_euclidean 0.203263
testing error_std 0.133136
====================================================================================================




creating batch 8
training epoch 3 batch id8 done = 33.809525[%]

testing on testing
testing on training
testing error_average_euclidean 0.203706
testing error_std 0.132970
====================================================================================================




creating batch 9
training epoch 3 batch id9 done = 34.285713[%]

testing on testing
testing on training
testing error_average_euclidean 0.206788
testing error_std 0.135560
====================================================================================================




creating batch 10
training epoch 3 batch id10 done = 34.761906[%]

testing on testing
testing on training
testing error_average_euclidean 0.203611
testing error_std 0.132847
====================================================================================================




creating batch 11
training epoch 3 batch id11 done = 35.238094[%]

testing on testing
testing on training
testing error_average_euclidean 0.202952
testing error_std 0.132913
====================================================================================================




creating batch 12
training epoch 3 batch id12 done = 35.714287[%]

testing on testing
testing on training
testing error_average_euclidean 0.207265
testing error_std 0.135495
====================================================================================================




creating batch 13
training epoch 3 batch id13 done = 36.190475[%]

testing on testing
testing on training
testing error_average_euclidean 0.202121
testing error_std 0.131774
====================================================================================================




creating batch 14
training epoch 3 batch id14 done = 36.666668[%]

testing on testing
testing on training
testing error_average_euclidean 0.203006
testing error_std 0.133030
====================================================================================================




creating batch 15
training epoch 3 batch id15 done = 37.142857[%]

testing on testing
testing on training
testing error_average_euclidean 0.201563
testing error_std 0.132017
====================================================================================================




creating batch 16
training epoch 3 batch id16 done = 37.619049[%]

testing on testing
testing on training
testing error_average_euclidean 0.204973
testing error_std 0.134413
====================================================================================================




creating batch 17
training epoch 3 batch id17 done = 38.095238[%]

testing on testing
testing on training
testing error_average_euclidean 0.206857
testing error_std 0.135268
====================================================================================================




creating batch 18
training epoch 3 batch id18 done = 38.571430[%]

testing on testing
testing on training
testing error_average_euclidean 0.202040
testing error_std 0.131884
====================================================================================================




creating batch 19
training epoch 3 batch id19 done = 39.047619[%]

testing on testing
testing on training
testing error_average_euclidean 0.205583
testing error_std 0.133976
====================================================================================================




creating batch 20
training epoch 3 batch id20 done = 39.523811[%]

testing on testing
testing on training
testing error_average_euclidean 0.206462
testing error_std 0.134804
====================================================================================================




creating batch 0
training epoch 4 batch id0 done = 40.000000[%]

testing on testing
testing on training
testing error_average_euclidean 0.205255
testing error_std 0.134072
====================================================================================================




creating batch 1
training epoch 4 batch id1 done = 40.476189[%]

testing on testing
testing on training
testing error_average_euclidean 0.206622
testing error_std 0.134732
====================================================================================================




creating batch 2
training epoch 4 batch id2 done = 40.952381[%]

testing on testing
testing on training
testing error_average_euclidean 0.203947
testing error_std 0.133530
====================================================================================================




creating batch 3
training epoch 4 batch id3 done = 41.428570[%]

testing on testing
testing on training
testing error_average_euclidean 0.204197
testing error_std 0.133587
====================================================================================================




creating batch 4
training epoch 4 batch id4 done = 41.904762[%]

testing on testing
testing on training
testing error_average_euclidean 0.206152
testing error_std 0.134454
====================================================================================================




creating batch 5
training epoch 4 batch id5 done = 42.380951[%]

testing on testing
testing on training
testing error_average_euclidean 0.205674
testing error_std 0.134289
====================================================================================================




creating batch 6
training epoch 4 batch id6 done = 42.857143[%]

testing on testing
testing on training
testing error_average_euclidean 0.207939
testing error_std 0.135752
====================================================================================================




creating batch 7
training epoch 4 batch id7 done = 43.333332[%]

testing on testing
testing on training
testing error_average_euclidean 0.202862
testing error_std 0.132571
====================================================================================================




creating batch 8
training epoch 4 batch id8 done = 43.809525[%]

testing on testing
testing on training
testing error_average_euclidean 0.199958
testing error_std 0.130848
saving new best net with result = 0.199958
====================================================================================================




creating batch 9
training epoch 4 batch id9 done = 44.285713[%]

testing on testing
testing on training
testing error_average_euclidean 0.200458
testing error_std 0.131116
====================================================================================================




creating batch 10
training epoch 4 batch id10 done = 44.761906[%]

testing on testing
testing on training
testing error_average_euclidean 0.204793
testing error_std 0.134000
====================================================================================================




creating batch 11
training epoch 4 batch id11 done = 45.238094[%]

testing on testing
testing on training
testing error_average_euclidean 0.201122
testing error_std 0.131660
====================================================================================================




creating batch 12
training epoch 4 batch id12 done = 45.714287[%]

testing on testing
testing on training
testing error_average_euclidean 0.205191
testing error_std 0.134044
====================================================================================================




creating batch 13
training epoch 4 batch id13 done = 46.190475[%]

testing on testing
testing on training
testing error_average_euclidean 0.210763
testing error_std 0.137720
====================================================================================================




creating batch 14
training epoch 4 batch id14 done = 46.666668[%]

testing on testing
testing on training
testing error_average_euclidean 0.204892
testing error_std 0.133414
====================================================================================================




creating batch 15
training epoch 4 batch id15 done = 47.142857[%]

testing on testing
testing on training
testing error_average_euclidean 0.205760
testing error_std 0.133716
====================================================================================================




creating batch 16
training epoch 4 batch id16 done = 47.619049[%]

testing on testing
testing on training
testing error_average_euclidean 0.202067
testing error_std 0.132104
====================================================================================================




creating batch 17
training epoch 4 batch id17 done = 48.095238[%]

testing on testing
testing on training
testing error_average_euclidean 0.202970
testing error_std 0.132608
====================================================================================================




creating batch 18
training epoch 4 batch id18 done = 48.571430[%]

testing on testing
testing on training
testing error_average_euclidean 0.203358
testing error_std 0.132020
====================================================================================================




creating batch 19
training epoch 4 batch id19 done = 49.047619[%]

testing on testing
testing on training
testing error_average_euclidean 0.204127
testing error_std 0.133240
====================================================================================================




creating batch 20
training epoch 4 batch id20 done = 49.523811[%]

testing on testing
testing on training
testing error_average_euclidean 0.206616
testing error_std 0.134829
====================================================================================================




creating batch 0
training epoch 5 batch id0 done = 50.000000[%]

testing on testing
testing on training
testing error_average_euclidean 0.204680
testing error_std 0.133724
====================================================================================================




creating batch 1
training epoch 5 batch id1 done = 50.476189[%]

testing on testing
testing on training
testing error_average_euclidean 0.206764
testing error_std 0.134934
====================================================================================================




creating batch 2
training epoch 5 batch id2 done = 50.952381[%]

testing on testing
testing on training
testing error_average_euclidean 0.202290
testing error_std 0.132358
====================================================================================================




creating batch 3
training epoch 5 batch id3 done = 51.428570[%]

testing on testing
testing on training
testing error_average_euclidean 0.206460
testing error_std 0.134239
====================================================================================================




creating batch 4
training epoch 5 batch id4 done = 51.904762[%]

testing on testing
testing on training
testing error_average_euclidean 0.205078
testing error_std 0.133904
====================================================================================================




creating batch 5
training epoch 5 batch id5 done = 52.380951[%]

testing on testing
testing on training
testing error_average_euclidean 0.205042
testing error_std 0.133798
====================================================================================================




creating batch 6
training epoch 5 batch id6 done = 52.857143[%]

testing on testing
testing on training
testing error_average_euclidean 0.204571
testing error_std 0.133660
====================================================================================================




creating batch 7
training epoch 5 batch id7 done = 53.333332[%]

testing on testing
testing on training
testing error_average_euclidean 0.204356
testing error_std 0.133648
====================================================================================================




creating batch 8
training epoch 5 batch id8 done = 53.809525[%]

testing on testing
testing on training
testing error_average_euclidean 0.203981
testing error_std 0.133166
====================================================================================================




creating batch 9
training epoch 5 batch id9 done = 54.285713[%]

testing on testing
testing on training
testing error_average_euclidean 0.204170
testing error_std 0.133501
====================================================================================================




creating batch 10
training epoch 5 batch id10 done = 54.761906[%]

testing on testing
testing on training
testing error_average_euclidean 0.203421
testing error_std 0.132420
====================================================================================================




creating batch 11
training epoch 5 batch id11 done = 55.238094[%]

testing on testing
testing on training
testing error_average_euclidean 0.207028
testing error_std 0.134981
====================================================================================================




creating batch 12
training epoch 5 batch id12 done = 55.714287[%]

testing on testing
testing on training
testing error_average_euclidean 0.204176
testing error_std 0.133438
====================================================================================================




creating batch 13
training epoch 5 batch id13 done = 56.190475[%]

testing on testing
testing on training
testing error_average_euclidean 0.202755
testing error_std 0.132784
====================================================================================================




creating batch 14
training epoch 5 batch id14 done = 56.666668[%]

testing on testing
testing on training
testing error_average_euclidean 0.204010
testing error_std 0.133413
====================================================================================================




creating batch 15
training epoch 5 batch id15 done = 57.142857[%]

testing on testing
testing on training
testing error_average_euclidean 0.203288
testing error_std 0.133580
====================================================================================================




creating batch 16
training epoch 5 batch id16 done = 57.619049[%]

testing on testing
testing on training
testing error_average_euclidean 0.203378
testing error_std 0.132799
====================================================================================================




creating batch 17
training epoch 5 batch id17 done = 58.095238[%]

testing on testing
testing on training
testing error_average_euclidean 0.203271
testing error_std 0.132653
====================================================================================================




creating batch 18
training epoch 5 batch id18 done = 58.571430[%]

testing on testing
testing on training
testing error_average_euclidean 0.203197
testing error_std 0.132985
====================================================================================================




creating batch 19
training epoch 5 batch id19 done = 59.047619[%]

testing on testing
testing on training
testing error_average_euclidean 0.207293
testing error_std 0.135826
====================================================================================================




creating batch 20
training epoch 5 batch id20 done = 59.523811[%]

testing on testing
testing on training
testing error_average_euclidean 0.206832
testing error_std 0.134431
====================================================================================================




creating batch 0
training epoch 6 batch id0 done = 60.000000[%]

testing on testing
testing on training
testing error_average_euclidean 0.204075
testing error_std 0.133282
====================================================================================================




creating batch 1
training epoch 6 batch id1 done = 60.476189[%]

testing on testing
testing on training
testing error_average_euclidean 0.206266
testing error_std 0.135279
====================================================================================================




creating batch 2
training epoch 6 batch id2 done = 60.952381[%]

testing on testing
testing on training
testing error_average_euclidean 0.206221
testing error_std 0.134641
====================================================================================================




creating batch 3
training epoch 6 batch id3 done = 61.428570[%]

testing on testing
testing on training
testing error_average_euclidean 0.203440
testing error_std 0.133040
====================================================================================================




creating batch 4
training epoch 6 batch id4 done = 61.904762[%]

testing on testing
testing on training
testing error_average_euclidean 0.206198
testing error_std 0.134512
====================================================================================================




creating batch 5
training epoch 6 batch id5 done = 62.380951[%]

testing on testing
testing on training
testing error_average_euclidean 0.205093
testing error_std 0.133789
====================================================================================================




creating batch 6
training epoch 6 batch id6 done = 62.857143[%]

testing on testing
testing on training
testing error_average_euclidean 0.202630
testing error_std 0.132975
====================================================================================================




creating batch 7
training epoch 6 batch id7 done = 63.333332[%]

testing on testing
testing on training
testing error_average_euclidean 0.203705
testing error_std 0.133217
====================================================================================================




creating batch 8
training epoch 6 batch id8 done = 63.809525[%]

testing on testing
testing on training
testing error_average_euclidean 0.203932
testing error_std 0.133491
====================================================================================================




creating batch 9
training epoch 6 batch id9 done = 64.285713[%]

testing on testing
testing on training
testing error_average_euclidean 0.203470
testing error_std 0.132871
====================================================================================================




creating batch 10
training epoch 6 batch id10 done = 64.761902[%]

testing on testing
testing on training
testing error_average_euclidean 0.206443
testing error_std 0.135240
====================================================================================================




creating batch 11
training epoch 6 batch id11 done = 65.238098[%]

testing on testing
testing on training
testing error_average_euclidean 0.201618
testing error_std 0.132142
====================================================================================================




creating batch 12
training epoch 6 batch id12 done = 65.714287[%]

testing on testing
testing on training
testing error_average_euclidean 0.202364
testing error_std 0.132165
====================================================================================================




creating batch 13
training epoch 6 batch id13 done = 66.190475[%]

testing on testing
testing on training
testing error_average_euclidean 0.205662
testing error_std 0.134404
====================================================================================================




creating batch 14
training epoch 6 batch id14 done = 66.666664[%]

testing on testing
testing on training
testing error_average_euclidean 0.202805
testing error_std 0.132010
====================================================================================================




creating batch 15
training epoch 6 batch id15 done = 67.142860[%]

testing on testing
testing on training
testing error_average_euclidean 0.202290
testing error_std 0.131708
====================================================================================================




creating batch 16
training epoch 6 batch id16 done = 67.619049[%]

testing on testing
testing on training
testing error_average_euclidean 0.207486
testing error_std 0.135856
====================================================================================================




creating batch 17
training epoch 6 batch id17 done = 68.095238[%]

testing on testing
testing on training
testing error_average_euclidean 0.204292
testing error_std 0.133838
====================================================================================================




creating batch 18
training epoch 6 batch id18 done = 68.571426[%]

testing on testing
testing on training
testing error_average_euclidean 0.204191
testing error_std 0.133586
====================================================================================================




creating batch 19
training epoch 6 batch id19 done = 69.047623[%]

testing on testing
testing on training
testing error_average_euclidean 0.204538
testing error_std 0.133864
====================================================================================================




creating batch 20
training epoch 6 batch id20 done = 69.523811[%]

testing on testing
testing on training
testing error_average_euclidean 0.202517
testing error_std 0.132634
====================================================================================================




creating batch 0
training epoch 7 batch id0 done = 70.000000[%]

testing on testing
testing on training
testing error_average_euclidean 0.206206
testing error_std 0.134996
====================================================================================================




creating batch 1
training epoch 7 batch id1 done = 70.476189[%]

testing on testing
testing on training
testing error_average_euclidean 0.205494
testing error_std 0.133538
====================================================================================================




creating batch 2
training epoch 7 batch id2 done = 70.952377[%]

testing on testing
testing on training
testing error_average_euclidean 0.203497
testing error_std 0.133022
====================================================================================================




creating batch 3
training epoch 7 batch id3 done = 71.428574[%]

testing on testing
testing on training
testing error_average_euclidean 0.204976
testing error_std 0.133678
====================================================================================================




creating batch 4
training epoch 7 batch id4 done = 71.904762[%]

testing on testing
testing on training
testing error_average_euclidean 0.204151
testing error_std 0.133725
====================================================================================================




creating batch 5
training epoch 7 batch id5 done = 72.380951[%]

testing on testing
testing on training
testing error_average_euclidean 0.202033
testing error_std 0.132068
====================================================================================================




creating batch 6
training epoch 7 batch id6 done = 72.857140[%]

testing on testing
testing on training
testing error_average_euclidean 0.203262
testing error_std 0.132556
====================================================================================================




creating batch 7
training epoch 7 batch id7 done = 73.333336[%]

testing on testing
testing on training
testing error_average_euclidean 0.206015
testing error_std 0.134307
====================================================================================================




creating batch 8
training epoch 7 batch id8 done = 73.809525[%]

testing on testing
testing on training
testing error_average_euclidean 0.205099
testing error_std 0.133734
====================================================================================================




creating batch 9
training epoch 7 batch id9 done = 74.285713[%]

testing on testing
testing on training
testing error_average_euclidean 0.204323
testing error_std 0.133696
====================================================================================================




creating batch 10
training epoch 7 batch id10 done = 74.761902[%]

testing on testing
testing on training
testing error_average_euclidean 0.202942
testing error_std 0.132860
====================================================================================================




creating batch 11
training epoch 7 batch id11 done = 75.238098[%]

testing on testing
testing on training
testing error_average_euclidean 0.205920
testing error_std 0.134282
====================================================================================================




creating batch 12
training epoch 7 batch id12 done = 75.714287[%]

testing on testing
testing on training
testing error_average_euclidean 0.204365
testing error_std 0.133267
====================================================================================================




creating batch 13
training epoch 7 batch id13 done = 76.190475[%]

testing on testing
testing on training
testing error_average_euclidean 0.203034
testing error_std 0.132773
====================================================================================================




creating batch 14
training epoch 7 batch id14 done = 76.666664[%]

testing on testing
testing on training
testing error_average_euclidean 0.202896
testing error_std 0.132603
====================================================================================================




creating batch 15
training epoch 7 batch id15 done = 77.142860[%]

testing on testing
testing on training
testing error_average_euclidean 0.202660
testing error_std 0.132712
====================================================================================================




creating batch 16
training epoch 7 batch id16 done = 77.619049[%]

testing on testing
testing on training
testing error_average_euclidean 0.202636
testing error_std 0.132802
====================================================================================================




creating batch 17
training epoch 7 batch id17 done = 78.095238[%]

testing on testing
testing on training
testing error_average_euclidean 0.203565
testing error_std 0.133113
====================================================================================================




creating batch 18
training epoch 7 batch id18 done = 78.571426[%]

testing on testing
testing on training
testing error_average_euclidean 0.206950
testing error_std 0.135247
====================================================================================================




creating batch 19
training epoch 7 batch id19 done = 79.047623[%]

testing on testing
testing on training
testing error_average_euclidean 0.201184
testing error_std 0.131556
====================================================================================================




creating batch 20
training epoch 7 batch id20 done = 79.523811[%]

testing on testing
testing on training
testing error_average_euclidean 0.206830
testing error_std 0.135274
====================================================================================================




creating batch 0
training epoch 8 batch id0 done = 80.000000[%]

testing on testing
testing on training
testing error_average_euclidean 0.203913
testing error_std 0.133608
====================================================================================================




creating batch 1
training epoch 8 batch id1 done = 80.476189[%]

testing on testing
testing on training
testing error_average_euclidean 0.202739
testing error_std 0.132567
====================================================================================================




creating batch 2
training epoch 8 batch id2 done = 80.952377[%]

testing on testing
testing on training
testing error_average_euclidean 0.204959
testing error_std 0.133364
====================================================================================================




creating batch 3
training epoch 8 batch id3 done = 81.428574[%]

testing on testing
testing on training
testing error_average_euclidean 0.202465
testing error_std 0.132229
====================================================================================================




creating batch 4
training epoch 8 batch id4 done = 81.904762[%]

testing on testing
testing on training
testing error_average_euclidean 0.203826
testing error_std 0.132958
====================================================================================================




creating batch 5
training epoch 8 batch id5 done = 82.380951[%]

testing on testing
testing on training
testing error_average_euclidean 0.203583
testing error_std 0.132692
====================================================================================================




creating batch 6
training epoch 8 batch id6 done = 82.857140[%]

testing on testing
testing on training
testing error_average_euclidean 0.204269
testing error_std 0.133078
====================================================================================================




creating batch 7
training epoch 8 batch id7 done = 83.333336[%]

testing on testing
testing on training
testing error_average_euclidean 0.204289
testing error_std 0.133720
====================================================================================================




creating batch 8
training epoch 8 batch id8 done = 83.809525[%]

testing on testing
testing on training
testing error_average_euclidean 0.205447
testing error_std 0.134167
====================================================================================================




creating batch 9
training epoch 8 batch id9 done = 84.285713[%]

testing on testing
testing on training
testing error_average_euclidean 0.206020
testing error_std 0.134168
====================================================================================================




creating batch 10
training epoch 8 batch id10 done = 84.761902[%]

testing on testing
testing on training
testing error_average_euclidean 0.202812
testing error_std 0.132314
====================================================================================================




creating batch 11
training epoch 8 batch id11 done = 85.238098[%]

testing on testing
testing on training
testing error_average_euclidean 0.204491
testing error_std 0.133688
====================================================================================================




creating batch 12
training epoch 8 batch id12 done = 85.714287[%]

testing on testing
testing on training
testing error_average_euclidean 0.204099
testing error_std 0.133134
====================================================================================================




creating batch 13
training epoch 8 batch id13 done = 86.190475[%]

testing on testing
testing on training
testing error_average_euclidean 0.204400
testing error_std 0.133548
====================================================================================================




creating batch 14
training epoch 8 batch id14 done = 86.666664[%]

testing on testing
testing on training
testing error_average_euclidean 0.203485
testing error_std 0.133107
====================================================================================================




creating batch 15
training epoch 8 batch id15 done = 87.142860[%]

testing on testing
testing on training
testing error_average_euclidean 0.204209
testing error_std 0.133421
====================================================================================================




creating batch 16
training epoch 8 batch id16 done = 87.619049[%]

testing on testing
testing on training
testing error_average_euclidean 0.204142
testing error_std 0.133702
====================================================================================================




creating batch 17
training epoch 8 batch id17 done = 88.095238[%]

testing on testing
testing on training
testing error_average_euclidean 0.203669
testing error_std 0.132956
====================================================================================================




creating batch 18
training epoch 8 batch id18 done = 88.571426[%]

testing on testing
testing on training
testing error_average_euclidean 0.204779
testing error_std 0.133941
====================================================================================================




creating batch 19
training epoch 8 batch id19 done = 89.047623[%]

testing on testing
testing on training
testing error_average_euclidean 0.205827
testing error_std 0.134626
====================================================================================================




creating batch 20
training epoch 8 batch id20 done = 89.523811[%]

testing on testing
testing on training
testing error_average_euclidean 0.205388
testing error_std 0.133686
====================================================================================================




creating batch 0
training epoch 9 batch id0 done = 90.000000[%]

testing on testing
testing on training
testing error_average_euclidean 0.202318
testing error_std 0.132175
====================================================================================================




creating batch 1
training epoch 9 batch id1 done = 90.476189[%]

testing on testing
testing on training
testing error_average_euclidean 0.204667
testing error_std 0.133447
====================================================================================================




creating batch 2
training epoch 9 batch id2 done = 90.952377[%]

testing on testing
testing on training
testing error_average_euclidean 0.204505
testing error_std 0.133733
====================================================================================================




creating batch 3
training epoch 9 batch id3 done = 91.428574[%]

testing on testing
testing on training
testing error_average_euclidean 0.206637
testing error_std 0.134634
====================================================================================================




creating batch 4
training epoch 9 batch id4 done = 91.904762[%]

testing on testing
testing on training
testing error_average_euclidean 0.204303
testing error_std 0.133527
====================================================================================================




creating batch 5
training epoch 9 batch id5 done = 92.380951[%]

testing on testing
testing on training
testing error_average_euclidean 0.203953
testing error_std 0.133430
====================================================================================================




creating batch 6
training epoch 9 batch id6 done = 92.857140[%]

testing on testing
testing on training
testing error_average_euclidean 0.202317
testing error_std 0.132720
====================================================================================================




creating batch 7
training epoch 9 batch id7 done = 93.333336[%]

testing on testing
testing on training
testing error_average_euclidean 0.204027
testing error_std 0.132823
====================================================================================================




creating batch 8
training epoch 9 batch id8 done = 93.809525[%]

testing on testing
testing on training
testing error_average_euclidean 0.201825
testing error_std 0.132343
====================================================================================================




creating batch 9
training epoch 9 batch id9 done = 94.285713[%]

testing on testing
testing on training
testing error_average_euclidean 0.207271
testing error_std 0.135296
====================================================================================================




creating batch 10
training epoch 9 batch id10 done = 94.761902[%]

testing on testing
testing on training
testing error_average_euclidean 0.202545
testing error_std 0.132306
====================================================================================================




creating batch 11
training epoch 9 batch id11 done = 95.238098[%]

testing on testing
testing on training
testing error_average_euclidean 0.203686
testing error_std 0.132870
====================================================================================================




creating batch 12
training epoch 9 batch id12 done = 95.714287[%]

testing on testing
testing on training
testing error_average_euclidean 0.205356
testing error_std 0.133835
====================================================================================================




creating batch 13
training epoch 9 batch id13 done = 96.190475[%]

testing on testing
testing on training
testing error_average_euclidean 0.204866
testing error_std 0.133336
====================================================================================================




creating batch 14
training epoch 9 batch id14 done = 96.666664[%]

testing on testing
testing on training
testing error_average_euclidean 0.200788
testing error_std 0.131459
====================================================================================================




creating batch 15
training epoch 9 batch id15 done = 97.142860[%]

testing on testing
testing on training
testing error_average_euclidean 0.205785
testing error_std 0.134687
====================================================================================================




creating batch 16
training epoch 9 batch id16 done = 97.619049[%]

testing on testing
testing on training
testing error_average_euclidean 0.203998
testing error_std 0.133250
====================================================================================================




creating batch 17
training epoch 9 batch id17 done = 98.095238[%]

testing on testing
testing on training
testing error_average_euclidean 0.203874
testing error_std 0.133388
====================================================================================================




creating batch 18
training epoch 9 batch id18 done = 98.571426[%]

testing on testing
testing on training
testing error_average_euclidean 0.203417
testing error_std 0.133153
====================================================================================================




creating batch 19
training epoch 9 batch id19 done = 99.047623[%]

testing on testing
testing on training
testing error_average_euclidean 0.202241
testing error_std 0.131779
====================================================================================================




creating batch 20
training epoch 9 batch id20 done = 99.523811[%]

testing on testing
testing on training
testing error_average_euclidean 0.204226
testing error_std 0.132893
====================================================================================================




training done
