0 0 0.000000 0.223585 0.134007 0.224468 0.133951
0 1 0.476190 0.204134 0.133380 0.205513 0.134082
0 2 0.952381 0.201652 0.131426 0.203509 0.133074
0 3 1.428571 0.204782 0.133077 0.204858 0.133661
0 4 1.904762 0.202776 0.132437 0.205231 0.133847
0 5 2.380952 0.203245 0.132995 0.203502 0.132927
0 6 2.857143 0.206178 0.134885 0.201910 0.132167
0 7 3.333333 0.206282 0.134454 0.205482 0.133891
0 8 3.809524 0.203736 0.132919 0.203745 0.133176
0 9 4.285714 0.204664 0.133776 0.203481 0.133403
0 10 4.761905 0.202961 0.133279 0.203386 0.132684
0 11 5.238095 0.207093 0.135349 0.202351 0.132684
0 12 5.714286 0.204234 0.133840 0.200868 0.131942
0 13 6.190476 0.206106 0.135024 0.207207 0.135779
0 14 6.666667 0.205412 0.133814 0.206658 0.134915
0 15 7.142857 0.206296 0.134677 0.205685 0.133748
0 16 7.619048 0.202942 0.132366 0.204684 0.133425
0 17 8.095238 0.204830 0.134137 0.203665 0.133717
0 18 8.571428 0.200847 0.130991 0.203876 0.133188
0 19 9.047619 0.203660 0.133059 0.204681 0.134112
0 20 9.523809 0.201529 0.131625 0.204862 0.133867
1 0 10.000000 0.204343 0.133478 0.205157 0.133395
1 1 10.476191 0.202294 0.132339 0.203094 0.132685
1 2 10.952381 0.204572 0.133171 0.205245 0.134179
1 3 11.428572 0.204413 0.133415 0.204457 0.133804
1 4 11.904762 0.203925 0.133588 0.202499 0.132863
1 5 12.380953 0.203553 0.133491 0.202291 0.132272
1 6 12.857142 0.203727 0.132884 0.202039 0.132474
1 7 13.333333 0.204081 0.133674 0.202659 0.133278
1 8 13.809524 0.205341 0.134790 0.205233 0.134294
1 9 14.285714 0.203282 0.133061 0.203383 0.132788
1 10 14.761905 0.203271 0.132873 0.203179 0.132896
1 11 15.238095 0.206638 0.135002 0.202228 0.132019
1 12 15.714286 0.203799 0.133193 0.203650 0.133119
1 13 16.190475 0.205098 0.133498 0.206419 0.134980
1 14 16.666666 0.201346 0.131603 0.204335 0.133731
1 15 17.142857 0.205990 0.134419 0.205376 0.134116
1 16 17.619047 0.204143 0.133024 0.206065 0.134228
1 17 18.095238 0.204252 0.133450 0.200829 0.131533
1 18 18.571428 0.204369 0.133937 0.202257 0.132447
1 19 19.047619 0.204018 0.132956 0.205289 0.133986
1 20 19.523809 0.205869 0.134063 0.201366 0.131863
2 0 20.000000 0.206792 0.135645 0.204433 0.133757
2 1 20.476191 0.206704 0.135026 0.202717 0.132320
2 2 20.952381 0.205022 0.134351 0.205900 0.134478
2 3 21.428572 0.204614 0.133348 0.205026 0.133680
2 4 21.904762 0.202035 0.132195 0.204116 0.133395
2 5 22.380953 0.204463 0.133379 0.205809 0.134172
2 6 22.857143 0.202126 0.131775 0.199755 0.130810
2 7 23.333334 0.202843 0.132242 0.205307 0.133922
2 8 23.809525 0.201493 0.132345 0.202355 0.133063
2 9 24.285715 0.204342 0.133077 0.206543 0.134450
2 10 24.761906 0.203637 0.132481 0.205816 0.133803
2 11 25.238094 0.201658 0.131688 0.202889 0.132382
2 12 25.714285 0.203208 0.132974 0.205655 0.134399
2 13 26.190475 0.206786 0.134530 0.204717 0.132929
2 14 26.666666 0.203739 0.133255 0.207183 0.135852
2 15 27.142857 0.202994 0.132831 0.203377 0.132969
2 16 27.619047 0.204081 0.133008 0.205083 0.134258
2 17 28.095238 0.205928 0.133745 0.204585 0.133531
2 18 28.571428 0.202794 0.132366 0.203724 0.133589
2 19 29.047619 0.206910 0.134527 0.203826 0.132873
2 20 29.523809 0.202790 0.132833 0.201188 0.131892
3 0 30.000000 0.201270 0.131650 0.205911 0.134278
3 1 30.476191 0.204728 0.133376 0.205871 0.134138
3 2 30.952381 0.206063 0.134857 0.204491 0.133554
3 3 31.428572 0.201650 0.131810 0.202838 0.132284
3 4 31.904762 0.203499 0.132900 0.203404 0.132962
3 5 32.380951 0.203176 0.133182 0.205593 0.133956
3 6 32.857143 0.204431 0.133217 0.202921 0.132521
3 7 33.333332 0.203263 0.133136 0.205345 0.133851
3 8 33.809525 0.203706 0.132970 0.203087 0.132550
3 9 34.285713 0.206788 0.135560 0.203479 0.132684
3 10 34.761906 0.203611 0.132847 0.207881 0.135749
3 11 35.238094 0.202952 0.132913 0.199405 0.130701
3 12 35.714287 0.207265 0.135495 0.204781 0.134360
3 13 36.190475 0.202121 0.131774 0.205201 0.133870
3 14 36.666668 0.203006 0.133030 0.202762 0.132612
3 15 37.142857 0.201563 0.132017 0.203483 0.132977
3 16 37.619049 0.204973 0.134413 0.201799 0.131837
3 17 38.095238 0.206857 0.135268 0.203552 0.132919
3 18 38.571430 0.202040 0.131884 0.203649 0.132703
3 19 39.047619 0.205583 0.133976 0.203000 0.132418
3 20 39.523811 0.206462 0.134804 0.204986 0.133519
4 0 40.000000 0.205255 0.134072 0.201923 0.131809
4 1 40.476189 0.206622 0.134732 0.207637 0.135355
4 2 40.952381 0.203947 0.133530 0.203960 0.133271
4 3 41.428570 0.204197 0.133587 0.205530 0.134806
4 4 41.904762 0.206152 0.134454 0.204649 0.133170
4 5 42.380951 0.205674 0.134289 0.203815 0.133110
4 6 42.857143 0.207939 0.135752 0.205403 0.134346
4 7 43.333332 0.202862 0.132571 0.204253 0.133575
4 8 43.809525 0.199958 0.130848 0.205916 0.134519
4 9 44.285713 0.200458 0.131116 0.204888 0.133843
4 10 44.761906 0.204793 0.134000 0.203778 0.132891
4 11 45.238094 0.201122 0.131660 0.205615 0.134232
4 12 45.714287 0.205191 0.134044 0.202914 0.132701
4 13 46.190475 0.210763 0.137720 0.204609 0.133061
4 14 46.666668 0.204892 0.133414 0.203750 0.132593
4 15 47.142857 0.205760 0.133716 0.201310 0.131202
4 16 47.619049 0.202067 0.132104 0.205425 0.134201
4 17 48.095238 0.202970 0.132608 0.205180 0.134188
4 18 48.571430 0.203358 0.132020 0.206245 0.134888
4 19 49.047619 0.204127 0.133240 0.204637 0.133770
4 20 49.523811 0.206616 0.134829 0.203988 0.133117
5 0 50.000000 0.204680 0.133724 0.200993 0.131316
5 1 50.476189 0.206764 0.134934 0.206506 0.134155
5 2 50.952381 0.202290 0.132358 0.205680 0.134187
5 3 51.428570 0.206460 0.134239 0.205883 0.134313
5 4 51.904762 0.205078 0.133904 0.204713 0.134096
5 5 52.380951 0.205042 0.133798 0.204059 0.133355
5 6 52.857143 0.204571 0.133660 0.201343 0.131133
5 7 53.333332 0.204356 0.133648 0.206411 0.134482
5 8 53.809525 0.203981 0.133166 0.205119 0.133544
5 9 54.285713 0.204170 0.133501 0.203623 0.132827
5 10 54.761906 0.203421 0.132420 0.204633 0.133780
5 11 55.238094 0.207028 0.134981 0.202571 0.132534
5 12 55.714287 0.204176 0.133438 0.202392 0.132106
5 13 56.190475 0.202755 0.132784 0.204766 0.133935
5 14 56.666668 0.204010 0.133413 0.202936 0.133172
5 15 57.142857 0.203288 0.133580 0.201625 0.131773
5 16 57.619049 0.203378 0.132799 0.202814 0.132733
5 17 58.095238 0.203271 0.132653 0.203433 0.132662
5 18 58.571430 0.203197 0.132985 0.202801 0.132467
5 19 59.047619 0.207293 0.135826 0.207027 0.135686
5 20 59.523811 0.206832 0.134431 0.203862 0.132773
6 0 60.000000 0.204075 0.133282 0.206619 0.135180
6 1 60.476189 0.206266 0.135279 0.205578 0.134672
6 2 60.952381 0.206221 0.134641 0.203889 0.132333
6 3 61.428570 0.203440 0.133040 0.201540 0.131690
6 4 61.904762 0.206198 0.134512 0.202883 0.133189
6 5 62.380951 0.205093 0.133789 0.206482 0.134598
6 6 62.857143 0.202630 0.132975 0.205183 0.133704
6 7 63.333332 0.203705 0.133217 0.204789 0.133953
6 8 63.809525 0.203932 0.133491 0.204549 0.133319
6 9 64.285713 0.203470 0.132871 0.201877 0.132056
6 10 64.761902 0.206443 0.135240 0.200868 0.130743
6 11 65.238098 0.201618 0.132142 0.205191 0.134068
6 12 65.714287 0.202364 0.132165 0.204134 0.133638
6 13 66.190475 0.205662 0.134404 0.201183 0.131496
6 14 66.666664 0.202805 0.132010 0.202877 0.132745
6 15 67.142860 0.202290 0.131708 0.205617 0.134034
6 16 67.619049 0.207486 0.135856 0.204662 0.133742
6 17 68.095238 0.204292 0.133838 0.204198 0.133598
6 18 68.571426 0.204191 0.133586 0.206486 0.134912
6 19 69.047623 0.204538 0.133864 0.204191 0.133411
6 20 69.523811 0.202517 0.132634 0.203203 0.132763
7 0 70.000000 0.206206 0.134996 0.201439 0.131859
7 1 70.476189 0.205494 0.133538 0.204189 0.133313
7 2 70.952377 0.203497 0.133022 0.205411 0.133995
7 3 71.428574 0.204976 0.133678 0.204243 0.132770
7 4 71.904762 0.204151 0.133725 0.205046 0.134239
7 5 72.380951 0.202033 0.132068 0.206152 0.134840
7 6 72.857140 0.203262 0.132556 0.204218 0.133238
7 7 73.333336 0.206015 0.134307 0.205346 0.134184
7 8 73.809525 0.205099 0.133734 0.203221 0.132488
7 9 74.285713 0.204323 0.133696 0.203330 0.132870
7 10 74.761902 0.202942 0.132860 0.201528 0.131837
7 11 75.238098 0.205920 0.134282 0.206504 0.134712
7 12 75.714287 0.204365 0.133267 0.204600 0.133692
7 13 76.190475 0.203034 0.132773 0.203903 0.133588
7 14 76.666664 0.202896 0.132603 0.203803 0.133542
7 15 77.142860 0.202660 0.132712 0.204490 0.133449
7 16 77.619049 0.202636 0.132802 0.204779 0.134565
7 17 78.095238 0.203565 0.133113 0.206301 0.134752
7 18 78.571426 0.206950 0.135247 0.201222 0.131382
7 19 79.047623 0.201184 0.131556 0.204761 0.133939
7 20 79.523811 0.206830 0.135274 0.205635 0.134364
8 0 80.000000 0.203913 0.133608 0.205197 0.134299
8 1 80.476189 0.202739 0.132567 0.205668 0.134093
8 2 80.952377 0.204959 0.133364 0.204533 0.133905
8 3 81.428574 0.202465 0.132229 0.205976 0.134217
8 4 81.904762 0.203826 0.132958 0.201404 0.131831
8 5 82.380951 0.203583 0.132692 0.204145 0.133512
8 6 82.857140 0.204269 0.133078 0.202900 0.132280
8 7 83.333336 0.204289 0.133720 0.203410 0.132883
8 8 83.809525 0.205447 0.134167 0.203521 0.133087
8 9 84.285713 0.206020 0.134168 0.202944 0.132068
8 10 84.761902 0.202812 0.132314 0.202708 0.132218
8 11 85.238098 0.204491 0.133688 0.204080 0.133043
8 12 85.714287 0.204099 0.133134 0.203895 0.133095
8 13 86.190475 0.204400 0.133548 0.201326 0.131914
8 14 86.666664 0.203485 0.133107 0.203836 0.132949
8 15 87.142860 0.204209 0.133421 0.204111 0.133955
8 16 87.619049 0.204142 0.133702 0.201728 0.132102
8 17 88.095238 0.203669 0.132956 0.203096 0.132682
8 18 88.571426 0.204779 0.133941 0.202182 0.132050
8 19 89.047623 0.205827 0.134626 0.203031 0.132827
8 20 89.523811 0.205388 0.133686 0.204192 0.133604
9 0 90.000000 0.202318 0.132175 0.206340 0.134602
9 1 90.476189 0.204667 0.133447 0.207637 0.135145
9 2 90.952377 0.204505 0.133733 0.202755 0.132681
9 3 91.428574 0.206637 0.134634 0.207844 0.135025
9 4 91.904762 0.204303 0.133527 0.203280 0.132402
9 5 92.380951 0.203953 0.133430 0.205003 0.133969
9 6 92.857140 0.202317 0.132720 0.203119 0.132840
9 7 93.333336 0.204027 0.132823 0.203895 0.132949
9 8 93.809525 0.201825 0.132343 0.204406 0.133610
9 9 94.285713 0.207271 0.135296 0.201723 0.132186
9 10 94.761902 0.202545 0.132306 0.204229 0.133552
9 11 95.238098 0.203686 0.132870 0.204150 0.133913
9 12 95.714287 0.205356 0.133835 0.204719 0.133210
9 13 96.190475 0.204866 0.133336 0.201493 0.131183
9 14 96.666664 0.200788 0.131459 0.205456 0.134505
9 15 97.142860 0.205785 0.134687 0.202747 0.132222
9 16 97.619049 0.203998 0.133250 0.204762 0.133588
9 17 98.095238 0.203874 0.133388 0.203673 0.133320
9 18 98.571426 0.203417 0.133153 0.200061 0.131220
9 19 99.047623 0.202241 0.131779 0.200970 0.130934
9 20 99.523811 0.204226 0.132893 0.205822 0.134147
