0 0 0.000000 0.233823 0.133937 0.232715 0.133986
0 1 0.476190 0.208566 0.135816 0.205376 0.133781
0 2 0.952381 0.202122 0.132043 0.206004 0.134326
0 3 1.428571 0.205752 0.134667 0.205282 0.133571
0 4 1.904762 0.205851 0.134245 0.205288 0.133738
0 5 2.380952 0.204100 0.133880 0.205022 0.134393
0 6 2.857143 0.206818 0.135572 0.205073 0.134200
0 7 3.333333 0.206108 0.134886 0.206176 0.134611
0 8 3.809524 0.208155 0.135406 0.204235 0.133331
0 9 4.285714 0.207268 0.135393 0.203574 0.133192
0 10 4.761905 0.206080 0.135001 0.204075 0.133521
0 11 5.238095 0.202228 0.132142 0.206367 0.134657
0 12 5.714286 0.206132 0.134304 0.207184 0.135035
0 13 6.190476 0.206233 0.134400 0.204188 0.133313
0 14 6.666667 0.206696 0.134406 0.208909 0.135873
0 15 7.142857 0.203881 0.132723 0.206361 0.134407
0 16 7.619048 0.205379 0.134129 0.205863 0.134738
0 17 8.095238 0.208042 0.135915 0.200740 0.130887
0 18 8.571428 0.208919 0.136477 0.206465 0.134814
0 19 9.047619 0.204991 0.133493 0.204885 0.133449
0 20 9.523809 0.206261 0.134943 0.202372 0.132463
1 0 10.000000 0.205504 0.133906 0.204579 0.133475
1 1 10.476191 0.204624 0.134023 0.203138 0.132392
1 2 10.952381 0.203776 0.132861 0.207055 0.134988
1 3 11.428572 0.205991 0.134783 0.205588 0.134249
1 4 11.904762 0.204994 0.134464 0.203156 0.133426
1 5 12.380953 0.207036 0.134822 0.204758 0.133592
1 6 12.857142 0.204885 0.132960 0.208388 0.135545
1 7 13.333333 0.204644 0.133618 0.207040 0.135670
1 8 13.809524 0.204432 0.133437 0.207402 0.135511
1 9 14.285714 0.206025 0.134313 0.208632 0.135693
1 10 14.761905 0.203849 0.133185 0.204168 0.133196
1 11 15.238095 0.203920 0.133065 0.206286 0.134671
1 12 15.714286 0.207502 0.135468 0.203588 0.133194
1 13 16.190475 0.203636 0.132679 0.205219 0.133532
1 14 16.666666 0.205411 0.134482 0.205721 0.134182
1 15 17.142857 0.207079 0.134919 0.206576 0.134749
1 16 17.619047 0.204320 0.133797 0.204661 0.133929
1 17 18.095238 0.204958 0.133661 0.207029 0.134906
1 18 18.571428 0.204577 0.133504 0.204257 0.133272
1 19 19.047619 0.205027 0.133557 0.210892 0.137280
1 20 19.523809 0.204354 0.133744 0.206416 0.134916
2 0 20.000000 0.205493 0.134233 0.207391 0.135219
2 1 20.476191 0.205879 0.134351 0.203712 0.133446
2 2 20.952381 0.207585 0.135546 0.205390 0.134047
2 3 21.428572 0.205888 0.134307 0.204542 0.133317
2 4 21.904762 0.206273 0.134669 0.205234 0.133591
2 5 22.380953 0.206622 0.134899 0.205207 0.134470
2 6 22.857143 0.206241 0.134299 0.205396 0.134301
2 7 23.333334 0.206167 0.134653 0.204856 0.133802
2 8 23.809525 0.205496 0.134669 0.205017 0.133809
2 9 24.285715 0.206361 0.134880 0.203892 0.133114
2 10 24.761906 0.204705 0.133708 0.204635 0.133999
2 11 25.238094 0.205926 0.134728 0.206069 0.134603
2 12 25.714285 0.203838 0.132586 0.209625 0.136585
2 13 26.190475 0.210771 0.137211 0.204925 0.133943
2 14 26.666666 0.207450 0.134682 0.207525 0.135734
2 15 27.142857 0.206254 0.134036 0.204393 0.132764
2 16 27.619047 0.205498 0.133908 0.203180 0.132611
2 17 28.095238 0.207953 0.135753 0.203387 0.132800
2 18 28.571428 0.205857 0.134474 0.206828 0.135467
2 19 29.047619 0.205617 0.133838 0.206743 0.134614
2 20 29.523809 0.203745 0.133054 0.206838 0.134490
3 0 30.000000 0.206357 0.134192 0.205248 0.133514
3 1 30.476191 0.204907 0.133467 0.202534 0.132321
3 2 30.952381 0.203727 0.133262 0.205852 0.134663
3 3 31.428572 0.206081 0.135028 0.206564 0.135008
3 4 31.904762 0.205980 0.134500 0.207427 0.135194
3 5 32.380951 0.206243 0.135030 0.205714 0.134106
3 6 32.857143 0.204539 0.133359 0.208897 0.136252
3 7 33.333332 0.204571 0.133184 0.207502 0.135234
3 8 33.809525 0.206069 0.134610 0.204874 0.133916
3 9 34.285713 0.207866 0.135324 0.206366 0.134105
3 10 34.761906 0.206874 0.135542 0.203469 0.132717
3 11 35.238094 0.208222 0.136034 0.203736 0.133405
3 12 35.714287 0.206012 0.134391 0.209170 0.136005
3 13 36.190475 0.203919 0.132994 0.204270 0.133718
3 14 36.666668 0.206691 0.134681 0.207183 0.134882
3 15 37.142857 0.205626 0.134361 0.204090 0.133362
3 16 37.619049 0.206160 0.134553 0.203035 0.133023
3 17 38.095238 0.205264 0.133997 0.205830 0.134451
3 18 38.571430 0.207794 0.135617 0.203570 0.133131
3 19 39.047619 0.202221 0.131853 0.205343 0.134101
3 20 39.523811 0.203609 0.132682 0.205789 0.133611
4 0 40.000000 0.203491 0.133019 0.206752 0.134768
4 1 40.476189 0.205728 0.134553 0.205753 0.134567
4 2 40.952381 0.205444 0.134093 0.205460 0.133662
4 3 41.428570 0.202885 0.132568 0.201468 0.131790
4 4 41.904762 0.205375 0.134122 0.209004 0.136201
4 5 42.380951 0.205403 0.134457 0.207802 0.135491
4 6 42.857143 0.205065 0.133414 0.204244 0.133314
4 7 43.333332 0.205673 0.134207 0.205718 0.133945
4 8 43.809525 0.206179 0.134257 0.204531 0.133029
4 9 44.285713 0.205743 0.134411 0.206014 0.134781
4 10 44.761906 0.203963 0.133439 0.208489 0.136197
4 11 45.238094 0.203853 0.133278 0.204496 0.133474
4 12 45.714287 0.208010 0.135907 0.205613 0.133958
4 13 46.190475 0.208402 0.135797 0.204967 0.133959
4 14 46.666668 0.204024 0.133386 0.205040 0.134047
4 15 47.142857 0.206841 0.135251 0.206399 0.134727
4 16 47.619049 0.206168 0.134801 0.206835 0.135176
4 17 48.095238 0.202506 0.132375 0.203358 0.133174
4 18 48.571430 0.205314 0.134232 0.204166 0.133359
4 19 49.047619 0.208261 0.135593 0.204429 0.133042
4 20 49.523811 0.204076 0.133231 0.207751 0.135603
5 0 50.000000 0.206589 0.134959 0.206487 0.134867
5 1 50.476189 0.205302 0.134044 0.206702 0.135178
5 2 50.952381 0.204191 0.133314 0.206323 0.134993
5 3 51.428570 0.205632 0.134070 0.203056 0.132480
5 4 51.904762 0.205376 0.133856 0.208107 0.135438
5 5 52.380951 0.205872 0.133781 0.208541 0.136041
5 6 52.857143 0.203993 0.133108 0.202785 0.132626
5 7 53.333332 0.207131 0.135068 0.205355 0.134277
5 8 53.809525 0.204638 0.133304 0.204678 0.133806
5 9 54.285713 0.207966 0.135826 0.205546 0.134024
5 10 54.761906 0.204025 0.133127 0.204973 0.133503
5 11 55.238094 0.202199 0.132005 0.205490 0.134964
5 12 55.714287 0.205137 0.133964 0.204397 0.133273
5 13 56.190475 0.206675 0.134607 0.207484 0.135059
5 14 56.666668 0.202928 0.132377 0.204326 0.133687
5 15 57.142857 0.203922 0.133424 0.205243 0.134488
5 16 57.619049 0.206225 0.134452 0.205714 0.134092
5 17 58.095238 0.205361 0.133665 0.201931 0.131728
5 18 58.571430 0.207391 0.135547 0.206803 0.134815
5 19 59.047619 0.207328 0.135543 0.207290 0.135036
5 20 59.523811 0.205015 0.133491 0.206080 0.134350
6 0 60.000000 0.207176 0.135495 0.201051 0.131438
6 1 60.476189 0.205258 0.134335 0.205487 0.134264
6 2 60.952381 0.204519 0.133492 0.202239 0.132483
6 3 61.428570 0.206729 0.135150 0.205435 0.133790
6 4 61.904762 0.205404 0.134480 0.207831 0.135191
6 5 62.380951 0.207625 0.135434 0.206163 0.134494
6 6 62.857143 0.202998 0.132933 0.204432 0.133176
6 7 63.333332 0.205663 0.133942 0.208111 0.136059
6 8 63.809525 0.204573 0.133156 0.204894 0.133862
6 9 64.285713 0.204406 0.133407 0.205813 0.134125
6 10 64.761902 0.204198 0.133433 0.205785 0.134386
6 11 65.238098 0.207370 0.135293 0.207307 0.136017
6 12 65.714287 0.205294 0.133161 0.209005 0.135925
6 13 66.190475 0.206789 0.134939 0.205352 0.133824
6 14 66.666664 0.205523 0.134470 0.204244 0.133431
6 15 67.142860 0.204805 0.133409 0.207586 0.135308
6 16 67.619049 0.206215 0.134064 0.202721 0.132610
6 17 68.095238 0.206094 0.134422 0.207985 0.135766
6 18 68.571426 0.207305 0.135142 0.205403 0.133382
6 19 69.047623 0.204939 0.134414 0.204966 0.133478
6 20 69.523811 0.207212 0.134956 0.205680 0.134142
7 0 70.000000 0.207461 0.135046 0.206716 0.134699
7 1 70.476189 0.207443 0.134888 0.202654 0.132511
7 2 70.952377 0.207199 0.134772 0.206828 0.135274
7 3 71.428574 0.204705 0.134023 0.206359 0.134573
7 4 71.904762 0.205975 0.134411 0.209182 0.137240
7 5 72.380951 0.207148 0.135548 0.203418 0.133335
7 6 72.857140 0.206345 0.134466 0.204912 0.133706
7 7 73.333336 0.205405 0.133739 0.206123 0.134420
7 8 73.809525 0.206880 0.135146 0.204993 0.133578
7 9 74.285713 0.206322 0.135031 0.206149 0.134499
7 10 74.761902 0.208929 0.136097 0.207604 0.135295
7 11 75.238098 0.205894 0.134258 0.204138 0.132959
7 12 75.714287 0.205000 0.133956 0.202338 0.131708
7 13 76.190475 0.205419 0.134413 0.205009 0.133700
7 14 76.666664 0.207460 0.135089 0.206208 0.134404
7 15 77.142860 0.207918 0.135308 0.206484 0.134505
7 16 77.619049 0.204197 0.133410 0.205861 0.134295
7 17 78.095238 0.205280 0.134058 0.207250 0.135781
7 18 78.571426 0.205690 0.133741 0.207389 0.135087
7 19 79.047623 0.204419 0.133428 0.208543 0.136216
7 20 79.523811 0.206451 0.134766 0.204669 0.133580
8 0 80.000000 0.207957 0.134924 0.204319 0.133627
8 1 80.476189 0.206600 0.134590 0.205709 0.134521
8 2 80.952377 0.205178 0.133704 0.208454 0.135984
8 3 81.428574 0.205436 0.134424 0.206814 0.134512
8 4 81.904762 0.204562 0.133382 0.204801 0.133258
8 5 82.380951 0.204994 0.133552 0.205950 0.134218
8 6 82.857140 0.208101 0.135481 0.206321 0.134180
8 7 83.333336 0.206161 0.134741 0.207899 0.135610
8 8 83.809525 0.205282 0.134482 0.204377 0.133600
8 9 84.285713 0.208995 0.136354 0.206579 0.134350
8 10 84.761902 0.207418 0.135603 0.204109 0.133118
8 11 85.238098 0.203686 0.133460 0.204348 0.134164
8 12 85.714287 0.204816 0.133693 0.206756 0.135380
8 13 86.190475 0.205304 0.133298 0.206974 0.135493
8 14 86.666664 0.206705 0.135436 0.206345 0.134507
8 15 87.142860 0.206865 0.134219 0.208477 0.135713
8 16 87.619049 0.203655 0.132554 0.202274 0.132532
8 17 88.095238 0.206409 0.134708 0.206581 0.135274
8 18 88.571426 0.204148 0.132892 0.204477 0.133756
8 19 89.047623 0.205588 0.134027 0.207311 0.134888
8 20 89.523811 0.203006 0.132579 0.206631 0.134749
9 0 90.000000 0.208112 0.135371 0.205615 0.134361
9 1 90.476189 0.205578 0.133828 0.204541 0.133322
9 2 90.952377 0.204199 0.133300 0.203619 0.132928
9 3 91.428574 0.205963 0.134295 0.205457 0.133760
9 4 91.904762 0.206562 0.134695 0.207250 0.134522
9 5 92.380951 0.204714 0.133280 0.203853 0.133617
9 6 92.857140 0.208402 0.135465 0.205407 0.134300
9 7 93.333336 0.205239 0.134126 0.205695 0.134275
9 8 93.809525 0.205752 0.133871 0.204553 0.133814
9 9 94.285713 0.207889 0.135139 0.203876 0.132531
9 10 94.761902 0.205459 0.133396 0.205871 0.134536
9 11 95.238098 0.204515 0.133337 0.204667 0.133801
9 12 95.714287 0.205024 0.133797 0.205096 0.134116
9 13 96.190475 0.204222 0.134073 0.207700 0.136193
9 14 96.666664 0.207755 0.135949 0.204807 0.134008
9 15 97.142860 0.205816 0.134667 0.204192 0.133685
9 16 97.619049 0.205912 0.134711 0.205669 0.134294
9 17 98.095238 0.205358 0.134032 0.206992 0.135326
9 18 98.571426 0.207062 0.135120 0.207100 0.134572
9 19 99.047623 0.205745 0.133926 0.207831 0.135434
9 20 99.523811 0.207417 0.135770 0.202820 0.132230
