0 0 0.000000 0.232837 0.136491 0.233151 0.136445
0 1 0.476190 0.205178 0.133825 0.207260 0.135058
0 2 0.952381 0.203351 0.132664 0.205344 0.134217
0 3 1.428571 0.206233 0.134188 0.204484 0.133166
0 4 1.904762 0.206254 0.135150 0.206682 0.135170
0 5 2.380952 0.202346 0.131815 0.206475 0.134492
0 6 2.857143 0.204104 0.133109 0.205117 0.133650
0 7 3.333333 0.205658 0.134188 0.204812 0.133822
0 8 3.809524 0.208049 0.135530 0.208139 0.135909
0 9 4.285714 0.202967 0.132436 0.205632 0.134274
0 10 4.761905 0.204499 0.133444 0.203519 0.132561
0 11 5.238095 0.208659 0.135685 0.207504 0.135445
0 12 5.714286 0.203353 0.132784 0.203642 0.132472
0 13 6.190476 0.208840 0.136360 0.205437 0.134246
0 14 6.666667 0.205395 0.133588 0.205855 0.133894
0 15 7.142857 0.204247 0.133566 0.206551 0.135048
0 16 7.619048 0.205560 0.133928 0.205132 0.133709
0 17 8.095238 0.205723 0.134015 0.204709 0.133394
0 18 8.571428 0.202427 0.132280 0.204495 0.133913
0 19 9.047619 0.207236 0.135020 0.206160 0.134474
0 20 9.523809 0.207479 0.135065 0.205004 0.133690
1 0 10.000000 0.203111 0.132918 0.208145 0.135976
1 1 10.476191 0.204199 0.133397 0.206715 0.135138
1 2 10.952381 0.202662 0.132592 0.206448 0.134840
1 3 11.428572 0.205819 0.134028 0.206219 0.134111
1 4 11.904762 0.205028 0.133628 0.203504 0.132797
1 5 12.380953 0.204695 0.133677 0.203550 0.132634
1 6 12.857142 0.207034 0.135418 0.205322 0.134008
1 7 13.333333 0.204059 0.133280 0.205051 0.133683
1 8 13.809524 0.205792 0.134018 0.205971 0.134392
1 9 14.285714 0.206117 0.134577 0.204671 0.133627
1 10 14.761905 0.206809 0.134866 0.206545 0.134374
1 11 15.238095 0.206254 0.134460 0.204428 0.133931
1 12 15.714286 0.202033 0.131824 0.206698 0.134779
1 13 16.190475 0.204270 0.133564 0.207374 0.135377
1 14 16.666666 0.204180 0.133360 0.204919 0.133994
1 15 17.142857 0.207216 0.135083 0.203531 0.133219
1 16 17.619047 0.204716 0.133570 0.204900 0.133962
1 17 18.095238 0.206625 0.134703 0.206357 0.134372
1 18 18.571428 0.203852 0.133373 0.206158 0.134946
1 19 19.047619 0.204599 0.133538 0.205056 0.133506
1 20 19.523809 0.205001 0.133914 0.205847 0.134488
2 0 20.000000 0.204492 0.133327 0.203698 0.133050
2 1 20.476191 0.204733 0.134164 0.207801 0.135756
2 2 20.952381 0.206836 0.134580 0.206331 0.134604
2 3 21.428572 0.205105 0.133765 0.205677 0.134021
2 4 21.904762 0.205886 0.134002 0.206945 0.135167
2 5 22.380953 0.205404 0.134180 0.203615 0.133053
2 6 22.857143 0.205947 0.134694 0.208349 0.136202
2 7 23.333334 0.204932 0.133815 0.206665 0.134148
2 8 23.809525 0.205227 0.133816 0.206858 0.134333
2 9 24.285715 0.205510 0.134247 0.206800 0.134717
2 10 24.761906 0.205969 0.134636 0.203335 0.132680
2 11 25.238094 0.206745 0.134622 0.206116 0.134803
2 12 25.714285 0.206666 0.134857 0.203825 0.133194
2 13 26.190475 0.207304 0.134889 0.207323 0.134649
2 14 26.666666 0.208511 0.135112 0.206017 0.133754
2 15 27.142857 0.206177 0.135130 0.205746 0.134866
2 16 27.619047 0.204969 0.133684 0.205614 0.133926
2 17 28.095238 0.205647 0.134724 0.205915 0.134708
2 18 28.571428 0.206936 0.134467 0.204880 0.133935
2 19 29.047619 0.202893 0.133154 0.205113 0.133884
2 20 29.523809 0.204991 0.133562 0.205800 0.134531
3 0 30.000000 0.205175 0.133523 0.203807 0.133110
3 1 30.476191 0.206944 0.134845 0.204285 0.133309
3 2 30.952381 0.205366 0.133362 0.206554 0.134965
3 3 31.428572 0.206961 0.134807 0.202784 0.132666
3 4 31.904762 0.204868 0.133441 0.203397 0.132095
3 5 32.380951 0.204459 0.133763 0.204463 0.133660
3 6 32.857143 0.206370 0.134548 0.203956 0.133468
3 7 33.333332 0.203010 0.132724 0.205181 0.133912
3 8 33.809525 0.206979 0.134841 0.205257 0.133586
3 9 34.285713 0.206039 0.134568 0.205202 0.134095
3 10 34.761906 0.204890 0.133802 0.203461 0.132498
3 11 35.238094 0.206562 0.134837 0.207584 0.135716
3 12 35.714287 0.205392 0.133764 0.201566 0.131477
3 13 36.190475 0.204677 0.133812 0.206856 0.134732
3 14 36.666668 0.205892 0.134509 0.203943 0.133148
3 15 37.142857 0.204968 0.133591 0.204195 0.133172
3 16 37.619049 0.204009 0.132990 0.203431 0.132808
3 17 38.095238 0.205302 0.134119 0.204370 0.133574
3 18 38.571430 0.203313 0.133025 0.205066 0.133656
3 19 39.047619 0.204397 0.133120 0.203697 0.132478
3 20 39.523811 0.207156 0.135124 0.203563 0.133309
4 0 40.000000 0.205216 0.133673 0.205536 0.133928
4 1 40.476189 0.204131 0.133023 0.205775 0.134304
4 2 40.952381 0.207135 0.134741 0.204289 0.133744
4 3 41.428570 0.206446 0.134367 0.207062 0.134500
4 4 41.904762 0.205211 0.134238 0.207434 0.135656
4 5 42.380951 0.205560 0.134661 0.207580 0.135675
4 6 42.857143 0.206160 0.134213 0.207252 0.134536
4 7 43.333332 0.207136 0.134958 0.208380 0.135444
4 8 43.809525 0.204602 0.133717 0.206465 0.135104
4 9 44.285713 0.206013 0.134688 0.206739 0.134669
4 10 44.761906 0.205615 0.134663 0.203207 0.133395
4 11 45.238094 0.206802 0.134493 0.207878 0.135331
4 12 45.714287 0.204612 0.133448 0.208963 0.136650
4 13 46.190475 0.206541 0.134593 0.204152 0.133533
4 14 46.666668 0.207930 0.135714 0.206172 0.134494
4 15 47.142857 0.205396 0.134085 0.206755 0.135281
4 16 47.619049 0.207854 0.135962 0.205997 0.134678
4 17 48.095238 0.204979 0.133447 0.206800 0.134156
4 18 48.571430 0.206363 0.134369 0.203864 0.132811
4 19 49.047619 0.205510 0.133925 0.204528 0.133623
4 20 49.523811 0.204740 0.133658 0.205625 0.134307
5 0 50.000000 0.207151 0.135215 0.205682 0.133962
5 1 50.476189 0.205391 0.133771 0.204340 0.133161
5 2 50.952381 0.204291 0.133508 0.207714 0.135412
5 3 51.428570 0.205542 0.134188 0.202909 0.132351
5 4 51.904762 0.205702 0.134150 0.203560 0.133529
5 5 52.380951 0.206054 0.134077 0.205249 0.133231
5 6 52.857143 0.203779 0.133391 0.206633 0.134777
5 7 53.333332 0.205051 0.133629 0.204231 0.133652
5 8 53.809525 0.208266 0.135681 0.205826 0.134461
5 9 54.285713 0.203319 0.132547 0.205006 0.133592
5 10 54.761906 0.203867 0.133223 0.205116 0.133676
5 11 55.238094 0.204696 0.133926 0.205314 0.134717
5 12 55.714287 0.207400 0.135520 0.206091 0.134355
5 13 56.190475 0.206891 0.134484 0.206031 0.134054
5 14 56.666668 0.206355 0.134799 0.206327 0.134675
5 15 57.142857 0.208470 0.135831 0.207166 0.135440
5 16 57.619049 0.205311 0.134441 0.204312 0.133220
5 17 58.095238 0.206158 0.134704 0.204915 0.133764
5 18 58.571430 0.206397 0.134669 0.205570 0.134346
5 19 59.047619 0.203345 0.132254 0.207608 0.135269
5 20 59.523811 0.206289 0.134561 0.205388 0.134544
6 0 60.000000 0.203483 0.132727 0.205595 0.133724
6 1 60.476189 0.205597 0.134481 0.202132 0.132306
6 2 60.952381 0.205770 0.134943 0.206539 0.135353
6 3 61.428570 0.204775 0.133628 0.205212 0.133985
6 4 61.904762 0.203246 0.132733 0.205507 0.133905
6 5 62.380951 0.200753 0.130677 0.206772 0.134752
6 6 62.857143 0.206687 0.135024 0.207574 0.135450
6 7 63.333332 0.205242 0.133672 0.207619 0.135091
6 8 63.809525 0.203682 0.133159 0.206542 0.134751
6 9 64.285713 0.204667 0.133453 0.202942 0.132808
6 10 64.761902 0.203819 0.132960 0.205142 0.134303
6 11 65.238098 0.204420 0.133334 0.204888 0.134023
6 12 65.714287 0.203397 0.132701 0.205576 0.134856
6 13 66.190475 0.205653 0.134280 0.205191 0.134433
6 14 66.666664 0.205006 0.133897 0.206023 0.134240
6 15 67.142860 0.207217 0.134971 0.204992 0.133487
6 16 67.619049 0.205357 0.133424 0.205896 0.134250
6 17 68.095238 0.205115 0.133873 0.206983 0.134939
6 18 68.571426 0.204318 0.133389 0.206342 0.134329
6 19 69.047623 0.205955 0.134799 0.204986 0.133879
6 20 69.523811 0.205921 0.134346 0.205026 0.134266
7 0 70.000000 0.203229 0.133047 0.204368 0.133438
7 1 70.476189 0.207379 0.135545 0.205663 0.134428
7 2 70.952377 0.204411 0.132909 0.205598 0.133811
7 3 71.428574 0.204657 0.133187 0.205815 0.133807
7 4 71.904762 0.207506 0.135054 0.204375 0.133114
7 5 72.380951 0.201356 0.131599 0.206354 0.134743
7 6 72.857140 0.206866 0.134952 0.205983 0.134085
7 7 73.333336 0.203907 0.133329 0.207072 0.135377
7 8 73.809525 0.206396 0.133989 0.205852 0.133909
7 9 74.285713 0.206392 0.134595 0.206270 0.134142
7 10 74.761902 0.205200 0.133777 0.206671 0.134769
7 11 75.238098 0.204831 0.134121 0.205779 0.134440
7 12 75.714287 0.205359 0.133635 0.206616 0.134031
7 13 76.190475 0.204886 0.134069 0.206157 0.134417
7 14 76.666664 0.204960 0.133650 0.204534 0.133719
7 15 77.142860 0.208750 0.135706 0.205638 0.134862
7 16 77.619049 0.203634 0.132652 0.203576 0.132784
7 17 78.095238 0.202757 0.132593 0.207081 0.134957
7 18 78.571426 0.206535 0.135133 0.201893 0.132285
7 19 79.047623 0.206256 0.133952 0.204934 0.133494
7 20 79.523811 0.203227 0.132477 0.206014 0.134396
8 0 80.000000 0.204094 0.133277 0.207354 0.135034
8 1 80.476189 0.204392 0.134028 0.202579 0.133045
8 2 80.952377 0.205430 0.133976 0.206699 0.135011
8 3 81.428574 0.202749 0.131874 0.204316 0.133213
8 4 81.904762 0.208514 0.135884 0.204695 0.133710
8 5 82.380951 0.206598 0.134585 0.206129 0.134612
8 6 82.857140 0.206187 0.134536 0.204898 0.133714
8 7 83.333336 0.204245 0.133706 0.208594 0.136148
8 8 83.809525 0.204803 0.133012 0.203593 0.132479
8 9 84.285713 0.207086 0.135323 0.205932 0.133975
8 10 84.761902 0.208796 0.136313 0.207849 0.135513
8 11 85.238098 0.205117 0.134002 0.202735 0.132706
8 12 85.714287 0.206452 0.134606 0.204230 0.133562
8 13 86.190475 0.205386 0.134154 0.206171 0.134220
8 14 86.666664 0.206569 0.135169 0.206621 0.135149
8 15 87.142860 0.209036 0.136442 0.205883 0.134087
8 16 87.619049 0.206130 0.134205 0.206261 0.134459
8 17 88.095238 0.206691 0.134915 0.204728 0.133932
8 18 88.571426 0.206222 0.134198 0.206028 0.134356
8 19 89.047623 0.203461 0.133505 0.204060 0.133269
8 20 89.523811 0.203912 0.133080 0.205713 0.134600
9 0 90.000000 0.207446 0.135205 0.201446 0.131678
9 1 90.476189 0.205275 0.134300 0.206531 0.135055
9 2 90.952377 0.206170 0.134647 0.208085 0.136242
9 3 91.428574 0.205569 0.133796 0.201512 0.131868
9 4 91.904762 0.205011 0.133444 0.207380 0.135252
9 5 92.380951 0.206812 0.135062 0.204580 0.133654
9 6 92.857140 0.202716 0.132280 0.205363 0.133883
9 7 93.333336 0.204079 0.133381 0.204390 0.133263
9 8 93.809525 0.204186 0.133517 0.205235 0.133698
9 9 94.285713 0.206117 0.134752 0.204168 0.133659
9 10 94.761902 0.204612 0.133855 0.204720 0.134345
9 11 95.238098 0.205613 0.134240 0.204805 0.134017
9 12 95.714287 0.205038 0.133699 0.203997 0.133244
9 13 96.190475 0.207360 0.135547 0.205121 0.133798
9 14 96.666664 0.205833 0.134663 0.202261 0.131803
9 15 97.142860 0.205356 0.134120 0.205638 0.134081
9 16 97.619049 0.204881 0.133485 0.205724 0.134197
9 17 98.095238 0.204218 0.133749 0.205111 0.133829
9 18 98.571426 0.204408 0.133767 0.207996 0.136095
9 19 99.047623 0.202875 0.132226 0.208416 0.136348
9 20 99.523811 0.204625 0.133663 0.209255 0.136859
