initializing
training size    : 95450
testing size     : 5000
epoch count      : 10
sub epoch size   : 5

epoch_learning_rate_decay   : 8
learning_rate_decay         : 0.250000

training



epoch [0 0] from [10 5]
training time per iterations 10.069356[ms]
testing on 5000 items
testing done
average error 0.104149
standard deviation 0.096272
1sigma interval : 0.007876, 0.200421
2sigma interval : -0.088396, 0.296694
3sigma interval : -0.184668, 0.392966
saving best net
best net saved to experiments/sim26/discretisation_64x64x3/window_size_8/gaussian/noise_0_0/net_1/trained/, with error = 0.104149, std = 0.096272



epoch [0 1] from [10 5]
training time per iterations 10.050445[ms]
testing on 5000 items
testing done
average error 0.057384
standard deviation 0.059862
1sigma interval : -0.002478, 0.117247
2sigma interval : -0.062340, 0.177109
3sigma interval : -0.122203, 0.236971
saving best net
best net saved to experiments/sim26/discretisation_64x64x3/window_size_8/gaussian/noise_0_0/net_1/trained/, with error = 0.057384, std = 0.059862



epoch [0 2] from [10 5]
training time per iterations 10.070194[ms]
testing on 5000 items
testing done
average error 0.050081
standard deviation 0.057254
1sigma interval : -0.007173, 0.107335
2sigma interval : -0.064427, 0.164589
3sigma interval : -0.121681, 0.221843
saving best net
best net saved to experiments/sim26/discretisation_64x64x3/window_size_8/gaussian/noise_0_0/net_1/trained/, with error = 0.050081, std = 0.057254



epoch [0 3] from [10 5]
training time per iterations 10.081456[ms]
testing on 5000 items
testing done
average error 0.047017
standard deviation 0.055693
1sigma interval : -0.008676, 0.102710
2sigma interval : -0.064368, 0.158403
3sigma interval : -0.120061, 0.214096
saving best net
best net saved to experiments/sim26/discretisation_64x64x3/window_size_8/gaussian/noise_0_0/net_1/trained/, with error = 0.047017, std = 0.055693



epoch [0 4] from [10 5]
training time per iterations 10.053955[ms]
testing on 5000 items
testing done
average error 0.044821
standard deviation 0.055391
1sigma interval : -0.010570, 0.100212
2sigma interval : -0.065961, 0.155603
3sigma interval : -0.121352, 0.210994
saving best net
best net saved to experiments/sim26/discretisation_64x64x3/window_size_8/gaussian/noise_0_0/net_1/trained/, with error = 0.044821, std = 0.055391



epoch [1 0] from [10 5]
training time per iterations 10.076061[ms]
testing on 5000 items
testing done
average error 0.043647
standard deviation 0.055235
1sigma interval : -0.011589, 0.098882
2sigma interval : -0.066824, 0.154117
3sigma interval : -0.122060, 0.209353
saving best net
best net saved to experiments/sim26/discretisation_64x64x3/window_size_8/gaussian/noise_0_0/net_1/trained/, with error = 0.043647, std = 0.055235



epoch [1 1] from [10 5]
training time per iterations 10.071556[ms]
testing on 5000 items
testing done
average error 0.045334
standard deviation 0.054153
1sigma interval : -0.008819, 0.099486
2sigma interval : -0.062972, 0.153639
3sigma interval : -0.117124, 0.207792



epoch [1 2] from [10 5]
training time per iterations 10.083656[ms]
testing on 5000 items
testing done
average error 0.042915
standard deviation 0.054570
1sigma interval : -0.011655, 0.097486
2sigma interval : -0.066225, 0.152056
3sigma interval : -0.120796, 0.206626
saving best net
best net saved to experiments/sim26/discretisation_64x64x3/window_size_8/gaussian/noise_0_0/net_1/trained/, with error = 0.042915, std = 0.054570



epoch [1 3] from [10 5]
training time per iterations 10.080094[ms]
testing on 5000 items
testing done
average error 0.042128
standard deviation 0.054668
1sigma interval : -0.012540, 0.096796
2sigma interval : -0.067207, 0.151464
3sigma interval : -0.121875, 0.206132
saving best net
best net saved to experiments/sim26/discretisation_64x64x3/window_size_8/gaussian/noise_0_0/net_1/trained/, with error = 0.042128, std = 0.054668



epoch [1 4] from [10 5]
training time per iterations 10.063174[ms]
testing on 5000 items
testing done
average error 0.041119
standard deviation 0.054927
1sigma interval : -0.013808, 0.096046
2sigma interval : -0.068734, 0.150972
3sigma interval : -0.123661, 0.205899
saving best net
best net saved to experiments/sim26/discretisation_64x64x3/window_size_8/gaussian/noise_0_0/net_1/trained/, with error = 0.041119, std = 0.054927



epoch [2 0] from [10 5]
training time per iterations 10.055526[ms]
testing on 5000 items
testing done
average error 0.041235
standard deviation 0.054628
1sigma interval : -0.013393, 0.095864
2sigma interval : -0.068021, 0.150492
3sigma interval : -0.122650, 0.205120



epoch [2 1] from [10 5]
training time per iterations 10.063279[ms]
testing on 5000 items
testing done
average error 0.041297
standard deviation 0.054220
1sigma interval : -0.012924, 0.095517
2sigma interval : -0.067144, 0.149737
3sigma interval : -0.121364, 0.203958



epoch [2 2] from [10 5]
training time per iterations 10.063122[ms]
testing on 5000 items
testing done
average error 0.040738
standard deviation 0.054381
1sigma interval : -0.013643, 0.095120
2sigma interval : -0.068024, 0.149501
3sigma interval : -0.122406, 0.203882
saving best net
best net saved to experiments/sim26/discretisation_64x64x3/window_size_8/gaussian/noise_0_0/net_1/trained/, with error = 0.040738, std = 0.054381



epoch [2 3] from [10 5]
training time per iterations 10.043478[ms]
testing on 5000 items
testing done
average error 0.041797
standard deviation 0.053855
1sigma interval : -0.012059, 0.095652
2sigma interval : -0.065914, 0.149507
3sigma interval : -0.119769, 0.203362



epoch [2 4] from [10 5]
training time per iterations 10.076689[ms]
testing on 5000 items
testing done
average error 0.041301
standard deviation 0.053866
1sigma interval : -0.012565, 0.095167
2sigma interval : -0.066431, 0.149034
3sigma interval : -0.120297, 0.202900



epoch [3 0] from [10 5]
training time per iterations 10.068151[ms]
testing on 5000 items
testing done
average error 0.040278
standard deviation 0.054092
1sigma interval : -0.013813, 0.094370
2sigma interval : -0.067905, 0.148462
3sigma interval : -0.121996, 0.202553
saving best net
best net saved to experiments/sim26/discretisation_64x64x3/window_size_8/gaussian/noise_0_0/net_1/trained/, with error = 0.040278, std = 0.054092



epoch [3 1] from [10 5]
training time per iterations 10.081090[ms]
testing on 5000 items
testing done
average error 0.041169
standard deviation 0.053944
1sigma interval : -0.012775, 0.095113
2sigma interval : -0.066719, 0.149057
3sigma interval : -0.120663, 0.203001



epoch [3 2] from [10 5]
training time per iterations 10.079832[ms]
testing on 5000 items
testing done
average error 0.040240
standard deviation 0.054001
1sigma interval : -0.013761, 0.094240
2sigma interval : -0.067762, 0.148241
3sigma interval : -0.121762, 0.202241
saving best net
best net saved to experiments/sim26/discretisation_64x64x3/window_size_8/gaussian/noise_0_0/net_1/trained/, with error = 0.040240, std = 0.054001



epoch [3 3] from [10 5]
training time per iterations 10.070718[ms]
testing on 5000 items
testing done
average error 0.041193
standard deviation 0.053535
1sigma interval : -0.012342, 0.094728
2sigma interval : -0.065877, 0.148263
3sigma interval : -0.119412, 0.201798



epoch [3 4] from [10 5]
training time per iterations 10.076951[ms]
testing on 5000 items
testing done
average error 0.040579
standard deviation 0.053465
1sigma interval : -0.012886, 0.094044
2sigma interval : -0.066352, 0.147510
3sigma interval : -0.119817, 0.200975



epoch [4 0] from [10 5]
training time per iterations 10.072918[ms]
testing on 5000 items
testing done
average error 0.040460
standard deviation 0.053364
1sigma interval : -0.012904, 0.093824
2sigma interval : -0.066269, 0.147189
3sigma interval : -0.119633, 0.200553



epoch [4 1] from [10 5]
training time per iterations 10.089471[ms]
testing on 5000 items
testing done
average error 0.040416
standard deviation 0.053589
1sigma interval : -0.013173, 0.094006
2sigma interval : -0.066763, 0.147595
3sigma interval : -0.120352, 0.201185



epoch [4 2] from [10 5]
training time per iterations 10.070822[ms]
testing on 5000 items
testing done
average error 0.039814
standard deviation 0.053795
1sigma interval : -0.013980, 0.093609
2sigma interval : -0.067775, 0.147403
3sigma interval : -0.121569, 0.201198
saving best net
best net saved to experiments/sim26/discretisation_64x64x3/window_size_8/gaussian/noise_0_0/net_1/trained/, with error = 0.039814, std = 0.053795



epoch [4 3] from [10 5]
training time per iterations 10.074175[ms]
testing on 5000 items
testing done
average error 0.040319
standard deviation 0.053273
1sigma interval : -0.012954, 0.093592
2sigma interval : -0.066227, 0.146866
3sigma interval : -0.119501, 0.200139



epoch [4 4] from [10 5]
training time per iterations 10.063174[ms]
testing on 5000 items
testing done
average error 0.039552
standard deviation 0.053832
1sigma interval : -0.014279, 0.093384
2sigma interval : -0.068111, 0.147216
3sigma interval : -0.121943, 0.201047
saving best net
best net saved to experiments/sim26/discretisation_64x64x3/window_size_8/gaussian/noise_0_0/net_1/trained/, with error = 0.039552, std = 0.053832



epoch [5 0] from [10 5]
training time per iterations 10.072027[ms]
testing on 5000 items
testing done
average error 0.040259
standard deviation 0.052869
1sigma interval : -0.012610, 0.093128
2sigma interval : -0.065479, 0.145997
3sigma interval : -0.118347, 0.198866



epoch [5 1] from [10 5]
training time per iterations 10.068413[ms]
testing on 5000 items
testing done
average error 0.039458
standard deviation 0.053403
1sigma interval : -0.013945, 0.092862
2sigma interval : -0.067349, 0.146265
3sigma interval : -0.120752, 0.199668
saving best net
best net saved to experiments/sim26/discretisation_64x64x3/window_size_8/gaussian/noise_0_0/net_1/trained/, with error = 0.039458, std = 0.053403



epoch [5 2] from [10 5]
training time per iterations 10.072918[ms]
testing on 5000 items
testing done
average error 0.039100
standard deviation 0.052970
1sigma interval : -0.013870, 0.092070
2sigma interval : -0.066839, 0.145040
3sigma interval : -0.119809, 0.198009
saving best net
best net saved to experiments/sim26/discretisation_64x64x3/window_size_8/gaussian/noise_0_0/net_1/trained/, with error = 0.039100, std = 0.052970



epoch [5 3] from [10 5]
training time per iterations 10.071032[ms]
testing on 5000 items
testing done
average error 0.038787
standard deviation 0.053177
1sigma interval : -0.014389, 0.091964
2sigma interval : -0.067566, 0.145140
3sigma interval : -0.120743, 0.198317
saving best net
best net saved to experiments/sim26/discretisation_64x64x3/window_size_8/gaussian/noise_0_0/net_1/trained/, with error = 0.038787, std = 0.053177



epoch [5 4] from [10 5]
training time per iterations 10.080409[ms]
testing on 5000 items
testing done
average error 0.039549
standard deviation 0.052538
1sigma interval : -0.012989, 0.092088
2sigma interval : -0.065527, 0.144626
3sigma interval : -0.118066, 0.197165



epoch [6 0] from [10 5]
training time per iterations 10.069618[ms]
testing on 5000 items
testing done
average error 0.038367
standard deviation 0.053088
1sigma interval : -0.014721, 0.091455
2sigma interval : -0.067809, 0.144543
3sigma interval : -0.120897, 0.197631
saving best net
best net saved to experiments/sim26/discretisation_64x64x3/window_size_8/gaussian/noise_0_0/net_1/trained/, with error = 0.038367, std = 0.053088



epoch [6 1] from [10 5]
training time per iterations 10.077999[ms]
testing on 5000 items
testing done
average error 0.038331
standard deviation 0.052880
1sigma interval : -0.014548, 0.091211
2sigma interval : -0.067428, 0.144091
3sigma interval : -0.120308, 0.196970
saving best net
best net saved to experiments/sim26/discretisation_64x64x3/window_size_8/gaussian/noise_0_0/net_1/trained/, with error = 0.038331, std = 0.052880



epoch [6 2] from [10 5]
training time per iterations 10.057046[ms]
testing on 5000 items
testing done
average error 0.038607
standard deviation 0.052380
1sigma interval : -0.013773, 0.090986
2sigma interval : -0.066152, 0.143366
3sigma interval : -0.118532, 0.195746



epoch [6 3] from [10 5]
training time per iterations 10.062074[ms]
testing on 5000 items
testing done
average error 0.037612
standard deviation 0.052953
1sigma interval : -0.015341, 0.090565
2sigma interval : -0.068294, 0.143518
3sigma interval : -0.121248, 0.196471
saving best net
best net saved to experiments/sim26/discretisation_64x64x3/window_size_8/gaussian/noise_0_0/net_1/trained/, with error = 0.037612, std = 0.052953



epoch [6 4] from [10 5]
training time per iterations 10.064536[ms]
testing on 5000 items
testing done
average error 0.037764
standard deviation 0.052606
1sigma interval : -0.014841, 0.090370
2sigma interval : -0.067447, 0.142976
3sigma interval : -0.120053, 0.195581



epoch [7 0] from [10 5]
training time per iterations 10.059822[ms]
testing on 5000 items
testing done
average error 0.038223
standard deviation 0.052169
1sigma interval : -0.013946, 0.090392
2sigma interval : -0.066114, 0.142560
3sigma interval : -0.118283, 0.194729



epoch [7 1] from [10 5]
training time per iterations 10.057727[ms]
testing on 5000 items
testing done
average error 0.037215
standard deviation 0.052559
1sigma interval : -0.015345, 0.089774
2sigma interval : -0.067904, 0.142333
3sigma interval : -0.120464, 0.194893
saving best net
best net saved to experiments/sim26/discretisation_64x64x3/window_size_8/gaussian/noise_0_0/net_1/trained/, with error = 0.037215, std = 0.052559



epoch [7 2] from [10 5]
training time per iterations 10.053798[ms]
testing on 5000 items
testing done
average error 0.037664
standard deviation 0.052103
1sigma interval : -0.014439, 0.089767
2sigma interval : -0.066542, 0.141870
3sigma interval : -0.118645, 0.193974



epoch [7 3] from [10 5]
training time per iterations 10.063960[ms]
testing on 5000 items
testing done
average error 0.039374
standard deviation 0.051593
1sigma interval : -0.012218, 0.090967
2sigma interval : -0.063811, 0.142560
3sigma interval : -0.115404, 0.194153



epoch [7 4] from [10 5]
training time per iterations 10.046150[ms]
testing on 5000 items
testing done
average error 0.038118
standard deviation 0.051806
1sigma interval : -0.013688, 0.089924
2sigma interval : -0.065494, 0.141730
3sigma interval : -0.117300, 0.193536
setting learning rate to 0.000050



epoch [8 0] from [10 5]
training time per iterations 10.052226[ms]
testing on 5000 items
testing done
average error 0.036572
standard deviation 0.052041
1sigma interval : -0.015469, 0.088612
2sigma interval : -0.067510, 0.140653
3sigma interval : -0.119551, 0.192694
saving best net
best net saved to experiments/sim26/discretisation_64x64x3/window_size_8/gaussian/noise_0_0/net_1/trained/, with error = 0.036572, std = 0.052041



epoch [8 1] from [10 5]
training time per iterations 10.051126[ms]
testing on 5000 items
testing done
average error 0.036447
standard deviation 0.052047
1sigma interval : -0.015600, 0.088494
2sigma interval : -0.067647, 0.140542
3sigma interval : -0.119694, 0.192589
saving best net
best net saved to experiments/sim26/discretisation_64x64x3/window_size_8/gaussian/noise_0_0/net_1/trained/, with error = 0.036447, std = 0.052047



epoch [8 2] from [10 5]
training time per iterations 10.057203[ms]
testing on 5000 items
testing done
average error 0.036740
standard deviation 0.051794
1sigma interval : -0.015054, 0.088534
2sigma interval : -0.066847, 0.140328
3sigma interval : -0.118641, 0.192122



epoch [8 3] from [10 5]
training time per iterations 10.061236[ms]
testing on 5000 items
testing done
average error 0.036426
standard deviation 0.052032
1sigma interval : -0.015607, 0.088458
2sigma interval : -0.067639, 0.140490
3sigma interval : -0.119671, 0.192522
saving best net
best net saved to experiments/sim26/discretisation_64x64x3/window_size_8/gaussian/noise_0_0/net_1/trained/, with error = 0.036426, std = 0.052032



epoch [8 4] from [10 5]
training time per iterations 10.062232[ms]
testing on 5000 items
testing done
average error 0.036170
standard deviation 0.052066
1sigma interval : -0.015896, 0.088235
2sigma interval : -0.067962, 0.140301
3sigma interval : -0.120028, 0.192367
saving best net
best net saved to experiments/sim26/discretisation_64x64x3/window_size_8/gaussian/noise_0_0/net_1/trained/, with error = 0.036170, std = 0.052066



epoch [9 0] from [10 5]
training time per iterations 10.055631[ms]
testing on 5000 items
testing done
average error 0.035906
standard deviation 0.052235
1sigma interval : -0.016329, 0.088141
2sigma interval : -0.068564, 0.140377
3sigma interval : -0.120800, 0.192612
saving best net
best net saved to experiments/sim26/discretisation_64x64x3/window_size_8/gaussian/noise_0_0/net_1/trained/, with error = 0.035906, std = 0.052235



epoch [9 1] from [10 5]
training time per iterations 10.056365[ms]
testing on 5000 items
testing done
average error 0.036521
standard deviation 0.051782
1sigma interval : -0.015261, 0.088303
2sigma interval : -0.067043, 0.140085
3sigma interval : -0.118824, 0.191866



epoch [9 2] from [10 5]
training time per iterations 10.067156[ms]
testing on 5000 items
testing done
average error 0.036026
standard deviation 0.051928
1sigma interval : -0.015902, 0.087954
2sigma interval : -0.067831, 0.139882
3sigma interval : -0.119759, 0.191810



epoch [9 3] from [10 5]
training time per iterations 10.047145[ms]
testing on 5000 items
testing done
average error 0.035956
standard deviation 0.051972
1sigma interval : -0.016015, 0.087928
2sigma interval : -0.067987, 0.139899
3sigma interval : -0.119958, 0.191871



epoch [9 4] from [10 5]
training time per iterations 10.057203[ms]
testing on 5000 items
testing done
average error 0.035860
standard deviation 0.052093
1sigma interval : -0.016234, 0.087953
2sigma interval : -0.068327, 0.140047
3sigma interval : -0.120421, 0.192140
saving best net
best net saved to experiments/sim26/discretisation_64x64x3/window_size_8/gaussian/noise_0_0/net_1/trained/, with error = 0.035860, std = 0.052093
training done
