0.000000 0 0 0.104149 0.096272 0.104297 0.097238
0.200000 0 1 0.057384 0.059862 0.058928 0.068381
0.400000 0 2 0.050081 0.057254 0.050883 0.064784
0.600000 0 3 0.047017 0.055693 0.047014 0.057296
0.800000 0 4 0.044821 0.055391 0.045087 0.059990
1.000000 1 0 0.043647 0.055235 0.043202 0.059403
1.200000 1 1 0.045334 0.054153 0.044811 0.048478
1.400000 1 2 0.042915 0.054570 0.041996 0.049509
1.600000 1 3 0.042128 0.054668 0.041940 0.057480
1.800000 1 4 0.041119 0.054927 0.040746 0.054431
2.000000 2 0 0.041235 0.054628 0.041010 0.058874
2.200000 2 1 0.041297 0.054220 0.042389 0.062211
2.400000 2 2 0.040738 0.054381 0.041811 0.067073
2.600000 2 3 0.041797 0.053855 0.042489 0.058354
2.800000 2 4 0.041301 0.053866 0.042688 0.060194
3.000000 3 0 0.040278 0.054092 0.038493 0.044066
3.200000 3 1 0.041169 0.053944 0.039801 0.047107
3.400000 3 2 0.040240 0.054001 0.038688 0.048204
3.600000 3 3 0.041193 0.053535 0.038930 0.041971
3.800000 3 4 0.040579 0.053465 0.040820 0.053772
4.000000 4 0 0.040460 0.053364 0.040073 0.050475
4.200000 4 1 0.040416 0.053589 0.041279 0.062390
4.400000 4 2 0.039814 0.053795 0.040135 0.057381
4.600000 4 3 0.040319 0.053273 0.039563 0.051147
4.800000 4 4 0.039552 0.053832 0.039780 0.054223
5.000000 5 0 0.040259 0.052869 0.039043 0.044509
5.200000 5 1 0.039458 0.053403 0.041499 0.068955
5.400000 5 2 0.039100 0.052970 0.037505 0.047272
5.600000 5 3 0.038787 0.053177 0.039565 0.065441
5.800000 5 4 0.039549 0.052538 0.039473 0.054214
6.000000 6 0 0.038367 0.053088 0.037719 0.051550
6.200000 6 1 0.038331 0.052880 0.037601 0.054190
6.400000 6 2 0.038607 0.052380 0.038286 0.056888
6.600000 6 3 0.037612 0.052953 0.035721 0.043576
6.800000 6 4 0.037764 0.052606 0.037637 0.052854
7.000000 7 0 0.038223 0.052169 0.039252 0.059912
7.200000 7 1 0.037215 0.052559 0.036896 0.052687
7.400000 7 2 0.037664 0.052103 0.037950 0.054324
7.600000 7 3 0.039374 0.051593 0.039249 0.050403
7.800000 7 4 0.038118 0.051806 0.037273 0.049174
8.000000 8 0 0.036572 0.052041 0.035636 0.045667
8.200000 8 1 0.036447 0.052047 0.036801 0.054181
8.400000 8 2 0.036740 0.051794 0.036988 0.058366
8.600000 8 3 0.036426 0.052032 0.035633 0.046908
8.800000 8 4 0.036170 0.052066 0.036457 0.055678
9.000000 9 0 0.035906 0.052235 0.035124 0.049206
9.200000 9 1 0.036521 0.051782 0.037166 0.058055
9.400000 9 2 0.036026 0.051928 0.036593 0.059423
9.600000 9 3 0.035956 0.051972 0.035092 0.045343
9.800000 9 4 0.035860 0.052093 0.037374 0.070241
