0 0 0.000000 0.193496 0.126737 0.189511 0.124481
0 1 0.476190 0.180698 0.118875 0.180202 0.118547
0 2 0.952381 0.169148 0.111459 0.171580 0.113107
0 3 1.428571 0.163410 0.107489 0.164096 0.107821
0 4 1.904762 0.158201 0.104319 0.155951 0.102772
0 5 2.380952 0.151707 0.098087 0.151731 0.098484
0 6 2.857143 0.137550 0.090740 0.135330 0.089166
0 7 3.333333 0.133788 0.087740 0.132061 0.086465
0 8 3.809524 0.131749 0.085701 0.132571 0.086567
0 9 4.285714 0.128374 0.083692 0.128615 0.084380
0 10 4.761905 0.127883 0.082560 0.126836 0.082335
0 11 5.238095 0.125302 0.081818 0.126977 0.082561
0 12 5.714286 0.123447 0.080736 0.122584 0.080012
0 13 6.190476 0.121605 0.079893 0.120802 0.079258
0 14 6.666667 0.125394 0.080866 0.122919 0.079678
0 15 7.142857 0.120772 0.077955 0.119816 0.077682
0 16 7.619048 0.117262 0.076858 0.115453 0.076034
0 17 8.095238 0.115570 0.075415 0.115354 0.075387
0 18 8.571428 0.112317 0.074004 0.112299 0.073999
0 19 9.047619 0.109823 0.072808 0.110740 0.072881
0 20 9.523809 0.108714 0.070919 0.108907 0.070707
1 0 10.000000 0.105898 0.069640 0.106457 0.069845
1 1 10.476191 0.105478 0.069611 0.103281 0.068437
1 2 10.952381 0.103465 0.068528 0.103854 0.069434
1 3 11.428572 0.103194 0.068180 0.100518 0.067038
1 4 11.904762 0.100517 0.066246 0.100998 0.066728
1 5 12.380953 0.101588 0.066150 0.100782 0.066015
1 6 12.857142 0.100880 0.066481 0.100853 0.066572
1 7 13.333333 0.099314 0.065053 0.099823 0.065108
1 8 13.809524 0.098463 0.065559 0.096715 0.064382
1 9 14.285714 0.097388 0.064550 0.097003 0.064344
1 10 14.761905 0.096192 0.063885 0.097125 0.064535
1 11 15.238095 0.094765 0.063296 0.095361 0.063890
1 12 15.714286 0.095660 0.063292 0.095814 0.063404
1 13 16.190475 0.094000 0.062690 0.093292 0.062110
1 14 16.666666 0.095231 0.063461 0.095566 0.063682
1 15 17.142857 0.095043 0.063042 0.096064 0.063651
1 16 17.619047 0.092932 0.062215 0.092431 0.061739
1 17 18.095238 0.090653 0.060479 0.092251 0.061814
1 18 18.571428 0.091957 0.061756 0.090721 0.060333
1 19 19.047619 0.089873 0.060602 0.091190 0.060850
1 20 19.523809 0.091086 0.061198 0.090122 0.060271
2 0 20.000000 0.091895 0.061350 0.091362 0.060925
2 1 20.476191 0.089107 0.059942 0.090245 0.060624
2 2 20.952381 0.089207 0.059957 0.090216 0.060699
2 3 21.428572 0.089866 0.060173 0.090191 0.060427
2 4 21.904762 0.089388 0.059259 0.090417 0.060222
2 5 22.380953 0.088166 0.058794 0.088919 0.059067
2 6 22.857143 0.089241 0.059646 0.089008 0.059379
2 7 23.333334 0.086519 0.058534 0.088371 0.059526
2 8 23.809525 0.086446 0.058391 0.087798 0.059592
2 9 24.285715 0.087818 0.059628 0.086281 0.058381
2 10 24.761906 0.089040 0.059171 0.089423 0.059463
2 11 25.238094 0.085513 0.057722 0.087126 0.058849
2 12 25.714285 0.087167 0.059454 0.086026 0.058413
2 13 26.190475 0.086484 0.057816 0.085171 0.057260
2 14 26.666666 0.087444 0.058987 0.085264 0.057483
2 15 27.142857 0.085939 0.058471 0.085474 0.058066
2 16 27.619047 0.086988 0.057495 0.086649 0.057528
2 17 28.095238 0.083482 0.056102 0.085698 0.057971
2 18 28.571428 0.085830 0.058035 0.083794 0.056516
2 19 29.047619 0.085517 0.057047 0.085365 0.057506
2 20 29.523809 0.082931 0.055907 0.083040 0.056051
3 0 30.000000 0.084466 0.056542 0.083690 0.055866
3 1 30.476191 0.082710 0.056237 0.084653 0.057466
3 2 30.952381 0.084257 0.057038 0.083620 0.056660
3 3 31.428572 0.081409 0.055353 0.081956 0.055257
3 4 31.904762 0.080615 0.054567 0.081266 0.055064
3 5 32.380951 0.082317 0.056395 0.082485 0.056010
3 6 32.857143 0.080807 0.054728 0.081009 0.054304
3 7 33.333332 0.082429 0.055410 0.081111 0.053861
3 8 33.809525 0.081021 0.054118 0.081808 0.055149
3 9 34.285713 0.079155 0.053668 0.079407 0.053926
3 10 34.761906 0.079059 0.053551 0.081284 0.055347
3 11 35.238094 0.079425 0.054228 0.079455 0.054150
3 12 35.714287 0.078808 0.053398 0.078252 0.052048
3 13 36.190475 0.077675 0.052706 0.078406 0.053525
3 14 36.666668 0.080255 0.054449 0.077847 0.052632
3 15 37.142857 0.078628 0.053610 0.078070 0.053363
3 16 37.619049 0.078258 0.053753 0.078656 0.053458
3 17 38.095238 0.077212 0.052310 0.076648 0.052426
3 18 38.571430 0.075702 0.051454 0.076476 0.052041
3 19 39.047619 0.077250 0.053047 0.076422 0.051575
3 20 39.523811 0.075671 0.051486 0.074744 0.051012
4 0 40.000000 0.074392 0.050962 0.074467 0.050810
4 1 40.476189 0.077119 0.052784 0.076068 0.051799
4 2 40.952381 0.075063 0.050842 0.075668 0.051855
4 3 41.428570 0.074553 0.050976 0.074534 0.051257
4 4 41.904762 0.074088 0.051039 0.072940 0.050293
4 5 42.380951 0.073799 0.050244 0.074714 0.050982
4 6 42.857143 0.073870 0.050345 0.073891 0.050170
4 7 43.333332 0.075314 0.052041 0.073327 0.049989
4 8 43.809525 0.072638 0.049867 0.073409 0.050762
4 9 44.285713 0.073749 0.050501 0.073424 0.050130
4 10 44.761906 0.072684 0.049976 0.072629 0.049777
4 11 45.238094 0.073966 0.049245 0.075122 0.050056
4 12 45.714287 0.073680 0.050446 0.073146 0.049768
4 13 46.190475 0.073539 0.049701 0.073205 0.049643
4 14 46.666668 0.072500 0.049610 0.072661 0.049496
4 15 47.142857 0.072902 0.050126 0.071609 0.049014
4 16 47.619049 0.073210 0.050122 0.073099 0.049814
4 17 48.095238 0.072843 0.049713 0.073141 0.049776
4 18 48.571430 0.072023 0.049436 0.070817 0.049169
4 19 49.047619 0.071603 0.049410 0.070759 0.048900
4 20 49.523811 0.071314 0.048934 0.071605 0.049379
5 0 50.000000 0.070739 0.049112 0.069984 0.048543
5 1 50.476189 0.069818 0.048088 0.070404 0.048769
5 2 50.952381 0.070850 0.048668 0.070965 0.048881
5 3 51.428570 0.069791 0.048081 0.070107 0.048283
5 4 51.904762 0.070497 0.048456 0.069829 0.047949
5 5 52.380951 0.070135 0.047541 0.069217 0.047039
5 6 52.857143 0.069051 0.047292 0.069171 0.047398
5 7 53.333332 0.070726 0.048288 0.070308 0.047843
5 8 53.809525 0.069614 0.047854 0.070750 0.048485
5 9 54.285713 0.069755 0.047826 0.068356 0.046871
5 10 54.761906 0.069150 0.047397 0.069851 0.048165
5 11 55.238094 0.070178 0.049047 0.069556 0.048227
5 12 55.714287 0.068874 0.047099 0.070757 0.048155
5 13 56.190475 0.069502 0.047722 0.069314 0.046874
5 14 56.666668 0.069530 0.047610 0.069772 0.048177
5 15 57.142857 0.067988 0.046568 0.067707 0.047016
5 16 57.619049 0.069431 0.047855 0.066875 0.046559
5 17 58.095238 0.068491 0.046961 0.068728 0.047051
5 18 58.571430 0.067324 0.046254 0.066487 0.045498
5 19 59.047619 0.067325 0.046455 0.068657 0.047290
5 20 59.523811 0.066679 0.045718 0.066931 0.046422
6 0 60.000000 0.067624 0.045996 0.066955 0.045918
6 1 60.476189 0.068745 0.047120 0.067511 0.046394
6 2 60.952381 0.068532 0.047224 0.067610 0.046829
6 3 61.428570 0.068373 0.047154 0.068231 0.046720
6 4 61.904762 0.067741 0.046266 0.067703 0.046585
6 5 62.380951 0.066720 0.046271 0.065504 0.045200
6 6 62.857143 0.067758 0.046951 0.067086 0.045937
6 7 63.333332 0.066413 0.045620 0.067264 0.046320
6 8 63.809525 0.067459 0.045831 0.068994 0.047480
6 9 64.285713 0.067635 0.046387 0.068819 0.046716
6 10 64.761902 0.066409 0.045633 0.066016 0.045174
6 11 65.238098 0.065567 0.045525 0.065526 0.045575
6 12 65.714287 0.065653 0.045534 0.065716 0.045240
6 13 66.190475 0.066568 0.045674 0.066911 0.045944
6 14 66.666664 0.066614 0.045550 0.066063 0.045152
6 15 67.142860 0.067187 0.045883 0.066266 0.045700
6 16 67.619049 0.064983 0.044997 0.065859 0.046055
6 17 68.095238 0.067726 0.046189 0.065979 0.044498
6 18 68.571426 0.065430 0.044722 0.066298 0.045465
6 19 69.047623 0.064471 0.044437 0.064680 0.044450
6 20 69.523811 0.066944 0.045407 0.065768 0.044824
7 0 70.000000 0.065418 0.045193 0.066957 0.045981
7 1 70.476189 0.064244 0.044301 0.064276 0.044497
7 2 70.952377 0.066816 0.045473 0.066515 0.044752
7 3 71.428574 0.064531 0.044280 0.064100 0.044403
7 4 71.904762 0.065369 0.044438 0.064819 0.044284
7 5 72.380951 0.064749 0.044317 0.065156 0.044677
7 6 72.857140 0.065589 0.044345 0.066053 0.044391
7 7 73.333336 0.064832 0.044686 0.064284 0.044648
7 8 73.809525 0.064073 0.044317 0.063942 0.044164
7 9 74.285713 0.064658 0.044557 0.063709 0.044185
7 10 74.761902 0.064293 0.044780 0.063551 0.043536
7 11 75.238098 0.064482 0.044162 0.064826 0.044716
7 12 75.714287 0.064485 0.043978 0.064913 0.044775
7 13 76.190475 0.063318 0.043719 0.062616 0.043211
7 14 76.666664 0.063229 0.043750 0.062823 0.043582
7 15 77.142860 0.064111 0.044411 0.063965 0.043481
7 16 77.619049 0.064146 0.044579 0.064058 0.044134
7 17 78.095238 0.063049 0.043351 0.063227 0.043463
7 18 78.571426 0.064435 0.043806 0.063782 0.043604
7 19 79.047623 0.062890 0.043342 0.063152 0.042931
7 20 79.523811 0.062956 0.043383 0.062208 0.043105
8 0 80.000000 0.063781 0.044056 0.062725 0.043312
8 1 80.476189 0.063272 0.043764 0.060818 0.042235
8 2 80.952377 0.061673 0.042897 0.061496 0.042419
8 3 81.428574 0.062528 0.042867 0.062755 0.042943
8 4 81.904762 0.062535 0.043031 0.061861 0.042572
8 5 82.380951 0.061702 0.042242 0.060484 0.041490
8 6 82.857140 0.061800 0.042723 0.062017 0.042885
8 7 83.333336 0.061005 0.041917 0.061671 0.042576
8 8 83.809525 0.061826 0.042273 0.060717 0.041633
8 9 84.285713 0.061479 0.041989 0.061109 0.041952
8 10 84.761902 0.060841 0.041811 0.061568 0.042724
8 11 85.238098 0.060303 0.041836 0.061274 0.042201
8 12 85.714287 0.061242 0.042333 0.061682 0.042832
8 13 86.190475 0.060477 0.041875 0.060168 0.041546
8 14 86.666664 0.060110 0.041735 0.060544 0.041985
8 15 87.142860 0.059932 0.041485 0.060213 0.041504
8 16 87.619049 0.061249 0.042308 0.060127 0.041348
8 17 88.095238 0.061273 0.042094 0.060937 0.041923
8 18 88.571426 0.061986 0.042270 0.061244 0.041811
8 19 89.047623 0.059800 0.041034 0.060833 0.042173
8 20 89.523811 0.060830 0.042268 0.059312 0.040796
9 0 90.000000 0.061641 0.042399 0.061497 0.042360
9 1 90.476189 0.060190 0.041163 0.059982 0.041212
9 2 90.952377 0.060210 0.042042 0.060073 0.041590
9 3 91.428574 0.059533 0.040777 0.060249 0.041230
9 4 91.904762 0.060870 0.041382 0.059851 0.040901
9 5 92.380951 0.059391 0.041313 0.059076 0.041147
9 6 92.857140 0.059290 0.041115 0.059248 0.041078
9 7 93.333336 0.058623 0.040477 0.059945 0.041506
9 8 93.809525 0.058106 0.040071 0.060296 0.041633
9 9 94.285713 0.057623 0.039907 0.058380 0.040383
9 10 94.761902 0.059691 0.040349 0.060842 0.040964
9 11 95.238098 0.058988 0.041065 0.059086 0.041333
9 12 95.714287 0.058835 0.040719 0.058489 0.040616
9 13 96.190475 0.059479 0.040117 0.060057 0.041069
9 14 96.666664 0.058671 0.040250 0.059163 0.041072
9 15 97.142860 0.058450 0.040490 0.058854 0.040458
9 16 97.619049 0.057309 0.039262 0.057726 0.040131
9 17 98.095238 0.058225 0.040318 0.057998 0.039698
9 18 98.571426 0.057175 0.039577 0.057466 0.039740
9 19 99.047623 0.057669 0.039194 0.057044 0.039251
9 20 99.523811 0.059748 0.039738 0.059320 0.039304
