0 -0.146963 1 0.001000
1 -0.144406 0 0.000000
2 -0.141850 0 0.000000
3 -0.139293 0 0.000000
4 -0.136737 0 0.000000
5 -0.134181 0 0.000000
6 -0.131624 1 0.001000
7 -0.129068 0 0.000000
8 -0.126511 0 0.000000
9 -0.123955 0 0.000000
10 -0.121398 0 0.000000
11 -0.118842 0 0.000000
12 -0.116286 0 0.000000
13 -0.113729 0 0.000000
14 -0.111173 0 0.000000
15 -0.108616 0 0.000000
16 -0.106060 0 0.000000
17 -0.103503 0 0.000000
18 -0.100947 0 0.000000
19 -0.098390 1 0.001000
20 -0.095834 0 0.000000
21 -0.093278 0 0.000000
22 -0.090721 0 0.000000
23 -0.088165 2 0.002000
24 -0.085608 0 0.000000
25 -0.083052 0 0.000000
26 -0.080495 2 0.002000
27 -0.077939 1 0.001000
28 -0.075383 1 0.001000
29 -0.072826 1 0.001000
30 -0.070270 4 0.004000
31 -0.067713 3 0.003000
32 -0.065157 1 0.001000
33 -0.062600 0 0.000000
34 -0.060044 0 0.000000
35 -0.057487 1 0.001000
36 -0.054931 4 0.004000
37 -0.052375 2 0.002000
38 -0.049818 1 0.001000
39 -0.047262 3 0.003000
40 -0.044705 3 0.003000
41 -0.042149 5 0.005000
42 -0.039592 3 0.003000
43 -0.037036 5 0.005000
44 -0.034480 8 0.008000
45 -0.031923 6 0.006000
46 -0.029367 11 0.011000
47 -0.026810 12 0.012000
48 -0.024254 12 0.012000
49 -0.021697 19 0.019000
50 -0.019141 23 0.023000
51 -0.016584 32 0.032000
52 -0.014028 29 0.029000
53 -0.011472 63 0.063000
54 -0.008915 54 0.054000
55 -0.006359 59 0.059000
56 -0.003802 67 0.067000
57 -0.001246 76 0.076000
58 0.001311 66 0.066000
59 0.003867 67 0.067000
60 0.006423 62 0.062000
61 0.008980 54 0.054000
62 0.011536 48 0.048000
63 0.014093 26 0.026000
64 0.016649 24 0.024000
65 0.019206 23 0.023000
66 0.021762 18 0.018000
67 0.024319 11 0.011000
68 0.026875 12 0.012000
69 0.029431 9 0.009000
70 0.031988 10 0.010000
71 0.034544 5 0.005000
72 0.037101 5 0.005000
73 0.039657 4 0.004000
74 0.042214 5 0.005000
75 0.044770 5 0.005000
76 0.047326 2 0.002000
77 0.049883 2 0.002000
78 0.052439 5 0.005000
79 0.054996 4 0.004000
80 0.057552 2 0.002000
81 0.060109 0 0.000000
82 0.062665 2 0.002000
83 0.065221 0 0.000000
84 0.067778 1 0.001000
85 0.070334 2 0.002000
86 0.072891 1 0.001000
87 0.075447 0 0.000000
88 0.078004 2 0.002000
89 0.080560 2 0.002000
90 0.083117 1 0.001000
91 0.085673 0 0.000000
92 0.088229 1 0.001000
93 0.090786 0 0.000000
94 0.093342 1 0.001000
95 0.095899 0 0.000000
96 0.098455 1 0.001000
97 0.101012 0 0.000000
98 0.103568 0 0.000000
99 0.106124 1 0.001000
