0 -0.981392 1 0.000333
1 -0.969054 1 0.000333
2 -0.956715 0 0.000000
3 -0.944376 0 0.000000
4 -0.932038 0 0.000000
5 -0.919699 0 0.000000
6 -0.907360 0 0.000000
7 -0.895021 0 0.000000
8 -0.882683 0 0.000000
9 -0.870344 0 0.000000
10 -0.858005 0 0.000000
11 -0.845667 0 0.000000
12 -0.833328 0 0.000000
13 -0.820989 0 0.000000
14 -0.808651 0 0.000000
15 -0.796312 0 0.000000
16 -0.783973 0 0.000000
17 -0.771635 0 0.000000
18 -0.759296 0 0.000000
19 -0.746957 0 0.000000
20 -0.734618 0 0.000000
21 -0.722280 0 0.000000
22 -0.709941 0 0.000000
23 -0.697602 0 0.000000
24 -0.685264 0 0.000000
25 -0.672925 0 0.000000
26 -0.660586 0 0.000000
27 -0.648248 0 0.000000
28 -0.635909 0 0.000000
29 -0.623570 0 0.000000
30 -0.611232 0 0.000000
31 -0.598893 0 0.000000
32 -0.586554 0 0.000000
33 -0.574215 0 0.000000
34 -0.561877 0 0.000000
35 -0.549538 0 0.000000
36 -0.537199 0 0.000000
37 -0.524861 0 0.000000
38 -0.512522 0 0.000000
39 -0.500183 0 0.000000
40 -0.487845 0 0.000000
41 -0.475506 0 0.000000
42 -0.463167 0 0.000000
43 -0.450828 0 0.000000
44 -0.438490 0 0.000000
45 -0.426151 0 0.000000
46 -0.413812 0 0.000000
47 -0.401474 0 0.000000
48 -0.389135 0 0.000000
49 -0.376796 0 0.000000
50 -0.364458 0 0.000000
51 -0.352119 0 0.000000
52 -0.339780 0 0.000000
53 -0.327442 0 0.000000
54 -0.315103 0 0.000000
55 -0.302764 0 0.000000
56 -0.290425 0 0.000000
57 -0.278087 0 0.000000
58 -0.265748 0 0.000000
59 -0.253409 0 0.000000
60 -0.241071 0 0.000000
61 -0.228732 0 0.000000
62 -0.216393 0 0.000000
63 -0.204055 2 0.000667
64 -0.191716 0 0.000000
65 -0.179377 0 0.000000
66 -0.167039 0 0.000000
67 -0.154700 4 0.001333
68 -0.142361 1 0.000333
69 -0.130022 2 0.000667
70 -0.117684 1 0.000333
71 -0.105345 2 0.000667
72 -0.093006 8 0.002667
73 -0.080668 19 0.006333
74 -0.068329 24 0.008000
75 -0.055990 32 0.010667
76 -0.043652 63 0.021000
77 -0.031313 174 0.058000
78 -0.018974 469 0.156333
79 -0.006635 1353 0.451000
80 0.005703 424 0.141333
81 0.018042 189 0.063000
82 0.030381 94 0.031333
83 0.042719 54 0.018000
84 0.055058 25 0.008333
85 0.067397 19 0.006333
86 0.079735 15 0.005000
87 0.092074 8 0.002667
88 0.104413 6 0.002000
89 0.116751 2 0.000667
90 0.129090 4 0.001333
91 0.141429 1 0.000333
92 0.153768 0 0.000000
93 0.166106 0 0.000000
94 0.178445 1 0.000333
95 0.190784 0 0.000000
96 0.203122 0 0.000000
97 0.215461 0 0.000000
98 0.227800 1 0.000333
99 0.240138 1 0.000333
