0 -0.981392 1 0.001000
1 -0.970913 0 0.000000
2 -0.960433 1 0.001000
3 -0.949953 0 0.000000
4 -0.939473 0 0.000000
5 -0.928993 0 0.000000
6 -0.918514 0 0.000000
7 -0.908034 0 0.000000
8 -0.897554 0 0.000000
9 -0.887074 0 0.000000
10 -0.876594 0 0.000000
11 -0.866114 0 0.000000
12 -0.855635 0 0.000000
13 -0.845155 0 0.000000
14 -0.834675 0 0.000000
15 -0.824195 0 0.000000
16 -0.813715 0 0.000000
17 -0.803236 0 0.000000
18 -0.792756 0 0.000000
19 -0.782276 0 0.000000
20 -0.771796 0 0.000000
21 -0.761316 0 0.000000
22 -0.750837 0 0.000000
23 -0.740357 0 0.000000
24 -0.729877 0 0.000000
25 -0.719397 0 0.000000
26 -0.708917 0 0.000000
27 -0.698438 0 0.000000
28 -0.687958 0 0.000000
29 -0.677478 0 0.000000
30 -0.666998 0 0.000000
31 -0.656518 0 0.000000
32 -0.646039 0 0.000000
33 -0.635559 0 0.000000
34 -0.625079 0 0.000000
35 -0.614599 0 0.000000
36 -0.604119 0 0.000000
37 -0.593639 0 0.000000
38 -0.583160 0 0.000000
39 -0.572680 0 0.000000
40 -0.562200 0 0.000000
41 -0.551720 0 0.000000
42 -0.541240 0 0.000000
43 -0.530761 0 0.000000
44 -0.520281 0 0.000000
45 -0.509801 0 0.000000
46 -0.499321 0 0.000000
47 -0.488841 0 0.000000
48 -0.478362 0 0.000000
49 -0.467882 0 0.000000
50 -0.457402 0 0.000000
51 -0.446922 0 0.000000
52 -0.436442 0 0.000000
53 -0.425963 0 0.000000
54 -0.415483 0 0.000000
55 -0.405003 0 0.000000
56 -0.394523 0 0.000000
57 -0.384043 0 0.000000
58 -0.373563 0 0.000000
59 -0.363084 0 0.000000
60 -0.352604 0 0.000000
61 -0.342124 0 0.000000
62 -0.331644 0 0.000000
63 -0.321164 0 0.000000
64 -0.310685 0 0.000000
65 -0.300205 0 0.000000
66 -0.289725 0 0.000000
67 -0.279245 0 0.000000
68 -0.268765 0 0.000000
69 -0.258286 0 0.000000
70 -0.247806 0 0.000000
71 -0.237326 0 0.000000
72 -0.226846 0 0.000000
73 -0.216366 0 0.000000
74 -0.205887 0 0.000000
75 -0.195407 0 0.000000
76 -0.184927 0 0.000000
77 -0.174447 0 0.000000
78 -0.163967 0 0.000000
79 -0.153488 0 0.000000
80 -0.143008 0 0.000000
81 -0.132528 0 0.000000
82 -0.122048 0 0.000000
83 -0.111568 0 0.000000
84 -0.101088 0 0.000000
85 -0.090609 0 0.000000
86 -0.080129 0 0.000000
87 -0.069649 0 0.000000
88 -0.059169 0 0.000000
89 -0.048689 0 0.000000
90 -0.038210 0 0.000000
91 -0.027730 2 0.002000
92 -0.017250 63 0.063000
93 -0.006770 750 0.750000
94 0.003710 126 0.126000
95 0.014189 19 0.019000
96 0.024669 19 0.019000
97 0.035149 15 0.015000
98 0.045629 3 0.003000
99 0.056109 1 0.001000
