0 -0.201760 2 0.002000
1 -0.197296 0 0.000000
2 -0.192832 0 0.000000
3 -0.188369 0 0.000000
4 -0.183905 0 0.000000
5 -0.179442 0 0.000000
6 -0.174978 0 0.000000
7 -0.170514 0 0.000000
8 -0.166051 0 0.000000
9 -0.161587 0 0.000000
10 -0.157124 0 0.000000
11 -0.152660 1 0.001000
12 -0.148196 0 0.000000
13 -0.143733 2 0.002000
14 -0.139269 0 0.000000
15 -0.134805 0 0.000000
16 -0.130342 1 0.001000
17 -0.125878 0 0.000000
18 -0.121415 1 0.001000
19 -0.116951 1 0.001000
20 -0.112487 0 0.000000
21 -0.108024 1 0.001000
22 -0.103560 0 0.000000
23 -0.099096 0 0.000000
24 -0.094633 0 0.000000
25 -0.090169 2 0.002000
26 -0.085706 4 0.004000
27 -0.081242 3 0.003000
28 -0.076778 4 0.004000
29 -0.072315 4 0.004000
30 -0.067851 3 0.003000
31 -0.063388 11 0.011000
32 -0.058924 5 0.005000
33 -0.054460 8 0.008000
34 -0.049997 12 0.012000
35 -0.045533 10 0.010000
36 -0.041069 9 0.009000
37 -0.036606 17 0.017000
38 -0.032142 29 0.029000
39 -0.027679 39 0.039000
40 -0.023215 52 0.052000
41 -0.018751 76 0.076000
42 -0.014288 75 0.075000
43 -0.009824 80 0.080000
44 -0.005361 76 0.076000
45 -0.000897 81 0.081000
46 0.003567 55 0.055000
47 0.008030 48 0.048000
48 0.012494 50 0.050000
49 0.016958 37 0.037000
50 0.021421 38 0.038000
51 0.025885 24 0.024000
52 0.030348 23 0.023000
53 0.034812 18 0.018000
54 0.039276 11 0.011000
55 0.043739 14 0.014000
56 0.048203 10 0.010000
57 0.052666 5 0.005000
58 0.057130 6 0.006000
59 0.061594 6 0.006000
60 0.066057 3 0.003000
61 0.070521 6 0.006000
62 0.074985 6 0.006000
63 0.079448 3 0.003000
64 0.083912 4 0.004000
65 0.088375 4 0.004000
66 0.092839 2 0.002000
67 0.097303 2 0.002000
68 0.101766 1 0.001000
69 0.106230 3 0.003000
70 0.110694 1 0.001000
71 0.115157 1 0.001000
72 0.119621 1 0.001000
73 0.124084 1 0.001000
74 0.128548 2 0.002000
75 0.133012 1 0.001000
76 0.137475 1 0.001000
77 0.141939 0 0.000000
78 0.146402 1 0.001000
79 0.150866 0 0.000000
80 0.155330 0 0.000000
81 0.159793 0 0.000000
82 0.164257 0 0.000000
83 0.168721 0 0.000000
84 0.173184 0 0.000000
85 0.177648 0 0.000000
86 0.182111 1 0.001000
87 0.186575 0 0.000000
88 0.191039 0 0.000000
89 0.195502 0 0.000000
90 0.199966 0 0.000000
91 0.204429 0 0.000000
92 0.208893 0 0.000000
93 0.213357 0 0.000000
94 0.217820 0 0.000000
95 0.222284 0 0.000000
96 0.226748 0 0.000000
97 0.231211 0 0.000000
98 0.235675 1 0.001000
99 0.240138 1 0.001000
