0 0.000000 2967 0.989000
1 0.009729 20 0.006667
2 0.019457 6 0.002000
3 0.029186 1 0.000333
4 0.038914 2 0.000667
5 0.048643 2 0.000667
6 0.058372 0 0.000000
7 0.068100 0 0.000000
8 0.077829 0 0.000000
9 0.087557 0 0.000000
10 0.097286 0 0.000000
11 0.107015 0 0.000000
12 0.116743 0 0.000000
13 0.126472 0 0.000000
14 0.136200 0 0.000000
15 0.145929 0 0.000000
16 0.155658 0 0.000000
17 0.165386 0 0.000000
18 0.175115 0 0.000000
19 0.184843 0 0.000000
20 0.194572 0 0.000000
21 0.204301 0 0.000000
22 0.214029 0 0.000000
23 0.223758 0 0.000000
24 0.233486 0 0.000000
25 0.243215 0 0.000000
26 0.252943 0 0.000000
27 0.262672 0 0.000000
28 0.272401 0 0.000000
29 0.282129 0 0.000000
30 0.291858 0 0.000000
31 0.301586 0 0.000000
32 0.311315 0 0.000000
33 0.321044 0 0.000000
34 0.330772 0 0.000000
35 0.340501 0 0.000000
36 0.350229 0 0.000000
37 0.359958 0 0.000000
38 0.369687 0 0.000000
39 0.379415 0 0.000000
40 0.389144 0 0.000000
41 0.398872 0 0.000000
42 0.408601 0 0.000000
43 0.418330 0 0.000000
44 0.428058 0 0.000000
45 0.437787 0 0.000000
46 0.447515 0 0.000000
47 0.457244 0 0.000000
48 0.466973 0 0.000000
49 0.476701 0 0.000000
50 0.486430 0 0.000000
51 0.496158 0 0.000000
52 0.505887 0 0.000000
53 0.515616 0 0.000000
54 0.525344 0 0.000000
55 0.535073 0 0.000000
56 0.544801 0 0.000000
57 0.554530 0 0.000000
58 0.564259 0 0.000000
59 0.573987 0 0.000000
60 0.583716 0 0.000000
61 0.593444 0 0.000000
62 0.603173 0 0.000000
63 0.612902 0 0.000000
64 0.622630 0 0.000000
65 0.632359 0 0.000000
66 0.642087 0 0.000000
67 0.651816 0 0.000000
68 0.661545 0 0.000000
69 0.671273 0 0.000000
70 0.681002 0 0.000000
71 0.690730 0 0.000000
72 0.700459 0 0.000000
73 0.710187 0 0.000000
74 0.719916 0 0.000000
75 0.729645 0 0.000000
76 0.739373 0 0.000000
77 0.749102 0 0.000000
78 0.758830 0 0.000000
79 0.768559 0 0.000000
80 0.778288 0 0.000000
81 0.788016 0 0.000000
82 0.797745 0 0.000000
83 0.807473 0 0.000000
84 0.817202 0 0.000000
85 0.826931 0 0.000000
86 0.836659 0 0.000000
87 0.846388 0 0.000000
88 0.856116 0 0.000000
89 0.865845 0 0.000000
90 0.875574 0 0.000000
91 0.885302 0 0.000000
92 0.895031 0 0.000000
93 0.904759 0 0.000000
94 0.914488 1 0.000333
95 0.924217 0 0.000000
96 0.933945 0 0.000000
97 0.943674 0 0.000000
98 0.953402 0 0.000000
99 0.963131 1 0.000333
