0 0.238787 1 0.001000
1 0.244136 0 0.000000
2 0.249484 1 0.001000
3 0.254833 0 0.000000
4 0.260181 0 0.000000
5 0.265530 0 0.000000
6 0.270878 0 0.000000
7 0.276227 0 0.000000
8 0.281576 0 0.000000
9 0.286924 0 0.000000
10 0.292273 0 0.000000
11 0.297621 1 0.001000
12 0.302970 1 0.001000
13 0.308318 0 0.000000
14 0.313667 1 0.001000
15 0.319015 0 0.000000
16 0.324364 1 0.001000
17 0.329712 0 0.000000
18 0.335061 2 0.002000
19 0.340409 3 0.003000
20 0.345758 4 0.004000
21 0.351106 0 0.000000
22 0.356455 1 0.001000
23 0.361803 1 0.001000
24 0.367152 5 0.005000
25 0.372500 3 0.003000
26 0.377849 5 0.005000
27 0.383197 6 0.006000
28 0.388546 3 0.003000
29 0.393895 8 0.008000
30 0.399243 8 0.008000
31 0.404592 10 0.010000
32 0.409940 19 0.019000
33 0.415289 19 0.019000
34 0.420637 20 0.020000
35 0.425986 30 0.030000
36 0.431334 40 0.040000
37 0.436683 49 0.049000
38 0.442031 42 0.042000
39 0.447380 52 0.052000
40 0.452728 56 0.056000
41 0.458077 66 0.066000
42 0.463425 90 0.090000
43 0.468774 89 0.089000
44 0.474122 54 0.054000
45 0.479471 44 0.044000
46 0.484819 38 0.038000
47 0.490168 35 0.035000
48 0.495517 31 0.031000
49 0.500865 23 0.023000
50 0.506214 12 0.012000
51 0.511562 23 0.023000
52 0.516911 7 0.007000
53 0.522259 13 0.013000
54 0.527608 6 0.006000
55 0.532956 12 0.012000
56 0.538305 4 0.004000
57 0.543653 3 0.003000
58 0.549002 8 0.008000
59 0.554350 6 0.006000
60 0.559699 4 0.004000
61 0.565047 11 0.011000
62 0.570396 4 0.004000
63 0.575744 5 0.005000
64 0.581093 2 0.002000
65 0.586442 3 0.003000
66 0.591790 2 0.002000
67 0.597139 1 0.001000
68 0.602487 0 0.000000
69 0.607836 4 0.004000
70 0.613184 3 0.003000
71 0.618533 1 0.001000
72 0.623881 0 0.000000
73 0.629230 1 0.001000
74 0.634578 0 0.000000
75 0.639927 0 0.000000
76 0.645275 0 0.000000
77 0.650624 0 0.000000
78 0.655972 1 0.001000
79 0.661321 0 0.000000
80 0.666669 0 0.000000
81 0.672018 0 0.000000
82 0.677366 0 0.000000
83 0.682715 0 0.000000
84 0.688064 0 0.000000
85 0.693412 0 0.000000
86 0.698761 0 0.000000
87 0.704109 0 0.000000
88 0.709458 0 0.000000
89 0.714806 0 0.000000
90 0.720155 0 0.000000
91 0.725503 0 0.000000
92 0.730852 1 0.001000
93 0.736200 0 0.000000
94 0.741549 0 0.000000
95 0.746897 0 0.000000
96 0.752246 0 0.000000
97 0.757594 0 0.000000
98 0.762943 0 0.000000
99 0.768291 1 0.001000
