0 0.940937 1 0.001000
1 0.941720 0 0.000000
2 0.942503 0 0.000000
3 0.943287 0 0.000000
4 0.944070 0 0.000000
5 0.944853 0 0.000000
6 0.945637 0 0.000000
7 0.946420 0 0.000000
8 0.947203 0 0.000000
9 0.947986 0 0.000000
10 0.948770 2 0.002000
11 0.949553 0 0.000000
12 0.950336 1 0.001000
13 0.951119 0 0.000000
14 0.951903 1 0.001000
15 0.952686 2 0.002000
16 0.953469 0 0.000000
17 0.954252 2 0.002000
18 0.955036 0 0.000000
19 0.955819 0 0.000000
20 0.956602 1 0.001000
21 0.957386 3 0.003000
22 0.958169 4 0.004000
23 0.958952 0 0.000000
24 0.959735 1 0.001000
25 0.960519 2 0.002000
26 0.961302 0 0.000000
27 0.962085 0 0.000000
28 0.962868 1 0.001000
29 0.963652 0 0.000000
30 0.964435 1 0.001000
31 0.965218 1 0.001000
32 0.966002 2 0.002000
33 0.966785 4 0.004000
34 0.967568 1 0.001000
35 0.968351 0 0.000000
36 0.969135 0 0.000000
37 0.969918 1 0.001000
38 0.970701 5 0.005000
39 0.971484 3 0.003000
40 0.972268 0 0.000000
41 0.973051 1 0.001000
42 0.973834 1 0.001000
43 0.974617 0 0.000000
44 0.975401 3 0.003000
45 0.976184 1 0.001000
46 0.976967 1 0.001000
47 0.977751 1 0.001000
48 0.978534 2 0.002000
49 0.979317 3 0.003000
50 0.980100 1 0.001000
51 0.980884 4 0.004000
52 0.981667 4 0.004000
53 0.982450 1 0.001000
54 0.983233 1 0.001000
55 0.984017 0 0.000000
56 0.984800 3 0.003000
57 0.985583 3 0.003000
58 0.986367 0 0.000000
59 0.987150 7 0.007000
60 0.987933 8 0.008000
61 0.988716 10 0.010000
62 0.989500 17 0.017000
63 0.990283 9 0.009000
64 0.991066 26 0.026000
65 0.991849 29 0.029000
66 0.992633 32 0.032000
67 0.993416 40 0.040000
68 0.994199 56 0.056000
69 0.994983 57 0.057000
70 0.995766 68 0.068000
71 0.996549 69 0.069000
72 0.997332 64 0.064000
73 0.998116 78 0.078000
74 0.998899 86 0.086000
75 0.999682 62 0.062000
76 1.000465 53 0.053000
77 1.001249 35 0.035000
78 1.002032 23 0.023000
79 1.002815 31 0.031000
80 1.003598 16 0.016000
81 1.004382 7 0.007000
82 1.005165 10 0.010000
83 1.005948 11 0.011000
84 1.006732 5 0.005000
85 1.007515 6 0.006000
86 1.008298 2 0.002000
87 1.009081 7 0.007000
88 1.009865 2 0.002000
89 1.010648 0 0.000000
90 1.011431 3 0.003000
91 1.012215 0 0.000000
92 1.012998 0 0.000000
93 1.013781 0 0.000000
94 1.014564 0 0.000000
95 1.015348 0 0.000000
96 1.016131 0 0.000000
97 1.016914 1 0.001000
98 1.017697 0 0.000000
99 1.018481 1 0.001000
