0 0.000531 2 0.000667
1 0.010621 0 0.000000
2 0.020711 0 0.000000
3 0.030800 1 0.000333
4 0.040890 0 0.000000
5 0.050980 0 0.000000
6 0.061070 0 0.000000
7 0.071160 1 0.000333
8 0.081250 0 0.000000
9 0.091340 1 0.000333
10 0.101430 1 0.000333
11 0.111520 2 0.000667
12 0.121609 2 0.000667
13 0.131699 0 0.000000
14 0.141789 1 0.000333
15 0.151879 1 0.000333
16 0.161969 4 0.001333
17 0.172059 6 0.002000
18 0.182149 3 0.001000
19 0.192239 6 0.002000
20 0.202329 0 0.000000
21 0.212418 8 0.002667
22 0.222508 5 0.001667
23 0.232598 7 0.002333
24 0.242688 8 0.002667
25 0.252778 8 0.002667
26 0.262868 6 0.002000
27 0.272958 10 0.003333
28 0.283048 10 0.003333
29 0.293138 6 0.002000
30 0.303227 10 0.003333
31 0.313317 8 0.002667
32 0.323407 10 0.003333
33 0.333497 13 0.004333
34 0.343587 14 0.004667
35 0.353677 10 0.003333
36 0.363767 16 0.005333
37 0.373857 25 0.008333
38 0.383947 24 0.008000
39 0.394037 42 0.014000
40 0.404126 46 0.015333
41 0.414216 63 0.021000
42 0.424306 80 0.026667
43 0.434396 136 0.045333
44 0.444486 160 0.053333
45 0.454576 169 0.056333
46 0.464666 215 0.071667
47 0.474756 157 0.052333
48 0.484846 123 0.041000
49 0.494935 100 0.033333
50 0.505025 80 0.026667
51 0.515115 52 0.017333
52 0.525205 48 0.016000
53 0.535295 42 0.014000
54 0.545385 25 0.008333
55 0.555475 24 0.008000
56 0.565565 34 0.011333
57 0.575655 18 0.006000
58 0.585744 14 0.004667
59 0.595834 14 0.004667
60 0.605924 21 0.007000
61 0.616014 12 0.004000
62 0.626104 10 0.003333
63 0.636194 11 0.003667
64 0.646284 4 0.001333
65 0.656374 11 0.003667
66 0.666464 3 0.001000
67 0.676553 0 0.000000
68 0.686643 2 0.000667
69 0.696733 9 0.003000
70 0.706823 6 0.002000
71 0.716913 6 0.002000
72 0.727003 5 0.001667
73 0.737093 3 0.001000
74 0.747183 3 0.001000
75 0.757273 5 0.001667
76 0.767363 5 0.001667
77 0.777452 3 0.001000
78 0.787542 1 0.000333
79 0.797632 0 0.000000
80 0.807722 2 0.000667
81 0.817812 0 0.000000
82 0.827902 1 0.000333
83 0.837992 3 0.001000
84 0.848082 2 0.000667
85 0.858172 0 0.000000
86 0.868261 0 0.000000
87 0.878351 2 0.000667
88 0.888441 0 0.000000
89 0.898531 0 0.000000
90 0.908621 0 0.000000
91 0.918711 1 0.000333
92 0.928801 0 0.000000
93 0.938891 0 0.000000
94 0.948981 0 0.000000
95 0.959070 0 0.000000
96 0.969160 0 0.000000
97 0.979250 0 0.000000
98 0.989340 997 0.332333
99 0.999430 1 0.000333
