0 0.058555 2 0.000667
1 0.068251 0 0.000000
2 0.077947 0 0.000000
3 0.087643 0 0.000000
4 0.097339 2 0.000667
5 0.107036 1 0.000333
6 0.116732 3 0.001000
7 0.126428 2 0.000667
8 0.136124 2 0.000667
9 0.145821 0 0.000000
10 0.155517 0 0.000000
11 0.165213 4 0.001333
12 0.174909 4 0.001333
13 0.184605 3 0.001000
14 0.194302 2 0.000667
15 0.203998 3 0.001000
16 0.213694 6 0.002000
17 0.223390 7 0.002333
18 0.233087 12 0.004000
19 0.242783 8 0.002667
20 0.252479 4 0.001333
21 0.262175 2 0.000667
22 0.271871 9 0.003000
23 0.281568 5 0.001667
24 0.291264 6 0.002000
25 0.300960 7 0.002333
26 0.310656 8 0.002667
27 0.320353 10 0.003333
28 0.330049 11 0.003667
29 0.339745 8 0.002667
30 0.349441 10 0.003333
31 0.359138 12 0.004000
32 0.368834 13 0.004333
33 0.378530 20 0.006667
34 0.388226 27 0.009000
35 0.397922 30 0.010000
36 0.407619 41 0.013667
37 0.417315 46 0.015333
38 0.427011 78 0.026000
39 0.436707 117 0.039000
40 0.446404 157 0.052333
41 0.456100 211 0.070333
42 0.465796 264 0.088000
43 0.475492 247 0.082333
44 0.485188 125 0.041667
45 0.494885 76 0.025333
46 0.504581 40 0.013333
47 0.514277 58 0.019333
48 0.523973 48 0.016000
49 0.533670 38 0.012667
50 0.543366 11 0.003667
51 0.553062 18 0.006000
52 0.562758 19 0.006333
53 0.572454 21 0.007000
54 0.582151 8 0.002667
55 0.591847 12 0.004000
56 0.601543 10 0.003333
57 0.611239 15 0.005000
58 0.620936 7 0.002333
59 0.630632 7 0.002333
60 0.640328 10 0.003333
61 0.650024 8 0.002667
62 0.659720 5 0.001667
63 0.669417 6 0.002000
64 0.679113 6 0.002000
65 0.688809 4 0.001333
66 0.698505 4 0.001333
67 0.708202 3 0.001000
68 0.717898 7 0.002333
69 0.727594 4 0.001333
70 0.737290 2 0.000667
71 0.746986 3 0.001000
72 0.756683 4 0.001333
73 0.766379 2 0.000667
74 0.776075 1 0.000333
75 0.785771 2 0.000667
76 0.795468 3 0.001000
77 0.805164 2 0.000667
78 0.814860 3 0.001000
79 0.824556 1 0.000333
80 0.834252 1 0.000333
81 0.843949 1 0.000333
82 0.853645 0 0.000000
83 0.863341 1 0.000333
84 0.873037 0 0.000000
85 0.882734 0 0.000000
86 0.892430 0 0.000000
87 0.902126 0 0.000000
88 0.911822 0 0.000000
89 0.921518 0 0.000000
90 0.931215 0 0.000000
91 0.940911 4 0.001333
92 0.950607 14 0.004667
93 0.960303 12 0.004000
94 0.970000 20 0.006667
95 0.979696 41 0.013667
96 0.989392 568 0.189333
97 0.999088 325 0.108333
98 1.008785 15 0.005000
99 1.018481 1 0.000333
