0 0.038742 1 0.001000
1 0.047679 0 0.000000
2 0.056617 0 0.000000
3 0.065554 0 0.000000
4 0.074492 1 0.001000
5 0.083429 0 0.000000
6 0.092367 1 0.001000
7 0.101305 1 0.001000
8 0.110242 1 0.001000
9 0.119180 2 0.002000
10 0.128117 1 0.001000
11 0.137055 1 0.001000
12 0.145992 0 0.000000
13 0.154930 2 0.002000
14 0.163868 4 0.004000
15 0.172805 5 0.005000
16 0.181743 3 0.003000
17 0.190680 4 0.004000
18 0.199618 2 0.002000
19 0.208555 3 0.003000
20 0.217493 8 0.008000
21 0.226430 2 0.002000
22 0.235368 7 0.007000
23 0.244306 6 0.006000
24 0.253243 8 0.008000
25 0.262181 6 0.006000
26 0.271118 7 0.007000
27 0.280056 10 0.010000
28 0.288993 5 0.005000
29 0.297931 5 0.005000
30 0.306868 9 0.009000
31 0.315806 7 0.007000
32 0.324744 7 0.007000
33 0.333681 8 0.008000
34 0.342619 8 0.008000
35 0.351556 8 0.008000
36 0.360494 10 0.010000
37 0.369431 7 0.007000
38 0.378369 16 0.016000
39 0.387307 18 0.018000
40 0.396244 22 0.022000
41 0.405182 20 0.020000
42 0.414119 23 0.023000
43 0.423057 19 0.019000
44 0.431994 38 0.038000
45 0.440932 45 0.045000
46 0.449870 51 0.051000
47 0.458807 54 0.054000
48 0.467745 36 0.036000
49 0.476682 61 0.061000
50 0.485620 49 0.049000
51 0.494557 40 0.040000
52 0.503495 49 0.049000
53 0.512432 27 0.027000
54 0.521370 27 0.027000
55 0.530308 33 0.033000
56 0.539245 19 0.019000
57 0.548183 8 0.008000
58 0.557120 15 0.015000
59 0.566058 16 0.016000
60 0.574995 10 0.010000
61 0.583933 12 0.012000
62 0.592870 8 0.008000
63 0.601808 11 0.011000
64 0.610746 10 0.010000
65 0.619683 12 0.012000
66 0.628621 8 0.008000
67 0.637558 9 0.009000
68 0.646496 4 0.004000
69 0.655433 8 0.008000
70 0.664371 5 0.005000
71 0.673309 0 0.000000
72 0.682246 0 0.000000
73 0.691184 4 0.004000
74 0.700121 9 0.009000
75 0.709059 5 0.005000
76 0.717996 5 0.005000
77 0.726934 4 0.004000
78 0.735872 1 0.001000
79 0.744809 5 0.005000
80 0.753747 3 0.003000
81 0.762684 5 0.005000
82 0.771622 1 0.001000
83 0.780559 3 0.003000
84 0.789497 1 0.001000
85 0.798434 0 0.000000
86 0.807372 2 0.002000
87 0.816310 0 0.000000
88 0.825247 1 0.001000
89 0.834185 3 0.003000
90 0.843122 1 0.001000
91 0.852060 1 0.001000
92 0.860997 0 0.000000
93 0.869935 0 0.000000
94 0.878873 2 0.002000
95 0.887810 0 0.000000
96 0.896748 0 0.000000
97 0.905685 0 0.000000
98 0.914623 1 0.001000
99 0.923560 0 0.000000
