0 0.058555 2 0.002000
1 0.066687 0 0.000000
2 0.074819 0 0.000000
3 0.082951 0 0.000000
4 0.091082 0 0.000000
5 0.099214 2 0.002000
6 0.107346 0 0.000000
7 0.115478 3 0.003000
8 0.123610 3 0.003000
9 0.131742 1 0.001000
10 0.139874 1 0.001000
11 0.148006 0 0.000000
12 0.156138 0 0.000000
13 0.164270 2 0.002000
14 0.172402 4 0.004000
15 0.180534 4 0.004000
16 0.188666 1 0.001000
17 0.196798 3 0.003000
18 0.204930 2 0.002000
19 0.213062 5 0.005000
20 0.221194 7 0.007000
21 0.229326 5 0.005000
22 0.237458 10 0.010000
23 0.245590 7 0.007000
24 0.253722 3 0.003000
25 0.261854 2 0.002000
26 0.269986 6 0.006000
27 0.278118 6 0.006000
28 0.286250 5 0.005000
29 0.294382 6 0.006000
30 0.302514 4 0.004000
31 0.310646 6 0.006000
32 0.318778 9 0.009000
33 0.326910 9 0.009000
34 0.335042 7 0.007000
35 0.343174 6 0.006000
36 0.351306 7 0.007000
37 0.359438 7 0.007000
38 0.367570 14 0.014000
39 0.375702 15 0.015000
40 0.383834 13 0.013000
41 0.391966 20 0.020000
42 0.400098 15 0.015000
43 0.408230 24 0.024000
44 0.416362 29 0.029000
45 0.424494 18 0.018000
46 0.432626 26 0.026000
47 0.440758 33 0.033000
48 0.448890 46 0.046000
49 0.457022 46 0.046000
50 0.465154 46 0.046000
51 0.473286 51 0.051000
52 0.481418 62 0.062000
53 0.489549 41 0.041000
54 0.497681 31 0.031000
55 0.505813 24 0.024000
56 0.513945 29 0.029000
57 0.522077 28 0.028000
58 0.530209 28 0.028000
59 0.538341 15 0.015000
60 0.546473 10 0.010000
61 0.554605 14 0.014000
62 0.562737 13 0.013000
63 0.570869 15 0.015000
64 0.579001 10 0.010000
65 0.587133 9 0.009000
66 0.595265 10 0.010000
67 0.603397 9 0.009000
68 0.611529 14 0.014000
69 0.619661 4 0.004000
70 0.627793 7 0.007000
71 0.635925 10 0.010000
72 0.644057 5 0.005000
73 0.652189 6 0.006000
74 0.660321 3 0.003000
75 0.668453 6 0.006000
76 0.676585 4 0.004000
77 0.684717 6 0.006000
78 0.692849 4 0.004000
79 0.700981 2 0.002000
80 0.709113 3 0.003000
81 0.717245 6 0.006000
82 0.725377 3 0.003000
83 0.733509 3 0.003000
84 0.741641 1 0.001000
85 0.749773 3 0.003000
86 0.757905 4 0.004000
87 0.766037 2 0.002000
88 0.774169 0 0.000000
89 0.782301 1 0.001000
90 0.790433 4 0.004000
91 0.798565 1 0.001000
92 0.806697 2 0.002000
93 0.814829 1 0.001000
94 0.822961 3 0.003000
95 0.831093 0 0.000000
96 0.839225 1 0.001000
97 0.847357 1 0.001000
98 0.855489 0 0.000000
99 0.863621 1 0.001000
