0 0.345260 1 0.001000
1 0.347625 0 0.000000
2 0.349990 0 0.000000
3 0.352355 2 0.002000
4 0.354720 0 0.000000
5 0.357085 0 0.000000
6 0.359450 0 0.000000
7 0.361814 1 0.001000
8 0.364179 0 0.000000
9 0.366544 0 0.000000
10 0.368909 0 0.000000
11 0.371274 0 0.000000
12 0.373639 0 0.000000
13 0.376004 0 0.000000
14 0.378369 3 0.003000
15 0.380734 2 0.002000
16 0.383099 1 0.001000
17 0.385463 0 0.000000
18 0.387828 0 0.000000
19 0.390193 1 0.001000
20 0.392558 0 0.000000
21 0.394923 0 0.000000
22 0.397288 0 0.000000
23 0.399653 3 0.003000
24 0.402018 2 0.002000
25 0.404383 6 0.006000
26 0.406747 1 0.001000
27 0.409112 3 0.003000
28 0.411477 2 0.002000
29 0.413842 4 0.004000
30 0.416207 0 0.000000
31 0.418572 7 0.007000
32 0.420937 3 0.003000
33 0.423302 6 0.006000
34 0.425667 7 0.007000
35 0.428032 16 0.016000
36 0.430396 19 0.019000
37 0.432761 9 0.009000
38 0.435126 12 0.012000
39 0.437491 14 0.014000
40 0.439856 20 0.020000
41 0.442221 16 0.016000
42 0.444586 28 0.028000
43 0.446951 24 0.024000
44 0.449316 21 0.021000
45 0.451680 23 0.023000
46 0.454045 39 0.039000
47 0.456410 44 0.044000
48 0.458775 29 0.029000
49 0.461140 35 0.035000
50 0.463505 46 0.046000
51 0.465870 33 0.033000
52 0.468235 51 0.051000
53 0.470600 61 0.061000
54 0.472964 56 0.056000
55 0.475329 46 0.046000
56 0.477694 54 0.054000
57 0.480059 39 0.039000
58 0.482424 37 0.037000
59 0.484789 26 0.026000
60 0.487154 14 0.014000
61 0.489519 20 0.020000
62 0.491884 13 0.013000
63 0.494249 7 0.007000
64 0.496613 12 0.012000
65 0.498978 6 0.006000
66 0.501343 5 0.005000
67 0.503708 6 0.006000
68 0.506073 6 0.006000
69 0.508438 2 0.002000
70 0.510803 2 0.002000
71 0.513168 2 0.002000
72 0.515532 6 0.006000
73 0.517897 7 0.007000
74 0.520262 4 0.004000
75 0.522627 7 0.007000
76 0.524992 1 0.001000
77 0.527357 4 0.004000
78 0.529722 5 0.005000
79 0.532087 3 0.003000
80 0.534452 2 0.002000
81 0.536817 3 0.003000
82 0.539181 0 0.000000
83 0.541546 1 0.001000
84 0.543911 1 0.001000
85 0.546276 2 0.002000
86 0.548641 0 0.000000
87 0.551006 0 0.000000
88 0.553371 0 0.000000
89 0.555736 0 0.000000
90 0.558101 0 0.000000
91 0.560465 1 0.001000
92 0.562830 0 0.000000
93 0.565195 0 0.000000
94 0.567560 1 0.001000
95 0.569925 1 0.001000
96 0.572290 1 0.001000
97 0.574655 0 0.000000
98 0.577020 1 0.001000
99 0.579385 1 0.001000
