0 0.000531 2 0.002000
1 0.010621 0 0.000000
2 0.020711 0 0.000000
3 0.030800 0 0.000000
4 0.040890 0 0.000000
5 0.050980 0 0.000000
6 0.061070 0 0.000000
7 0.071160 0 0.000000
8 0.081250 0 0.000000
9 0.091340 0 0.000000
10 0.101430 0 0.000000
11 0.111520 0 0.000000
12 0.121609 0 0.000000
13 0.131699 0 0.000000
14 0.141789 0 0.000000
15 0.151879 0 0.000000
16 0.161969 0 0.000000
17 0.172059 0 0.000000
18 0.182149 0 0.000000
19 0.192239 0 0.000000
20 0.202329 0 0.000000
21 0.212418 0 0.000000
22 0.222508 0 0.000000
23 0.232598 0 0.000000
24 0.242688 0 0.000000
25 0.252778 0 0.000000
26 0.262868 0 0.000000
27 0.272958 0 0.000000
28 0.283048 0 0.000000
29 0.293138 0 0.000000
30 0.303227 0 0.000000
31 0.313317 0 0.000000
32 0.323407 0 0.000000
33 0.333497 0 0.000000
34 0.343587 0 0.000000
35 0.353677 0 0.000000
36 0.363767 0 0.000000
37 0.373857 0 0.000000
38 0.383947 0 0.000000
39 0.394037 0 0.000000
40 0.404126 0 0.000000
41 0.414216 0 0.000000
42 0.424306 0 0.000000
43 0.434396 0 0.000000
44 0.444486 0 0.000000
45 0.454576 0 0.000000
46 0.464666 0 0.000000
47 0.474756 0 0.000000
48 0.484846 0 0.000000
49 0.494935 0 0.000000
50 0.505025 0 0.000000
51 0.515115 0 0.000000
52 0.525205 0 0.000000
53 0.535295 0 0.000000
54 0.545385 0 0.000000
55 0.555475 0 0.000000
56 0.565565 0 0.000000
57 0.575655 0 0.000000
58 0.585744 0 0.000000
59 0.595834 0 0.000000
60 0.605924 0 0.000000
61 0.616014 0 0.000000
62 0.626104 0 0.000000
63 0.636194 0 0.000000
64 0.646284 0 0.000000
65 0.656374 0 0.000000
66 0.666464 0 0.000000
67 0.676553 0 0.000000
68 0.686643 0 0.000000
69 0.696733 0 0.000000
70 0.706823 0 0.000000
71 0.716913 0 0.000000
72 0.727003 0 0.000000
73 0.737093 0 0.000000
74 0.747183 0 0.000000
75 0.757273 0 0.000000
76 0.767363 0 0.000000
77 0.777452 0 0.000000
78 0.787542 0 0.000000
79 0.797632 0 0.000000
80 0.807722 0 0.000000
81 0.817812 0 0.000000
82 0.827902 0 0.000000
83 0.837992 0 0.000000
84 0.848082 0 0.000000
85 0.858172 0 0.000000
86 0.868261 0 0.000000
87 0.878351 0 0.000000
88 0.888441 0 0.000000
89 0.898531 0 0.000000
90 0.908621 0 0.000000
91 0.918711 0 0.000000
92 0.928801 0 0.000000
93 0.938891 0 0.000000
94 0.948981 0 0.000000
95 0.959070 0 0.000000
96 0.969160 0 0.000000
97 0.979250 0 0.000000
98 0.989340 997 0.997000
99 0.999430 1 0.001000
