0 0 0.000000 0.223473 0.134576 0.223334 0.133838
0 1 0.476190 0.203779 0.132873 0.205357 0.134342
0 2 0.952381 0.207351 0.134666 0.205366 0.133860
0 3 1.428571 0.203898 0.133188 0.205608 0.134242
0 4 1.904762 0.203132 0.132541 0.203769 0.133004
0 5 2.380952 0.204131 0.133758 0.205006 0.133864
0 6 2.857143 0.204274 0.133311 0.203867 0.132656
0 7 3.333333 0.204938 0.133316 0.205406 0.134137
0 8 3.809524 0.204511 0.133019 0.201903 0.131824
0 9 4.285714 0.204275 0.133346 0.201948 0.131732
0 10 4.761905 0.202899 0.132471 0.205024 0.133664
0 11 5.238095 0.204322 0.133214 0.205154 0.133653
0 12 5.714286 0.204598 0.133222 0.203852 0.133184
0 13 6.190476 0.204230 0.133201 0.204637 0.134139
0 14 6.666667 0.203625 0.132411 0.204918 0.133574
0 15 7.142857 0.205038 0.133568 0.207097 0.135308
0 16 7.619048 0.204461 0.133739 0.204057 0.132966
0 17 8.095238 0.204517 0.133438 0.202848 0.131743
0 18 8.571428 0.203659 0.132867 0.203827 0.133123
0 19 9.047619 0.203235 0.132902 0.203094 0.132660
0 20 9.523809 0.203908 0.133117 0.202510 0.131847
1 0 10.000000 0.204716 0.133613 0.204099 0.133356
1 1 10.476191 0.202948 0.132849 0.201797 0.132452
1 2 10.952381 0.202124 0.132837 0.205930 0.134957
1 3 11.428572 0.205100 0.133486 0.203476 0.132942
1 4 11.904762 0.204985 0.133777 0.206627 0.135245
1 5 12.380953 0.203934 0.132917 0.205707 0.134084
1 6 12.857142 0.203267 0.132546 0.206393 0.134091
1 7 13.333333 0.208494 0.136072 0.203427 0.132151
1 8 13.809524 0.203032 0.132903 0.203178 0.133022
1 9 14.285714 0.203828 0.133422 0.206034 0.134399
1 10 14.761905 0.205892 0.134771 0.203275 0.133088
1 11 15.238095 0.204076 0.133002 0.203883 0.133326
1 12 15.714286 0.203728 0.133699 0.201692 0.132360
1 13 16.190475 0.205001 0.133882 0.202710 0.132438
1 14 16.666666 0.203736 0.132628 0.206701 0.135115
1 15 17.142857 0.202011 0.132000 0.202876 0.132350
1 16 17.619047 0.205165 0.134173 0.203886 0.132991
1 17 18.095238 0.207288 0.135189 0.204414 0.133251
1 18 18.571428 0.203280 0.132519 0.203497 0.132923
1 19 19.047619 0.206479 0.134727 0.203431 0.132964
1 20 19.523809 0.204473 0.133869 0.200009 0.131029
2 0 20.000000 0.204970 0.133454 0.206278 0.134624
2 1 20.476191 0.205945 0.133995 0.206265 0.133961
2 2 20.952381 0.208060 0.136343 0.205090 0.134247
2 3 21.428572 0.203745 0.133261 0.201791 0.132391
2 4 21.904762 0.204582 0.133476 0.206558 0.133943
2 5 22.380953 0.202716 0.132230 0.206389 0.135167
2 6 22.857143 0.202585 0.132608 0.202778 0.132465
2 7 23.333334 0.206918 0.135232 0.202284 0.131616
2 8 23.809525 0.203652 0.132816 0.205756 0.134512
2 9 24.285715 0.205898 0.134020 0.203237 0.133024
2 10 24.761906 0.200353 0.130828 0.204917 0.133585
2 11 25.238094 0.201994 0.132384 0.203678 0.133242
2 12 25.714285 0.204824 0.133781 0.203891 0.132917
2 13 26.190475 0.202913 0.132150 0.203306 0.132667
2 14 26.666666 0.204090 0.132599 0.203943 0.132708
2 15 27.142857 0.205698 0.134609 0.203889 0.133062
2 16 27.619047 0.203645 0.132796 0.204840 0.133627
2 17 28.095238 0.200843 0.131195 0.202419 0.132044
2 18 28.571428 0.205795 0.134595 0.207314 0.135212
2 19 29.047619 0.203414 0.133065 0.205095 0.133822
2 20 29.523809 0.207853 0.136179 0.201303 0.131714
3 0 30.000000 0.202353 0.132636 0.202607 0.132383
3 1 30.476191 0.205587 0.134409 0.204585 0.133481
3 2 30.952381 0.205330 0.134347 0.204852 0.133953
3 3 31.428572 0.202019 0.132413 0.203607 0.133185
3 4 31.904762 0.204020 0.133585 0.200618 0.131489
3 5 32.380951 0.203851 0.133669 0.204668 0.133706
3 6 32.857143 0.205912 0.134238 0.204469 0.133343
3 7 33.333332 0.204150 0.132783 0.205989 0.134467
3 8 33.809525 0.204764 0.133569 0.204005 0.132867
3 9 34.285713 0.205704 0.134024 0.205601 0.133628
3 10 34.761906 0.203931 0.133675 0.202843 0.133053
3 11 35.238094 0.206096 0.134642 0.206697 0.134548
3 12 35.714287 0.206747 0.134525 0.203834 0.132632
3 13 36.190475 0.202877 0.132252 0.203997 0.133717
3 14 36.666668 0.202907 0.132383 0.205250 0.133912
3 15 37.142857 0.202250 0.132316 0.205372 0.134020
3 16 37.619049 0.204202 0.133027 0.203309 0.132746
3 17 38.095238 0.202984 0.132306 0.202576 0.132125
3 18 38.571430 0.203661 0.132947 0.204939 0.133695
3 19 39.047619 0.204238 0.133733 0.202232 0.132301
3 20 39.523811 0.202920 0.132711 0.202562 0.132258
4 0 40.000000 0.204405 0.133892 0.202231 0.132431
4 1 40.476189 0.203639 0.133049 0.202718 0.132484
4 2 40.952381 0.206764 0.134451 0.203943 0.133334
4 3 41.428570 0.205583 0.133816 0.204672 0.133247
4 4 41.904762 0.201981 0.132378 0.203384 0.132554
4 5 42.380951 0.204871 0.133480 0.204591 0.133160
4 6 42.857143 0.204161 0.133216 0.206722 0.134669
4 7 43.333332 0.205170 0.133682 0.206542 0.135132
4 8 43.809525 0.204992 0.134083 0.206539 0.134456
4 9 44.285713 0.204415 0.133517 0.204351 0.133658
4 10 44.761906 0.204376 0.133309 0.204009 0.133654
4 11 45.238094 0.203536 0.132778 0.204369 0.133706
4 12 45.714287 0.202973 0.132318 0.203914 0.133040
4 13 46.190475 0.205205 0.134007 0.204977 0.133364
4 14 46.666668 0.203334 0.133403 0.205584 0.134801
4 15 47.142857 0.205705 0.134643 0.200348 0.131387
4 16 47.619049 0.202643 0.132529 0.202551 0.131998
4 17 48.095238 0.206035 0.134736 0.201979 0.131747
4 18 48.571430 0.204457 0.133345 0.204214 0.133692
4 19 49.047619 0.203963 0.132792 0.201788 0.131415
4 20 49.523811 0.203976 0.133489 0.204521 0.133577
5 0 50.000000 0.205598 0.134369 0.204554 0.133913
5 1 50.476189 0.203127 0.132519 0.203615 0.132887
5 2 50.952381 0.203974 0.133241 0.203781 0.133319
5 3 51.428570 0.204420 0.133656 0.203702 0.133219
5 4 51.904762 0.202892 0.133114 0.205850 0.134739
5 5 52.380951 0.203465 0.133329 0.203724 0.133243
5 6 52.857143 0.204386 0.133267 0.205776 0.134242
5 7 53.333332 0.205811 0.133593 0.203625 0.132207
5 8 53.809525 0.206830 0.134949 0.206311 0.134519
5 9 54.285713 0.201385 0.131688 0.203395 0.132759
5 10 54.761906 0.207325 0.135160 0.203428 0.132996
5 11 55.238094 0.205971 0.134569 0.205138 0.134396
5 12 55.714287 0.205115 0.134016 0.205935 0.134280
5 13 56.190475 0.202816 0.133038 0.205245 0.133892
5 14 56.666668 0.202480 0.131984 0.202534 0.132803
5 15 57.142857 0.204203 0.133607 0.204197 0.133321
5 16 57.619049 0.203167 0.132888 0.203188 0.132447
5 17 58.095238 0.204837 0.133910 0.201711 0.132651
5 18 58.571430 0.202077 0.131976 0.202834 0.132671
5 19 59.047619 0.203145 0.132864 0.202215 0.132326
5 20 59.523811 0.203425 0.132973 0.206632 0.134654
6 0 60.000000 0.204530 0.133568 0.202985 0.132980
6 1 60.476189 0.203417 0.133556 0.205875 0.134498
6 2 60.952381 0.207873 0.135741 0.201143 0.131671
6 3 61.428570 0.201642 0.131655 0.203789 0.132503
6 4 61.904762 0.204908 0.133882 0.203210 0.132494
6 5 62.380951 0.203511 0.132612 0.200844 0.130851
6 6 62.857143 0.202910 0.132586 0.202535 0.131846
6 7 63.333332 0.203175 0.132298 0.208238 0.135972
6 8 63.809525 0.205484 0.133858 0.202661 0.132180
6 9 64.285713 0.205808 0.134240 0.202681 0.132372
6 10 64.761902 0.204880 0.133849 0.202703 0.131854
6 11 65.238098 0.203545 0.133492 0.205509 0.134400
6 12 65.714287 0.204071 0.133565 0.202877 0.132798
6 13 66.190475 0.203466 0.133241 0.200227 0.130675
6 14 66.666664 0.203187 0.133627 0.202982 0.132165
6 15 67.142860 0.205114 0.133618 0.204783 0.133936
6 16 67.619049 0.203003 0.132799 0.204455 0.134313
6 17 68.095238 0.204760 0.133534 0.206795 0.134839
6 18 68.571426 0.203037 0.132405 0.206732 0.135036
6 19 69.047623 0.205281 0.134274 0.202443 0.132332
6 20 69.523811 0.205025 0.133582 0.205440 0.134176
7 0 70.000000 0.202914 0.132425 0.203747 0.132908
7 1 70.476189 0.205229 0.133775 0.201883 0.132231
7 2 70.952377 0.206017 0.134417 0.203863 0.133309
7 3 71.428574 0.205691 0.134405 0.204101 0.133379
7 4 71.904762 0.204515 0.134143 0.204838 0.133932
7 5 72.380951 0.202958 0.132657 0.205944 0.134529
7 6 72.857140 0.206173 0.134982 0.202482 0.132541
7 7 73.333336 0.204246 0.133201 0.202520 0.131835
7 8 73.809525 0.205422 0.133901 0.203972 0.133040
7 9 74.285713 0.205691 0.134689 0.200718 0.131468
7 10 74.761902 0.206229 0.134626 0.205421 0.134333
7 11 75.238098 0.205251 0.133623 0.206104 0.134683
7 12 75.714287 0.203827 0.132622 0.206212 0.133871
7 13 76.190475 0.203621 0.133210 0.203048 0.133039
7 14 76.666664 0.205456 0.134104 0.204299 0.133117
7 15 77.142860 0.204140 0.133556 0.202540 0.132006
7 16 77.619049 0.205284 0.134055 0.205804 0.134345
7 17 78.095238 0.205309 0.133563 0.207425 0.134913
7 18 78.571426 0.203258 0.132526 0.202747 0.132480
7 19 79.047623 0.203960 0.133851 0.202102 0.132110
7 20 79.523811 0.202816 0.132170 0.205446 0.134428
8 0 80.000000 0.205993 0.134691 0.205770 0.134751
8 1 80.476189 0.202216 0.132271 0.203396 0.132241
8 2 80.952377 0.203883 0.133272 0.203635 0.133078
8 3 81.428574 0.203746 0.133448 0.205481 0.134164
8 4 81.904762 0.202623 0.132204 0.205532 0.134059
8 5 82.380951 0.203591 0.132936 0.202475 0.131623
8 6 82.857140 0.205443 0.134147 0.205388 0.133950
8 7 83.333336 0.204773 0.133449 0.202129 0.132471
8 8 83.809525 0.201878 0.131269 0.205235 0.133829
8 9 84.285713 0.203142 0.132789 0.202547 0.131854
8 10 84.761902 0.205245 0.134126 0.201816 0.131892
8 11 85.238098 0.205101 0.134294 0.203855 0.133434
8 12 85.714287 0.204369 0.133707 0.203737 0.133098
8 13 86.190475 0.202154 0.132251 0.205338 0.134363
8 14 86.666664 0.201355 0.131297 0.202246 0.132448
8 15 87.142860 0.205745 0.134352 0.203712 0.132606
8 16 87.619049 0.202493 0.131900 0.208821 0.135886
8 17 88.095238 0.207317 0.135440 0.204334 0.133184
8 18 88.571426 0.203233 0.132393 0.204590 0.133250
8 19 89.047623 0.202533 0.132689 0.206917 0.135001
8 20 89.523811 0.205376 0.134143 0.202016 0.131861
9 0 90.000000 0.206061 0.134636 0.204335 0.133516
9 1 90.476189 0.207305 0.134905 0.207859 0.135448
9 2 90.952377 0.204121 0.132987 0.204568 0.133120
9 3 91.428574 0.204345 0.133526 0.205542 0.134567
9 4 91.904762 0.202103 0.132189 0.204477 0.133474
9 5 92.380951 0.201417 0.131311 0.204594 0.133606
9 6 92.857140 0.206753 0.134314 0.203769 0.132760
9 7 93.333336 0.203231 0.132525 0.203468 0.132671
9 8 93.809525 0.203820 0.133242 0.204913 0.133754
9 9 94.285713 0.202743 0.131791 0.206821 0.134322
9 10 94.761902 0.203721 0.132530 0.203135 0.132608
9 11 95.238098 0.206183 0.134680 0.204385 0.134051
9 12 95.714287 0.204087 0.133517 0.202814 0.132151
9 13 96.190475 0.204462 0.133658 0.205642 0.134416
9 14 96.666664 0.203491 0.132526 0.204250 0.133791
9 15 97.142860 0.202867 0.133283 0.204851 0.133675
9 16 97.619049 0.204189 0.133528 0.205291 0.133912
9 17 98.095238 0.203560 0.132805 0.201433 0.131998
9 18 98.571426 0.200733 0.130900 0.203799 0.133316
9 19 99.047623 0.202140 0.132395 0.204121 0.133973
9 20 99.523811 0.203388 0.132834 0.204119 0.133835
