0 -0.954260 2 0.000667
1 -0.942599 1 0.000333
2 -0.930938 0 0.000000
3 -0.919276 0 0.000000
4 -0.907615 0 0.000000
5 -0.895954 0 0.000000
6 -0.884293 0 0.000000
7 -0.872632 0 0.000000
8 -0.860970 0 0.000000
9 -0.849309 0 0.000000
10 -0.837648 0 0.000000
11 -0.825987 0 0.000000
12 -0.814326 0 0.000000
13 -0.802664 0 0.000000
14 -0.791003 0 0.000000
15 -0.779342 0 0.000000
16 -0.767681 0 0.000000
17 -0.756020 0 0.000000
18 -0.744358 0 0.000000
19 -0.732697 0 0.000000
20 -0.721036 0 0.000000
21 -0.709375 0 0.000000
22 -0.697714 0 0.000000
23 -0.686052 0 0.000000
24 -0.674391 0 0.000000
25 -0.662730 0 0.000000
26 -0.651069 0 0.000000
27 -0.639408 0 0.000000
28 -0.627746 0 0.000000
29 -0.616085 0 0.000000
30 -0.604424 0 0.000000
31 -0.592763 0 0.000000
32 -0.581102 0 0.000000
33 -0.569440 0 0.000000
34 -0.557779 0 0.000000
35 -0.546118 0 0.000000
36 -0.534457 0 0.000000
37 -0.522796 0 0.000000
38 -0.511134 0 0.000000
39 -0.499473 0 0.000000
40 -0.487812 0 0.000000
41 -0.476151 0 0.000000
42 -0.464490 0 0.000000
43 -0.452828 0 0.000000
44 -0.441167 0 0.000000
45 -0.429506 0 0.000000
46 -0.417845 0 0.000000
47 -0.406184 0 0.000000
48 -0.394522 0 0.000000
49 -0.382861 0 0.000000
50 -0.371200 0 0.000000
51 -0.359539 0 0.000000
52 -0.347878 0 0.000000
53 -0.336216 0 0.000000
54 -0.324555 0 0.000000
55 -0.312894 0 0.000000
56 -0.301233 0 0.000000
57 -0.289572 0 0.000000
58 -0.277910 0 0.000000
59 -0.266249 0 0.000000
60 -0.254588 0 0.000000
61 -0.242927 0 0.000000
62 -0.231266 0 0.000000
63 -0.219604 0 0.000000
64 -0.207943 0 0.000000
65 -0.196282 0 0.000000
66 -0.184621 2 0.000667
67 -0.172960 0 0.000000
68 -0.161298 0 0.000000
69 -0.149637 0 0.000000
70 -0.137976 0 0.000000
71 -0.126315 0 0.000000
72 -0.114654 4 0.001333
73 -0.102992 5 0.001667
74 -0.091331 5 0.001667
75 -0.079670 9 0.003000
76 -0.068009 17 0.005667
77 -0.056348 34 0.011333
78 -0.044686 56 0.018667
79 -0.033025 126 0.042000
80 -0.021364 284 0.094667
81 -0.009703 1248 0.416000
82 0.001958 666 0.222000
83 0.013620 252 0.084000
84 0.025281 135 0.045000
85 0.036942 65 0.021667
86 0.048603 40 0.013333
87 0.060264 15 0.005000
88 0.071926 11 0.003667
89 0.083587 9 0.003000
90 0.095248 5 0.001667
91 0.106909 4 0.001333
92 0.118570 2 0.000667
93 0.130232 0 0.000000
94 0.141893 0 0.000000
95 0.153554 1 0.000333
96 0.165215 1 0.000333
97 0.176876 0 0.000000
98 0.188538 0 0.000000
99 0.200199 1 0.000333
