0 -0.182748 2 0.002000
1 -0.178880 0 0.000000
2 -0.175012 0 0.000000
3 -0.171143 0 0.000000
4 -0.167275 0 0.000000
5 -0.163407 0 0.000000
6 -0.159539 0 0.000000
7 -0.155671 0 0.000000
8 -0.151803 0 0.000000
9 -0.147935 0 0.000000
10 -0.144066 0 0.000000
11 -0.140198 0 0.000000
12 -0.136330 0 0.000000
13 -0.132462 0 0.000000
14 -0.128594 0 0.000000
15 -0.124726 0 0.000000
16 -0.120858 0 0.000000
17 -0.116989 0 0.000000
18 -0.113121 1 0.001000
19 -0.109253 2 0.002000
20 -0.105385 0 0.000000
21 -0.101517 1 0.001000
22 -0.097649 2 0.002000
23 -0.093781 3 0.003000
24 -0.089912 1 0.001000
25 -0.086044 1 0.001000
26 -0.082176 3 0.003000
27 -0.078308 2 0.002000
28 -0.074440 2 0.002000
29 -0.070572 2 0.002000
30 -0.066703 4 0.004000
31 -0.062835 6 0.006000
32 -0.058967 7 0.007000
33 -0.055099 7 0.007000
34 -0.051231 8 0.008000
35 -0.047363 5 0.005000
36 -0.043495 4 0.004000
37 -0.039626 15 0.015000
38 -0.035758 18 0.018000
39 -0.031890 25 0.025000
40 -0.028022 24 0.024000
41 -0.024154 32 0.032000
42 -0.020286 50 0.050000
43 -0.016418 47 0.047000
44 -0.012549 48 0.048000
45 -0.008681 54 0.054000
46 -0.004813 82 0.082000
47 -0.000945 67 0.067000
48 0.002923 61 0.061000
49 0.006791 69 0.069000
50 0.010659 54 0.054000
51 0.014528 53 0.053000
52 0.018396 32 0.032000
53 0.022264 41 0.041000
54 0.026132 29 0.029000
55 0.030000 27 0.027000
56 0.033868 14 0.014000
57 0.037737 13 0.013000
58 0.041605 8 0.008000
59 0.045473 14 0.014000
60 0.049341 7 0.007000
61 0.053209 9 0.009000
62 0.057077 5 0.005000
63 0.060945 3 0.003000
64 0.064814 4 0.004000
65 0.068682 3 0.003000
66 0.072550 4 0.004000
67 0.076418 3 0.003000
68 0.080286 2 0.002000
69 0.084154 5 0.005000
70 0.088022 2 0.002000
71 0.091891 1 0.001000
72 0.095759 4 0.004000
73 0.099627 1 0.001000
74 0.103495 0 0.000000
75 0.107363 1 0.001000
76 0.111231 0 0.000000
77 0.115099 1 0.001000
78 0.118968 0 0.000000
79 0.122836 2 0.002000
80 0.126704 0 0.000000
81 0.130572 0 0.000000
82 0.134440 0 0.000000
83 0.138308 0 0.000000
84 0.142177 0 0.000000
85 0.146045 0 0.000000
86 0.149913 0 0.000000
87 0.153781 0 0.000000
88 0.157649 0 0.000000
89 0.161517 1 0.001000
90 0.165385 0 0.000000
91 0.169254 1 0.001000
92 0.173122 0 0.000000
93 0.176990 0 0.000000
94 0.180858 0 0.000000
95 0.184726 0 0.000000
96 0.188594 0 0.000000
97 0.192462 0 0.000000
98 0.196331 0 0.000000
99 0.200199 1 0.001000
