0 0.000000 2975 0.991667
1 0.009198 17 0.005667
2 0.018396 1 0.000333
3 0.027594 3 0.001000
4 0.036792 1 0.000333
5 0.045991 0 0.000000
6 0.055189 0 0.000000
7 0.064387 0 0.000000
8 0.073585 0 0.000000
9 0.082783 0 0.000000
10 0.091981 0 0.000000
11 0.101179 0 0.000000
12 0.110377 0 0.000000
13 0.119575 0 0.000000
14 0.128773 0 0.000000
15 0.137972 0 0.000000
16 0.147170 0 0.000000
17 0.156368 0 0.000000
18 0.165566 0 0.000000
19 0.174764 0 0.000000
20 0.183962 0 0.000000
21 0.193160 0 0.000000
22 0.202358 0 0.000000
23 0.211556 0 0.000000
24 0.220754 0 0.000000
25 0.229953 0 0.000000
26 0.239151 0 0.000000
27 0.248349 0 0.000000
28 0.257547 0 0.000000
29 0.266745 0 0.000000
30 0.275943 0 0.000000
31 0.285141 0 0.000000
32 0.294339 0 0.000000
33 0.303537 0 0.000000
34 0.312735 0 0.000000
35 0.321934 0 0.000000
36 0.331132 0 0.000000
37 0.340330 0 0.000000
38 0.349528 0 0.000000
39 0.358726 0 0.000000
40 0.367924 0 0.000000
41 0.377122 0 0.000000
42 0.386320 0 0.000000
43 0.395518 0 0.000000
44 0.404717 0 0.000000
45 0.413915 0 0.000000
46 0.423113 0 0.000000
47 0.432311 0 0.000000
48 0.441509 0 0.000000
49 0.450707 0 0.000000
50 0.459905 0 0.000000
51 0.469103 0 0.000000
52 0.478301 0 0.000000
53 0.487499 0 0.000000
54 0.496698 0 0.000000
55 0.505896 0 0.000000
56 0.515094 0 0.000000
57 0.524292 0 0.000000
58 0.533490 0 0.000000
59 0.542688 0 0.000000
60 0.551886 0 0.000000
61 0.561084 0 0.000000
62 0.570282 0 0.000000
63 0.579480 0 0.000000
64 0.588679 0 0.000000
65 0.597877 0 0.000000
66 0.607075 0 0.000000
67 0.616273 0 0.000000
68 0.625471 0 0.000000
69 0.634669 0 0.000000
70 0.643867 0 0.000000
71 0.653065 0 0.000000
72 0.662263 0 0.000000
73 0.671462 0 0.000000
74 0.680660 0 0.000000
75 0.689858 0 0.000000
76 0.699056 0 0.000000
77 0.708254 0 0.000000
78 0.717452 0 0.000000
79 0.726650 0 0.000000
80 0.735848 0 0.000000
81 0.745046 0 0.000000
82 0.754244 0 0.000000
83 0.763443 0 0.000000
84 0.772641 0 0.000000
85 0.781839 0 0.000000
86 0.791037 0 0.000000
87 0.800235 0 0.000000
88 0.809433 0 0.000000
89 0.818631 0 0.000000
90 0.827829 0 0.000000
91 0.837027 0 0.000000
92 0.846226 0 0.000000
93 0.855424 0 0.000000
94 0.864622 0 0.000000
95 0.873820 0 0.000000
96 0.883018 1 0.000333
97 0.892216 0 0.000000
98 0.901414 1 0.000333
99 0.910612 1 0.000333
