0 -0.111842 1 0.001000
1 -0.109521 0 0.000000
2 -0.107200 0 0.000000
3 -0.104879 0 0.000000
4 -0.102557 0 0.000000
5 -0.100236 0 0.000000
6 -0.097915 0 0.000000
7 -0.095594 0 0.000000
8 -0.093272 0 0.000000
9 -0.090951 0 0.000000
10 -0.088630 0 0.000000
11 -0.086309 0 0.000000
12 -0.083987 0 0.000000
13 -0.081666 1 0.001000
14 -0.079345 1 0.001000
15 -0.077024 0 0.000000
16 -0.074702 0 0.000000
17 -0.072381 0 0.000000
18 -0.070060 0 0.000000
19 -0.067739 1 0.001000
20 -0.065418 3 0.003000
21 -0.063096 0 0.000000
22 -0.060775 0 0.000000
23 -0.058454 0 0.000000
24 -0.056133 3 0.003000
25 -0.053811 4 0.004000
26 -0.051490 0 0.000000
27 -0.049169 3 0.003000
28 -0.046848 1 0.001000
29 -0.044526 4 0.004000
30 -0.042205 3 0.003000
31 -0.039884 5 0.005000
32 -0.037563 6 0.006000
33 -0.035241 4 0.004000
34 -0.032920 7 0.007000
35 -0.030599 7 0.007000
36 -0.028278 12 0.012000
37 -0.025956 14 0.014000
38 -0.023635 11 0.011000
39 -0.021314 12 0.012000
40 -0.018993 20 0.020000
41 -0.016671 28 0.028000
42 -0.014350 26 0.026000
43 -0.012029 39 0.039000
44 -0.009708 47 0.047000
45 -0.007386 52 0.052000
46 -0.005065 64 0.064000
47 -0.002744 68 0.068000
48 -0.000423 78 0.078000
49 0.001899 74 0.074000
50 0.004220 66 0.066000
51 0.006541 67 0.067000
52 0.008862 54 0.054000
53 0.011184 40 0.040000
54 0.013505 29 0.029000
55 0.015826 23 0.023000
56 0.018147 25 0.025000
57 0.020469 11 0.011000
58 0.022790 10 0.010000
59 0.025111 11 0.011000
60 0.027432 10 0.010000
61 0.029753 8 0.008000
62 0.032075 6 0.006000
63 0.034396 4 0.004000
64 0.036717 4 0.004000
65 0.039038 4 0.004000
66 0.041360 3 0.003000
67 0.043681 5 0.005000
68 0.046002 1 0.001000
69 0.048323 5 0.005000
70 0.050645 1 0.001000
71 0.052966 2 0.002000
72 0.055287 2 0.002000
73 0.057608 0 0.000000
74 0.059930 3 0.003000
75 0.062251 1 0.001000
76 0.064572 1 0.001000
77 0.066893 0 0.000000
78 0.069215 0 0.000000
79 0.071536 1 0.001000
80 0.073857 0 0.000000
81 0.076178 1 0.001000
82 0.078500 0 0.000000
83 0.080821 0 0.000000
84 0.083142 0 0.000000
85 0.085463 0 0.000000
86 0.087785 0 0.000000
87 0.090106 0 0.000000
88 0.092427 1 0.001000
89 0.094748 0 0.000000
90 0.097070 0 0.000000
91 0.099391 0 0.000000
92 0.101712 0 0.000000
93 0.104033 0 0.000000
94 0.106355 1 0.001000
95 0.108676 0 0.000000
96 0.110997 0 0.000000
97 0.113318 0 0.000000
98 0.115640 1 0.001000
99 0.117961 0 0.000000
