0 -0.954260 2 0.002000
1 -0.943981 1 0.001000
2 -0.933701 0 0.000000
3 -0.923422 0 0.000000
4 -0.913142 0 0.000000
5 -0.902863 0 0.000000
6 -0.892583 0 0.000000
7 -0.882304 0 0.000000
8 -0.872025 0 0.000000
9 -0.861745 0 0.000000
10 -0.851466 0 0.000000
11 -0.841186 0 0.000000
12 -0.830907 0 0.000000
13 -0.820627 0 0.000000
14 -0.810348 0 0.000000
15 -0.800068 0 0.000000
16 -0.789789 0 0.000000
17 -0.779510 0 0.000000
18 -0.769230 0 0.000000
19 -0.758951 0 0.000000
20 -0.748671 0 0.000000
21 -0.738392 0 0.000000
22 -0.728112 0 0.000000
23 -0.717833 0 0.000000
24 -0.707553 0 0.000000
25 -0.697274 0 0.000000
26 -0.686995 0 0.000000
27 -0.676715 0 0.000000
28 -0.666436 0 0.000000
29 -0.656156 0 0.000000
30 -0.645877 0 0.000000
31 -0.635597 0 0.000000
32 -0.625318 0 0.000000
33 -0.615038 0 0.000000
34 -0.604759 0 0.000000
35 -0.594480 0 0.000000
36 -0.584200 0 0.000000
37 -0.573921 0 0.000000
38 -0.563641 0 0.000000
39 -0.553362 0 0.000000
40 -0.543082 0 0.000000
41 -0.532803 0 0.000000
42 -0.522523 0 0.000000
43 -0.512244 0 0.000000
44 -0.501965 0 0.000000
45 -0.491685 0 0.000000
46 -0.481406 0 0.000000
47 -0.471126 0 0.000000
48 -0.460847 0 0.000000
49 -0.450567 0 0.000000
50 -0.440288 0 0.000000
51 -0.430008 0 0.000000
52 -0.419729 0 0.000000
53 -0.409450 0 0.000000
54 -0.399170 0 0.000000
55 -0.388891 0 0.000000
56 -0.378611 0 0.000000
57 -0.368332 0 0.000000
58 -0.358052 0 0.000000
59 -0.347773 0 0.000000
60 -0.337493 0 0.000000
61 -0.327214 0 0.000000
62 -0.316935 0 0.000000
63 -0.306655 0 0.000000
64 -0.296376 0 0.000000
65 -0.286096 0 0.000000
66 -0.275817 0 0.000000
67 -0.265537 0 0.000000
68 -0.255258 0 0.000000
69 -0.244978 0 0.000000
70 -0.234699 0 0.000000
71 -0.224420 0 0.000000
72 -0.214140 0 0.000000
73 -0.203861 0 0.000000
74 -0.193581 0 0.000000
75 -0.183302 0 0.000000
76 -0.173022 0 0.000000
77 -0.162743 0 0.000000
78 -0.152463 0 0.000000
79 -0.142184 0 0.000000
80 -0.131905 0 0.000000
81 -0.121625 0 0.000000
82 -0.111346 0 0.000000
83 -0.101066 0 0.000000
84 -0.090787 0 0.000000
85 -0.080507 0 0.000000
86 -0.070228 0 0.000000
87 -0.059949 0 0.000000
88 -0.049669 0 0.000000
89 -0.039390 0 0.000000
90 -0.029110 1 0.001000
91 -0.018831 32 0.032000
92 -0.008551 711 0.711000
93 0.001728 184 0.184000
94 0.012008 28 0.028000
95 0.022287 15 0.015000
96 0.032566 13 0.013000
97 0.042846 12 0.012000
98 0.053125 1 0.001000
99 0.063405 0 0.000000
