0 0.361596 1 0.001000
1 0.363626 0 0.000000
2 0.365656 0 0.000000
3 0.367685 0 0.000000
4 0.369715 0 0.000000
5 0.371745 1 0.001000
6 0.373774 1 0.001000
7 0.375804 0 0.000000
8 0.377834 1 0.001000
9 0.379863 3 0.003000
10 0.381893 0 0.000000
11 0.383922 1 0.001000
12 0.385952 2 0.002000
13 0.387982 0 0.000000
14 0.390011 1 0.001000
15 0.392041 0 0.000000
16 0.394071 0 0.000000
17 0.396100 2 0.002000
18 0.398130 1 0.001000
19 0.400160 2 0.002000
20 0.402189 1 0.001000
21 0.404219 3 0.003000
22 0.406249 3 0.003000
23 0.408278 0 0.000000
24 0.410308 1 0.001000
25 0.412338 1 0.001000
26 0.414367 2 0.002000
27 0.416397 3 0.003000
28 0.418427 6 0.006000
29 0.420456 3 0.003000
30 0.422486 11 0.011000
31 0.424516 3 0.003000
32 0.426545 9 0.009000
33 0.428575 5 0.005000
34 0.430605 3 0.003000
35 0.432634 6 0.006000
36 0.434664 14 0.014000
37 0.436694 5 0.005000
38 0.438723 12 0.012000
39 0.440753 18 0.018000
40 0.442783 19 0.019000
41 0.444812 21 0.021000
42 0.446842 23 0.023000
43 0.448872 31 0.031000
44 0.450901 31 0.031000
45 0.452931 50 0.050000
46 0.454961 44 0.044000
47 0.456990 45 0.045000
48 0.459020 42 0.042000
49 0.461050 40 0.040000
50 0.463079 53 0.053000
51 0.465109 47 0.047000
52 0.467139 57 0.057000
53 0.469168 38 0.038000
54 0.471198 33 0.033000
55 0.473228 26 0.026000
56 0.475257 33 0.033000
57 0.477287 27 0.027000
58 0.479317 24 0.024000
59 0.481346 21 0.021000
60 0.483376 14 0.014000
61 0.485406 14 0.014000
62 0.487435 12 0.012000
63 0.489465 9 0.009000
64 0.491494 19 0.019000
65 0.493524 10 0.010000
66 0.495554 12 0.012000
67 0.497583 15 0.015000
68 0.499613 6 0.006000
69 0.501643 8 0.008000
70 0.503672 7 0.007000
71 0.505702 1 0.001000
72 0.507732 5 0.005000
73 0.509761 8 0.008000
74 0.511791 2 0.002000
75 0.513821 3 0.003000
76 0.515850 3 0.003000
77 0.517880 2 0.002000
78 0.519910 3 0.003000
79 0.521939 3 0.003000
80 0.523969 2 0.002000
81 0.525999 0 0.000000
82 0.528028 1 0.001000
83 0.530058 1 0.001000
84 0.532088 2 0.002000
85 0.534117 1 0.001000
86 0.536147 0 0.000000
87 0.538177 0 0.000000
88 0.540206 0 0.000000
89 0.542236 2 0.002000
90 0.544266 1 0.001000
91 0.546295 1 0.001000
92 0.548325 0 0.000000
93 0.550355 0 0.000000
94 0.552384 1 0.001000
95 0.554414 0 0.000000
96 0.556444 1 0.001000
97 0.558473 0 0.000000
98 0.560503 0 0.000000
99 0.562533 1 0.001000
