0 0.114715 2 0.002000
1 0.122735 0 0.000000
2 0.130755 1 0.001000
3 0.138775 0 0.000000
4 0.146796 0 0.000000
5 0.154816 5 0.005000
6 0.162836 3 0.003000
7 0.170856 3 0.003000
8 0.178876 3 0.003000
9 0.186896 2 0.002000
10 0.194916 7 0.007000
11 0.202936 6 0.006000
12 0.210956 6 0.006000
13 0.218977 5 0.005000
14 0.226997 3 0.003000
15 0.235017 2 0.002000
16 0.243037 6 0.006000
17 0.251057 6 0.006000
18 0.259077 2 0.002000
19 0.267097 7 0.007000
20 0.275117 3 0.003000
21 0.283137 8 0.008000
22 0.291158 6 0.006000
23 0.299178 4 0.004000
24 0.307198 5 0.005000
25 0.315218 8 0.008000
26 0.323238 11 0.011000
27 0.331258 8 0.008000
28 0.339278 3 0.003000
29 0.347298 16 0.016000
30 0.355318 9 0.009000
31 0.363339 12 0.012000
32 0.371359 9 0.009000
33 0.379379 18 0.018000
34 0.387399 21 0.021000
35 0.395419 17 0.017000
36 0.403439 22 0.022000
37 0.411459 18 0.018000
38 0.419479 16 0.016000
39 0.427499 30 0.030000
40 0.435519 29 0.029000
41 0.443540 35 0.035000
42 0.451560 53 0.053000
43 0.459580 58 0.058000
44 0.467600 51 0.051000
45 0.475620 36 0.036000
46 0.483640 42 0.042000
47 0.491660 42 0.042000
48 0.499680 42 0.042000
49 0.507700 31 0.031000
50 0.515721 18 0.018000
51 0.523741 25 0.025000
52 0.531761 18 0.018000
53 0.539781 20 0.020000
54 0.547801 16 0.016000
55 0.555821 13 0.013000
56 0.563841 10 0.010000
57 0.571861 9 0.009000
58 0.579881 9 0.009000
59 0.587901 7 0.007000
60 0.595922 9 0.009000
61 0.603942 9 0.009000
62 0.611962 6 0.006000
63 0.619982 7 0.007000
64 0.628002 6 0.006000
65 0.636022 7 0.007000
66 0.644042 4 0.004000
67 0.652062 7 0.007000
68 0.660082 4 0.004000
69 0.668103 7 0.007000
70 0.676123 2 0.002000
71 0.684143 5 0.005000
72 0.692163 8 0.008000
73 0.700183 3 0.003000
74 0.708203 2 0.002000
75 0.716223 2 0.002000
76 0.724243 5 0.005000
77 0.732263 3 0.003000
78 0.740284 5 0.005000
79 0.748304 1 0.001000
80 0.756324 0 0.000000
81 0.764344 0 0.000000
82 0.772364 6 0.006000
83 0.780384 2 0.002000
84 0.788404 3 0.003000
85 0.796424 1 0.001000
86 0.804444 0 0.000000
87 0.812465 0 0.000000
88 0.820485 0 0.000000
89 0.828505 1 0.001000
90 0.836525 1 0.001000
91 0.844545 0 0.000000
92 0.852565 2 0.002000
93 0.860585 2 0.002000
94 0.868605 0 0.000000
95 0.876625 2 0.002000
96 0.884646 0 0.000000
97 0.892666 0 0.000000
98 0.900686 1 0.001000
99 0.908706 0 0.000000
