0 0.933801 1 0.001000
1 0.934635 0 0.000000
2 0.935470 0 0.000000
3 0.936304 0 0.000000
4 0.937138 0 0.000000
5 0.937972 0 0.000000
6 0.938806 0 0.000000
7 0.939640 0 0.000000
8 0.940474 0 0.000000
9 0.941308 0 0.000000
10 0.942142 1 0.001000
11 0.942976 0 0.000000
12 0.943810 0 0.000000
13 0.944644 1 0.001000
14 0.945478 1 0.001000
15 0.946312 1 0.001000
16 0.947146 0 0.000000
17 0.947981 0 0.000000
18 0.948815 0 0.000000
19 0.949649 3 0.003000
20 0.950483 1 0.001000
21 0.951317 0 0.000000
22 0.952151 4 0.004000
23 0.952985 3 0.003000
24 0.953819 0 0.000000
25 0.954653 1 0.001000
26 0.955487 1 0.001000
27 0.956321 1 0.001000
28 0.957155 2 0.002000
29 0.957989 1 0.001000
30 0.958823 1 0.001000
31 0.959657 0 0.000000
32 0.960492 0 0.000000
33 0.961326 1 0.001000
34 0.962160 2 0.002000
35 0.962994 3 0.003000
36 0.963828 2 0.002000
37 0.964662 1 0.001000
38 0.965496 0 0.000000
39 0.966330 3 0.003000
40 0.967164 2 0.002000
41 0.967998 1 0.001000
42 0.968832 2 0.002000
43 0.969666 1 0.001000
44 0.970500 0 0.000000
45 0.971334 2 0.002000
46 0.972168 1 0.001000
47 0.973003 0 0.000000
48 0.973837 4 0.004000
49 0.974671 0 0.000000
50 0.975505 5 0.005000
51 0.976339 2 0.002000
52 0.977173 0 0.000000
53 0.978007 3 0.003000
54 0.978841 1 0.001000
55 0.979675 1 0.001000
56 0.980509 4 0.004000
57 0.981343 2 0.002000
58 0.982177 1 0.001000
59 0.983011 4 0.004000
60 0.983845 1 0.001000
61 0.984679 1 0.001000
62 0.985514 1 0.001000
63 0.986348 2 0.002000
64 0.987182 11 0.011000
65 0.988016 5 0.005000
66 0.988850 6 0.006000
67 0.989684 12 0.012000
68 0.990518 6 0.006000
69 0.991352 19 0.019000
70 0.992186 38 0.038000
71 0.993020 39 0.039000
72 0.993854 31 0.031000
73 0.994688 38 0.038000
74 0.995522 60 0.060000
75 0.996356 94 0.094000
76 0.997190 77 0.077000
77 0.998025 84 0.084000
78 0.998859 102 0.102000
79 0.999693 63 0.063000
80 1.000527 67 0.067000
81 1.001361 37 0.037000
82 1.002195 39 0.039000
83 1.003029 29 0.029000
84 1.003863 17 0.017000
85 1.004697 17 0.017000
86 1.005531 4 0.004000
87 1.006365 7 0.007000
88 1.007199 5 0.005000
89 1.008033 4 0.004000
90 1.008867 1 0.001000
91 1.009701 1 0.001000
92 1.010535 3 0.003000
93 1.011370 6 0.006000
94 1.012204 1 0.001000
95 1.013038 0 0.000000
96 1.013872 0 0.000000
97 1.014706 0 0.000000
98 1.015540 0 0.000000
99 1.016374 1 0.001000
