0 0.105563 1 0.000333
1 0.114763 1 0.000333
2 0.123963 1 0.000333
3 0.133163 0 0.000000
4 0.142363 1 0.000333
5 0.151563 4 0.001333
6 0.160764 0 0.000000
7 0.169964 2 0.000667
8 0.179164 6 0.002000
9 0.188364 4 0.001333
10 0.197564 6 0.002000
11 0.206764 8 0.002667
12 0.215964 5 0.001667
13 0.225164 4 0.001333
14 0.234364 7 0.002333
15 0.243565 5 0.001667
16 0.252765 7 0.002333
17 0.261965 7 0.002333
18 0.271165 2 0.000667
19 0.280365 5 0.001667
20 0.289565 7 0.002333
21 0.298765 7 0.002333
22 0.307965 8 0.002667
23 0.317165 10 0.003333
24 0.326366 12 0.004000
25 0.335566 10 0.003333
26 0.344766 6 0.002000
27 0.353966 13 0.004333
28 0.363166 14 0.004667
29 0.372366 13 0.004333
30 0.381566 28 0.009333
31 0.390766 26 0.008667
32 0.399966 33 0.011000
33 0.409167 29 0.009667
34 0.418367 52 0.017333
35 0.427567 59 0.019667
36 0.436767 102 0.034000
37 0.445967 208 0.069333
38 0.455167 257 0.085667
39 0.464367 257 0.085667
40 0.473567 166 0.055333
41 0.482767 118 0.039333
42 0.491968 95 0.031667
43 0.501168 72 0.024000
44 0.510368 48 0.016000
45 0.519568 31 0.010333
46 0.528768 30 0.010000
47 0.537968 23 0.007667
48 0.547168 18 0.006000
49 0.556368 14 0.004667
50 0.565569 10 0.003333
51 0.574769 8 0.002667
52 0.583969 8 0.002667
53 0.593169 9 0.003000
54 0.602369 17 0.005667
55 0.611569 9 0.003000
56 0.620769 9 0.003000
57 0.629969 9 0.003000
58 0.639169 8 0.002667
59 0.648370 13 0.004333
60 0.657570 5 0.001667
61 0.666770 7 0.002333
62 0.675970 2 0.000667
63 0.685170 5 0.001667
64 0.694370 1 0.000333
65 0.703570 3 0.001000
66 0.712770 2 0.000667
67 0.721970 6 0.002000
68 0.731171 5 0.001667
69 0.740371 1 0.000333
70 0.749571 2 0.000667
71 0.758771 2 0.000667
72 0.767971 2 0.000667
73 0.777171 2 0.000667
74 0.786371 2 0.000667
75 0.795571 0 0.000000
76 0.804771 2 0.000667
77 0.813972 2 0.000667
78 0.823172 1 0.000333
79 0.832372 2 0.000667
80 0.841572 1 0.000333
81 0.850772 2 0.000667
82 0.859972 0 0.000000
83 0.869172 0 0.000000
84 0.878372 1 0.000333
85 0.887572 0 0.000000
86 0.896773 0 0.000000
87 0.905973 0 0.000000
88 0.915173 0 0.000000
89 0.924373 0 0.000000
90 0.933573 2 0.000667
91 0.942773 7 0.002333
92 0.951973 14 0.004667
93 0.961173 18 0.006000
94 0.970373 18 0.006000
95 0.979573 31 0.010333
96 0.988774 418 0.139333
97 0.997974 470 0.156667
98 1.007174 21 0.007000
99 1.016374 1 0.000333
