0 0.194919 1 0.001000
1 0.199939 0 0.000000
2 0.204959 0 0.000000
3 0.209979 0 0.000000
4 0.215000 0 0.000000
5 0.220020 0 0.000000
6 0.225040 0 0.000000
7 0.230060 0 0.000000
8 0.235081 0 0.000000
9 0.240101 0 0.000000
10 0.245121 0 0.000000
11 0.250141 0 0.000000
12 0.255162 0 0.000000
13 0.260182 0 0.000000
14 0.265202 0 0.000000
15 0.270222 0 0.000000
16 0.275243 1 0.001000
17 0.280263 0 0.000000
18 0.285283 1 0.001000
19 0.290303 0 0.000000
20 0.295324 0 0.000000
21 0.300344 2 0.002000
22 0.305364 0 0.000000
23 0.310384 0 0.000000
24 0.315405 0 0.000000
25 0.320425 0 0.000000
26 0.325445 0 0.000000
27 0.330465 0 0.000000
28 0.335486 1 0.001000
29 0.340506 2 0.002000
30 0.345526 3 0.003000
31 0.350546 2 0.002000
32 0.355567 0 0.000000
33 0.360587 3 0.003000
34 0.365607 5 0.005000
35 0.370627 1 0.001000
36 0.375648 10 0.010000
37 0.380668 4 0.004000
38 0.385688 3 0.003000
39 0.390708 9 0.009000
40 0.395728 7 0.007000
41 0.400749 7 0.007000
42 0.405769 11 0.011000
43 0.410789 14 0.014000
44 0.415809 10 0.010000
45 0.420830 14 0.014000
46 0.425850 29 0.029000
47 0.430870 34 0.034000
48 0.435890 30 0.030000
49 0.440911 40 0.040000
50 0.445931 41 0.041000
51 0.450951 46 0.046000
52 0.455971 65 0.065000
53 0.460992 88 0.088000
54 0.466012 84 0.084000
55 0.471032 65 0.065000
56 0.476052 58 0.058000
57 0.481073 55 0.055000
58 0.486093 41 0.041000
59 0.491113 32 0.032000
60 0.496133 31 0.031000
61 0.501154 28 0.028000
62 0.506174 11 0.011000
63 0.511194 12 0.012000
64 0.516214 17 0.017000
65 0.521235 17 0.017000
66 0.526255 12 0.012000
67 0.531275 10 0.010000
68 0.536295 6 0.006000
69 0.541316 3 0.003000
70 0.546336 1 0.001000
71 0.551356 6 0.006000
72 0.556376 6 0.006000
73 0.561397 2 0.002000
74 0.566417 4 0.004000
75 0.571437 1 0.001000
76 0.576457 3 0.003000
77 0.581478 1 0.001000
78 0.586498 0 0.000000
79 0.591518 0 0.000000
80 0.596538 2 0.002000
81 0.601559 1 0.001000
82 0.606579 1 0.001000
83 0.611599 0 0.000000
84 0.616619 0 0.000000
85 0.621639 0 0.000000
86 0.626660 1 0.001000
87 0.631680 0 0.000000
88 0.636700 1 0.001000
89 0.641721 0 0.000000
90 0.646741 1 0.001000
91 0.651761 1 0.001000
92 0.656781 0 0.000000
93 0.661801 0 0.000000
94 0.666822 1 0.001000
95 0.671842 0 0.000000
96 0.676862 0 0.000000
97 0.681882 0 0.000000
98 0.686903 0 0.000000
99 0.691923 1 0.001000
