0 0.001320 3 0.003000
1 0.011403 0 0.000000
2 0.021485 0 0.000000
3 0.031568 0 0.000000
4 0.041650 0 0.000000
5 0.051733 0 0.000000
6 0.061815 0 0.000000
7 0.071898 0 0.000000
8 0.081980 0 0.000000
9 0.092063 0 0.000000
10 0.102146 0 0.000000
11 0.112228 0 0.000000
12 0.122311 0 0.000000
13 0.132393 0 0.000000
14 0.142476 0 0.000000
15 0.152558 0 0.000000
16 0.162641 0 0.000000
17 0.172723 0 0.000000
18 0.182806 0 0.000000
19 0.192888 0 0.000000
20 0.202971 0 0.000000
21 0.213054 0 0.000000
22 0.223136 0 0.000000
23 0.233219 0 0.000000
24 0.243301 0 0.000000
25 0.253384 0 0.000000
26 0.263466 0 0.000000
27 0.273549 0 0.000000
28 0.283631 0 0.000000
29 0.293714 0 0.000000
30 0.303797 0 0.000000
31 0.313879 0 0.000000
32 0.323962 0 0.000000
33 0.334044 0 0.000000
34 0.344127 0 0.000000
35 0.354209 0 0.000000
36 0.364292 0 0.000000
37 0.374374 0 0.000000
38 0.384457 0 0.000000
39 0.394540 0 0.000000
40 0.404622 0 0.000000
41 0.414705 0 0.000000
42 0.424787 0 0.000000
43 0.434870 0 0.000000
44 0.444952 0 0.000000
45 0.455035 0 0.000000
46 0.465117 0 0.000000
47 0.475200 0 0.000000
48 0.485283 0 0.000000
49 0.495365 0 0.000000
50 0.505448 0 0.000000
51 0.515530 0 0.000000
52 0.525613 0 0.000000
53 0.535695 0 0.000000
54 0.545778 0 0.000000
55 0.555860 0 0.000000
56 0.565943 0 0.000000
57 0.576025 0 0.000000
58 0.586108 0 0.000000
59 0.596191 0 0.000000
60 0.606273 0 0.000000
61 0.616356 0 0.000000
62 0.626438 0 0.000000
63 0.636521 0 0.000000
64 0.646603 0 0.000000
65 0.656686 0 0.000000
66 0.666768 0 0.000000
67 0.676851 0 0.000000
68 0.686934 0 0.000000
69 0.697016 0 0.000000
70 0.707099 0 0.000000
71 0.717181 0 0.000000
72 0.727264 0 0.000000
73 0.737346 0 0.000000
74 0.747429 0 0.000000
75 0.757511 0 0.000000
76 0.767594 0 0.000000
77 0.777677 0 0.000000
78 0.787759 0 0.000000
79 0.797842 0 0.000000
80 0.807924 0 0.000000
81 0.818007 0 0.000000
82 0.828089 0 0.000000
83 0.838172 0 0.000000
84 0.848254 0 0.000000
85 0.858337 0 0.000000
86 0.868419 0 0.000000
87 0.878502 0 0.000000
88 0.888585 0 0.000000
89 0.898667 0 0.000000
90 0.908750 0 0.000000
91 0.918832 0 0.000000
92 0.928915 0 0.000000
93 0.938997 0 0.000000
94 0.949080 0 0.000000
95 0.959162 0 0.000000
96 0.969245 0 0.000000
97 0.979328 0 0.000000
98 0.989410 996 0.996000
99 0.999493 1 0.001000
