0 0.105563 1 0.001000
1 0.113460 1 0.001000
2 0.121357 1 0.001000
3 0.129254 0 0.000000
4 0.137150 0 0.000000
5 0.145047 1 0.001000
6 0.152944 4 0.004000
7 0.160841 0 0.000000
8 0.168738 2 0.002000
9 0.176635 4 0.004000
10 0.184532 5 0.005000
11 0.192429 1 0.001000
12 0.200325 9 0.009000
13 0.208222 5 0.005000
14 0.216119 3 0.003000
15 0.224016 5 0.005000
16 0.231913 3 0.003000
17 0.239810 9 0.009000
18 0.247707 5 0.005000
19 0.255604 3 0.003000
20 0.263500 7 0.007000
21 0.271397 2 0.002000
22 0.279294 2 0.002000
23 0.287191 7 0.007000
24 0.295088 8 0.008000
25 0.302985 5 0.005000
26 0.310882 6 0.006000
27 0.318779 9 0.009000
28 0.326675 10 0.010000
29 0.334572 11 0.011000
30 0.342469 6 0.006000
31 0.350366 9 0.009000
32 0.358263 7 0.007000
33 0.366160 11 0.011000
34 0.374057 11 0.011000
35 0.381954 19 0.019000
36 0.389850 22 0.022000
37 0.397747 19 0.019000
38 0.405644 18 0.018000
39 0.413541 20 0.020000
40 0.421438 21 0.021000
41 0.429335 22 0.022000
42 0.437232 33 0.033000
43 0.445129 45 0.045000
44 0.453025 57 0.057000
45 0.460922 43 0.043000
46 0.468819 39 0.039000
47 0.476716 49 0.049000
48 0.484613 53 0.053000
49 0.492510 35 0.035000
50 0.500407 33 0.033000
51 0.508304 35 0.035000
52 0.516200 23 0.023000
53 0.524097 21 0.021000
54 0.531994 19 0.019000
55 0.539891 18 0.018000
56 0.547788 11 0.011000
57 0.555685 9 0.009000
58 0.563582 13 0.013000
59 0.571479 8 0.008000
60 0.579376 5 0.005000
61 0.587272 8 0.008000
62 0.595169 9 0.009000
63 0.603066 12 0.012000
64 0.610963 10 0.010000
65 0.618860 6 0.006000
66 0.626757 7 0.007000
67 0.634654 9 0.009000
68 0.642550 9 0.009000
69 0.650447 10 0.010000
70 0.658344 4 0.004000
71 0.666241 6 0.006000
72 0.674138 2 0.002000
73 0.682035 3 0.003000
74 0.689932 3 0.003000
75 0.697829 2 0.002000
76 0.705726 2 0.002000
77 0.713622 2 0.002000
78 0.721519 5 0.005000
79 0.729416 4 0.004000
80 0.737313 2 0.002000
81 0.745210 2 0.002000
82 0.753107 2 0.002000
83 0.761004 2 0.002000
84 0.768901 1 0.001000
85 0.776797 0 0.000000
86 0.784694 3 0.003000
87 0.792591 1 0.001000
88 0.800488 0 0.000000
89 0.808385 2 0.002000
90 0.816282 2 0.002000
91 0.824179 1 0.001000
92 0.832076 2 0.002000
93 0.839972 1 0.001000
94 0.847869 2 0.002000
95 0.855766 0 0.000000
96 0.863663 0 0.000000
97 0.871560 0 0.000000
98 0.879457 0 0.000000
99 0.887354 1 0.001000
