0 0.001320 3 0.001000
1 0.011403 0 0.000000
2 0.021485 0 0.000000
3 0.031568 0 0.000000
4 0.041650 0 0.000000
5 0.051733 0 0.000000
6 0.061815 0 0.000000
7 0.071898 0 0.000000
8 0.081980 0 0.000000
9 0.092063 0 0.000000
10 0.102146 0 0.000000
11 0.112228 2 0.000667
12 0.122311 0 0.000000
13 0.132393 1 0.000333
14 0.142476 0 0.000000
15 0.152558 5 0.001667
16 0.162641 3 0.001000
17 0.172723 6 0.002000
18 0.182806 2 0.000667
19 0.192888 8 0.002667
20 0.202971 7 0.002333
21 0.213054 8 0.002667
22 0.223136 5 0.001667
23 0.233219 3 0.001000
24 0.243301 8 0.002667
25 0.253384 4 0.001333
26 0.263466 5 0.001667
27 0.273549 7 0.002333
28 0.283631 11 0.003667
29 0.293714 7 0.002333
30 0.303797 8 0.002667
31 0.313879 8 0.002667
32 0.323962 13 0.004333
33 0.334044 12 0.004000
34 0.344127 16 0.005333
35 0.354209 18 0.006000
36 0.364292 23 0.007667
37 0.374374 27 0.009000
38 0.384457 35 0.011667
39 0.394540 39 0.013000
40 0.404622 52 0.017333
41 0.414705 44 0.014667
42 0.424787 87 0.029000
43 0.434870 110 0.036667
44 0.444952 138 0.046000
45 0.455035 211 0.070333
46 0.465117 227 0.075667
47 0.475200 160 0.053333
48 0.485283 135 0.045000
49 0.495365 106 0.035333
50 0.505448 69 0.023000
51 0.515530 61 0.020333
52 0.525613 48 0.016000
53 0.535695 35 0.011667
54 0.545778 27 0.009000
55 0.555860 26 0.008667
56 0.565943 16 0.005333
57 0.576025 16 0.005333
58 0.586108 8 0.002667
59 0.596191 16 0.005333
60 0.606273 8 0.002667
61 0.616356 9 0.003000
62 0.626438 9 0.003000
63 0.636521 9 0.003000
64 0.646603 7 0.002333
65 0.656686 9 0.003000
66 0.666768 8 0.002667
67 0.676851 4 0.001333
68 0.686934 8 0.002667
69 0.697016 6 0.002000
70 0.707099 3 0.001000
71 0.717181 3 0.001000
72 0.727264 6 0.002000
73 0.737346 5 0.001667
74 0.747429 2 0.000667
75 0.757511 0 0.000000
76 0.767594 3 0.001000
77 0.777677 5 0.001667
78 0.787759 3 0.001000
79 0.797842 1 0.000333
80 0.807924 0 0.000000
81 0.818007 0 0.000000
82 0.828089 1 0.000333
83 0.838172 1 0.000333
84 0.848254 2 0.000667
85 0.858337 2 0.000667
86 0.868419 0 0.000000
87 0.878502 2 0.000667
88 0.888585 0 0.000000
89 0.898667 1 0.000333
90 0.908750 0 0.000000
91 0.918832 0 0.000000
92 0.928915 0 0.000000
93 0.938997 0 0.000000
94 0.949080 0 0.000000
95 0.959162 0 0.000000
96 0.969245 0 0.000000
97 0.979328 0 0.000000
98 0.989410 996 0.332000
99 0.999493 1 0.000333
