0 0 0.000000 0.205521 0.133857 0.207271 0.134541
0 1 0.476190 0.204283 0.134558 0.200843 0.131784
0 2 0.952381 0.199638 0.130649 0.200691 0.131608
0 3 1.428571 0.197736 0.129729 0.200115 0.131481
0 4 1.904762 0.196136 0.128282 0.198383 0.130055
0 5 2.380952 0.194689 0.127573 0.194526 0.127934
0 6 2.857143 0.191596 0.126083 0.194684 0.127892
0 7 3.333333 0.193922 0.126755 0.194532 0.126861
0 8 3.809524 0.193891 0.126919 0.195433 0.127049
0 9 4.285714 0.192674 0.125559 0.192818 0.126529
0 10 4.761905 0.193171 0.126353 0.193589 0.126580
0 11 5.238095 0.188616 0.123592 0.188853 0.124138
0 12 5.714286 0.187000 0.122745 0.187856 0.123028
0 13 6.190476 0.187097 0.122640 0.190646 0.124621
0 14 6.666667 0.186371 0.122462 0.185854 0.122369
0 15 7.142857 0.182376 0.120074 0.184111 0.120534
0 16 7.619048 0.184331 0.120735 0.184803 0.121490
0 17 8.095238 0.183963 0.120214 0.186219 0.121390
0 18 8.571428 0.181858 0.119746 0.180713 0.119524
0 19 9.047619 0.180738 0.118802 0.177631 0.117562
0 20 9.523809 0.181161 0.119057 0.179572 0.117882
1 0 10.000000 0.180725 0.117784 0.180405 0.117806
1 1 10.476191 0.177819 0.116927 0.180077 0.117832
1 2 10.952381 0.179280 0.118210 0.177035 0.116616
1 3 11.428572 0.178451 0.116487 0.178455 0.117269
1 4 11.904762 0.178699 0.116719 0.178962 0.116881
1 5 12.380953 0.173707 0.114145 0.176149 0.115883
1 6 12.857142 0.177152 0.116175 0.173925 0.114690
1 7 13.333333 0.177297 0.115778 0.176278 0.115235
1 8 13.809524 0.176198 0.115700 0.177226 0.116499
1 9 14.285714 0.171924 0.112790 0.173148 0.114435
1 10 14.761905 0.171215 0.112578 0.173776 0.114290
1 11 15.238095 0.169773 0.112111 0.172425 0.113800
1 12 15.714286 0.169024 0.111202 0.172138 0.113365
1 13 16.190475 0.168603 0.111108 0.172085 0.113531
1 14 16.666666 0.170910 0.112172 0.170899 0.112332
1 15 17.142857 0.170632 0.112577 0.167737 0.111188
1 16 17.619047 0.166717 0.109659 0.166451 0.109937
1 17 18.095238 0.166702 0.109780 0.168450 0.110720
1 18 18.571428 0.167326 0.109967 0.166662 0.109625
1 19 19.047619 0.166081 0.109979 0.164577 0.108937
1 20 19.523809 0.162857 0.107641 0.163824 0.108580
2 0 20.000000 0.164297 0.108085 0.165114 0.109065
2 1 20.476191 0.162725 0.107241 0.163987 0.108149
2 2 20.952381 0.160505 0.105818 0.161149 0.106354
2 3 21.428572 0.159600 0.105718 0.158865 0.105487
2 4 21.904762 0.158705 0.105053 0.156270 0.103634
2 5 22.380953 0.159932 0.105389 0.160207 0.105664
2 6 22.857143 0.157477 0.104000 0.157007 0.104060
2 7 23.333334 0.156789 0.103572 0.155964 0.103149
2 8 23.809525 0.156477 0.103344 0.154390 0.102093
2 9 24.285715 0.153840 0.102116 0.151208 0.100687
2 10 24.761906 0.152465 0.101146 0.153784 0.101831
2 11 25.238094 0.150680 0.099626 0.149112 0.098596
2 12 25.714285 0.150918 0.099709 0.152577 0.100756
2 13 26.190475 0.148962 0.098509 0.151962 0.100718
2 14 26.666666 0.147149 0.097333 0.147776 0.098286
2 15 27.142857 0.143380 0.095409 0.145460 0.096682
2 16 27.619047 0.145397 0.096519 0.145118 0.096471
2 17 28.095238 0.146580 0.097095 0.144101 0.095657
2 18 28.571428 0.144937 0.095356 0.143221 0.094161
2 19 29.047619 0.143321 0.094891 0.140801 0.093930
2 20 29.523809 0.141896 0.093489 0.143333 0.094510
3 0 30.000000 0.142276 0.094171 0.139320 0.092559
3 1 30.476191 0.140485 0.093286 0.138232 0.091872
3 2 30.952381 0.137833 0.091854 0.135986 0.090554
3 3 31.428572 0.138057 0.090895 0.139482 0.091796
3 4 31.904762 0.136938 0.090416 0.135982 0.089927
3 5 32.380951 0.135200 0.089559 0.135871 0.090610
3 6 32.857143 0.136633 0.089648 0.134416 0.088679
3 7 33.333332 0.136435 0.089511 0.135642 0.089203
3 8 33.809525 0.135314 0.089276 0.133198 0.088239
3 9 34.285713 0.131411 0.087162 0.132161 0.087389
3 10 34.761906 0.131548 0.086817 0.132416 0.087488
3 11 35.238094 0.132539 0.086648 0.132559 0.086822
3 12 35.714287 0.131551 0.086870 0.130965 0.086323
3 13 36.190475 0.131318 0.086292 0.130241 0.085383
3 14 36.666668 0.127094 0.084493 0.127256 0.084097
3 15 37.142857 0.130905 0.086230 0.129788 0.085855
3 16 37.619049 0.128286 0.084835 0.126740 0.083938
3 17 38.095238 0.125904 0.083670 0.126069 0.083745
3 18 38.571430 0.128382 0.084839 0.128092 0.084465
3 19 39.047619 0.126272 0.083560 0.128755 0.084819
3 20 39.523811 0.127365 0.084231 0.124879 0.083148
4 0 40.000000 0.124262 0.082271 0.124889 0.082471
4 1 40.476189 0.125584 0.083055 0.127714 0.084348
4 2 40.952381 0.125191 0.082222 0.125789 0.082621
4 3 41.428570 0.123104 0.081201 0.122810 0.081161
4 4 41.904762 0.122895 0.081030 0.122213 0.080612
4 5 42.380951 0.121923 0.080324 0.121040 0.079961
4 6 42.857143 0.120503 0.078907 0.122407 0.080703
4 7 43.333332 0.120499 0.079826 0.121643 0.080218
4 8 43.809525 0.120362 0.080055 0.119875 0.079925
4 9 44.285713 0.123032 0.081415 0.122544 0.080869
4 10 44.761906 0.120923 0.079935 0.119935 0.078816
4 11 45.238094 0.118942 0.078694 0.120383 0.079479
4 12 45.714287 0.121096 0.079701 0.120242 0.078978
4 13 46.190475 0.118145 0.078179 0.118547 0.078326
4 14 46.666668 0.121022 0.079359 0.120061 0.078670
4 15 47.142857 0.120570 0.078825 0.120178 0.078461
4 16 47.619049 0.117524 0.077737 0.116302 0.077281
4 17 48.095238 0.116348 0.076871 0.116297 0.076951
4 18 48.571430 0.116680 0.077321 0.114935 0.076076
4 19 49.047619 0.117677 0.077207 0.119871 0.078062
4 20 49.523811 0.114014 0.075515 0.115192 0.076225
5 0 50.000000 0.115200 0.076180 0.116273 0.076739
5 1 50.476189 0.116419 0.076428 0.116652 0.076427
5 2 50.952381 0.114446 0.075536 0.114990 0.076222
5 3 51.428570 0.114421 0.075772 0.113615 0.075495
5 4 51.904762 0.116506 0.076445 0.116658 0.076129
5 5 52.380951 0.114089 0.075211 0.114434 0.075041
5 6 52.857143 0.112775 0.074505 0.113507 0.074978
5 7 53.333332 0.112937 0.073776 0.114716 0.075508
5 8 53.809525 0.112100 0.074322 0.112393 0.074292
5 9 54.285713 0.112025 0.073680 0.112330 0.073985
5 10 54.761906 0.112848 0.073872 0.111845 0.073485
5 11 55.238094 0.111993 0.073903 0.112524 0.074595
5 12 55.714287 0.112231 0.074117 0.113020 0.074819
5 13 56.190475 0.111581 0.073683 0.110247 0.072592
5 14 56.666668 0.112214 0.073784 0.111694 0.073547
5 15 57.142857 0.111397 0.074192 0.109503 0.072373
5 16 57.619049 0.111478 0.073184 0.111706 0.073157
5 17 58.095238 0.110061 0.072814 0.109840 0.072830
5 18 58.571430 0.110946 0.072893 0.110386 0.072612
5 19 59.047619 0.111618 0.073703 0.109783 0.072404
5 20 59.523811 0.110121 0.072351 0.107753 0.071208
6 0 60.000000 0.108906 0.071581 0.109543 0.072243
6 1 60.476189 0.112099 0.073388 0.109640 0.072104
6 2 60.952381 0.107303 0.071081 0.108167 0.071481
6 3 61.428570 0.107587 0.071333 0.107487 0.070747
6 4 61.904762 0.108061 0.071426 0.107480 0.070884
6 5 62.380951 0.107115 0.071107 0.107930 0.071516
6 6 62.857143 0.108642 0.072020 0.108813 0.071813
6 7 63.333332 0.108718 0.071694 0.108318 0.071546
6 8 63.809525 0.108544 0.070982 0.109175 0.071415
6 9 64.285713 0.111889 0.072687 0.110773 0.071574
6 10 64.761902 0.108979 0.071315 0.107142 0.070327
6 11 65.238098 0.105542 0.069666 0.107369 0.070962
6 12 65.714287 0.106367 0.070861 0.105919 0.070165
6 13 66.190475 0.104646 0.069197 0.105166 0.069950
6 14 66.666664 0.106515 0.070852 0.106209 0.070269
6 15 67.142860 0.105635 0.069964 0.105879 0.070224
6 16 67.619049 0.104267 0.068579 0.104867 0.069400
6 17 68.095238 0.105888 0.068963 0.106273 0.069420
6 18 68.571426 0.105689 0.070137 0.104910 0.069714
6 19 69.047623 0.105700 0.070195 0.103559 0.068688
6 20 69.523811 0.106635 0.069767 0.107124 0.069736
7 0 70.000000 0.103450 0.068429 0.103160 0.067818
7 1 70.476189 0.104626 0.069490 0.104557 0.069376
7 2 70.952377 0.103005 0.068391 0.101541 0.067390
7 3 71.428574 0.100990 0.066674 0.104381 0.069171
7 4 71.904762 0.104484 0.068583 0.106835 0.070390
7 5 72.380951 0.103359 0.068375 0.102809 0.068462
7 6 72.857140 0.103738 0.068911 0.100977 0.067012
7 7 73.333336 0.105104 0.069411 0.104130 0.068863
7 8 73.809525 0.103356 0.068591 0.102960 0.068036
7 9 74.285713 0.101362 0.067512 0.101592 0.067832
7 10 74.761902 0.102163 0.068270 0.100120 0.066874
7 11 75.238098 0.103407 0.068144 0.101827 0.067310
7 12 75.714287 0.104108 0.069316 0.102316 0.067886
7 13 76.190475 0.101933 0.068025 0.102536 0.068425
7 14 76.666664 0.101893 0.067888 0.100149 0.066786
7 15 77.142860 0.102555 0.068255 0.100880 0.067222
7 16 77.619049 0.102881 0.068096 0.101363 0.066996
7 17 78.095238 0.100834 0.067087 0.100418 0.066917
7 18 78.571426 0.099308 0.065840 0.098637 0.065441
7 19 79.047623 0.103016 0.067772 0.103053 0.067750
7 20 79.523811 0.103936 0.068662 0.103383 0.067788
8 0 80.000000 0.101535 0.067238 0.103023 0.068583
8 1 80.476189 0.100660 0.066538 0.102147 0.067817
8 2 80.952377 0.100961 0.066979 0.101702 0.067797
8 3 81.428574 0.099639 0.066083 0.101268 0.066934
8 4 81.904762 0.098941 0.066018 0.099425 0.066384
8 5 82.380951 0.100948 0.067459 0.099963 0.066711
8 6 82.857140 0.102151 0.066771 0.102483 0.066956
8 7 83.333336 0.099034 0.066221 0.098573 0.065625
8 8 83.809525 0.098985 0.065877 0.100756 0.066837
8 9 84.285713 0.099536 0.066956 0.097541 0.064882
8 10 84.761902 0.100269 0.066173 0.099592 0.065559
8 11 85.238098 0.097949 0.065102 0.098718 0.065872
8 12 85.714287 0.098487 0.065504 0.098520 0.065454
8 13 86.190475 0.098860 0.065756 0.098597 0.065593
8 14 86.666664 0.097345 0.064939 0.099067 0.065891
8 15 87.142860 0.100172 0.066769 0.099526 0.066198
8 16 87.619049 0.101569 0.066116 0.102079 0.066245
8 17 88.095238 0.098672 0.065529 0.098184 0.065892
8 18 88.571426 0.098265 0.065303 0.097002 0.064997
8 19 89.047623 0.099272 0.065286 0.098325 0.064925
8 20 89.523811 0.096266 0.064370 0.097731 0.065231
9 0 90.000000 0.096261 0.064020 0.095794 0.064237
9 1 90.476189 0.098688 0.065165 0.097559 0.064445
9 2 90.952377 0.097562 0.064433 0.098718 0.065443
9 3 91.428574 0.100727 0.066615 0.099717 0.065397
9 4 91.904762 0.096449 0.064436 0.095317 0.063828
9 5 92.380951 0.097509 0.065169 0.098424 0.064990
9 6 92.857140 0.096670 0.064369 0.095748 0.064247
9 7 93.333336 0.095443 0.063640 0.096219 0.064326
9 8 93.809525 0.096532 0.064406 0.096401 0.064189
9 9 94.285713 0.095738 0.064086 0.095604 0.063909
9 10 94.761902 0.096906 0.064835 0.095754 0.063599
9 11 95.238098 0.096384 0.064372 0.096681 0.064770
9 12 95.714287 0.095483 0.063771 0.096171 0.064186
9 13 96.190475 0.095093 0.063751 0.096089 0.064442
9 14 96.666664 0.094738 0.063333 0.094359 0.063011
9 15 97.142860 0.096527 0.064206 0.097358 0.064749
9 16 97.619049 0.095008 0.063449 0.095585 0.063860
9 17 98.095238 0.093903 0.062723 0.093860 0.062683
9 18 98.571426 0.097077 0.063496 0.097510 0.063538
9 19 99.047623 0.095882 0.064548 0.094402 0.063137
9 20 99.523811 0.092005 0.061343 0.093621 0.062258
