0 0 0.000000 0.206015 0.134575 0.206237 0.134737
0 1 0.476190 0.191669 0.123584 0.188363 0.121838
0 2 0.952381 0.178496 0.117323 0.180042 0.117781
0 3 1.428571 0.168899 0.111016 0.166711 0.109984
0 4 1.904762 0.160460 0.106955 0.160524 0.106425
0 5 2.380952 0.157480 0.102336 0.160038 0.103689
0 6 2.857143 0.151705 0.100080 0.149787 0.099078
0 7 3.333333 0.143695 0.094027 0.141329 0.092964
0 8 3.809524 0.135993 0.088358 0.134391 0.087575
0 9 4.285714 0.133865 0.086897 0.134918 0.087806
0 10 4.761905 0.129625 0.084730 0.131375 0.085851
0 11 5.238095 0.127556 0.084197 0.129281 0.084894
0 12 5.714286 0.128374 0.083818 0.126723 0.082817
0 13 6.190476 0.127225 0.083160 0.127275 0.083354
0 14 6.666667 0.124483 0.081716 0.124481 0.081670
0 15 7.142857 0.123861 0.081199 0.123268 0.080272
0 16 7.619048 0.122679 0.079713 0.125344 0.081986
0 17 8.095238 0.125124 0.079987 0.124606 0.079863
0 18 8.571428 0.119189 0.078361 0.118599 0.077623
0 19 9.047619 0.117513 0.076965 0.117499 0.076739
0 20 9.523809 0.115938 0.075406 0.115570 0.075001
1 0 10.000000 0.112581 0.074128 0.112990 0.074734
1 1 10.476191 0.112750 0.073559 0.111152 0.072294
1 2 10.952381 0.107314 0.071056 0.108092 0.071470
1 3 11.428572 0.105002 0.069617 0.106322 0.070639
1 4 11.904762 0.102857 0.068196 0.103709 0.069102
1 5 12.380953 0.101074 0.067323 0.102270 0.068132
1 6 12.857142 0.099891 0.066803 0.100286 0.066733
1 7 13.333333 0.099346 0.066067 0.099707 0.066163
1 8 13.809524 0.097778 0.064875 0.097862 0.064627
1 9 14.285714 0.095632 0.063755 0.096576 0.064255
1 10 14.761905 0.097878 0.064759 0.098237 0.065136
1 11 15.238095 0.099431 0.065167 0.098040 0.064594
1 12 15.714286 0.094381 0.063092 0.093753 0.062365
1 13 16.190475 0.093227 0.062489 0.093383 0.062211
1 14 16.666666 0.092569 0.061672 0.092510 0.061673
1 15 17.142857 0.092910 0.061397 0.093839 0.062108
1 16 17.619047 0.090850 0.059984 0.091313 0.060908
1 17 18.095238 0.088995 0.059852 0.089758 0.060175
1 18 18.571428 0.089879 0.060684 0.089735 0.059977
1 19 19.047619 0.088237 0.059521 0.088629 0.059619
1 20 19.523809 0.089525 0.060095 0.088361 0.059177
2 0 20.000000 0.086320 0.058264 0.086094 0.058558
2 1 20.476191 0.086600 0.058382 0.085688 0.057526
2 2 20.952381 0.086221 0.057960 0.087245 0.058723
2 3 21.428572 0.085379 0.057932 0.084954 0.057841
2 4 21.904762 0.083591 0.056635 0.083982 0.057261
2 5 22.380953 0.084881 0.057066 0.085212 0.057344
2 6 22.857143 0.084878 0.057560 0.084366 0.056504
2 7 23.333334 0.081915 0.055663 0.082286 0.055816
2 8 23.809525 0.081224 0.055260 0.081186 0.054849
2 9 24.285715 0.081997 0.055622 0.081036 0.055060
2 10 24.761906 0.082065 0.055739 0.081281 0.055056
2 11 25.238094 0.080354 0.054446 0.080914 0.054743
2 12 25.714285 0.077654 0.053117 0.079018 0.053954
2 13 26.190475 0.080266 0.054311 0.080734 0.054568
2 14 26.666666 0.078339 0.053671 0.077947 0.052820
2 15 27.142857 0.077310 0.052935 0.076868 0.052644
2 16 27.619047 0.075597 0.051534 0.077125 0.052988
2 17 28.095238 0.078980 0.052681 0.079077 0.052787
2 18 28.571428 0.075722 0.052202 0.076028 0.052094
2 19 29.047619 0.076977 0.051990 0.077123 0.051811
2 20 29.523809 0.075274 0.051690 0.074344 0.050789
3 0 30.000000 0.076501 0.052473 0.075803 0.051466
3 1 30.476191 0.074168 0.051255 0.073543 0.050686
3 2 30.952381 0.073731 0.050498 0.073883 0.051007
3 3 31.428572 0.073725 0.050550 0.074042 0.050873
3 4 31.904762 0.072375 0.049981 0.072337 0.049854
3 5 32.380951 0.072892 0.050252 0.073235 0.050652
3 6 32.857143 0.075441 0.052002 0.073471 0.050523
3 7 33.333332 0.071697 0.049215 0.072988 0.050235
3 8 33.809525 0.072146 0.050125 0.070632 0.048690
3 9 34.285713 0.071906 0.050341 0.071624 0.049942
3 10 34.761906 0.070890 0.049284 0.071459 0.049793
3 11 35.238094 0.071618 0.049677 0.071415 0.049499
3 12 35.714287 0.071075 0.049265 0.069609 0.048366
3 13 36.190475 0.073197 0.049985 0.072880 0.049543
3 14 36.666668 0.070032 0.048464 0.070062 0.048561
3 15 37.142857 0.070265 0.048561 0.071162 0.048761
3 16 37.619049 0.069995 0.048887 0.070429 0.049061
3 17 38.095238 0.070674 0.048661 0.070228 0.048361
3 18 38.571430 0.069343 0.047705 0.070810 0.049075
3 19 39.047619 0.070337 0.048651 0.070616 0.048560
3 20 39.523811 0.071943 0.049504 0.070329 0.048480
4 0 40.000000 0.070167 0.048776 0.069950 0.048312
4 1 40.476189 0.068515 0.047663 0.068584 0.047491
4 2 40.952381 0.070630 0.048503 0.070269 0.048452
4 3 41.428570 0.068306 0.047692 0.068082 0.047714
4 4 41.904762 0.067541 0.047125 0.067867 0.047145
4 5 42.380951 0.067259 0.046942 0.068334 0.047561
4 6 42.857143 0.068179 0.047537 0.069139 0.047997
4 7 43.333332 0.068216 0.048035 0.067948 0.047112
4 8 43.809525 0.067505 0.047529 0.067872 0.047906
4 9 44.285713 0.068810 0.048197 0.068149 0.047258
4 10 44.761906 0.066839 0.046347 0.068149 0.047181
4 11 45.238094 0.066509 0.046371 0.067480 0.047017
4 12 45.714287 0.065943 0.046395 0.067287 0.047314
4 13 46.190475 0.068187 0.047031 0.068164 0.046521
4 14 46.666668 0.065952 0.046332 0.066470 0.046867
4 15 47.142857 0.066575 0.046323 0.066524 0.046598
4 16 47.619049 0.065797 0.045995 0.064865 0.045210
4 17 48.095238 0.069246 0.047762 0.068384 0.046606
4 18 48.571430 0.067017 0.045648 0.066647 0.045289
4 19 49.047619 0.066767 0.046560 0.067411 0.046724
4 20 49.523811 0.065464 0.045989 0.066941 0.046950
5 0 50.000000 0.067323 0.047119 0.066194 0.046340
5 1 50.476189 0.065951 0.045620 0.066308 0.045982
5 2 50.952381 0.065174 0.045670 0.066694 0.046706
5 3 51.428570 0.065329 0.046253 0.066304 0.046811
5 4 51.904762 0.064184 0.045238 0.063315 0.044790
5 5 52.380951 0.065160 0.045579 0.065312 0.045594
5 6 52.857143 0.063652 0.044591 0.064777 0.046098
5 7 53.333332 0.064585 0.045225 0.065599 0.046142
5 8 53.809525 0.064136 0.044879 0.065060 0.045593
5 9 54.285713 0.064626 0.045787 0.063487 0.044698
5 10 54.761906 0.066174 0.046340 0.065187 0.045878
5 11 55.238094 0.066049 0.045523 0.065985 0.045535
5 12 55.714287 0.063604 0.044146 0.063202 0.043908
5 13 56.190475 0.062529 0.043985 0.063579 0.045130
5 14 56.666668 0.065320 0.045369 0.063742 0.043813
5 15 57.142857 0.063438 0.044723 0.063339 0.044701
5 16 57.619049 0.063170 0.044729 0.063764 0.045353
5 17 58.095238 0.062346 0.044243 0.062493 0.044418
5 18 58.571430 0.062449 0.043812 0.063414 0.045026
5 19 59.047619 0.062529 0.043747 0.063752 0.045094
5 20 59.523811 0.063336 0.044432 0.063727 0.044361
6 0 60.000000 0.061895 0.043807 0.061832 0.043584
6 1 60.476189 0.062294 0.043770 0.062418 0.044319
6 2 60.952381 0.061884 0.044162 0.063367 0.044925
6 3 61.428570 0.061217 0.043815 0.060849 0.042976
6 4 61.904762 0.062845 0.044487 0.063186 0.044182
6 5 62.380951 0.061687 0.043689 0.061341 0.043218
6 6 62.857143 0.061187 0.043831 0.062422 0.044600
6 7 63.333332 0.063751 0.044449 0.062891 0.043990
6 8 63.809525 0.064618 0.045502 0.062154 0.042778
6 9 64.285713 0.062487 0.044824 0.062323 0.044619
6 10 64.761902 0.060637 0.043054 0.061347 0.043669
6 11 65.238098 0.061816 0.043196 0.062629 0.043940
6 12 65.714287 0.061869 0.044159 0.062034 0.044062
6 13 66.190475 0.061271 0.043647 0.061106 0.043399
6 14 66.666664 0.061981 0.044003 0.061034 0.043316
6 15 67.142860 0.061220 0.043297 0.060534 0.042835
6 16 67.619049 0.060555 0.042971 0.061974 0.044060
6 17 68.095238 0.061776 0.042832 0.062888 0.044000
6 18 68.571426 0.060010 0.042985 0.060512 0.043687
6 19 69.047623 0.061011 0.042748 0.062764 0.044116
6 20 69.523811 0.060764 0.043052 0.061045 0.043114
7 0 70.000000 0.060193 0.042350 0.060491 0.042745
7 1 70.476189 0.060798 0.043458 0.061012 0.043656
7 2 70.952377 0.059992 0.042616 0.060161 0.043095
7 3 71.428574 0.061373 0.043482 0.061482 0.043644
7 4 71.904762 0.060344 0.042661 0.059500 0.041896
7 5 72.380951 0.059262 0.041843 0.060349 0.043200
7 6 72.857140 0.059034 0.041790 0.059344 0.041844
7 7 73.333336 0.060756 0.043966 0.058915 0.041713
7 8 73.809525 0.059888 0.043135 0.060327 0.043050
7 9 74.285713 0.058576 0.042112 0.059242 0.042322
7 10 74.761902 0.059135 0.041981 0.058990 0.041869
7 11 75.238098 0.062405 0.042801 0.061136 0.041968
7 12 75.714287 0.060392 0.043071 0.059747 0.041958
7 13 76.190475 0.060299 0.043045 0.059150 0.042075
7 14 76.666664 0.060003 0.043019 0.060468 0.042975
7 15 77.142860 0.057992 0.041523 0.058003 0.041488
7 16 77.619049 0.060029 0.043041 0.059497 0.042579
7 17 78.095238 0.060653 0.043030 0.060630 0.043024
7 18 78.571426 0.058606 0.042061 0.057818 0.041234
7 19 79.047623 0.060806 0.042630 0.059963 0.041916
7 20 79.523811 0.059817 0.042322 0.059819 0.042463
8 0 80.000000 0.058317 0.041380 0.058259 0.041324
8 1 80.476189 0.058305 0.041830 0.058993 0.041925
8 2 80.952377 0.059745 0.042467 0.059595 0.042376
8 3 81.428574 0.057961 0.040788 0.058420 0.041226
8 4 81.904762 0.058983 0.041809 0.058302 0.041490
8 5 82.380951 0.057735 0.041399 0.057507 0.041216
8 6 82.857140 0.059735 0.042745 0.059794 0.042937
8 7 83.333336 0.056928 0.039944 0.058566 0.041683
8 8 83.809525 0.057539 0.041596 0.057715 0.041353
8 9 84.285713 0.059812 0.042342 0.058796 0.041585
8 10 84.761902 0.057617 0.040947 0.057386 0.040822
8 11 85.238098 0.057397 0.040725 0.058321 0.041095
8 12 85.714287 0.057801 0.042126 0.058159 0.041614
8 13 86.190475 0.057664 0.041576 0.056640 0.040474
8 14 86.666664 0.057463 0.041553 0.056072 0.040434
8 15 87.142860 0.058946 0.041198 0.059067 0.041473
8 16 87.619049 0.057105 0.040503 0.057240 0.040998
8 17 88.095238 0.056911 0.041426 0.056970 0.040829
8 18 88.571426 0.057670 0.041893 0.056094 0.040407
8 19 89.047623 0.058331 0.041786 0.058547 0.041771
8 20 89.523811 0.057041 0.040327 0.058341 0.041799
9 0 90.000000 0.058240 0.040785 0.057375 0.040199
9 1 90.476189 0.056954 0.041373 0.057731 0.041625
9 2 90.952377 0.055317 0.039949 0.056271 0.040673
9 3 91.428574 0.056534 0.040509 0.056209 0.040210
9 4 91.904762 0.055546 0.039923 0.055722 0.040096
9 5 92.380951 0.057265 0.041235 0.055792 0.039848
9 6 92.857140 0.057912 0.040435 0.058655 0.041176
9 7 93.333336 0.056715 0.041180 0.055910 0.040338
9 8 93.809525 0.056563 0.040470 0.056384 0.040200
9 9 94.285713 0.055432 0.039753 0.056577 0.040709
9 10 94.761902 0.056006 0.040235 0.055060 0.039709
9 11 95.238098 0.056006 0.040354 0.056006 0.040280
9 12 95.714287 0.058322 0.042028 0.056307 0.039875
9 13 96.190475 0.055704 0.040195 0.055608 0.040592
9 14 96.666664 0.055400 0.039789 0.055513 0.040076
9 15 97.142860 0.054701 0.039608 0.055947 0.040438
9 16 97.619049 0.054536 0.038749 0.056893 0.040863
9 17 98.095238 0.054597 0.039528 0.054808 0.039560
9 18 98.571426 0.054908 0.039673 0.053934 0.039210
9 19 99.047623 0.054720 0.038949 0.057818 0.041683
9 20 99.523811 0.054369 0.039339 0.054422 0.039379
