0 0 0.000000 0.246001 0.137827 0.246287 0.136835
0 1 0.476190 0.204720 0.133311 0.205107 0.133576
0 2 0.952381 0.202929 0.132607 0.204690 0.133383
0 3 1.428571 0.204849 0.133795 0.200544 0.131191
0 4 1.904762 0.205434 0.134072 0.204974 0.134260
0 5 2.380952 0.202541 0.132969 0.205033 0.134205
0 6 2.857143 0.201945 0.132161 0.204945 0.133932
0 7 3.333333 0.205504 0.134288 0.203776 0.133435
0 8 3.809524 0.200994 0.131333 0.204017 0.132616
0 9 4.285714 0.205429 0.134370 0.205851 0.134136
0 10 4.761905 0.206560 0.134293 0.203843 0.133183
0 11 5.238095 0.201720 0.131851 0.205108 0.134320
0 12 5.714286 0.204381 0.133291 0.204975 0.133421
0 13 6.190476 0.204113 0.134065 0.202754 0.132765
0 14 6.666667 0.204152 0.133077 0.204662 0.133930
0 15 7.142857 0.203603 0.132803 0.204610 0.133497
0 16 7.619048 0.204084 0.133656 0.203221 0.132970
0 17 8.095238 0.202363 0.131804 0.204411 0.133428
0 18 8.571428 0.203617 0.132371 0.204388 0.133100
0 19 9.047619 0.204929 0.133785 0.205845 0.134530
0 20 9.523809 0.202098 0.131987 0.203275 0.132763
1 0 10.000000 0.206290 0.134313 0.200644 0.130657
1 1 10.476191 0.202985 0.132668 0.202766 0.132266
1 2 10.952381 0.203853 0.133480 0.201468 0.131232
1 3 11.428572 0.204787 0.133596 0.200985 0.131214
1 4 11.904762 0.203195 0.132908 0.205221 0.133696
1 5 12.380953 0.206254 0.134919 0.205274 0.133838
1 6 12.857142 0.204080 0.132939 0.206339 0.134531
1 7 13.333333 0.202471 0.132198 0.200537 0.131287
1 8 13.809524 0.205544 0.134003 0.205053 0.134089
1 9 14.285714 0.208447 0.136410 0.206103 0.134555
1 10 14.761905 0.202562 0.132282 0.207065 0.135584
1 11 15.238095 0.203796 0.133039 0.203209 0.133235
1 12 15.714286 0.203176 0.132464 0.203595 0.133184
1 13 16.190475 0.205128 0.134709 0.204193 0.133787
1 14 16.666666 0.203409 0.132915 0.204998 0.134331
1 15 17.142857 0.202774 0.131888 0.203771 0.132901
1 16 17.619047 0.201366 0.131460 0.204227 0.133539
1 17 18.095238 0.202991 0.132871 0.204460 0.134120
1 18 18.571428 0.205990 0.134118 0.204619 0.133409
1 19 19.047619 0.204850 0.133788 0.202951 0.132704
1 20 19.523809 0.202968 0.132284 0.204030 0.133373
2 0 20.000000 0.208954 0.136741 0.204233 0.133237
2 1 20.476191 0.201383 0.131191 0.204448 0.133520
2 2 20.952381 0.202804 0.132710 0.205540 0.134130
2 3 21.428572 0.204543 0.133408 0.204588 0.133658
2 4 21.904762 0.205572 0.133699 0.205462 0.133808
2 5 22.380953 0.204228 0.133298 0.206502 0.134824
2 6 22.857143 0.203631 0.133070 0.204278 0.133732
2 7 23.333334 0.205236 0.133698 0.206110 0.134593
2 8 23.809525 0.200805 0.131036 0.202360 0.132288
2 9 24.285715 0.201171 0.131580 0.205599 0.134161
2 10 24.761906 0.202978 0.132794 0.201782 0.131903
2 11 25.238094 0.202123 0.132405 0.208192 0.136744
2 12 25.714285 0.202031 0.131890 0.205083 0.133516
2 13 26.190475 0.203990 0.133145 0.203241 0.132471
2 14 26.666666 0.205463 0.134473 0.203294 0.132385
2 15 27.142857 0.202791 0.132952 0.200828 0.131250
2 16 27.619047 0.204456 0.133625 0.201715 0.132220
2 17 28.095238 0.205065 0.134439 0.205784 0.134485
2 18 28.571428 0.201320 0.131775 0.201859 0.131943
2 19 29.047619 0.201784 0.131855 0.202249 0.131913
2 20 29.523809 0.204120 0.132973 0.205848 0.134314
3 0 30.000000 0.204914 0.133700 0.203134 0.132276
3 1 30.476191 0.205699 0.134121 0.202304 0.132260
3 2 30.952381 0.204781 0.133382 0.203668 0.133233
3 3 31.428572 0.201975 0.131695 0.202660 0.132215
3 4 31.904762 0.206888 0.135262 0.203417 0.132482
3 5 32.380951 0.203279 0.132567 0.205739 0.134024
3 6 32.857143 0.202769 0.132764 0.205545 0.134760
3 7 33.333332 0.205177 0.133370 0.205664 0.134373
3 8 33.809525 0.202789 0.132674 0.204124 0.132827
3 9 34.285713 0.203203 0.132661 0.206038 0.134683
3 10 34.761906 0.203502 0.132424 0.206197 0.134568
3 11 35.238094 0.202959 0.132918 0.206782 0.134636
3 12 35.714287 0.205675 0.134013 0.207189 0.134698
3 13 36.190475 0.204575 0.133988 0.204200 0.133117
3 14 36.666668 0.203709 0.133065 0.205358 0.134129
3 15 37.142857 0.201780 0.131275 0.203158 0.132588
3 16 37.619049 0.204340 0.134048 0.204301 0.133212
3 17 38.095238 0.206258 0.134585 0.204923 0.133479
3 18 38.571430 0.205650 0.134662 0.205222 0.134010
3 19 39.047619 0.202846 0.132722 0.206605 0.134530
3 20 39.523811 0.204845 0.134083 0.203294 0.133354
4 0 40.000000 0.202437 0.132103 0.203551 0.133248
4 1 40.476189 0.204602 0.133607 0.206672 0.135291
4 2 40.952381 0.204378 0.133428 0.205693 0.134106
4 3 41.428570 0.204418 0.133394 0.203646 0.133215
4 4 41.904762 0.204187 0.133571 0.203237 0.132934
4 5 42.380951 0.204767 0.133242 0.203118 0.132909
4 6 42.857143 0.204947 0.133868 0.204864 0.133592
4 7 43.333332 0.203222 0.132671 0.204829 0.133989
4 8 43.809525 0.203232 0.133442 0.205109 0.133960
4 9 44.285713 0.200427 0.130917 0.205262 0.134245
4 10 44.761906 0.205190 0.133613 0.204181 0.133078
4 11 45.238094 0.203409 0.132484 0.206498 0.134783
4 12 45.714287 0.204603 0.133774 0.206133 0.134742
4 13 46.190475 0.202832 0.132511 0.203670 0.132965
4 14 46.666668 0.206218 0.134564 0.205229 0.133918
4 15 47.142857 0.206382 0.134901 0.204962 0.133841
4 16 47.619049 0.201371 0.131940 0.204129 0.133617
4 17 48.095238 0.206416 0.134567 0.206771 0.134781
4 18 48.571430 0.203809 0.133183 0.206656 0.135183
4 19 49.047619 0.204372 0.133730 0.205497 0.134388
4 20 49.523811 0.203619 0.132896 0.204943 0.133330
5 0 50.000000 0.203160 0.132681 0.205286 0.133960
5 1 50.476189 0.202906 0.132459 0.202204 0.131626
5 2 50.952381 0.203085 0.132624 0.207105 0.134877
5 3 51.428570 0.203955 0.132220 0.205373 0.134685
5 4 51.904762 0.202339 0.132160 0.201651 0.131816
5 5 52.380951 0.202330 0.132145 0.204449 0.133823
5 6 52.857143 0.204204 0.133136 0.203424 0.132835
5 7 53.333332 0.207256 0.134874 0.205709 0.134103
5 8 53.809525 0.207257 0.135122 0.205173 0.134273
5 9 54.285713 0.204823 0.133725 0.203456 0.133463
5 10 54.761906 0.202918 0.132237 0.203135 0.132500
5 11 55.238094 0.202620 0.132104 0.205196 0.133941
5 12 55.714287 0.202193 0.132043 0.204993 0.133985
5 13 56.190475 0.206119 0.134208 0.202380 0.132076
5 14 56.666668 0.204990 0.133506 0.208267 0.135570
5 15 57.142857 0.202044 0.132217 0.201283 0.131260
5 16 57.619049 0.202292 0.132363 0.204188 0.133397
5 17 58.095238 0.205028 0.134142 0.203547 0.132998
5 18 58.571430 0.204595 0.133832 0.204843 0.133927
5 19 59.047619 0.204615 0.134043 0.204289 0.133590
5 20 59.523811 0.204410 0.133292 0.207403 0.135405
6 0 60.000000 0.206433 0.134531 0.199968 0.130856
6 1 60.476189 0.204891 0.133976 0.202970 0.132274
6 2 60.952381 0.202367 0.133436 0.203502 0.132950
6 3 61.428570 0.203976 0.132974 0.205155 0.133728
6 4 61.904762 0.203685 0.133139 0.205965 0.134106
6 5 62.380951 0.204033 0.133342 0.202960 0.132642
6 6 62.857143 0.201671 0.132424 0.203695 0.132935
6 7 63.333332 0.202140 0.131967 0.202869 0.132325
6 8 63.809525 0.203546 0.133248 0.202593 0.132619
6 9 64.285713 0.205594 0.134426 0.203960 0.133129
6 10 64.761902 0.207678 0.135401 0.202927 0.132432
6 11 65.238098 0.202714 0.132285 0.206347 0.134489
6 12 65.714287 0.205302 0.134114 0.206814 0.134868
6 13 66.190475 0.205291 0.134070 0.203944 0.133681
6 14 66.666664 0.204148 0.133323 0.207072 0.135649
6 15 67.142860 0.203620 0.132457 0.203111 0.132561
6 16 67.619049 0.204727 0.133293 0.204097 0.133497
6 17 68.095238 0.206258 0.134707 0.202392 0.132203
6 18 68.571426 0.206065 0.133964 0.205958 0.135011
6 19 69.047623 0.204945 0.133304 0.202760 0.131870
6 20 69.523811 0.204857 0.133858 0.201302 0.130991
7 0 70.000000 0.199715 0.130356 0.204241 0.133588
7 1 70.476189 0.204723 0.133846 0.204762 0.133880
7 2 70.952377 0.206180 0.134642 0.203093 0.132269
7 3 71.428574 0.203710 0.133136 0.206270 0.134351
7 4 71.904762 0.205325 0.134156 0.206325 0.134554
7 5 72.380951 0.203017 0.132641 0.204576 0.134119
7 6 72.857140 0.201045 0.131288 0.203937 0.133425
7 7 73.333336 0.204238 0.133573 0.202174 0.131753
7 8 73.809525 0.203114 0.133071 0.203666 0.132979
7 9 74.285713 0.203241 0.132511 0.203338 0.133056
7 10 74.761902 0.202868 0.132809 0.205179 0.134227
7 11 75.238098 0.204100 0.133159 0.203460 0.133418
7 12 75.714287 0.204667 0.133591 0.204292 0.133337
7 13 76.190475 0.202909 0.132614 0.203223 0.133013
7 14 76.666664 0.203883 0.133544 0.203648 0.133257
7 15 77.142860 0.203779 0.132807 0.203781 0.133131
7 16 77.619049 0.203854 0.133129 0.205506 0.133811
7 17 78.095238 0.203182 0.133178 0.204762 0.134226
7 18 78.571426 0.204742 0.133627 0.206019 0.134369
7 19 79.047623 0.203863 0.133087 0.202191 0.131621
7 20 79.523811 0.204821 0.133475 0.204739 0.133843
8 0 80.000000 0.203828 0.133294 0.202000 0.132196
8 1 80.476189 0.204150 0.133375 0.203433 0.132956
8 2 80.952377 0.205325 0.133905 0.204990 0.134112
8 3 81.428574 0.204835 0.133281 0.204303 0.133187
8 4 81.904762 0.201353 0.131606 0.205035 0.133826
8 5 82.380951 0.202484 0.132396 0.204605 0.133657
8 6 82.857140 0.203175 0.133134 0.204405 0.133706
8 7 83.333336 0.202072 0.132120 0.202825 0.132470
8 8 83.809525 0.204362 0.133652 0.202418 0.132404
8 9 84.285713 0.201857 0.132510 0.204427 0.133693
8 10 84.761902 0.203162 0.132941 0.201281 0.131120
8 11 85.238098 0.201982 0.131952 0.202830 0.132371
8 12 85.714287 0.206211 0.134300 0.202487 0.132320
8 13 86.190475 0.202383 0.132672 0.204498 0.133614
8 14 86.666664 0.203485 0.133279 0.204711 0.134012
8 15 87.142860 0.203675 0.133212 0.203638 0.133594
8 16 87.619049 0.202974 0.132429 0.203663 0.133383
8 17 88.095238 0.203131 0.132803 0.206084 0.134702
8 18 88.571426 0.204337 0.134491 0.201275 0.132312
8 19 89.047623 0.204670 0.133952 0.203104 0.133234
8 20 89.523811 0.206746 0.135270 0.203211 0.132647
9 0 90.000000 0.202890 0.132123 0.206267 0.134492
9 1 90.476189 0.205848 0.134172 0.207232 0.135119
9 2 90.952377 0.207604 0.135674 0.205817 0.134128
9 3 91.428574 0.200992 0.131561 0.204263 0.133153
9 4 91.904762 0.204241 0.133481 0.203908 0.133169
9 5 92.380951 0.204344 0.133219 0.202950 0.132749
9 6 92.857140 0.205730 0.134405 0.203740 0.133095
9 7 93.333336 0.203371 0.132382 0.204115 0.133654
9 8 93.809525 0.204171 0.133249 0.204503 0.133327
9 9 94.285713 0.203198 0.132622 0.205225 0.133453
9 10 94.761902 0.202786 0.132876 0.207328 0.135651
9 11 95.238098 0.203205 0.132932 0.205165 0.133857
9 12 95.714287 0.203713 0.133120 0.203101 0.132784
9 13 96.190475 0.204443 0.133640 0.202494 0.132139
9 14 96.666664 0.204725 0.133573 0.203598 0.132804
9 15 97.142860 0.204471 0.133251 0.203275 0.132705
9 16 97.619049 0.202135 0.132140 0.204443 0.133826
9 17 98.095238 0.204747 0.133607 0.205185 0.133319
9 18 98.571426 0.205458 0.134498 0.204377 0.133539
9 19 99.047623 0.204223 0.133258 0.204521 0.133714
9 20 99.523811 0.203035 0.132831 0.203130 0.132278
