0 -0.942613 2 0.002000
1 -0.932385 1 0.001000
2 -0.922157 0 0.000000
3 -0.911928 0 0.000000
4 -0.901700 0 0.000000
5 -0.891472 0 0.000000
6 -0.881244 0 0.000000
7 -0.871016 0 0.000000
8 -0.860788 0 0.000000
9 -0.850560 0 0.000000
10 -0.840332 0 0.000000
11 -0.830103 0 0.000000
12 -0.819875 0 0.000000
13 -0.809647 0 0.000000
14 -0.799419 0 0.000000
15 -0.789191 0 0.000000
16 -0.778963 0 0.000000
17 -0.768735 0 0.000000
18 -0.758506 0 0.000000
19 -0.748278 0 0.000000
20 -0.738050 0 0.000000
21 -0.727822 0 0.000000
22 -0.717594 0 0.000000
23 -0.707366 0 0.000000
24 -0.697138 0 0.000000
25 -0.686909 0 0.000000
26 -0.676681 0 0.000000
27 -0.666453 0 0.000000
28 -0.656225 0 0.000000
29 -0.645997 0 0.000000
30 -0.635769 0 0.000000
31 -0.625541 0 0.000000
32 -0.615313 0 0.000000
33 -0.605084 0 0.000000
34 -0.594856 0 0.000000
35 -0.584628 0 0.000000
36 -0.574400 0 0.000000
37 -0.564172 0 0.000000
38 -0.553944 0 0.000000
39 -0.543716 0 0.000000
40 -0.533487 0 0.000000
41 -0.523259 0 0.000000
42 -0.513031 0 0.000000
43 -0.502803 0 0.000000
44 -0.492575 0 0.000000
45 -0.482347 0 0.000000
46 -0.472119 0 0.000000
47 -0.461891 0 0.000000
48 -0.451662 0 0.000000
49 -0.441434 0 0.000000
50 -0.431206 0 0.000000
51 -0.420978 0 0.000000
52 -0.410750 0 0.000000
53 -0.400522 0 0.000000
54 -0.390294 0 0.000000
55 -0.380065 0 0.000000
56 -0.369837 0 0.000000
57 -0.359609 0 0.000000
58 -0.349381 0 0.000000
59 -0.339153 0 0.000000
60 -0.328925 0 0.000000
61 -0.318697 0 0.000000
62 -0.308468 0 0.000000
63 -0.298240 0 0.000000
64 -0.288012 0 0.000000
65 -0.277784 0 0.000000
66 -0.267556 0 0.000000
67 -0.257328 0 0.000000
68 -0.247100 0 0.000000
69 -0.236872 0 0.000000
70 -0.226643 0 0.000000
71 -0.216415 0 0.000000
72 -0.206187 0 0.000000
73 -0.195959 0 0.000000
74 -0.185731 0 0.000000
75 -0.175503 0 0.000000
76 -0.165275 0 0.000000
77 -0.155046 0 0.000000
78 -0.144818 0 0.000000
79 -0.134590 0 0.000000
80 -0.124362 0 0.000000
81 -0.114134 0 0.000000
82 -0.103906 0 0.000000
83 -0.093678 0 0.000000
84 -0.083449 0 0.000000
85 -0.073221 0 0.000000
86 -0.062993 0 0.000000
87 -0.052765 0 0.000000
88 -0.042537 0 0.000000
89 -0.032309 0 0.000000
90 -0.022081 10 0.010000
91 -0.011853 255 0.255000
92 -0.001624 649 0.649000
93 0.008604 23 0.023000
94 0.018832 7 0.007000
95 0.029060 17 0.017000
96 0.039288 16 0.016000
97 0.049516 10 0.010000
98 0.059744 9 0.009000
99 0.069973 1 0.001000
