0 -0.167566 1 0.001000
1 -0.164297 0 0.000000
2 -0.161027 0 0.000000
3 -0.157758 1 0.001000
4 -0.154488 0 0.000000
5 -0.151219 0 0.000000
6 -0.147949 1 0.001000
7 -0.144680 0 0.000000
8 -0.141410 0 0.000000
9 -0.138141 0 0.000000
10 -0.134871 1 0.001000
11 -0.131602 0 0.000000
12 -0.128332 0 0.000000
13 -0.125063 0 0.000000
14 -0.121793 0 0.000000
15 -0.118524 0 0.000000
16 -0.115254 1 0.001000
17 -0.111984 1 0.001000
18 -0.108715 1 0.001000
19 -0.105445 1 0.001000
20 -0.102176 0 0.000000
21 -0.098906 1 0.001000
22 -0.095637 0 0.000000
23 -0.092367 3 0.003000
24 -0.089098 3 0.003000
25 -0.085828 1 0.001000
26 -0.082559 2 0.002000
27 -0.079289 0 0.000000
28 -0.076020 3 0.003000
29 -0.072750 3 0.003000
30 -0.069481 3 0.003000
31 -0.066211 2 0.002000
32 -0.062942 2 0.002000
33 -0.059672 5 0.005000
34 -0.056403 11 0.011000
35 -0.053133 11 0.011000
36 -0.049864 5 0.005000
37 -0.046594 11 0.011000
38 -0.043325 10 0.010000
39 -0.040055 6 0.006000
40 -0.036786 12 0.012000
41 -0.033516 18 0.018000
42 -0.030247 23 0.023000
43 -0.026977 25 0.025000
44 -0.023708 26 0.026000
45 -0.020438 29 0.029000
46 -0.017169 45 0.045000
47 -0.013899 42 0.042000
48 -0.010630 46 0.046000
49 -0.007360 42 0.042000
50 -0.004091 47 0.047000
51 -0.000821 48 0.048000
52 0.002449 49 0.049000
53 0.005718 63 0.063000
54 0.008988 60 0.060000
55 0.012257 45 0.045000
56 0.015527 34 0.034000
57 0.018796 41 0.041000
58 0.022066 32 0.032000
59 0.025335 28 0.028000
60 0.028605 17 0.017000
61 0.031874 17 0.017000
62 0.035144 18 0.018000
63 0.038413 14 0.014000
64 0.041683 9 0.009000
65 0.044952 10 0.010000
66 0.048222 11 0.011000
67 0.051491 7 0.007000
68 0.054761 5 0.005000
69 0.058030 9 0.009000
70 0.061300 4 0.004000
71 0.064569 3 0.003000
72 0.067839 4 0.004000
73 0.071108 3 0.003000
74 0.074378 3 0.003000
75 0.077647 2 0.002000
76 0.080917 3 0.003000
77 0.084186 1 0.001000
78 0.087456 0 0.000000
79 0.090725 1 0.001000
80 0.093995 3 0.003000
81 0.097264 1 0.001000
82 0.100534 0 0.000000
83 0.103803 1 0.001000
84 0.107073 0 0.000000
85 0.110342 1 0.001000
86 0.113612 0 0.000000
87 0.116881 3 0.003000
88 0.120151 0 0.000000
89 0.123421 1 0.001000
90 0.126690 1 0.001000
91 0.129960 1 0.001000
92 0.133229 0 0.000000
93 0.136499 0 0.000000
94 0.139768 0 0.000000
95 0.143038 0 0.000000
96 0.146307 1 0.001000
97 0.149577 0 0.000000
98 0.152846 0 0.000000
99 0.156116 1 0.001000
