0 0.000000 2972 0.990667
1 0.008975 19 0.006333
2 0.017950 5 0.001667
3 0.026925 1 0.000333
4 0.035900 0 0.000000
5 0.044875 0 0.000000
6 0.053850 0 0.000000
7 0.062825 0 0.000000
8 0.071800 0 0.000000
9 0.080774 0 0.000000
10 0.089749 0 0.000000
11 0.098724 0 0.000000
12 0.107699 0 0.000000
13 0.116674 0 0.000000
14 0.125649 0 0.000000
15 0.134624 0 0.000000
16 0.143599 0 0.000000
17 0.152574 0 0.000000
18 0.161549 0 0.000000
19 0.170524 0 0.000000
20 0.179499 0 0.000000
21 0.188474 0 0.000000
22 0.197449 0 0.000000
23 0.206424 0 0.000000
24 0.215399 0 0.000000
25 0.224373 0 0.000000
26 0.233348 0 0.000000
27 0.242323 0 0.000000
28 0.251298 0 0.000000
29 0.260273 0 0.000000
30 0.269248 0 0.000000
31 0.278223 0 0.000000
32 0.287198 0 0.000000
33 0.296173 0 0.000000
34 0.305148 0 0.000000
35 0.314123 0 0.000000
36 0.323098 0 0.000000
37 0.332073 0 0.000000
38 0.341048 0 0.000000
39 0.350023 0 0.000000
40 0.358998 0 0.000000
41 0.367973 0 0.000000
42 0.376947 0 0.000000
43 0.385922 0 0.000000
44 0.394897 0 0.000000
45 0.403872 0 0.000000
46 0.412847 0 0.000000
47 0.421822 0 0.000000
48 0.430797 0 0.000000
49 0.439772 0 0.000000
50 0.448747 0 0.000000
51 0.457722 0 0.000000
52 0.466697 0 0.000000
53 0.475672 0 0.000000
54 0.484647 0 0.000000
55 0.493622 0 0.000000
56 0.502597 0 0.000000
57 0.511572 0 0.000000
58 0.520546 0 0.000000
59 0.529521 0 0.000000
60 0.538496 0 0.000000
61 0.547471 0 0.000000
62 0.556446 0 0.000000
63 0.565421 0 0.000000
64 0.574396 0 0.000000
65 0.583371 0 0.000000
66 0.592346 0 0.000000
67 0.601321 0 0.000000
68 0.610296 0 0.000000
69 0.619271 0 0.000000
70 0.628246 0 0.000000
71 0.637221 0 0.000000
72 0.646196 0 0.000000
73 0.655171 0 0.000000
74 0.664146 0 0.000000
75 0.673120 0 0.000000
76 0.682095 0 0.000000
77 0.691070 0 0.000000
78 0.700045 0 0.000000
79 0.709020 0 0.000000
80 0.717995 0 0.000000
81 0.726970 0 0.000000
82 0.735945 0 0.000000
83 0.744920 0 0.000000
84 0.753895 0 0.000000
85 0.762870 0 0.000000
86 0.771845 0 0.000000
87 0.780820 0 0.000000
88 0.789795 0 0.000000
89 0.798770 0 0.000000
90 0.807745 0 0.000000
91 0.816720 0 0.000000
92 0.825694 0 0.000000
93 0.834669 0 0.000000
94 0.843644 0 0.000000
95 0.852619 1 0.000333
96 0.861594 0 0.000000
97 0.870569 0 0.000000
98 0.879544 1 0.000333
99 0.888519 1 0.000333
