0 -0.942613 2 0.000667
1 -0.931515 1 0.000333
2 -0.920416 0 0.000000
3 -0.909318 0 0.000000
4 -0.898220 0 0.000000
5 -0.887122 0 0.000000
6 -0.876023 0 0.000000
7 -0.864925 0 0.000000
8 -0.853827 0 0.000000
9 -0.842728 0 0.000000
10 -0.831630 0 0.000000
11 -0.820532 0 0.000000
12 -0.809434 0 0.000000
13 -0.798335 0 0.000000
14 -0.787237 0 0.000000
15 -0.776139 0 0.000000
16 -0.765041 0 0.000000
17 -0.753942 0 0.000000
18 -0.742844 0 0.000000
19 -0.731746 0 0.000000
20 -0.720648 0 0.000000
21 -0.709549 0 0.000000
22 -0.698451 0 0.000000
23 -0.687353 0 0.000000
24 -0.676254 0 0.000000
25 -0.665156 0 0.000000
26 -0.654058 0 0.000000
27 -0.642960 0 0.000000
28 -0.631861 0 0.000000
29 -0.620763 0 0.000000
30 -0.609665 0 0.000000
31 -0.598567 0 0.000000
32 -0.587468 0 0.000000
33 -0.576370 0 0.000000
34 -0.565272 0 0.000000
35 -0.554173 0 0.000000
36 -0.543075 0 0.000000
37 -0.531977 0 0.000000
38 -0.520879 0 0.000000
39 -0.509780 0 0.000000
40 -0.498682 0 0.000000
41 -0.487584 0 0.000000
42 -0.476486 0 0.000000
43 -0.465387 0 0.000000
44 -0.454289 0 0.000000
45 -0.443191 0 0.000000
46 -0.432093 0 0.000000
47 -0.420994 0 0.000000
48 -0.409896 0 0.000000
49 -0.398798 0 0.000000
50 -0.387699 0 0.000000
51 -0.376601 0 0.000000
52 -0.365503 0 0.000000
53 -0.354405 0 0.000000
54 -0.343306 0 0.000000
55 -0.332208 0 0.000000
56 -0.321110 0 0.000000
57 -0.310012 0 0.000000
58 -0.298913 0 0.000000
59 -0.287815 0 0.000000
60 -0.276717 0 0.000000
61 -0.265619 0 0.000000
62 -0.254520 0 0.000000
63 -0.243422 0 0.000000
64 -0.232324 0 0.000000
65 -0.221225 0 0.000000
66 -0.210127 0 0.000000
67 -0.199029 0 0.000000
68 -0.187931 0 0.000000
69 -0.176832 1 0.000333
70 -0.165734 1 0.000333
71 -0.154636 1 0.000333
72 -0.143538 1 0.000333
73 -0.132439 1 0.000333
74 -0.121341 1 0.000333
75 -0.110243 4 0.001333
76 -0.099144 4 0.001333
77 -0.088046 11 0.003667
78 -0.076948 10 0.003333
79 -0.065850 19 0.006333
80 -0.054751 31 0.010333
81 -0.043653 61 0.020333
82 -0.032555 131 0.043667
83 -0.021457 269 0.089667
84 -0.010358 952 0.317333
85 0.000740 885 0.295000
86 0.011838 265 0.088333
87 0.022936 137 0.045667
88 0.034035 86 0.028667
89 0.045133 54 0.018000
90 0.056231 32 0.010667
91 0.067330 17 0.005667
92 0.078428 5 0.001667
93 0.089526 6 0.002000
94 0.100624 2 0.000667
95 0.111723 4 0.001333
96 0.122821 4 0.001333
97 0.133919 0 0.000000
98 0.145017 1 0.000333
99 0.156116 1 0.000333
