0 -0.135208 1 0.001000
1 -0.132527 0 0.000000
2 -0.129845 0 0.000000
3 -0.127164 0 0.000000
4 -0.124483 0 0.000000
5 -0.121802 0 0.000000
6 -0.119120 0 0.000000
7 -0.116439 0 0.000000
8 -0.113758 0 0.000000
9 -0.111076 1 0.001000
10 -0.108395 0 0.000000
11 -0.105714 0 0.000000
12 -0.103032 0 0.000000
13 -0.100351 0 0.000000
14 -0.097670 0 0.000000
15 -0.094989 0 0.000000
16 -0.092307 0 0.000000
17 -0.089626 0 0.000000
18 -0.086945 1 0.001000
19 -0.084263 2 0.002000
20 -0.081582 2 0.002000
21 -0.078901 0 0.000000
22 -0.076219 0 0.000000
23 -0.073538 0 0.000000
24 -0.070857 1 0.001000
25 -0.068176 0 0.000000
26 -0.065494 1 0.001000
27 -0.062813 1 0.001000
28 -0.060132 0 0.000000
29 -0.057450 1 0.001000
30 -0.054769 0 0.000000
31 -0.052088 1 0.001000
32 -0.049407 2 0.002000
33 -0.046725 0 0.000000
34 -0.044044 4 0.004000
35 -0.041363 5 0.005000
36 -0.038681 10 0.010000
37 -0.036000 3 0.003000
38 -0.033319 6 0.006000
39 -0.030637 14 0.014000
40 -0.027956 13 0.013000
41 -0.025275 11 0.011000
42 -0.022594 25 0.025000
43 -0.019912 24 0.024000
44 -0.017231 30 0.030000
45 -0.014550 33 0.033000
46 -0.011868 57 0.057000
47 -0.009187 66 0.066000
48 -0.006506 69 0.069000
49 -0.003825 76 0.076000
50 -0.001143 102 0.102000
51 0.001538 80 0.080000
52 0.004219 75 0.075000
53 0.006901 54 0.054000
54 0.009582 36 0.036000
55 0.012263 42 0.042000
56 0.014945 37 0.037000
57 0.017626 17 0.017000
58 0.020307 15 0.015000
59 0.022988 12 0.012000
60 0.025670 14 0.014000
61 0.028351 9 0.009000
62 0.031032 7 0.007000
63 0.033714 6 0.006000
64 0.036395 3 0.003000
65 0.039076 5 0.005000
66 0.041757 4 0.004000
67 0.044439 3 0.003000
68 0.047120 3 0.003000
69 0.049801 3 0.003000
70 0.052483 5 0.005000
71 0.055164 0 0.000000
72 0.057845 0 0.000000
73 0.060527 0 0.000000
74 0.063208 1 0.001000
75 0.065889 1 0.001000
76 0.068570 0 0.000000
77 0.071252 0 0.000000
78 0.073933 1 0.001000
79 0.076614 1 0.001000
80 0.079296 0 0.000000
81 0.081977 1 0.001000
82 0.084658 0 0.000000
83 0.087339 0 0.000000
84 0.090021 0 0.000000
85 0.092702 1 0.001000
86 0.095383 0 0.000000
87 0.098065 0 0.000000
88 0.100746 0 0.000000
89 0.103427 0 0.000000
90 0.106109 1 0.001000
91 0.108790 0 0.000000
92 0.111471 0 0.000000
93 0.114152 0 0.000000
94 0.116834 0 0.000000
95 0.119515 0 0.000000
96 0.122196 0 0.000000
97 0.124878 0 0.000000
98 0.127559 0 0.000000
99 0.130240 1 0.001000
