0 0.927559 2 0.002000
1 0.928457 1 0.001000
2 0.929356 0 0.000000
3 0.930254 1 0.001000
4 0.931153 0 0.000000
5 0.932052 3 0.003000
6 0.932950 1 0.001000
7 0.933849 2 0.002000
8 0.934748 0 0.000000
9 0.935646 1 0.001000
10 0.936545 0 0.000000
11 0.937443 1 0.001000
12 0.938342 0 0.000000
13 0.939241 2 0.002000
14 0.940139 1 0.001000
15 0.941038 2 0.002000
16 0.941936 1 0.001000
17 0.942835 0 0.000000
18 0.943734 3 0.003000
19 0.944632 2 0.002000
20 0.945531 0 0.000000
21 0.946429 0 0.000000
22 0.947328 1 0.001000
23 0.948227 0 0.000000
24 0.949125 2 0.002000
25 0.950024 3 0.003000
26 0.950923 0 0.000000
27 0.951821 2 0.002000
28 0.952720 0 0.000000
29 0.953618 2 0.002000
30 0.954517 0 0.000000
31 0.955416 2 0.002000
32 0.956314 3 0.003000
33 0.957213 2 0.002000
34 0.958112 1 0.001000
35 0.959010 0 0.000000
36 0.959909 2 0.002000
37 0.960807 3 0.003000
38 0.961706 1 0.001000
39 0.962605 1 0.001000
40 0.963503 1 0.001000
41 0.964402 2 0.002000
42 0.965300 2 0.002000
43 0.966199 2 0.002000
44 0.967098 2 0.002000
45 0.967996 0 0.000000
46 0.968895 0 0.000000
47 0.969793 1 0.001000
48 0.970692 2 0.002000
49 0.971591 0 0.000000
50 0.972489 2 0.002000
51 0.973388 0 0.000000
52 0.974287 1 0.001000
53 0.975185 0 0.000000
54 0.976084 0 0.000000
55 0.976982 0 0.000000
56 0.977881 3 0.003000
57 0.978780 3 0.003000
58 0.979678 1 0.001000
59 0.980577 3 0.003000
60 0.981475 0 0.000000
61 0.982374 1 0.001000
62 0.983273 2 0.002000
63 0.984171 1 0.001000
64 0.985070 3 0.003000
65 0.985969 1 0.001000
66 0.986867 5 0.005000
67 0.987766 3 0.003000
68 0.988664 12 0.012000
69 0.989563 17 0.017000
70 0.990462 21 0.021000
71 0.991360 32 0.032000
72 0.992259 45 0.045000
73 0.993158 72 0.072000
74 0.994056 88 0.088000
75 0.994955 98 0.098000
76 0.995853 99 0.099000
77 0.996752 72 0.072000
78 0.997651 83 0.083000
79 0.998549 70 0.070000
80 0.999448 47 0.047000
81 1.000346 37 0.037000
82 1.001245 30 0.030000
83 1.002144 25 0.025000
84 1.003042 18 0.018000
85 1.003941 14 0.014000
86 1.004839 6 0.006000
87 1.005738 6 0.006000
88 1.006637 4 0.004000
89 1.007535 4 0.004000
90 1.008434 3 0.003000
91 1.009333 2 0.002000
92 1.010231 3 0.003000
93 1.011130 2 0.002000
94 1.012028 0 0.000000
95 1.012927 0 0.000000
96 1.013826 0 0.000000
97 1.014724 0 0.000000
98 1.015623 0 0.000000
99 1.016521 1 0.001000
