0 0.001813 3 0.003000
1 0.011890 0 0.000000
2 0.021967 0 0.000000
3 0.032044 0 0.000000
4 0.042121 0 0.000000
5 0.052198 0 0.000000
6 0.062275 0 0.000000
7 0.072352 0 0.000000
8 0.082429 0 0.000000
9 0.092506 0 0.000000
10 0.102584 0 0.000000
11 0.112661 0 0.000000
12 0.122738 0 0.000000
13 0.132815 0 0.000000
14 0.142892 0 0.000000
15 0.152969 0 0.000000
16 0.163046 0 0.000000
17 0.173123 0 0.000000
18 0.183200 0 0.000000
19 0.193277 0 0.000000
20 0.203354 0 0.000000
21 0.213431 0 0.000000
22 0.223508 0 0.000000
23 0.233585 0 0.000000
24 0.243662 0 0.000000
25 0.253739 0 0.000000
26 0.263816 0 0.000000
27 0.273893 0 0.000000
28 0.283970 0 0.000000
29 0.294047 0 0.000000
30 0.304124 0 0.000000
31 0.314201 0 0.000000
32 0.324279 0 0.000000
33 0.334356 0 0.000000
34 0.344433 0 0.000000
35 0.354510 0 0.000000
36 0.364587 0 0.000000
37 0.374664 0 0.000000
38 0.384741 0 0.000000
39 0.394818 0 0.000000
40 0.404895 0 0.000000
41 0.414972 0 0.000000
42 0.425049 0 0.000000
43 0.435126 0 0.000000
44 0.445203 0 0.000000
45 0.455280 0 0.000000
46 0.465357 0 0.000000
47 0.475434 0 0.000000
48 0.485511 0 0.000000
49 0.495588 0 0.000000
50 0.505665 0 0.000000
51 0.515742 0 0.000000
52 0.525819 0 0.000000
53 0.535896 0 0.000000
54 0.545974 0 0.000000
55 0.556051 0 0.000000
56 0.566128 0 0.000000
57 0.576205 0 0.000000
58 0.586282 0 0.000000
59 0.596359 0 0.000000
60 0.606436 0 0.000000
61 0.616513 0 0.000000
62 0.626590 0 0.000000
63 0.636667 0 0.000000
64 0.646744 0 0.000000
65 0.656821 0 0.000000
66 0.666898 0 0.000000
67 0.676975 0 0.000000
68 0.687052 0 0.000000
69 0.697129 0 0.000000
70 0.707206 0 0.000000
71 0.717283 0 0.000000
72 0.727360 0 0.000000
73 0.737437 0 0.000000
74 0.747514 0 0.000000
75 0.757592 0 0.000000
76 0.767669 0 0.000000
77 0.777746 0 0.000000
78 0.787823 0 0.000000
79 0.797900 0 0.000000
80 0.807977 0 0.000000
81 0.818054 0 0.000000
82 0.828131 0 0.000000
83 0.838208 0 0.000000
84 0.848285 0 0.000000
85 0.858362 0 0.000000
86 0.868439 0 0.000000
87 0.878516 0 0.000000
88 0.888593 0 0.000000
89 0.898670 0 0.000000
90 0.908747 0 0.000000
91 0.918824 0 0.000000
92 0.928901 0 0.000000
93 0.938978 0 0.000000
94 0.949055 0 0.000000
95 0.959132 0 0.000000
96 0.969209 0 0.000000
97 0.979287 0 0.000000
98 0.989364 996 0.996000
99 0.999441 1 0.001000
