0 0.063317 2 0.000667
1 0.072945 0 0.000000
2 0.082574 1 0.000333
3 0.092202 1 0.000333
4 0.101830 1 0.000333
5 0.111459 1 0.000333
6 0.121087 4 0.001333
7 0.130715 0 0.000000
8 0.140344 1 0.000333
9 0.149972 2 0.000667
10 0.159600 5 0.001667
11 0.169228 4 0.001333
12 0.178857 2 0.000667
13 0.188485 5 0.001667
14 0.198113 4 0.001333
15 0.207742 1 0.000333
16 0.217370 5 0.001667
17 0.226998 9 0.003000
18 0.236627 7 0.002333
19 0.246255 6 0.002000
20 0.255883 9 0.003000
21 0.265512 5 0.001667
22 0.275140 9 0.003000
23 0.284768 12 0.004000
24 0.294397 8 0.002667
25 0.304025 8 0.002667
26 0.313653 9 0.003000
27 0.323282 15 0.005000
28 0.332910 10 0.003333
29 0.342538 12 0.004000
30 0.352167 10 0.003333
31 0.361795 8 0.002667
32 0.371423 17 0.005667
33 0.381052 13 0.004333
34 0.390680 16 0.005333
35 0.400308 34 0.011333
36 0.409937 24 0.008000
37 0.419565 56 0.018667
38 0.429193 106 0.035333
39 0.438822 156 0.052000
40 0.448450 224 0.074667
41 0.458078 257 0.085667
42 0.467707 249 0.083000
43 0.477335 154 0.051333
44 0.486963 107 0.035667
45 0.496592 74 0.024667
46 0.506220 53 0.017667
47 0.515848 40 0.013333
48 0.525477 33 0.011000
49 0.535105 17 0.005667
50 0.544733 18 0.006000
51 0.554362 14 0.004667
52 0.563990 16 0.005333
53 0.573618 13 0.004333
54 0.583247 11 0.003667
55 0.592875 13 0.004333
56 0.602503 9 0.003000
57 0.612132 5 0.001667
58 0.621760 11 0.003667
59 0.631388 5 0.001667
60 0.641017 7 0.002333
61 0.650645 10 0.003333
62 0.660273 10 0.003333
63 0.669902 7 0.002333
64 0.679530 5 0.001667
65 0.689158 3 0.001000
66 0.698787 8 0.002667
67 0.708415 2 0.000667
68 0.718043 6 0.002000
69 0.727672 7 0.002333
70 0.737300 1 0.000333
71 0.746928 0 0.000000
72 0.756557 2 0.000667
73 0.766185 1 0.000333
74 0.775813 1 0.000333
75 0.785442 2 0.000667
76 0.795070 0 0.000000
77 0.804698 1 0.000333
78 0.814327 1 0.000333
79 0.823955 4 0.001333
80 0.833583 0 0.000000
81 0.843212 0 0.000000
82 0.852840 0 0.000000
83 0.862468 1 0.000333
84 0.872097 0 0.000000
85 0.881725 0 0.000000
86 0.891353 0 0.000000
87 0.900982 0 0.000000
88 0.910610 0 0.000000
89 0.920238 3 0.001000
90 0.929867 10 0.003333
91 0.939495 11 0.003667
92 0.949123 17 0.005667
93 0.958751 16 0.005333
94 0.968380 6 0.002000
95 0.978008 22 0.007333
96 0.987637 531 0.177000
97 0.997265 365 0.121667
98 1.006893 18 0.006000
99 1.016521 1 0.000333
