0 0.355293 1 0.001000
1 0.357723 0 0.000000
2 0.360153 0 0.000000
3 0.362583 0 0.000000
4 0.365013 2 0.002000
5 0.367443 0 0.000000
6 0.369873 0 0.000000
7 0.372303 0 0.000000
8 0.374733 0 0.000000
9 0.377163 1 0.001000
10 0.379593 0 0.000000
11 0.382023 0 0.000000
12 0.384453 0 0.000000
13 0.386883 0 0.000000
14 0.389313 2 0.002000
15 0.391743 0 0.000000
16 0.394173 1 0.001000
17 0.396603 0 0.000000
18 0.399033 0 0.000000
19 0.401463 2 0.002000
20 0.403893 1 0.001000
21 0.406323 2 0.002000
22 0.408753 1 0.001000
23 0.411183 1 0.001000
24 0.413613 3 0.003000
25 0.416043 1 0.001000
26 0.418473 6 0.006000
27 0.420903 6 0.006000
28 0.423333 6 0.006000
29 0.425764 7 0.007000
30 0.428194 13 0.013000
31 0.430624 12 0.012000
32 0.433054 18 0.018000
33 0.435484 23 0.023000
34 0.437914 20 0.020000
35 0.440344 17 0.017000
36 0.442774 36 0.036000
37 0.445204 25 0.025000
38 0.447634 35 0.035000
39 0.450064 34 0.034000
40 0.452494 43 0.043000
41 0.454924 46 0.046000
42 0.457354 70 0.070000
43 0.459784 43 0.043000
44 0.462214 48 0.048000
45 0.464644 53 0.053000
46 0.467074 51 0.051000
47 0.469504 46 0.046000
48 0.471934 49 0.049000
49 0.474364 42 0.042000
50 0.476794 32 0.032000
51 0.479224 37 0.037000
52 0.481654 15 0.015000
53 0.484084 20 0.020000
54 0.486514 7 0.007000
55 0.488944 15 0.015000
56 0.491374 11 0.011000
57 0.493804 11 0.011000
58 0.496234 15 0.015000
59 0.498664 9 0.009000
60 0.501094 4 0.004000
61 0.503524 6 0.006000
62 0.505954 7 0.007000
63 0.508384 8 0.008000
64 0.510814 7 0.007000
65 0.513244 3 0.003000
66 0.515674 0 0.000000
67 0.518104 1 0.001000
68 0.520534 4 0.004000
69 0.522964 5 0.005000
70 0.525394 3 0.003000
71 0.527824 0 0.000000
72 0.530254 2 0.002000
73 0.532684 1 0.001000
74 0.535114 1 0.001000
75 0.537544 1 0.001000
76 0.539975 0 0.000000
77 0.542405 0 0.000000
78 0.544835 2 0.002000
79 0.547265 0 0.000000
80 0.549695 0 0.000000
81 0.552125 0 0.000000
82 0.554555 0 0.000000
83 0.556985 0 0.000000
84 0.559415 2 0.002000
85 0.561845 1 0.001000
86 0.564275 1 0.001000
87 0.566705 1 0.001000
88 0.569135 0 0.000000
89 0.571565 0 0.000000
90 0.573995 0 0.000000
91 0.576425 0 0.000000
92 0.578855 0 0.000000
93 0.581285 0 0.000000
94 0.583715 0 0.000000
95 0.586145 0 0.000000
96 0.588575 0 0.000000
97 0.591005 0 0.000000
98 0.593435 0 0.000000
99 0.595865 1 0.001000
