0 0.063317 2 0.002000
1 0.071439 0 0.000000
2 0.079562 1 0.001000
3 0.087684 1 0.001000
4 0.095807 0 0.000000
5 0.103929 2 0.002000
6 0.112052 0 0.000000
7 0.120175 4 0.004000
8 0.128297 0 0.000000
9 0.136420 1 0.001000
10 0.144542 0 0.000000
11 0.152665 2 0.002000
12 0.160787 5 0.005000
13 0.168910 3 0.003000
14 0.177032 3 0.003000
15 0.185155 2 0.002000
16 0.193277 5 0.005000
17 0.201400 2 0.002000
18 0.209522 1 0.001000
19 0.217645 5 0.005000
20 0.225767 6 0.006000
21 0.233890 7 0.007000
22 0.242012 6 0.006000
23 0.250135 5 0.005000
24 0.258257 7 0.007000
25 0.266380 4 0.004000
26 0.274502 7 0.007000
27 0.282625 14 0.014000
28 0.290748 4 0.004000
29 0.298870 8 0.008000
30 0.306993 7 0.007000
31 0.315115 7 0.007000
32 0.323238 13 0.013000
33 0.331360 7 0.007000
34 0.339483 13 0.013000
35 0.347605 9 0.009000
36 0.355728 5 0.005000
37 0.363850 5 0.005000
38 0.371973 16 0.016000
39 0.380095 4 0.004000
40 0.388218 16 0.016000
41 0.396340 16 0.016000
42 0.404463 23 0.023000
43 0.412585 13 0.013000
44 0.420708 21 0.021000
45 0.428830 33 0.033000
46 0.436953 43 0.043000
47 0.445075 47 0.047000
48 0.453198 48 0.048000
49 0.461321 44 0.044000
50 0.469443 52 0.052000
51 0.477566 44 0.044000
52 0.485688 69 0.069000
53 0.493811 29 0.029000
54 0.501933 38 0.038000
55 0.510056 20 0.020000
56 0.518178 26 0.026000
57 0.526301 22 0.022000
58 0.534423 14 0.014000
59 0.542546 13 0.013000
60 0.550668 10 0.010000
61 0.558791 12 0.012000
62 0.566913 9 0.009000
63 0.575036 13 0.013000
64 0.583158 10 0.010000
65 0.591281 7 0.007000
66 0.599403 11 0.011000
67 0.607526 6 0.006000
68 0.615648 4 0.004000
69 0.623771 12 0.012000
70 0.631894 3 0.003000
71 0.640016 4 0.004000
72 0.648139 12 0.012000
73 0.656261 6 0.006000
74 0.664384 5 0.005000
75 0.672506 7 0.007000
76 0.680629 4 0.004000
77 0.688751 4 0.004000
78 0.696874 6 0.006000
79 0.704996 2 0.002000
80 0.713119 2 0.002000
81 0.721241 6 0.006000
82 0.729364 7 0.007000
83 0.737486 1 0.001000
84 0.745609 0 0.000000
85 0.753731 2 0.002000
86 0.761854 1 0.001000
87 0.769976 0 0.000000
88 0.778099 1 0.001000
89 0.786221 2 0.002000
90 0.794344 0 0.000000
91 0.802467 1 0.001000
92 0.810589 0 0.000000
93 0.818712 4 0.004000
94 0.826834 1 0.001000
95 0.834957 0 0.000000
96 0.843079 0 0.000000
97 0.851202 0 0.000000
98 0.859324 0 0.000000
99 0.867447 1 0.001000
