0 0.029860 1 0.001000
1 0.038588 1 0.001000
2 0.047316 0 0.000000
3 0.056043 0 0.000000
4 0.064771 0 0.000000
5 0.073499 1 0.001000
6 0.082227 0 0.000000
7 0.090954 2 0.002000
8 0.099682 1 0.001000
9 0.108410 0 0.000000
10 0.117138 3 0.003000
11 0.125865 2 0.002000
12 0.134593 3 0.003000
13 0.143321 3 0.003000
14 0.152049 1 0.001000
15 0.160776 0 0.000000
16 0.169504 1 0.001000
17 0.178232 6 0.006000
18 0.186960 5 0.005000
19 0.195687 5 0.005000
20 0.204415 5 0.005000
21 0.213143 3 0.003000
22 0.221871 5 0.005000
23 0.230598 6 0.006000
24 0.239326 4 0.004000
25 0.248054 4 0.004000
26 0.256782 8 0.008000
27 0.265509 4 0.004000
28 0.274237 7 0.007000
29 0.282965 10 0.010000
30 0.291692 6 0.006000
31 0.300420 8 0.008000
32 0.309148 13 0.013000
33 0.317876 11 0.011000
34 0.326603 13 0.013000
35 0.335331 8 0.008000
36 0.344059 10 0.010000
37 0.352787 11 0.011000
38 0.361514 10 0.010000
39 0.370242 13 0.013000
40 0.378970 9 0.009000
41 0.387698 16 0.016000
42 0.396425 18 0.018000
43 0.405153 21 0.021000
44 0.413881 20 0.020000
45 0.422609 24 0.024000
46 0.431336 29 0.029000
47 0.440064 48 0.048000
48 0.448792 49 0.049000
49 0.457520 53 0.053000
50 0.466247 54 0.054000
51 0.474975 42 0.042000
52 0.483703 52 0.052000
53 0.492431 56 0.056000
54 0.501158 30 0.030000
55 0.509886 33 0.033000
56 0.518614 24 0.024000
57 0.527342 19 0.019000
58 0.536069 19 0.019000
59 0.544797 19 0.019000
60 0.553525 9 0.009000
61 0.562253 11 0.011000
62 0.570980 13 0.013000
63 0.579708 10 0.010000
64 0.588436 12 0.012000
65 0.597163 7 0.007000
66 0.605891 7 0.007000
67 0.614619 7 0.007000
68 0.623347 10 0.010000
69 0.632074 7 0.007000
70 0.640802 8 0.008000
71 0.649530 7 0.007000
72 0.658258 5 0.005000
73 0.666985 6 0.006000
74 0.675713 4 0.004000
75 0.684441 3 0.003000
76 0.693169 9 0.009000
77 0.701896 3 0.003000
78 0.710624 2 0.002000
79 0.719352 4 0.004000
80 0.728080 4 0.004000
81 0.736807 5 0.005000
82 0.745535 2 0.002000
83 0.754263 3 0.003000
84 0.762991 3 0.003000
85 0.771718 0 0.000000
86 0.780446 1 0.001000
87 0.789174 2 0.002000
88 0.797902 2 0.002000
89 0.806629 1 0.001000
90 0.815357 0 0.000000
91 0.824085 1 0.001000
92 0.832813 1 0.001000
93 0.841540 0 0.000000
94 0.850268 1 0.001000
95 0.858996 0 0.000000
96 0.867724 0 0.000000
97 0.876451 0 0.000000
98 0.885179 0 0.000000
99 0.893907 1 0.001000
