0 0.001813 3 0.001000
1 0.011890 0 0.000000
2 0.021967 1 0.000333
3 0.032044 0 0.000000
4 0.042121 1 0.000333
5 0.052198 0 0.000000
6 0.062275 0 0.000000
7 0.072352 1 0.000333
8 0.082429 1 0.000333
9 0.092506 1 0.000333
10 0.102584 1 0.000333
11 0.112661 2 0.000667
12 0.122738 2 0.000667
13 0.132815 4 0.001333
14 0.142892 3 0.001000
15 0.152969 1 0.000333
16 0.163046 0 0.000000
17 0.173123 5 0.001667
18 0.183200 7 0.002333
19 0.193277 5 0.001667
20 0.203354 6 0.002000
21 0.213431 4 0.001333
22 0.223508 5 0.001667
23 0.233585 5 0.001667
24 0.243662 8 0.002667
25 0.253739 7 0.002333
26 0.263816 6 0.002000
27 0.273893 7 0.002333
28 0.283970 15 0.005000
29 0.294047 6 0.002000
30 0.304124 9 0.003000
31 0.314201 19 0.006333
32 0.324279 15 0.005000
33 0.334356 11 0.003667
34 0.344433 15 0.005000
35 0.354510 20 0.006667
36 0.364587 23 0.007667
37 0.374664 27 0.009000
38 0.384741 26 0.008667
39 0.394818 41 0.013667
40 0.404895 46 0.015333
41 0.414972 51 0.017000
42 0.425049 84 0.028000
43 0.435126 118 0.039333
44 0.445203 156 0.052000
45 0.455280 195 0.065000
46 0.465357 216 0.072000
47 0.475434 141 0.047000
48 0.485511 144 0.048000
49 0.495588 107 0.035667
50 0.505665 75 0.025000
51 0.515742 48 0.016000
52 0.525819 45 0.015000
53 0.535896 34 0.011333
54 0.545974 27 0.009000
55 0.556051 17 0.005667
56 0.566128 22 0.007333
57 0.576205 16 0.005333
58 0.586282 21 0.007000
59 0.596359 13 0.004333
60 0.606436 9 0.003000
61 0.616513 8 0.002667
62 0.626590 13 0.004333
63 0.636667 9 0.003000
64 0.646744 9 0.003000
65 0.656821 7 0.002333
66 0.666898 6 0.002000
67 0.676975 4 0.001333
68 0.687052 8 0.002667
69 0.697129 7 0.002333
70 0.707206 2 0.000667
71 0.717283 5 0.001667
72 0.727360 5 0.001667
73 0.737437 5 0.001667
74 0.747514 1 0.000333
75 0.757592 4 0.001333
76 0.767669 2 0.000667
77 0.777746 1 0.000333
78 0.787823 2 0.000667
79 0.797900 2 0.000667
80 0.807977 1 0.000333
81 0.818054 0 0.000000
82 0.828131 1 0.000333
83 0.838208 1 0.000333
84 0.848285 1 0.000333
85 0.858362 0 0.000000
86 0.868439 0 0.000000
87 0.878516 0 0.000000
88 0.888593 1 0.000333
89 0.898670 0 0.000000
90 0.908747 0 0.000000
91 0.918824 0 0.000000
92 0.928901 0 0.000000
93 0.938978 0 0.000000
94 0.949055 0 0.000000
95 0.959132 0 0.000000
96 0.969209 0 0.000000
97 0.979287 0 0.000000
98 0.989364 996 0.332000
99 0.999441 1 0.000333
