0 0.187727 1 0.001000
1 0.192779 0 0.000000
2 0.197832 0 0.000000
3 0.202885 0 0.000000
4 0.207937 0 0.000000
5 0.212990 0 0.000000
6 0.218043 0 0.000000
7 0.223095 0 0.000000
8 0.228148 0 0.000000
9 0.233201 0 0.000000
10 0.238253 0 0.000000
11 0.243306 0 0.000000
12 0.248359 0 0.000000
13 0.253411 0 0.000000
14 0.258464 0 0.000000
15 0.263517 1 0.001000
16 0.268569 0 0.000000
17 0.273622 0 0.000000
18 0.278675 0 0.000000
19 0.283727 0 0.000000
20 0.288780 0 0.000000
21 0.293833 0 0.000000
22 0.298885 0 0.000000
23 0.303938 1 0.001000
24 0.308991 0 0.000000
25 0.314043 0 0.000000
26 0.319096 0 0.000000
27 0.324149 2 0.002000
28 0.329201 0 0.000000
29 0.334254 1 0.001000
30 0.339306 2 0.002000
31 0.344359 2 0.002000
32 0.349412 3 0.003000
33 0.354464 2 0.002000
34 0.359517 4 0.004000
35 0.364570 6 0.006000
36 0.369622 4 0.004000
37 0.374675 8 0.008000
38 0.379728 5 0.005000
39 0.384780 6 0.006000
40 0.389833 7 0.007000
41 0.394886 11 0.011000
42 0.399938 8 0.008000
43 0.404991 13 0.013000
44 0.410044 12 0.012000
45 0.415096 10 0.010000
46 0.420149 19 0.019000
47 0.425202 19 0.019000
48 0.430254 37 0.037000
49 0.435307 33 0.033000
50 0.440360 31 0.031000
51 0.445412 59 0.059000
52 0.450465 42 0.042000
53 0.455518 43 0.043000
54 0.460570 101 0.101000
55 0.465623 94 0.094000
56 0.470676 53 0.053000
57 0.475728 48 0.048000
58 0.480781 46 0.046000
59 0.485834 35 0.035000
60 0.490886 50 0.050000
61 0.495939 23 0.023000
62 0.500992 22 0.022000
63 0.506044 27 0.027000
64 0.511097 14 0.014000
65 0.516150 12 0.012000
66 0.521202 9 0.009000
67 0.526255 8 0.008000
68 0.531308 11 0.011000
69 0.536360 3 0.003000
70 0.541413 10 0.010000
71 0.546466 6 0.006000
72 0.551518 2 0.002000
73 0.556571 4 0.004000
74 0.561623 4 0.004000
75 0.566676 2 0.002000
76 0.571729 2 0.002000
77 0.576781 4 0.004000
78 0.581834 1 0.001000
79 0.586887 4 0.004000
80 0.591939 3 0.003000
81 0.596992 3 0.003000
82 0.602045 2 0.002000
83 0.607097 0 0.000000
84 0.612150 1 0.001000
85 0.617203 0 0.000000
86 0.622255 0 0.000000
87 0.627308 0 0.000000
88 0.632361 1 0.001000
89 0.637413 1 0.001000
90 0.642466 1 0.001000
91 0.647519 0 0.000000
92 0.652571 0 0.000000
93 0.657624 0 0.000000
94 0.662677 0 0.000000
95 0.667729 0 0.000000
96 0.672782 0 0.000000
97 0.677835 0 0.000000
98 0.682887 0 0.000000
99 0.687940 1 0.001000
