0 0 0.000000 0.203799 0.132289 0.206571 0.133999
0 1 0.476190 0.202856 0.132633 0.200945 0.132386
0 2 0.952381 0.200138 0.131142 0.199139 0.130217
0 3 1.428571 0.198752 0.130884 0.198461 0.130816
0 4 1.904762 0.199849 0.130790 0.199908 0.130708
0 5 2.380952 0.194487 0.127427 0.195608 0.128253
0 6 2.857143 0.194522 0.126411 0.200593 0.130976
0 7 3.333333 0.197939 0.128715 0.195336 0.127565
0 8 3.809524 0.191932 0.126145 0.190944 0.126182
0 9 4.285714 0.191118 0.125806 0.188659 0.123767
0 10 4.761905 0.193035 0.126816 0.194373 0.127505
0 11 5.238095 0.195918 0.127955 0.191591 0.125723
0 12 5.714286 0.190288 0.125083 0.192475 0.126452
0 13 6.190476 0.188845 0.123986 0.189205 0.123955
0 14 6.666667 0.188273 0.124242 0.187989 0.123812
0 15 7.142857 0.187264 0.121916 0.188698 0.123014
0 16 7.619048 0.187924 0.123397 0.189839 0.124067
0 17 8.095238 0.187858 0.123100 0.187221 0.122448
0 18 8.571428 0.187813 0.123848 0.186885 0.122447
0 19 9.047619 0.186273 0.122221 0.185349 0.121489
0 20 9.523809 0.183214 0.120146 0.187566 0.123084
1 0 10.000000 0.185039 0.122160 0.186089 0.122993
1 1 10.476191 0.183292 0.120321 0.184837 0.121477
1 2 10.952381 0.184053 0.120717 0.182375 0.120161
1 3 11.428572 0.183890 0.120562 0.185182 0.121304
1 4 11.904762 0.185632 0.121167 0.179842 0.118207
1 5 12.380953 0.181092 0.119356 0.180353 0.118850
1 6 12.857142 0.182631 0.120330 0.178692 0.117777
1 7 13.333333 0.179082 0.117733 0.179769 0.118141
1 8 13.809524 0.180396 0.118693 0.183442 0.120301
1 9 14.285714 0.182774 0.120140 0.177826 0.117177
1 10 14.761905 0.178164 0.116399 0.180136 0.118047
1 11 15.238095 0.178410 0.117218 0.178411 0.116919
1 12 15.714286 0.179895 0.118604 0.177738 0.116624
1 13 16.190475 0.174801 0.114729 0.179264 0.117591
1 14 16.666666 0.177312 0.116894 0.177913 0.117057
1 15 17.142857 0.178265 0.116863 0.177502 0.116077
1 16 17.619047 0.178828 0.116890 0.178342 0.116369
1 17 18.095238 0.177160 0.116098 0.176755 0.115527
1 18 18.571428 0.174192 0.114810 0.176268 0.116077
1 19 19.047619 0.179461 0.117460 0.177386 0.116151
1 20 19.523809 0.175183 0.115277 0.176146 0.116129
2 0 20.000000 0.175792 0.115668 0.175055 0.115550
2 1 20.476191 0.176227 0.115476 0.173760 0.113826
2 2 20.952381 0.172052 0.113332 0.172884 0.113634
2 3 21.428572 0.174018 0.114712 0.173837 0.114618
2 4 21.904762 0.172348 0.113436 0.171188 0.112643
2 5 22.380953 0.173215 0.113586 0.173587 0.113993
2 6 22.857143 0.173612 0.114236 0.174464 0.114761
2 7 23.333334 0.170384 0.112261 0.173374 0.114411
2 8 23.809525 0.172459 0.112367 0.173038 0.113035
2 9 24.285715 0.169933 0.112392 0.169545 0.111742
2 10 24.761906 0.170296 0.112408 0.169075 0.111683
2 11 25.238094 0.169112 0.111198 0.165992 0.110050
2 12 25.714285 0.169561 0.111507 0.170874 0.112444
2 13 26.190475 0.170352 0.111839 0.170251 0.111796
2 14 26.666666 0.169316 0.111385 0.167425 0.110423
2 15 27.142857 0.165970 0.109084 0.167358 0.110886
2 16 27.619047 0.168204 0.111178 0.166842 0.110073
2 17 28.095238 0.167087 0.110635 0.165594 0.109505
2 18 28.571428 0.168783 0.110434 0.170669 0.111594
2 19 29.047619 0.168280 0.110552 0.166391 0.109584
2 20 29.523809 0.169780 0.111313 0.164875 0.109014
3 0 30.000000 0.168676 0.111555 0.167434 0.110338
3 1 30.476191 0.166041 0.109596 0.166713 0.110126
3 2 30.952381 0.164265 0.108439 0.164434 0.108769
3 3 31.428572 0.163841 0.108664 0.163017 0.107391
3 4 31.904762 0.161799 0.107109 0.162556 0.107450
3 5 32.380951 0.163691 0.108969 0.161932 0.107697
3 6 32.857143 0.161515 0.106665 0.164582 0.108459
3 7 33.333332 0.161799 0.107688 0.161993 0.106724
3 8 33.809525 0.162091 0.106752 0.161779 0.106751
3 9 34.285713 0.158382 0.105078 0.159536 0.105918
3 10 34.761906 0.159635 0.105700 0.158785 0.105128
3 11 35.238094 0.158365 0.104769 0.158603 0.105043
3 12 35.714287 0.160801 0.106047 0.160320 0.105708
3 13 36.190475 0.156444 0.103737 0.157321 0.103954
3 14 36.666668 0.158835 0.104679 0.157373 0.103676
3 15 37.142857 0.155590 0.102472 0.157292 0.103638
3 16 37.619049 0.153986 0.102770 0.154625 0.103059
3 17 38.095238 0.156918 0.103797 0.154724 0.101934
3 18 38.571430 0.155983 0.103550 0.154941 0.102666
3 19 39.047619 0.155036 0.102877 0.153483 0.102132
3 20 39.523811 0.153032 0.101866 0.151596 0.100683
4 0 40.000000 0.152888 0.101434 0.150887 0.100654
4 1 40.476189 0.154204 0.102310 0.153217 0.101637
4 2 40.952381 0.149996 0.099120 0.151817 0.100604
4 3 41.428570 0.152931 0.100281 0.153684 0.100641
4 4 41.904762 0.152178 0.100682 0.149718 0.099291
4 5 42.380951 0.150809 0.100325 0.150462 0.100174
4 6 42.857143 0.147918 0.097720 0.148476 0.098244
4 7 43.333332 0.146824 0.097680 0.149436 0.099220
4 8 43.809525 0.148903 0.098655 0.148899 0.098807
4 9 44.285713 0.147518 0.097698 0.146574 0.097567
4 10 44.761906 0.147358 0.097533 0.146235 0.096933
4 11 45.238094 0.145712 0.095695 0.146664 0.096721
4 12 45.714287 0.149274 0.097470 0.147508 0.096759
4 13 46.190475 0.144789 0.096591 0.143829 0.095932
4 14 46.666668 0.143092 0.094947 0.144384 0.095675
4 15 47.142857 0.143980 0.095611 0.144038 0.095553
4 16 47.619049 0.145566 0.096568 0.145994 0.096515
4 17 48.095238 0.142011 0.093820 0.142340 0.094241
4 18 48.571430 0.145704 0.096595 0.144448 0.095644
4 19 49.047619 0.144354 0.094725 0.143448 0.094062
4 20 49.523811 0.143887 0.096142 0.144530 0.095869
5 0 50.000000 0.146319 0.095625 0.146646 0.095528
5 1 50.476189 0.140308 0.092659 0.143400 0.095228
5 2 50.952381 0.140199 0.093515 0.142800 0.094738
5 3 51.428570 0.142925 0.093912 0.140982 0.092940
5 4 51.904762 0.139988 0.093097 0.142852 0.094344
5 5 52.380951 0.141340 0.093497 0.140003 0.092985
5 6 52.857143 0.142102 0.093537 0.141058 0.093218
5 7 53.333332 0.140300 0.092654 0.139969 0.092270
5 8 53.809525 0.139556 0.091840 0.140819 0.092898
5 9 54.285713 0.142410 0.094367 0.140656 0.093014
5 10 54.761906 0.137710 0.091315 0.136137 0.090697
5 11 55.238094 0.139245 0.091982 0.138316 0.091356
5 12 55.714287 0.138271 0.091545 0.138598 0.091533
5 13 56.190475 0.137001 0.090847 0.136891 0.090288
5 14 56.666668 0.140428 0.091707 0.138488 0.090723
5 15 57.142857 0.135423 0.090170 0.135617 0.090105
5 16 57.619049 0.134161 0.088856 0.136506 0.091097
5 17 58.095238 0.136710 0.090714 0.137473 0.091168
5 18 58.571430 0.137035 0.090584 0.134616 0.089123
5 19 59.047619 0.136226 0.090103 0.135134 0.089392
5 20 59.523811 0.135852 0.088383 0.137084 0.089856
6 0 60.000000 0.134855 0.089100 0.136037 0.089844
6 1 60.476189 0.134900 0.089540 0.135123 0.089835
6 2 60.952381 0.136984 0.089739 0.137445 0.089317
6 3 61.428570 0.134893 0.089294 0.134808 0.089503
6 4 61.904762 0.133918 0.089250 0.135532 0.090022
6 5 62.380951 0.134846 0.089247 0.133364 0.088065
6 6 62.857143 0.132484 0.087838 0.133698 0.088811
6 7 63.333332 0.134836 0.089101 0.135007 0.089085
6 8 63.809525 0.132351 0.087288 0.130504 0.086444
6 9 64.285713 0.131026 0.086886 0.132724 0.088254
6 10 64.761902 0.134326 0.088266 0.132478 0.087426
6 11 65.238098 0.130732 0.086394 0.131123 0.086679
6 12 65.714287 0.129441 0.085763 0.132843 0.087950
6 13 66.190475 0.132334 0.087997 0.130265 0.086791
6 14 66.666664 0.130093 0.086255 0.131177 0.087303
6 15 67.142860 0.130060 0.085985 0.131280 0.086580
6 16 67.619049 0.133474 0.087570 0.133619 0.087796
6 17 68.095238 0.129674 0.086122 0.129081 0.085332
6 18 68.571426 0.130196 0.086039 0.127672 0.084678
6 19 69.047623 0.130954 0.086985 0.131473 0.086958
6 20 69.523811 0.132266 0.086649 0.130060 0.085739
7 0 70.000000 0.129137 0.085872 0.128679 0.085716
7 1 70.476189 0.129574 0.085277 0.129631 0.085663
7 2 70.952377 0.128917 0.085550 0.128902 0.085209
7 3 71.428574 0.126666 0.083305 0.127488 0.084052
7 4 71.904762 0.130129 0.085656 0.131086 0.086241
7 5 72.380951 0.128500 0.085045 0.128807 0.085244
7 6 72.857140 0.127583 0.083400 0.130210 0.085425
7 7 73.333336 0.128416 0.085189 0.126837 0.083505
7 8 73.809525 0.127266 0.084185 0.126801 0.084185
7 9 74.285713 0.127721 0.084426 0.128734 0.085093
7 10 74.761902 0.126634 0.083599 0.127270 0.084890
7 11 75.238098 0.126440 0.083691 0.124987 0.082961
7 12 75.714287 0.124334 0.082470 0.126084 0.083958
7 13 76.190475 0.125043 0.082658 0.128859 0.085196
7 14 76.666664 0.125388 0.082566 0.126089 0.082854
7 15 77.142860 0.125945 0.083055 0.125849 0.083092
7 16 77.619049 0.125181 0.082730 0.124824 0.082466
7 17 78.095238 0.125643 0.083419 0.126275 0.083624
7 18 78.571426 0.124439 0.081943 0.125796 0.082590
7 19 79.047623 0.124609 0.082947 0.125005 0.082704
7 20 79.523811 0.125463 0.083264 0.124950 0.082457
8 0 80.000000 0.124006 0.081924 0.124799 0.082416
8 1 80.476189 0.123703 0.081067 0.125697 0.082303
8 2 80.952377 0.123316 0.081632 0.123232 0.081703
8 3 81.428574 0.124850 0.082472 0.125362 0.082430
8 4 81.904762 0.123284 0.081382 0.124927 0.083148
8 5 82.380951 0.122520 0.081062 0.122497 0.080644
8 6 82.857140 0.122172 0.080635 0.121597 0.080566
8 7 83.333336 0.123103 0.081556 0.121790 0.080746
8 8 83.809525 0.122317 0.081182 0.122744 0.081428
8 9 84.285713 0.121930 0.080964 0.121307 0.080659
8 10 84.761902 0.121756 0.080439 0.120655 0.079837
8 11 85.238098 0.121183 0.079927 0.121557 0.080314
8 12 85.714287 0.121588 0.080804 0.120534 0.079838
8 13 86.190475 0.121429 0.080126 0.120187 0.079013
8 14 86.666664 0.117813 0.077989 0.122045 0.081389
8 15 87.142860 0.120982 0.079626 0.120344 0.078765
8 16 87.619049 0.121149 0.079221 0.120942 0.079503
8 17 88.095238 0.119547 0.079221 0.120476 0.079563
8 18 88.571426 0.121410 0.079024 0.122647 0.079760
8 19 89.047623 0.121359 0.080220 0.123534 0.081705
8 20 89.523811 0.120841 0.080155 0.121391 0.080556
9 0 90.000000 0.118973 0.078304 0.118807 0.078073
9 1 90.476189 0.121357 0.080203 0.120141 0.079429
9 2 90.952377 0.117234 0.077782 0.117466 0.077970
9 3 91.428574 0.118730 0.078305 0.119718 0.078963
9 4 91.904762 0.119972 0.079192 0.118579 0.078292
9 5 92.380951 0.120381 0.079244 0.119221 0.078265
9 6 92.857140 0.116387 0.076837 0.118836 0.078502
9 7 93.333336 0.120931 0.079261 0.118244 0.077573
9 8 93.809525 0.120647 0.079441 0.117970 0.078076
9 9 94.285713 0.118389 0.078666 0.115397 0.076659
9 10 94.761902 0.119414 0.078836 0.116231 0.077069
9 11 95.238098 0.117140 0.077113 0.116224 0.076649
9 12 95.714287 0.117563 0.077886 0.117714 0.077942
9 13 96.190475 0.115861 0.076355 0.117113 0.077289
9 14 96.666664 0.117151 0.077191 0.117063 0.077107
9 15 97.142860 0.116844 0.077481 0.117522 0.077433
9 16 97.619049 0.117908 0.078043 0.117160 0.077578
9 17 98.095238 0.116168 0.076879 0.116526 0.077258
9 18 98.571426 0.117858 0.077494 0.115893 0.076560
9 19 99.047623 0.115869 0.076529 0.115623 0.076644
9 20 99.523811 0.115802 0.076306 0.116747 0.076395
