0 0 0.000000 0.230744 0.135394 0.229466 0.134195
0 1 0.476190 0.201281 0.131612 0.204596 0.133678
0 2 0.952381 0.203917 0.133507 0.204925 0.133601
0 3 1.428571 0.205410 0.133888 0.204362 0.133069
0 4 1.904762 0.204528 0.132790 0.206134 0.134206
0 5 2.380952 0.203690 0.133112 0.204876 0.133898
0 6 2.857143 0.202160 0.131405 0.202514 0.132123
0 7 3.333333 0.203654 0.133257 0.204529 0.133782
0 8 3.809524 0.203563 0.133031 0.204768 0.133451
0 9 4.285714 0.205061 0.133384 0.204571 0.133751
0 10 4.761905 0.202720 0.133227 0.201404 0.131613
0 11 5.238095 0.203103 0.132939 0.204481 0.133992
0 12 5.714286 0.203758 0.133178 0.203699 0.133451
0 13 6.190476 0.203761 0.133512 0.205089 0.134179
0 14 6.666667 0.202777 0.132801 0.204056 0.133117
0 15 7.142857 0.202820 0.132407 0.205869 0.134951
0 16 7.619048 0.204309 0.133510 0.206700 0.134670
0 17 8.095238 0.204370 0.133332 0.201274 0.131602
0 18 8.571428 0.203054 0.132698 0.201665 0.131733
0 19 9.047619 0.205328 0.133603 0.202355 0.131888
0 20 9.523809 0.200678 0.131462 0.203073 0.132881
1 0 10.000000 0.206025 0.134031 0.201484 0.131373
1 1 10.476191 0.202348 0.131842 0.203175 0.132280
1 2 10.952381 0.204926 0.133501 0.203516 0.133048
1 3 11.428572 0.202617 0.132500 0.207336 0.134935
1 4 11.904762 0.203026 0.132400 0.203318 0.133162
1 5 12.380953 0.203941 0.133726 0.204033 0.133378
1 6 12.857142 0.205892 0.134033 0.206731 0.134953
1 7 13.333333 0.204184 0.133420 0.202444 0.132549
1 8 13.809524 0.204677 0.133451 0.206187 0.134456
1 9 14.285714 0.203096 0.132772 0.204322 0.133567
1 10 14.761905 0.205210 0.133992 0.203990 0.133437
1 11 15.238095 0.203355 0.132490 0.204968 0.133521
1 12 15.714286 0.204153 0.133321 0.204439 0.133907
1 13 16.190475 0.204701 0.133934 0.205971 0.134146
1 14 16.666666 0.205543 0.134333 0.205942 0.134650
1 15 17.142857 0.204833 0.133765 0.202437 0.132429
1 16 17.619047 0.203488 0.132548 0.204246 0.133319
1 17 18.095238 0.206299 0.134839 0.202662 0.132935
1 18 18.571428 0.201554 0.131994 0.200835 0.131851
1 19 19.047619 0.203452 0.132855 0.205895 0.134842
1 20 19.523809 0.203667 0.133204 0.203369 0.133010
2 0 20.000000 0.204756 0.133693 0.207053 0.135369
2 1 20.476191 0.204141 0.132611 0.207079 0.134313
2 2 20.952381 0.205614 0.133878 0.202810 0.132181
2 3 21.428572 0.200951 0.130992 0.200391 0.131235
2 4 21.904762 0.201505 0.131419 0.200904 0.131756
2 5 22.380953 0.204991 0.133675 0.203156 0.132409
2 6 22.857143 0.206450 0.134985 0.203810 0.132953
2 7 23.333334 0.202476 0.132090 0.202135 0.132884
2 8 23.809525 0.203303 0.132592 0.206055 0.134777
2 9 24.285715 0.204673 0.134021 0.204362 0.133116
2 10 24.761906 0.202679 0.133073 0.206779 0.134960
2 11 25.238094 0.202151 0.132067 0.204909 0.133652
2 12 25.714285 0.205155 0.134151 0.204190 0.132954
2 13 26.190475 0.203380 0.132430 0.203726 0.132945
2 14 26.666666 0.206220 0.134357 0.202305 0.131692
2 15 27.142857 0.205547 0.134132 0.205723 0.134626
2 16 27.619047 0.202494 0.133065 0.203574 0.133205
2 17 28.095238 0.207845 0.135694 0.206660 0.134664
2 18 28.571428 0.206767 0.135031 0.207529 0.135659
2 19 29.047619 0.205676 0.134848 0.201522 0.131911
2 20 29.523809 0.200733 0.132095 0.203676 0.133437
3 0 30.000000 0.202854 0.132862 0.204102 0.133340
3 1 30.476191 0.205207 0.134223 0.204537 0.133579
3 2 30.952381 0.202648 0.132633 0.202066 0.132038
3 3 31.428572 0.207492 0.134946 0.203178 0.132531
3 4 31.904762 0.204478 0.133783 0.204355 0.133707
3 5 32.380951 0.205035 0.133767 0.204494 0.132989
3 6 32.857143 0.205525 0.133960 0.204396 0.133283
3 7 33.333332 0.205012 0.134289 0.204057 0.133341
3 8 33.809525 0.203377 0.132651 0.203605 0.133267
3 9 34.285713 0.204780 0.133582 0.204364 0.133605
3 10 34.761906 0.200461 0.131322 0.205676 0.134973
3 11 35.238094 0.204810 0.133875 0.202604 0.132381
3 12 35.714287 0.205930 0.134314 0.207012 0.135130
3 13 36.190475 0.200565 0.130601 0.203616 0.132630
3 14 36.666668 0.203596 0.133137 0.202319 0.132276
3 15 37.142857 0.203591 0.132670 0.204724 0.132885
3 16 37.619049 0.202801 0.132501 0.204024 0.133412
3 17 38.095238 0.202612 0.132118 0.206131 0.134700
3 18 38.571430 0.205064 0.134007 0.205703 0.133885
3 19 39.047619 0.201954 0.131992 0.204869 0.133826
3 20 39.523811 0.201748 0.132249 0.203083 0.133508
4 0 40.000000 0.203965 0.132744 0.204451 0.133151
4 1 40.476189 0.204866 0.133983 0.202629 0.132168
4 2 40.952381 0.204131 0.133338 0.206946 0.135026
4 3 41.428570 0.203561 0.133029 0.203973 0.133223
4 4 41.904762 0.202999 0.132476 0.202993 0.132862
4 5 42.380951 0.205085 0.134212 0.207167 0.135426
4 6 42.857143 0.204831 0.133439 0.203443 0.133093
4 7 43.333332 0.205668 0.134290 0.204135 0.133441
4 8 43.809525 0.202666 0.132562 0.202239 0.132144
4 9 44.285713 0.204070 0.133261 0.204929 0.133962
4 10 44.761906 0.201269 0.131605 0.203812 0.133152
4 11 45.238094 0.205505 0.133929 0.204682 0.133169
4 12 45.714287 0.205265 0.133446 0.204452 0.132746
4 13 46.190475 0.202969 0.132866 0.205156 0.134057
4 14 46.666668 0.202211 0.132277 0.205340 0.134342
4 15 47.142857 0.203559 0.133154 0.203777 0.133003
4 16 47.619049 0.202406 0.132525 0.206325 0.135418
4 17 48.095238 0.202044 0.132177 0.202320 0.131840
4 18 48.571430 0.202663 0.132838 0.204871 0.133312
4 19 49.047619 0.201801 0.131628 0.201071 0.131516
4 20 49.523811 0.204545 0.133325 0.206717 0.134829
5 0 50.000000 0.203237 0.132938 0.202361 0.132100
5 1 50.476189 0.203413 0.132460 0.206189 0.134257
5 2 50.952381 0.203927 0.133080 0.203942 0.132910
5 3 51.428570 0.206228 0.134376 0.201974 0.131678
5 4 51.904762 0.204695 0.132838 0.205439 0.134059
5 5 52.380951 0.203917 0.133130 0.205099 0.134003
5 6 52.857143 0.202885 0.132288 0.207273 0.134916
5 7 53.333332 0.203538 0.132115 0.203626 0.133076
5 8 53.809525 0.203905 0.133561 0.207449 0.136353
5 9 54.285713 0.205394 0.134283 0.203633 0.132939
5 10 54.761906 0.205081 0.134096 0.205258 0.133744
5 11 55.238094 0.202485 0.131967 0.204878 0.133966
5 12 55.714287 0.202732 0.132280 0.204469 0.133774
5 13 56.190475 0.201974 0.132734 0.202772 0.132969
5 14 56.666668 0.203474 0.133321 0.201914 0.132141
5 15 57.142857 0.203361 0.132733 0.201842 0.132386
5 16 57.619049 0.204178 0.133741 0.203359 0.132873
5 17 58.095238 0.205325 0.134353 0.203211 0.132868
5 18 58.571430 0.202436 0.132640 0.202396 0.132076
5 19 59.047619 0.203957 0.132926 0.204479 0.133876
5 20 59.523811 0.203789 0.132662 0.205331 0.133975
6 0 60.000000 0.203001 0.132841 0.205365 0.134250
6 1 60.476189 0.205495 0.133640 0.205076 0.133614
6 2 60.952381 0.204353 0.133354 0.204413 0.133342
6 3 61.428570 0.202760 0.132648 0.204115 0.133029
6 4 61.904762 0.204415 0.133409 0.204492 0.133673
6 5 62.380951 0.203737 0.133186 0.204142 0.133356
6 6 62.857143 0.205751 0.134497 0.202210 0.132300
6 7 63.333332 0.202646 0.132244 0.205546 0.133739
6 8 63.809525 0.205808 0.134575 0.205071 0.134049
6 9 64.285713 0.204872 0.133808 0.203811 0.133129
6 10 64.761902 0.203145 0.132901 0.204302 0.133648
6 11 65.238098 0.201902 0.132135 0.204770 0.133732
6 12 65.714287 0.204637 0.133605 0.205778 0.134619
6 13 66.190475 0.205867 0.134858 0.206492 0.134777
6 14 66.666664 0.203663 0.132838 0.202989 0.132567
6 15 67.142860 0.202730 0.132882 0.202732 0.132690
6 16 67.619049 0.204563 0.133851 0.201978 0.132238
6 17 68.095238 0.207562 0.135114 0.202838 0.132102
6 18 68.571426 0.204795 0.133981 0.203135 0.133055
6 19 69.047623 0.206932 0.134549 0.203947 0.132361
6 20 69.523811 0.204350 0.133446 0.205517 0.134111
7 0 70.000000 0.204730 0.133808 0.201875 0.131385
7 1 70.476189 0.205106 0.133893 0.206205 0.134186
7 2 70.952377 0.202857 0.132412 0.204912 0.133214
7 3 71.428574 0.203092 0.132416 0.205635 0.133920
7 4 71.904762 0.203504 0.133420 0.203067 0.132451
7 5 72.380951 0.207118 0.135224 0.205119 0.133496
7 6 72.857140 0.203421 0.133356 0.200735 0.131257
7 7 73.333336 0.203609 0.132766 0.205525 0.134020
7 8 73.809525 0.203170 0.132737 0.202958 0.132483
7 9 74.285713 0.202893 0.132402 0.206569 0.135129
7 10 74.761902 0.204952 0.133534 0.204328 0.133062
7 11 75.238098 0.204294 0.133445 0.205549 0.134352
7 12 75.714287 0.203529 0.132754 0.204332 0.133551
7 13 76.190475 0.206857 0.134577 0.206873 0.134396
7 14 76.666664 0.205436 0.133807 0.203344 0.132350
7 15 77.142860 0.203358 0.132578 0.203886 0.133409
7 16 77.619049 0.203072 0.132984 0.203821 0.133584
7 17 78.095238 0.205934 0.134619 0.205136 0.134282
7 18 78.571426 0.202973 0.132753 0.202177 0.132750
7 19 79.047623 0.202219 0.132850 0.205352 0.133940
7 20 79.523811 0.204073 0.133120 0.202905 0.132597
8 0 80.000000 0.200938 0.131033 0.204208 0.133111
8 1 80.476189 0.204038 0.133728 0.206295 0.134517
8 2 80.952377 0.204985 0.133800 0.204867 0.133980
8 3 81.428574 0.203702 0.132921 0.205438 0.133505
8 4 81.904762 0.203563 0.133565 0.205326 0.134160
8 5 82.380951 0.205538 0.134130 0.202168 0.131843
8 6 82.857140 0.206376 0.134760 0.205261 0.133718
8 7 83.333336 0.204474 0.133488 0.203337 0.133349
8 8 83.809525 0.204028 0.134007 0.203274 0.133230
8 9 84.285713 0.203619 0.132565 0.204309 0.133598
8 10 84.761902 0.200983 0.130901 0.203045 0.132264
8 11 85.238098 0.205118 0.134237 0.208785 0.136880
8 12 85.714287 0.202471 0.132457 0.204437 0.133717
8 13 86.190475 0.204700 0.133620 0.204808 0.134117
8 14 86.666664 0.203613 0.132996 0.202215 0.132505
8 15 87.142860 0.206872 0.134939 0.204592 0.133624
8 16 87.619049 0.202597 0.132860 0.205011 0.134096
8 17 88.095238 0.203122 0.132634 0.203266 0.132970
8 18 88.571426 0.204764 0.133770 0.205070 0.133626
8 19 89.047623 0.203083 0.133029 0.204632 0.134185
8 20 89.523811 0.203716 0.133365 0.203163 0.132793
9 0 90.000000 0.205151 0.133586 0.204090 0.133618
9 1 90.476189 0.202687 0.132273 0.205441 0.133948
9 2 90.952377 0.202346 0.132453 0.205324 0.134730
9 3 91.428574 0.203710 0.133237 0.202314 0.131644
9 4 91.904762 0.199889 0.130641 0.203552 0.132685
9 5 92.380951 0.204241 0.133319 0.204758 0.133726
9 6 92.857140 0.203981 0.133326 0.201637 0.132561
9 7 93.333336 0.202299 0.132174 0.205653 0.134593
9 8 93.809525 0.201905 0.131872 0.205086 0.133826
9 9 94.285713 0.204554 0.133974 0.204436 0.133470
9 10 94.761902 0.204786 0.134042 0.202630 0.132250
9 11 95.238098 0.204819 0.134204 0.203670 0.133098
9 12 95.714287 0.203160 0.132295 0.203202 0.132905
9 13 96.190475 0.206238 0.134568 0.203040 0.132683
9 14 96.666664 0.206081 0.134315 0.202805 0.132273
9 15 97.142860 0.207824 0.135201 0.204196 0.133335
9 16 97.619049 0.202694 0.132537 0.201475 0.131090
9 17 98.095238 0.202837 0.132969 0.204667 0.133967
9 18 98.571426 0.203393 0.132362 0.204797 0.133500
9 19 99.047623 0.204084 0.132995 0.203031 0.132480
9 20 99.523811 0.204023 0.132922 0.204216 0.133371
