0 0.000000 2945 0.981667
1 0.009217 39 0.013000
2 0.018433 7 0.002333
3 0.027650 4 0.001333
4 0.036867 2 0.000667
5 0.046084 1 0.000333
6 0.055300 0 0.000000
7 0.064517 0 0.000000
8 0.073734 0 0.000000
9 0.082950 0 0.000000
10 0.092167 0 0.000000
11 0.101384 0 0.000000
12 0.110601 0 0.000000
13 0.119817 0 0.000000
14 0.129034 0 0.000000
15 0.138251 0 0.000000
16 0.147468 0 0.000000
17 0.156684 0 0.000000
18 0.165901 0 0.000000
19 0.175118 0 0.000000
20 0.184334 0 0.000000
21 0.193551 0 0.000000
22 0.202768 0 0.000000
23 0.211985 0 0.000000
24 0.221201 0 0.000000
25 0.230418 0 0.000000
26 0.239635 0 0.000000
27 0.248851 0 0.000000
28 0.258068 0 0.000000
29 0.267285 0 0.000000
30 0.276502 0 0.000000
31 0.285718 0 0.000000
32 0.294935 0 0.000000
33 0.304152 0 0.000000
34 0.313369 0 0.000000
35 0.322585 0 0.000000
36 0.331802 0 0.000000
37 0.341019 0 0.000000
38 0.350235 0 0.000000
39 0.359452 0 0.000000
40 0.368669 0 0.000000
41 0.377886 0 0.000000
42 0.387102 0 0.000000
43 0.396319 0 0.000000
44 0.405536 0 0.000000
45 0.414752 0 0.000000
46 0.423969 0 0.000000
47 0.433186 0 0.000000
48 0.442403 0 0.000000
49 0.451619 0 0.000000
50 0.460836 0 0.000000
51 0.470053 0 0.000000
52 0.479270 0 0.000000
53 0.488486 0 0.000000
54 0.497703 0 0.000000
55 0.506920 0 0.000000
56 0.516136 0 0.000000
57 0.525353 0 0.000000
58 0.534570 0 0.000000
59 0.543787 0 0.000000
60 0.553003 0 0.000000
61 0.562220 0 0.000000
62 0.571437 0 0.000000
63 0.580653 0 0.000000
64 0.589870 0 0.000000
65 0.599087 0 0.000000
66 0.608304 0 0.000000
67 0.617520 0 0.000000
68 0.626737 0 0.000000
69 0.635954 0 0.000000
70 0.645171 0 0.000000
71 0.654387 0 0.000000
72 0.663604 0 0.000000
73 0.672821 0 0.000000
74 0.682037 0 0.000000
75 0.691254 0 0.000000
76 0.700471 0 0.000000
77 0.709688 0 0.000000
78 0.718904 0 0.000000
79 0.728121 0 0.000000
80 0.737338 0 0.000000
81 0.746554 0 0.000000
82 0.755771 0 0.000000
83 0.764988 0 0.000000
84 0.774205 0 0.000000
85 0.783421 0 0.000000
86 0.792638 0 0.000000
87 0.801855 0 0.000000
88 0.811071 0 0.000000
89 0.820288 0 0.000000
90 0.829505 0 0.000000
91 0.838722 0 0.000000
92 0.847938 0 0.000000
93 0.857155 0 0.000000
94 0.866372 0 0.000000
95 0.875589 1 0.000333
96 0.884805 0 0.000000
97 0.894022 0 0.000000
98 0.903239 0 0.000000
99 0.912455 1 0.000333
