0 -0.140739 1 0.001000
1 -0.138269 0 0.000000
2 -0.135798 0 0.000000
3 -0.133328 0 0.000000
4 -0.130858 0 0.000000
5 -0.128388 0 0.000000
6 -0.125918 0 0.000000
7 -0.123448 0 0.000000
8 -0.120978 0 0.000000
9 -0.118508 0 0.000000
10 -0.116038 0 0.000000
11 -0.113568 0 0.000000
12 -0.111097 0 0.000000
13 -0.108627 2 0.002000
14 -0.106157 0 0.000000
15 -0.103687 0 0.000000
16 -0.101217 1 0.001000
17 -0.098747 0 0.000000
18 -0.096277 0 0.000000
19 -0.093807 2 0.002000
20 -0.091337 0 0.000000
21 -0.088867 0 0.000000
22 -0.086397 1 0.001000
23 -0.083926 0 0.000000
24 -0.081456 3 0.003000
25 -0.078986 0 0.000000
26 -0.076516 2 0.002000
27 -0.074046 2 0.002000
28 -0.071576 1 0.001000
29 -0.069106 1 0.001000
30 -0.066636 3 0.003000
31 -0.064166 0 0.000000
32 -0.061696 0 0.000000
33 -0.059225 5 0.005000
34 -0.056755 1 0.001000
35 -0.054285 2 0.002000
36 -0.051815 1 0.001000
37 -0.049345 4 0.004000
38 -0.046875 6 0.006000
39 -0.044405 5 0.005000
40 -0.041935 6 0.006000
41 -0.039465 4 0.004000
42 -0.036995 10 0.010000
43 -0.034524 11 0.011000
44 -0.032054 4 0.004000
45 -0.029584 9 0.009000
46 -0.027114 14 0.014000
47 -0.024644 19 0.019000
48 -0.022174 20 0.020000
49 -0.019704 28 0.028000
50 -0.017234 29 0.029000
51 -0.014764 39 0.039000
52 -0.012294 49 0.049000
53 -0.009823 61 0.061000
54 -0.007353 72 0.072000
55 -0.004883 62 0.062000
56 -0.002413 68 0.068000
57 0.000057 64 0.064000
58 0.002527 65 0.065000
59 0.004997 55 0.055000
60 0.007467 43 0.043000
61 0.009937 35 0.035000
62 0.012407 39 0.039000
63 0.014878 23 0.023000
64 0.017348 20 0.020000
65 0.019818 14 0.014000
66 0.022288 11 0.011000
67 0.024758 12 0.012000
68 0.027228 6 0.006000
69 0.029698 7 0.007000
70 0.032168 10 0.010000
71 0.034638 9 0.009000
72 0.037108 8 0.008000
73 0.039579 4 0.004000
74 0.042049 2 0.002000
75 0.044519 3 0.003000
76 0.046989 4 0.004000
77 0.049459 3 0.003000
78 0.051929 2 0.002000
79 0.054399 1 0.001000
80 0.056869 1 0.001000
81 0.059339 2 0.002000
82 0.061809 2 0.002000
83 0.064279 1 0.001000
84 0.066750 0 0.000000
85 0.069220 1 0.001000
86 0.071690 0 0.000000
87 0.074160 0 0.000000
88 0.076630 0 0.000000
89 0.079100 0 0.000000
90 0.081570 0 0.000000
91 0.084040 0 0.000000
92 0.086510 1 0.001000
93 0.088980 1 0.001000
94 0.091451 0 0.000000
95 0.093921 0 0.000000
96 0.096391 1 0.001000
97 0.098861 1 0.001000
98 0.101331 0 0.000000
99 0.103801 1 0.001000
