0 -0.192454 1 0.001000
1 -0.188254 0 0.000000
2 -0.184053 0 0.000000
3 -0.179853 0 0.000000
4 -0.175653 1 0.001000
5 -0.171453 0 0.000000
6 -0.167252 0 0.000000
7 -0.163052 0 0.000000
8 -0.158852 0 0.000000
9 -0.154652 1 0.001000
10 -0.150451 0 0.000000
11 -0.146251 1 0.001000
12 -0.142051 1 0.001000
13 -0.137851 1 0.001000
14 -0.133650 0 0.000000
15 -0.129450 1 0.001000
16 -0.125250 1 0.001000
17 -0.121050 0 0.000000
18 -0.116850 1 0.001000
19 -0.112649 1 0.001000
20 -0.108449 1 0.001000
21 -0.104249 2 0.002000
22 -0.100049 3 0.003000
23 -0.095848 2 0.002000
24 -0.091648 6 0.006000
25 -0.087448 0 0.000000
26 -0.083248 6 0.006000
27 -0.079047 7 0.007000
28 -0.074847 5 0.005000
29 -0.070647 5 0.005000
30 -0.066447 8 0.008000
31 -0.062246 14 0.014000
32 -0.058046 9 0.009000
33 -0.053846 14 0.014000
34 -0.049646 14 0.014000
35 -0.045446 13 0.013000
36 -0.041245 21 0.021000
37 -0.037045 26 0.026000
38 -0.032845 19 0.019000
39 -0.028645 29 0.029000
40 -0.024444 32 0.032000
41 -0.020244 40 0.040000
42 -0.016044 64 0.064000
43 -0.011844 42 0.042000
44 -0.007643 60 0.060000
45 -0.003443 59 0.059000
46 0.000757 62 0.062000
47 0.004957 60 0.060000
48 0.009158 61 0.061000
49 0.013358 39 0.039000
50 0.017558 31 0.031000
51 0.021758 41 0.041000
52 0.025958 25 0.025000
53 0.030159 23 0.023000
54 0.034359 18 0.018000
55 0.038559 24 0.024000
56 0.042759 17 0.017000
57 0.046960 16 0.016000
58 0.051160 8 0.008000
59 0.055360 8 0.008000
60 0.059560 5 0.005000
61 0.063761 5 0.005000
62 0.067961 2 0.002000
63 0.072161 5 0.005000
64 0.076361 2 0.002000
65 0.080562 3 0.003000
66 0.084762 1 0.001000
67 0.088962 3 0.003000
68 0.093162 3 0.003000
69 0.097362 3 0.003000
70 0.101563 5 0.005000
71 0.105763 2 0.002000
72 0.109963 0 0.000000
73 0.114163 1 0.001000
74 0.118364 1 0.001000
75 0.122564 2 0.002000
76 0.126764 3 0.003000
77 0.130964 2 0.002000
78 0.135165 0 0.000000
79 0.139365 2 0.002000
80 0.143565 0 0.000000
81 0.147765 0 0.000000
82 0.151966 0 0.000000
83 0.156166 0 0.000000
84 0.160366 1 0.001000
85 0.164566 0 0.000000
86 0.168766 0 0.000000
87 0.172967 2 0.002000
88 0.177167 0 0.000000
89 0.181367 0 0.000000
90 0.185567 1 0.001000
91 0.189768 0 0.000000
92 0.193968 0 0.000000
93 0.198168 0 0.000000
94 0.202368 1 0.001000
95 0.206569 0 0.000000
96 0.210769 0 0.000000
97 0.214969 0 0.000000
98 0.219169 1 0.001000
99 0.223370 0 0.000000
