0 -0.955225 1 0.000333
1 -0.943320 1 0.000333
2 -0.931415 0 0.000000
3 -0.919510 0 0.000000
4 -0.907605 0 0.000000
5 -0.895700 0 0.000000
6 -0.883795 0 0.000000
7 -0.871890 0 0.000000
8 -0.859985 0 0.000000
9 -0.848080 0 0.000000
10 -0.836175 0 0.000000
11 -0.824270 0 0.000000
12 -0.812365 0 0.000000
13 -0.800460 0 0.000000
14 -0.788555 0 0.000000
15 -0.776650 0 0.000000
16 -0.764745 0 0.000000
17 -0.752840 0 0.000000
18 -0.740935 0 0.000000
19 -0.729030 0 0.000000
20 -0.717125 0 0.000000
21 -0.705220 0 0.000000
22 -0.693315 0 0.000000
23 -0.681410 0 0.000000
24 -0.669505 0 0.000000
25 -0.657600 0 0.000000
26 -0.645695 0 0.000000
27 -0.633790 0 0.000000
28 -0.621885 0 0.000000
29 -0.609980 0 0.000000
30 -0.598075 0 0.000000
31 -0.586170 0 0.000000
32 -0.574265 0 0.000000
33 -0.562360 0 0.000000
34 -0.550455 0 0.000000
35 -0.538550 0 0.000000
36 -0.526645 0 0.000000
37 -0.514740 0 0.000000
38 -0.502835 0 0.000000
39 -0.490930 0 0.000000
40 -0.479025 0 0.000000
41 -0.467120 0 0.000000
42 -0.455215 0 0.000000
43 -0.443310 0 0.000000
44 -0.431405 0 0.000000
45 -0.419500 0 0.000000
46 -0.407595 0 0.000000
47 -0.395690 0 0.000000
48 -0.383785 0 0.000000
49 -0.371880 0 0.000000
50 -0.359975 0 0.000000
51 -0.348070 0 0.000000
52 -0.336165 0 0.000000
53 -0.324260 0 0.000000
54 -0.312355 0 0.000000
55 -0.300450 0 0.000000
56 -0.288545 0 0.000000
57 -0.276640 0 0.000000
58 -0.264735 0 0.000000
59 -0.252830 0 0.000000
60 -0.240925 0 0.000000
61 -0.229020 0 0.000000
62 -0.217115 0 0.000000
63 -0.205210 0 0.000000
64 -0.193305 1 0.000333
65 -0.181400 1 0.000333
66 -0.169495 0 0.000000
67 -0.157590 1 0.000333
68 -0.145685 4 0.001333
69 -0.133780 2 0.000667
70 -0.121875 2 0.000667
71 -0.109970 6 0.002000
72 -0.098065 13 0.004333
73 -0.086160 20 0.006667
74 -0.074255 23 0.007667
75 -0.062350 42 0.014000
76 -0.050445 69 0.023000
77 -0.038540 102 0.034000
78 -0.026635 210 0.070000
79 -0.014730 661 0.220333
80 -0.002825 1167 0.389000
81 0.009080 285 0.095000
82 0.020985 142 0.047333
83 0.032890 113 0.037667
84 0.044795 54 0.018000
85 0.056700 30 0.010000
86 0.068605 8 0.002667
87 0.080510 9 0.003000
88 0.092414 10 0.003333
89 0.104320 6 0.002000
90 0.116225 5 0.001667
91 0.128129 4 0.001333
92 0.140035 2 0.000667
93 0.151940 1 0.000333
94 0.163845 1 0.000333
95 0.175750 1 0.000333
96 0.187654 1 0.000333
97 0.199560 1 0.000333
98 0.211465 0 0.000000
99 0.223369 1 0.000333
