0 -0.955225 1 0.001000
1 -0.944903 1 0.001000
2 -0.934581 0 0.000000
3 -0.924259 0 0.000000
4 -0.913937 0 0.000000
5 -0.903615 0 0.000000
6 -0.893293 0 0.000000
7 -0.882971 0 0.000000
8 -0.872649 0 0.000000
9 -0.862327 0 0.000000
10 -0.852005 0 0.000000
11 -0.841683 0 0.000000
12 -0.831361 0 0.000000
13 -0.821039 0 0.000000
14 -0.810717 0 0.000000
15 -0.800395 0 0.000000
16 -0.790073 0 0.000000
17 -0.779751 0 0.000000
18 -0.769429 0 0.000000
19 -0.759107 0 0.000000
20 -0.748785 0 0.000000
21 -0.738463 0 0.000000
22 -0.728141 0 0.000000
23 -0.717819 0 0.000000
24 -0.707497 0 0.000000
25 -0.697175 0 0.000000
26 -0.686853 0 0.000000
27 -0.676531 0 0.000000
28 -0.666209 0 0.000000
29 -0.655887 0 0.000000
30 -0.645565 0 0.000000
31 -0.635243 0 0.000000
32 -0.624921 0 0.000000
33 -0.614599 0 0.000000
34 -0.604277 0 0.000000
35 -0.593955 0 0.000000
36 -0.583633 0 0.000000
37 -0.573311 0 0.000000
38 -0.562989 0 0.000000
39 -0.552667 0 0.000000
40 -0.542345 0 0.000000
41 -0.532023 0 0.000000
42 -0.521701 0 0.000000
43 -0.511379 0 0.000000
44 -0.501057 0 0.000000
45 -0.490735 0 0.000000
46 -0.480413 0 0.000000
47 -0.470091 0 0.000000
48 -0.459769 0 0.000000
49 -0.449447 0 0.000000
50 -0.439125 0 0.000000
51 -0.428803 0 0.000000
52 -0.418481 0 0.000000
53 -0.408159 0 0.000000
54 -0.397837 0 0.000000
55 -0.387515 0 0.000000
56 -0.377193 0 0.000000
57 -0.366871 0 0.000000
58 -0.356549 0 0.000000
59 -0.346227 0 0.000000
60 -0.335905 0 0.000000
61 -0.325583 0 0.000000
62 -0.315261 0 0.000000
63 -0.304939 0 0.000000
64 -0.294617 0 0.000000
65 -0.284295 0 0.000000
66 -0.273973 0 0.000000
67 -0.263651 0 0.000000
68 -0.253329 0 0.000000
69 -0.243007 0 0.000000
70 -0.232686 0 0.000000
71 -0.222363 0 0.000000
72 -0.212041 0 0.000000
73 -0.201719 0 0.000000
74 -0.191397 0 0.000000
75 -0.181076 0 0.000000
76 -0.170753 0 0.000000
77 -0.160432 0 0.000000
78 -0.150110 0 0.000000
79 -0.139787 0 0.000000
80 -0.129466 0 0.000000
81 -0.119143 0 0.000000
82 -0.108822 0 0.000000
83 -0.098500 0 0.000000
84 -0.088178 0 0.000000
85 -0.077856 0 0.000000
86 -0.067533 0 0.000000
87 -0.057212 0 0.000000
88 -0.046890 0 0.000000
89 -0.036568 0 0.000000
90 -0.026246 1 0.001000
91 -0.015924 74 0.074000
92 -0.005602 826 0.826000
93 0.004720 43 0.043000
94 0.015042 13 0.013000
95 0.025364 5 0.005000
96 0.035686 27 0.027000
97 0.046008 5 0.005000
98 0.056330 3 0.003000
99 0.066652 1 0.001000
