0 0.253705 1 0.001000
1 0.258355 0 0.000000
2 0.263005 0 0.000000
3 0.267655 0 0.000000
4 0.272305 0 0.000000
5 0.276955 1 0.001000
6 0.281605 0 0.000000
7 0.286255 2 0.002000
8 0.290906 0 0.000000
9 0.295556 0 0.000000
10 0.300206 2 0.002000
11 0.304856 0 0.000000
12 0.309506 1 0.001000
13 0.314156 0 0.000000
14 0.318806 0 0.000000
15 0.323456 1 0.001000
16 0.328106 0 0.000000
17 0.332756 2 0.002000
18 0.337406 0 0.000000
19 0.342056 1 0.001000
20 0.346706 1 0.001000
21 0.351356 1 0.001000
22 0.356006 2 0.002000
23 0.360656 5 0.005000
24 0.365306 5 0.005000
25 0.369957 6 0.006000
26 0.374607 3 0.003000
27 0.379257 3 0.003000
28 0.383907 1 0.001000
29 0.388557 5 0.005000
30 0.393207 6 0.006000
31 0.397857 9 0.009000
32 0.402507 9 0.009000
33 0.407157 13 0.013000
34 0.411807 12 0.012000
35 0.416457 27 0.027000
36 0.421107 19 0.019000
37 0.425757 23 0.023000
38 0.430407 26 0.026000
39 0.435057 30 0.030000
40 0.439707 24 0.024000
41 0.444357 39 0.039000
42 0.449008 47 0.047000
43 0.453658 46 0.046000
44 0.458308 53 0.053000
45 0.462958 70 0.070000
46 0.467608 80 0.080000
47 0.472258 65 0.065000
48 0.476908 53 0.053000
49 0.481558 48 0.048000
50 0.486208 29 0.029000
51 0.490858 35 0.035000
52 0.495508 27 0.027000
53 0.500158 33 0.033000
54 0.504808 25 0.025000
55 0.509458 8 0.008000
56 0.514108 12 0.012000
57 0.518758 15 0.015000
58 0.523408 6 0.006000
59 0.528059 6 0.006000
60 0.532709 4 0.004000
61 0.537359 7 0.007000
62 0.542009 5 0.005000
63 0.546659 4 0.004000
64 0.551309 3 0.003000
65 0.555959 7 0.007000
66 0.560609 2 0.002000
67 0.565259 6 0.006000
68 0.569909 5 0.005000
69 0.574559 3 0.003000
70 0.579209 0 0.000000
71 0.583859 1 0.001000
72 0.588509 3 0.003000
73 0.593159 2 0.002000
74 0.597809 0 0.000000
75 0.602459 1 0.001000
76 0.607109 1 0.001000
77 0.611760 0 0.000000
78 0.616410 0 0.000000
79 0.621060 2 0.002000
80 0.625710 1 0.001000
81 0.630360 0 0.000000
82 0.635010 1 0.001000
83 0.639660 0 0.000000
84 0.644310 0 0.000000
85 0.648960 0 0.000000
86 0.653610 0 0.000000
87 0.658260 0 0.000000
88 0.662910 1 0.001000
89 0.667560 0 0.000000
90 0.672210 2 0.002000
91 0.676860 0 0.000000
92 0.681510 0 0.000000
93 0.686160 0 0.000000
94 0.690811 0 0.000000
95 0.695461 0 0.000000
96 0.700111 0 0.000000
97 0.704761 0 0.000000
98 0.709411 0 0.000000
99 0.714061 1 0.001000
