0 0.062546 1 0.000333
1 0.072150 0 0.000000
2 0.081754 1 0.000333
3 0.091358 1 0.000333
4 0.100961 0 0.000000
5 0.110565 3 0.001000
6 0.120169 0 0.000000
7 0.129773 0 0.000000
8 0.139376 3 0.001000
9 0.148980 1 0.000333
10 0.158584 7 0.002333
11 0.168188 5 0.001667
12 0.177791 3 0.001000
13 0.187395 5 0.001667
14 0.196999 5 0.001667
15 0.206603 1 0.000333
16 0.216206 6 0.002000
17 0.225810 4 0.001333
18 0.235414 5 0.001667
19 0.245018 7 0.002333
20 0.254621 9 0.003000
21 0.264225 8 0.002667
22 0.273829 5 0.001667
23 0.283433 7 0.002333
24 0.293036 9 0.003000
25 0.302640 9 0.003000
26 0.312244 7 0.002333
27 0.321848 12 0.004000
28 0.331451 11 0.003667
29 0.341055 9 0.003000
30 0.350659 6 0.002000
31 0.360263 10 0.003333
32 0.369866 21 0.007000
33 0.379470 28 0.009333
34 0.389074 18 0.006000
35 0.398678 17 0.005667
36 0.408281 25 0.008333
37 0.417885 26 0.008667
38 0.427489 56 0.018667
39 0.437093 93 0.031000
40 0.446696 167 0.055667
41 0.456300 315 0.105000
42 0.465904 323 0.107667
43 0.475508 219 0.073000
44 0.485111 136 0.045333
45 0.494715 65 0.021667
46 0.504319 41 0.013667
47 0.513923 32 0.010667
48 0.523526 31 0.010333
49 0.533130 27 0.009000
50 0.542734 12 0.004000
51 0.552337 12 0.004000
52 0.561941 17 0.005667
53 0.571545 11 0.003667
54 0.581149 9 0.003000
55 0.590752 14 0.004667
56 0.600356 12 0.004000
57 0.609960 10 0.003333
58 0.619564 12 0.004000
59 0.629167 4 0.001333
60 0.638771 11 0.003667
61 0.648375 4 0.001333
62 0.657979 14 0.004667
63 0.667582 4 0.001333
64 0.677186 8 0.002667
65 0.686790 4 0.001333
66 0.696394 3 0.001000
67 0.705997 9 0.003000
68 0.715601 3 0.001000
69 0.725205 3 0.001000
70 0.734809 1 0.000333
71 0.744412 4 0.001333
72 0.754016 0 0.000000
73 0.763620 2 0.000667
74 0.773224 2 0.000667
75 0.782827 1 0.000333
76 0.792431 3 0.001000
77 0.802035 3 0.001000
78 0.811639 2 0.000667
79 0.821242 3 0.001000
80 0.830846 0 0.000000
81 0.840450 1 0.000333
82 0.850054 0 0.000000
83 0.859657 2 0.000667
84 0.869261 0 0.000000
85 0.878865 0 0.000000
86 0.888469 0 0.000000
87 0.898072 0 0.000000
88 0.907676 0 0.000000
89 0.917280 0 0.000000
90 0.926884 4 0.001333
91 0.936487 4 0.001333
92 0.946091 13 0.004333
93 0.955695 18 0.006000
94 0.965299 10 0.003333
95 0.974902 14 0.004667
96 0.984506 89 0.029667
97 0.994110 798 0.266000
98 1.003714 49 0.016333
99 1.013317 1 0.000333
