0 0.000578 2 0.002000
1 0.010668 0 0.000000
2 0.020759 0 0.000000
3 0.030849 0 0.000000
4 0.040940 0 0.000000
5 0.051030 0 0.000000
6 0.061121 0 0.000000
7 0.071211 0 0.000000
8 0.081302 0 0.000000
9 0.091392 0 0.000000
10 0.101483 0 0.000000
11 0.111573 0 0.000000
12 0.121664 0 0.000000
13 0.131754 0 0.000000
14 0.141845 0 0.000000
15 0.151935 0 0.000000
16 0.162026 0 0.000000
17 0.172116 0 0.000000
18 0.182207 0 0.000000
19 0.192297 0 0.000000
20 0.202388 0 0.000000
21 0.212478 0 0.000000
22 0.222569 0 0.000000
23 0.232659 0 0.000000
24 0.242750 0 0.000000
25 0.252840 0 0.000000
26 0.262931 0 0.000000
27 0.273021 0 0.000000
28 0.283112 0 0.000000
29 0.293202 0 0.000000
30 0.303293 0 0.000000
31 0.313383 0 0.000000
32 0.323474 0 0.000000
33 0.333564 0 0.000000
34 0.343655 0 0.000000
35 0.353745 0 0.000000
36 0.363836 0 0.000000
37 0.373926 0 0.000000
38 0.384017 0 0.000000
39 0.394107 0 0.000000
40 0.404198 0 0.000000
41 0.414288 0 0.000000
42 0.424379 0 0.000000
43 0.434469 0 0.000000
44 0.444560 0 0.000000
45 0.454650 0 0.000000
46 0.464741 0 0.000000
47 0.474831 0 0.000000
48 0.484922 0 0.000000
49 0.495012 0 0.000000
50 0.505103 0 0.000000
51 0.515193 0 0.000000
52 0.525284 0 0.000000
53 0.535374 0 0.000000
54 0.545465 0 0.000000
55 0.555555 0 0.000000
56 0.565646 0 0.000000
57 0.575736 0 0.000000
58 0.585827 0 0.000000
59 0.595917 0 0.000000
60 0.606007 0 0.000000
61 0.616098 0 0.000000
62 0.626188 0 0.000000
63 0.636279 0 0.000000
64 0.646369 0 0.000000
65 0.656460 0 0.000000
66 0.666550 0 0.000000
67 0.676641 0 0.000000
68 0.686731 0 0.000000
69 0.696822 0 0.000000
70 0.706912 0 0.000000
71 0.717003 0 0.000000
72 0.727093 0 0.000000
73 0.737184 0 0.000000
74 0.747274 0 0.000000
75 0.757365 0 0.000000
76 0.767455 0 0.000000
77 0.777546 0 0.000000
78 0.787636 0 0.000000
79 0.797727 0 0.000000
80 0.807817 0 0.000000
81 0.817908 0 0.000000
82 0.827998 0 0.000000
83 0.838089 0 0.000000
84 0.848179 0 0.000000
85 0.858270 0 0.000000
86 0.868360 0 0.000000
87 0.878451 0 0.000000
88 0.888541 0 0.000000
89 0.898632 0 0.000000
90 0.908722 0 0.000000
91 0.918813 0 0.000000
92 0.928903 0 0.000000
93 0.938994 0 0.000000
94 0.949084 0 0.000000
95 0.959175 0 0.000000
96 0.969265 0 0.000000
97 0.979356 0 0.000000
98 0.989446 998 0.998000
99 0.999537 0 0.000000
