0 0.000578 2 0.000667
1 0.010668 0 0.000000
2 0.020759 0 0.000000
3 0.030849 0 0.000000
4 0.040940 1 0.000333
5 0.051030 0 0.000000
6 0.061121 0 0.000000
7 0.071211 1 0.000333
8 0.081302 1 0.000333
9 0.091392 0 0.000000
10 0.101483 3 0.001000
11 0.111573 0 0.000000
12 0.121664 3 0.001000
13 0.131754 0 0.000000
14 0.141845 3 0.001000
15 0.151935 4 0.001333
16 0.162026 3 0.001000
17 0.172116 9 0.003000
18 0.182207 5 0.001667
19 0.192297 7 0.002333
20 0.202388 1 0.000333
21 0.212478 4 0.001333
22 0.222569 7 0.002333
23 0.232659 4 0.001333
24 0.242750 4 0.001333
25 0.252840 8 0.002667
26 0.262931 8 0.002667
27 0.273021 8 0.002667
28 0.283112 10 0.003333
29 0.293202 7 0.002333
30 0.303293 15 0.005000
31 0.313383 11 0.003667
32 0.323474 13 0.004333
33 0.333564 9 0.003000
34 0.343655 14 0.004667
35 0.353745 19 0.006333
36 0.363836 31 0.010333
37 0.373926 22 0.007333
38 0.384017 33 0.011000
39 0.394107 35 0.011667
40 0.404198 44 0.014667
41 0.414288 67 0.022333
42 0.424379 79 0.026333
43 0.434469 101 0.033667
44 0.444560 148 0.049333
45 0.454650 177 0.059000
46 0.464741 206 0.068667
47 0.474831 192 0.064000
48 0.484922 138 0.046000
49 0.495012 111 0.037000
50 0.505103 67 0.022333
51 0.515193 52 0.017333
52 0.525284 31 0.010333
53 0.535374 33 0.011000
54 0.545465 23 0.007667
55 0.555555 28 0.009333
56 0.565646 24 0.008000
57 0.575736 25 0.008333
58 0.585827 20 0.006667
59 0.595917 14 0.004667
60 0.606007 6 0.002000
61 0.616098 11 0.003667
62 0.626188 9 0.003000
63 0.636279 5 0.001667
64 0.646369 5 0.001667
65 0.656460 11 0.003667
66 0.666550 10 0.003333
67 0.676641 7 0.002333
68 0.686731 6 0.002000
69 0.696822 5 0.001667
70 0.706912 8 0.002667
71 0.717003 4 0.001333
72 0.727093 3 0.001000
73 0.737184 1 0.000333
74 0.747274 0 0.000000
75 0.757365 6 0.002000
76 0.767455 5 0.001667
77 0.777546 1 0.000333
78 0.787636 3 0.001000
79 0.797727 2 0.000667
80 0.807817 2 0.000667
81 0.817908 3 0.001000
82 0.827998 2 0.000667
83 0.838089 0 0.000000
84 0.848179 0 0.000000
85 0.858270 0 0.000000
86 0.868360 0 0.000000
87 0.878451 0 0.000000
88 0.888541 1 0.000333
89 0.898632 1 0.000333
90 0.908722 0 0.000000
91 0.918813 0 0.000000
92 0.928903 0 0.000000
93 0.938994 0 0.000000
94 0.949084 0 0.000000
95 0.959175 0 0.000000
96 0.969265 0 0.000000
97 0.979356 0 0.000000
98 0.989446 998 0.332667
99 0.999537 0 0.000000
