0 0.383890 1 0.001000
1 0.385477 0 0.000000
2 0.387065 0 0.000000
3 0.388652 0 0.000000
4 0.390239 0 0.000000
5 0.391826 0 0.000000
6 0.393413 0 0.000000
7 0.395000 0 0.000000
8 0.396587 1 0.001000
9 0.398174 1 0.001000
10 0.399761 0 0.000000
11 0.401348 1 0.001000
12 0.402935 0 0.000000
13 0.404522 1 0.001000
14 0.406109 0 0.000000
15 0.407696 1 0.001000
16 0.409283 2 0.002000
17 0.410870 2 0.002000
18 0.412457 0 0.000000
19 0.414044 2 0.002000
20 0.415631 2 0.002000
21 0.417218 1 0.001000
22 0.418805 0 0.000000
23 0.420392 0 0.000000
24 0.421979 1 0.001000
25 0.423566 0 0.000000
26 0.425153 2 0.002000
27 0.426740 4 0.004000
28 0.428327 3 0.003000
29 0.429914 2 0.002000
30 0.431501 2 0.002000
31 0.433088 4 0.004000
32 0.434675 2 0.002000
33 0.436262 5 0.005000
34 0.437849 2 0.002000
35 0.439436 4 0.004000
36 0.441023 7 0.007000
37 0.442610 12 0.012000
38 0.444197 16 0.016000
39 0.445784 7 0.007000
40 0.447371 11 0.011000
41 0.448958 18 0.018000
42 0.450545 21 0.021000
43 0.452132 21 0.021000
44 0.453719 32 0.032000
45 0.455306 25 0.025000
46 0.456893 36 0.036000
47 0.458480 35 0.035000
48 0.460067 51 0.051000
49 0.461654 45 0.045000
50 0.463241 48 0.048000
51 0.464828 48 0.048000
52 0.466415 49 0.049000
53 0.468002 48 0.048000
54 0.469589 38 0.038000
55 0.471176 61 0.061000
56 0.472763 38 0.038000
57 0.474350 39 0.039000
58 0.475937 34 0.034000
59 0.477524 33 0.033000
60 0.479111 28 0.028000
61 0.480698 20 0.020000
62 0.482285 18 0.018000
63 0.483872 22 0.022000
64 0.485459 14 0.014000
65 0.487046 10 0.010000
66 0.488633 8 0.008000
67 0.490220 8 0.008000
68 0.491807 10 0.010000
69 0.493394 5 0.005000
70 0.494981 2 0.002000
71 0.496568 2 0.002000
72 0.498155 5 0.005000
73 0.499742 4 0.004000
74 0.501329 2 0.002000
75 0.502917 5 0.005000
76 0.504503 3 0.003000
77 0.506091 3 0.003000
78 0.507678 2 0.002000
79 0.509265 0 0.000000
80 0.510852 0 0.000000
81 0.512439 1 0.001000
82 0.514026 0 0.000000
83 0.515613 1 0.001000
84 0.517200 3 0.003000
85 0.518787 1 0.001000
86 0.520374 0 0.000000
87 0.521961 0 0.000000
88 0.523548 0 0.000000
89 0.525135 1 0.001000
90 0.526722 1 0.001000
91 0.528309 0 0.000000
92 0.529896 0 0.000000
93 0.531483 0 0.000000
94 0.533070 0 0.000000
95 0.534657 0 0.000000
96 0.536244 1 0.001000
97 0.537831 0 0.000000
98 0.539418 0 0.000000
99 0.541005 1 0.001000
