0 0.062546 1 0.001000
1 0.070672 0 0.000000
2 0.078798 1 0.001000
3 0.086924 0 0.000000
4 0.095050 1 0.001000
5 0.103175 0 0.000000
6 0.111301 3 0.003000
7 0.119427 0 0.000000
8 0.127553 0 0.000000
9 0.135679 2 0.002000
10 0.143804 1 0.001000
11 0.151930 1 0.001000
12 0.160056 7 0.007000
13 0.168182 4 0.004000
14 0.176308 4 0.004000
15 0.184433 1 0.001000
16 0.192559 5 0.005000
17 0.200685 5 0.005000
18 0.208811 0 0.000000
19 0.216936 5 0.005000
20 0.225062 4 0.004000
21 0.233188 4 0.004000
22 0.241314 6 0.006000
23 0.249440 5 0.005000
24 0.257565 7 0.007000
25 0.265691 8 0.008000
26 0.273817 4 0.004000
27 0.281943 6 0.006000
28 0.290069 11 0.011000
29 0.298194 3 0.003000
30 0.306320 6 0.006000
31 0.314446 8 0.008000
32 0.322572 9 0.009000
33 0.330698 13 0.013000
34 0.338823 5 0.005000
35 0.346949 8 0.008000
36 0.355075 3 0.003000
37 0.363201 13 0.013000
38 0.371327 17 0.017000
39 0.379452 21 0.021000
40 0.387578 20 0.020000
41 0.395704 9 0.009000
42 0.403830 10 0.010000
43 0.411956 18 0.018000
44 0.420081 20 0.020000
45 0.428207 32 0.032000
46 0.436333 29 0.029000
47 0.444459 46 0.046000
48 0.452585 52 0.052000
49 0.460710 36 0.036000
50 0.468836 44 0.044000
51 0.476962 46 0.046000
52 0.485088 72 0.072000
53 0.493214 44 0.044000
54 0.501339 22 0.022000
55 0.509465 31 0.031000
56 0.517591 23 0.023000
57 0.525717 21 0.021000
58 0.533842 21 0.021000
59 0.541968 12 0.012000
60 0.550094 9 0.009000
61 0.558220 9 0.009000
62 0.566346 18 0.018000
63 0.574471 7 0.007000
64 0.582597 8 0.008000
65 0.590723 13 0.013000
66 0.598849 12 0.012000
67 0.606975 7 0.007000
68 0.615100 8 0.008000
69 0.623226 8 0.008000
70 0.631352 6 0.006000
71 0.639478 7 0.007000
72 0.647604 6 0.006000
73 0.655729 10 0.010000
74 0.663855 5 0.005000
75 0.671981 4 0.004000
76 0.680107 8 0.008000
77 0.688233 3 0.003000
78 0.696358 3 0.003000
79 0.704484 4 0.004000
80 0.712610 8 0.008000
81 0.720736 1 0.001000
82 0.728862 2 0.002000
83 0.736987 1 0.001000
84 0.745113 4 0.004000
85 0.753239 0 0.000000
86 0.761365 2 0.002000
87 0.769490 1 0.001000
88 0.777616 1 0.001000
89 0.785742 1 0.001000
90 0.793868 3 0.003000
91 0.801994 3 0.003000
92 0.810119 0 0.000000
93 0.818245 2 0.002000
94 0.826371 3 0.003000
95 0.834497 0 0.000000
96 0.842623 1 0.001000
97 0.850748 0 0.000000
98 0.858874 1 0.001000
99 0.867000 1 0.001000
