0 0.930858 2 0.002000
1 0.931691 0 0.000000
2 0.932524 1 0.001000
3 0.933357 0 0.000000
4 0.934190 0 0.000000
5 0.935023 1 0.001000
6 0.935856 0 0.000000
7 0.936689 0 0.000000
8 0.937522 0 0.000000
9 0.938354 1 0.001000
10 0.939187 0 0.000000
11 0.940020 0 0.000000
12 0.940853 0 0.000000
13 0.941686 0 0.000000
14 0.942519 0 0.000000
15 0.943352 0 0.000000
16 0.944185 2 0.002000
17 0.945018 1 0.001000
18 0.945851 0 0.000000
19 0.946684 0 0.000000
20 0.947517 1 0.001000
21 0.948349 0 0.000000
22 0.949182 1 0.001000
23 0.950015 0 0.000000
24 0.950848 0 0.000000
25 0.951681 5 0.005000
26 0.952514 1 0.001000
27 0.953347 2 0.002000
28 0.954180 2 0.002000
29 0.955013 4 0.004000
30 0.955846 0 0.000000
31 0.956679 5 0.005000
32 0.957512 3 0.003000
33 0.958345 4 0.004000
34 0.959177 2 0.002000
35 0.960010 0 0.000000
36 0.960843 0 0.000000
37 0.961676 1 0.001000
38 0.962509 0 0.000000
39 0.963342 0 0.000000
40 0.964175 0 0.000000
41 0.965008 0 0.000000
42 0.965841 1 0.001000
43 0.966674 0 0.000000
44 0.967507 2 0.002000
45 0.968340 0 0.000000
46 0.969173 1 0.001000
47 0.970005 0 0.000000
48 0.970838 0 0.000000
49 0.971671 1 0.001000
50 0.972504 2 0.002000
51 0.973337 2 0.002000
52 0.974170 1 0.001000
53 0.975003 1 0.001000
54 0.975836 0 0.000000
55 0.976669 0 0.000000
56 0.977502 1 0.001000
57 0.978335 4 0.004000
58 0.979168 0 0.000000
59 0.980000 1 0.001000
60 0.980833 4 0.004000
61 0.981666 0 0.000000
62 0.982499 0 0.000000
63 0.983332 1 0.001000
64 0.984165 2 0.002000
65 0.984998 1 0.001000
66 0.985831 3 0.003000
67 0.986664 3 0.003000
68 0.987497 2 0.002000
69 0.988330 4 0.004000
70 0.989163 6 0.006000
71 0.989996 3 0.003000
72 0.990828 7 0.007000
73 0.991661 10 0.010000
74 0.992494 17 0.017000
75 0.993327 37 0.037000
76 0.994160 65 0.065000
77 0.994993 75 0.075000
78 0.995826 99 0.099000
79 0.996659 109 0.109000
80 0.997492 112 0.112000
81 0.998325 103 0.103000
82 0.999158 73 0.073000
83 0.999991 65 0.065000
84 1.000823 52 0.052000
85 1.001656 21 0.021000
86 1.002489 15 0.015000
87 1.003322 14 0.014000
88 1.004155 9 0.009000
89 1.004988 6 0.006000
90 1.005821 5 0.005000
91 1.006654 6 0.006000
92 1.007487 2 0.002000
93 1.008320 5 0.005000
94 1.009153 3 0.003000
95 1.009986 1 0.001000
96 1.010819 2 0.002000
97 1.011652 1 0.001000
98 1.012484 0 0.000000
99 1.013317 1 0.001000
