0 0.041108 1 0.001000
1 0.049832 0 0.000000
2 0.058555 0 0.000000
3 0.067278 1 0.001000
4 0.076002 0 0.000000
5 0.084725 1 0.001000
6 0.093449 0 0.000000
7 0.102172 3 0.003000
8 0.110895 0 0.000000
9 0.119619 1 0.001000
10 0.128342 2 0.002000
11 0.137065 2 0.002000
12 0.145789 2 0.002000
13 0.154512 3 0.003000
14 0.163236 3 0.003000
15 0.171959 7 0.007000
16 0.180682 6 0.006000
17 0.189406 3 0.003000
18 0.198129 5 0.005000
19 0.206853 2 0.002000
20 0.215576 5 0.005000
21 0.224299 6 0.006000
22 0.233023 3 0.003000
23 0.241746 3 0.003000
24 0.250470 5 0.005000
25 0.259193 7 0.007000
26 0.267916 9 0.009000
27 0.276640 3 0.003000
28 0.285363 9 0.009000
29 0.294086 3 0.003000
30 0.302810 12 0.012000
31 0.311533 8 0.008000
32 0.320257 14 0.014000
33 0.328980 5 0.005000
34 0.337703 8 0.008000
35 0.346427 11 0.011000
36 0.355150 11 0.011000
37 0.363874 17 0.017000
38 0.372597 12 0.012000
39 0.381320 23 0.023000
40 0.390044 18 0.018000
41 0.398767 16 0.016000
42 0.407491 15 0.015000
43 0.416214 18 0.018000
44 0.424937 25 0.025000
45 0.433661 32 0.032000
46 0.442384 42 0.042000
47 0.451108 62 0.062000
48 0.459831 46 0.046000
49 0.468554 42 0.042000
50 0.477278 61 0.061000
51 0.486001 57 0.057000
52 0.494724 39 0.039000
53 0.503448 30 0.030000
54 0.512171 30 0.030000
55 0.520895 16 0.016000
56 0.529618 17 0.017000
57 0.538341 17 0.017000
58 0.547065 12 0.012000
59 0.555788 13 0.013000
60 0.564512 16 0.016000
61 0.573235 16 0.016000
62 0.581958 17 0.017000
63 0.590682 10 0.010000
64 0.599405 11 0.011000
65 0.608129 3 0.003000
66 0.616852 8 0.008000
67 0.625575 6 0.006000
68 0.634299 6 0.006000
69 0.643022 3 0.003000
70 0.651745 7 0.007000
71 0.660469 7 0.007000
72 0.669192 8 0.008000
73 0.677916 6 0.006000
74 0.686639 5 0.005000
75 0.695362 2 0.002000
76 0.704086 8 0.008000
77 0.712809 6 0.006000
78 0.721533 2 0.002000
79 0.730256 2 0.002000
80 0.738979 1 0.001000
81 0.747703 0 0.000000
82 0.756426 6 0.006000
83 0.765150 4 0.004000
84 0.773873 1 0.001000
85 0.782596 3 0.003000
86 0.791320 1 0.001000
87 0.800043 2 0.002000
88 0.808766 1 0.001000
89 0.817490 4 0.004000
90 0.826213 1 0.001000
91 0.834937 1 0.001000
92 0.843660 0 0.000000
93 0.852383 0 0.000000
94 0.861107 0 0.000000
95 0.869830 0 0.000000
96 0.878554 0 0.000000
97 0.887277 0 0.000000
98 0.896000 1 0.001000
99 0.904724 1 0.001000
