0 0.000000 2959 0.986333
1 0.009394 29 0.009667
2 0.018788 2 0.000667
3 0.028182 0 0.000000
4 0.037576 0 0.000000
5 0.046970 1 0.000333
6 0.056364 1 0.000333
7 0.065758 1 0.000333
8 0.075152 0 0.000000
9 0.084546 0 0.000000
10 0.093940 1 0.000333
11 0.103334 0 0.000000
12 0.112728 0 0.000000
13 0.122122 0 0.000000
14 0.131516 0 0.000000
15 0.140910 0 0.000000
16 0.150303 0 0.000000
17 0.159697 0 0.000000
18 0.169091 0 0.000000
19 0.178485 0 0.000000
20 0.187879 0 0.000000
21 0.197273 0 0.000000
22 0.206667 0 0.000000
23 0.216061 0 0.000000
24 0.225455 0 0.000000
25 0.234849 0 0.000000
26 0.244243 0 0.000000
27 0.253637 0 0.000000
28 0.263031 0 0.000000
29 0.272425 0 0.000000
30 0.281819 0 0.000000
31 0.291213 0 0.000000
32 0.300607 0 0.000000
33 0.310001 0 0.000000
34 0.319395 0 0.000000
35 0.328789 0 0.000000
36 0.338183 0 0.000000
37 0.347577 0 0.000000
38 0.356971 0 0.000000
39 0.366365 0 0.000000
40 0.375759 0 0.000000
41 0.385153 0 0.000000
42 0.394547 0 0.000000
43 0.403941 0 0.000000
44 0.413335 0 0.000000
45 0.422729 0 0.000000
46 0.432122 0 0.000000
47 0.441516 0 0.000000
48 0.450910 0 0.000000
49 0.460304 0 0.000000
50 0.469698 0 0.000000
51 0.479092 0 0.000000
52 0.488486 0 0.000000
53 0.497880 0 0.000000
54 0.507274 0 0.000000
55 0.516668 0 0.000000
56 0.526062 0 0.000000
57 0.535456 0 0.000000
58 0.544850 0 0.000000
59 0.554244 0 0.000000
60 0.563638 0 0.000000
61 0.573032 0 0.000000
62 0.582426 0 0.000000
63 0.591820 0 0.000000
64 0.601214 0 0.000000
65 0.610608 0 0.000000
66 0.620002 0 0.000000
67 0.629396 0 0.000000
68 0.638790 0 0.000000
69 0.648184 0 0.000000
70 0.657578 0 0.000000
71 0.666972 0 0.000000
72 0.676366 0 0.000000
73 0.685760 0 0.000000
74 0.695154 0 0.000000
75 0.704548 0 0.000000
76 0.713941 0 0.000000
77 0.723335 0 0.000000
78 0.732729 0 0.000000
79 0.742123 0 0.000000
80 0.751517 0 0.000000
81 0.760911 0 0.000000
82 0.770305 0 0.000000
83 0.779699 0 0.000000
84 0.789093 0 0.000000
85 0.798487 0 0.000000
86 0.807881 0 0.000000
87 0.817275 0 0.000000
88 0.826669 0 0.000000
89 0.836063 0 0.000000
90 0.845457 0 0.000000
91 0.854851 0 0.000000
92 0.864245 0 0.000000
93 0.873639 1 0.000333
94 0.883033 1 0.000333
95 0.892427 0 0.000000
96 0.901821 1 0.000333
97 0.911215 2 0.000667
98 0.920609 0 0.000000
99 0.930003 1 0.000333
