0 -0.964366 3 0.003000
1 -0.954097 1 0.001000
2 -0.943828 2 0.002000
3 -0.933559 0 0.000000
4 -0.923290 0 0.000000
5 -0.913021 0 0.000000
6 -0.902752 0 0.000000
7 -0.892483 0 0.000000
8 -0.882214 0 0.000000
9 -0.871945 0 0.000000
10 -0.861676 0 0.000000
11 -0.851407 0 0.000000
12 -0.841138 0 0.000000
13 -0.830869 0 0.000000
14 -0.820600 0 0.000000
15 -0.810331 0 0.000000
16 -0.800061 0 0.000000
17 -0.789792 0 0.000000
18 -0.779523 0 0.000000
19 -0.769254 0 0.000000
20 -0.758985 0 0.000000
21 -0.748716 0 0.000000
22 -0.738447 0 0.000000
23 -0.728178 0 0.000000
24 -0.717909 0 0.000000
25 -0.707640 0 0.000000
26 -0.697371 0 0.000000
27 -0.687102 0 0.000000
28 -0.676833 0 0.000000
29 -0.666564 0 0.000000
30 -0.656294 0 0.000000
31 -0.646025 0 0.000000
32 -0.635756 0 0.000000
33 -0.625487 0 0.000000
34 -0.615218 0 0.000000
35 -0.604949 0 0.000000
36 -0.594680 0 0.000000
37 -0.584411 0 0.000000
38 -0.574142 0 0.000000
39 -0.563873 0 0.000000
40 -0.553604 0 0.000000
41 -0.543335 0 0.000000
42 -0.533066 0 0.000000
43 -0.522797 0 0.000000
44 -0.512528 0 0.000000
45 -0.502259 0 0.000000
46 -0.491989 0 0.000000
47 -0.481720 0 0.000000
48 -0.471451 0 0.000000
49 -0.461182 0 0.000000
50 -0.450913 0 0.000000
51 -0.440644 0 0.000000
52 -0.430375 0 0.000000
53 -0.420106 0 0.000000
54 -0.409837 0 0.000000
55 -0.399568 0 0.000000
56 -0.389299 0 0.000000
57 -0.379030 0 0.000000
58 -0.368761 0 0.000000
59 -0.358492 0 0.000000
60 -0.348222 0 0.000000
61 -0.337953 0 0.000000
62 -0.327684 0 0.000000
63 -0.317415 0 0.000000
64 -0.307146 0 0.000000
65 -0.296877 0 0.000000
66 -0.286608 0 0.000000
67 -0.276339 0 0.000000
68 -0.266070 0 0.000000
69 -0.255801 0 0.000000
70 -0.245532 0 0.000000
71 -0.235263 0 0.000000
72 -0.224994 0 0.000000
73 -0.214725 0 0.000000
74 -0.204456 0 0.000000
75 -0.194187 0 0.000000
76 -0.183917 0 0.000000
77 -0.173648 0 0.000000
78 -0.163379 0 0.000000
79 -0.153110 0 0.000000
80 -0.142841 0 0.000000
81 -0.132572 0 0.000000
82 -0.122303 0 0.000000
83 -0.112034 0 0.000000
84 -0.101765 0 0.000000
85 -0.091496 0 0.000000
86 -0.081227 0 0.000000
87 -0.070958 0 0.000000
88 -0.060689 0 0.000000
89 -0.050420 0 0.000000
90 -0.040151 0 0.000000
91 -0.029881 0 0.000000
92 -0.019612 19 0.019000
93 -0.009343 471 0.471000
94 0.000926 436 0.436000
95 0.011195 17 0.017000
96 0.021464 22 0.022000
97 0.031733 14 0.014000
98 0.042002 14 0.014000
99 0.052271 1 0.001000
