0 -0.219579 1 0.001000
1 -0.214192 0 0.000000
2 -0.208805 0 0.000000
3 -0.203418 0 0.000000
4 -0.198031 0 0.000000
5 -0.192644 0 0.000000
6 -0.187257 0 0.000000
7 -0.181870 0 0.000000
8 -0.176482 0 0.000000
9 -0.171095 0 0.000000
10 -0.165708 0 0.000000
11 -0.160321 0 0.000000
12 -0.154934 0 0.000000
13 -0.149547 0 0.000000
14 -0.144160 0 0.000000
15 -0.138773 0 0.000000
16 -0.133386 3 0.003000
17 -0.127999 1 0.001000
18 -0.122612 3 0.003000
19 -0.117225 3 0.003000
20 -0.111838 0 0.000000
21 -0.106450 0 0.000000
22 -0.101063 2 0.002000
23 -0.095676 2 0.002000
24 -0.090289 3 0.003000
25 -0.084902 2 0.002000
26 -0.079515 8 0.008000
27 -0.074128 2 0.002000
28 -0.068741 11 0.011000
29 -0.063354 13 0.013000
30 -0.057967 3 0.003000
31 -0.052580 19 0.019000
32 -0.047193 11 0.011000
33 -0.041806 29 0.029000
34 -0.036418 23 0.023000
35 -0.031031 34 0.034000
36 -0.025644 54 0.054000
37 -0.020257 57 0.057000
38 -0.014870 57 0.057000
39 -0.009483 72 0.072000
40 -0.004096 104 0.104000
41 0.001291 69 0.069000
42 0.006678 80 0.080000
43 0.012065 69 0.069000
44 0.017452 50 0.050000
45 0.022839 38 0.038000
46 0.028226 40 0.040000
47 0.033614 21 0.021000
48 0.039001 17 0.017000
49 0.044388 25 0.025000
50 0.049775 12 0.012000
51 0.055162 7 0.007000
52 0.060549 14 0.014000
53 0.065936 9 0.009000
54 0.071323 5 0.005000
55 0.076710 4 0.004000
56 0.082097 4 0.004000
57 0.087484 1 0.001000
58 0.092871 0 0.000000
59 0.098258 3 0.003000
60 0.103646 3 0.003000
61 0.109033 1 0.001000
62 0.114420 2 0.002000
63 0.119807 2 0.002000
64 0.125194 1 0.001000
65 0.130581 1 0.001000
66 0.135968 1 0.001000
67 0.141355 1 0.001000
68 0.146742 0 0.000000
69 0.152129 0 0.000000
70 0.157516 0 0.000000
71 0.162903 0 0.000000
72 0.168290 0 0.000000
73 0.173678 0 0.000000
74 0.179065 0 0.000000
75 0.184452 0 0.000000
76 0.189839 0 0.000000
77 0.195226 0 0.000000
78 0.200613 0 0.000000
79 0.206000 0 0.000000
80 0.211387 0 0.000000
81 0.216774 0 0.000000
82 0.222161 0 0.000000
83 0.227548 0 0.000000
84 0.232935 0 0.000000
85 0.238322 0 0.000000
86 0.243710 1 0.001000
87 0.249097 0 0.000000
88 0.254484 0 0.000000
89 0.259871 1 0.001000
90 0.265258 0 0.000000
91 0.270645 0 0.000000
92 0.276032 0 0.000000
93 0.281419 0 0.000000
94 0.286806 0 0.000000
95 0.292193 0 0.000000
96 0.297580 0 0.000000
97 0.302967 0 0.000000
98 0.308354 1 0.001000
99 0.313742 0 0.000000
