0 -0.108560 1 0.001000
1 -0.106212 1 0.001000
2 -0.103865 0 0.000000
3 -0.101517 0 0.000000
4 -0.099169 0 0.000000
5 -0.096821 0 0.000000
6 -0.094473 0 0.000000
7 -0.092126 0 0.000000
8 -0.089778 1 0.001000
9 -0.087430 1 0.001000
10 -0.085082 0 0.000000
11 -0.082734 1 0.001000
12 -0.080387 0 0.000000
13 -0.078039 0 0.000000
14 -0.075691 0 0.000000
15 -0.073343 0 0.000000
16 -0.070996 1 0.001000
17 -0.068648 0 0.000000
18 -0.066300 2 0.002000
19 -0.063952 2 0.002000
20 -0.061604 2 0.002000
21 -0.059257 4 0.004000
22 -0.056909 0 0.000000
23 -0.054561 5 0.005000
24 -0.052213 3 0.003000
25 -0.049865 7 0.007000
26 -0.047518 6 0.006000
27 -0.045170 3 0.003000
28 -0.042822 4 0.004000
29 -0.040474 4 0.004000
30 -0.038127 6 0.006000
31 -0.035779 8 0.008000
32 -0.033431 8 0.008000
33 -0.031083 13 0.013000
34 -0.028735 6 0.006000
35 -0.026388 10 0.010000
36 -0.024040 16 0.016000
37 -0.021692 25 0.025000
38 -0.019344 23 0.023000
39 -0.016997 26 0.026000
40 -0.014649 44 0.044000
41 -0.012301 42 0.042000
42 -0.009953 49 0.049000
43 -0.007605 63 0.063000
44 -0.005258 46 0.046000
45 -0.002910 70 0.070000
46 -0.000562 63 0.063000
47 0.001786 64 0.064000
48 0.004134 69 0.069000
49 0.006481 39 0.039000
50 0.008829 38 0.038000
51 0.011177 38 0.038000
52 0.013525 25 0.025000
53 0.015872 16 0.016000
54 0.018220 18 0.018000
55 0.020568 18 0.018000
56 0.022916 13 0.013000
57 0.025264 16 0.016000
58 0.027611 15 0.015000
59 0.029959 7 0.007000
60 0.032307 6 0.006000
61 0.034655 6 0.006000
62 0.037003 6 0.006000
63 0.039350 7 0.007000
64 0.041698 3 0.003000
65 0.044046 4 0.004000
66 0.046394 2 0.002000
67 0.048741 2 0.002000
68 0.051089 2 0.002000
69 0.053437 2 0.002000
70 0.055785 4 0.004000
71 0.058133 3 0.003000
72 0.060480 1 0.001000
73 0.062828 2 0.002000
74 0.065176 1 0.001000
75 0.067524 2 0.002000
76 0.069872 2 0.002000
77 0.072219 0 0.000000
78 0.074567 0 0.000000
79 0.076915 0 0.000000
80 0.079263 0 0.000000
81 0.081610 0 0.000000
82 0.083958 0 0.000000
83 0.086306 0 0.000000
84 0.088654 0 0.000000
85 0.091002 0 0.000000
86 0.093349 0 0.000000
87 0.095697 0 0.000000
88 0.098045 1 0.001000
89 0.100393 0 0.000000
90 0.102740 0 0.000000
91 0.105088 0 0.000000
92 0.107436 0 0.000000
93 0.109784 0 0.000000
94 0.112132 0 0.000000
95 0.114479 1 0.001000
96 0.116827 0 0.000000
97 0.119175 0 0.000000
98 0.121523 0 0.000000
99 0.123871 1 0.001000
