0 -0.964366 3 0.001000
1 -0.951456 3 0.001000
2 -0.938546 0 0.000000
3 -0.925636 0 0.000000
4 -0.912726 0 0.000000
5 -0.899816 0 0.000000
6 -0.886905 0 0.000000
7 -0.873995 0 0.000000
8 -0.861085 0 0.000000
9 -0.848175 0 0.000000
10 -0.835265 0 0.000000
11 -0.822354 0 0.000000
12 -0.809444 0 0.000000
13 -0.796534 0 0.000000
14 -0.783624 0 0.000000
15 -0.770714 0 0.000000
16 -0.757804 0 0.000000
17 -0.744893 0 0.000000
18 -0.731983 0 0.000000
19 -0.719073 0 0.000000
20 -0.706163 0 0.000000
21 -0.693253 0 0.000000
22 -0.680342 0 0.000000
23 -0.667432 0 0.000000
24 -0.654522 0 0.000000
25 -0.641612 0 0.000000
26 -0.628702 0 0.000000
27 -0.615792 0 0.000000
28 -0.602881 0 0.000000
29 -0.589971 0 0.000000
30 -0.577061 0 0.000000
31 -0.564151 0 0.000000
32 -0.551241 0 0.000000
33 -0.538330 0 0.000000
34 -0.525420 0 0.000000
35 -0.512510 0 0.000000
36 -0.499600 0 0.000000
37 -0.486690 0 0.000000
38 -0.473780 0 0.000000
39 -0.460869 0 0.000000
40 -0.447959 0 0.000000
41 -0.435049 0 0.000000
42 -0.422139 0 0.000000
43 -0.409229 0 0.000000
44 -0.396318 0 0.000000
45 -0.383408 0 0.000000
46 -0.370498 0 0.000000
47 -0.357588 0 0.000000
48 -0.344678 0 0.000000
49 -0.331768 0 0.000000
50 -0.318857 0 0.000000
51 -0.305947 0 0.000000
52 -0.293037 0 0.000000
53 -0.280127 0 0.000000
54 -0.267217 0 0.000000
55 -0.254306 0 0.000000
56 -0.241396 0 0.000000
57 -0.228486 1 0.000333
58 -0.215576 0 0.000000
59 -0.202666 0 0.000000
60 -0.189756 0 0.000000
61 -0.176845 0 0.000000
62 -0.163935 0 0.000000
63 -0.151025 0 0.000000
64 -0.138115 3 0.001000
65 -0.125205 7 0.002333
66 -0.112294 3 0.001000
67 -0.099384 6 0.002000
68 -0.086474 13 0.004333
69 -0.073564 25 0.008333
70 -0.060654 47 0.015667
71 -0.047744 70 0.023333
72 -0.034833 140 0.046667
73 -0.021923 342 0.114000
74 -0.009013 1245 0.415000
75 0.003897 613 0.204333
76 0.016807 209 0.069667
77 0.029718 118 0.039333
78 0.042628 73 0.024333
79 0.055538 37 0.012333
80 0.068448 15 0.005000
81 0.081358 6 0.002000
82 0.094268 4 0.001333
83 0.107179 7 0.002333
84 0.120089 4 0.001333
85 0.132999 3 0.001000
86 0.145909 0 0.000000
87 0.158819 0 0.000000
88 0.171730 0 0.000000
89 0.184640 0 0.000000
90 0.197550 0 0.000000
91 0.210460 0 0.000000
92 0.223370 0 0.000000
93 0.236280 1 0.000333
94 0.249191 1 0.000333
95 0.262101 0 0.000000
96 0.275011 0 0.000000
97 0.287921 0 0.000000
98 0.300831 0 0.000000
99 0.313742 1 0.000333
