0 0.000965 6 0.006000
1 0.011055 0 0.000000
2 0.021144 0 0.000000
3 0.031234 0 0.000000
4 0.041324 0 0.000000
5 0.051413 0 0.000000
6 0.061503 0 0.000000
7 0.071593 0 0.000000
8 0.081683 0 0.000000
9 0.091772 0 0.000000
10 0.101862 0 0.000000
11 0.111952 0 0.000000
12 0.122042 0 0.000000
13 0.132131 0 0.000000
14 0.142221 0 0.000000
15 0.152311 0 0.000000
16 0.162401 0 0.000000
17 0.172490 0 0.000000
18 0.182580 0 0.000000
19 0.192670 0 0.000000
20 0.202760 0 0.000000
21 0.212849 0 0.000000
22 0.222939 0 0.000000
23 0.233029 0 0.000000
24 0.243118 0 0.000000
25 0.253208 0 0.000000
26 0.263298 0 0.000000
27 0.273388 0 0.000000
28 0.283477 0 0.000000
29 0.293567 0 0.000000
30 0.303657 0 0.000000
31 0.313747 0 0.000000
32 0.323836 0 0.000000
33 0.333926 0 0.000000
34 0.344016 0 0.000000
35 0.354106 0 0.000000
36 0.364195 0 0.000000
37 0.374285 0 0.000000
38 0.384375 0 0.000000
39 0.394464 0 0.000000
40 0.404554 0 0.000000
41 0.414644 0 0.000000
42 0.424734 0 0.000000
43 0.434823 0 0.000000
44 0.444913 0 0.000000
45 0.455003 0 0.000000
46 0.465093 0 0.000000
47 0.475182 0 0.000000
48 0.485272 0 0.000000
49 0.495362 0 0.000000
50 0.505452 0 0.000000
51 0.515541 0 0.000000
52 0.525631 0 0.000000
53 0.535721 0 0.000000
54 0.545811 0 0.000000
55 0.555900 0 0.000000
56 0.565990 0 0.000000
57 0.576080 0 0.000000
58 0.586169 0 0.000000
59 0.596259 0 0.000000
60 0.606349 0 0.000000
61 0.616439 0 0.000000
62 0.626528 0 0.000000
63 0.636618 0 0.000000
64 0.646708 0 0.000000
65 0.656798 0 0.000000
66 0.666887 0 0.000000
67 0.676977 0 0.000000
68 0.687067 0 0.000000
69 0.697157 0 0.000000
70 0.707246 0 0.000000
71 0.717336 0 0.000000
72 0.727426 0 0.000000
73 0.737516 0 0.000000
74 0.747605 0 0.000000
75 0.757695 0 0.000000
76 0.767785 0 0.000000
77 0.777874 0 0.000000
78 0.787964 0 0.000000
79 0.798054 0 0.000000
80 0.808144 0 0.000000
81 0.818233 0 0.000000
82 0.828323 0 0.000000
83 0.838413 0 0.000000
84 0.848503 0 0.000000
85 0.858592 0 0.000000
86 0.868682 0 0.000000
87 0.878772 0 0.000000
88 0.888862 0 0.000000
89 0.898951 0 0.000000
90 0.909041 0 0.000000
91 0.919131 0 0.000000
92 0.929220 0 0.000000
93 0.939310 0 0.000000
94 0.949400 0 0.000000
95 0.959490 0 0.000000
96 0.969579 0 0.000000
97 0.979669 0 0.000000
98 0.989759 993 0.993000
99 0.999849 1 0.001000
