0 0.000965 6 0.002000
1 0.011055 0 0.000000
2 0.021144 0 0.000000
3 0.031234 2 0.000667
4 0.041324 0 0.000000
5 0.051413 0 0.000000
6 0.061503 0 0.000000
7 0.071593 1 0.000333
8 0.081683 0 0.000000
9 0.091772 0 0.000000
10 0.101862 5 0.001667
11 0.111952 2 0.000667
12 0.122042 2 0.000667
13 0.132131 1 0.000333
14 0.142221 0 0.000000
15 0.152311 2 0.000667
16 0.162401 2 0.000667
17 0.172490 3 0.001000
18 0.182580 6 0.002000
19 0.192670 9 0.003000
20 0.202760 4 0.001333
21 0.212849 2 0.000667
22 0.222939 5 0.001667
23 0.233029 5 0.001667
24 0.243118 12 0.004000
25 0.253208 4 0.001333
26 0.263298 3 0.001000
27 0.273388 11 0.003667
28 0.283477 7 0.002333
29 0.293567 5 0.001667
30 0.303657 10 0.003333
31 0.313747 14 0.004667
32 0.323836 8 0.002667
33 0.333926 10 0.003333
34 0.344016 11 0.003667
35 0.354106 16 0.005333
36 0.364195 16 0.005333
37 0.374285 24 0.008000
38 0.384375 47 0.015667
39 0.394464 32 0.010667
40 0.404554 44 0.014667
41 0.414644 72 0.024000
42 0.424734 75 0.025000
43 0.434823 107 0.035667
44 0.444913 158 0.052667
45 0.455003 192 0.064000
46 0.465093 210 0.070000
47 0.475182 163 0.054333
48 0.485272 127 0.042333
49 0.495362 108 0.036000
50 0.505452 67 0.022333
51 0.515541 40 0.013333
52 0.525631 48 0.016000
53 0.535721 32 0.010667
54 0.545811 33 0.011000
55 0.555900 37 0.012333
56 0.565990 22 0.007333
57 0.576080 20 0.006667
58 0.586169 15 0.005000
59 0.596259 13 0.004333
60 0.606349 19 0.006333
61 0.616439 10 0.003333
62 0.626528 7 0.002333
63 0.636618 12 0.004000
64 0.646708 10 0.003333
65 0.656798 8 0.002667
66 0.666887 10 0.003333
67 0.676977 9 0.003000
68 0.687067 7 0.002333
69 0.697157 3 0.001000
70 0.707246 8 0.002667
71 0.717336 4 0.001333
72 0.727426 5 0.001667
73 0.737516 2 0.000667
74 0.747605 4 0.001333
75 0.757695 2 0.000667
76 0.767785 1 0.000333
77 0.777874 0 0.000000
78 0.787964 3 0.001000
79 0.798054 2 0.000667
80 0.808144 2 0.000667
81 0.818233 0 0.000000
82 0.828323 1 0.000333
83 0.838413 2 0.000667
84 0.848503 0 0.000000
85 0.858592 0 0.000000
86 0.868682 2 0.000667
87 0.878772 1 0.000333
88 0.888862 0 0.000000
89 0.898951 0 0.000000
90 0.909041 0 0.000000
91 0.919131 0 0.000000
92 0.929220 0 0.000000
93 0.939310 2 0.000667
94 0.949400 0 0.000000
95 0.959490 0 0.000000
96 0.969579 0 0.000000
97 0.979669 0 0.000000
98 0.989759 993 0.331000
99 0.999849 1 0.000333
