0 0.345502 1 0.001000
1 0.347594 0 0.000000
2 0.349686 0 0.000000
3 0.351777 0 0.000000
4 0.353869 0 0.000000
5 0.355961 0 0.000000
6 0.358052 0 0.000000
7 0.360144 0 0.000000
8 0.362236 0 0.000000
9 0.364327 0 0.000000
10 0.366419 0 0.000000
11 0.368511 0 0.000000
12 0.370603 0 0.000000
13 0.372694 0 0.000000
14 0.374786 0 0.000000
15 0.376878 0 0.000000
16 0.378969 0 0.000000
17 0.381061 0 0.000000
18 0.383153 0 0.000000
19 0.385244 0 0.000000
20 0.387336 0 0.000000
21 0.389428 0 0.000000
22 0.391520 0 0.000000
23 0.393611 0 0.000000
24 0.395703 0 0.000000
25 0.397795 1 0.001000
26 0.399886 1 0.001000
27 0.401978 0 0.000000
28 0.404070 0 0.000000
29 0.406161 0 0.000000
30 0.408253 0 0.000000
31 0.410345 1 0.001000
32 0.412436 1 0.001000
33 0.414528 0 0.000000
34 0.416620 0 0.000000
35 0.418712 1 0.001000
36 0.420803 3 0.003000
37 0.422895 2 0.002000
38 0.424987 2 0.002000
39 0.427078 3 0.003000
40 0.429170 6 0.006000
41 0.431262 3 0.003000
42 0.433353 0 0.000000
43 0.435445 7 0.007000
44 0.437537 8 0.008000
45 0.439629 4 0.004000
46 0.441720 9 0.009000
47 0.443812 20 0.020000
48 0.445904 21 0.021000
49 0.447995 28 0.028000
50 0.450087 24 0.024000
51 0.452179 32 0.032000
52 0.454270 36 0.036000
53 0.456362 51 0.051000
54 0.458454 70 0.070000
55 0.460545 56 0.056000
56 0.462637 67 0.067000
57 0.464729 72 0.072000
58 0.466821 83 0.083000
59 0.468912 60 0.060000
60 0.471004 52 0.052000
61 0.473096 58 0.058000
62 0.475187 27 0.027000
63 0.477279 26 0.026000
64 0.479371 30 0.030000
65 0.481462 22 0.022000
66 0.483554 22 0.022000
67 0.485646 21 0.021000
68 0.487738 9 0.009000
69 0.489829 6 0.006000
70 0.491921 4 0.004000
71 0.494013 9 0.009000
72 0.496104 4 0.004000
73 0.498196 5 0.005000
74 0.500288 7 0.007000
75 0.502379 4 0.004000
76 0.504471 4 0.004000
77 0.506563 4 0.004000
78 0.508654 2 0.002000
79 0.510746 2 0.002000
80 0.512838 3 0.003000
81 0.514930 2 0.002000
82 0.517021 1 0.001000
83 0.519113 0 0.000000
84 0.521205 0 0.000000
85 0.523296 0 0.000000
86 0.525388 1 0.001000
87 0.527480 0 0.000000
88 0.529571 0 0.000000
89 0.531663 0 0.000000
90 0.533755 0 0.000000
91 0.535846 0 0.000000
92 0.537938 0 0.000000
93 0.540030 0 0.000000
94 0.542122 1 0.001000
95 0.544213 0 0.000000
96 0.546305 0 0.000000
97 0.548397 0 0.000000
98 0.550488 0 0.000000
99 0.552580 1 0.001000
