0 0.222658 1 0.001000
1 0.228193 0 0.000000
2 0.233727 0 0.000000
3 0.239262 0 0.000000
4 0.244797 0 0.000000
5 0.250331 0 0.000000
6 0.255866 0 0.000000
7 0.261401 0 0.000000
8 0.266936 0 0.000000
9 0.272470 0 0.000000
10 0.278005 0 0.000000
11 0.283540 0 0.000000
12 0.289074 0 0.000000
13 0.294609 0 0.000000
14 0.300144 1 0.001000
15 0.305678 0 0.000000
16 0.311213 0 0.000000
17 0.316748 0 0.000000
18 0.322282 1 0.001000
19 0.327817 1 0.001000
20 0.333352 1 0.001000
21 0.338887 0 0.000000
22 0.344421 1 0.001000
23 0.349956 2 0.002000
24 0.355491 2 0.002000
25 0.361025 3 0.003000
26 0.366560 2 0.002000
27 0.372095 3 0.003000
28 0.377629 7 0.007000
29 0.383164 8 0.008000
30 0.388699 12 0.012000
31 0.394233 4 0.004000
32 0.399768 8 0.008000
33 0.405303 14 0.014000
34 0.410838 12 0.012000
35 0.416372 24 0.024000
36 0.421907 22 0.022000
37 0.427442 26 0.026000
38 0.432976 34 0.034000
39 0.438511 46 0.046000
40 0.444046 43 0.043000
41 0.449580 58 0.058000
42 0.455115 56 0.056000
43 0.460650 98 0.098000
44 0.466184 85 0.085000
45 0.471719 85 0.085000
46 0.477254 59 0.059000
47 0.482789 43 0.043000
48 0.488323 41 0.041000
49 0.493858 33 0.033000
50 0.499393 32 0.032000
51 0.504927 16 0.016000
52 0.510462 15 0.015000
53 0.515997 14 0.014000
54 0.521531 6 0.006000
55 0.527066 16 0.016000
56 0.532601 14 0.014000
57 0.538135 7 0.007000
58 0.543670 1 0.001000
59 0.549205 11 0.011000
60 0.554739 5 0.005000
61 0.560274 8 0.008000
62 0.565809 2 0.002000
63 0.571344 4 0.004000
64 0.576878 0 0.000000
65 0.582413 3 0.003000
66 0.587948 1 0.001000
67 0.593482 3 0.003000
68 0.599017 2 0.002000
69 0.604552 0 0.000000
70 0.610086 1 0.001000
71 0.615621 0 0.000000
72 0.621156 0 0.000000
73 0.626691 0 0.000000
74 0.632225 0 0.000000
75 0.637760 0 0.000000
76 0.643295 0 0.000000
77 0.648829 0 0.000000
78 0.654364 0 0.000000
79 0.659899 0 0.000000
80 0.665433 0 0.000000
81 0.670968 0 0.000000
82 0.676503 0 0.000000
83 0.682037 0 0.000000
84 0.687572 0 0.000000
85 0.693107 0 0.000000
86 0.698641 0 0.000000
87 0.704176 0 0.000000
88 0.709711 0 0.000000
89 0.715246 0 0.000000
90 0.720780 0 0.000000
91 0.726315 0 0.000000
92 0.731850 1 0.001000
93 0.737384 0 0.000000
94 0.742919 0 0.000000
95 0.748454 1 0.001000
96 0.753988 0 0.000000
97 0.759523 0 0.000000
98 0.765058 0 0.000000
99 0.770592 1 0.001000
