0 0.073360 1 0.001000
1 0.081630 3 0.003000
2 0.089900 1 0.001000
3 0.098170 1 0.001000
4 0.106440 3 0.003000
5 0.114709 1 0.001000
6 0.122979 0 0.000000
7 0.131249 0 0.000000
8 0.139519 1 0.001000
9 0.147789 1 0.001000
10 0.156058 3 0.003000
11 0.164328 2 0.002000
12 0.172598 3 0.003000
13 0.180868 6 0.006000
14 0.189138 2 0.002000
15 0.197407 4 0.004000
16 0.205677 7 0.007000
17 0.213947 3 0.003000
18 0.222217 4 0.004000
19 0.230486 3 0.003000
20 0.238756 3 0.003000
21 0.247026 5 0.005000
22 0.255296 5 0.005000
23 0.263566 7 0.007000
24 0.271835 7 0.007000
25 0.280105 8 0.008000
26 0.288375 8 0.008000
27 0.296645 5 0.005000
28 0.304915 4 0.004000
29 0.313184 6 0.006000
30 0.321454 5 0.005000
31 0.329724 9 0.009000
32 0.337994 8 0.008000
33 0.346263 12 0.012000
34 0.354533 9 0.009000
35 0.362803 5 0.005000
36 0.371073 13 0.013000
37 0.379343 15 0.015000
38 0.387612 13 0.013000
39 0.395882 21 0.021000
40 0.404152 17 0.017000
41 0.412422 23 0.023000
42 0.420692 24 0.024000
43 0.428961 25 0.025000
44 0.437231 33 0.033000
45 0.445501 48 0.048000
46 0.453771 42 0.042000
47 0.462040 39 0.039000
48 0.470310 49 0.049000
49 0.478580 58 0.058000
50 0.486850 40 0.040000
51 0.495120 41 0.041000
52 0.503389 31 0.031000
53 0.511659 22 0.022000
54 0.519929 21 0.021000
55 0.528199 20 0.020000
56 0.536469 19 0.019000
57 0.544738 13 0.013000
58 0.553008 21 0.021000
59 0.561278 18 0.018000
60 0.569548 14 0.014000
61 0.577817 14 0.014000
62 0.586087 11 0.011000
63 0.594357 9 0.009000
64 0.602627 10 0.010000
65 0.610897 11 0.011000
66 0.619166 6 0.006000
67 0.627436 9 0.009000
68 0.635706 8 0.008000
69 0.643976 10 0.010000
70 0.652246 4 0.004000
71 0.660515 9 0.009000
72 0.668785 5 0.005000
73 0.677055 5 0.005000
74 0.685325 3 0.003000
75 0.693595 10 0.010000
76 0.701864 7 0.007000
77 0.710134 4 0.004000
78 0.718404 5 0.005000
79 0.726674 2 0.002000
80 0.734943 1 0.001000
81 0.743213 2 0.002000
82 0.751483 1 0.001000
83 0.759753 3 0.003000
84 0.768023 2 0.002000
85 0.776292 1 0.001000
86 0.784562 2 0.002000
87 0.792832 0 0.000000
88 0.801102 1 0.001000
89 0.809372 1 0.001000
90 0.817641 6 0.006000
91 0.825911 0 0.000000
92 0.834181 0 0.000000
93 0.842451 1 0.001000
94 0.850720 0 0.000000
95 0.858990 1 0.001000
96 0.867260 0 0.000000
97 0.875530 0 0.000000
98 0.883800 0 0.000000
99 0.892069 1 0.001000
