0 0.073360 3 0.001000
1 0.082854 1 0.000333
2 0.092347 1 0.000333
3 0.101840 2 0.000667
4 0.111333 3 0.001000
5 0.120826 0 0.000000
6 0.130319 0 0.000000
7 0.139812 1 0.000333
8 0.149305 2 0.000667
9 0.158799 3 0.001000
10 0.168292 2 0.000667
11 0.177785 6 0.002000
12 0.187278 4 0.001333
13 0.196771 5 0.001667
14 0.206264 6 0.002000
15 0.215757 6 0.002000
16 0.225250 2 0.000667
17 0.234744 3 0.001000
18 0.244237 7 0.002333
19 0.253730 5 0.001667
20 0.263223 8 0.002667
21 0.272716 9 0.003000
22 0.282209 8 0.002667
23 0.291702 7 0.002333
24 0.301195 5 0.001667
25 0.310688 7 0.002333
26 0.320182 6 0.002000
27 0.329675 9 0.003000
28 0.339168 12 0.004000
29 0.348661 15 0.005000
30 0.358154 5 0.001667
31 0.367647 11 0.003667
32 0.377140 19 0.006333
33 0.386633 15 0.005000
34 0.396127 27 0.009000
35 0.405620 19 0.006333
36 0.415113 32 0.010667
37 0.424606 47 0.015667
38 0.434099 57 0.019000
39 0.443592 157 0.052333
40 0.453085 280 0.093333
41 0.462578 357 0.119000
42 0.472071 227 0.075667
43 0.481565 142 0.047333
44 0.491058 69 0.023000
45 0.500551 60 0.020000
46 0.510044 33 0.011000
47 0.519537 24 0.008000
48 0.529030 26 0.008667
49 0.538523 17 0.005667
50 0.548016 21 0.007000
51 0.557510 22 0.007333
52 0.567003 17 0.005667
53 0.576496 17 0.005667
54 0.585989 11 0.003667
55 0.595482 12 0.004000
56 0.604975 10 0.003333
57 0.614468 11 0.003667
58 0.623961 8 0.002667
59 0.633455 10 0.003333
60 0.642948 12 0.004000
61 0.652441 5 0.001667
62 0.661934 8 0.002667
63 0.671427 9 0.003000
64 0.680920 3 0.001000
65 0.690413 9 0.003000
66 0.699906 8 0.002667
67 0.709399 5 0.001667
68 0.718893 6 0.002000
69 0.728386 1 0.000333
70 0.737879 1 0.000333
71 0.747372 3 0.001000
72 0.756865 3 0.001000
73 0.766358 2 0.000667
74 0.775851 2 0.000667
75 0.785344 1 0.000333
76 0.794838 0 0.000000
77 0.804331 1 0.000333
78 0.813824 6 0.002000
79 0.823317 1 0.000333
80 0.832810 0 0.000000
81 0.842303 1 0.000333
82 0.851796 0 0.000000
83 0.861289 1 0.000333
84 0.870782 0 0.000000
85 0.880276 0 0.000000
86 0.889769 1 0.000333
87 0.899262 0 0.000000
88 0.908755 0 0.000000
89 0.918248 0 0.000000
90 0.927741 0 0.000000
91 0.937234 5 0.001667
92 0.946727 14 0.004667
93 0.956221 20 0.006667
94 0.965714 18 0.006000
95 0.975207 13 0.004333
96 0.984700 298 0.099333
97 0.994193 586 0.195333
98 1.003686 45 0.015000
99 1.013179 1 0.000333
