0 0.941587 1 0.001000
1 0.942310 0 0.000000
2 0.943033 1 0.001000
3 0.943756 0 0.000000
4 0.944480 1 0.001000
5 0.945203 2 0.002000
6 0.945926 0 0.000000
7 0.946649 0 0.000000
8 0.947372 1 0.001000
9 0.948095 1 0.001000
10 0.948819 3 0.003000
11 0.949542 0 0.000000
12 0.950265 0 0.000000
13 0.950988 0 0.000000
14 0.951711 1 0.001000
15 0.952434 1 0.001000
16 0.953157 3 0.003000
17 0.953881 1 0.001000
18 0.954604 2 0.002000
19 0.955327 1 0.001000
20 0.956050 1 0.001000
21 0.956773 1 0.001000
22 0.957496 1 0.001000
23 0.958220 1 0.001000
24 0.958943 2 0.002000
25 0.959666 2 0.002000
26 0.960389 1 0.001000
27 0.961112 3 0.003000
28 0.961835 1 0.001000
29 0.962558 0 0.000000
30 0.963282 2 0.002000
31 0.964005 2 0.002000
32 0.964728 1 0.001000
33 0.965451 3 0.003000
34 0.966174 1 0.001000
35 0.966897 1 0.001000
36 0.967621 1 0.001000
37 0.968344 2 0.002000
38 0.969067 2 0.002000
39 0.969790 2 0.002000
40 0.970513 1 0.001000
41 0.971236 1 0.001000
42 0.971959 3 0.003000
43 0.972683 0 0.000000
44 0.973406 1 0.001000
45 0.974129 1 0.001000
46 0.974852 1 0.001000
47 0.975575 1 0.001000
48 0.976298 0 0.000000
49 0.977022 0 0.000000
50 0.977745 2 0.002000
51 0.978468 2 0.002000
52 0.979191 0 0.000000
53 0.979914 0 0.000000
54 0.980637 0 0.000000
55 0.981360 0 0.000000
56 0.982084 1 0.001000
57 0.982807 3 0.003000
58 0.983530 1 0.001000
59 0.984253 3 0.003000
60 0.984976 3 0.003000
61 0.985699 6 0.006000
62 0.986423 7 0.007000
63 0.987146 7 0.007000
64 0.987869 12 0.012000
65 0.988592 18 0.018000
66 0.989315 20 0.020000
67 0.990038 23 0.023000
68 0.990762 22 0.022000
69 0.991485 43 0.043000
70 0.992208 45 0.045000
71 0.992931 55 0.055000
72 0.993654 49 0.049000
73 0.994377 50 0.050000
74 0.995100 60 0.060000
75 0.995824 69 0.069000
76 0.996547 54 0.054000
77 0.997270 55 0.055000
78 0.997993 62 0.062000
79 0.998716 50 0.050000
80 0.999439 46 0.046000
81 1.000162 42 0.042000
82 1.000886 33 0.033000
83 1.001609 19 0.019000
84 1.002332 23 0.023000
85 1.003055 12 0.012000
86 1.003778 9 0.009000
87 1.004501 12 0.012000
88 1.005225 7 0.007000
89 1.005948 2 0.002000
90 1.006671 2 0.002000
91 1.007394 4 0.004000
92 1.008117 4 0.004000
93 1.008840 1 0.001000
94 1.009564 1 0.001000
95 1.010287 2 0.002000
96 1.011010 0 0.000000
97 1.011733 0 0.000000
98 1.012456 0 0.000000
99 1.013179 1 0.001000
