0 0.033870 2 0.002000
1 0.043047 0 0.000000
2 0.052225 0 0.000000
3 0.061402 0 0.000000
4 0.070580 1 0.001000
5 0.079757 0 0.000000
6 0.088935 0 0.000000
7 0.098112 3 0.003000
8 0.107290 3 0.003000
9 0.116467 3 0.003000
10 0.125645 0 0.000000
11 0.134822 1 0.001000
12 0.144000 0 0.000000
13 0.153177 2 0.002000
14 0.162355 2 0.002000
15 0.171532 2 0.002000
16 0.180710 5 0.005000
17 0.189887 8 0.008000
18 0.199065 3 0.003000
19 0.208242 5 0.005000
20 0.217420 3 0.003000
21 0.226597 3 0.003000
22 0.235775 5 0.005000
23 0.244952 11 0.011000
24 0.254130 4 0.004000
25 0.263307 2 0.002000
26 0.272485 10 0.010000
27 0.281662 7 0.007000
28 0.290840 6 0.006000
29 0.300017 4 0.004000
30 0.309195 14 0.014000
31 0.318372 7 0.007000
32 0.327550 5 0.005000
33 0.336727 9 0.009000
34 0.345905 11 0.011000
35 0.355082 10 0.010000
36 0.364260 10 0.010000
37 0.373437 11 0.011000
38 0.382615 24 0.024000
39 0.391792 22 0.022000
40 0.400970 19 0.019000
41 0.410147 23 0.023000
42 0.419325 24 0.024000
43 0.428502 29 0.029000
44 0.437680 35 0.035000
45 0.446857 61 0.061000
46 0.456035 48 0.048000
47 0.465212 46 0.046000
48 0.474390 50 0.050000
49 0.483567 43 0.043000
50 0.492745 53 0.053000
51 0.501922 42 0.042000
52 0.511100 24 0.024000
53 0.520277 20 0.020000
54 0.529455 20 0.020000
55 0.538632 17 0.017000
56 0.547810 18 0.018000
57 0.556987 25 0.025000
58 0.566165 15 0.015000
59 0.575342 15 0.015000
60 0.584520 10 0.010000
61 0.593697 10 0.010000
62 0.602875 14 0.014000
63 0.612052 12 0.012000
64 0.621230 8 0.008000
65 0.630407 6 0.006000
66 0.639585 12 0.012000
67 0.648762 9 0.009000
68 0.657940 7 0.007000
69 0.667117 10 0.010000
70 0.676295 7 0.007000
71 0.685472 7 0.007000
72 0.694650 5 0.005000
73 0.703827 2 0.002000
74 0.713005 6 0.006000
75 0.722182 5 0.005000
76 0.731360 5 0.005000
77 0.740537 0 0.000000
78 0.749715 4 0.004000
79 0.758892 1 0.001000
80 0.768070 0 0.000000
81 0.777247 0 0.000000
82 0.786425 2 0.002000
83 0.795602 2 0.002000
84 0.804780 3 0.003000
85 0.813957 0 0.000000
86 0.823135 0 0.000000
87 0.832312 1 0.001000
88 0.841490 2 0.002000
89 0.850667 0 0.000000
90 0.859845 0 0.000000
91 0.869022 2 0.002000
92 0.878200 1 0.001000
93 0.887377 0 0.000000
94 0.896555 0 0.000000
95 0.905732 0 0.000000
96 0.914910 0 0.000000
97 0.924087 0 0.000000
98 0.933265 2 0.002000
99 0.942442 0 0.000000
