0 -0.187679 1 0.000333
1 -0.184027 0 0.000000
2 -0.180376 0 0.000000
3 -0.176725 0 0.000000
4 -0.173073 0 0.000000
5 -0.169422 0 0.000000
6 -0.165770 0 0.000000
7 -0.162119 0 0.000000
8 -0.158468 1 0.000333
9 -0.154816 0 0.000000
10 -0.151165 1 0.000333
11 -0.147513 0 0.000000
12 -0.143862 0 0.000000
13 -0.140211 1 0.000333
14 -0.136559 0 0.000000
15 -0.132908 0 0.000000
16 -0.129256 2 0.000667
17 -0.125605 1 0.000333
18 -0.121954 1 0.000333
19 -0.118302 1 0.000333
20 -0.114651 3 0.001000
21 -0.110999 4 0.001333
22 -0.107348 2 0.000667
23 -0.103697 2 0.000667
24 -0.100045 0 0.000000
25 -0.096394 1 0.000333
26 -0.092742 4 0.001333
27 -0.089091 5 0.001667
28 -0.085440 1 0.000333
29 -0.081788 9 0.003000
30 -0.078137 3 0.001000
31 -0.074485 4 0.001333
32 -0.070834 7 0.002333
33 -0.067183 3 0.001000
34 -0.063531 6 0.002000
35 -0.059880 8 0.002667
36 -0.056228 9 0.003000
37 -0.052577 13 0.004333
38 -0.048926 18 0.006000
39 -0.045274 13 0.004333
40 -0.041623 24 0.008000
41 -0.037971 21 0.007000
42 -0.034320 25 0.008333
43 -0.030669 35 0.011667
44 -0.027017 46 0.015333
45 -0.023366 72 0.024000
46 -0.019714 64 0.021333
47 -0.016063 89 0.029667
48 -0.012412 121 0.040333
49 -0.008760 155 0.051667
50 -0.005109 228 0.076000
51 -0.001457 391 0.130333
52 0.002194 432 0.144000
53 0.005845 376 0.125333
54 0.009497 193 0.064333
55 0.013148 94 0.031333
56 0.016800 83 0.027667
57 0.020451 71 0.023667
58 0.024102 52 0.017333
59 0.027754 44 0.014667
60 0.031405 43 0.014333
61 0.035057 25 0.008333
62 0.038708 23 0.007667
63 0.042359 17 0.005667
64 0.046011 17 0.005667
65 0.049662 18 0.006000
66 0.053313 17 0.005667
67 0.056965 16 0.005333
68 0.060616 9 0.003000
69 0.064268 12 0.004000
70 0.067919 5 0.001667
71 0.071570 8 0.002667
72 0.075222 12 0.004000
73 0.078873 4 0.001333
74 0.082525 5 0.001667
75 0.086176 2 0.000667
76 0.089827 4 0.001333
77 0.093479 3 0.001000
78 0.097130 2 0.000667
79 0.100782 1 0.000333
80 0.104433 6 0.002000
81 0.108084 2 0.000667
82 0.111736 0 0.000000
83 0.115387 1 0.000333
84 0.119039 2 0.000667
85 0.122690 0 0.000000
86 0.126341 0 0.000000
87 0.129993 0 0.000000
88 0.133644 1 0.000333
89 0.137296 2 0.000667
90 0.140947 1 0.000333
91 0.144598 1 0.000333
92 0.148250 0 0.000000
93 0.151901 0 0.000000
94 0.155553 0 0.000000
95 0.159204 0 0.000000
96 0.162855 0 0.000000
97 0.166507 0 0.000000
98 0.170158 0 0.000000
99 0.173810 1 0.000333
