0 -0.112841 1 0.001000
1 -0.110469 0 0.000000
2 -0.108098 1 0.001000
3 -0.105726 0 0.000000
4 -0.103354 1 0.001000
5 -0.100982 0 0.000000
6 -0.098610 0 0.000000
7 -0.096239 0 0.000000
8 -0.093867 1 0.001000
9 -0.091495 2 0.002000
10 -0.089123 1 0.001000
11 -0.086751 0 0.000000
12 -0.084379 0 0.000000
13 -0.082008 2 0.002000
14 -0.079636 1 0.001000
15 -0.077264 0 0.000000
16 -0.074892 2 0.002000
17 -0.072520 1 0.001000
18 -0.070149 3 0.003000
19 -0.067777 0 0.000000
20 -0.065405 2 0.002000
21 -0.063033 0 0.000000
22 -0.060661 1 0.001000
23 -0.058289 3 0.003000
24 -0.055918 0 0.000000
25 -0.053546 1 0.001000
26 -0.051174 2 0.002000
27 -0.048802 3 0.003000
28 -0.046430 1 0.001000
29 -0.044059 4 0.004000
30 -0.041687 5 0.005000
31 -0.039315 4 0.004000
32 -0.036943 8 0.008000
33 -0.034571 5 0.005000
34 -0.032200 8 0.008000
35 -0.029828 7 0.007000
36 -0.027456 11 0.011000
37 -0.025084 12 0.012000
38 -0.022712 23 0.023000
39 -0.020340 21 0.021000
40 -0.017969 20 0.020000
41 -0.015597 33 0.033000
42 -0.013225 41 0.041000
43 -0.010853 43 0.043000
44 -0.008481 45 0.045000
45 -0.006110 62 0.062000
46 -0.003738 60 0.060000
47 -0.001366 66 0.066000
48 0.001006 74 0.074000
49 0.003378 58 0.058000
50 0.005749 79 0.079000
51 0.008121 46 0.046000
52 0.010493 46 0.046000
53 0.012865 22 0.022000
54 0.015237 25 0.025000
55 0.017609 24 0.024000
56 0.019980 16 0.016000
57 0.022352 15 0.015000
58 0.024724 11 0.011000
59 0.027096 5 0.005000
60 0.029468 14 0.014000
61 0.031839 11 0.011000
62 0.034211 3 0.003000
63 0.036583 7 0.007000
64 0.038955 7 0.007000
65 0.041327 4 0.004000
66 0.043699 0 0.000000
67 0.046070 5 0.005000
68 0.048442 2 0.002000
69 0.050814 3 0.003000
70 0.053186 1 0.001000
71 0.055558 1 0.001000
72 0.057929 3 0.003000
73 0.060301 2 0.002000
74 0.062673 1 0.001000
75 0.065045 1 0.001000
76 0.067417 1 0.001000
77 0.069788 0 0.000000
78 0.072160 1 0.001000
79 0.074532 1 0.001000
80 0.076904 1 0.001000
81 0.079276 1 0.001000
82 0.081648 0 0.000000
83 0.084019 0 0.000000
84 0.086391 0 0.000000
85 0.088763 0 0.000000
86 0.091135 0 0.000000
87 0.093507 0 0.000000
88 0.095878 0 0.000000
89 0.098250 0 0.000000
90 0.100622 0 0.000000
91 0.102994 0 0.000000
92 0.105366 0 0.000000
93 0.107737 1 0.001000
94 0.110109 0 0.000000
95 0.112481 0 0.000000
96 0.114853 0 0.000000
97 0.117225 0 0.000000
98 0.119597 0 0.000000
99 0.121968 1 0.001000
