0 0.000000 2183 0.727667
1 0.000356 265 0.088333
2 0.000712 132 0.044000
3 0.001067 74 0.024667
4 0.001423 53 0.017667
5 0.001779 37 0.012333
6 0.002135 33 0.011000
7 0.002491 29 0.009667
8 0.002846 23 0.007667
9 0.003202 19 0.006333
10 0.003558 15 0.005000
11 0.003914 11 0.003667
12 0.004269 11 0.003667
13 0.004625 7 0.002333
14 0.004981 11 0.003667
15 0.005337 5 0.001667
16 0.005693 10 0.003333
17 0.006048 10 0.003333
18 0.006404 6 0.002000
19 0.006760 4 0.001333
20 0.007116 5 0.001667
21 0.007472 2 0.000667
22 0.007827 7 0.002333
23 0.008183 1 0.000333
24 0.008539 5 0.001667
25 0.008895 2 0.000667
26 0.009251 0 0.000000
27 0.009606 1 0.000333
28 0.009962 1 0.000333
29 0.010318 3 0.001000
30 0.010674 2 0.000667
31 0.011030 1 0.000333
32 0.011385 7 0.002333
33 0.011741 4 0.001333
34 0.012097 1 0.000333
35 0.012453 1 0.000333
36 0.012808 1 0.000333
37 0.013164 1 0.000333
38 0.013520 0 0.000000
39 0.013876 1 0.000333
40 0.014232 1 0.000333
41 0.014587 2 0.000667
42 0.014943 0 0.000000
43 0.015299 1 0.000333
44 0.015655 0 0.000000
45 0.016011 1 0.000333
46 0.016366 1 0.000333
47 0.016722 0 0.000000
48 0.017078 0 0.000000
49 0.017434 0 0.000000
50 0.017790 1 0.000333
51 0.018145 0 0.000000
52 0.018501 1 0.000333
53 0.018857 2 0.000667
54 0.019213 0 0.000000
55 0.019568 0 0.000000
56 0.019924 0 0.000000
57 0.020280 1 0.000333
58 0.020636 0 0.000000
59 0.020992 1 0.000333
60 0.021347 0 0.000000
61 0.021703 0 0.000000
62 0.022059 0 0.000000
63 0.022415 1 0.000333
64 0.022771 0 0.000000
65 0.023126 0 0.000000
66 0.023482 0 0.000000
67 0.023838 0 0.000000
68 0.024194 1 0.000333
69 0.024550 0 0.000000
70 0.024905 0 0.000000
71 0.025261 0 0.000000
72 0.025617 0 0.000000
73 0.025973 0 0.000000
74 0.026329 0 0.000000
75 0.026684 0 0.000000
76 0.027040 0 0.000000
77 0.027396 0 0.000000
78 0.027752 0 0.000000
79 0.028107 0 0.000000
80 0.028463 0 0.000000
81 0.028819 0 0.000000
82 0.029175 0 0.000000
83 0.029531 0 0.000000
84 0.029886 1 0.000333
85 0.030242 0 0.000000
86 0.030598 0 0.000000
87 0.030954 0 0.000000
88 0.031310 0 0.000000
89 0.031665 0 0.000000
90 0.032021 0 0.000000
91 0.032377 0 0.000000
92 0.032733 0 0.000000
93 0.033089 0 0.000000
94 0.033444 0 0.000000
95 0.033800 0 0.000000
96 0.034156 0 0.000000
97 0.034512 0 0.000000
98 0.034868 0 0.000000
99 0.035223 1 0.000333
