0 -0.187679 1 0.001000
1 -0.184027 0 0.000000
2 -0.180376 0 0.000000
3 -0.176725 0 0.000000
4 -0.173073 0 0.000000
5 -0.169422 0 0.000000
6 -0.165770 0 0.000000
7 -0.162119 0 0.000000
8 -0.158468 1 0.001000
9 -0.154816 0 0.000000
10 -0.151165 1 0.001000
11 -0.147513 0 0.000000
12 -0.143862 0 0.000000
13 -0.140211 1 0.001000
14 -0.136559 0 0.000000
15 -0.132908 0 0.000000
16 -0.129256 2 0.002000
17 -0.125605 1 0.001000
18 -0.121954 1 0.001000
19 -0.118302 1 0.001000
20 -0.114651 2 0.002000
21 -0.110999 4 0.004000
22 -0.107348 1 0.001000
23 -0.103697 1 0.001000
24 -0.100045 0 0.000000
25 -0.096394 0 0.000000
26 -0.092742 2 0.002000
27 -0.089091 4 0.004000
28 -0.085440 1 0.001000
29 -0.081788 6 0.006000
30 -0.078137 3 0.003000
31 -0.074485 2 0.002000
32 -0.070834 3 0.003000
33 -0.067183 1 0.001000
34 -0.063531 5 0.005000
35 -0.059880 7 0.007000
36 -0.056228 7 0.007000
37 -0.052577 10 0.010000
38 -0.048926 14 0.014000
39 -0.045274 9 0.009000
40 -0.041623 16 0.016000
41 -0.037971 12 0.012000
42 -0.034320 16 0.016000
43 -0.030669 23 0.023000
44 -0.027017 26 0.026000
45 -0.023366 40 0.040000
46 -0.019714 31 0.031000
47 -0.016063 39 0.039000
48 -0.012412 44 0.044000
49 -0.008760 48 0.048000
50 -0.005109 56 0.056000
51 -0.001457 59 0.059000
52 0.002194 68 0.068000
53 0.005845 60 0.060000
54 0.009497 46 0.046000
55 0.013148 40 0.040000
56 0.016800 38 0.038000
57 0.020451 36 0.036000
58 0.024102 29 0.029000
59 0.027754 31 0.031000
60 0.031405 21 0.021000
61 0.035057 12 0.012000
62 0.038708 12 0.012000
63 0.042359 11 0.011000
64 0.046011 9 0.009000
65 0.049662 10 0.010000
66 0.053313 10 0.010000
67 0.056965 9 0.009000
68 0.060616 6 0.006000
69 0.064268 4 0.004000
70 0.067919 4 0.004000
71 0.071570 5 0.005000
72 0.075222 7 0.007000
73 0.078873 1 0.001000
74 0.082525 3 0.003000
75 0.086176 2 0.002000
76 0.089827 4 0.004000
77 0.093479 3 0.003000
78 0.097130 2 0.002000
79 0.100782 1 0.001000
80 0.104433 6 0.006000
81 0.108084 1 0.001000
82 0.111736 0 0.000000
83 0.115387 1 0.001000
84 0.119039 1 0.001000
85 0.122690 0 0.000000
86 0.126341 0 0.000000
87 0.129993 0 0.000000
88 0.133644 1 0.001000
89 0.137296 2 0.002000
90 0.140947 1 0.001000
91 0.144598 1 0.001000
92 0.148250 0 0.000000
93 0.151901 0 0.000000
94 0.155553 0 0.000000
95 0.159204 0 0.000000
96 0.162855 0 0.000000
97 0.166507 0 0.000000
98 0.170158 0 0.000000
99 0.173810 1 0.001000
