0 -0.017337 2 0.002000
1 -0.016299 0 0.000000
2 -0.015262 1 0.001000
3 -0.014225 2 0.002000
4 -0.013188 2 0.002000
5 -0.012151 1 0.001000
6 -0.011114 1 0.001000
7 -0.010076 4 0.004000
8 -0.009039 3 0.003000
9 -0.008002 6 0.006000
10 -0.006965 9 0.009000
11 -0.005928 20 0.020000
12 -0.004891 12 0.012000
13 -0.003854 19 0.019000
14 -0.002816 27 0.027000
15 -0.001779 38 0.038000
16 -0.000742 59 0.059000
17 0.000295 84 0.084000
18 0.001332 67 0.067000
19 0.002369 70 0.070000
20 0.003407 90 0.090000
21 0.004444 72 0.072000
22 0.005481 76 0.076000
23 0.006518 67 0.067000
24 0.007555 48 0.048000
25 0.008592 53 0.053000
26 0.009629 28 0.028000
27 0.010667 22 0.022000
28 0.011704 24 0.024000
29 0.012741 6 0.006000
30 0.013778 5 0.005000
31 0.014815 4 0.004000
32 0.015852 4 0.004000
33 0.016890 2 0.002000
34 0.017927 4 0.004000
35 0.018964 3 0.003000
36 0.020001 3 0.003000
37 0.021038 1 0.001000
38 0.022075 2 0.002000
39 0.023112 3 0.003000
40 0.024150 1 0.001000
41 0.025187 3 0.003000
42 0.026224 3 0.003000
43 0.027261 0 0.000000
44 0.028298 1 0.001000
45 0.029335 2 0.002000
46 0.030373 0 0.000000
47 0.031410 1 0.001000
48 0.032447 1 0.001000
49 0.033484 3 0.003000
50 0.034521 2 0.002000
51 0.035558 1 0.001000
52 0.036595 0 0.000000
53 0.037633 1 0.001000
54 0.038670 1 0.001000
55 0.039707 0 0.000000
56 0.040744 0 0.000000
57 0.041781 0 0.000000
58 0.042818 1 0.001000
59 0.043856 2 0.002000
60 0.044893 2 0.002000
61 0.045930 0 0.000000
62 0.046967 1 0.001000
63 0.048004 0 0.000000
64 0.049041 3 0.003000
65 0.050078 1 0.001000
66 0.051116 0 0.000000
67 0.052153 1 0.001000
68 0.053190 1 0.001000
69 0.054227 3 0.003000
70 0.055264 0 0.000000
71 0.056301 1 0.001000
72 0.057339 1 0.001000
73 0.058376 1 0.001000
74 0.059413 2 0.002000
75 0.060450 1 0.001000
76 0.061487 0 0.000000
77 0.062524 0 0.000000
78 0.063561 2 0.002000
79 0.064599 1 0.001000
80 0.065636 1 0.001000
81 0.066673 2 0.002000
82 0.067710 0 0.000000
83 0.068747 0 0.000000
84 0.069784 0 0.000000
85 0.070822 0 0.000000
86 0.071859 1 0.001000
87 0.072896 1 0.001000
88 0.073933 0 0.000000
89 0.074970 1 0.001000
90 0.076007 0 0.000000
91 0.077044 0 0.000000
92 0.078082 2 0.002000
93 0.079119 1 0.001000
94 0.080156 1 0.001000
95 0.081193 0 0.000000
96 0.082230 1 0.001000
97 0.083267 0 0.000000
98 0.084305 0 0.000000
99 0.085342 1 0.001000
