0 0.090513 1 0.000333
1 0.099837 1 0.000333
2 0.109161 0 0.000000
3 0.118485 1 0.000333
4 0.127809 2 0.000667
5 0.137133 3 0.001000
6 0.146456 1 0.000333
7 0.155780 1 0.000333
8 0.165104 2 0.000667
9 0.174428 0 0.000000
10 0.183752 4 0.001333
11 0.193076 3 0.001000
12 0.202400 5 0.001667
13 0.211723 7 0.002333
14 0.221047 6 0.002000
15 0.230371 5 0.001667
16 0.239695 10 0.003333
17 0.249019 4 0.001333
18 0.258343 4 0.001333
19 0.267667 9 0.003000
20 0.276990 8 0.002667
21 0.286314 5 0.001667
22 0.295638 6 0.002000
23 0.304962 5 0.001667
24 0.314286 7 0.002333
25 0.323610 8 0.002667
26 0.332934 12 0.004000
27 0.342257 6 0.002000
28 0.351581 11 0.003667
29 0.360905 16 0.005333
30 0.370229 7 0.002333
31 0.379553 5 0.001667
32 0.388877 19 0.006333
33 0.398201 17 0.005667
34 0.407524 28 0.009333
35 0.416848 34 0.011333
36 0.426172 51 0.017000
37 0.435496 98 0.032667
38 0.444820 193 0.064333
39 0.454144 315 0.105000
40 0.463468 302 0.100667
41 0.472791 194 0.064667
42 0.482115 115 0.038333
43 0.491439 76 0.025333
44 0.500763 35 0.011667
45 0.510087 35 0.011667
46 0.519411 33 0.011000
47 0.528735 27 0.009000
48 0.538059 16 0.005333
49 0.547382 22 0.007333
50 0.556706 16 0.005333
51 0.566030 17 0.005667
52 0.575354 12 0.004000
53 0.584678 12 0.004000
54 0.594002 13 0.004333
55 0.603325 10 0.003333
56 0.612649 16 0.005333
57 0.621973 11 0.003667
58 0.631297 7 0.002333
59 0.640621 12 0.004000
60 0.649945 12 0.004000
61 0.659269 10 0.003333
62 0.668593 6 0.002000
63 0.677916 10 0.003333
64 0.687240 9 0.003000
65 0.696564 5 0.001667
66 0.705888 2 0.000667
67 0.715212 6 0.002000
68 0.724536 3 0.001000
69 0.733860 3 0.001000
70 0.743183 4 0.001333
71 0.752507 7 0.002333
72 0.761831 3 0.001000
73 0.771155 3 0.001000
74 0.780479 2 0.000667
75 0.789803 3 0.001000
76 0.799127 4 0.001333
77 0.808450 2 0.000667
78 0.817774 1 0.000333
79 0.827098 1 0.000333
80 0.836422 1 0.000333
81 0.845746 0 0.000000
82 0.855070 0 0.000000
83 0.864394 2 0.000667
84 0.873717 0 0.000000
85 0.883041 0 0.000000
86 0.892365 0 0.000000
87 0.901689 0 0.000000
88 0.911013 6 0.002000
89 0.920337 3 0.001000
90 0.929661 11 0.003667
91 0.938984 10 0.003333
92 0.948308 7 0.002333
93 0.957632 10 0.003333
94 0.966956 19 0.006333
95 0.976280 66 0.022000
96 0.985604 541 0.180333
97 0.994928 309 0.103000
98 1.004251 17 0.005667
99 1.013575 1 0.000333
