0 0.994445 3 0.003000
1 0.994498 1 0.001000
2 0.994550 0 0.000000
3 0.994603 3 0.003000
4 0.994656 0 0.000000
5 0.994708 2 0.002000
6 0.994761 0 0.000000
7 0.994813 1 0.001000
8 0.994866 5 0.005000
9 0.994918 2 0.002000
10 0.994971 0 0.000000
11 0.995023 1 0.001000
12 0.995076 0 0.000000
13 0.995129 1 0.001000
14 0.995181 0 0.000000
15 0.995234 1 0.001000
16 0.995286 0 0.000000
17 0.995339 0 0.000000
18 0.995391 2 0.002000
19 0.995444 8 0.008000
20 0.995496 3 0.003000
21 0.995549 3 0.003000
22 0.995601 7 0.007000
23 0.995654 3 0.003000
24 0.995707 7 0.007000
25 0.995759 9 0.009000
26 0.995812 18 0.018000
27 0.995864 9 0.009000
28 0.995917 25 0.025000
29 0.995969 24 0.024000
30 0.996022 31 0.031000
31 0.996074 35 0.035000
32 0.996127 23 0.023000
33 0.996180 23 0.023000
34 0.996232 20 0.020000
35 0.996285 24 0.024000
36 0.996337 22 0.022000
37 0.996390 28 0.028000
38 0.996442 23 0.023000
39 0.996495 16 0.016000
40 0.996547 22 0.022000
41 0.996600 13 0.013000
42 0.996652 26 0.026000
43 0.996705 34 0.034000
44 0.996758 22 0.022000
45 0.996810 20 0.020000
46 0.996863 23 0.023000
47 0.996915 28 0.028000
48 0.996968 34 0.034000
49 0.997020 24 0.024000
50 0.997073 29 0.029000
51 0.997125 26 0.026000
52 0.997178 25 0.025000
53 0.997231 22 0.022000
54 0.997283 26 0.026000
55 0.997336 30 0.030000
56 0.997388 24 0.024000
57 0.997441 23 0.023000
58 0.997493 28 0.028000
59 0.997546 16 0.016000
60 0.997598 9 0.009000
61 0.997651 9 0.009000
62 0.997703 3 0.003000
63 0.997756 6 0.006000
64 0.997809 8 0.008000
65 0.997861 1 0.001000
66 0.997914 3 0.003000
67 0.997966 5 0.005000
68 0.998019 8 0.008000
69 0.998071 6 0.006000
70 0.998124 3 0.003000
71 0.998176 7 0.007000
72 0.998229 3 0.003000
73 0.998282 5 0.005000
74 0.998334 6 0.006000
75 0.998387 4 0.004000
76 0.998439 2 0.002000
77 0.998492 1 0.001000
78 0.998544 3 0.003000
79 0.998597 3 0.003000
80 0.998649 1 0.001000
81 0.998702 2 0.002000
82 0.998755 3 0.003000
83 0.998807 2 0.002000
84 0.998860 2 0.002000
85 0.998912 2 0.002000
86 0.998965 3 0.003000
87 0.999017 3 0.003000
88 0.999070 1 0.001000
89 0.999122 4 0.004000
90 0.999175 0 0.000000
91 0.999227 2 0.002000
92 0.999280 0 0.000000
93 0.999333 0 0.000000
94 0.999385 0 0.000000
95 0.999438 0 0.000000
96 0.999490 0 0.000000
97 0.999543 0 0.000000
98 0.999595 1 0.001000
99 0.999648 1 0.001000
