0 0.090513 1 0.001000
1 0.098414 1 0.001000
2 0.106315 0 0.000000
3 0.114216 0 0.000000
4 0.122117 1 0.001000
5 0.130018 2 0.002000
6 0.137919 3 0.003000
7 0.145820 0 0.000000
8 0.153721 2 0.002000
9 0.161622 1 0.001000
10 0.169524 1 0.001000
11 0.177425 0 0.000000
12 0.185326 5 0.005000
13 0.193227 2 0.002000
14 0.201128 3 0.003000
15 0.209029 7 0.007000
16 0.216930 3 0.003000
17 0.224831 7 0.007000
18 0.232732 4 0.004000
19 0.240633 9 0.009000
20 0.248534 3 0.003000
21 0.256435 4 0.004000
22 0.264336 4 0.004000
23 0.272237 9 0.009000
24 0.280138 5 0.005000
25 0.288039 7 0.007000
26 0.295940 4 0.004000
27 0.303841 3 0.003000
28 0.311742 8 0.008000
29 0.319643 4 0.004000
30 0.327544 7 0.007000
31 0.335445 11 0.011000
32 0.343346 4 0.004000
33 0.351247 7 0.007000
34 0.359148 12 0.012000
35 0.367049 12 0.012000
36 0.374950 3 0.003000
37 0.382851 11 0.011000
38 0.390752 14 0.014000
39 0.398653 16 0.016000
40 0.406554 10 0.010000
41 0.414455 23 0.023000
42 0.422356 31 0.031000
43 0.430257 24 0.024000
44 0.438158 36 0.036000
45 0.446059 40 0.040000
46 0.453961 44 0.044000
47 0.461862 34 0.034000
48 0.469763 57 0.057000
49 0.477664 42 0.042000
50 0.485565 42 0.042000
51 0.493466 39 0.039000
52 0.501367 24 0.024000
53 0.509268 22 0.022000
54 0.517169 34 0.034000
55 0.525070 19 0.019000
56 0.532971 22 0.022000
57 0.540872 14 0.014000
58 0.548773 18 0.018000
59 0.556674 14 0.014000
60 0.564575 16 0.016000
61 0.572476 7 0.007000
62 0.580377 13 0.013000
63 0.588278 11 0.011000
64 0.596179 10 0.010000
65 0.604080 9 0.009000
66 0.611981 15 0.015000
67 0.619882 8 0.008000
68 0.627783 8 0.008000
69 0.635684 7 0.007000
70 0.643585 9 0.009000
71 0.651486 11 0.011000
72 0.659387 8 0.008000
73 0.667288 7 0.007000
74 0.675189 7 0.007000
75 0.683090 8 0.008000
76 0.690991 7 0.007000
77 0.698892 3 0.003000
78 0.706793 2 0.002000
79 0.714694 5 0.005000
80 0.722595 4 0.004000
81 0.730496 1 0.001000
82 0.738397 4 0.004000
83 0.746299 5 0.005000
84 0.754200 4 0.004000
85 0.762101 3 0.003000
86 0.770002 2 0.002000
87 0.777903 2 0.002000
88 0.785804 2 0.002000
89 0.793705 4 0.004000
90 0.801606 2 0.002000
91 0.809507 2 0.002000
92 0.817408 1 0.001000
93 0.825309 0 0.000000
94 0.833210 2 0.002000
95 0.841111 0 0.000000
96 0.849012 0 0.000000
97 0.856913 0 0.000000
98 0.864814 2 0.002000
99 0.872715 0 0.000000
