0 0.001484 1 0.000333
1 0.011567 0 0.000000
2 0.021649 0 0.000000
3 0.031732 0 0.000000
4 0.041814 0 0.000000
5 0.051897 0 0.000000
6 0.061979 0 0.000000
7 0.072062 0 0.000000
8 0.082144 0 0.000000
9 0.092227 0 0.000000
10 0.102309 0 0.000000
11 0.112392 5 0.001667
12 0.122474 1 0.000333
13 0.132556 0 0.000000
14 0.142639 1 0.000333
15 0.152721 3 0.001000
16 0.162804 6 0.002000
17 0.172886 7 0.002333
18 0.182969 3 0.001000
19 0.193051 2 0.000667
20 0.203134 3 0.001000
21 0.213216 7 0.002333
22 0.223299 5 0.001667
23 0.233381 4 0.001333
24 0.243463 5 0.001667
25 0.253546 9 0.003000
26 0.263628 7 0.002333
27 0.273711 7 0.002333
28 0.283793 12 0.004000
29 0.293876 6 0.002000
30 0.303958 5 0.001667
31 0.314041 11 0.003667
32 0.324123 11 0.003667
33 0.334206 11 0.003667
34 0.344288 15 0.005000
35 0.354371 13 0.004333
36 0.364453 19 0.006333
37 0.374535 24 0.008000
38 0.384618 31 0.010333
39 0.394700 31 0.010333
40 0.404783 42 0.014000
41 0.414865 69 0.023000
42 0.424948 87 0.029000
43 0.435030 92 0.030667
44 0.445113 146 0.048667
45 0.455195 209 0.069667
46 0.465278 235 0.078333
47 0.475360 151 0.050333
48 0.485442 112 0.037333
49 0.495525 97 0.032333
50 0.505607 65 0.021667
51 0.515690 51 0.017000
52 0.525772 48 0.016000
53 0.535855 37 0.012333
54 0.545937 37 0.012333
55 0.556020 30 0.010000
56 0.566102 21 0.007000
57 0.576185 14 0.004667
58 0.586267 22 0.007333
59 0.596349 14 0.004667
60 0.606432 21 0.007000
61 0.616514 8 0.002667
62 0.626597 11 0.003667
63 0.636679 13 0.004333
64 0.646762 5 0.001667
65 0.656844 14 0.004667
66 0.666927 6 0.002000
67 0.677009 7 0.002333
68 0.687092 6 0.002000
69 0.697174 10 0.003333
70 0.707257 4 0.001333
71 0.717339 11 0.003667
72 0.727422 2 0.000667
73 0.737504 7 0.002333
74 0.747586 4 0.001333
75 0.757669 10 0.003333
76 0.767751 3 0.001000
77 0.777834 1 0.000333
78 0.787916 1 0.000333
79 0.797999 2 0.000667
80 0.808081 2 0.000667
81 0.818164 3 0.001000
82 0.828246 2 0.000667
83 0.838328 0 0.000000
84 0.848411 2 0.000667
85 0.858493 0 0.000000
86 0.868576 0 0.000000
87 0.878658 0 0.000000
88 0.888741 0 0.000000
89 0.898823 0 0.000000
90 0.908906 0 0.000000
91 0.918988 0 0.000000
92 0.929071 0 0.000000
93 0.939153 0 0.000000
94 0.949236 0 0.000000
95 0.959318 0 0.000000
96 0.969401 0 0.000000
97 0.979483 1 0.000333
98 0.989565 999 0.333000
99 0.999648 1 0.000333
