0 0.257186 2 0.002000
1 0.261306 0 0.000000
2 0.265426 0 0.000000
3 0.269545 0 0.000000
4 0.273665 0 0.000000
5 0.277785 0 0.000000
6 0.281905 0 0.000000
7 0.286025 1 0.001000
8 0.290145 1 0.001000
9 0.294264 0 0.000000
10 0.298384 0 0.000000
11 0.302504 0 0.000000
12 0.306624 0 0.000000
13 0.310744 1 0.001000
14 0.314864 0 0.000000
15 0.318983 1 0.001000
16 0.323103 1 0.001000
17 0.327223 1 0.001000
18 0.331343 1 0.001000
19 0.335463 1 0.001000
20 0.339583 2 0.002000
21 0.343702 1 0.001000
22 0.347822 3 0.003000
23 0.351942 0 0.000000
24 0.356062 1 0.001000
25 0.360182 2 0.002000
26 0.364301 4 0.004000
27 0.368421 3 0.003000
28 0.372541 2 0.002000
29 0.376661 3 0.003000
30 0.380781 1 0.001000
31 0.384901 5 0.005000
32 0.389020 6 0.006000
33 0.393140 4 0.004000
34 0.397260 6 0.006000
35 0.401380 11 0.011000
36 0.405500 7 0.007000
37 0.409620 9 0.009000
38 0.413739 18 0.018000
39 0.417859 20 0.020000
40 0.421979 14 0.014000
41 0.426099 23 0.023000
42 0.430219 24 0.024000
43 0.434339 23 0.023000
44 0.438458 21 0.021000
45 0.442578 33 0.033000
46 0.446698 41 0.041000
47 0.450818 34 0.034000
48 0.454938 45 0.045000
49 0.459058 60 0.060000
50 0.463177 89 0.089000
51 0.467297 75 0.075000
52 0.471417 59 0.059000
53 0.475537 53 0.053000
54 0.479657 34 0.034000
55 0.483777 29 0.029000
56 0.487896 30 0.030000
57 0.492016 29 0.029000
58 0.496136 25 0.025000
59 0.500256 12 0.012000
60 0.504376 18 0.018000
61 0.508495 9 0.009000
62 0.512615 9 0.009000
63 0.516735 7 0.007000
64 0.520855 12 0.012000
65 0.524975 6 0.006000
66 0.529095 10 0.010000
67 0.533214 8 0.008000
68 0.537334 3 0.003000
69 0.541454 6 0.006000
70 0.545574 5 0.005000
71 0.549694 5 0.005000
72 0.553814 6 0.006000
73 0.557933 5 0.005000
74 0.562053 0 0.000000
75 0.566173 5 0.005000
76 0.570293 2 0.002000
77 0.574413 2 0.002000
78 0.578533 0 0.000000
79 0.582652 0 0.000000
80 0.586772 2 0.002000
81 0.590892 0 0.000000
82 0.595012 2 0.002000
83 0.599132 2 0.002000
84 0.603252 1 0.001000
85 0.607371 1 0.001000
86 0.611491 0 0.000000
87 0.615611 1 0.001000
88 0.619731 0 0.000000
89 0.623851 0 0.000000
90 0.627970 0 0.000000
91 0.632090 0 0.000000
92 0.636210 0 0.000000
93 0.640330 0 0.000000
94 0.644450 0 0.000000
95 0.648570 0 0.000000
96 0.652689 0 0.000000
97 0.656809 0 0.000000
98 0.660929 1 0.001000
99 0.665049 1 0.001000
