0 0.001484 1 0.001000
1 0.011462 0 0.000000
2 0.021439 0 0.000000
3 0.031416 0 0.000000
4 0.041393 0 0.000000
5 0.051370 0 0.000000
6 0.061347 0 0.000000
7 0.071324 0 0.000000
8 0.081301 0 0.000000
9 0.091278 0 0.000000
10 0.101255 0 0.000000
11 0.111232 4 0.004000
12 0.121209 2 0.002000
13 0.131186 0 0.000000
14 0.141163 0 0.000000
15 0.151140 4 0.004000
16 0.161117 3 0.003000
17 0.171094 8 0.008000
18 0.181072 5 0.005000
19 0.191049 2 0.002000
20 0.201026 3 0.003000
21 0.211003 5 0.005000
22 0.220980 4 0.004000
23 0.230957 6 0.006000
24 0.240934 4 0.004000
25 0.250911 7 0.007000
26 0.260888 6 0.006000
27 0.270865 7 0.007000
28 0.280842 12 0.012000
29 0.290819 6 0.006000
30 0.300796 4 0.004000
31 0.310773 7 0.007000
32 0.320750 10 0.010000
33 0.330727 8 0.008000
34 0.340704 9 0.009000
35 0.350682 12 0.012000
36 0.360659 5 0.005000
37 0.370636 18 0.018000
38 0.380613 17 0.017000
39 0.390590 17 0.017000
40 0.400567 16 0.016000
41 0.410544 20 0.020000
42 0.420521 36 0.036000
43 0.430498 31 0.031000
44 0.440475 44 0.044000
45 0.450452 55 0.055000
46 0.460429 68 0.068000
47 0.470406 47 0.047000
48 0.480383 39 0.039000
49 0.490360 46 0.046000
50 0.500337 45 0.045000
51 0.510314 31 0.031000
52 0.520292 39 0.039000
53 0.530269 19 0.019000
54 0.540246 23 0.023000
55 0.550223 26 0.026000
56 0.560200 15 0.015000
57 0.570177 13 0.013000
58 0.580154 14 0.014000
59 0.590131 18 0.018000
60 0.600108 16 0.016000
61 0.610085 12 0.012000
62 0.620062 7 0.007000
63 0.630039 13 0.013000
64 0.640016 10 0.010000
65 0.649993 6 0.006000
66 0.659970 12 0.012000
67 0.669947 7 0.007000
68 0.679924 8 0.008000
69 0.689901 4 0.004000
70 0.699879 10 0.010000
71 0.709856 5 0.005000
72 0.719833 9 0.009000
73 0.729810 4 0.004000
74 0.739787 7 0.007000
75 0.749764 4 0.004000
76 0.759741 9 0.009000
77 0.769718 2 0.002000
78 0.779695 2 0.002000
79 0.789672 0 0.000000
80 0.799649 3 0.003000
81 0.809626 3 0.003000
82 0.819603 2 0.002000
83 0.829580 1 0.001000
84 0.839557 1 0.001000
85 0.849535 1 0.001000
86 0.859511 0 0.000000
87 0.869489 0 0.000000
88 0.879466 0 0.000000
89 0.889443 0 0.000000
90 0.899420 0 0.000000
91 0.909397 0 0.000000
92 0.919374 0 0.000000
93 0.929351 0 0.000000
94 0.939328 0 0.000000
95 0.949305 0 0.000000
96 0.959282 0 0.000000
97 0.969259 0 0.000000
98 0.979236 0 0.000000
99 0.989213 1 0.001000
