0 0.366783 1 0.001000
1 0.368499 0 0.000000
2 0.370215 0 0.000000
3 0.371930 0 0.000000
4 0.373646 0 0.000000
5 0.375362 0 0.000000
6 0.377078 0 0.000000
7 0.378793 0 0.000000
8 0.380509 0 0.000000
9 0.382225 0 0.000000
10 0.383940 0 0.000000
11 0.385656 0 0.000000
12 0.387372 0 0.000000
13 0.389088 0 0.000000
14 0.390803 0 0.000000
15 0.392519 0 0.000000
16 0.394235 0 0.000000
17 0.395951 0 0.000000
18 0.397666 0 0.000000
19 0.399382 0 0.000000
20 0.401098 0 0.000000
21 0.402813 0 0.000000
22 0.404529 0 0.000000
23 0.406245 0 0.000000
24 0.407961 0 0.000000
25 0.409676 3 0.003000
26 0.411392 0 0.000000
27 0.413108 4 0.004000
28 0.414824 0 0.000000
29 0.416539 1 0.001000
30 0.418255 2 0.002000
31 0.419971 1 0.001000
32 0.421686 2 0.002000
33 0.423402 4 0.004000
34 0.425118 1 0.001000
35 0.426834 4 0.004000
36 0.428549 1 0.001000
37 0.430265 3 0.003000
38 0.431981 3 0.003000
39 0.433697 3 0.003000
40 0.435412 4 0.004000
41 0.437128 7 0.007000
42 0.438844 9 0.009000
43 0.440559 13 0.013000
44 0.442275 15 0.015000
45 0.443991 16 0.016000
46 0.445707 19 0.019000
47 0.447422 16 0.016000
48 0.449138 30 0.030000
49 0.450854 42 0.042000
50 0.452570 37 0.037000
51 0.454285 37 0.037000
52 0.456001 41 0.041000
53 0.457717 53 0.053000
54 0.459432 57 0.057000
55 0.461148 62 0.062000
56 0.462864 52 0.052000
57 0.464580 42 0.042000
58 0.466295 48 0.048000
59 0.468011 56 0.056000
60 0.469727 47 0.047000
61 0.471443 32 0.032000
62 0.473158 32 0.032000
63 0.474874 38 0.038000
64 0.476590 24 0.024000
65 0.478305 16 0.016000
66 0.480021 18 0.018000
67 0.481737 12 0.012000
68 0.483453 12 0.012000
69 0.485168 13 0.013000
70 0.486884 10 0.010000
71 0.488600 14 0.014000
72 0.490316 7 0.007000
73 0.492031 6 0.006000
74 0.493747 4 0.004000
75 0.495463 5 0.005000
76 0.497178 5 0.005000
77 0.498894 2 0.002000
78 0.500610 1 0.001000
79 0.502326 3 0.003000
80 0.504041 3 0.003000
81 0.505757 2 0.002000
82 0.507473 0 0.000000
83 0.509189 0 0.000000
84 0.510904 1 0.001000
85 0.512620 0 0.000000
86 0.514336 1 0.001000
87 0.516051 0 0.000000
88 0.517767 2 0.002000
89 0.519483 0 0.000000
90 0.521199 0 0.000000
91 0.522914 0 0.000000
92 0.524630 0 0.000000
93 0.526346 0 0.000000
94 0.528062 0 0.000000
95 0.529777 0 0.000000
96 0.531493 0 0.000000
97 0.533209 0 0.000000
98 0.534925 0 0.000000
99 0.536640 1 0.001000
