0 0.911947 1 0.001000
1 0.912973 0 0.000000
2 0.914000 1 0.001000
3 0.915026 0 0.000000
4 0.916053 2 0.002000
5 0.917079 0 0.000000
6 0.918106 2 0.002000
7 0.919132 0 0.000000
8 0.920159 0 0.000000
9 0.921185 1 0.001000
10 0.922212 0 0.000000
11 0.923239 1 0.001000
12 0.924265 1 0.001000
13 0.925292 0 0.000000
14 0.926318 0 0.000000
15 0.927345 0 0.000000
16 0.928371 0 0.000000
17 0.929398 1 0.001000
18 0.930425 2 0.002000
19 0.931451 2 0.002000
20 0.932478 1 0.001000
21 0.933504 0 0.000000
22 0.934531 1 0.001000
23 0.935557 1 0.001000
24 0.936584 1 0.001000
25 0.937610 2 0.002000
26 0.938637 0 0.000000
27 0.939663 1 0.001000
28 0.940690 0 0.000000
29 0.941717 2 0.002000
30 0.942743 3 0.003000
31 0.943770 0 0.000000
32 0.944796 0 0.000000
33 0.945823 2 0.002000
34 0.946849 2 0.002000
35 0.947876 0 0.000000
36 0.948902 0 0.000000
37 0.949929 2 0.002000
38 0.950956 1 0.001000
39 0.951982 3 0.003000
40 0.953009 0 0.000000
41 0.954035 0 0.000000
42 0.955062 0 0.000000
43 0.956088 1 0.001000
44 0.957115 0 0.000000
45 0.958141 0 0.000000
46 0.959168 2 0.002000
47 0.960195 0 0.000000
48 0.961221 4 0.004000
49 0.962248 1 0.001000
50 0.963274 1 0.001000
51 0.964301 1 0.001000
52 0.965327 0 0.000000
53 0.966354 2 0.002000
54 0.967380 2 0.002000
55 0.968407 1 0.001000
56 0.969434 1 0.001000
57 0.970460 1 0.001000
58 0.971487 2 0.002000
59 0.972513 4 0.004000
60 0.973540 2 0.002000
61 0.974566 4 0.004000
62 0.975593 1 0.001000
63 0.976619 5 0.005000
64 0.977646 1 0.001000
65 0.978673 4 0.004000
66 0.979699 1 0.001000
67 0.980726 8 0.008000
68 0.981752 6 0.006000
69 0.982779 7 0.007000
70 0.983805 11 0.011000
71 0.984832 29 0.029000
72 0.985858 22 0.022000
73 0.986885 43 0.043000
74 0.987911 43 0.043000
75 0.988938 57 0.057000
76 0.989965 72 0.072000
77 0.990991 72 0.072000
78 0.992018 84 0.084000
79 0.993044 78 0.078000
80 0.994071 72 0.072000
81 0.995097 78 0.078000
82 0.996124 70 0.070000
83 0.997150 46 0.046000
84 0.998177 38 0.038000
85 0.999204 18 0.018000
86 1.000230 19 0.019000
87 1.001257 16 0.016000
88 1.002283 9 0.009000
89 1.003310 8 0.008000
90 1.004336 4 0.004000
91 1.005363 3 0.003000
92 1.006389 2 0.002000
93 1.007416 3 0.003000
94 1.008443 0 0.000000
95 1.009469 2 0.002000
96 1.010496 0 0.000000
97 1.011522 1 0.001000
98 1.012549 1 0.001000
99 1.013575 1 0.001000
