0 0 0.000000 0.238802 0.135499 0.240651 0.136335
0 1 0.476190 0.205900 0.134088 0.206031 0.134057
0 2 0.952381 0.203333 0.132461 0.202241 0.132127
0 3 1.428571 0.205582 0.134150 0.205282 0.134211
0 4 1.904762 0.205075 0.134290 0.201090 0.131155
0 5 2.380952 0.205080 0.134140 0.204826 0.133995
0 6 2.857143 0.206700 0.134507 0.204855 0.133441
0 7 3.333333 0.203757 0.133480 0.201378 0.131615
0 8 3.809524 0.207257 0.134959 0.201975 0.132264
0 9 4.285714 0.202154 0.132444 0.204345 0.133779
0 10 4.761905 0.201970 0.131166 0.203604 0.133288
0 11 5.238095 0.203106 0.132506 0.203716 0.133148
0 12 5.714286 0.202602 0.131562 0.203382 0.132808
0 13 6.190476 0.207133 0.135097 0.204415 0.133692
0 14 6.666667 0.202413 0.132747 0.203236 0.132989
0 15 7.142857 0.206376 0.134949 0.203813 0.132854
0 16 7.619048 0.207089 0.135110 0.203844 0.132938
0 17 8.095238 0.202663 0.132245 0.201775 0.131908
0 18 8.571428 0.205109 0.134107 0.202308 0.132775
0 19 9.047619 0.202477 0.132521 0.201292 0.131977
0 20 9.523809 0.202622 0.132186 0.202899 0.132249
1 0 10.000000 0.205264 0.134157 0.205159 0.134532
1 1 10.476191 0.204043 0.133487 0.202954 0.132686
1 2 10.952381 0.202658 0.132161 0.204659 0.133394
1 3 11.428572 0.203896 0.133129 0.204624 0.133895
1 4 11.904762 0.205306 0.133686 0.204219 0.133280
1 5 12.380953 0.205578 0.134364 0.205204 0.133474
1 6 12.857142 0.203201 0.132862 0.204857 0.133602
1 7 13.333333 0.201512 0.131655 0.202432 0.131941
1 8 13.809524 0.203032 0.133003 0.203618 0.132515
1 9 14.285714 0.203116 0.132440 0.206235 0.134270
1 10 14.761905 0.203785 0.133424 0.207086 0.135075
1 11 15.238095 0.202641 0.131899 0.203828 0.133113
1 12 15.714286 0.204578 0.133826 0.202878 0.132741
1 13 16.190475 0.201875 0.132090 0.205028 0.134074
1 14 16.666666 0.201406 0.131665 0.203335 0.133084
1 15 17.142857 0.206828 0.135015 0.204361 0.132919
1 16 17.619047 0.204652 0.133546 0.202139 0.132414
1 17 18.095238 0.205870 0.134666 0.204606 0.133722
1 18 18.571428 0.203667 0.132854 0.204149 0.133165
1 19 19.047619 0.205161 0.134013 0.204664 0.133766
1 20 19.523809 0.207276 0.134933 0.201390 0.131852
2 0 20.000000 0.203438 0.132889 0.205308 0.134353
2 1 20.476191 0.204648 0.133958 0.203566 0.133387
2 2 20.952381 0.204983 0.133937 0.204015 0.133467
2 3 21.428572 0.203252 0.133348 0.204063 0.133362
2 4 21.904762 0.202850 0.132298 0.202797 0.131845
2 5 22.380953 0.203952 0.133415 0.203515 0.132412
2 6 22.857143 0.202024 0.132208 0.206051 0.134401
2 7 23.333334 0.202719 0.132442 0.209840 0.136645
2 8 23.809525 0.197865 0.129391 0.204345 0.133781
2 9 24.285715 0.203815 0.133487 0.202264 0.132377
2 10 24.761906 0.205795 0.134232 0.201660 0.131832
2 11 25.238094 0.201026 0.131509 0.205251 0.134101
2 12 25.714285 0.201085 0.131214 0.202983 0.132776
2 13 26.190475 0.204714 0.134099 0.204292 0.134028
2 14 26.666666 0.205928 0.134415 0.206219 0.134314
2 15 27.142857 0.201626 0.131551 0.203662 0.133117
2 16 27.619047 0.203959 0.132554 0.205666 0.133998
2 17 28.095238 0.203735 0.133260 0.205159 0.134196
2 18 28.571428 0.201039 0.131786 0.203450 0.132347
2 19 29.047619 0.203882 0.132601 0.202865 0.132298
2 20 29.523809 0.203871 0.132912 0.205335 0.133915
3 0 30.000000 0.204892 0.133493 0.205131 0.134104
3 1 30.476191 0.205560 0.134392 0.203217 0.132731
3 2 30.952381 0.204912 0.133544 0.199209 0.130482
3 3 31.428572 0.203411 0.133408 0.204245 0.133638
3 4 31.904762 0.201870 0.131620 0.204476 0.133689
3 5 32.380951 0.200782 0.131165 0.201590 0.131998
3 6 32.857143 0.205245 0.133946 0.201566 0.131673
3 7 33.333332 0.204326 0.133736 0.207105 0.135344
3 8 33.809525 0.204859 0.134100 0.206166 0.135187
3 9 34.285713 0.205896 0.134065 0.205237 0.134024
3 10 34.761906 0.207577 0.134993 0.204123 0.132850
3 11 35.238094 0.201996 0.132059 0.202702 0.132370
3 12 35.714287 0.205952 0.133843 0.204811 0.133568
3 13 36.190475 0.205565 0.134126 0.203532 0.132985
3 14 36.666668 0.203816 0.133172 0.204826 0.133481
3 15 37.142857 0.205300 0.133899 0.206444 0.134305
3 16 37.619049 0.202292 0.132292 0.204797 0.133693
3 17 38.095238 0.205873 0.134489 0.204710 0.132910
3 18 38.571430 0.204342 0.133024 0.206022 0.134001
3 19 39.047619 0.202318 0.132597 0.202396 0.132528
3 20 39.523811 0.203697 0.133569 0.205104 0.134293
4 0 40.000000 0.204386 0.133894 0.205784 0.134400
4 1 40.476189 0.205526 0.134336 0.207006 0.135394
4 2 40.952381 0.203990 0.133343 0.203185 0.133146
4 3 41.428570 0.204617 0.133641 0.205381 0.133846
4 4 41.904762 0.204668 0.133996 0.204848 0.133872
4 5 42.380951 0.202282 0.132493 0.205578 0.134473
4 6 42.857143 0.201089 0.131955 0.205079 0.134625
4 7 43.333332 0.203831 0.133067 0.204783 0.133179
4 8 43.809525 0.205805 0.134342 0.203300 0.133319
4 9 44.285713 0.205790 0.134029 0.204138 0.132664
4 10 44.761906 0.203648 0.132905 0.205535 0.134005
4 11 45.238094 0.201485 0.131661 0.201718 0.131894
4 12 45.714287 0.206424 0.134482 0.202769 0.132066
4 13 46.190475 0.205115 0.133915 0.203583 0.133225
4 14 46.666668 0.205266 0.134354 0.203197 0.132475
4 15 47.142857 0.207701 0.135427 0.204049 0.132982
4 16 47.619049 0.205587 0.134053 0.205897 0.134148
4 17 48.095238 0.203356 0.132668 0.204750 0.133410
4 18 48.571430 0.202264 0.132225 0.204106 0.133126
4 19 49.047619 0.202264 0.132344 0.204371 0.133207
4 20 49.523811 0.202584 0.132511 0.204068 0.133536
5 0 50.000000 0.202690 0.132320 0.206132 0.134565
5 1 50.476189 0.203184 0.132146 0.204454 0.133498
5 2 50.952381 0.205016 0.132914 0.202435 0.131791
5 3 51.428570 0.203024 0.131984 0.202158 0.131794
5 4 51.904762 0.202890 0.132304 0.202828 0.132576
5 5 52.380951 0.203115 0.133229 0.203054 0.132185
5 6 52.857143 0.205571 0.134094 0.205013 0.133777
5 7 53.333332 0.205033 0.134241 0.205387 0.134313
5 8 53.809525 0.204292 0.133681 0.205282 0.134310
5 9 54.285713 0.204910 0.134310 0.204181 0.133401
5 10 54.761906 0.203866 0.133143 0.203876 0.132924
5 11 55.238094 0.205012 0.133823 0.205914 0.134339
5 12 55.714287 0.204745 0.133578 0.202681 0.132723
5 13 56.190475 0.204537 0.133391 0.205117 0.133845
5 14 56.666668 0.204151 0.133701 0.205659 0.134385
5 15 57.142857 0.203575 0.133278 0.205395 0.134211
5 16 57.619049 0.205881 0.134718 0.204471 0.133483
5 17 58.095238 0.203312 0.133011 0.203857 0.133367
5 18 58.571430 0.203148 0.133263 0.202003 0.132164
5 19 59.047619 0.203705 0.133022 0.204026 0.133312
5 20 59.523811 0.202455 0.132241 0.201164 0.131375
6 0 60.000000 0.207424 0.134975 0.202870 0.132817
6 1 60.476189 0.205666 0.134220 0.201380 0.132087
6 2 60.952381 0.204491 0.133396 0.204684 0.133668
6 3 61.428570 0.205993 0.134207 0.204592 0.133680
6 4 61.904762 0.206642 0.134913 0.203607 0.132764
6 5 62.380951 0.206770 0.134746 0.203346 0.132654
6 6 62.857143 0.204209 0.133886 0.205617 0.134226
6 7 63.333332 0.200933 0.131330 0.206486 0.134677
6 8 63.809525 0.206192 0.135020 0.206260 0.134555
6 9 64.285713 0.204692 0.133205 0.204298 0.133300
6 10 64.761902 0.202478 0.132249 0.202127 0.132054
6 11 65.238098 0.204225 0.133346 0.202879 0.132435
6 12 65.714287 0.204361 0.133665 0.202829 0.133083
6 13 66.190475 0.205280 0.134295 0.202612 0.132611
6 14 66.666664 0.203723 0.132889 0.203781 0.132915
6 15 67.142860 0.204916 0.133989 0.207278 0.135317
6 16 67.619049 0.201718 0.131643 0.205604 0.133532
6 17 68.095238 0.202112 0.132400 0.206465 0.134682
6 18 68.571426 0.201460 0.131470 0.204677 0.133555
6 19 69.047623 0.203942 0.133446 0.203960 0.133348
6 20 69.523811 0.203110 0.132453 0.203881 0.133303
7 0 70.000000 0.206113 0.134875 0.203003 0.132910
7 1 70.476189 0.204642 0.133646 0.207750 0.135603
7 2 70.952377 0.203486 0.133239 0.200984 0.132007
7 3 71.428574 0.202193 0.132460 0.203512 0.133536
7 4 71.904762 0.202563 0.132530 0.203574 0.132821
7 5 72.380951 0.203556 0.132935 0.203839 0.133251
7 6 72.857140 0.202979 0.132322 0.203409 0.132710
7 7 73.333336 0.202945 0.132821 0.205086 0.134543
7 8 73.809525 0.202876 0.132665 0.205182 0.133883
7 9 74.285713 0.205194 0.133751 0.202940 0.132766
7 10 74.761902 0.204042 0.133010 0.205089 0.133898
7 11 75.238098 0.207474 0.134973 0.204035 0.132430
7 12 75.714287 0.205447 0.133685 0.204160 0.133469
7 13 76.190475 0.204332 0.133372 0.202731 0.132300
7 14 76.666664 0.206188 0.134285 0.204843 0.133194
7 15 77.142860 0.207532 0.135089 0.204146 0.133935
7 16 77.619049 0.204599 0.133837 0.205368 0.134230
7 17 78.095238 0.204166 0.133828 0.206146 0.134753
7 18 78.571426 0.202314 0.132017 0.204759 0.133593
7 19 79.047623 0.201852 0.131901 0.204048 0.133139
7 20 79.523811 0.204512 0.133479 0.202166 0.131983
8 0 80.000000 0.204387 0.133307 0.205928 0.134457
8 1 80.476189 0.203086 0.132776 0.203802 0.132887
8 2 80.952377 0.206022 0.134351 0.204133 0.133326
8 3 81.428574 0.202793 0.131911 0.202810 0.133031
8 4 81.904762 0.201692 0.131839 0.207854 0.135931
8 5 82.380951 0.204644 0.133905 0.204004 0.133057
8 6 82.857140 0.204866 0.133322 0.200960 0.131431
8 7 83.333336 0.203066 0.133216 0.204100 0.133632
8 8 83.809525 0.203268 0.132728 0.201845 0.132588
8 9 84.285713 0.201219 0.131029 0.203412 0.132957
8 10 84.761902 0.204185 0.133170 0.203183 0.132520
8 11 85.238098 0.203373 0.132541 0.205156 0.133835
8 12 85.714287 0.203653 0.133093 0.202576 0.132515
8 13 86.190475 0.203781 0.132996 0.207912 0.135450
8 14 86.666664 0.202320 0.132047 0.205892 0.134444
8 15 87.142860 0.203593 0.133036 0.203433 0.132905
8 16 87.619049 0.204145 0.133011 0.204230 0.133084
8 17 88.095238 0.205700 0.134412 0.203865 0.133195
8 18 88.571426 0.206735 0.135434 0.206892 0.134965
8 19 89.047623 0.201975 0.132191 0.202799 0.132548
8 20 89.523811 0.203622 0.133245 0.206532 0.135159
9 0 90.000000 0.204839 0.133727 0.205518 0.133878
9 1 90.476189 0.203206 0.132783 0.207081 0.135481
9 2 90.952377 0.205305 0.133481 0.201326 0.131508
9 3 91.428574 0.205162 0.134079 0.201738 0.131901
9 4 91.904762 0.205708 0.134331 0.204666 0.133685
9 5 92.380951 0.203041 0.132363 0.205612 0.134030
9 6 92.857140 0.203007 0.132366 0.203565 0.132968
9 7 93.333336 0.203163 0.132798 0.204274 0.133957
9 8 93.809525 0.201700 0.132129 0.200924 0.131628
9 9 94.285713 0.204250 0.133067 0.203671 0.133181
9 10 94.761902 0.203236 0.132871 0.204743 0.134107
9 11 95.238098 0.203041 0.132864 0.203760 0.132783
9 12 95.714287 0.203776 0.132871 0.205090 0.133873
9 13 96.190475 0.203123 0.132824 0.203522 0.133265
9 14 96.666664 0.204675 0.133576 0.205706 0.134290
9 15 97.142860 0.205444 0.133607 0.205884 0.134011
9 16 97.619049 0.204632 0.133800 0.205712 0.134161
9 17 98.095238 0.203556 0.133079 0.205742 0.134599
9 18 98.571426 0.205341 0.133801 0.203701 0.133171
9 19 99.047623 0.204388 0.132817 0.205742 0.133774
9 20 99.523811 0.202079 0.131846 0.205904 0.134431
