0 0 0.000000 0.228598 0.134923 0.225767 0.134303
0 1 0.476190 0.202754 0.132769 0.202614 0.131958
0 2 0.952381 0.208798 0.135786 0.206231 0.134434
0 3 1.428571 0.204830 0.133444 0.204510 0.133354
0 4 1.904762 0.207361 0.135148 0.206306 0.134646
0 5 2.380952 0.203524 0.133452 0.207861 0.135523
0 6 2.857143 0.204095 0.133255 0.204859 0.133921
0 7 3.333333 0.205803 0.134470 0.203688 0.133115
0 8 3.809524 0.205114 0.134504 0.205746 0.134785
0 9 4.285714 0.206766 0.134852 0.203185 0.132659
0 10 4.761905 0.206036 0.134822 0.208006 0.135814
0 11 5.238095 0.206937 0.135500 0.206635 0.134498
0 12 5.714286 0.204229 0.132710 0.207279 0.134677
0 13 6.190476 0.207209 0.135124 0.205822 0.134206
0 14 6.666667 0.205783 0.134222 0.202050 0.132045
0 15 7.142857 0.205366 0.133638 0.203981 0.133192
0 16 7.619048 0.204699 0.133458 0.208535 0.135948
0 17 8.095238 0.205374 0.134256 0.205047 0.133837
0 18 8.571428 0.202976 0.132157 0.207068 0.134529
0 19 9.047619 0.204392 0.133691 0.205214 0.134097
0 20 9.523809 0.205796 0.133844 0.203000 0.132467
1 0 10.000000 0.207395 0.135018 0.205773 0.133808
1 1 10.476191 0.204282 0.133793 0.206721 0.135067
1 2 10.952381 0.204423 0.133463 0.207373 0.134714
1 3 11.428572 0.208534 0.135642 0.205208 0.134327
1 4 11.904762 0.205158 0.133972 0.207181 0.134712
1 5 12.380953 0.204849 0.133398 0.206402 0.134510
1 6 12.857142 0.205337 0.134127 0.206030 0.134171
1 7 13.333333 0.206488 0.134869 0.205303 0.134160
1 8 13.809524 0.205054 0.133674 0.204210 0.132962
1 9 14.285714 0.205816 0.133960 0.207773 0.135630
1 10 14.761905 0.202912 0.132062 0.206467 0.134339
1 11 15.238095 0.203306 0.132732 0.208415 0.136124
1 12 15.714286 0.206076 0.134353 0.204501 0.133534
1 13 16.190475 0.207177 0.135286 0.205386 0.134254
1 14 16.666666 0.205830 0.134124 0.205993 0.134719
1 15 17.142857 0.208750 0.136169 0.203684 0.132351
1 16 17.619047 0.205901 0.133871 0.206566 0.134275
1 17 18.095238 0.204185 0.133278 0.209695 0.136270
1 18 18.571428 0.202975 0.132584 0.204363 0.133679
1 19 19.047619 0.205749 0.134655 0.205936 0.134165
1 20 19.523809 0.205497 0.134152 0.208021 0.135694
2 0 20.000000 0.206584 0.134546 0.203470 0.132673
2 1 20.476191 0.206698 0.134990 0.204018 0.133227
2 2 20.952381 0.204968 0.133276 0.205667 0.134892
2 3 21.428572 0.205906 0.134451 0.206906 0.134935
2 4 21.904762 0.204848 0.133548 0.206701 0.135077
2 5 22.380953 0.206117 0.134315 0.205556 0.133792
2 6 22.857143 0.206971 0.135055 0.205448 0.134242
2 7 23.333334 0.204129 0.133435 0.205160 0.133925
2 8 23.809525 0.206348 0.134283 0.206869 0.134704
2 9 24.285715 0.204529 0.133321 0.204974 0.133732
2 10 24.761906 0.205731 0.133480 0.206361 0.134321
2 11 25.238094 0.207822 0.135046 0.205571 0.134209
2 12 25.714285 0.206209 0.134464 0.205588 0.133900
2 13 26.190475 0.204799 0.133717 0.206210 0.134133
2 14 26.666666 0.204366 0.133715 0.207370 0.135253
2 15 27.142857 0.205989 0.134931 0.206698 0.134597
2 16 27.619047 0.209191 0.136388 0.205408 0.134121
2 17 28.095238 0.205175 0.133647 0.206975 0.134780
2 18 28.571428 0.204152 0.133457 0.203554 0.132657
2 19 29.047619 0.205623 0.134299 0.205853 0.134744
2 20 29.523809 0.205644 0.133653 0.206625 0.134558
3 0 30.000000 0.206963 0.134944 0.204175 0.132804
3 1 30.476191 0.203822 0.133277 0.207586 0.135227
3 2 30.952381 0.206362 0.134807 0.203923 0.132843
3 3 31.428572 0.204296 0.133488 0.205722 0.134394
3 4 31.904762 0.208975 0.136072 0.204583 0.133379
3 5 32.380951 0.206854 0.134918 0.205501 0.134605
3 6 32.857143 0.205142 0.134070 0.203909 0.133168
3 7 33.333332 0.206291 0.134328 0.204120 0.132429
3 8 33.809525 0.206799 0.135103 0.205672 0.134456
3 9 34.285713 0.204385 0.133503 0.206103 0.134373
3 10 34.761906 0.206206 0.135067 0.204516 0.133575
3 11 35.238094 0.204799 0.133568 0.204085 0.133206
3 12 35.714287 0.209026 0.136097 0.205146 0.133807
3 13 36.190475 0.205839 0.134603 0.201642 0.131979
3 14 36.666668 0.208566 0.136285 0.205887 0.134614
3 15 37.142857 0.207028 0.134734 0.206155 0.134530
3 16 37.619049 0.203336 0.132958 0.205281 0.134044
3 17 38.095238 0.205641 0.133979 0.209002 0.136076
3 18 38.571430 0.206243 0.134332 0.206529 0.134909
3 19 39.047619 0.202426 0.131578 0.206160 0.134529
3 20 39.523811 0.205059 0.133856 0.205600 0.134097
4 0 40.000000 0.207536 0.135086 0.203247 0.132872
4 1 40.476189 0.204378 0.132940 0.205221 0.134313
4 2 40.952381 0.206994 0.134997 0.206295 0.134924
4 3 41.428570 0.206350 0.134429 0.204787 0.133379
4 4 41.904762 0.205250 0.134626 0.208284 0.136237
4 5 42.380951 0.203990 0.133298 0.205176 0.133902
4 6 42.857143 0.208166 0.135696 0.204465 0.133300
4 7 43.333332 0.206705 0.134912 0.204398 0.133387
4 8 43.809525 0.202811 0.132653 0.206605 0.135234
4 9 44.285713 0.206159 0.134475 0.205665 0.133917
4 10 44.761906 0.206814 0.134857 0.205131 0.133817
4 11 45.238094 0.204853 0.133789 0.206041 0.134333
4 12 45.714287 0.205062 0.134169 0.202924 0.133269
4 13 46.190475 0.207625 0.135435 0.204084 0.133154
4 14 46.666668 0.204187 0.133528 0.203576 0.132794
4 15 47.142857 0.203711 0.133322 0.203555 0.133250
4 16 47.619049 0.204726 0.133772 0.204700 0.133331
4 17 48.095238 0.203888 0.133189 0.206791 0.135399
4 18 48.571430 0.203836 0.133074 0.203869 0.133045
4 19 49.047619 0.207747 0.135819 0.203794 0.132978
4 20 49.523811 0.203543 0.133350 0.206077 0.135089
5 0 50.000000 0.207290 0.135506 0.204405 0.133199
5 1 50.476189 0.204920 0.133757 0.205456 0.134381
5 2 50.952381 0.205728 0.134258 0.204583 0.133120
5 3 51.428570 0.204756 0.133578 0.205717 0.134158
5 4 51.904762 0.204144 0.133138 0.203722 0.133232
5 5 52.380951 0.204601 0.133673 0.206153 0.134634
5 6 52.857143 0.208615 0.136016 0.206044 0.134445
5 7 53.333332 0.205963 0.134758 0.206429 0.135063
5 8 53.809525 0.203837 0.133036 0.204289 0.133550
5 9 54.285713 0.204352 0.133607 0.204907 0.133467
5 10 54.761906 0.206486 0.135047 0.207895 0.135994
5 11 55.238094 0.206171 0.134248 0.206968 0.134883
5 12 55.714287 0.206017 0.134488 0.205895 0.134412
5 13 56.190475 0.206205 0.134387 0.205647 0.134590
5 14 56.666668 0.206234 0.134458 0.207514 0.135658
5 15 57.142857 0.204139 0.133424 0.205871 0.134267
5 16 57.619049 0.205801 0.133799 0.206293 0.134407
5 17 58.095238 0.207115 0.134537 0.205133 0.134126
5 18 58.571430 0.205419 0.134097 0.206608 0.134639
5 19 59.047619 0.204611 0.133337 0.202651 0.132252
5 20 59.523811 0.207898 0.135345 0.205977 0.134443
6 0 60.000000 0.207050 0.134962 0.207157 0.134795
6 1 60.476189 0.204193 0.132602 0.206313 0.134157
6 2 60.952381 0.202040 0.131737 0.205759 0.134125
6 3 61.428570 0.204290 0.133524 0.206181 0.134218
6 4 61.904762 0.204083 0.133079 0.206887 0.134478
6 5 62.380951 0.205037 0.133896 0.203007 0.132553
6 6 62.857143 0.203328 0.132722 0.206890 0.134891
6 7 63.333332 0.208294 0.135822 0.203580 0.132485
6 8 63.809525 0.204555 0.134085 0.205150 0.133762
6 9 64.285713 0.204642 0.133556 0.203319 0.133217
6 10 64.761902 0.205256 0.133783 0.207077 0.135109
6 11 65.238098 0.207321 0.135140 0.206901 0.135509
6 12 65.714287 0.203790 0.133459 0.207378 0.135681
6 13 66.190475 0.207027 0.135081 0.207703 0.135515
6 14 66.666664 0.203785 0.133465 0.204747 0.133834
6 15 67.142860 0.207325 0.135163 0.205478 0.134316
6 16 67.619049 0.206171 0.134563 0.204377 0.133169
6 17 68.095238 0.207155 0.135433 0.206465 0.134442
6 18 68.571426 0.205804 0.133905 0.204627 0.133548
6 19 69.047623 0.204694 0.133655 0.205431 0.133934
6 20 69.523811 0.204532 0.133768 0.204184 0.133153
7 0 70.000000 0.205696 0.134250 0.208563 0.135779
7 1 70.476189 0.206820 0.134766 0.205413 0.133930
7 2 70.952377 0.207227 0.135035 0.204280 0.132845
7 3 71.428574 0.206277 0.134821 0.204385 0.133681
7 4 71.904762 0.205816 0.134470 0.206666 0.134734
7 5 72.380951 0.204882 0.133664 0.204729 0.133967
7 6 72.857140 0.204902 0.133909 0.203979 0.133250
7 7 73.333336 0.204113 0.133309 0.206896 0.134908
7 8 73.809525 0.205404 0.133930 0.206860 0.134638
7 9 74.285713 0.206436 0.134763 0.206361 0.134980
7 10 74.761902 0.208655 0.136477 0.206993 0.135026
7 11 75.238098 0.206355 0.134939 0.205559 0.134165
7 12 75.714287 0.206011 0.134874 0.205950 0.134412
7 13 76.190475 0.207828 0.136111 0.201586 0.131811
7 14 76.666664 0.205487 0.133828 0.208507 0.135782
7 15 77.142860 0.207535 0.135654 0.203495 0.132990
7 16 77.619049 0.205409 0.133978 0.205146 0.134402
7 17 78.095238 0.204517 0.133153 0.206182 0.134681
7 18 78.571426 0.204066 0.133095 0.204355 0.132899
7 19 79.047623 0.205148 0.133875 0.208228 0.136344
7 20 79.523811 0.205935 0.134082 0.205196 0.133462
8 0 80.000000 0.204281 0.133452 0.203508 0.133159
8 1 80.476189 0.205996 0.134414 0.205268 0.134159
8 2 80.952377 0.203183 0.132387 0.204912 0.133764
8 3 81.428574 0.206732 0.134663 0.205888 0.133952
8 4 81.904762 0.204611 0.133155 0.207272 0.135015
8 5 82.380951 0.203159 0.132910 0.204320 0.133498
8 6 82.857140 0.204429 0.133408 0.205706 0.134422
8 7 83.333336 0.203347 0.133240 0.207736 0.136136
8 8 83.809525 0.207756 0.135671 0.203834 0.133013
8 9 84.285713 0.205268 0.134147 0.204352 0.132968
8 10 84.761902 0.208719 0.136108 0.205158 0.133560
8 11 85.238098 0.202908 0.132811 0.204542 0.133917
8 12 85.714287 0.206396 0.134973 0.206977 0.134938
8 13 86.190475 0.207549 0.135007 0.206951 0.134305
8 14 86.666664 0.205585 0.134067 0.207065 0.135624
8 15 87.142860 0.203550 0.132491 0.207441 0.135562
8 16 87.619049 0.202977 0.132788 0.204226 0.134031
8 17 88.095238 0.206512 0.134423 0.205822 0.134482
8 18 88.571426 0.203705 0.132909 0.204181 0.133480
8 19 89.047623 0.206970 0.134945 0.203926 0.133718
8 20 89.523811 0.203276 0.133065 0.202560 0.132405
9 0 90.000000 0.205753 0.133755 0.204007 0.133442
9 1 90.476189 0.205364 0.133827 0.205971 0.134651
9 2 90.952377 0.206818 0.134661 0.205603 0.133947
9 3 91.428574 0.206685 0.134741 0.205345 0.134193
9 4 91.904762 0.206245 0.134641 0.206476 0.134862
9 5 92.380951 0.206242 0.134480 0.207277 0.135242
9 6 92.857140 0.204441 0.133302 0.206465 0.134482
9 7 93.333336 0.203861 0.133193 0.203754 0.133153
9 8 93.809525 0.203355 0.132526 0.204826 0.133212
9 9 94.285713 0.205013 0.134086 0.204512 0.133468
9 10 94.761902 0.205456 0.134002 0.205630 0.134232
9 11 95.238098 0.206417 0.134740 0.204326 0.133265
9 12 95.714287 0.205934 0.134851 0.205474 0.133645
9 13 96.190475 0.204468 0.133103 0.203815 0.132944
9 14 96.666664 0.205621 0.134332 0.204393 0.133757
9 15 97.142860 0.205471 0.133832 0.209311 0.136384
9 16 97.619049 0.208255 0.135817 0.207126 0.134697
9 17 98.095238 0.204716 0.132955 0.204632 0.133337
9 18 98.571426 0.205446 0.134024 0.208399 0.136049
9 19 99.047623 0.204940 0.133055 0.203332 0.133154
9 20 99.523811 0.204663 0.133453 0.206531 0.134788
