0 0 0.000000 0.234642 0.136163 0.233815 0.135594
0 1 0.476190 0.209599 0.136583 0.207598 0.135183
0 2 0.952381 0.207848 0.135808 0.209116 0.136097
0 3 1.428571 0.206792 0.134800 0.205556 0.133803
0 4 1.904762 0.209891 0.136996 0.209321 0.136499
0 5 2.380952 0.207183 0.135286 0.207986 0.135170
0 6 2.857143 0.207847 0.135153 0.205580 0.134146
0 7 3.333333 0.206571 0.134377 0.207154 0.134909
0 8 3.809524 0.206639 0.134568 0.207031 0.135020
0 9 4.285714 0.206819 0.135106 0.209067 0.135751
0 10 4.761905 0.206467 0.134028 0.209041 0.136006
0 11 5.238095 0.208581 0.136145 0.205021 0.133859
0 12 5.714286 0.207502 0.134764 0.206101 0.133952
0 13 6.190476 0.208208 0.135331 0.209818 0.136878
0 14 6.666667 0.209019 0.136166 0.207024 0.134523
0 15 7.142857 0.206507 0.134262 0.207715 0.135360
0 16 7.619048 0.205984 0.134674 0.206719 0.134876
0 17 8.095238 0.208080 0.135569 0.205836 0.133941
0 18 8.571428 0.205492 0.134455 0.205057 0.133888
0 19 9.047619 0.208183 0.135948 0.207039 0.135530
0 20 9.523809 0.210257 0.136807 0.205493 0.134005
1 0 10.000000 0.207249 0.134691 0.210523 0.137341
1 1 10.476191 0.206298 0.134556 0.206846 0.135194
1 2 10.952381 0.206650 0.134915 0.206460 0.134727
1 3 11.428572 0.209203 0.135878 0.208147 0.135502
1 4 11.904762 0.207468 0.135495 0.206302 0.134784
1 5 12.380953 0.207402 0.135416 0.206916 0.134738
1 6 12.857142 0.207947 0.134937 0.206995 0.135082
1 7 13.333333 0.208185 0.135193 0.205283 0.133350
1 8 13.809524 0.209612 0.137106 0.206908 0.134731
1 9 14.285714 0.208093 0.135948 0.209508 0.136289
1 10 14.761905 0.205878 0.134311 0.207084 0.135644
1 11 15.238095 0.205714 0.134030 0.208622 0.136079
1 12 15.714286 0.203899 0.132998 0.204642 0.133538
1 13 16.190475 0.205408 0.133812 0.207153 0.134832
1 14 16.666666 0.206085 0.134038 0.207773 0.135464
1 15 17.142857 0.205499 0.133643 0.207227 0.135533
1 16 17.619047 0.206210 0.134507 0.204276 0.132859
1 17 18.095238 0.209816 0.137002 0.208556 0.135672
1 18 18.571428 0.207334 0.135307 0.207159 0.135023
1 19 19.047619 0.210049 0.136000 0.205921 0.134324
1 20 19.523809 0.207359 0.134732 0.207947 0.135725
2 0 20.000000 0.206369 0.134767 0.208212 0.135045
2 1 20.476191 0.206073 0.134708 0.206916 0.134964
2 2 20.952381 0.207122 0.135148 0.207790 0.135241
2 3 21.428572 0.208231 0.136162 0.206182 0.133995
2 4 21.904762 0.208775 0.135883 0.205649 0.134262
2 5 22.380953 0.207627 0.135368 0.209108 0.136165
2 6 22.857143 0.204956 0.134012 0.208680 0.135994
2 7 23.333334 0.207118 0.134906 0.206286 0.134399
2 8 23.809525 0.207473 0.134779 0.204388 0.133247
2 9 24.285715 0.206760 0.135445 0.205749 0.134284
2 10 24.761906 0.208593 0.135930 0.208092 0.135878
2 11 25.238094 0.206721 0.134673 0.206950 0.135011
2 12 25.714285 0.208234 0.135934 0.206601 0.134446
2 13 26.190475 0.207667 0.135438 0.207714 0.135599
2 14 26.666666 0.210202 0.135848 0.210783 0.136365
2 15 27.142857 0.206189 0.134989 0.204730 0.133307
2 16 27.619047 0.208850 0.136166 0.208396 0.135958
2 17 28.095238 0.207733 0.135076 0.208414 0.135453
2 18 28.571428 0.208381 0.135805 0.206151 0.134225
2 19 29.047619 0.208274 0.135619 0.208918 0.136155
2 20 29.523809 0.207745 0.135394 0.206561 0.135071
3 0 30.000000 0.207294 0.134854 0.207830 0.135540
3 1 30.476191 0.205857 0.133808 0.208608 0.135732
3 2 30.952381 0.208160 0.135363 0.208748 0.135387
3 3 31.428572 0.206280 0.134454 0.205282 0.134292
3 4 31.904762 0.207291 0.134680 0.201201 0.131676
3 5 32.380951 0.204804 0.133337 0.204243 0.132926
3 6 32.857143 0.208704 0.135383 0.206411 0.134236
3 7 33.333332 0.206063 0.133836 0.210684 0.137515
3 8 33.809525 0.208473 0.135570 0.205250 0.133741
3 9 34.285713 0.208299 0.135581 0.207586 0.135260
3 10 34.761906 0.207799 0.135414 0.207039 0.135000
3 11 35.238094 0.204865 0.134075 0.205147 0.134315
3 12 35.714287 0.209958 0.136122 0.206986 0.134630
3 13 36.190475 0.207841 0.134969 0.203383 0.132750
3 14 36.666668 0.207131 0.135298 0.206932 0.134921
3 15 37.142857 0.207870 0.135444 0.207780 0.135679
3 16 37.619049 0.207312 0.135272 0.208324 0.135563
3 17 38.095238 0.204522 0.133110 0.209811 0.136603
3 18 38.571430 0.207588 0.134700 0.206669 0.134849
3 19 39.047619 0.207686 0.135361 0.206878 0.134979
3 20 39.523811 0.206545 0.134494 0.208567 0.135849
4 0 40.000000 0.204535 0.133316 0.207708 0.135396
4 1 40.476189 0.206278 0.134659 0.204990 0.133732
4 2 40.952381 0.208749 0.135751 0.208991 0.136611
4 3 41.428570 0.206400 0.134161 0.207367 0.135110
4 4 41.904762 0.204237 0.132795 0.209567 0.136310
4 5 42.380951 0.207219 0.135900 0.205355 0.134249
4 6 42.857143 0.207283 0.134886 0.205692 0.133463
4 7 43.333332 0.208661 0.135710 0.207918 0.134632
4 8 43.809525 0.207295 0.135248 0.208628 0.136344
4 9 44.285713 0.206477 0.134680 0.207587 0.135068
4 10 44.761906 0.208530 0.136117 0.208350 0.136025
4 11 45.238094 0.204104 0.133082 0.206320 0.134391
4 12 45.714287 0.206619 0.134521 0.206085 0.134283
4 13 46.190475 0.206617 0.134628 0.207338 0.135214
4 14 46.666668 0.208057 0.135427 0.204755 0.133711
4 15 47.142857 0.208240 0.135911 0.207012 0.134938
4 16 47.619049 0.207605 0.135681 0.203389 0.132552
4 17 48.095238 0.207017 0.134772 0.208741 0.136172
4 18 48.571430 0.207568 0.135231 0.206968 0.135392
4 19 49.047619 0.205619 0.133900 0.209197 0.135649
4 20 49.523811 0.206637 0.134975 0.206390 0.134924
5 0 50.000000 0.209920 0.136305 0.207070 0.135171
5 1 50.476189 0.209709 0.136658 0.206022 0.134196
5 2 50.952381 0.210217 0.136734 0.207438 0.135252
5 3 51.428570 0.206383 0.134898 0.205693 0.134095
5 4 51.904762 0.205477 0.134204 0.205640 0.134496
5 5 52.380951 0.206560 0.135166 0.205864 0.134553
5 6 52.857143 0.206248 0.134491 0.206600 0.134100
5 7 53.333332 0.211621 0.137961 0.205534 0.134396
5 8 53.809525 0.205922 0.134259 0.205830 0.134229
5 9 54.285713 0.207371 0.134879 0.205842 0.133470
5 10 54.761906 0.205904 0.134438 0.208475 0.136424
5 11 55.238094 0.208503 0.135957 0.209912 0.136371
5 12 55.714287 0.204836 0.133664 0.207299 0.135618
5 13 56.190475 0.203811 0.132978 0.207239 0.135169
5 14 56.666668 0.205496 0.133719 0.207244 0.135457
5 15 57.142857 0.207770 0.135356 0.206047 0.134202
5 16 57.619049 0.207699 0.135151 0.205816 0.133900
5 17 58.095238 0.207025 0.134808 0.205166 0.134159
5 18 58.571430 0.206458 0.134313 0.206287 0.133853
5 19 59.047619 0.207141 0.135170 0.208269 0.135731
5 20 59.523811 0.208178 0.135428 0.207047 0.134817
6 0 60.000000 0.207029 0.134940 0.208221 0.135905
6 1 60.476189 0.207988 0.135386 0.206459 0.134449
6 2 60.952381 0.206274 0.134176 0.205927 0.133987
6 3 61.428570 0.207316 0.135366 0.206067 0.134629
6 4 61.904762 0.208510 0.135336 0.206785 0.134995
6 5 62.380951 0.205866 0.134351 0.208008 0.135308
6 6 62.857143 0.208447 0.135661 0.208080 0.135634
6 7 63.333332 0.209341 0.135841 0.207833 0.134774
6 8 63.809525 0.207114 0.135020 0.208818 0.135479
6 9 64.285713 0.207777 0.135126 0.207157 0.134846
6 10 64.761902 0.206827 0.134685 0.206530 0.134558
6 11 65.238098 0.206838 0.134980 0.207271 0.135167
6 12 65.714287 0.206178 0.134359 0.207690 0.135215
6 13 66.190475 0.208612 0.135773 0.205726 0.133867
6 14 66.666664 0.207312 0.135081 0.208516 0.136772
6 15 67.142860 0.204539 0.133613 0.207581 0.135227
6 16 67.619049 0.207229 0.135624 0.204785 0.133770
6 17 68.095238 0.208032 0.135412 0.208974 0.135756
6 18 68.571426 0.206273 0.134274 0.207613 0.135169
6 19 69.047623 0.207056 0.135284 0.208663 0.136171
6 20 69.523811 0.207283 0.135332 0.206334 0.134929
7 0 70.000000 0.205547 0.134067 0.207858 0.136118
7 1 70.476189 0.204566 0.133744 0.207681 0.135785
7 2 70.952377 0.205467 0.133636 0.206152 0.134903
7 3 71.428574 0.205797 0.134258 0.203992 0.133532
7 4 71.904762 0.207915 0.136153 0.204364 0.133703
7 5 72.380951 0.207293 0.135888 0.205413 0.133986
7 6 72.857140 0.206446 0.134731 0.206840 0.135257
7 7 73.333336 0.207702 0.135158 0.208893 0.136075
7 8 73.809525 0.207048 0.135360 0.207170 0.135078
7 9 74.285713 0.207023 0.135177 0.204216 0.133405
7 10 74.761902 0.206923 0.134449 0.209667 0.135910
7 11 75.238098 0.207839 0.135527 0.209492 0.136893
7 12 75.714287 0.209313 0.136377 0.208516 0.135902
7 13 76.190475 0.208144 0.135507 0.204729 0.133412
7 14 76.666664 0.209538 0.136594 0.205271 0.133644
7 15 77.142860 0.206646 0.134464 0.205637 0.134221
7 16 77.619049 0.205674 0.134049 0.206354 0.134626
7 17 78.095238 0.207568 0.135351 0.209063 0.136289
7 18 78.571426 0.210388 0.137167 0.208133 0.135511
7 19 79.047623 0.208409 0.135412 0.206949 0.134670
7 20 79.523811 0.205818 0.134208 0.207543 0.134984
8 0 80.000000 0.205583 0.134149 0.206941 0.134759
8 1 80.476189 0.208637 0.136278 0.205799 0.134390
8 2 80.952377 0.205033 0.134108 0.205415 0.133194
8 3 81.428574 0.207514 0.135267 0.203080 0.132343
8 4 81.904762 0.207860 0.135567 0.205682 0.133910
8 5 82.380951 0.208295 0.135175 0.206715 0.133901
8 6 82.857140 0.205463 0.134428 0.207295 0.135592
8 7 83.333336 0.208272 0.135640 0.204223 0.133059
8 8 83.809525 0.208472 0.136150 0.209960 0.136761
8 9 84.285713 0.206117 0.134759 0.207177 0.134984
8 10 84.761902 0.203918 0.133085 0.206540 0.135130
8 11 85.238098 0.208223 0.135638 0.206276 0.134336
8 12 85.714287 0.206846 0.135027 0.209318 0.136510
8 13 86.190475 0.206735 0.134124 0.204224 0.132770
8 14 86.666664 0.206932 0.134437 0.207681 0.134881
8 15 87.142860 0.205644 0.134056 0.205185 0.133963
8 16 87.619049 0.205685 0.134074 0.207705 0.135800
8 17 88.095238 0.208942 0.136479 0.207241 0.135207
8 18 88.571426 0.204571 0.133501 0.206470 0.134970
8 19 89.047623 0.204464 0.133190 0.207612 0.135544
8 20 89.523811 0.208725 0.136202 0.207625 0.135447
9 0 90.000000 0.207496 0.134960 0.206011 0.134632
9 1 90.476189 0.205066 0.133975 0.208934 0.135770
9 2 90.952377 0.209375 0.135819 0.208516 0.135474
9 3 91.428574 0.204907 0.133970 0.207720 0.135360
9 4 91.904762 0.205844 0.134281 0.205322 0.133704
9 5 92.380951 0.210104 0.136695 0.206292 0.134195
9 6 92.857140 0.209982 0.136439 0.207508 0.135384
9 7 93.333336 0.206884 0.135260 0.208861 0.136424
9 8 93.809525 0.205706 0.133991 0.206244 0.134381
9 9 94.285713 0.204581 0.133636 0.205826 0.134530
9 10 94.761902 0.207965 0.135804 0.206864 0.134642
9 11 95.238098 0.208193 0.135881 0.205902 0.133918
9 12 95.714287 0.204281 0.134095 0.204580 0.133541
9 13 96.190475 0.206014 0.134331 0.207181 0.135216
9 14 96.666664 0.210305 0.136768 0.206037 0.134840
9 15 97.142860 0.204714 0.133027 0.207362 0.134817
9 16 97.619049 0.206335 0.134156 0.205724 0.134551
9 17 98.095238 0.208225 0.135441 0.206297 0.134100
9 18 98.571426 0.206314 0.134353 0.207559 0.135524
9 19 99.047623 0.206614 0.135362 0.205549 0.134086
9 20 99.523811 0.205419 0.133658 0.207330 0.135265
