0 -0.129515 1 0.001000
1 -0.127204 0 0.000000
2 -0.124893 0 0.000000
3 -0.122582 0 0.000000
4 -0.120271 0 0.000000
5 -0.117960 0 0.000000
6 -0.115649 0 0.000000
7 -0.113338 0 0.000000
8 -0.111027 0 0.000000
9 -0.108716 0 0.000000
10 -0.106405 1 0.001000
11 -0.104094 0 0.000000
12 -0.101783 0 0.000000
13 -0.099472 1 0.001000
14 -0.097161 0 0.000000
15 -0.094849 0 0.000000
16 -0.092538 0 0.000000
17 -0.090227 0 0.000000
18 -0.087916 0 0.000000
19 -0.085605 1 0.001000
20 -0.083294 0 0.000000
21 -0.080983 1 0.001000
22 -0.078672 2 0.002000
23 -0.076361 0 0.000000
24 -0.074050 0 0.000000
25 -0.071739 0 0.000000
26 -0.069428 1 0.001000
27 -0.067117 0 0.000000
28 -0.064806 1 0.001000
29 -0.062495 1 0.001000
30 -0.060184 2 0.002000
31 -0.057872 3 0.003000
32 -0.055561 5 0.005000
33 -0.053250 3 0.003000
34 -0.050939 2 0.002000
35 -0.048628 8 0.008000
36 -0.046317 2 0.002000
37 -0.044006 2 0.002000
38 -0.041695 6 0.006000
39 -0.039384 1 0.001000
40 -0.037073 5 0.005000
41 -0.034762 7 0.007000
42 -0.032451 7 0.007000
43 -0.030140 7 0.007000
44 -0.027829 7 0.007000
45 -0.025518 11 0.011000
46 -0.023207 14 0.014000
47 -0.020895 23 0.023000
48 -0.018584 16 0.016000
49 -0.016273 32 0.032000
50 -0.013962 34 0.034000
51 -0.011651 46 0.046000
52 -0.009340 51 0.051000
53 -0.007029 69 0.069000
54 -0.004718 59 0.059000
55 -0.002407 64 0.064000
56 -0.000096 69 0.069000
57 0.002215 63 0.063000
58 0.004526 69 0.069000
59 0.006837 54 0.054000
60 0.009148 46 0.046000
61 0.011459 39 0.039000
62 0.013770 24 0.024000
63 0.016082 25 0.025000
64 0.018393 18 0.018000
65 0.020704 15 0.015000
66 0.023015 20 0.020000
67 0.025326 9 0.009000
68 0.027637 12 0.012000
69 0.029948 5 0.005000
70 0.032259 8 0.008000
71 0.034570 5 0.005000
72 0.036881 4 0.004000
73 0.039192 3 0.003000
74 0.041503 2 0.002000
75 0.043814 1 0.001000
76 0.046125 1 0.001000
77 0.048436 1 0.001000
78 0.050747 2 0.002000
79 0.053059 0 0.000000
80 0.055370 2 0.002000
81 0.057681 1 0.001000
82 0.059992 0 0.000000
83 0.062303 0 0.000000
84 0.064614 0 0.000000
85 0.066925 1 0.001000
86 0.069236 2 0.002000
87 0.071547 0 0.000000
88 0.073858 0 0.000000
89 0.076169 1 0.001000
90 0.078480 0 0.000000
91 0.080791 0 0.000000
92 0.083102 0 0.000000
93 0.085413 1 0.001000
94 0.087725 0 0.000000
95 0.090036 0 0.000000
96 0.092347 0 0.000000
97 0.094658 0 0.000000
98 0.096969 0 0.000000
99 0.099280 1 0.001000
