0 -0.140628 1 0.001000
1 -0.137857 1 0.001000
2 -0.135087 0 0.000000
3 -0.132317 0 0.000000
4 -0.129546 0 0.000000
5 -0.126776 0 0.000000
6 -0.124005 0 0.000000
7 -0.121235 1 0.001000
8 -0.118464 0 0.000000
9 -0.115694 1 0.001000
10 -0.112923 1 0.001000
11 -0.110153 0 0.000000
12 -0.107383 2 0.002000
13 -0.104612 3 0.003000
14 -0.101842 3 0.003000
15 -0.099071 1 0.001000
16 -0.096301 2 0.002000
17 -0.093530 3 0.003000
18 -0.090760 5 0.005000
19 -0.087989 1 0.001000
20 -0.085219 0 0.000000
21 -0.082449 1 0.001000
22 -0.079678 3 0.003000
23 -0.076908 5 0.005000
24 -0.074137 3 0.003000
25 -0.071367 4 0.004000
26 -0.068596 2 0.002000
27 -0.065826 5 0.005000
28 -0.063056 4 0.004000
29 -0.060285 3 0.003000
30 -0.057515 1 0.001000
31 -0.054744 0 0.000000
32 -0.051974 8 0.008000
33 -0.049203 7 0.007000
34 -0.046433 9 0.009000
35 -0.043662 9 0.009000
36 -0.040892 8 0.008000
37 -0.038122 16 0.016000
38 -0.035351 11 0.011000
39 -0.032581 16 0.016000
40 -0.029810 18 0.018000
41 -0.027040 25 0.025000
42 -0.024269 22 0.022000
43 -0.021499 25 0.025000
44 -0.018728 31 0.031000
45 -0.015958 38 0.038000
46 -0.013188 45 0.045000
47 -0.010417 45 0.045000
48 -0.007647 47 0.047000
49 -0.004876 47 0.047000
50 -0.002106 53 0.053000
51 0.000665 37 0.037000
52 0.003435 41 0.041000
53 0.006206 41 0.041000
54 0.008976 41 0.041000
55 0.011746 39 0.039000
56 0.014517 35 0.035000
57 0.017287 27 0.027000
58 0.020058 31 0.031000
59 0.022828 17 0.017000
60 0.025599 14 0.014000
61 0.028369 20 0.020000
62 0.031139 15 0.015000
63 0.033910 14 0.014000
64 0.036680 16 0.016000
65 0.039451 11 0.011000
66 0.042221 4 0.004000
67 0.044992 3 0.003000
68 0.047762 7 0.007000
69 0.050533 2 0.002000
70 0.053303 4 0.004000
71 0.056073 3 0.003000
72 0.058844 3 0.003000
73 0.061614 6 0.006000
74 0.064385 2 0.002000
75 0.067155 1 0.001000
76 0.069926 2 0.002000
77 0.072696 2 0.002000
78 0.075467 2 0.002000
79 0.078237 3 0.003000
80 0.081007 5 0.005000
81 0.083778 1 0.001000
82 0.086548 3 0.003000
83 0.089319 0 0.000000
84 0.092089 1 0.001000
85 0.094860 1 0.001000
86 0.097630 0 0.000000
87 0.100400 0 0.000000
88 0.103171 1 0.001000
89 0.105941 1 0.001000
90 0.108712 1 0.001000
91 0.111482 2 0.002000
92 0.114253 0 0.000000
93 0.117023 1 0.001000
94 0.119794 0 0.000000
95 0.122564 2 0.002000
96 0.125334 0 0.000000
97 0.128105 0 0.000000
98 0.130875 1 0.001000
99 0.133646 1 0.001000
