0 -0.985444 1 0.000333
1 -0.974140 0 0.000000
2 -0.962836 1 0.000333
3 -0.951532 0 0.000000
4 -0.940228 1 0.000333
5 -0.928924 0 0.000000
6 -0.917620 0 0.000000
7 -0.906317 0 0.000000
8 -0.895013 0 0.000000
9 -0.883709 0 0.000000
10 -0.872405 0 0.000000
11 -0.861101 0 0.000000
12 -0.849797 0 0.000000
13 -0.838493 0 0.000000
14 -0.827189 0 0.000000
15 -0.815885 0 0.000000
16 -0.804581 0 0.000000
17 -0.793277 0 0.000000
18 -0.781973 0 0.000000
19 -0.770669 0 0.000000
20 -0.759365 0 0.000000
21 -0.748061 0 0.000000
22 -0.736757 0 0.000000
23 -0.725453 0 0.000000
24 -0.714150 0 0.000000
25 -0.702846 0 0.000000
26 -0.691542 0 0.000000
27 -0.680238 0 0.000000
28 -0.668934 0 0.000000
29 -0.657630 0 0.000000
30 -0.646326 0 0.000000
31 -0.635022 0 0.000000
32 -0.623718 0 0.000000
33 -0.612414 0 0.000000
34 -0.601110 0 0.000000
35 -0.589806 0 0.000000
36 -0.578502 0 0.000000
37 -0.567198 0 0.000000
38 -0.555894 0 0.000000
39 -0.544590 0 0.000000
40 -0.533287 0 0.000000
41 -0.521983 0 0.000000
42 -0.510679 0 0.000000
43 -0.499375 0 0.000000
44 -0.488071 0 0.000000
45 -0.476767 0 0.000000
46 -0.465463 0 0.000000
47 -0.454159 0 0.000000
48 -0.442855 0 0.000000
49 -0.431551 0 0.000000
50 -0.420247 0 0.000000
51 -0.408943 0 0.000000
52 -0.397639 0 0.000000
53 -0.386335 0 0.000000
54 -0.375031 0 0.000000
55 -0.363727 0 0.000000
56 -0.352424 0 0.000000
57 -0.341120 0 0.000000
58 -0.329816 0 0.000000
59 -0.318512 0 0.000000
60 -0.307208 0 0.000000
61 -0.295904 0 0.000000
62 -0.284600 0 0.000000
63 -0.273296 0 0.000000
64 -0.261992 0 0.000000
65 -0.250688 0 0.000000
66 -0.239384 0 0.000000
67 -0.228080 0 0.000000
68 -0.216776 0 0.000000
69 -0.205472 0 0.000000
70 -0.194168 0 0.000000
71 -0.182864 0 0.000000
72 -0.171561 0 0.000000
73 -0.160257 0 0.000000
74 -0.148953 1 0.000333
75 -0.137649 2 0.000667
76 -0.126345 1 0.000333
77 -0.115041 7 0.002333
78 -0.103737 9 0.003000
79 -0.092433 9 0.003000
80 -0.081129 16 0.005333
81 -0.069825 20 0.006667
82 -0.058521 31 0.010333
83 -0.047217 66 0.022000
84 -0.035913 107 0.035667
85 -0.024609 235 0.078333
86 -0.013305 817 0.272333
87 -0.002001 984 0.328000
88 0.009302 347 0.115667
89 0.020606 155 0.051667
90 0.031910 86 0.028667
91 0.043214 37 0.012333
92 0.054518 25 0.008333
93 0.065822 13 0.004333
94 0.077126 15 0.005000
95 0.088430 4 0.001333
96 0.099734 3 0.001000
97 0.111038 3 0.001000
98 0.122342 3 0.001000
99 0.133646 1 0.000333
