0 0.000000 2971 0.990333
1 0.009809 25 0.008333
2 0.019618 1 0.000333
3 0.029427 0 0.000000
4 0.039236 0 0.000000
5 0.049045 0 0.000000
6 0.058855 0 0.000000
7 0.068664 0 0.000000
8 0.078473 0 0.000000
9 0.088282 0 0.000000
10 0.098091 0 0.000000
11 0.107900 0 0.000000
12 0.117709 0 0.000000
13 0.127518 0 0.000000
14 0.137327 0 0.000000
15 0.147136 0 0.000000
16 0.156945 0 0.000000
17 0.166755 0 0.000000
18 0.176564 0 0.000000
19 0.186373 0 0.000000
20 0.196182 0 0.000000
21 0.205991 0 0.000000
22 0.215800 0 0.000000
23 0.225609 0 0.000000
24 0.235418 0 0.000000
25 0.245227 0 0.000000
26 0.255036 0 0.000000
27 0.264845 0 0.000000
28 0.274655 0 0.000000
29 0.284464 0 0.000000
30 0.294273 0 0.000000
31 0.304082 0 0.000000
32 0.313891 0 0.000000
33 0.323700 0 0.000000
34 0.333509 0 0.000000
35 0.343318 0 0.000000
36 0.353127 0 0.000000
37 0.362936 0 0.000000
38 0.372745 0 0.000000
39 0.382555 0 0.000000
40 0.392364 0 0.000000
41 0.402173 0 0.000000
42 0.411982 0 0.000000
43 0.421791 0 0.000000
44 0.431600 0 0.000000
45 0.441409 0 0.000000
46 0.451218 0 0.000000
47 0.461027 0 0.000000
48 0.470836 0 0.000000
49 0.480645 0 0.000000
50 0.490455 0 0.000000
51 0.500264 0 0.000000
52 0.510073 0 0.000000
53 0.519882 0 0.000000
54 0.529691 0 0.000000
55 0.539500 0 0.000000
56 0.549309 0 0.000000
57 0.559118 0 0.000000
58 0.568927 0 0.000000
59 0.578736 0 0.000000
60 0.588546 0 0.000000
61 0.598355 0 0.000000
62 0.608164 0 0.000000
63 0.617973 0 0.000000
64 0.627782 0 0.000000
65 0.637591 0 0.000000
66 0.647400 0 0.000000
67 0.657209 0 0.000000
68 0.667018 0 0.000000
69 0.676827 0 0.000000
70 0.686636 0 0.000000
71 0.696446 0 0.000000
72 0.706255 0 0.000000
73 0.716064 0 0.000000
74 0.725873 0 0.000000
75 0.735682 0 0.000000
76 0.745491 0 0.000000
77 0.755300 0 0.000000
78 0.765109 0 0.000000
79 0.774918 0 0.000000
80 0.784727 0 0.000000
81 0.794536 0 0.000000
82 0.804345 0 0.000000
83 0.814155 0 0.000000
84 0.823964 0 0.000000
85 0.833773 0 0.000000
86 0.843582 0 0.000000
87 0.853391 0 0.000000
88 0.863200 0 0.000000
89 0.873009 1 0.000333
90 0.882818 0 0.000000
91 0.892627 0 0.000000
92 0.902436 1 0.000333
93 0.912246 0 0.000000
94 0.922055 0 0.000000
95 0.931864 0 0.000000
96 0.941673 0 0.000000
97 0.951482 0 0.000000
98 0.961291 1 0.000333
99 0.971100 0 0.000000
