0 -0.985444 1 0.001000
1 -0.974667 0 0.000000
2 -0.963891 0 0.000000
3 -0.953114 1 0.001000
4 -0.942337 1 0.001000
5 -0.931561 0 0.000000
6 -0.920784 0 0.000000
7 -0.910007 0 0.000000
8 -0.899231 0 0.000000
9 -0.888454 0 0.000000
10 -0.877677 0 0.000000
11 -0.866901 0 0.000000
12 -0.856124 0 0.000000
13 -0.845347 0 0.000000
14 -0.834571 0 0.000000
15 -0.823794 0 0.000000
16 -0.813017 0 0.000000
17 -0.802241 0 0.000000
18 -0.791464 0 0.000000
19 -0.780687 0 0.000000
20 -0.769911 0 0.000000
21 -0.759134 0 0.000000
22 -0.748357 0 0.000000
23 -0.737581 0 0.000000
24 -0.726804 0 0.000000
25 -0.716027 0 0.000000
26 -0.705251 0 0.000000
27 -0.694474 0 0.000000
28 -0.683697 0 0.000000
29 -0.672921 0 0.000000
30 -0.662144 0 0.000000
31 -0.651368 0 0.000000
32 -0.640591 0 0.000000
33 -0.629814 0 0.000000
34 -0.619038 0 0.000000
35 -0.608261 0 0.000000
36 -0.597484 0 0.000000
37 -0.586708 0 0.000000
38 -0.575931 0 0.000000
39 -0.565154 0 0.000000
40 -0.554378 0 0.000000
41 -0.543601 0 0.000000
42 -0.532824 0 0.000000
43 -0.522048 0 0.000000
44 -0.511271 0 0.000000
45 -0.500494 0 0.000000
46 -0.489718 0 0.000000
47 -0.478941 0 0.000000
48 -0.468164 0 0.000000
49 -0.457388 0 0.000000
50 -0.446611 0 0.000000
51 -0.435834 0 0.000000
52 -0.425058 0 0.000000
53 -0.414281 0 0.000000
54 -0.403504 0 0.000000
55 -0.392728 0 0.000000
56 -0.381951 0 0.000000
57 -0.371174 0 0.000000
58 -0.360398 0 0.000000
59 -0.349621 0 0.000000
60 -0.338844 0 0.000000
61 -0.328068 0 0.000000
62 -0.317291 0 0.000000
63 -0.306514 0 0.000000
64 -0.295738 0 0.000000
65 -0.284961 0 0.000000
66 -0.274184 0 0.000000
67 -0.263408 0 0.000000
68 -0.252631 0 0.000000
69 -0.241854 0 0.000000
70 -0.231078 0 0.000000
71 -0.220301 0 0.000000
72 -0.209524 0 0.000000
73 -0.198748 0 0.000000
74 -0.187971 0 0.000000
75 -0.177194 0 0.000000
76 -0.166418 0 0.000000
77 -0.155641 0 0.000000
78 -0.144864 0 0.000000
79 -0.134088 0 0.000000
80 -0.123311 0 0.000000
81 -0.112534 0 0.000000
82 -0.101758 0 0.000000
83 -0.090981 0 0.000000
84 -0.080204 0 0.000000
85 -0.069428 0 0.000000
86 -0.058651 0 0.000000
87 -0.047874 1 0.001000
88 -0.037098 1 0.001000
89 -0.026321 16 0.016000
90 -0.015544 184 0.184000
91 -0.004768 638 0.638000
92 0.006009 94 0.094000
93 0.016786 26 0.026000
94 0.027562 7 0.007000
95 0.038339 11 0.011000
96 0.049116 14 0.014000
97 0.059892 3 0.003000
98 0.070669 1 0.001000
99 0.081446 1 0.001000
