0 0.049899 1 0.001000
1 0.058206 1 0.001000
2 0.066513 0 0.000000
3 0.074820 0 0.000000
4 0.083127 1 0.001000
5 0.091434 0 0.000000
6 0.099741 0 0.000000
7 0.108048 1 0.001000
8 0.116355 1 0.001000
9 0.124662 1 0.001000
10 0.132969 0 0.000000
11 0.141277 0 0.000000
12 0.149584 1 0.001000
13 0.157891 3 0.003000
14 0.166198 1 0.001000
15 0.174505 3 0.003000
16 0.182812 2 0.002000
17 0.191119 1 0.001000
18 0.199426 2 0.002000
19 0.207733 3 0.003000
20 0.216040 4 0.004000
21 0.224347 7 0.007000
22 0.232654 4 0.004000
23 0.240961 4 0.004000
24 0.249268 6 0.006000
25 0.257575 4 0.004000
26 0.265882 4 0.004000
27 0.274190 3 0.003000
28 0.282497 3 0.003000
29 0.290804 7 0.007000
30 0.299111 8 0.008000
31 0.307418 11 0.011000
32 0.315725 8 0.008000
33 0.324032 3 0.003000
34 0.332339 5 0.005000
35 0.340646 7 0.007000
36 0.348953 12 0.012000
37 0.357260 10 0.010000
38 0.365567 16 0.016000
39 0.373874 14 0.014000
40 0.382181 16 0.016000
41 0.390488 20 0.020000
42 0.398795 18 0.018000
43 0.407103 22 0.022000
44 0.415410 28 0.028000
45 0.423717 26 0.026000
46 0.432024 22 0.022000
47 0.440331 35 0.035000
48 0.448638 43 0.043000
49 0.456945 55 0.055000
50 0.465252 53 0.053000
51 0.473559 49 0.049000
52 0.481866 42 0.042000
53 0.490173 54 0.054000
54 0.498480 34 0.034000
55 0.506787 25 0.025000
56 0.515094 33 0.033000
57 0.523401 19 0.019000
58 0.531708 23 0.023000
59 0.540016 17 0.017000
60 0.548323 14 0.014000
61 0.556630 19 0.019000
62 0.564937 14 0.014000
63 0.573244 12 0.012000
64 0.581551 13 0.013000
65 0.589858 13 0.013000
66 0.598165 11 0.011000
67 0.606472 10 0.010000
68 0.614779 4 0.004000
69 0.623086 8 0.008000
70 0.631393 7 0.007000
71 0.639700 9 0.009000
72 0.648007 6 0.006000
73 0.656314 6 0.006000
74 0.664621 9 0.009000
75 0.672929 6 0.006000
76 0.681236 6 0.006000
77 0.689543 3 0.003000
78 0.697850 3 0.003000
79 0.706157 3 0.003000
80 0.714464 2 0.002000
81 0.722771 2 0.002000
82 0.731078 4 0.004000
83 0.739385 4 0.004000
84 0.747692 1 0.001000
85 0.755999 3 0.003000
86 0.764306 1 0.001000
87 0.772613 2 0.002000
88 0.780920 0 0.000000
89 0.789227 0 0.000000
90 0.797534 1 0.001000
91 0.805842 1 0.001000
92 0.814149 3 0.003000
93 0.822456 0 0.000000
94 0.830763 0 0.000000
95 0.839070 1 0.001000
96 0.847377 0 0.000000
97 0.855684 0 0.000000
98 0.863991 2 0.002000
99 0.872298 1 0.001000
