0 0.000092 3 0.001000
1 0.010187 0 0.000000
2 0.020282 0 0.000000
3 0.030378 0 0.000000
4 0.040473 1 0.000333
5 0.050568 0 0.000000
6 0.060663 1 0.000333
7 0.070759 0 0.000000
8 0.080854 1 0.000333
9 0.090949 0 0.000000
10 0.101044 0 0.000000
11 0.111140 1 0.000333
12 0.121235 2 0.000667
13 0.131330 0 0.000000
14 0.141426 0 0.000000
15 0.151521 3 0.001000
16 0.161616 1 0.000333
17 0.171711 4 0.001333
18 0.181807 2 0.000667
19 0.191902 2 0.000667
20 0.201997 1 0.000333
21 0.212093 6 0.002000
22 0.222188 8 0.002667
23 0.232283 4 0.001333
24 0.242378 6 0.002000
25 0.252474 6 0.002000
26 0.262569 6 0.002000
27 0.272664 5 0.001667
28 0.282759 8 0.002667
29 0.292855 7 0.002333
30 0.302950 13 0.004333
31 0.313045 9 0.003000
32 0.323141 6 0.002000
33 0.333236 8 0.002667
34 0.343331 16 0.005333
35 0.353426 15 0.005000
36 0.363522 24 0.008000
37 0.373617 22 0.007333
38 0.383712 37 0.012333
39 0.393808 28 0.009333
40 0.403903 51 0.017000
41 0.413998 73 0.024333
42 0.424093 91 0.030333
43 0.434189 111 0.037000
44 0.444284 153 0.051000
45 0.454379 183 0.061000
46 0.464474 236 0.078667
47 0.474570 172 0.057333
48 0.484665 135 0.045000
49 0.494760 100 0.033333
50 0.504856 69 0.023000
51 0.514951 55 0.018333
52 0.525046 30 0.010000
53 0.535141 42 0.014000
54 0.545237 30 0.010000
55 0.555332 26 0.008667
56 0.565427 22 0.007333
57 0.575522 17 0.005667
58 0.585618 23 0.007667
59 0.595713 16 0.005333
60 0.605808 12 0.004000
61 0.615904 6 0.002000
62 0.625999 9 0.003000
63 0.636094 13 0.004333
64 0.646189 8 0.002667
65 0.656285 7 0.002333
66 0.666380 10 0.003333
67 0.676475 9 0.003000
68 0.686570 2 0.000667
69 0.696666 6 0.002000
70 0.706761 2 0.000667
71 0.716856 2 0.000667
72 0.726952 5 0.001667
73 0.737047 5 0.001667
74 0.747142 3 0.001000
75 0.757237 2 0.000667
76 0.767333 1 0.000333
77 0.777428 1 0.000333
78 0.787523 0 0.000000
79 0.797619 1 0.000333
80 0.807714 2 0.000667
81 0.817809 2 0.000667
82 0.827904 0 0.000000
83 0.838000 1 0.000333
84 0.848095 0 0.000000
85 0.858190 2 0.000667
86 0.868285 1 0.000333
87 0.878381 0 0.000000
88 0.888476 0 0.000000
89 0.898571 0 0.000000
90 0.908667 0 0.000000
91 0.918762 0 0.000000
92 0.928857 0 0.000000
93 0.938952 0 0.000000
94 0.949048 0 0.000000
95 0.959143 0 0.000000
96 0.969238 0 0.000000
97 0.979334 0 0.000000
98 0.989429 996 0.332000
99 0.999524 1 0.000333
