0 0.915762 1 0.001000
1 0.916962 0 0.000000
2 0.918163 0 0.000000
3 0.919364 0 0.000000
4 0.920565 0 0.000000
5 0.921766 0 0.000000
6 0.922967 1 0.001000
7 0.924168 0 0.000000
8 0.925369 0 0.000000
9 0.926570 1 0.001000
10 0.927771 0 0.000000
11 0.928972 0 0.000000
12 0.930172 1 0.001000
13 0.931373 0 0.000000
14 0.932574 0 0.000000
15 0.933775 0 0.000000
16 0.934976 1 0.001000
17 0.936177 1 0.001000
18 0.937378 1 0.001000
19 0.938579 3 0.003000
20 0.939780 2 0.002000
21 0.940981 0 0.000000
22 0.942182 0 0.000000
23 0.943382 2 0.002000
24 0.944583 2 0.002000
25 0.945784 0 0.000000
26 0.946985 3 0.003000
27 0.948186 2 0.002000
28 0.949387 2 0.002000
29 0.950588 2 0.002000
30 0.951789 3 0.003000
31 0.952990 0 0.000000
32 0.954191 2 0.002000
33 0.955392 2 0.002000
34 0.956592 0 0.000000
35 0.957793 0 0.000000
36 0.958994 2 0.002000
37 0.960195 0 0.000000
38 0.961396 1 0.001000
39 0.962597 1 0.001000
40 0.963798 1 0.001000
41 0.964999 2 0.002000
42 0.966200 0 0.000000
43 0.967401 0 0.000000
44 0.968602 1 0.001000
45 0.969802 2 0.002000
46 0.971003 3 0.003000
47 0.972204 1 0.001000
48 0.973405 2 0.002000
49 0.974606 2 0.002000
50 0.975807 7 0.007000
51 0.977008 4 0.004000
52 0.978209 4 0.004000
53 0.979410 5 0.005000
54 0.980611 2 0.002000
55 0.981812 7 0.007000
56 0.983012 6 0.006000
57 0.984213 6 0.006000
58 0.985414 9 0.009000
59 0.986615 11 0.011000
60 0.987816 11 0.011000
61 0.989017 32 0.032000
62 0.990218 27 0.027000
63 0.991419 45 0.045000
64 0.992620 53 0.053000
65 0.993821 56 0.056000
66 0.995022 70 0.070000
67 0.996222 96 0.096000
68 0.997423 83 0.083000
69 0.998624 86 0.086000
70 0.999825 83 0.083000
71 1.001026 60 0.060000
72 1.002227 55 0.055000
73 1.003428 36 0.036000
74 1.004629 20 0.020000
75 1.005830 21 0.021000
76 1.007031 10 0.010000
77 1.008232 17 0.017000
78 1.009432 6 0.006000
79 1.010633 3 0.003000
80 1.011834 5 0.005000
81 1.013035 5 0.005000
82 1.014236 2 0.002000
83 1.015437 0 0.000000
84 1.016638 3 0.003000
85 1.017839 0 0.000000
86 1.019040 0 0.000000
87 1.020241 1 0.001000
88 1.021441 2 0.002000
89 1.022642 0 0.000000
90 1.023843 0 0.000000
91 1.025044 0 0.000000
92 1.026245 0 0.000000
93 1.027446 0 0.000000
94 1.028647 0 0.000000
95 1.029848 0 0.000000
96 1.031049 0 0.000000
97 1.032250 0 0.000000
98 1.033451 0 0.000000
99 1.034652 1 0.001000
