0 0.077309 1 0.001000
1 0.085336 0 0.000000
2 0.093363 1 0.001000
3 0.101390 0 0.000000
4 0.109417 0 0.000000
5 0.117444 2 0.002000
6 0.125471 1 0.001000
7 0.133498 1 0.001000
8 0.141525 0 0.000000
9 0.149552 0 0.000000
10 0.157578 1 0.001000
11 0.165605 1 0.001000
12 0.173632 2 0.002000
13 0.181659 3 0.003000
14 0.189686 1 0.001000
15 0.197713 2 0.002000
16 0.205740 3 0.003000
17 0.213767 6 0.006000
18 0.221794 2 0.002000
19 0.229821 4 0.004000
20 0.237848 5 0.005000
21 0.245875 3 0.003000
22 0.253902 4 0.004000
23 0.261929 6 0.006000
24 0.269956 4 0.004000
25 0.277983 6 0.006000
26 0.286010 7 0.007000
27 0.294037 3 0.003000
28 0.302064 4 0.004000
29 0.310091 9 0.009000
30 0.318118 7 0.007000
31 0.326145 11 0.011000
32 0.334171 3 0.003000
33 0.342198 9 0.009000
34 0.350225 10 0.010000
35 0.358252 12 0.012000
36 0.366279 7 0.007000
37 0.374306 23 0.023000
38 0.382333 19 0.019000
39 0.390360 12 0.012000
40 0.398387 13 0.013000
41 0.406414 27 0.027000
42 0.414441 23 0.023000
43 0.422468 22 0.022000
44 0.430495 31 0.031000
45 0.438522 31 0.031000
46 0.446549 38 0.038000
47 0.454576 49 0.049000
48 0.462603 58 0.058000
49 0.470630 54 0.054000
50 0.478657 38 0.038000
51 0.486684 41 0.041000
52 0.494711 49 0.049000
53 0.502738 24 0.024000
54 0.510764 21 0.021000
55 0.518791 16 0.016000
56 0.526818 24 0.024000
57 0.534845 28 0.028000
58 0.542872 25 0.025000
59 0.550899 16 0.016000
60 0.558926 13 0.013000
61 0.566953 10 0.010000
62 0.574980 11 0.011000
63 0.583007 8 0.008000
64 0.591034 18 0.018000
65 0.599061 10 0.010000
66 0.607088 5 0.005000
67 0.615115 6 0.006000
68 0.623142 7 0.007000
69 0.631169 10 0.010000
70 0.639196 12 0.012000
71 0.647223 4 0.004000
72 0.655250 5 0.005000
73 0.663277 7 0.007000
74 0.671304 2 0.002000
75 0.679330 4 0.004000
76 0.687357 6 0.006000
77 0.695384 2 0.002000
78 0.703411 5 0.005000
79 0.711438 5 0.005000
80 0.719465 5 0.005000
81 0.727492 1 0.001000
82 0.735519 2 0.002000
83 0.743546 2 0.002000
84 0.751573 3 0.003000
85 0.759600 0 0.000000
86 0.767627 1 0.001000
87 0.775654 2 0.002000
88 0.783681 3 0.003000
89 0.791708 1 0.001000
90 0.799735 0 0.000000
91 0.807762 2 0.002000
92 0.815789 1 0.001000
93 0.823816 0 0.000000
94 0.831843 1 0.001000
95 0.839870 0 0.000000
96 0.847897 1 0.001000
97 0.855923 1 0.001000
98 0.863950 0 0.000000
99 0.871977 1 0.001000
