0 0.262636 1 0.001000
1 0.266574 0 0.000000
2 0.270512 0 0.000000
3 0.274451 0 0.000000
4 0.278389 1 0.001000
5 0.282327 0 0.000000
6 0.286265 0 0.000000
7 0.290203 0 0.000000
8 0.294141 0 0.000000
9 0.298079 0 0.000000
10 0.302017 0 0.000000
11 0.305955 1 0.001000
12 0.309893 0 0.000000
13 0.313832 0 0.000000
14 0.317770 0 0.000000
15 0.321708 0 0.000000
16 0.325646 0 0.000000
17 0.329584 2 0.002000
18 0.333522 0 0.000000
19 0.337460 0 0.000000
20 0.341398 0 0.000000
21 0.345336 5 0.005000
22 0.349274 0 0.000000
23 0.353212 2 0.002000
24 0.357151 1 0.001000
25 0.361089 1 0.001000
26 0.365027 2 0.002000
27 0.368965 2 0.002000
28 0.372903 0 0.000000
29 0.376841 3 0.003000
30 0.380779 4 0.004000
31 0.384717 9 0.009000
32 0.388655 2 0.002000
33 0.392593 3 0.003000
34 0.396532 5 0.005000
35 0.400470 5 0.005000
36 0.404408 7 0.007000
37 0.408346 7 0.007000
38 0.412284 12 0.012000
39 0.416222 23 0.023000
40 0.420160 12 0.012000
41 0.424098 19 0.019000
42 0.428036 22 0.022000
43 0.431974 28 0.028000
44 0.435912 36 0.036000
45 0.439851 28 0.028000
46 0.443789 26 0.026000
47 0.447727 38 0.038000
48 0.451665 55 0.055000
49 0.455603 50 0.050000
50 0.459541 45 0.045000
51 0.463479 68 0.068000
52 0.467417 68 0.068000
53 0.471355 64 0.064000
54 0.475293 50 0.050000
55 0.479232 41 0.041000
56 0.483170 27 0.027000
57 0.487108 26 0.026000
58 0.491046 34 0.034000
59 0.494984 18 0.018000
60 0.498922 19 0.019000
61 0.502860 24 0.024000
62 0.506798 13 0.013000
63 0.510736 14 0.014000
64 0.514674 10 0.010000
65 0.518613 5 0.005000
66 0.522551 3 0.003000
67 0.526489 5 0.005000
68 0.530427 3 0.003000
69 0.534365 8 0.008000
70 0.538303 5 0.005000
71 0.542241 4 0.004000
72 0.546179 5 0.005000
73 0.550117 3 0.003000
74 0.554055 4 0.004000
75 0.557993 1 0.001000
76 0.561932 0 0.000000
77 0.565870 4 0.004000
78 0.569808 2 0.002000
79 0.573746 2 0.002000
80 0.577684 3 0.003000
81 0.581622 0 0.000000
82 0.585560 2 0.002000
83 0.589498 2 0.002000
84 0.593436 1 0.001000
85 0.597374 0 0.000000
86 0.601313 1 0.001000
87 0.605251 1 0.001000
88 0.609189 1 0.001000
89 0.613127 0 0.000000
90 0.617065 0 0.000000
91 0.621003 0 0.000000
92 0.624941 0 0.000000
93 0.628879 0 0.000000
94 0.632817 1 0.001000
95 0.636755 0 0.000000
96 0.640694 0 0.000000
97 0.644632 0 0.000000
98 0.648570 0 0.000000
99 0.652508 1 0.001000
