0 0.000092 3 0.003000
1 0.010187 0 0.000000
2 0.020282 0 0.000000
3 0.030378 0 0.000000
4 0.040473 0 0.000000
5 0.050568 0 0.000000
6 0.060663 0 0.000000
7 0.070759 0 0.000000
8 0.080854 0 0.000000
9 0.090949 0 0.000000
10 0.101044 0 0.000000
11 0.111140 0 0.000000
12 0.121235 0 0.000000
13 0.131330 0 0.000000
14 0.141426 0 0.000000
15 0.151521 0 0.000000
16 0.161616 0 0.000000
17 0.171711 0 0.000000
18 0.181807 0 0.000000
19 0.191902 0 0.000000
20 0.201997 0 0.000000
21 0.212093 0 0.000000
22 0.222188 0 0.000000
23 0.232283 0 0.000000
24 0.242378 0 0.000000
25 0.252474 0 0.000000
26 0.262569 0 0.000000
27 0.272664 0 0.000000
28 0.282759 0 0.000000
29 0.292855 0 0.000000
30 0.302950 0 0.000000
31 0.313045 0 0.000000
32 0.323141 0 0.000000
33 0.333236 0 0.000000
34 0.343331 0 0.000000
35 0.353426 0 0.000000
36 0.363522 0 0.000000
37 0.373617 0 0.000000
38 0.383712 0 0.000000
39 0.393808 0 0.000000
40 0.403903 0 0.000000
41 0.413998 0 0.000000
42 0.424093 0 0.000000
43 0.434189 0 0.000000
44 0.444284 0 0.000000
45 0.454379 0 0.000000
46 0.464474 0 0.000000
47 0.474570 0 0.000000
48 0.484665 0 0.000000
49 0.494760 0 0.000000
50 0.504856 0 0.000000
51 0.514951 0 0.000000
52 0.525046 0 0.000000
53 0.535141 0 0.000000
54 0.545237 0 0.000000
55 0.555332 0 0.000000
56 0.565427 0 0.000000
57 0.575522 0 0.000000
58 0.585618 0 0.000000
59 0.595713 0 0.000000
60 0.605808 0 0.000000
61 0.615904 0 0.000000
62 0.625999 0 0.000000
63 0.636094 0 0.000000
64 0.646189 0 0.000000
65 0.656285 0 0.000000
66 0.666380 0 0.000000
67 0.676475 0 0.000000
68 0.686570 0 0.000000
69 0.696666 0 0.000000
70 0.706761 0 0.000000
71 0.716856 0 0.000000
72 0.726952 0 0.000000
73 0.737047 0 0.000000
74 0.747142 0 0.000000
75 0.757237 0 0.000000
76 0.767333 0 0.000000
77 0.777428 0 0.000000
78 0.787523 0 0.000000
79 0.797619 0 0.000000
80 0.807714 0 0.000000
81 0.817809 0 0.000000
82 0.827904 0 0.000000
83 0.838000 0 0.000000
84 0.848095 0 0.000000
85 0.858190 0 0.000000
86 0.868285 0 0.000000
87 0.878381 0 0.000000
88 0.888476 0 0.000000
89 0.898571 0 0.000000
90 0.908667 0 0.000000
91 0.918762 0 0.000000
92 0.928857 0 0.000000
93 0.938952 0 0.000000
94 0.949048 0 0.000000
95 0.959143 0 0.000000
96 0.969238 0 0.000000
97 0.979334 0 0.000000
98 0.989429 996 0.996000
99 0.999524 1 0.001000
