0 0.394324 1 0.001000
1 0.395889 0 0.000000
2 0.397454 0 0.000000
3 0.399019 0 0.000000
4 0.400584 0 0.000000
5 0.402150 1 0.001000
6 0.403715 1 0.001000
7 0.405280 0 0.000000
8 0.406845 0 0.000000
9 0.408410 1 0.001000
10 0.409975 0 0.000000
11 0.411540 0 0.000000
12 0.413105 0 0.000000
13 0.414670 2 0.002000
14 0.416235 0 0.000000
15 0.417800 1 0.001000
16 0.419365 2 0.002000
17 0.420930 3 0.003000
18 0.422495 1 0.001000
19 0.424061 5 0.005000
20 0.425626 2 0.002000
21 0.427191 2 0.002000
22 0.428756 4 0.004000
23 0.430321 3 0.003000
24 0.431886 2 0.002000
25 0.433451 3 0.003000
26 0.435016 8 0.008000
27 0.436581 5 0.005000
28 0.438146 7 0.007000
29 0.439711 11 0.011000
30 0.441276 6 0.006000
31 0.442841 11 0.011000
32 0.444406 19 0.019000
33 0.445972 19 0.019000
34 0.447537 11 0.011000
35 0.449102 14 0.014000
36 0.450667 20 0.020000
37 0.452232 28 0.028000
38 0.453797 30 0.030000
39 0.455362 28 0.028000
40 0.456927 25 0.025000
41 0.458492 39 0.039000
42 0.460057 43 0.043000
43 0.461622 37 0.037000
44 0.463187 53 0.053000
45 0.464752 63 0.063000
46 0.466317 52 0.052000
47 0.467883 49 0.049000
48 0.469448 42 0.042000
49 0.471013 46 0.046000
50 0.472578 38 0.038000
51 0.474143 23 0.023000
52 0.475708 24 0.024000
53 0.477273 21 0.021000
54 0.478838 21 0.021000
55 0.480403 16 0.016000
56 0.481968 17 0.017000
57 0.483533 12 0.012000
58 0.485098 19 0.019000
59 0.486663 13 0.013000
60 0.488228 18 0.018000
61 0.489794 8 0.008000
62 0.491359 10 0.010000
63 0.492924 5 0.005000
64 0.494489 4 0.004000
65 0.496054 2 0.002000
66 0.497619 4 0.004000
67 0.499184 4 0.004000
68 0.500749 4 0.004000
69 0.502314 3 0.003000
70 0.503879 4 0.004000
71 0.505444 0 0.000000
72 0.507009 1 0.001000
73 0.508574 4 0.004000
74 0.510139 2 0.002000
75 0.511705 2 0.002000
76 0.513270 0 0.000000
77 0.514835 1 0.001000
78 0.516400 4 0.004000
79 0.517965 1 0.001000
80 0.519530 0 0.000000
81 0.521095 0 0.000000
82 0.522660 2 0.002000
83 0.524225 2 0.002000
84 0.525790 1 0.001000
85 0.527355 2 0.002000
86 0.528920 2 0.002000
87 0.530485 1 0.001000
88 0.532050 0 0.000000
89 0.533616 1 0.001000
90 0.535181 0 0.000000
91 0.536746 0 0.000000
92 0.538311 0 0.000000
93 0.539876 2 0.002000
94 0.541441 0 0.000000
95 0.543006 0 0.000000
96 0.544571 1 0.001000
97 0.546136 0 0.000000
98 0.547701 0 0.000000
99 0.549266 1 0.001000
