0 0.077309 1 0.000333
1 0.086979 1 0.000333
2 0.096649 0 0.000000
3 0.106319 0 0.000000
4 0.115989 2 0.000667
5 0.125660 1 0.000333
6 0.135330 1 0.000333
7 0.145000 0 0.000000
8 0.154670 1 0.000333
9 0.164340 1 0.000333
10 0.174010 2 0.000667
11 0.183680 3 0.001000
12 0.193350 1 0.000333
13 0.203021 5 0.001667
14 0.212691 6 0.002000
15 0.222361 3 0.001000
16 0.232031 6 0.002000
17 0.241701 4 0.001333
18 0.251371 4 0.001333
19 0.261041 8 0.002667
20 0.270711 6 0.002000
21 0.280382 8 0.002667
22 0.290052 4 0.001333
23 0.299722 5 0.001667
24 0.309392 10 0.003333
25 0.319062 13 0.004333
26 0.328732 6 0.002000
27 0.338402 9 0.003000
28 0.348072 10 0.003333
29 0.357743 13 0.004333
30 0.367413 14 0.004667
31 0.377083 31 0.010333
32 0.386753 16 0.005333
33 0.396423 14 0.004667
34 0.406093 37 0.012333
35 0.415763 36 0.012000
36 0.425433 51 0.017000
37 0.435104 88 0.029333
38 0.444774 164 0.054667
39 0.454444 272 0.090667
40 0.464114 371 0.123667
41 0.473784 193 0.064333
42 0.483454 132 0.044000
43 0.493124 80 0.026667
44 0.502795 44 0.014667
45 0.512465 29 0.009667
46 0.522135 38 0.012667
47 0.531805 34 0.011333
48 0.541475 31 0.010333
49 0.551145 19 0.006333
50 0.560815 13 0.004333
51 0.570485 13 0.004333
52 0.580155 10 0.003333
53 0.589826 20 0.006667
54 0.599496 10 0.003333
55 0.609166 7 0.002333
56 0.618836 8 0.002667
57 0.628506 11 0.003667
58 0.638176 15 0.005000
59 0.647846 3 0.001000
60 0.657517 6 0.002000
61 0.667187 7 0.002333
62 0.676857 4 0.001333
63 0.686527 6 0.002000
64 0.696197 4 0.001333
65 0.705867 4 0.001333
66 0.715537 8 0.002667
67 0.725207 2 0.000667
68 0.734878 2 0.000667
69 0.744548 2 0.000667
70 0.754218 3 0.001000
71 0.763888 1 0.000333
72 0.773558 2 0.000667
73 0.783228 3 0.001000
74 0.792898 1 0.000333
75 0.802568 1 0.000333
76 0.812239 1 0.000333
77 0.821909 1 0.000333
78 0.831579 1 0.000333
79 0.841249 0 0.000000
80 0.850919 1 0.000333
81 0.860589 1 0.000333
82 0.870259 1 0.000333
83 0.879929 0 0.000000
84 0.889600 0 0.000000
85 0.899270 0 0.000000
86 0.908940 1 0.000333
87 0.918610 2 0.000667
88 0.928280 4 0.001333
89 0.937950 11 0.003667
90 0.947620 14 0.004667
91 0.957290 7 0.002333
92 0.966961 17 0.005667
93 0.976631 41 0.013667
94 0.986301 292 0.097333
95 0.995971 533 0.177667
96 1.005641 71 0.023667
97 1.015311 6 0.002000
98 1.024981 0 0.000000
99 1.034652 1 0.000333
