0 0 0.000000 0.208140 0.134098 0.205394 0.132662
0 1 0.476190 0.188138 0.123069 0.189683 0.123999
0 2 0.952381 0.180654 0.119213 0.177182 0.116650
0 3 1.428571 0.169684 0.109946 0.173328 0.111567
0 4 1.904762 0.166078 0.107970 0.167373 0.108522
0 5 2.380952 0.162344 0.105934 0.160616 0.104582
0 6 2.857143 0.160946 0.104279 0.157123 0.102359
0 7 3.333333 0.148868 0.098374 0.147484 0.098051
0 8 3.809524 0.139107 0.091041 0.142433 0.093227
0 9 4.285714 0.139002 0.089758 0.135793 0.087948
0 10 4.761905 0.135259 0.088644 0.136245 0.088825
0 11 5.238095 0.135748 0.088529 0.134704 0.087944
0 12 5.714286 0.132546 0.087184 0.131282 0.086424
0 13 6.190476 0.128339 0.084466 0.130431 0.086391
0 14 6.666667 0.130024 0.085002 0.130886 0.085119
0 15 7.142857 0.128878 0.084351 0.130693 0.085176
0 16 7.619048 0.126508 0.082822 0.128314 0.084185
0 17 8.095238 0.128209 0.083045 0.129665 0.084053
0 18 8.571428 0.125111 0.082156 0.126854 0.083202
0 19 9.047619 0.126785 0.083044 0.124723 0.081586
0 20 9.523809 0.123430 0.080298 0.123434 0.080116
1 0 10.000000 0.121517 0.079229 0.121307 0.079410
1 1 10.476191 0.120772 0.079301 0.118529 0.077957
1 2 10.952381 0.118234 0.078456 0.117050 0.077338
1 3 11.428572 0.115653 0.076419 0.115477 0.075732
1 4 11.904762 0.114941 0.075895 0.114513 0.075788
1 5 12.380953 0.110631 0.073364 0.113254 0.074861
1 6 12.857142 0.111754 0.073284 0.110884 0.073032
1 7 13.333333 0.110788 0.073416 0.109868 0.073018
1 8 13.809524 0.108807 0.072135 0.110081 0.072732
1 9 14.285714 0.108195 0.071221 0.107332 0.070652
1 10 14.761905 0.108666 0.071390 0.106912 0.070282
1 11 15.238095 0.104586 0.069324 0.104885 0.069745
1 12 15.714286 0.105257 0.070273 0.102695 0.068404
1 13 16.190475 0.106639 0.068441 0.107497 0.068830
1 14 16.666666 0.103584 0.067342 0.103338 0.067344
1 15 17.142857 0.101166 0.067365 0.100018 0.066310
1 16 17.619047 0.103223 0.067167 0.102463 0.066714
1 17 18.095238 0.101445 0.067803 0.099471 0.066474
1 18 18.571428 0.098136 0.065964 0.099251 0.066808
1 19 19.047619 0.099061 0.066807 0.097186 0.064835
1 20 19.523809 0.097745 0.064976 0.098782 0.066146
2 0 20.000000 0.098930 0.065524 0.097133 0.064468
2 1 20.476191 0.097688 0.065117 0.097869 0.065284
2 2 20.952381 0.095321 0.063819 0.094899 0.063507
2 3 21.428572 0.097906 0.064539 0.095443 0.062562
2 4 21.904762 0.093011 0.062904 0.094447 0.063774
2 5 22.380953 0.094191 0.062992 0.094189 0.063030
2 6 22.857143 0.094750 0.063312 0.094474 0.062878
2 7 23.333334 0.093428 0.062768 0.093992 0.063217
2 8 23.809525 0.093920 0.063753 0.093888 0.063613
2 9 24.285715 0.091213 0.061394 0.091767 0.061704
2 10 24.761906 0.090468 0.061150 0.092695 0.062868
2 11 25.238094 0.094717 0.062812 0.092385 0.060729
2 12 25.714285 0.090106 0.061615 0.090199 0.061284
2 13 26.190475 0.089968 0.060950 0.089934 0.060883
2 14 26.666666 0.091147 0.061950 0.090916 0.062208
2 15 27.142857 0.089527 0.060737 0.089150 0.060573
2 16 27.619047 0.088619 0.060286 0.089849 0.061182
2 17 28.095238 0.088738 0.060402 0.088968 0.060902
2 18 28.571428 0.088596 0.059882 0.087254 0.058895
2 19 29.047619 0.086512 0.059073 0.087976 0.060156
2 20 29.523809 0.086341 0.059297 0.086866 0.059666
3 0 30.000000 0.087696 0.059449 0.086541 0.058893
3 1 30.476191 0.087544 0.059170 0.087823 0.059513
3 2 30.952381 0.086649 0.059680 0.086723 0.059160
3 3 31.428572 0.087159 0.058857 0.087307 0.058677
3 4 31.904762 0.084946 0.057479 0.085782 0.058445
3 5 32.380951 0.085789 0.058639 0.084702 0.058333
3 6 32.857143 0.085277 0.058874 0.085276 0.058541
3 7 33.333332 0.085377 0.058254 0.085777 0.058557
3 8 33.809525 0.084476 0.057729 0.083661 0.057440
3 9 34.285713 0.083976 0.056523 0.085968 0.058372
3 10 34.761906 0.083047 0.057127 0.083645 0.057491
3 11 35.238094 0.083880 0.057374 0.084376 0.057539
3 12 35.714287 0.082774 0.055848 0.083759 0.056707
3 13 36.190475 0.082246 0.056238 0.082021 0.056452
3 14 36.666668 0.083946 0.056207 0.083772 0.056311
3 15 37.142857 0.081376 0.056230 0.081331 0.055945
3 16 37.619049 0.082450 0.056760 0.083748 0.057428
3 17 38.095238 0.080725 0.055179 0.079403 0.054700
3 18 38.571430 0.080499 0.055570 0.080127 0.055309
3 19 39.047619 0.079804 0.054552 0.078368 0.053456
3 20 39.523811 0.078880 0.054680 0.078962 0.054778
4 0 40.000000 0.079980 0.055090 0.079819 0.055017
4 1 40.476189 0.078794 0.055006 0.079825 0.055598
4 2 40.952381 0.078669 0.054572 0.078688 0.055242
4 3 41.428570 0.078458 0.053395 0.079652 0.054293
4 4 41.904762 0.079637 0.055147 0.078834 0.054277
4 5 42.380951 0.078569 0.054453 0.079675 0.055477
4 6 42.857143 0.078291 0.054377 0.077260 0.053805
4 7 43.333332 0.078060 0.053857 0.077824 0.053757
4 8 43.809525 0.075947 0.053323 0.077013 0.054187
4 9 44.285713 0.076604 0.052865 0.076591 0.052619
4 10 44.761906 0.076633 0.053514 0.076957 0.054356
4 11 45.238094 0.076585 0.052970 0.076425 0.052446
4 12 45.714287 0.074691 0.051909 0.076438 0.053601
4 13 46.190475 0.077029 0.054107 0.075377 0.052378
4 14 46.666668 0.076233 0.052642 0.076107 0.052701
4 15 47.142857 0.074363 0.052084 0.076358 0.053986
4 16 47.619049 0.076113 0.053189 0.077443 0.053913
4 17 48.095238 0.075036 0.052913 0.073980 0.052069
4 18 48.571430 0.074658 0.051877 0.074472 0.051690
4 19 49.047619 0.076512 0.053256 0.076572 0.053003
4 20 49.523811 0.073345 0.051453 0.073940 0.052022
5 0 50.000000 0.074529 0.051853 0.075223 0.052122
5 1 50.476189 0.074348 0.051970 0.073107 0.050852
5 2 50.952381 0.074022 0.051038 0.073713 0.051152
5 3 51.428570 0.074513 0.052300 0.074250 0.051765
5 4 51.904762 0.075513 0.052699 0.076301 0.053464
5 5 52.380951 0.074798 0.051674 0.073668 0.051086
5 6 52.857143 0.071736 0.050529 0.071660 0.050526
5 7 53.333332 0.072638 0.050860 0.072198 0.050385
5 8 53.809525 0.073606 0.051082 0.073700 0.051241
5 9 54.285713 0.073840 0.050883 0.073979 0.050695
5 10 54.761906 0.071475 0.050290 0.071675 0.050760
5 11 55.238094 0.071386 0.050213 0.072283 0.051007
5 12 55.714287 0.071459 0.050681 0.071041 0.050431
5 13 56.190475 0.070912 0.050683 0.071014 0.050548
5 14 56.666668 0.071408 0.050368 0.072191 0.050651
5 15 57.142857 0.072073 0.050790 0.071827 0.050441
5 16 57.619049 0.070405 0.049588 0.071748 0.050623
5 17 58.095238 0.072386 0.051440 0.071309 0.050723
5 18 58.571430 0.070048 0.049796 0.069849 0.049503
5 19 59.047619 0.070229 0.050074 0.070215 0.050096
5 20 59.523811 0.070344 0.049336 0.069886 0.049002
6 0 60.000000 0.070094 0.049448 0.071084 0.050110
6 1 60.476189 0.073107 0.048882 0.074066 0.049698
6 2 60.952381 0.071476 0.050307 0.071565 0.050300
6 3 61.428570 0.071784 0.050855 0.070397 0.049420
6 4 61.904762 0.070260 0.049073 0.070869 0.049656
6 5 62.380951 0.070148 0.050074 0.069042 0.049525
6 6 62.857143 0.071087 0.049773 0.069524 0.049075
6 7 63.333332 0.069540 0.049839 0.068948 0.049267
6 8 63.809525 0.070864 0.049727 0.071374 0.049648
6 9 64.285713 0.072710 0.049345 0.072397 0.049323
6 10 64.761902 0.068132 0.048333 0.070646 0.050308
6 11 65.238098 0.068890 0.048526 0.068560 0.047734
6 12 65.714287 0.069152 0.048327 0.070588 0.049747
6 13 66.190475 0.070969 0.049324 0.070039 0.048824
6 14 66.666664 0.070132 0.048782 0.069694 0.048099
6 15 67.142860 0.067677 0.048505 0.067007 0.048086
6 16 67.619049 0.070425 0.048415 0.070935 0.048625
6 17 68.095238 0.068315 0.048632 0.068431 0.049046
6 18 68.571426 0.066937 0.047928 0.067198 0.048431
6 19 69.047623 0.070779 0.049849 0.071091 0.049827
6 20 69.523811 0.066864 0.047856 0.067909 0.048060
7 0 70.000000 0.068186 0.048711 0.066891 0.047867
7 1 70.476189 0.070413 0.049756 0.070363 0.049879
7 2 70.952377 0.068222 0.048897 0.067519 0.048780
7 3 71.428574 0.067034 0.048566 0.065333 0.046869
7 4 71.904762 0.068409 0.048716 0.067484 0.048413
7 5 72.380951 0.066915 0.048451 0.067052 0.048499
7 6 72.857140 0.067285 0.047962 0.066718 0.047229
7 7 73.333336 0.068001 0.048335 0.067639 0.047646
7 8 73.809525 0.069169 0.048256 0.068489 0.047634
7 9 74.285713 0.066299 0.047650 0.065052 0.046590
7 10 74.761902 0.068357 0.049101 0.067125 0.047989
7 11 75.238098 0.066231 0.047342 0.065730 0.047197
7 12 75.714287 0.067438 0.047888 0.067471 0.047915
7 13 76.190475 0.065826 0.047541 0.067407 0.048747
7 14 76.666664 0.067399 0.048122 0.067137 0.047899
7 15 77.142860 0.064832 0.046706 0.065059 0.046701
7 16 77.619049 0.065245 0.047292 0.064952 0.047029
7 17 78.095238 0.066383 0.048027 0.065719 0.047919
7 18 78.571426 0.065183 0.047109 0.064305 0.046606
7 19 79.047623 0.066864 0.046702 0.068168 0.047754
7 20 79.523811 0.067498 0.047665 0.067559 0.047681
8 0 80.000000 0.064577 0.046452 0.066103 0.048054
8 1 80.476189 0.066187 0.047659 0.064901 0.046544
8 2 80.952377 0.064082 0.046187 0.064190 0.046411
8 3 81.428574 0.064607 0.046272 0.065375 0.046936
8 4 81.904762 0.066402 0.047405 0.065826 0.047401
8 5 82.380951 0.065209 0.046948 0.065034 0.047019
8 6 82.857140 0.066368 0.047112 0.065130 0.046397
8 7 83.333336 0.066109 0.047777 0.064559 0.046176
8 8 83.809525 0.066241 0.046769 0.065355 0.046255
8 9 84.285713 0.065157 0.046655 0.063966 0.046039
8 10 84.761902 0.066506 0.047115 0.066103 0.046766
8 11 85.238098 0.064454 0.045259 0.066596 0.047093
8 12 85.714287 0.063856 0.046616 0.065168 0.047820
8 13 86.190475 0.064194 0.045826 0.065019 0.046643
8 14 86.666664 0.064004 0.045876 0.065298 0.046905
8 15 87.142860 0.064033 0.046285 0.064084 0.046584
8 16 87.619049 0.063667 0.046121 0.063703 0.045941
8 17 88.095238 0.064124 0.046725 0.062210 0.044971
8 18 88.571426 0.064496 0.046980 0.063215 0.045983
8 19 89.047623 0.065167 0.046946 0.064388 0.046901
8 20 89.523811 0.063525 0.045887 0.064706 0.046397
9 0 90.000000 0.062810 0.045261 0.061849 0.044864
9 1 90.476189 0.065469 0.046250 0.065572 0.046677
9 2 90.952377 0.062666 0.045926 0.063484 0.046395
9 3 91.428574 0.062752 0.044833 0.064786 0.046425
9 4 91.904762 0.063659 0.045742 0.063829 0.045763
9 5 92.380951 0.063814 0.046271 0.062253 0.044718
9 6 92.857140 0.063008 0.044167 0.064901 0.046126
9 7 93.333336 0.063948 0.046213 0.062189 0.044609
9 8 93.809525 0.061759 0.044884 0.062796 0.045582
9 9 94.285713 0.062047 0.044829 0.063646 0.045861
9 10 94.761902 0.063355 0.045407 0.064767 0.046962
9 11 95.238098 0.063641 0.046031 0.063346 0.045459
9 12 95.714287 0.063135 0.045255 0.064373 0.045672
9 13 96.190475 0.064786 0.045729 0.064624 0.045235
9 14 96.666664 0.068325 0.047709 0.067798 0.047072
9 15 97.142860 0.064555 0.045265 0.063920 0.045345
9 16 97.619049 0.062429 0.045840 0.062077 0.045176
9 17 98.095238 0.062658 0.045118 0.062484 0.044932
9 18 98.571426 0.063634 0.045746 0.062280 0.044705
9 19 99.047623 0.061448 0.044590 0.062940 0.045823
9 20 99.523811 0.059908 0.042945 0.061996 0.045131
