0 0 0.000000 0.228008 0.134179 0.228488 0.132992
0 1 0.476190 0.201605 0.131994 0.205309 0.134530
0 2 0.952381 0.203395 0.132917 0.203470 0.133118
0 3 1.428571 0.202352 0.132354 0.203117 0.132753
0 4 1.904762 0.206522 0.135178 0.204252 0.133516
0 5 2.380952 0.203194 0.132501 0.203766 0.133308
0 6 2.857143 0.204603 0.134108 0.205670 0.133912
0 7 3.333333 0.204554 0.133230 0.203535 0.132780
0 8 3.809524 0.204748 0.133208 0.203023 0.132839
0 9 4.285714 0.203892 0.133638 0.203912 0.133694
0 10 4.761905 0.203902 0.133474 0.203018 0.133148
0 11 5.238095 0.203920 0.133109 0.205007 0.134154
0 12 5.714286 0.205175 0.134034 0.205710 0.133961
0 13 6.190476 0.204664 0.133887 0.205543 0.134373
0 14 6.666667 0.204846 0.133572 0.204075 0.133403
0 15 7.142857 0.203532 0.133640 0.205009 0.133870
0 16 7.619048 0.203068 0.132421 0.200509 0.130979
0 17 8.095238 0.206072 0.134373 0.203109 0.132718
0 18 8.571428 0.205940 0.134113 0.202414 0.132006
0 19 9.047619 0.206379 0.134723 0.203627 0.132825
0 20 9.523809 0.207551 0.135475 0.205742 0.133734
1 0 10.000000 0.203937 0.133344 0.205559 0.133767
1 1 10.476191 0.203105 0.132465 0.205234 0.133867
1 2 10.952381 0.206156 0.134959 0.202871 0.132733
1 3 11.428572 0.203217 0.133184 0.202764 0.132782
1 4 11.904762 0.203752 0.132719 0.204936 0.134016
1 5 12.380953 0.205552 0.134661 0.203552 0.133325
1 6 12.857142 0.206407 0.134405 0.200704 0.130811
1 7 13.333333 0.203732 0.133174 0.206138 0.135073
1 8 13.809524 0.206541 0.134913 0.203588 0.133116
1 9 14.285714 0.205316 0.134333 0.204047 0.133216
1 10 14.761905 0.205265 0.133861 0.203905 0.133650
1 11 15.238095 0.202046 0.132223 0.205920 0.133899
1 12 15.714286 0.201399 0.131432 0.203780 0.133360
1 13 16.190475 0.203640 0.132682 0.204450 0.133313
1 14 16.666666 0.207104 0.134922 0.202726 0.133065
1 15 17.142857 0.203050 0.132683 0.204292 0.132854
1 16 17.619047 0.202792 0.132078 0.202448 0.132358
1 17 18.095238 0.201980 0.132123 0.206908 0.134986
1 18 18.571428 0.206433 0.134385 0.206975 0.134488
1 19 19.047619 0.204253 0.133881 0.203214 0.133415
1 20 19.523809 0.204838 0.134153 0.203231 0.132802
2 0 20.000000 0.205124 0.133821 0.204273 0.133103
2 1 20.476191 0.205387 0.133509 0.203938 0.132880
2 2 20.952381 0.203953 0.133424 0.203217 0.132614
2 3 21.428572 0.205803 0.134363 0.202239 0.131400
2 4 21.904762 0.204504 0.133779 0.202769 0.132520
2 5 22.380953 0.202533 0.132087 0.206429 0.134907
2 6 22.857143 0.204913 0.133336 0.204237 0.133492
2 7 23.333334 0.204029 0.133714 0.203462 0.132953
2 8 23.809525 0.202542 0.132229 0.201288 0.132055
2 9 24.285715 0.203909 0.133713 0.206154 0.135094
2 10 24.761906 0.204173 0.133114 0.202191 0.131513
2 11 25.238094 0.201266 0.131044 0.205049 0.133717
2 12 25.714285 0.202409 0.131506 0.207042 0.135062
2 13 26.190475 0.199909 0.130612 0.206110 0.134425
2 14 26.666666 0.206228 0.134490 0.203395 0.132743
2 15 27.142857 0.202290 0.132234 0.204296 0.133558
2 16 27.619047 0.203806 0.133269 0.204121 0.133567
2 17 28.095238 0.203610 0.132967 0.204210 0.133352
2 18 28.571428 0.199769 0.130990 0.202777 0.132436
2 19 29.047619 0.204843 0.133799 0.204232 0.132965
2 20 29.523809 0.204000 0.133427 0.200294 0.131239
3 0 30.000000 0.206175 0.134500 0.202685 0.133004
3 1 30.476191 0.202777 0.132537 0.201511 0.132076
3 2 30.952381 0.201991 0.132106 0.205602 0.134428
3 3 31.428572 0.203932 0.133462 0.206719 0.135157
3 4 31.904762 0.203551 0.132841 0.207773 0.135679
3 5 32.380951 0.201885 0.132188 0.204075 0.133646
3 6 32.857143 0.205187 0.134062 0.205636 0.134054
3 7 33.333332 0.202551 0.132287 0.203527 0.133001
3 8 33.809525 0.205500 0.134207 0.202911 0.132447
3 9 34.285713 0.205415 0.134280 0.203377 0.132649
3 10 34.761906 0.205978 0.134526 0.205445 0.134204
3 11 35.238094 0.205704 0.134140 0.205327 0.133973
3 12 35.714287 0.204593 0.133659 0.204593 0.133181
3 13 36.190475 0.201076 0.131457 0.204250 0.133143
3 14 36.666668 0.204623 0.133786 0.204269 0.133107
3 15 37.142857 0.207132 0.135297 0.203728 0.132880
3 16 37.619049 0.205742 0.133579 0.207533 0.135004
3 17 38.095238 0.204151 0.133054 0.204827 0.133567
3 18 38.571430 0.204797 0.134353 0.203264 0.133019
3 19 39.047619 0.206235 0.134652 0.203877 0.133378
3 20 39.523811 0.205254 0.134501 0.204923 0.133264
4 0 40.000000 0.206130 0.134351 0.207410 0.134904
4 1 40.476189 0.203765 0.133152 0.203597 0.132633
4 2 40.952381 0.205749 0.134247 0.202887 0.132643
4 3 41.428570 0.202431 0.132484 0.206173 0.135047
4 4 41.904762 0.202079 0.131688 0.202012 0.132280
4 5 42.380951 0.208309 0.135886 0.204602 0.133751
4 6 42.857143 0.202820 0.132710 0.205455 0.134310
4 7 43.333332 0.203266 0.133187 0.203795 0.133632
4 8 43.809525 0.206452 0.134482 0.203128 0.132730
4 9 44.285713 0.206300 0.134441 0.202719 0.132507
4 10 44.761906 0.206521 0.134813 0.206106 0.134601
4 11 45.238094 0.203983 0.133313 0.204070 0.133530
4 12 45.714287 0.204792 0.133226 0.204614 0.133368
4 13 46.190475 0.203934 0.133300 0.205420 0.133865
4 14 46.666668 0.205934 0.134682 0.204934 0.134154
4 15 47.142857 0.202348 0.132038 0.204665 0.133782
4 16 47.619049 0.204293 0.133423 0.204063 0.133475
4 17 48.095238 0.200841 0.131215 0.202171 0.132138
4 18 48.571430 0.203122 0.132777 0.204313 0.133640
4 19 49.047619 0.200895 0.130797 0.203335 0.132877
4 20 49.523811 0.206046 0.134913 0.202279 0.132269
5 0 50.000000 0.202562 0.133111 0.204520 0.133795
5 1 50.476189 0.200073 0.130840 0.207047 0.135444
5 2 50.952381 0.203525 0.133167 0.206544 0.135166
5 3 51.428570 0.203154 0.132448 0.204227 0.133332
5 4 51.904762 0.204387 0.133962 0.203632 0.133281
5 5 52.380951 0.206753 0.135058 0.204614 0.134370
5 6 52.857143 0.204908 0.134112 0.203939 0.132603
5 7 53.333332 0.202907 0.132442 0.203643 0.132764
5 8 53.809525 0.205223 0.133812 0.205837 0.133831
5 9 54.285713 0.200903 0.131168 0.205573 0.134209
5 10 54.761906 0.203169 0.133128 0.203542 0.132945
5 11 55.238094 0.205454 0.134263 0.206325 0.135247
5 12 55.714287 0.205115 0.133738 0.203777 0.133525
5 13 56.190475 0.204455 0.133370 0.203395 0.132642
5 14 56.666668 0.200352 0.131582 0.203199 0.133300
5 15 57.142857 0.202879 0.132846 0.205043 0.134080
5 16 57.619049 0.206330 0.134434 0.203515 0.133169
5 17 58.095238 0.205258 0.134286 0.203342 0.132683
5 18 58.571430 0.201556 0.131955 0.202445 0.132448
5 19 59.047619 0.205407 0.133746 0.206177 0.134545
5 20 59.523811 0.207567 0.135403 0.203033 0.132747
6 0 60.000000 0.204773 0.133720 0.203033 0.133011
6 1 60.476189 0.203334 0.132721 0.205344 0.134069
6 2 60.952381 0.204921 0.133799 0.203808 0.132976
6 3 61.428570 0.203912 0.133664 0.204584 0.133658
6 4 61.904762 0.203039 0.132334 0.204001 0.133406
6 5 62.380951 0.206710 0.135219 0.204419 0.133808
6 6 62.857143 0.201316 0.131902 0.203932 0.133135
6 7 63.333332 0.204817 0.133488 0.202774 0.131966
6 8 63.809525 0.206396 0.135242 0.203381 0.133483
6 9 64.285713 0.205043 0.133895 0.205477 0.134080
6 10 64.761902 0.202182 0.132190 0.202239 0.132561
6 11 65.238098 0.201221 0.132176 0.204459 0.133817
6 12 65.714287 0.204944 0.133784 0.201996 0.131892
6 13 66.190475 0.206063 0.134065 0.203208 0.132897
6 14 66.666664 0.203568 0.133389 0.204178 0.133807
6 15 67.142860 0.204019 0.133108 0.206714 0.134751
6 16 67.619049 0.203343 0.132645 0.204431 0.133596
6 17 68.095238 0.203141 0.132578 0.204485 0.133512
6 18 68.571426 0.205125 0.133542 0.205389 0.134276
6 19 69.047623 0.201583 0.131986 0.202809 0.132581
6 20 69.523811 0.206120 0.134623 0.202524 0.132373
7 0 70.000000 0.204230 0.133409 0.202121 0.132394
7 1 70.476189 0.204492 0.133687 0.201601 0.132131
7 2 70.952377 0.202448 0.132384 0.203712 0.132809
7 3 71.428574 0.203569 0.132785 0.202253 0.132599
7 4 71.904762 0.206775 0.134658 0.203783 0.133135
7 5 72.380951 0.205867 0.134417 0.203266 0.133672
7 6 72.857140 0.205952 0.134386 0.204192 0.133417
7 7 73.333336 0.204613 0.133764 0.203523 0.133257
7 8 73.809525 0.203089 0.132898 0.201096 0.131301
7 9 74.285713 0.202069 0.132387 0.206386 0.134854
7 10 74.761902 0.203465 0.132905 0.204438 0.134036
7 11 75.238098 0.203988 0.132963 0.206309 0.134645
7 12 75.714287 0.201093 0.131290 0.205963 0.134637
7 13 76.190475 0.204759 0.134396 0.204301 0.133429
7 14 76.666664 0.204148 0.133170 0.201973 0.132159
7 15 77.142860 0.204458 0.132976 0.205201 0.133957
7 16 77.619049 0.201881 0.131637 0.207790 0.134904
7 17 78.095238 0.205815 0.134038 0.203914 0.132950
7 18 78.571426 0.198505 0.129651 0.204396 0.133946
7 19 79.047623 0.201379 0.131420 0.201685 0.131117
7 20 79.523811 0.206198 0.134794 0.202364 0.132050
8 0 80.000000 0.205150 0.134178 0.203003 0.132808
8 1 80.476189 0.205716 0.134065 0.203201 0.132171
8 2 80.952377 0.203958 0.132679 0.205657 0.134625
8 3 81.428574 0.205591 0.134662 0.203389 0.133161
8 4 81.904762 0.202818 0.132510 0.203246 0.133331
8 5 82.380951 0.205153 0.134182 0.205666 0.134254
8 6 82.857140 0.202681 0.132259 0.202621 0.132304
8 7 83.333336 0.203309 0.132637 0.204794 0.133620
8 8 83.809525 0.206080 0.134259 0.203604 0.132573
8 9 84.285713 0.204556 0.133996 0.203758 0.132875
8 10 84.761902 0.203815 0.133959 0.204674 0.134111
8 11 85.238098 0.202911 0.133196 0.204794 0.133958
8 12 85.714287 0.202899 0.132513 0.204112 0.133430
8 13 86.190475 0.201270 0.131191 0.204792 0.133393
8 14 86.666664 0.206320 0.134241 0.205146 0.133941
8 15 87.142860 0.202958 0.133113 0.204559 0.133369
8 16 87.619049 0.202730 0.132873 0.203377 0.133079
8 17 88.095238 0.205688 0.134476 0.205902 0.134326
8 18 88.571426 0.204085 0.133442 0.203063 0.132594
8 19 89.047623 0.203374 0.132832 0.206366 0.134604
8 20 89.523811 0.204389 0.134081 0.203250 0.133260
9 0 90.000000 0.204202 0.132876 0.206685 0.134400
9 1 90.476189 0.204501 0.133706 0.205937 0.134327
9 2 90.952377 0.205373 0.133910 0.204506 0.133339
9 3 91.428574 0.205031 0.133905 0.204607 0.133587
9 4 91.904762 0.204593 0.133310 0.202006 0.132420
9 5 92.380951 0.201506 0.131754 0.203738 0.132726
9 6 92.857140 0.202591 0.131829 0.205601 0.133917
9 7 93.333336 0.205316 0.134059 0.202640 0.132446
9 8 93.809525 0.204878 0.133604 0.205260 0.134151
9 9 94.285713 0.204387 0.133335 0.206105 0.134160
9 10 94.761902 0.200964 0.131683 0.205396 0.133717
9 11 95.238098 0.204530 0.134209 0.201765 0.132212
9 12 95.714287 0.203524 0.132876 0.203828 0.133413
9 13 96.190475 0.205496 0.133535 0.204154 0.132934
9 14 96.666664 0.204388 0.133164 0.206254 0.134643
9 15 97.142860 0.204073 0.132643 0.205736 0.134511
9 16 97.619049 0.205424 0.134261 0.206997 0.134792
9 17 98.095238 0.200392 0.131025 0.203376 0.132280
9 18 98.571426 0.205091 0.133824 0.203669 0.133021
9 19 99.047623 0.203747 0.132965 0.203144 0.132480
9 20 99.523811 0.203573 0.133400 0.206242 0.135186
