0 0 0.000000 0.233312 0.137263 0.229463 0.134699
0 1 0.476190 0.207327 0.135463 0.207614 0.134934
0 2 0.952381 0.204982 0.133953 0.205250 0.134075
0 3 1.428571 0.206231 0.134325 0.209103 0.136367
0 4 1.904762 0.206880 0.135160 0.206019 0.133984
0 5 2.380952 0.208108 0.135993 0.207999 0.135794
0 6 2.857143 0.206508 0.134677 0.206087 0.133948
0 7 3.333333 0.208122 0.135670 0.207758 0.135082
0 8 3.809524 0.204151 0.132791 0.204264 0.133660
0 9 4.285714 0.204008 0.133330 0.202909 0.132148
0 10 4.761905 0.205238 0.133775 0.205585 0.134341
0 11 5.238095 0.207272 0.134611 0.206330 0.134158
0 12 5.714286 0.208304 0.135342 0.208846 0.136114
0 13 6.190476 0.206984 0.134977 0.208895 0.136392
0 14 6.666667 0.207786 0.135339 0.210117 0.136492
0 15 7.142857 0.208079 0.135119 0.209466 0.135726
0 16 7.619048 0.206919 0.134591 0.205897 0.134047
0 17 8.095238 0.207970 0.135613 0.205185 0.133397
0 18 8.571428 0.206373 0.134554 0.205603 0.134615
0 19 9.047619 0.209897 0.136667 0.209145 0.137010
0 20 9.523809 0.208705 0.136239 0.205428 0.133942
1 0 10.000000 0.208040 0.135872 0.205669 0.134690
1 1 10.476191 0.205748 0.133626 0.206627 0.134996
1 2 10.952381 0.207897 0.134717 0.206748 0.134407
1 3 11.428572 0.209006 0.135918 0.208334 0.135940
1 4 11.904762 0.204972 0.134105 0.209198 0.136426
1 5 12.380953 0.205224 0.133706 0.206709 0.134630
1 6 12.857142 0.207927 0.135682 0.203008 0.132988
1 7 13.333333 0.205940 0.134621 0.207839 0.135922
1 8 13.809524 0.206953 0.134851 0.206496 0.134717
1 9 14.285714 0.206516 0.134323 0.208243 0.135729
1 10 14.761905 0.204139 0.133322 0.204560 0.133276
1 11 15.238095 0.207630 0.135005 0.206863 0.135169
1 12 15.714286 0.207245 0.135023 0.207231 0.134526
1 13 16.190475 0.206475 0.134582 0.208215 0.135619
1 14 16.666666 0.207441 0.134572 0.207165 0.134865
1 15 17.142857 0.207063 0.134603 0.204583 0.133191
1 16 17.619047 0.209539 0.136279 0.208511 0.135344
1 17 18.095238 0.207054 0.134378 0.208665 0.136575
1 18 18.571428 0.206044 0.134252 0.208370 0.135728
1 19 19.047619 0.207704 0.135276 0.208724 0.136226
1 20 19.523809 0.206238 0.134864 0.204490 0.134586
2 0 20.000000 0.207905 0.135482 0.207065 0.135201
2 1 20.476191 0.205424 0.133601 0.206753 0.134414
2 2 20.952381 0.204393 0.132862 0.204931 0.133673
2 3 21.428572 0.207014 0.135101 0.208721 0.135732
2 4 21.904762 0.204333 0.133244 0.207372 0.135125
2 5 22.380953 0.203367 0.132565 0.207335 0.134738
2 6 22.857143 0.206331 0.134575 0.205477 0.134016
2 7 23.333334 0.206900 0.134722 0.207805 0.135535
2 8 23.809525 0.207707 0.134903 0.205701 0.133659
2 9 24.285715 0.208048 0.135624 0.207333 0.135191
2 10 24.761906 0.205766 0.134247 0.204419 0.132961
2 11 25.238094 0.204484 0.133312 0.205085 0.134093
2 12 25.714285 0.205433 0.133548 0.205831 0.134238
2 13 26.190475 0.208053 0.135973 0.207987 0.135534
2 14 26.666666 0.208371 0.135440 0.209312 0.136724
2 15 27.142857 0.208270 0.135795 0.208555 0.135495
2 16 27.619047 0.201926 0.131878 0.207522 0.135633
2 17 28.095238 0.207626 0.135103 0.208130 0.135417
2 18 28.571428 0.208262 0.135573 0.206242 0.134459
2 19 29.047619 0.209481 0.136246 0.206138 0.134391
2 20 29.523809 0.207406 0.135028 0.202779 0.132275
3 0 30.000000 0.206992 0.134772 0.209306 0.136062
3 1 30.476191 0.208143 0.135204 0.207864 0.135418
3 2 30.952381 0.207231 0.135343 0.207241 0.134860
3 3 31.428572 0.205630 0.134032 0.207883 0.135636
3 4 31.904762 0.207811 0.134601 0.206473 0.134416
3 5 32.380951 0.207053 0.135286 0.204183 0.133587
3 6 32.857143 0.206975 0.134564 0.207114 0.135897
3 7 33.333332 0.206026 0.134129 0.206204 0.134638
3 8 33.809525 0.206415 0.134834 0.208275 0.136049
3 9 34.285713 0.206673 0.134674 0.210009 0.136557
3 10 34.761906 0.205853 0.134637 0.209948 0.136690
3 11 35.238094 0.206264 0.134277 0.206963 0.134611
3 12 35.714287 0.208679 0.135934 0.209811 0.136819
3 13 36.190475 0.205547 0.133933 0.205395 0.133912
3 14 36.666668 0.208406 0.136345 0.205739 0.134126
3 15 37.142857 0.208664 0.135656 0.204689 0.133929
3 16 37.619049 0.205528 0.134318 0.208610 0.135939
3 17 38.095238 0.206738 0.134940 0.208421 0.135646
3 18 38.571430 0.207592 0.135369 0.206288 0.134338
3 19 39.047619 0.205951 0.133845 0.208025 0.135354
3 20 39.523811 0.210612 0.137775 0.207752 0.135061
4 0 40.000000 0.208432 0.135672 0.204790 0.133253
4 1 40.476189 0.208877 0.135780 0.209037 0.136329
4 2 40.952381 0.203488 0.132634 0.206776 0.134513
4 3 41.428570 0.204392 0.133944 0.205743 0.134915
4 4 41.904762 0.206682 0.134621 0.209244 0.136530
4 5 42.380951 0.208095 0.135640 0.205882 0.134017
4 6 42.857143 0.206751 0.134747 0.203196 0.132669
4 7 43.333332 0.206405 0.134715 0.207383 0.135323
4 8 43.809525 0.206438 0.134720 0.206715 0.134777
4 9 44.285713 0.208544 0.135636 0.204353 0.133337
4 10 44.761906 0.205731 0.134656 0.206476 0.135278
4 11 45.238094 0.209824 0.136877 0.204020 0.132489
4 12 45.714287 0.207115 0.134972 0.207323 0.135081
4 13 46.190475 0.207584 0.135144 0.205635 0.134204
4 14 46.666668 0.206534 0.134427 0.206065 0.134401
4 15 47.142857 0.207385 0.135299 0.207741 0.135229
4 16 47.619049 0.205060 0.133541 0.206692 0.134584
4 17 48.095238 0.206433 0.134943 0.207938 0.135140
4 18 48.571430 0.207861 0.135451 0.206268 0.134511
4 19 49.047619 0.207935 0.135887 0.207220 0.135434
4 20 49.523811 0.206867 0.135110 0.208168 0.135583
5 0 50.000000 0.208927 0.136046 0.208702 0.135828
5 1 50.476189 0.208352 0.136086 0.205985 0.134611
5 2 50.952381 0.207217 0.135519 0.204791 0.133346
5 3 51.428570 0.207946 0.135508 0.206915 0.135013
5 4 51.904762 0.205651 0.134596 0.205712 0.134005
5 5 52.380951 0.207100 0.134884 0.205957 0.134227
5 6 52.857143 0.206274 0.134374 0.206304 0.134646
5 7 53.333332 0.204555 0.133844 0.206227 0.134599
5 8 53.809525 0.207166 0.135287 0.207611 0.135527
5 9 54.285713 0.207901 0.135028 0.206075 0.134193
5 10 54.761906 0.205210 0.133373 0.208303 0.136239
5 11 55.238094 0.208467 0.135287 0.206107 0.134342
5 12 55.714287 0.204278 0.134023 0.204513 0.133873
5 13 56.190475 0.205677 0.134014 0.206089 0.133719
5 14 56.666668 0.208270 0.135198 0.208433 0.135570
5 15 57.142857 0.204935 0.133722 0.207278 0.134886
5 16 57.619049 0.204552 0.133200 0.206808 0.134822
5 17 58.095238 0.208615 0.135474 0.206009 0.134229
5 18 58.571430 0.206783 0.134590 0.207368 0.134703
5 19 59.047619 0.205703 0.134127 0.205783 0.134228
5 20 59.523811 0.205091 0.134159 0.205343 0.134471
6 0 60.000000 0.207164 0.135327 0.202810 0.132267
6 1 60.476189 0.205852 0.134318 0.206672 0.134715
6 2 60.952381 0.204977 0.133684 0.207740 0.135321
6 3 61.428570 0.206976 0.135043 0.205928 0.134639
6 4 61.904762 0.206023 0.134137 0.206960 0.134739
6 5 62.380951 0.204711 0.133013 0.209702 0.136617
6 6 62.857143 0.208371 0.135909 0.206666 0.134133
6 7 63.333332 0.207406 0.135145 0.208019 0.135795
6 8 63.809525 0.205899 0.134287 0.206312 0.134975
6 9 64.285713 0.206908 0.135009 0.205399 0.133758
6 10 64.761902 0.209070 0.136371 0.207027 0.135317
6 11 65.238098 0.207011 0.135248 0.208054 0.135634
6 12 65.714287 0.206636 0.135051 0.205146 0.134609
6 13 66.190475 0.207424 0.135750 0.206217 0.134281
6 14 66.666664 0.205244 0.134301 0.208096 0.135591
6 15 67.142860 0.210628 0.136827 0.208775 0.136285
6 16 67.619049 0.206289 0.134593 0.206980 0.135268
6 17 68.095238 0.206614 0.134463 0.207496 0.135348
6 18 68.571426 0.206329 0.134848 0.205504 0.134207
6 19 69.047623 0.206711 0.134525 0.205911 0.134186
6 20 69.523811 0.207336 0.135263 0.208467 0.136005
7 0 70.000000 0.208778 0.136226 0.208687 0.135824
7 1 70.476189 0.209353 0.136174 0.207652 0.135028
7 2 70.952377 0.206736 0.134698 0.207202 0.134671
7 3 71.428574 0.207039 0.135146 0.205740 0.134582
7 4 71.904762 0.207494 0.135109 0.205434 0.134251
7 5 72.380951 0.203943 0.132960 0.207520 0.135111
7 6 72.857140 0.206865 0.135452 0.209301 0.136409
7 7 73.333336 0.206604 0.134971 0.209211 0.135988
7 8 73.809525 0.207799 0.135529 0.208901 0.136428
7 9 74.285713 0.206589 0.134790 0.208417 0.135704
7 10 74.761902 0.205845 0.134501 0.207270 0.135197
7 11 75.238098 0.209525 0.136776 0.206426 0.134678
7 12 75.714287 0.203889 0.132746 0.206488 0.134191
7 13 76.190475 0.207450 0.135009 0.207522 0.135754
7 14 76.666664 0.206988 0.134894 0.205889 0.134290
7 15 77.142860 0.207415 0.134453 0.208472 0.135111
7 16 77.619049 0.207711 0.135121 0.209288 0.136494
7 17 78.095238 0.207795 0.136104 0.204721 0.133692
7 18 78.571426 0.205342 0.134461 0.207668 0.135261
7 19 79.047623 0.207513 0.135601 0.205672 0.134496
7 20 79.523811 0.207738 0.135392 0.206899 0.134815
8 0 80.000000 0.208767 0.136153 0.207386 0.135511
8 1 80.476189 0.205325 0.133970 0.207940 0.135735
8 2 80.952377 0.206771 0.134882 0.208751 0.136190
8 3 81.428574 0.208434 0.136055 0.207556 0.135507
8 4 81.904762 0.204730 0.134118 0.207118 0.134608
8 5 82.380951 0.206483 0.134190 0.209247 0.136259
8 6 82.857140 0.208688 0.135989 0.206877 0.134856
8 7 83.333336 0.207417 0.135105 0.209085 0.136448
8 8 83.809525 0.209538 0.136813 0.205119 0.133546
8 9 84.285713 0.206024 0.134515 0.207287 0.135195
8 10 84.761902 0.203812 0.133565 0.207678 0.135202
8 11 85.238098 0.210908 0.137408 0.204739 0.133791
8 12 85.714287 0.207659 0.135506 0.209422 0.136599
8 13 86.190475 0.208550 0.136018 0.208734 0.135828
8 14 86.666664 0.205139 0.133571 0.206733 0.134513
8 15 87.142860 0.209395 0.135826 0.205724 0.133498
8 16 87.619049 0.207014 0.135031 0.208760 0.135738
8 17 88.095238 0.206375 0.134439 0.207063 0.134685
8 18 88.571426 0.207332 0.135123 0.207470 0.135061
8 19 89.047623 0.206669 0.134533 0.206124 0.134113
8 20 89.523811 0.206680 0.134505 0.208849 0.136353
9 0 90.000000 0.207934 0.135162 0.208514 0.136191
9 1 90.476189 0.204802 0.133987 0.204346 0.133732
9 2 90.952377 0.207748 0.135963 0.206370 0.134479
9 3 91.428574 0.206514 0.134565 0.207704 0.135582
9 4 91.904762 0.207500 0.134725 0.208705 0.135596
9 5 92.380951 0.206533 0.135050 0.207940 0.135803
9 6 92.857140 0.206166 0.134789 0.205224 0.133736
9 7 93.333336 0.204999 0.133794 0.207388 0.135378
9 8 93.809525 0.208009 0.135850 0.208489 0.135761
9 9 94.285713 0.204284 0.133295 0.208534 0.136047
9 10 94.761902 0.206444 0.134893 0.204725 0.133615
9 11 95.238098 0.206627 0.135011 0.205582 0.134230
9 12 95.714287 0.208517 0.136105 0.205444 0.134062
9 13 96.190475 0.205594 0.134172 0.208710 0.136067
9 14 96.666664 0.205930 0.134532 0.204994 0.133305
9 15 97.142860 0.206383 0.134791 0.206003 0.134138
9 16 97.619049 0.206144 0.134709 0.207763 0.135725
9 17 98.095238 0.208985 0.135866 0.209063 0.136190
9 18 98.571426 0.206595 0.134178 0.208846 0.136109
9 19 99.047623 0.207265 0.135094 0.206830 0.134763
9 20 99.523811 0.207562 0.134847 0.207501 0.134904
