0.000000 0 0 0.006784 0.000000 0.976391 0.007406 0.000000 0.978577
0.200000 0 1 0.002433 0.000000 0.968742 0.002532 0.000000 0.958570
0.400000 0 2 0.002021 0.000000 0.941234 0.002337 0.000000 0.947734
0.600000 0 3 0.001813 0.000000 0.940112 0.002086 0.000000 0.947010
0.800000 0 4 0.001752 0.000000 0.941848 0.001942 0.000000 0.960468
1.000000 1 0 0.001645 0.000000 0.942434 0.001549 0.000000 0.942398
1.200000 1 1 0.001656 0.000000 0.913826 0.002513 0.000000 0.934459
1.400000 1 2 0.001619 0.000000 0.929656 0.001629 0.000000 0.934404
1.600000 1 3 0.001595 0.000000 0.924341 0.001846 0.000000 0.948933
1.800000 1 4 0.001557 0.000000 0.928813 0.002100 0.000000 0.945812
2.000000 2 0 0.001549 0.000000 0.928129 0.001546 0.000000 0.923835
2.200000 2 1 0.001508 0.000000 0.928198 0.001310 0.000000 0.962193
2.400000 2 2 0.001511 0.000000 0.916607 0.001536 0.000000 0.944305
2.600000 2 3 0.001508 0.000000 0.931753 0.001752 0.000000 0.915574
2.800000 2 4 0.001478 0.000000 0.931199 0.001488 0.000000 0.977572
3.000000 3 0 0.001482 0.000000 0.876277 0.002037 0.000000 0.889781
3.200000 3 1 0.001461 0.000000 0.926710 0.002436 0.000000 0.954082
3.400000 3 2 0.001448 0.000000 0.921315 0.001613 0.000000 0.928170
3.600000 3 3 0.001451 0.000000 0.900923 0.001451 0.000000 0.955910
3.800000 3 4 0.001467 0.000000 0.870853 0.001727 0.000000 0.925512
4.000000 4 0 0.001442 0.000000 0.943313 0.000870 0.000000 0.110035
4.200000 4 1 0.001430 0.000000 0.922674 0.002336 0.000000 0.922674
4.400000 4 2 0.001400 0.000000 0.935158 0.001773 0.000000 0.950386
4.600000 4 3 0.001388 0.000000 0.915055 0.001714 0.000000 0.914921
4.800000 4 4 0.001375 0.000000 0.911559 0.002337 0.000000 0.940666
5.000000 5 0 0.001365 0.000000 0.894065 0.001292 0.000000 0.926902
5.200000 5 1 0.001355 0.000000 0.920902 0.001161 0.000000 0.978606
5.400000 5 2 0.001351 0.000000 0.887255 0.001395 0.000000 0.918404
5.600000 5 3 0.001339 0.000000 0.902383 0.001026 0.000000 0.854589
5.800000 5 4 0.001343 0.000000 0.894127 0.000689 0.000000 0.066403
6.000000 6 0 0.001334 0.000000 0.916314 0.001304 0.000000 0.953789
6.200000 6 1 0.001335 0.000000 0.916231 0.001928 0.000000 0.968537
6.400000 6 2 0.001316 0.000000 0.858200 0.001345 0.000000 0.900100
6.600000 6 3 0.001308 0.000000 0.893330 0.000965 0.000000 0.915303
6.800000 6 4 0.001307 0.000000 0.907989 0.000969 0.000000 0.875033
7.000000 7 0 0.001309 0.000000 0.902416 0.001326 0.000000 0.960823
7.200000 7 1 0.001290 0.000000 0.892802 0.000947 0.000000 0.903274
7.400000 7 2 0.001282 0.000000 0.912918 0.001372 0.000000 0.953924
7.600000 7 3 0.001287 0.000000 0.911500 0.000951 0.000000 0.908198
7.800000 7 4 0.001272 0.000000 0.912918 0.001233 0.000000 0.970746
8.000000 8 0 0.001258 0.000000 0.923562 0.001331 0.000000 0.908455
8.200000 8 1 0.001261 0.000000 0.896203 0.001261 0.000000 0.935705
8.400000 8 2 0.001255 0.000000 0.919300 0.001251 0.000000 0.892138
8.600000 8 3 0.001257 0.000000 0.916631 0.000918 0.000000 0.923254
8.800000 8 4 0.001286 0.000000 0.902134 0.001012 0.000000 0.910158
9.000000 9 0 0.001248 0.000000 0.901048 0.001589 0.000000 0.912700
9.200000 9 1 0.001252 0.000000 0.898663 0.000970 0.000000 0.938362
9.400000 9 2 0.001247 0.000000 0.892805 0.001573 0.000000 0.921050
9.600000 9 3 0.001237 0.000000 0.900127 0.001247 0.000000 0.966094
9.800000 9 4 0.001245 0.000000 0.903830 0.000895 0.000000 0.936174
